This file contains any messages produced by compilers while
running configure, to aid debugging if configure makes a mistake.

It was created by xpdfopen (TeX Live) configure 0.86, which was
generated by GNU Autoconf 2.69.  Invocation command line was

  $ ./configure --disable-option-checking --prefix=/usr/local --enable-build-in-source-tree --enable-native-texlive-build --enable-largefile --disable-silent-rules --enable-multiplatform=yes --enable-cxx-runtime-hack=yes --enable-libtool-hack=yes --disable-shared --enable-texlive-build --bindir=${exec_prefix}/bin/x86_64-pc-linux-gnu --libdir=${exec_prefix}/lib/x86_64-pc-linux-gnu --with-x --enable-autosp=yes --enable-devnag=yes --enable-lacheck=yes --enable-m-tx=yes --enable-pmx=yes --enable-ps2eps=yes --enable-t1utils=yes --enable-texdoctk=yes --enable-tpic2pdftex=yes --enable-vlna=yes --enable-xindy=no --with-clisp-runtime=default --enable-xpdfopen=yes --enable-web2c=yes --enable-afm2pl=yes --enable-bibtex-x=yes --enable-chktex=yes --enable-cjkutils=yes --enable-detex=yes --enable-dtl=yes --enable-dvi2tty=yes --enable-dvidvi=yes --enable-dviljk=yes --enable-dvipdfm-x=yes --enable-dvipng=yes --enable-dvipos=yes --enable-dvipsk=yes --enable-dvisvgm=yes --enable-gregorio=yes --enable-gsftopk=yes --enable-lcdf-typetools=yes --enable-makeindexk=yes --enable-makejvf=yes --enable-mendexk=yes --enable-musixtnt=yes --enable-ps2pk=yes --enable-psutils=yes --enable-seetexk=yes --enable-tex4htk=yes --enable-ttf2pk2=yes --enable-ttfdump=yes --enable-upmendex=yes --enable-xdvik=yes --enable-texlive=yes --with-system-harfbuzz=no --with-system-icu=no --with-system-teckit=no --with-system-graphite2=no --with-system-zziplib=no --with-system-xpdf=no --with-system-poppler=no --with-system-mpfr=no --with-system-gmp=no --with-system-cairo=no --with-system-pixman=no --with-system-potrace=no --with-system-gd=no --with-system-freetype2=no --with-system-libpng=no --with-system-libpaper=no --with-system-zlib=no --with-system-ptexenc=no --with-system-kpathsea=no --datarootdir=${prefix} --mandir=${prefix}/texmf-dist/doc/man --infodir=${prefix}/texmf-dist/doc/info --cache-file=/dev/null --srcdir=.

## --------- ##
## Platform. ##
## --------- ##

hostname = maqiyuan-E430c
uname -m = x86_64
uname -r = 4.4.0-34-generic
uname -s = Linux
uname -v = #53-Ubuntu SMP Wed Jul 27 16:06:39 UTC 2016

/usr/bin/uname -p = unknown
/bin/uname -X     = unknown

/bin/arch              = unknown
/usr/bin/arch -k       = unknown
/usr/convex/getsysinfo = unknown
/usr/bin/hostinfo      = unknown
/bin/machine           = unknown
/usr/bin/oslevel       = unknown
/bin/universe          = unknown

PATH: /usr/local/sbin
PATH: /usr/local/bin
PATH: /usr/sbin
PATH: /usr/bin
PATH: /sbin
PATH: /bin
PATH: /usr/games
PATH: /usr/local/games
PATH: /snap/bin
PATH: /home/maqiyuan/bin/FDK/Tools/linux


## ----------- ##
## Core tests. ##
## ----------- ##

configure:2020: checking for a BSD-compatible install
configure:2088: result: /usr/bin/install -c
configure:2099: checking whether build environment is sane
configure:2154: result: yes
configure:2305: checking for a thread-safe mkdir -p
configure:2344: result: /bin/mkdir -p
configure:2351: checking for gawk
configure:2367: found /usr/bin/gawk
configure:2378: result: gawk
configure:2389: checking whether make sets $(MAKE)
configure:2411: result: yes
configure:2440: checking whether make supports nested variables
configure:2457: result: yes
configure:2480: checking for style of include used by make
configure:2508: result: GNU
configure:2579: checking for gcc
configure:2595: found /usr/bin/gcc
configure:2606: result: gcc
configure:2835: checking for C compiler version
configure:2844: gcc --version >&5
gcc (Ubuntu 5.4.0-6ubuntu1~16.04.1) 5.4.0 20160609
Copyright (C) 2015 Free Software Foundation, Inc.
This is free software; see the source for copying conditions.  There is NO
warranty; not even for MERCHANTABILITY or FITNESS FOR A PARTICULAR PURPOSE.

configure:2855: $? = 0
configure:2844: gcc -v >&5
Using built-in specs.
COLLECT_GCC=gcc
COLLECT_LTO_WRAPPER=/usr/lib/gcc/x86_64-linux-gnu/5/lto-wrapper
Target: x86_64-linux-gnu
Configured with: ../src/configure -v --with-pkgversion='Ubuntu 5.4.0-6ubuntu1~16.04.1' --with-bugurl=file:///usr/share/doc/gcc-5/README.Bugs --enable-languages=c,ada,c++,java,go,d,fortran,objc,obj-c++ --prefix=/usr --program-suffix=-5 --enable-shared --enable-linker-build-id --libexecdir=/usr/lib --without-included-gettext --enable-threads=posix --libdir=/usr/lib --enable-nls --with-sysroot=/ --enable-clocale=gnu --enable-libstdcxx-debug --enable-libstdcxx-time=yes --with-default-libstdcxx-abi=new --enable-gnu-unique-object --disable-vtable-verify --enable-libmpx --enable-plugin --with-system-zlib --disable-browser-plugin --enable-java-awt=gtk --enable-gtk-cairo --with-java-home=/usr/lib/jvm/java-1.5.0-gcj-5-amd64/jre --enable-java-home --with-jvm-root-dir=/usr/lib/jvm/java-1.5.0-gcj-5-amd64 --with-jvm-jar-dir=/usr/lib/jvm-exports/java-1.5.0-gcj-5-amd64 --with-arch-directory=amd64 --with-ecj-jar=/usr/share/java/eclipse-ecj.jar --enable-objc-gc --enable-multiarch --disable-werror --with-arch-32=i686 --with-abi=m64 --with-multilib-list=m32,m64,mx32 --enable-multilib --with-tune=generic --enable-checking=release --build=x86_64-linux-gnu --host=x86_64-linux-gnu --target=x86_64-linux-gnu
Thread model: posix
gcc version 5.4.0 20160609 (Ubuntu 5.4.0-6ubuntu1~16.04.1) 
configure:2855: $? = 0
configure:2844: gcc -V >&5
gcc: error: unrecognized command line option '-V'
gcc: fatal error: no input files
compilation terminated.
configure:2855: $? = 1
configure:2844: gcc -qversion >&5
gcc: error: unrecognized command line option '-qversion'
gcc: fatal error: no input files
compilation terminated.
configure:2855: $? = 1
configure:2875: checking whether the C compiler works
configure:2897: gcc    conftest.c  >&5
configure:2901: $? = 0
configure:2949: result: yes
configure:2952: checking for C compiler default output file name
configure:2954: result: a.out
configure:2960: checking for suffix of executables
configure:2967: gcc -o conftest    conftest.c  >&5
configure:2971: $? = 0
configure:2993: result: 
configure:3015: checking whether we are cross compiling
configure:3023: gcc -o conftest    conftest.c  >&5
configure:3027: $? = 0
configure:3034: ./conftest
configure:3038: $? = 0
configure:3053: result: no
configure:3058: checking for suffix of object files
configure:3080: gcc -c   conftest.c >&5
configure:3084: $? = 0
configure:3105: result: o
configure:3109: checking whether we are using the GNU C compiler
configure:3128: gcc -c   conftest.c >&5
configure:3128: $? = 0
configure:3137: result: yes
configure:3146: checking whether gcc accepts -g
configure:3166: gcc -c -g  conftest.c >&5
configure:3166: $? = 0
configure:3207: result: yes
configure:3224: checking for gcc option to accept ISO C89
configure:3287: gcc  -c -g -O2  conftest.c >&5
configure:3287: $? = 0
configure:3300: result: none needed
configure:3325: checking whether gcc understands -c and -o together
configure:3347: gcc -c conftest.c -o conftest2.o
configure:3350: $? = 0
configure:3347: gcc -c conftest.c -o conftest2.o
configure:3350: $? = 0
configure:3362: result: yes
configure:3381: checking dependency style of gcc
configure:3492: result: gcc3
configure:3640: checking whether to enable maintainer-specific portions of Makefiles
configure:3649: result: no
configure:3662: checking whether the compiler accepts prototypes
configure:3678: gcc -o conftest -g -O2   conftest.c  >&5
configure:3678: $? = 0
configure:3686: result: yes
configure:3691: checking what warning flags to pass to the C compiler
configure:3736: result: -Wimplicit -Wreturn-type -Wdeclaration-after-statement -Wno-unknown-pragmas
configure:3795: checking for gcc
configure:3822: result: gcc
configure:4051: checking for C compiler version
configure:4060: gcc --version >&5
gcc (Ubuntu 5.4.0-6ubuntu1~16.04.1) 5.4.0 20160609
Copyright (C) 2015 Free Software Foundation, Inc.
This is free software; see the source for copying conditions.  There is NO
warranty; not even for MERCHANTABILITY or FITNESS FOR A PARTICULAR PURPOSE.

configure:4071: $? = 0
configure:4060: gcc -v >&5
Using built-in specs.
COLLECT_GCC=gcc
COLLECT_LTO_WRAPPER=/usr/lib/gcc/x86_64-linux-gnu/5/lto-wrapper
Target: x86_64-linux-gnu
Configured with: ../src/configure -v --with-pkgversion='Ubuntu 5.4.0-6ubuntu1~16.04.1' --with-bugurl=file:///usr/share/doc/gcc-5/README.Bugs --enable-languages=c,ada,c++,java,go,d,fortran,objc,obj-c++ --prefix=/usr --program-suffix=-5 --enable-shared --enable-linker-build-id --libexecdir=/usr/lib --without-included-gettext --enable-threads=posix --libdir=/usr/lib --enable-nls --with-sysroot=/ --enable-clocale=gnu --enable-libstdcxx-debug --enable-libstdcxx-time=yes --with-default-libstdcxx-abi=new --enable-gnu-unique-object --disable-vtable-verify --enable-libmpx --enable-plugin --with-system-zlib --disable-browser-plugin --enable-java-awt=gtk --enable-gtk-cairo --with-java-home=/usr/lib/jvm/java-1.5.0-gcj-5-amd64/jre --enable-java-home --with-jvm-root-dir=/usr/lib/jvm/java-1.5.0-gcj-5-amd64 --with-jvm-jar-dir=/usr/lib/jvm-exports/java-1.5.0-gcj-5-amd64 --with-arch-directory=amd64 --with-ecj-jar=/usr/share/java/eclipse-ecj.jar --enable-objc-gc --enable-multiarch --disable-werror --with-arch-32=i686 --with-abi=m64 --with-multilib-list=m32,m64,mx32 --enable-multilib --with-tune=generic --enable-checking=release --build=x86_64-linux-gnu --host=x86_64-linux-gnu --target=x86_64-linux-gnu
Thread model: posix
gcc version 5.4.0 20160609 (Ubuntu 5.4.0-6ubuntu1~16.04.1) 
configure:4071: $? = 0
configure:4060: gcc -V >&5
gcc: error: unrecognized command line option '-V'
gcc: fatal error: no input files
compilation terminated.
configure:4071: $? = 1
configure:4060: gcc -qversion >&5
gcc: error: unrecognized command line option '-qversion'
gcc: fatal error: no input files
compilation terminated.
configure:4071: $? = 1
configure:4075: checking whether we are using the GNU C compiler
configure:4103: result: yes
configure:4112: checking whether gcc accepts -g
configure:4173: result: yes
configure:4190: checking for gcc option to accept ISO C89
configure:4266: result: none needed
configure:4291: checking whether gcc understands -c and -o together
configure:4328: result: yes
configure:4347: checking dependency style of gcc
configure:4458: result: gcc3
configure:4479: checking how to run the C preprocessor
configure:4510: gcc -E  conftest.c
configure:4510: $? = 0
configure:4524: gcc -E  conftest.c
conftest.c:11:28: fatal error: ac_nonexistent.h: No such file or directory
compilation terminated.
configure:4524: $? = 1
configure: failed program was:
| /* confdefs.h */
| #define PACKAGE_NAME "xpdfopen (TeX Live)"
| #define PACKAGE_TARNAME "xpdfopen--tex-live-"
| #define PACKAGE_VERSION "0.86"
| #define PACKAGE_STRING "xpdfopen (TeX Live) 0.86"
| #define PACKAGE_BUGREPORT "tex-k@tug.org"
| #define PACKAGE_URL ""
| #define PACKAGE "xpdfopen--tex-live-"
| #define VERSION "0.86"
| /* end confdefs.h.  */
| #include <ac_nonexistent.h>
configure:4549: result: gcc -E
configure:4569: gcc -E  conftest.c
configure:4569: $? = 0
configure:4583: gcc -E  conftest.c
conftest.c:11:28: fatal error: ac_nonexistent.h: No such file or directory
compilation terminated.
configure:4583: $? = 1
configure: failed program was:
| /* confdefs.h */
| #define PACKAGE_NAME "xpdfopen (TeX Live)"
| #define PACKAGE_TARNAME "xpdfopen--tex-live-"
| #define PACKAGE_VERSION "0.86"
| #define PACKAGE_STRING "xpdfopen (TeX Live) 0.86"
| #define PACKAGE_BUGREPORT "tex-k@tug.org"
| #define PACKAGE_URL ""
| #define PACKAGE "xpdfopen--tex-live-"
| #define VERSION "0.86"
| /* end confdefs.h.  */
| #include <ac_nonexistent.h>
configure:4612: checking for X
configure:4720: gcc -E  conftest.c
configure:4720: $? = 0
configure:4751: gcc -o conftest -g -O2   conftest.c -lX11  >&5
configure:4751: $? = 0
configure:4801: result: libraries , headers 
configure:4900: gcc -o conftest -g -O2   conftest.c   -lX11 >&5
configure:4900: $? = 0
configure:4998: checking for gethostbyname
configure:4998: gcc -o conftest -g -O2   conftest.c  >&5
configure:4998: $? = 0
configure:4998: result: yes
configure:5095: checking for connect
configure:5095: gcc -o conftest -g -O2   conftest.c  >&5
configure:5095: $? = 0
configure:5095: result: yes
configure:5144: checking for remove
configure:5144: gcc -o conftest -g -O2   conftest.c  >&5
configure:5144: $? = 0
configure:5144: result: yes
configure:5193: checking for shmat
configure:5193: gcc -o conftest -g -O2   conftest.c  >&5
configure:5193: $? = 0
configure:5193: result: yes
configure:5251: checking for IceConnectionNumber in -lICE
configure:5276: gcc -o conftest -g -O2   conftest.c -lICE   >&5
configure:5276: $? = 0
configure:5285: result: yes
configure:5447: checking that generated files are newer than configure
configure:5453: result: done
configure:5484: creating ./config.status

## ---------------------- ##
## Running config.status. ##
## ---------------------- ##

This file was extended by xpdfopen (TeX Live) config.status 0.86, which was
generated by GNU Autoconf 2.69.  Invocation command line was

  CONFIG_FILES    = 
  CONFIG_HEADERS  = 
  CONFIG_LINKS    = 
  CONFIG_COMMANDS = 
  $ ./config.status 

on maqiyuan-E430c

config.status:783: creating Makefile
config.status:955: executing depfiles commands

## ---------------- ##
## Cache variables. ##
## ---------------- ##

ac_cv_c_compiler_gnu=yes
ac_cv_env_CC_set=
ac_cv_env_CC_value=
ac_cv_env_CFLAGS_set=
ac_cv_env_CFLAGS_value=
ac_cv_env_CPPFLAGS_set=
ac_cv_env_CPPFLAGS_value=
ac_cv_env_CPP_set=
ac_cv_env_CPP_value=
ac_cv_env_LDFLAGS_set=
ac_cv_env_LDFLAGS_value=
ac_cv_env_LIBS_set=
ac_cv_env_LIBS_value=
ac_cv_env_XMKMF_set=
ac_cv_env_XMKMF_value=
ac_cv_env_build_alias_set=
ac_cv_env_build_alias_value=
ac_cv_env_host_alias_set=
ac_cv_env_host_alias_value=
ac_cv_env_target_alias_set=
ac_cv_env_target_alias_value=
ac_cv_func_connect=yes
ac_cv_func_gethostbyname=yes
ac_cv_func_remove=yes
ac_cv_func_shmat=yes
ac_cv_have_x='have_x=yes	ac_x_includes='\'''\''	ac_x_libraries='\'''\'''
ac_cv_lib_ICE_IceConnectionNumber=yes
ac_cv_objext=o
ac_cv_path_install='/usr/bin/install -c'
ac_cv_path_mkdir=/bin/mkdir
ac_cv_prog_AWK=gawk
ac_cv_prog_CPP='gcc -E'
ac_cv_prog_ac_ct_CC=gcc
ac_cv_prog_cc_c89=
ac_cv_prog_cc_g=yes
ac_cv_prog_make_make_set=yes
am_cv_CC_dependencies_compiler_type=gcc3
am_cv_make_support_nested_variables=yes
am_cv_prog_cc_c_o=yes
kb_cv_c_prototypes=yes
kpse_cv_warning_cflags='-Wimplicit -Wreturn-type -Wdeclaration-after-statement -Wno-unknown-pragmas'

## ----------------- ##
## Output variables. ##
## ----------------- ##

ACLOCAL='${SHELL} /home/maqiyuan/Desktop/texlive-upstream/build-aux/missing aclocal-1.15'
AMDEPBACKSLASH='\'
AMDEP_FALSE='#'
AMDEP_TRUE=''
AMTAR='$${TAR-tar}'
AM_BACKSLASH='\'
AM_DEFAULT_V='$(AM_DEFAULT_VERBOSITY)'
AM_DEFAULT_VERBOSITY='1'
AM_V='$(V)'
AUTOCONF='${SHELL} /home/maqiyuan/Desktop/texlive-upstream/build-aux/missing autoconf'
AUTOHEADER='${SHELL} /home/maqiyuan/Desktop/texlive-upstream/build-aux/missing autoheader'
AUTOMAKE='${SHELL} /home/maqiyuan/Desktop/texlive-upstream/build-aux/missing automake-1.15'
AWK='gawk'
CC='gcc'
CCDEPMODE='depmode=gcc3'
CFLAGS='-g -O2'
CPP='gcc -E'
CPPFLAGS=''
CYGPATH_W='echo'
DEFS='-DPACKAGE_NAME=\"xpdfopen\ \(TeX\ Live\)\" -DPACKAGE_TARNAME=\"xpdfopen--tex-live-\" -DPACKAGE_VERSION=\"0.86\" -DPACKAGE_STRING=\"xpdfopen\ \(TeX\ Live\)\ 0.86\" -DPACKAGE_BUGREPORT=\"tex-k@tug.org\" -DPACKAGE_URL=\"\" -DPACKAGE=\"xpdfopen--tex-live-\" -DVERSION=\"0.86\"'
DEPDIR='.deps'
ECHO_C=''
ECHO_N='-n'
ECHO_T=''
EXEEXT=''
INSTALL_DATA='${INSTALL} -m 644'
INSTALL_PROGRAM='${INSTALL}'
INSTALL_SCRIPT='${INSTALL}'
INSTALL_STRIP_PROGRAM='$(install_sh) -c -s'
LDFLAGS=''
LIBOBJS=''
LIBS=''
LTLIBOBJS=''
MAINT='#'
MAINTAINER_MODE_FALSE=''
MAINTAINER_MODE_TRUE='#'
MAKEINFO='${SHELL} /home/maqiyuan/Desktop/texlive-upstream/build-aux/missing makeinfo'
MKDIR_P='/bin/mkdir -p'
OBJEXT='o'
PACKAGE='xpdfopen--tex-live-'
PACKAGE_BUGREPORT='tex-k@tug.org'
PACKAGE_NAME='xpdfopen (TeX Live)'
PACKAGE_STRING='xpdfopen (TeX Live) 0.86'
PACKAGE_TARNAME='xpdfopen--tex-live-'
PACKAGE_URL=''
PACKAGE_VERSION='0.86'
PATH_SEPARATOR=':'
SET_MAKE=''
SHELL='/bin/bash'
STRIP=''
VERSION='0.86'
WARNING_CFLAGS='-Wimplicit -Wreturn-type -Wdeclaration-after-statement -Wno-unknown-pragmas'
XMKMF=''
XPDFOPEN_TREE='xpdfopen-src'
X_CFLAGS=''
X_EXTRA_LIBS=''
X_LIBS=''
X_PRE_LIBS=' -lSM -lICE'
ac_ct_CC='gcc'
am__EXEEXT_FALSE=''
am__EXEEXT_TRUE='#'
am__fastdepCC_FALSE='#'
am__fastdepCC_TRUE=''
am__include='include'
am__isrc=''
am__leading_dot='.'
am__nodep='_no'
am__quote=''
am__tar='$${TAR-tar} chof - "$$tardir"'
am__untar='$${TAR-tar} xf -'
bindir='${exec_prefix}/bin/x86_64-pc-linux-gnu'
build_alias=''
datadir='${datarootdir}'
datarootdir='${prefix}'
docdir='${datarootdir}/doc/${PACKAGE_TARNAME}'
dvidir='${docdir}'
exec_prefix='${prefix}'
host_alias=''
htmldir='${docdir}'
includedir='${prefix}/include'
infodir='${prefix}/texmf-dist/doc/info'
install_sh='${SHELL} /home/maqiyuan/Desktop/texlive-upstream/build-aux/install-sh'
libdir='${exec_prefix}/lib/x86_64-pc-linux-gnu'
libexecdir='${exec_prefix}/libexec'
localedir='${datarootdir}/locale'
localstatedir='${prefix}/var'
mandir='${prefix}/texmf-dist/doc/man'
mkdir_p='$(MKDIR_P)'
oldincludedir='/usr/include'
pdfdir='${docdir}'
prefix='/usr/local'
program_transform_name='s,x,x,'
psdir='${docdir}'
sbindir='${exec_prefix}/sbin'
sharedstatedir='${prefix}/com'
sysconfdir='${prefix}/etc'
target_alias=''

## ----------- ##
## confdefs.h. ##
## ----------- ##

/* confdefs.h */
#define PACKAGE_NAME "xpdfopen (TeX Live)"
#define PACKAGE_TARNAME "xpdfopen--tex-live-"
#define PACKAGE_VERSION "0.86"
#define PACKAGE_STRING "xpdfopen (TeX Live) 0.86"
#define PACKAGE_BUGREPORT "tex-k@tug.org"
#define PACKAGE_URL ""
#define PACKAGE "xpdfopen--tex-live-"
#define VERSION "0.86"

configure: exit 0
