This file contains any messages produced by compilers while
running configure, to aid debugging if configure makes a mistake.

It was created by LCDF typetools (TeX Live) configure 2.105, which was
generated by GNU Autoconf 2.69.  Invocation command line was

  $ ./configure --disable-option-checking --prefix=/usr/local --enable-build-in-source-tree --enable-native-texlive-build --enable-largefile --disable-silent-rules --enable-multiplatform=yes --enable-cxx-runtime-hack=yes --enable-libtool-hack=yes --disable-shared --enable-texlive-build --bindir=${exec_prefix}/bin/x86_64-pc-linux-gnu --libdir=${exec_prefix}/lib/x86_64-pc-linux-gnu --with-x --enable-devnag=yes --enable-lacheck=yes --enable-m-tx=yes --enable-pmx=yes --enable-ps2eps=yes --enable-t1utils=yes --enable-texdoctk=yes --enable-tpic2pdftex=yes --enable-vlna=yes --enable-xindy=no --with-clisp-runtime=default --enable-xpdfopen=yes --enable-web2c=yes --enable-afm2pl=yes --enable-bibtex-x=yes --enable-chktex=yes --enable-cjkutils=yes --enable-detex=yes --enable-dtl=yes --enable-dvi2tty=yes --enable-dvidvi=yes --enable-dviljk=yes --enable-dvipdfm-x=yes --enable-dvipng=yes --enable-dvipos=yes --enable-dvipsk=yes --enable-dvisvgm=yes --enable-gregorio=yes --enable-gsftopk=yes --enable-lcdf-typetools=yes --enable-makeindexk=yes --enable-makejvf=yes --enable-mendexk=yes --enable-musixtnt=yes --enable-ps2pk=yes --enable-psutils=yes --enable-seetexk=yes --enable-tex4htk=yes --enable-ttf2pk2=yes --enable-ttfdump=yes --enable-xdvik=yes --enable-texlive=yes --with-system-harfbuzz=no --with-system-icu=no --with-system-teckit=no --with-system-graphite2=no --with-system-zziplib=no --with-system-xpdf=no --with-system-poppler=no --with-system-mpfr=no --with-system-gmp=no --with-system-cairo=no --with-system-pixman=no --with-system-potrace=no --with-system-gd=no --with-system-freetype2=no --with-system-libpng=no --with-system-libpaper=no --with-system-zlib=no --with-system-ptexenc=no --with-system-kpathsea=no --datarootdir=${prefix} --mandir=${prefix}/texmf-dist/doc/man --infodir=${prefix}/texmf-dist/doc/info --cache-file=/dev/null --srcdir=.

## --------- ##
## Platform. ##
## --------- ##

hostname = maqiyuan-E430c
uname -m = x86_64
uname -r = 4.4.0-31-generic
uname -s = Linux
uname -v = #50-Ubuntu SMP Wed Jul 13 00:07:12 UTC 2016

/usr/bin/uname -p = unknown
/bin/uname -X     = unknown

/bin/arch              = unknown
/usr/bin/arch -k       = unknown
/usr/convex/getsysinfo = unknown
/usr/bin/hostinfo      = unknown
/bin/machine           = unknown
/usr/bin/oslevel       = unknown
/bin/universe          = unknown

PATH: /usr/local/sbin
PATH: /usr/local/bin
PATH: /usr/sbin
PATH: /usr/bin
PATH: /sbin
PATH: /bin
PATH: /usr/games
PATH: /usr/local/games
PATH: /snap/bin
PATH: /home/maqiyuan/bin/FDK/Tools/linux


## ----------- ##
## Core tests. ##
## ----------- ##

configure:3189: checking for a BSD-compatible install
configure:3257: result: /usr/bin/install -c
configure:3268: checking whether build environment is sane
configure:3323: result: yes
configure:3474: checking for a thread-safe mkdir -p
configure:3513: result: /bin/mkdir -p
configure:3520: checking for gawk
configure:3536: found /usr/bin/gawk
configure:3547: result: gawk
configure:3558: checking whether make sets $(MAKE)
configure:3580: result: yes
configure:3609: checking whether make supports nested variables
configure:3626: result: yes
configure:3649: checking for style of include used by make
configure:3677: result: GNU
configure:3748: checking for gcc
configure:3764: found /usr/bin/gcc
configure:3775: result: gcc
configure:4004: checking for C compiler version
configure:4013: gcc --version >&5
gcc (Ubuntu 5.4.0-6ubuntu1~16.04.1) 5.4.0 20160609
Copyright (C) 2015 Free Software Foundation, Inc.
This is free software; see the source for copying conditions.  There is NO
warranty; not even for MERCHANTABILITY or FITNESS FOR A PARTICULAR PURPOSE.

configure:4024: $? = 0
configure:4013: gcc -v >&5
Using built-in specs.
COLLECT_GCC=gcc
COLLECT_LTO_WRAPPER=/usr/lib/gcc/x86_64-linux-gnu/5/lto-wrapper
Target: x86_64-linux-gnu
Configured with: ../src/configure -v --with-pkgversion='Ubuntu 5.4.0-6ubuntu1~16.04.1' --with-bugurl=file:///usr/share/doc/gcc-5/README.Bugs --enable-languages=c,ada,c++,java,go,d,fortran,objc,obj-c++ --prefix=/usr --program-suffix=-5 --enable-shared --enable-linker-build-id --libexecdir=/usr/lib --without-included-gettext --enable-threads=posix --libdir=/usr/lib --enable-nls --with-sysroot=/ --enable-clocale=gnu --enable-libstdcxx-debug --enable-libstdcxx-time=yes --with-default-libstdcxx-abi=new --enable-gnu-unique-object --disable-vtable-verify --enable-libmpx --enable-plugin --with-system-zlib --disable-browser-plugin --enable-java-awt=gtk --enable-gtk-cairo --with-java-home=/usr/lib/jvm/java-1.5.0-gcj-5-amd64/jre --enable-java-home --with-jvm-root-dir=/usr/lib/jvm/java-1.5.0-gcj-5-amd64 --with-jvm-jar-dir=/usr/lib/jvm-exports/java-1.5.0-gcj-5-amd64 --with-arch-directory=amd64 --with-ecj-jar=/usr/share/java/eclipse-ecj.jar --enable-objc-gc --enable-multiarch --disable-werror --with-arch-32=i686 --with-abi=m64 --with-multilib-list=m32,m64,mx32 --enable-multilib --with-tune=generic --enable-checking=release --build=x86_64-linux-gnu --host=x86_64-linux-gnu --target=x86_64-linux-gnu
Thread model: posix
gcc version 5.4.0 20160609 (Ubuntu 5.4.0-6ubuntu1~16.04.1) 
configure:4024: $? = 0
configure:4013: gcc -V >&5
gcc: error: unrecognized command line option '-V'
gcc: fatal error: no input files
compilation terminated.
configure:4024: $? = 1
configure:4013: gcc -qversion >&5
gcc: error: unrecognized command line option '-qversion'
gcc: fatal error: no input files
compilation terminated.
configure:4024: $? = 1
configure:4044: checking whether the C compiler works
configure:4066: gcc    conftest.c  >&5
configure:4070: $? = 0
configure:4118: result: yes
configure:4121: checking for C compiler default output file name
configure:4123: result: a.out
configure:4129: checking for suffix of executables
configure:4136: gcc -o conftest    conftest.c  >&5
configure:4140: $? = 0
configure:4162: result: 
configure:4184: checking whether we are cross compiling
configure:4192: gcc -o conftest    conftest.c  >&5
configure:4196: $? = 0
configure:4203: ./conftest
configure:4207: $? = 0
configure:4222: result: no
configure:4227: checking for suffix of object files
configure:4249: gcc -c   conftest.c >&5
configure:4253: $? = 0
configure:4274: result: o
configure:4278: checking whether we are using the GNU C compiler
configure:4297: gcc -c   conftest.c >&5
configure:4297: $? = 0
configure:4306: result: yes
configure:4315: checking whether gcc accepts -g
configure:4335: gcc -c -g  conftest.c >&5
configure:4335: $? = 0
configure:4376: result: yes
configure:4393: checking for gcc option to accept ISO C89
configure:4456: gcc  -c -g -O2  conftest.c >&5
configure:4456: $? = 0
configure:4469: result: none needed
configure:4494: checking whether gcc understands -c and -o together
configure:4516: gcc -c conftest.c -o conftest2.o
configure:4519: $? = 0
configure:4516: gcc -c conftest.c -o conftest2.o
configure:4519: $? = 0
configure:4531: result: yes
configure:4550: checking dependency style of gcc
configure:4661: result: gcc3
configure:4721: checking build system type
configure:4735: result: x86_64-pc-linux-gnu
configure:4755: checking host system type
configure:4768: result: x86_64-pc-linux-gnu
configure:4809: checking how to print strings
configure:4836: result: printf
configure:4857: checking for a sed that does not truncate output
configure:4921: result: /bin/sed
configure:4939: checking for grep that handles long lines and -e
configure:4997: result: /bin/grep
configure:5002: checking for egrep
configure:5064: result: /bin/grep -E
configure:5069: checking for fgrep
configure:5131: result: /bin/grep -F
configure:5166: checking for ld used by gcc
configure:5233: result: /usr/bin/ld
configure:5240: checking if the linker (/usr/bin/ld) is GNU ld
configure:5255: result: yes
configure:5267: checking for BSD- or MS-compatible name lister (nm)
configure:5321: result: /usr/bin/nm -B
configure:5451: checking the name lister (/usr/bin/nm -B) interface
configure:5458: gcc -c -g -O2  conftest.c >&5
configure:5461: /usr/bin/nm -B "conftest.o"
configure:5464: output
0000000000000000 B some_variable
configure:5471: result: BSD nm
configure:5474: checking whether ln -s works
configure:5478: result: yes
configure:5486: checking the maximum length of command line arguments
configure:5617: result: 1572864
configure:5665: checking how to convert x86_64-pc-linux-gnu file names to x86_64-pc-linux-gnu format
configure:5705: result: func_convert_file_noop
configure:5712: checking how to convert x86_64-pc-linux-gnu file names to toolchain format
configure:5732: result: func_convert_file_noop
configure:5739: checking for /usr/bin/ld option to reload object files
configure:5746: result: -r
configure:5820: checking for objdump
configure:5836: found /usr/bin/objdump
configure:5847: result: objdump
configure:5876: checking how to recognize dependent libraries
configure:6076: result: pass_all
configure:6161: checking for dlltool
configure:6191: result: no
configure:6218: checking how to associate runtime and link libraries
configure:6245: result: printf %s\n
configure:6305: checking for ar
configure:6321: found /usr/bin/ar
configure:6332: result: ar
configure:6369: checking for archiver @FILE support
configure:6386: gcc -c -g -O2  conftest.c >&5
configure:6386: $? = 0
configure:6389: ar cru libconftest.a @conftest.lst >&5
ar: `u' modifier ignored since `D' is the default (see `U')
configure:6392: $? = 0
configure:6397: ar cru libconftest.a @conftest.lst >&5
ar: `u' modifier ignored since `D' is the default (see `U')
ar: conftest.o: No such file or directory
configure:6400: $? = 1
configure:6412: result: @
configure:6470: checking for strip
configure:6486: found /usr/bin/strip
configure:6497: result: strip
configure:6569: checking for ranlib
configure:6585: found /usr/bin/ranlib
configure:6596: result: ranlib
configure:6698: checking command to parse /usr/bin/nm -B output from gcc object
configure:6851: gcc -c -g -O2  conftest.c >&5
configure:6854: $? = 0
configure:6858: /usr/bin/nm -B conftest.o \| sed -n -e 's/^.*[ ]\([ABCDGIRSTW][ABCDGIRSTW]*\)[ ][ ]*\([_A-Za-z][_A-Za-z0-9]*\)$/\1 \2 \2/p' | sed '/ __gnu_lto/d' \> conftest.nm
configure:6861: $? = 0
configure:6927: gcc -o conftest -g -O2   conftest.c conftstm.o >&5
configure:6930: $? = 0
configure:6968: result: ok
configure:7015: checking for sysroot
configure:7045: result: no
configure:7052: checking for a working dd
configure:7090: result: /bin/dd
configure:7094: checking how to truncate binary pipes
configure:7109: result: /bin/dd bs=4096 count=1
configure:7245: gcc -c -g -O2  conftest.c >&5
configure:7248: $? = 0
configure:7438: checking for mt
configure:7454: found /bin/mt
configure:7465: result: mt
configure:7488: checking if mt is a manifest tool
configure:7494: mt '-?'
configure:7502: result: no
configure:8179: checking how to run the C preprocessor
configure:8210: gcc -E  conftest.c
configure:8210: $? = 0
configure:8224: gcc -E  conftest.c
conftest.c:9:28: fatal error: ac_nonexistent.h: No such file or directory
compilation terminated.
configure:8224: $? = 1
configure: failed program was:
| /* confdefs.h */
| #define PACKAGE_NAME "LCDF typetools (TeX Live)"
| #define PACKAGE_TARNAME "lcdf-typetools--tex-live-"
| #define PACKAGE_VERSION "2.105"
| #define PACKAGE_STRING "LCDF typetools (TeX Live) 2.105"
| #define PACKAGE_BUGREPORT "tex-k@tug.org"
| #define PACKAGE_URL ""
| /* end confdefs.h.  */
| #include <ac_nonexistent.h>
configure:8249: result: gcc -E
configure:8269: gcc -E  conftest.c
configure:8269: $? = 0
configure:8283: gcc -E  conftest.c
conftest.c:9:28: fatal error: ac_nonexistent.h: No such file or directory
compilation terminated.
configure:8283: $? = 1
configure: failed program was:
| /* confdefs.h */
| #define PACKAGE_NAME "LCDF typetools (TeX Live)"
| #define PACKAGE_TARNAME "lcdf-typetools--tex-live-"
| #define PACKAGE_VERSION "2.105"
| #define PACKAGE_STRING "LCDF typetools (TeX Live) 2.105"
| #define PACKAGE_BUGREPORT "tex-k@tug.org"
| #define PACKAGE_URL ""
| /* end confdefs.h.  */
| #include <ac_nonexistent.h>
configure:8312: checking for ANSI C header files
configure:8332: gcc -c -g -O2  conftest.c >&5
configure:8332: $? = 0
configure:8405: gcc -o conftest -g -O2   conftest.c  >&5
configure:8405: $? = 0
configure:8405: ./conftest
configure:8405: $? = 0
configure:8416: result: yes
configure:8429: checking for sys/types.h
configure:8429: gcc -c -g -O2  conftest.c >&5
configure:8429: $? = 0
configure:8429: result: yes
configure:8429: checking for sys/stat.h
configure:8429: gcc -c -g -O2  conftest.c >&5
configure:8429: $? = 0
configure:8429: result: yes
configure:8429: checking for stdlib.h
configure:8429: gcc -c -g -O2  conftest.c >&5
configure:8429: $? = 0
configure:8429: result: yes
configure:8429: checking for string.h
configure:8429: gcc -c -g -O2  conftest.c >&5
configure:8429: $? = 0
configure:8429: result: yes
configure:8429: checking for memory.h
configure:8429: gcc -c -g -O2  conftest.c >&5
configure:8429: $? = 0
configure:8429: result: yes
configure:8429: checking for strings.h
configure:8429: gcc -c -g -O2  conftest.c >&5
configure:8429: $? = 0
configure:8429: result: yes
configure:8429: checking for inttypes.h
configure:8429: gcc -c -g -O2  conftest.c >&5
configure:8429: $? = 0
configure:8429: result: yes
configure:8429: checking for stdint.h
configure:8429: gcc -c -g -O2  conftest.c >&5
configure:8429: $? = 0
configure:8429: result: yes
configure:8429: checking for unistd.h
configure:8429: gcc -c -g -O2  conftest.c >&5
configure:8429: $? = 0
configure:8429: result: yes
configure:8443: checking for dlfcn.h
configure:8443: gcc -c -g -O2  conftest.c >&5
configure:8443: $? = 0
configure:8443: result: yes
configure:8571: checking whether to enable maintainer-specific portions of Makefiles
configure:8580: result: no
configure:8593: checking whether the compiler accepts prototypes
configure:8609: gcc -o conftest -g -O2   conftest.c  >&5
configure:8609: $? = 0
configure:8617: result: yes
configure:8622: checking what warning flags to pass to the C compiler
configure:8667: result: -Wimplicit -Wreturn-type -Wdeclaration-after-statement -Wno-unknown-pragmas
configure:9221: checking for objdir
configure:9236: result: .libs
configure:9500: checking if gcc supports -fno-rtti -fno-exceptions
configure:9518: gcc -c -g -O2  -fno-rtti -fno-exceptions conftest.c >&5
cc1: warning: command line option '-fno-rtti' is valid for C++/ObjC++ but not for C
configure:9522: $? = 0
configure:9535: result: no
configure:9893: checking for gcc option to produce PIC
configure:9900: result: -fPIC -DPIC
configure:9908: checking if gcc PIC flag -fPIC -DPIC works
configure:9926: gcc -c -g -O2  -fPIC -DPIC -DPIC conftest.c >&5
configure:9930: $? = 0
configure:9943: result: yes
configure:9972: checking if gcc static flag -static works
configure:10000: result: yes
configure:10015: checking if gcc supports -c -o file.o
configure:10036: gcc -c -g -O2  -o out/conftest2.o conftest.c >&5
configure:10040: $? = 0
configure:10062: result: yes
configure:10070: checking if gcc supports -c -o file.o
configure:10117: result: yes
configure:10150: checking whether the gcc linker (/usr/bin/ld -m elf_x86_64) supports shared libraries
configure:11409: result: yes
configure:11649: checking dynamic linker characteristics
configure:12230: gcc -o conftest -g -O2   -Wl,-rpath -Wl,/foo conftest.c  >&5
configure:12230: $? = 0
configure:12467: result: GNU/Linux ld.so
configure:12589: checking how to hardcode library paths into programs
configure:12614: result: immediate
configure:13162: checking whether stripping libraries is possible
configure:13167: result: yes
configure:13202: checking if libtool supports shared libraries
configure:13204: result: yes
configure:13207: checking whether to build shared libraries
configure:13232: result: no
configure:13235: checking whether to build static libraries
configure:13239: result: yes
configure:13283: checking for special C compiler options needed for large files
configure:13328: result: no
configure:13334: checking for _FILE_OFFSET_BITS value needed for large files
configure:13359: gcc -c -g -O2  conftest.c >&5
configure:13359: $? = 0
configure:13391: result: no
configure:13476: checking for _LARGEFILE_SOURCE value needed for large files
configure:13495: gcc -o conftest -g -O2   conftest.c  >&5
configure:13495: $? = 0
configure:13523: result: no
configure:13547: checking for dirent.h that defines DIR
configure:13566: gcc -c -g -O2  conftest.c >&5
configure:13566: $? = 0
configure:13574: result: yes
configure:13587: checking for library containing opendir
configure:13618: gcc -o conftest -g -O2   conftest.c  >&5
configure:13618: $? = 0
configure:13635: result: none required
configure:13702: checking for ANSI C header files
configure:13806: result: yes
configure:13814: checking whether closedir returns void
configure:13838: gcc -o conftest -g -O2   conftest.c  >&5
configure:13838: $? = 0
configure:13838: ./conftest
configure:13838: $? = 0
configure:13848: result: no
configure:13859: checking assert.h usability
configure:13859: gcc -c -g -O2  conftest.c >&5
configure:13859: $? = 0
configure:13859: result: yes
configure:13859: checking assert.h presence
configure:13859: gcc -E  conftest.c
configure:13859: $? = 0
configure:13859: result: yes
configure:13859: checking for assert.h
configure:13859: result: yes
configure:13859: checking float.h usability
configure:13859: gcc -c -g -O2  conftest.c >&5
configure:13859: $? = 0
configure:13859: result: yes
configure:13859: checking float.h presence
configure:13859: gcc -E  conftest.c
configure:13859: $? = 0
configure:13859: result: yes
configure:13859: checking for float.h
configure:13859: result: yes
configure:13859: checking limits.h usability
configure:13859: gcc -c -g -O2  conftest.c >&5
configure:13859: $? = 0
configure:13859: result: yes
configure:13859: checking limits.h presence
configure:13859: gcc -E  conftest.c
configure:13859: $? = 0
configure:13859: result: yes
configure:13859: checking for limits.h
configure:13859: result: yes
configure:13859: checking pwd.h usability
configure:13859: gcc -c -g -O2  conftest.c >&5
configure:13859: $? = 0
configure:13859: result: yes
configure:13859: checking pwd.h presence
configure:13859: gcc -E  conftest.c
configure:13859: $? = 0
configure:13859: result: yes
configure:13859: checking for pwd.h
configure:13859: result: yes
configure:13859: checking for stdlib.h
configure:13859: result: yes
configure:13859: checking sys/param.h usability
configure:13859: gcc -c -g -O2  conftest.c >&5
configure:13859: $? = 0
configure:13859: result: yes
configure:13859: checking sys/param.h presence
configure:13859: gcc -E  conftest.c
configure:13859: $? = 0
configure:13859: result: yes
configure:13859: checking for sys/param.h
configure:13859: result: yes
configure:13871: checking for putenv
configure:13871: gcc -o conftest -g -O2   conftest.c  >&5
configure:13871: $? = 0
configure:13871: result: yes
configure:13883: checking for getcwd
configure:13883: gcc -o conftest -g -O2   conftest.c  >&5
configure:13883: $? = 0
configure:13883: result: yes
configure:13883: checking for getwd
configure:13883: gcc -o conftest -g -O2   conftest.c  >&5
/tmp/cc1AgtJm.o: In function `main':
/home/maqiyuan/Desktop/texlive-mobile/src/texlive-source/texk/lcdf-typetools/conftest.c:68: warning: the `getwd' function is dangerous and should not be used.
configure:13883: $? = 0
configure:13883: result: yes
configure:13883: checking for memcmp
configure:13883: gcc -o conftest -g -O2   conftest.c  >&5
conftest.c:58:6: warning: conflicting types for built-in function 'memcmp'
 char memcmp ();
      ^
configure:13883: $? = 0
configure:13883: result: yes
configure:13883: checking for memcpy
configure:13883: gcc -o conftest -g -O2   conftest.c  >&5
conftest.c:59:6: warning: conflicting types for built-in function 'memcpy'
 char memcpy ();
      ^
configure:13883: $? = 0
configure:13883: result: yes
configure:13883: checking for mkstemp
configure:13883: gcc -o conftest -g -O2   conftest.c  >&5
configure:13883: $? = 0
configure:13883: result: yes
configure:13883: checking for mktemp
configure:13883: gcc -o conftest -g -O2   conftest.c  >&5
/tmp/ccBNh4PN.o: In function `main':
/home/maqiyuan/Desktop/texlive-mobile/src/texlive-source/texk/lcdf-typetools/conftest.c:72: warning: the use of `mktemp' is dangerous, better use `mkstemp' or `mkdtemp'
configure:13883: $? = 0
configure:13883: result: yes
configure:13883: checking for strchr
configure:13883: gcc -o conftest -g -O2   conftest.c  >&5
conftest.c:62:6: warning: conflicting types for built-in function 'strchr'
 char strchr ();
      ^
configure:13883: $? = 0
configure:13883: result: yes
configure:13883: checking for strrchr
configure:13883: gcc -o conftest -g -O2   conftest.c  >&5
conftest.c:63:6: warning: conflicting types for built-in function 'strrchr'
 char strrchr ();
      ^
configure:13883: $? = 0
configure:13883: result: yes
configure:13892: checking for an ANSI C-conforming const
configure:13958: gcc -c -g -O2  conftest.c >&5
configure:13958: $? = 0
configure:13965: result: yes
configure:13973: checking for inline
configure:13989: gcc -c -g -O2  conftest.c >&5
configure:13989: $? = 0
configure:13997: result: inline
configure:14015: checking for size_t
configure:14015: gcc -c -g -O2  conftest.c >&5
configure:14015: $? = 0
configure:14015: gcc -c -g -O2  conftest.c >&5
conftest.c: In function 'main':
conftest.c:77:21: error: expected expression before ')' token
 if (sizeof ((size_t)))
                     ^
configure:14015: $? = 1
configure: failed program was:
| /* confdefs.h */
| #define PACKAGE_NAME "LCDF typetools (TeX Live)"
| #define PACKAGE_TARNAME "lcdf-typetools--tex-live-"
| #define PACKAGE_VERSION "2.105"
| #define PACKAGE_STRING "LCDF typetools (TeX Live) 2.105"
| #define PACKAGE_BUGREPORT "tex-k@tug.org"
| #define PACKAGE_URL ""
| #define STDC_HEADERS 1
| #define HAVE_SYS_TYPES_H 1
| #define HAVE_SYS_STAT_H 1
| #define HAVE_STDLIB_H 1
| #define HAVE_STRING_H 1
| #define HAVE_MEMORY_H 1
| #define HAVE_STRINGS_H 1
| #define HAVE_INTTYPES_H 1
| #define HAVE_STDINT_H 1
| #define HAVE_UNISTD_H 1
| #define HAVE_DLFCN_H 1
| #define PACKAGE "lcdf-typetools--tex-live-"
| #define VERSION "2.105"
| #define LT_OBJDIR ".libs/"
| #define HAVE_FSEEKO 1
| #define HAVE_DIRENT_H 1
| #define STDC_HEADERS 1
| #define HAVE_ASSERT_H 1
| #define HAVE_FLOAT_H 1
| #define HAVE_LIMITS_H 1
| #define HAVE_PWD_H 1
| #define HAVE_STDLIB_H 1
| #define HAVE_SYS_PARAM_H 1
| #define HAVE_PUTENV 1
| #define HAVE_GETCWD 1
| #define HAVE_GETWD 1
| #define HAVE_MEMCMP 1
| #define HAVE_MEMCPY 1
| #define HAVE_MKSTEMP 1
| #define HAVE_MKTEMP 1
| #define HAVE_STRCHR 1
| #define HAVE_STRRCHR 1
| /* end confdefs.h.  */
| #include <stdio.h>
| #ifdef HAVE_SYS_TYPES_H
| # include <sys/types.h>
| #endif
| #ifdef HAVE_SYS_STAT_H
| # include <sys/stat.h>
| #endif
| #ifdef STDC_HEADERS
| # include <stdlib.h>
| # include <stddef.h>
| #else
| # ifdef HAVE_STDLIB_H
| #  include <stdlib.h>
| # endif
| #endif
| #ifdef HAVE_STRING_H
| # if !defined STDC_HEADERS && defined HAVE_MEMORY_H
| #  include <memory.h>
| # endif
| # include <string.h>
| #endif
| #ifdef HAVE_STRINGS_H
| # include <strings.h>
| #endif
| #ifdef HAVE_INTTYPES_H
| # include <inttypes.h>
| #endif
| #ifdef HAVE_STDINT_H
| # include <stdint.h>
| #endif
| #ifdef HAVE_UNISTD_H
| # include <unistd.h>
| #endif
| int
| main ()
| {
| if (sizeof ((size_t)))
| 	    return 0;
|   ;
|   return 0;
| }
configure:14015: result: yes
configure:14026: checking for int64_t
configure:14026: gcc -c -g -O2  conftest.c >&5
configure:14026: $? = 0
configure:14026: gcc -c -g -O2  conftest.c >&5
conftest.c: In function 'main':
conftest.c:79:53: warning: integer overflow in expression [-Woverflow]
    < (int64_t) (((((int64_t) 1 << N) << N) - 1) * 2 + 2))];
                                                     ^
conftest.c:78:12: error: storage size of 'test_array' isn't constant
 static int test_array [1 - 2 * !((int64_t) (((((int64_t) 1 << N) << N) - 1) * 2 + 1)
            ^
configure:14026: $? = 1
configure: failed program was:
| /* confdefs.h */
| #define PACKAGE_NAME "LCDF typetools (TeX Live)"
| #define PACKAGE_TARNAME "lcdf-typetools--tex-live-"
| #define PACKAGE_VERSION "2.105"
| #define PACKAGE_STRING "LCDF typetools (TeX Live) 2.105"
| #define PACKAGE_BUGREPORT "tex-k@tug.org"
| #define PACKAGE_URL ""
| #define STDC_HEADERS 1
| #define HAVE_SYS_TYPES_H 1
| #define HAVE_SYS_STAT_H 1
| #define HAVE_STDLIB_H 1
| #define HAVE_STRING_H 1
| #define HAVE_MEMORY_H 1
| #define HAVE_STRINGS_H 1
| #define HAVE_INTTYPES_H 1
| #define HAVE_STDINT_H 1
| #define HAVE_UNISTD_H 1
| #define HAVE_DLFCN_H 1
| #define PACKAGE "lcdf-typetools--tex-live-"
| #define VERSION "2.105"
| #define LT_OBJDIR ".libs/"
| #define HAVE_FSEEKO 1
| #define HAVE_DIRENT_H 1
| #define STDC_HEADERS 1
| #define HAVE_ASSERT_H 1
| #define HAVE_FLOAT_H 1
| #define HAVE_LIMITS_H 1
| #define HAVE_PWD_H 1
| #define HAVE_STDLIB_H 1
| #define HAVE_SYS_PARAM_H 1
| #define HAVE_PUTENV 1
| #define HAVE_GETCWD 1
| #define HAVE_GETWD 1
| #define HAVE_MEMCMP 1
| #define HAVE_MEMCPY 1
| #define HAVE_MKSTEMP 1
| #define HAVE_MKTEMP 1
| #define HAVE_STRCHR 1
| #define HAVE_STRRCHR 1
| /* end confdefs.h.  */
| #include <stdio.h>
| #ifdef HAVE_SYS_TYPES_H
| # include <sys/types.h>
| #endif
| #ifdef HAVE_SYS_STAT_H
| # include <sys/stat.h>
| #endif
| #ifdef STDC_HEADERS
| # include <stdlib.h>
| # include <stddef.h>
| #else
| # ifdef HAVE_STDLIB_H
| #  include <stdlib.h>
| # endif
| #endif
| #ifdef HAVE_STRING_H
| # if !defined STDC_HEADERS && defined HAVE_MEMORY_H
| #  include <memory.h>
| # endif
| # include <string.h>
| #endif
| #ifdef HAVE_STRINGS_H
| # include <strings.h>
| #endif
| #ifdef HAVE_INTTYPES_H
| # include <inttypes.h>
| #endif
| #ifdef HAVE_STDINT_H
| # include <stdint.h>
| #endif
| #ifdef HAVE_UNISTD_H
| # include <unistd.h>
| #endif
| 	        enum { N = 64 / 2 - 1 };
| int
| main ()
| {
| static int test_array [1 - 2 * !((int64_t) (((((int64_t) 1 << N) << N) - 1) * 2 + 1)
| 		 < (int64_t) (((((int64_t) 1 << N) << N) - 1) * 2 + 2))];
| test_array [0] = 0;
| return test_array [0];
| 
|   ;
|   return 0;
| }
configure:14026: result: yes
configure:14037: checking for uint64_t
configure:14037: gcc -c -g -O2  conftest.c >&5
configure:14037: $? = 0
configure:14037: result: yes
configure:14057: checking whether isascii is declared
configure:14057: gcc -c -g -O2  conftest.c >&5
configure:14057: $? = 0
configure:14057: result: yes
configure:14069: checking for struct stat.st_mtim
configure:14069: gcc -c -g -O2  conftest.c >&5
conftest.c: In function 'main':
conftest.c:79:5: error: used struct type value where scalar is required
 if (ac_aggr.st_mtim)
     ^
configure:14069: $? = 1
configure: failed program was:
| /* confdefs.h */
| #define PACKAGE_NAME "LCDF typetools (TeX Live)"
| #define PACKAGE_TARNAME "lcdf-typetools--tex-live-"
| #define PACKAGE_VERSION "2.105"
| #define PACKAGE_STRING "LCDF typetools (TeX Live) 2.105"
| #define PACKAGE_BUGREPORT "tex-k@tug.org"
| #define PACKAGE_URL ""
| #define STDC_HEADERS 1
| #define HAVE_SYS_TYPES_H 1
| #define HAVE_SYS_STAT_H 1
| #define HAVE_STDLIB_H 1
| #define HAVE_STRING_H 1
| #define HAVE_MEMORY_H 1
| #define HAVE_STRINGS_H 1
| #define HAVE_INTTYPES_H 1
| #define HAVE_STDINT_H 1
| #define HAVE_UNISTD_H 1
| #define HAVE_DLFCN_H 1
| #define PACKAGE "lcdf-typetools--tex-live-"
| #define VERSION "2.105"
| #define LT_OBJDIR ".libs/"
| #define HAVE_FSEEKO 1
| #define HAVE_DIRENT_H 1
| #define STDC_HEADERS 1
| #define HAVE_ASSERT_H 1
| #define HAVE_FLOAT_H 1
| #define HAVE_LIMITS_H 1
| #define HAVE_PWD_H 1
| #define HAVE_STDLIB_H 1
| #define HAVE_SYS_PARAM_H 1
| #define HAVE_PUTENV 1
| #define HAVE_GETCWD 1
| #define HAVE_GETWD 1
| #define HAVE_MEMCMP 1
| #define HAVE_MEMCPY 1
| #define HAVE_MKSTEMP 1
| #define HAVE_MKTEMP 1
| #define HAVE_STRCHR 1
| #define HAVE_STRRCHR 1
| #define HAVE_DECL_ISASCII 1
| /* end confdefs.h.  */
| #include <stdio.h>
| #ifdef HAVE_SYS_TYPES_H
| # include <sys/types.h>
| #endif
| #ifdef HAVE_SYS_STAT_H
| # include <sys/stat.h>
| #endif
| #ifdef STDC_HEADERS
| # include <stdlib.h>
| # include <stddef.h>
| #else
| # ifdef HAVE_STDLIB_H
| #  include <stdlib.h>
| # endif
| #endif
| #ifdef HAVE_STRING_H
| # if !defined STDC_HEADERS && defined HAVE_MEMORY_H
| #  include <memory.h>
| # endif
| # include <string.h>
| #endif
| #ifdef HAVE_STRINGS_H
| # include <strings.h>
| #endif
| #ifdef HAVE_INTTYPES_H
| # include <inttypes.h>
| #endif
| #ifdef HAVE_STDINT_H
| # include <stdint.h>
| #endif
| #ifdef HAVE_UNISTD_H
| # include <unistd.h>
| #endif
| int
| main ()
| {
| static struct stat ac_aggr;
| if (ac_aggr.st_mtim)
| return 0;
|   ;
|   return 0;
| }
configure:14069: gcc -c -g -O2  conftest.c >&5
configure:14069: $? = 0
configure:14069: result: yes
configure:14145: checking for g++
configure:14161: found /usr/bin/g++
configure:14172: result: g++
configure:14199: checking for C++ compiler version
configure:14208: g++ --version >&5
g++ (Ubuntu 5.4.0-6ubuntu1~16.04.1) 5.4.0 20160609
Copyright (C) 2015 Free Software Foundation, Inc.
This is free software; see the source for copying conditions.  There is NO
warranty; not even for MERCHANTABILITY or FITNESS FOR A PARTICULAR PURPOSE.

configure:14219: $? = 0
configure:14208: g++ -v >&5
Using built-in specs.
COLLECT_GCC=g++
COLLECT_LTO_WRAPPER=/usr/lib/gcc/x86_64-linux-gnu/5/lto-wrapper
Target: x86_64-linux-gnu
Configured with: ../src/configure -v --with-pkgversion='Ubuntu 5.4.0-6ubuntu1~16.04.1' --with-bugurl=file:///usr/share/doc/gcc-5/README.Bugs --enable-languages=c,ada,c++,java,go,d,fortran,objc,obj-c++ --prefix=/usr --program-suffix=-5 --enable-shared --enable-linker-build-id --libexecdir=/usr/lib --without-included-gettext --enable-threads=posix --libdir=/usr/lib --enable-nls --with-sysroot=/ --enable-clocale=gnu --enable-libstdcxx-debug --enable-libstdcxx-time=yes --with-default-libstdcxx-abi=new --enable-gnu-unique-object --disable-vtable-verify --enable-libmpx --enable-plugin --with-system-zlib --disable-browser-plugin --enable-java-awt=gtk --enable-gtk-cairo --with-java-home=/usr/lib/jvm/java-1.5.0-gcj-5-amd64/jre --enable-java-home --with-jvm-root-dir=/usr/lib/jvm/java-1.5.0-gcj-5-amd64 --with-jvm-jar-dir=/usr/lib/jvm-exports/java-1.5.0-gcj-5-amd64 --with-arch-directory=amd64 --with-ecj-jar=/usr/share/java/eclipse-ecj.jar --enable-objc-gc --enable-multiarch --disable-werror --with-arch-32=i686 --with-abi=m64 --with-multilib-list=m32,m64,mx32 --enable-multilib --with-tune=generic --enable-checking=release --build=x86_64-linux-gnu --host=x86_64-linux-gnu --target=x86_64-linux-gnu
Thread model: posix
gcc version 5.4.0 20160609 (Ubuntu 5.4.0-6ubuntu1~16.04.1) 
configure:14219: $? = 0
configure:14208: g++ -V >&5
g++: error: unrecognized command line option '-V'
g++: fatal error: no input files
compilation terminated.
configure:14219: $? = 1
configure:14208: g++ -qversion >&5
g++: error: unrecognized command line option '-qversion'
g++: fatal error: no input files
compilation terminated.
configure:14219: $? = 1
configure:14223: checking whether we are using the GNU C++ compiler
configure:14242: g++ -c   conftest.cpp >&5
configure:14242: $? = 0
configure:14251: result: yes
configure:14260: checking whether g++ accepts -g
configure:14280: g++ -c -g  conftest.cpp >&5
configure:14280: $? = 0
configure:14321: result: yes
configure:14346: checking dependency style of g++
configure:14457: result: gcc3
configure:14471: checking what warning flags to pass to the C++ compiler
configure:14512: result: -Wreturn-type -Wno-unknown-pragmas -Wno-write-strings
configure:14536: checking how to run the C++ preprocessor
configure:14563: g++ -E  conftest.cpp
configure:14563: $? = 0
configure:14577: g++ -E  conftest.cpp
conftest.cpp:43:28: fatal error: ac_nonexistent.h: No such file or directory
compilation terminated.
configure:14577: $? = 1
configure: failed program was:
| /* confdefs.h */
| #define PACKAGE_NAME "LCDF typetools (TeX Live)"
| #define PACKAGE_TARNAME "lcdf-typetools--tex-live-"
| #define PACKAGE_VERSION "2.105"
| #define PACKAGE_STRING "LCDF typetools (TeX Live) 2.105"
| #define PACKAGE_BUGREPORT "tex-k@tug.org"
| #define PACKAGE_URL ""
| #define STDC_HEADERS 1
| #define HAVE_SYS_TYPES_H 1
| #define HAVE_SYS_STAT_H 1
| #define HAVE_STDLIB_H 1
| #define HAVE_STRING_H 1
| #define HAVE_MEMORY_H 1
| #define HAVE_STRINGS_H 1
| #define HAVE_INTTYPES_H 1
| #define HAVE_STDINT_H 1
| #define HAVE_UNISTD_H 1
| #define HAVE_DLFCN_H 1
| #define PACKAGE "lcdf-typetools--tex-live-"
| #define VERSION "2.105"
| #define LT_OBJDIR ".libs/"
| #define HAVE_FSEEKO 1
| #define HAVE_DIRENT_H 1
| #define STDC_HEADERS 1
| #define HAVE_ASSERT_H 1
| #define HAVE_FLOAT_H 1
| #define HAVE_LIMITS_H 1
| #define HAVE_PWD_H 1
| #define HAVE_STDLIB_H 1
| #define HAVE_SYS_PARAM_H 1
| #define HAVE_PUTENV 1
| #define HAVE_GETCWD 1
| #define HAVE_GETWD 1
| #define HAVE_MEMCMP 1
| #define HAVE_MEMCPY 1
| #define HAVE_MKSTEMP 1
| #define HAVE_MKTEMP 1
| #define HAVE_STRCHR 1
| #define HAVE_STRRCHR 1
| #define HAVE_DECL_ISASCII 1
| #define HAVE_STRUCT_STAT_ST_MTIM 1
| /* end confdefs.h.  */
| #include <ac_nonexistent.h>
configure:14602: result: g++ -E
configure:14622: g++ -E  conftest.cpp
configure:14622: $? = 0
configure:14636: g++ -E  conftest.cpp
conftest.cpp:43:28: fatal error: ac_nonexistent.h: No such file or directory
compilation terminated.
configure:14636: $? = 1
configure: failed program was:
| /* confdefs.h */
| #define PACKAGE_NAME "LCDF typetools (TeX Live)"
| #define PACKAGE_TARNAME "lcdf-typetools--tex-live-"
| #define PACKAGE_VERSION "2.105"
| #define PACKAGE_STRING "LCDF typetools (TeX Live) 2.105"
| #define PACKAGE_BUGREPORT "tex-k@tug.org"
| #define PACKAGE_URL ""
| #define STDC_HEADERS 1
| #define HAVE_SYS_TYPES_H 1
| #define HAVE_SYS_STAT_H 1
| #define HAVE_STDLIB_H 1
| #define HAVE_STRING_H 1
| #define HAVE_MEMORY_H 1
| #define HAVE_STRINGS_H 1
| #define HAVE_INTTYPES_H 1
| #define HAVE_STDINT_H 1
| #define HAVE_UNISTD_H 1
| #define HAVE_DLFCN_H 1
| #define PACKAGE "lcdf-typetools--tex-live-"
| #define VERSION "2.105"
| #define LT_OBJDIR ".libs/"
| #define HAVE_FSEEKO 1
| #define HAVE_DIRENT_H 1
| #define STDC_HEADERS 1
| #define HAVE_ASSERT_H 1
| #define HAVE_FLOAT_H 1
| #define HAVE_LIMITS_H 1
| #define HAVE_PWD_H 1
| #define HAVE_STDLIB_H 1
| #define HAVE_SYS_PARAM_H 1
| #define HAVE_PUTENV 1
| #define HAVE_GETCWD 1
| #define HAVE_GETWD 1
| #define HAVE_MEMCMP 1
| #define HAVE_MEMCPY 1
| #define HAVE_MKSTEMP 1
| #define HAVE_MKTEMP 1
| #define HAVE_STRCHR 1
| #define HAVE_STRRCHR 1
| #define HAVE_DECL_ISASCII 1
| #define HAVE_STRUCT_STAT_ST_MTIM 1
| /* end confdefs.h.  */
| #include <ac_nonexistent.h>
configure:14798: checking for ld used by g++
configure:14865: result: /usr/bin/ld -m elf_x86_64
configure:14872: checking if the linker (/usr/bin/ld -m elf_x86_64) is GNU ld
configure:14887: result: yes
configure:14942: checking whether the g++ linker (/usr/bin/ld -m elf_x86_64) supports shared libraries
configure:16015: result: yes
configure:16051: g++ -c -g -O2  conftest.cpp >&5
configure:16054: $? = 0
configure:16535: checking for g++ option to produce PIC
configure:16542: result: -fPIC -DPIC
configure:16550: checking if g++ PIC flag -fPIC -DPIC works
configure:16568: g++ -c -g -O2  -fPIC -DPIC -DPIC conftest.cpp >&5
configure:16572: $? = 0
configure:16585: result: yes
configure:16608: checking if g++ static flag -static works
configure:16636: result: yes
configure:16648: checking if g++ supports -c -o file.o
configure:16669: g++ -c -g -O2  -o out/conftest2.o conftest.cpp >&5
configure:16673: $? = 0
configure:16695: result: yes
configure:16700: checking if g++ supports -c -o file.o
configure:16747: result: yes
configure:16777: checking whether the g++ linker (/usr/bin/ld -m elf_x86_64) supports shared libraries
configure:16817: result: yes
configure:16958: checking dynamic linker characteristics
configure:17703: result: GNU/Linux ld.so
configure:17768: checking how to hardcode library paths into programs
configure:17793: result: immediate
configure:17838: checking how to run the C++ preprocessor
configure:17904: result: g++ -E
configure:17924: g++ -E  conftest.cpp
configure:17924: $? = 0
configure:17938: g++ -E  conftest.cpp
conftest.cpp:43:28: fatal error: ac_nonexistent.h: No such file or directory
compilation terminated.
configure:17938: $? = 1
configure: failed program was:
| /* confdefs.h */
| #define PACKAGE_NAME "LCDF typetools (TeX Live)"
| #define PACKAGE_TARNAME "lcdf-typetools--tex-live-"
| #define PACKAGE_VERSION "2.105"
| #define PACKAGE_STRING "LCDF typetools (TeX Live) 2.105"
| #define PACKAGE_BUGREPORT "tex-k@tug.org"
| #define PACKAGE_URL ""
| #define STDC_HEADERS 1
| #define HAVE_SYS_TYPES_H 1
| #define HAVE_SYS_STAT_H 1
| #define HAVE_STDLIB_H 1
| #define HAVE_STRING_H 1
| #define HAVE_MEMORY_H 1
| #define HAVE_STRINGS_H 1
| #define HAVE_INTTYPES_H 1
| #define HAVE_STDINT_H 1
| #define HAVE_UNISTD_H 1
| #define HAVE_DLFCN_H 1
| #define PACKAGE "lcdf-typetools--tex-live-"
| #define VERSION "2.105"
| #define LT_OBJDIR ".libs/"
| #define HAVE_FSEEKO 1
| #define HAVE_DIRENT_H 1
| #define STDC_HEADERS 1
| #define HAVE_ASSERT_H 1
| #define HAVE_FLOAT_H 1
| #define HAVE_LIMITS_H 1
| #define HAVE_PWD_H 1
| #define HAVE_STDLIB_H 1
| #define HAVE_SYS_PARAM_H 1
| #define HAVE_PUTENV 1
| #define HAVE_GETCWD 1
| #define HAVE_GETWD 1
| #define HAVE_MEMCMP 1
| #define HAVE_MEMCPY 1
| #define HAVE_MKSTEMP 1
| #define HAVE_MKTEMP 1
| #define HAVE_STRCHR 1
| #define HAVE_STRRCHR 1
| #define HAVE_DECL_ISASCII 1
| #define HAVE_STRUCT_STAT_ST_MTIM 1
| /* end confdefs.h.  */
| #include <ac_nonexistent.h>
configure:17980: checking where template objects are stored
configure:18040: result: nowhere
configure:18066: checking iostream usability
configure:18066: g++ -Wreturn-type -Wno-unknown-pragmas -Wno-write-strings -c -g -O2  conftest.cpp >&5
configure:18066: $? = 0
configure:18066: result: yes
configure:18066: checking iostream presence
configure:18066: g++ -E  conftest.cpp
configure:18066: $? = 0
configure:18066: result: yes
configure:18066: checking for iostream
configure:18066: result: yes
configure:18076: checking for statically linking C++ runtime library
configure:18109: g++ -Wreturn-type -Wno-unknown-pragmas -Wno-write-strings -o conftest -g -O2   conftest.cpp  -nodefaultlibs -Wl,-Bstatic -lstdc++ -Wl,-Bdynamic -lm -lgcc_eh -lgcc -lc -lgcc_eh -lgcc >&5
configure:18109: $? = 0
configure:18132: result: ok
configure:18135: using -nodefaultlibs -Wl,-Bstatic -lstdc++ -Wl,-Bdynamic -lm -lgcc_eh -lgcc -lc -lgcc_eh -lgcc
configure:18172: checking for dirent.h that defines DIR
configure:18199: result: yes
configure:18212: checking for library containing opendir
configure:18260: result: none required
configure:18330: checking fcntl.h usability
configure:18330: gcc -Wimplicit -Wreturn-type -Wdeclaration-after-statement -Wno-unknown-pragmas -c -g -O2  conftest.c >&5
configure:18330: $? = 0
configure:18330: result: yes
configure:18330: checking fcntl.h presence
configure:18330: gcc -E  conftest.c
configure:18330: $? = 0
configure:18330: result: yes
configure:18330: checking for fcntl.h
configure:18330: result: yes
configure:18330: checking for unistd.h
configure:18330: result: yes
configure:18330: checking sys/time.h usability
configure:18330: gcc -Wimplicit -Wreturn-type -Wdeclaration-after-statement -Wno-unknown-pragmas -c -g -O2  conftest.c >&5
configure:18330: $? = 0
configure:18330: result: yes
configure:18330: checking sys/time.h presence
configure:18330: gcc -E  conftest.c
configure:18330: $? = 0
configure:18330: result: yes
configure:18330: checking for sys/time.h
configure:18330: result: yes
configure:18330: checking sys/wait.h usability
configure:18330: gcc -Wimplicit -Wreturn-type -Wdeclaration-after-statement -Wno-unknown-pragmas -c -g -O2  conftest.c >&5
configure:18330: $? = 0
configure:18330: result: yes
configure:18330: checking sys/wait.h presence
configure:18330: gcc -E  conftest.c
configure:18330: $? = 0
configure:18330: result: yes
configure:18330: checking for sys/wait.h
configure:18330: result: yes
configure:18349: checking whether <new> works
configure:18369: g++ -Wreturn-type -Wno-unknown-pragmas -Wno-write-strings -o conftest -g -O2   conftest.cpp  >&5
configure:18369: $? = 0
configure:18377: result: yes
configure:18386: checking new.h usability
configure:18386: g++ -Wreturn-type -Wno-unknown-pragmas -Wno-write-strings -c -g -O2  conftest.cpp >&5
conftest.cpp:83:17: fatal error: new.h: No such file or directory
compilation terminated.
configure:18386: $? = 1
configure: failed program was:
| /* confdefs.h */
| #define PACKAGE_NAME "LCDF typetools (TeX Live)"
| #define PACKAGE_TARNAME "lcdf-typetools--tex-live-"
| #define PACKAGE_VERSION "2.105"
| #define PACKAGE_STRING "LCDF typetools (TeX Live) 2.105"
| #define PACKAGE_BUGREPORT "tex-k@tug.org"
| #define PACKAGE_URL ""
| #define STDC_HEADERS 1
| #define HAVE_SYS_TYPES_H 1
| #define HAVE_SYS_STAT_H 1
| #define HAVE_STDLIB_H 1
| #define HAVE_STRING_H 1
| #define HAVE_MEMORY_H 1
| #define HAVE_STRINGS_H 1
| #define HAVE_INTTYPES_H 1
| #define HAVE_STDINT_H 1
| #define HAVE_UNISTD_H 1
| #define HAVE_DLFCN_H 1
| #define PACKAGE "lcdf-typetools--tex-live-"
| #define VERSION "2.105"
| #define LT_OBJDIR ".libs/"
| #define HAVE_FSEEKO 1
| #define HAVE_DIRENT_H 1
| #define STDC_HEADERS 1
| #define HAVE_ASSERT_H 1
| #define HAVE_FLOAT_H 1
| #define HAVE_LIMITS_H 1
| #define HAVE_PWD_H 1
| #define HAVE_STDLIB_H 1
| #define HAVE_SYS_PARAM_H 1
| #define HAVE_PUTENV 1
| #define HAVE_GETCWD 1
| #define HAVE_GETWD 1
| #define HAVE_MEMCMP 1
| #define HAVE_MEMCPY 1
| #define HAVE_MKSTEMP 1
| #define HAVE_MKTEMP 1
| #define HAVE_STRCHR 1
| #define HAVE_STRRCHR 1
| #define HAVE_DECL_ISASCII 1
| #define HAVE_STRUCT_STAT_ST_MTIM 1
| #define HAVE_IOSTREAM 1
| #define HAVE_DIRENT_H 1
| #define HAVE_FCNTL_H 1
| #define HAVE_UNISTD_H 1
| #define HAVE_SYS_TIME_H 1
| #define HAVE_SYS_WAIT_H 1
| #define HAVE_NEW_HDR 1
| /* end confdefs.h.  */
| #include <stdio.h>
| #ifdef HAVE_SYS_TYPES_H
| # include <sys/types.h>
| #endif
| #ifdef HAVE_SYS_STAT_H
| # include <sys/stat.h>
| #endif
| #ifdef STDC_HEADERS
| # include <stdlib.h>
| # include <stddef.h>
| #else
| # ifdef HAVE_STDLIB_H
| #  include <stdlib.h>
| # endif
| #endif
| #ifdef HAVE_STRING_H
| # if !defined STDC_HEADERS && defined HAVE_MEMORY_H
| #  include <memory.h>
| # endif
| # include <string.h>
| #endif
| #ifdef HAVE_STRINGS_H
| # include <strings.h>
| #endif
| #ifdef HAVE_INTTYPES_H
| # include <inttypes.h>
| #endif
| #ifdef HAVE_STDINT_H
| # include <stdint.h>
| #endif
| #ifdef HAVE_UNISTD_H
| # include <unistd.h>
| #endif
| #include <new.h>
configure:18386: result: no
configure:18386: checking new.h presence
configure:18386: g++ -E  conftest.cpp
conftest.cpp:50:17: fatal error: new.h: No such file or directory
compilation terminated.
configure:18386: $? = 1
configure: failed program was:
| /* confdefs.h */
| #define PACKAGE_NAME "LCDF typetools (TeX Live)"
| #define PACKAGE_TARNAME "lcdf-typetools--tex-live-"
| #define PACKAGE_VERSION "2.105"
| #define PACKAGE_STRING "LCDF typetools (TeX Live) 2.105"
| #define PACKAGE_BUGREPORT "tex-k@tug.org"
| #define PACKAGE_URL ""
| #define STDC_HEADERS 1
| #define HAVE_SYS_TYPES_H 1
| #define HAVE_SYS_STAT_H 1
| #define HAVE_STDLIB_H 1
| #define HAVE_STRING_H 1
| #define HAVE_MEMORY_H 1
| #define HAVE_STRINGS_H 1
| #define HAVE_INTTYPES_H 1
| #define HAVE_STDINT_H 1
| #define HAVE_UNISTD_H 1
| #define HAVE_DLFCN_H 1
| #define PACKAGE "lcdf-typetools--tex-live-"
| #define VERSION "2.105"
| #define LT_OBJDIR ".libs/"
| #define HAVE_FSEEKO 1
| #define HAVE_DIRENT_H 1
| #define STDC_HEADERS 1
| #define HAVE_ASSERT_H 1
| #define HAVE_FLOAT_H 1
| #define HAVE_LIMITS_H 1
| #define HAVE_PWD_H 1
| #define HAVE_STDLIB_H 1
| #define HAVE_SYS_PARAM_H 1
| #define HAVE_PUTENV 1
| #define HAVE_GETCWD 1
| #define HAVE_GETWD 1
| #define HAVE_MEMCMP 1
| #define HAVE_MEMCPY 1
| #define HAVE_MKSTEMP 1
| #define HAVE_MKTEMP 1
| #define HAVE_STRCHR 1
| #define HAVE_STRRCHR 1
| #define HAVE_DECL_ISASCII 1
| #define HAVE_STRUCT_STAT_ST_MTIM 1
| #define HAVE_IOSTREAM 1
| #define HAVE_DIRENT_H 1
| #define HAVE_FCNTL_H 1
| #define HAVE_UNISTD_H 1
| #define HAVE_SYS_TIME_H 1
| #define HAVE_SYS_WAIT_H 1
| #define HAVE_NEW_HDR 1
| /* end confdefs.h.  */
| #include <new.h>
configure:18386: result: no
configure:18386: checking for new.h
configure:18386: result: no
configure:18402: checking whether byte ordering is bigendian
configure:18417: g++ -Wreturn-type -Wno-unknown-pragmas -Wno-write-strings -c -g -O2  conftest.cpp >&5
conftest.cpp:52:9: error: expected unqualified-id before 'not' token
         not a universal capable compiler
         ^
configure:18417: $? = 1
configure: failed program was:
| /* confdefs.h */
| #define PACKAGE_NAME "LCDF typetools (TeX Live)"
| #define PACKAGE_TARNAME "lcdf-typetools--tex-live-"
| #define PACKAGE_VERSION "2.105"
| #define PACKAGE_STRING "LCDF typetools (TeX Live) 2.105"
| #define PACKAGE_BUGREPORT "tex-k@tug.org"
| #define PACKAGE_URL ""
| #define STDC_HEADERS 1
| #define HAVE_SYS_TYPES_H 1
| #define HAVE_SYS_STAT_H 1
| #define HAVE_STDLIB_H 1
| #define HAVE_STRING_H 1
| #define HAVE_MEMORY_H 1
| #define HAVE_STRINGS_H 1
| #define HAVE_INTTYPES_H 1
| #define HAVE_STDINT_H 1
| #define HAVE_UNISTD_H 1
| #define HAVE_DLFCN_H 1
| #define PACKAGE "lcdf-typetools--tex-live-"
| #define VERSION "2.105"
| #define LT_OBJDIR ".libs/"
| #define HAVE_FSEEKO 1
| #define HAVE_DIRENT_H 1
| #define STDC_HEADERS 1
| #define HAVE_ASSERT_H 1
| #define HAVE_FLOAT_H 1
| #define HAVE_LIMITS_H 1
| #define HAVE_PWD_H 1
| #define HAVE_STDLIB_H 1
| #define HAVE_SYS_PARAM_H 1
| #define HAVE_PUTENV 1
| #define HAVE_GETCWD 1
| #define HAVE_GETWD 1
| #define HAVE_MEMCMP 1
| #define HAVE_MEMCPY 1
| #define HAVE_MKSTEMP 1
| #define HAVE_MKTEMP 1
| #define HAVE_STRCHR 1
| #define HAVE_STRRCHR 1
| #define HAVE_DECL_ISASCII 1
| #define HAVE_STRUCT_STAT_ST_MTIM 1
| #define HAVE_IOSTREAM 1
| #define HAVE_DIRENT_H 1
| #define HAVE_FCNTL_H 1
| #define HAVE_UNISTD_H 1
| #define HAVE_SYS_TIME_H 1
| #define HAVE_SYS_WAIT_H 1
| #define HAVE_NEW_HDR 1
| #define WORDS_BIGENDIAN_SET 1
| /* end confdefs.h.  */
| #ifndef __APPLE_CC__
| 	       not a universal capable compiler
| 	     #endif
| 	     typedef int dummy;
| 
configure:18462: g++ -Wreturn-type -Wno-unknown-pragmas -Wno-write-strings -c -g -O2  conftest.cpp >&5
configure:18462: $? = 0
configure:18480: g++ -Wreturn-type -Wno-unknown-pragmas -Wno-write-strings -c -g -O2  conftest.cpp >&5
conftest.cpp: In function 'int main()':
conftest.cpp:58:8: error: 'big' was not declared in this scope
    not big endian
        ^
configure:18480: $? = 1
configure: failed program was:
| /* confdefs.h */
| #define PACKAGE_NAME "LCDF typetools (TeX Live)"
| #define PACKAGE_TARNAME "lcdf-typetools--tex-live-"
| #define PACKAGE_VERSION "2.105"
| #define PACKAGE_STRING "LCDF typetools (TeX Live) 2.105"
| #define PACKAGE_BUGREPORT "tex-k@tug.org"
| #define PACKAGE_URL ""
| #define STDC_HEADERS 1
| #define HAVE_SYS_TYPES_H 1
| #define HAVE_SYS_STAT_H 1
| #define HAVE_STDLIB_H 1
| #define HAVE_STRING_H 1
| #define HAVE_MEMORY_H 1
| #define HAVE_STRINGS_H 1
| #define HAVE_INTTYPES_H 1
| #define HAVE_STDINT_H 1
| #define HAVE_UNISTD_H 1
| #define HAVE_DLFCN_H 1
| #define PACKAGE "lcdf-typetools--tex-live-"
| #define VERSION "2.105"
| #define LT_OBJDIR ".libs/"
| #define HAVE_FSEEKO 1
| #define HAVE_DIRENT_H 1
| #define STDC_HEADERS 1
| #define HAVE_ASSERT_H 1
| #define HAVE_FLOAT_H 1
| #define HAVE_LIMITS_H 1
| #define HAVE_PWD_H 1
| #define HAVE_STDLIB_H 1
| #define HAVE_SYS_PARAM_H 1
| #define HAVE_PUTENV 1
| #define HAVE_GETCWD 1
| #define HAVE_GETWD 1
| #define HAVE_MEMCMP 1
| #define HAVE_MEMCPY 1
| #define HAVE_MKSTEMP 1
| #define HAVE_MKTEMP 1
| #define HAVE_STRCHR 1
| #define HAVE_STRRCHR 1
| #define HAVE_DECL_ISASCII 1
| #define HAVE_STRUCT_STAT_ST_MTIM 1
| #define HAVE_IOSTREAM 1
| #define HAVE_DIRENT_H 1
| #define HAVE_FCNTL_H 1
| #define HAVE_UNISTD_H 1
| #define HAVE_SYS_TIME_H 1
| #define HAVE_SYS_WAIT_H 1
| #define HAVE_NEW_HDR 1
| #define WORDS_BIGENDIAN_SET 1
| /* end confdefs.h.  */
| #include <sys/types.h>
| 		#include <sys/param.h>
| 
| int
| main ()
| {
| #if BYTE_ORDER != BIG_ENDIAN
| 		 not big endian
| 		#endif
| 
|   ;
|   return 0;
| }
configure:18608: result: no
configure:18638: checking for strerror
configure:18638: gcc -Wimplicit -Wreturn-type -Wdeclaration-after-statement -Wno-unknown-pragmas -o conftest -g -O2   conftest.c  >&5
configure:18638: $? = 0
configure:18638: result: yes
configure:18650: checking for broken strtod
configure:18669: gcc -Wimplicit -Wreturn-type -Wdeclaration-after-statement -Wno-unknown-pragmas -o conftest -g -O2   conftest.c  >&5
configure:18669: $? = 0
configure:18669: ./conftest
configure:18669: $? = 1
configure: program exited with status 1
configure: failed program was:
| /* confdefs.h */
| #define PACKAGE_NAME "LCDF typetools (TeX Live)"
| #define PACKAGE_TARNAME "lcdf-typetools--tex-live-"
| #define PACKAGE_VERSION "2.105"
| #define PACKAGE_STRING "LCDF typetools (TeX Live) 2.105"
| #define PACKAGE_BUGREPORT "tex-k@tug.org"
| #define PACKAGE_URL ""
| #define STDC_HEADERS 1
| #define HAVE_SYS_TYPES_H 1
| #define HAVE_SYS_STAT_H 1
| #define HAVE_STDLIB_H 1
| #define HAVE_STRING_H 1
| #define HAVE_MEMORY_H 1
| #define HAVE_STRINGS_H 1
| #define HAVE_INTTYPES_H 1
| #define HAVE_STDINT_H 1
| #define HAVE_UNISTD_H 1
| #define HAVE_DLFCN_H 1
| #define PACKAGE "lcdf-typetools--tex-live-"
| #define VERSION "2.105"
| #define LT_OBJDIR ".libs/"
| #define HAVE_FSEEKO 1
| #define HAVE_DIRENT_H 1
| #define STDC_HEADERS 1
| #define HAVE_ASSERT_H 1
| #define HAVE_FLOAT_H 1
| #define HAVE_LIMITS_H 1
| #define HAVE_PWD_H 1
| #define HAVE_STDLIB_H 1
| #define HAVE_SYS_PARAM_H 1
| #define HAVE_PUTENV 1
| #define HAVE_GETCWD 1
| #define HAVE_GETWD 1
| #define HAVE_MEMCMP 1
| #define HAVE_MEMCPY 1
| #define HAVE_MKSTEMP 1
| #define HAVE_MKTEMP 1
| #define HAVE_STRCHR 1
| #define HAVE_STRRCHR 1
| #define HAVE_DECL_ISASCII 1
| #define HAVE_STRUCT_STAT_ST_MTIM 1
| #define HAVE_IOSTREAM 1
| #define HAVE_DIRENT_H 1
| #define HAVE_FCNTL_H 1
| #define HAVE_UNISTD_H 1
| #define HAVE_SYS_TIME_H 1
| #define HAVE_SYS_WAIT_H 1
| #define HAVE_NEW_HDR 1
| #define WORDS_BIGENDIAN_SET 1
| #define HAVE_STRERROR 1
| /* end confdefs.h.  */
| #include <stdio.h>
| #include <stdlib.h>
| int main(int c, char **v) {
|   char s[] = "12 ";
|   char *endp;
|   double d = strtod(s, &endp);
|   return (s + 2) == endp;
| }
configure:18679: result: no
configure:18694: checking whether strnlen is declared
configure:18694: g++ -Wreturn-type -Wno-unknown-pragmas -Wno-write-strings -c -g -O2  conftest.cpp >&5
configure:18694: $? = 0
configure:18694: result: yes
configure:18708: checking for strnlen
configure:18708: g++ -Wreturn-type -Wno-unknown-pragmas -Wno-write-strings -o conftest -g -O2   conftest.cpp  >&5
configure:18708: $? = 0
configure:18708: result: yes
configure:18720: checking for broken strnlen
configure:18737: g++ -Wreturn-type -Wno-unknown-pragmas -Wno-write-strings -o conftest -g -O2   conftest.cpp  >&5
configure:18737: $? = 0
configure:18737: ./conftest
configure:18737: $? = 1
configure: program exited with status 1
configure: failed program was:
| /* confdefs.h */
| #define PACKAGE_NAME "LCDF typetools (TeX Live)"
| #define PACKAGE_TARNAME "lcdf-typetools--tex-live-"
| #define PACKAGE_VERSION "2.105"
| #define PACKAGE_STRING "LCDF typetools (TeX Live) 2.105"
| #define PACKAGE_BUGREPORT "tex-k@tug.org"
| #define PACKAGE_URL ""
| #define STDC_HEADERS 1
| #define HAVE_SYS_TYPES_H 1
| #define HAVE_SYS_STAT_H 1
| #define HAVE_STDLIB_H 1
| #define HAVE_STRING_H 1
| #define HAVE_MEMORY_H 1
| #define HAVE_STRINGS_H 1
| #define HAVE_INTTYPES_H 1
| #define HAVE_STDINT_H 1
| #define HAVE_UNISTD_H 1
| #define HAVE_DLFCN_H 1
| #define PACKAGE "lcdf-typetools--tex-live-"
| #define VERSION "2.105"
| #define LT_OBJDIR ".libs/"
| #define HAVE_FSEEKO 1
| #define HAVE_DIRENT_H 1
| #define STDC_HEADERS 1
| #define HAVE_ASSERT_H 1
| #define HAVE_FLOAT_H 1
| #define HAVE_LIMITS_H 1
| #define HAVE_PWD_H 1
| #define HAVE_STDLIB_H 1
| #define HAVE_SYS_PARAM_H 1
| #define HAVE_PUTENV 1
| #define HAVE_GETCWD 1
| #define HAVE_GETWD 1
| #define HAVE_MEMCMP 1
| #define HAVE_MEMCPY 1
| #define HAVE_MKSTEMP 1
| #define HAVE_MKTEMP 1
| #define HAVE_STRCHR 1
| #define HAVE_STRRCHR 1
| #define HAVE_DECL_ISASCII 1
| #define HAVE_STRUCT_STAT_ST_MTIM 1
| #define HAVE_IOSTREAM 1
| #define HAVE_DIRENT_H 1
| #define HAVE_FCNTL_H 1
| #define HAVE_UNISTD_H 1
| #define HAVE_SYS_TIME_H 1
| #define HAVE_SYS_WAIT_H 1
| #define HAVE_NEW_HDR 1
| #define WORDS_BIGENDIAN_SET 1
| #define HAVE_STRERROR 1
| #define HAVE_DECL_STRNLEN 1
| #define HAVE_STRNLEN 1
| /* end confdefs.h.  */
| #include <string.h>
| #include <stdio.h>
| int main(int c, char **v) {
|   char s[] = "01234567891";
|   return strnlen(s, 10) == 10;
| }
configure:18747: result: no
configure:18766: checking for ctime
configure:18766: gcc -Wimplicit -Wreturn-type -Wdeclaration-after-statement -Wno-unknown-pragmas -o conftest -g -O2   conftest.c  >&5
configure:18766: $? = 0
configure:18766: result: yes
configure:18766: checking for ftruncate
configure:18766: gcc -Wimplicit -Wreturn-type -Wdeclaration-after-statement -Wno-unknown-pragmas -o conftest -g -O2   conftest.c  >&5
configure:18766: $? = 0
configure:18766: result: yes
configure:18766: checking for mkstemp
configure:18766: result: yes
configure:18766: checking for sigaction
configure:18766: gcc -Wimplicit -Wreturn-type -Wdeclaration-after-statement -Wno-unknown-pragmas -o conftest -g -O2   conftest.c  >&5
configure:18766: $? = 0
configure:18766: result: yes
configure:18766: checking for strdup
configure:18766: gcc -Wimplicit -Wreturn-type -Wdeclaration-after-statement -Wno-unknown-pragmas -o conftest -g -O2   conftest.c  >&5
conftest.c:81:6: warning: conflicting types for built-in function 'strdup'
 char strdup ();
      ^
configure:18766: $? = 0
configure:18766: result: yes
configure:18766: checking for strtoul
configure:18766: gcc -Wimplicit -Wreturn-type -Wdeclaration-after-statement -Wno-unknown-pragmas -o conftest -g -O2   conftest.c  >&5
configure:18766: $? = 0
configure:18766: result: yes
configure:18766: checking for vsnprintf
configure:18766: gcc -Wimplicit -Wreturn-type -Wdeclaration-after-statement -Wno-unknown-pragmas -o conftest -g -O2   conftest.c  >&5
conftest.c:83:6: warning: conflicting types for built-in function 'vsnprintf'
 char vsnprintf ();
      ^
configure:18766: $? = 0
configure:18766: result: yes
configure:18766: checking for waitpid
configure:18766: gcc -Wimplicit -Wreturn-type -Wdeclaration-after-statement -Wno-unknown-pragmas -o conftest -g -O2   conftest.c  >&5
configure:18766: $? = 0
configure:18766: result: yes
configure:18775: checking for floor
configure:18775: gcc -Wimplicit -Wreturn-type -Wdeclaration-after-statement -Wno-unknown-pragmas -o conftest -g -O2   conftest.c  >&5
conftest.c:85:6: warning: conflicting types for built-in function 'floor'
 char floor ();
      ^
/tmp/ccxfdKba.o: In function `main':
/home/maqiyuan/Desktop/texlive-mobile/src/texlive-source/texk/lcdf-typetools/conftest.c:96: undefined reference to `floor'
collect2: error: ld returned 1 exit status
configure:18775: $? = 1
configure: failed program was:
| /* confdefs.h */
| #define PACKAGE_NAME "LCDF typetools (TeX Live)"
| #define PACKAGE_TARNAME "lcdf-typetools--tex-live-"
| #define PACKAGE_VERSION "2.105"
| #define PACKAGE_STRING "LCDF typetools (TeX Live) 2.105"
| #define PACKAGE_BUGREPORT "tex-k@tug.org"
| #define PACKAGE_URL ""
| #define STDC_HEADERS 1
| #define HAVE_SYS_TYPES_H 1
| #define HAVE_SYS_STAT_H 1
| #define HAVE_STDLIB_H 1
| #define HAVE_STRING_H 1
| #define HAVE_MEMORY_H 1
| #define HAVE_STRINGS_H 1
| #define HAVE_INTTYPES_H 1
| #define HAVE_STDINT_H 1
| #define HAVE_UNISTD_H 1
| #define HAVE_DLFCN_H 1
| #define PACKAGE "lcdf-typetools--tex-live-"
| #define VERSION "2.105"
| #define LT_OBJDIR ".libs/"
| #define HAVE_FSEEKO 1
| #define HAVE_DIRENT_H 1
| #define STDC_HEADERS 1
| #define HAVE_ASSERT_H 1
| #define HAVE_FLOAT_H 1
| #define HAVE_LIMITS_H 1
| #define HAVE_PWD_H 1
| #define HAVE_STDLIB_H 1
| #define HAVE_SYS_PARAM_H 1
| #define HAVE_PUTENV 1
| #define HAVE_GETCWD 1
| #define HAVE_GETWD 1
| #define HAVE_MEMCMP 1
| #define HAVE_MEMCPY 1
| #define HAVE_MKSTEMP 1
| #define HAVE_MKTEMP 1
| #define HAVE_STRCHR 1
| #define HAVE_STRRCHR 1
| #define HAVE_DECL_ISASCII 1
| #define HAVE_STRUCT_STAT_ST_MTIM 1
| #define HAVE_IOSTREAM 1
| #define HAVE_DIRENT_H 1
| #define HAVE_FCNTL_H 1
| #define HAVE_UNISTD_H 1
| #define HAVE_SYS_TIME_H 1
| #define HAVE_SYS_WAIT_H 1
| #define HAVE_NEW_HDR 1
| #define WORDS_BIGENDIAN_SET 1
| #define HAVE_STRERROR 1
| #define HAVE_DECL_STRNLEN 1
| #define HAVE_STRNLEN 1
| #define HAVE_CTIME 1
| #define HAVE_FTRUNCATE 1
| #define HAVE_MKSTEMP 1
| #define HAVE_SIGACTION 1
| #define HAVE_STRDUP 1
| #define HAVE_STRTOUL 1
| #define HAVE_VSNPRINTF 1
| #define HAVE_WAITPID 1
| /* end confdefs.h.  */
| /* Define floor to an innocuous variant, in case <limits.h> declares floor.
|    For example, HP-UX 11i <limits.h> declares gettimeofday.  */
| #define floor innocuous_floor
| 
| /* System header to define __stub macros and hopefully few prototypes,
|     which can conflict with char floor (); below.
|     Prefer <limits.h> to <assert.h> if __STDC__ is defined, since
|     <limits.h> exists even on freestanding compilers.  */
| 
| #ifdef __STDC__
| # include <limits.h>
| #else
| # include <assert.h>
| #endif
| 
| #undef floor
| 
| /* Override any GCC internal prototype to avoid an error.
|    Use char because int might match the return type of a GCC
|    builtin and then its argument prototype would still apply.  */
| #ifdef __cplusplus
| extern "C"
| #endif
| char floor ();
| /* The GNU C library defines this for functions which it implements
|     to always fail with ENOSYS.  Some functions are actually named
|     something starting with __ and the normal name is an alias.  */
| #if defined __stub_floor || defined __stub___floor
| choke me
| #endif
| 
| int
| main ()
| {
| return floor ();
|   ;
|   return 0;
| }
configure:18775: result: no
configure:18779: checking for floor in -lm
configure:18804: gcc -Wimplicit -Wreturn-type -Wdeclaration-after-statement -Wno-unknown-pragmas -o conftest -g -O2   conftest.c -lm   >&5
conftest.c:69:6: warning: conflicting types for built-in function 'floor'
 char floor ();
      ^
configure:18804: $? = 0
configure:18813: result: yes
configure:18826: checking for fabs
configure:18826: gcc -Wimplicit -Wreturn-type -Wdeclaration-after-statement -Wno-unknown-pragmas -o conftest -g -O2   conftest.c -lm  >&5
conftest.c:86:6: warning: conflicting types for built-in function 'fabs'
 char fabs ();
      ^
configure:18826: $? = 0
configure:18826: result: yes
configure:18890: checking for inttypes.h
configure:18890: result: yes
configure:18904: checking for sys/types.h
configure:18904: result: yes
configure:18989: checking for uintptr_t
configure:18989: gcc -Wimplicit -Wreturn-type -Wdeclaration-after-statement -Wno-unknown-pragmas -c -g -O2  conftest.c >&5
configure:18989: $? = 0
configure:18989: gcc -Wimplicit -Wreturn-type -Wdeclaration-after-statement -Wno-unknown-pragmas -c -g -O2  conftest.c >&5
conftest.c: In function 'main':
conftest.c:76:24: error: expected expression before ')' token
 if (sizeof ((uintptr_t)))
                        ^
configure:18989: $? = 1
configure: failed program was:
| /* confdefs.h */
| #define PACKAGE_NAME "LCDF typetools (TeX Live)"
| #define PACKAGE_TARNAME "lcdf-typetools--tex-live-"
| #define PACKAGE_VERSION "2.105"
| #define PACKAGE_STRING "LCDF typetools (TeX Live) 2.105"
| #define PACKAGE_BUGREPORT "tex-k@tug.org"
| #define PACKAGE_URL ""
| #define STDC_HEADERS 1
| #define HAVE_SYS_TYPES_H 1
| #define HAVE_SYS_STAT_H 1
| #define HAVE_STDLIB_H 1
| #define HAVE_STRING_H 1
| #define HAVE_MEMORY_H 1
| #define HAVE_STRINGS_H 1
| #define HAVE_INTTYPES_H 1
| #define HAVE_STDINT_H 1
| #define HAVE_UNISTD_H 1
| #define HAVE_DLFCN_H 1
| #define PACKAGE "lcdf-typetools--tex-live-"
| #define VERSION "2.105"
| #define LT_OBJDIR ".libs/"
| #define HAVE_FSEEKO 1
| #define HAVE_DIRENT_H 1
| #define STDC_HEADERS 1
| #define HAVE_ASSERT_H 1
| #define HAVE_FLOAT_H 1
| #define HAVE_LIMITS_H 1
| #define HAVE_PWD_H 1
| #define HAVE_STDLIB_H 1
| #define HAVE_SYS_PARAM_H 1
| #define HAVE_PUTENV 1
| #define HAVE_GETCWD 1
| #define HAVE_GETWD 1
| #define HAVE_MEMCMP 1
| #define HAVE_MEMCPY 1
| #define HAVE_MKSTEMP 1
| #define HAVE_MKTEMP 1
| #define HAVE_STRCHR 1
| #define HAVE_STRRCHR 1
| #define HAVE_DECL_ISASCII 1
| #define HAVE_STRUCT_STAT_ST_MTIM 1
| #define HAVE_IOSTREAM 1
| #define HAVE_DIRENT_H 1
| #define HAVE_FCNTL_H 1
| #define HAVE_UNISTD_H 1
| #define HAVE_SYS_TIME_H 1
| #define HAVE_SYS_WAIT_H 1
| #define HAVE_NEW_HDR 1
| #define WORDS_BIGENDIAN_SET 1
| #define HAVE_STRERROR 1
| #define HAVE_DECL_STRNLEN 1
| #define HAVE_STRNLEN 1
| #define HAVE_CTIME 1
| #define HAVE_FTRUNCATE 1
| #define HAVE_MKSTEMP 1
| #define HAVE_SIGACTION 1
| #define HAVE_STRDUP 1
| #define HAVE_STRTOUL 1
| #define HAVE_VSNPRINTF 1
| #define HAVE_WAITPID 1
| #define HAVE_LIBM 1
| #define HAVE_INTTYPES_H 1
| #define HAVE_SYS_TYPES_H 1
| /* end confdefs.h.  */
| #if HAVE_INTTYPES_H
| # include <inttypes.h>
| #endif
| #if HAVE_SYS_TYPES_H
| # include <sys/types.h>
| #endif
| 
| 
| int
| main ()
| {
| if (sizeof ((uintptr_t)))
| 	    return 0;
|   ;
|   return 0;
| }
configure:18989: result: yes
configure:19011: checking size of void *
configure:19016: gcc -Wimplicit -Wreturn-type -Wdeclaration-after-statement -Wno-unknown-pragmas -o conftest -g -O2   conftest.c -lm  >&5
configure:19016: $? = 0
configure:19016: ./conftest
configure:19016: $? = 0
configure:19030: result: 8
configure:19044: checking size of unsigned long
configure:19049: gcc -Wimplicit -Wreturn-type -Wdeclaration-after-statement -Wno-unknown-pragmas -o conftest -g -O2   conftest.c -lm  >&5
configure:19049: $? = 0
configure:19049: ./conftest
configure:19049: $? = 0
configure:19063: result: 8
configure:19077: checking size of unsigned int
configure:19082: gcc -Wimplicit -Wreturn-type -Wdeclaration-after-statement -Wno-unknown-pragmas -o conftest -g -O2   conftest.c -lm  >&5
configure:19082: $? = 0
configure:19082: ./conftest
configure:19082: $? = 0
configure:19096: result: 4
configure:19118: checking byteorder.h usability
configure:19118: g++ -Wreturn-type -Wno-unknown-pragmas -Wno-write-strings -c -g -O2  conftest.cpp >&5
conftest.cpp:102:23: fatal error: byteorder.h: No such file or directory
compilation terminated.
configure:19118: $? = 1
configure: failed program was:
| /* confdefs.h */
| #define PACKAGE_NAME "LCDF typetools (TeX Live)"
| #define PACKAGE_TARNAME "lcdf-typetools--tex-live-"
| #define PACKAGE_VERSION "2.105"
| #define PACKAGE_STRING "LCDF typetools (TeX Live) 2.105"
| #define PACKAGE_BUGREPORT "tex-k@tug.org"
| #define PACKAGE_URL ""
| #define STDC_HEADERS 1
| #define HAVE_SYS_TYPES_H 1
| #define HAVE_SYS_STAT_H 1
| #define HAVE_STDLIB_H 1
| #define HAVE_STRING_H 1
| #define HAVE_MEMORY_H 1
| #define HAVE_STRINGS_H 1
| #define HAVE_INTTYPES_H 1
| #define HAVE_STDINT_H 1
| #define HAVE_UNISTD_H 1
| #define HAVE_DLFCN_H 1
| #define PACKAGE "lcdf-typetools--tex-live-"
| #define VERSION "2.105"
| #define LT_OBJDIR ".libs/"
| #define HAVE_FSEEKO 1
| #define HAVE_DIRENT_H 1
| #define STDC_HEADERS 1
| #define HAVE_ASSERT_H 1
| #define HAVE_FLOAT_H 1
| #define HAVE_LIMITS_H 1
| #define HAVE_PWD_H 1
| #define HAVE_STDLIB_H 1
| #define HAVE_SYS_PARAM_H 1
| #define HAVE_PUTENV 1
| #define HAVE_GETCWD 1
| #define HAVE_GETWD 1
| #define HAVE_MEMCMP 1
| #define HAVE_MEMCPY 1
| #define HAVE_MKSTEMP 1
| #define HAVE_MKTEMP 1
| #define HAVE_STRCHR 1
| #define HAVE_STRRCHR 1
| #define HAVE_DECL_ISASCII 1
| #define HAVE_STRUCT_STAT_ST_MTIM 1
| #define HAVE_IOSTREAM 1
| #define HAVE_DIRENT_H 1
| #define HAVE_FCNTL_H 1
| #define HAVE_UNISTD_H 1
| #define HAVE_SYS_TIME_H 1
| #define HAVE_SYS_WAIT_H 1
| #define HAVE_NEW_HDR 1
| #define WORDS_BIGENDIAN_SET 1
| #define HAVE_STRERROR 1
| #define HAVE_DECL_STRNLEN 1
| #define HAVE_STRNLEN 1
| #define HAVE_CTIME 1
| #define HAVE_FTRUNCATE 1
| #define HAVE_MKSTEMP 1
| #define HAVE_SIGACTION 1
| #define HAVE_STRDUP 1
| #define HAVE_STRTOUL 1
| #define HAVE_VSNPRINTF 1
| #define HAVE_WAITPID 1
| #define HAVE_LIBM 1
| #define HAVE_INTTYPES_H 1
| #define HAVE_SYS_TYPES_H 1
| #define HAVE_UINTPTR_T 1
| #define SIZEOF_VOID_P 8
| #define SIZEOF_UNSIGNED_LONG 8
| #define SIZEOF_UNSIGNED_INT 4
| /* end confdefs.h.  */
| #include <stdio.h>
| #ifdef HAVE_SYS_TYPES_H
| # include <sys/types.h>
| #endif
| #ifdef HAVE_SYS_STAT_H
| # include <sys/stat.h>
| #endif
| #ifdef STDC_HEADERS
| # include <stdlib.h>
| # include <stddef.h>
| #else
| # ifdef HAVE_STDLIB_H
| #  include <stdlib.h>
| # endif
| #endif
| #ifdef HAVE_STRING_H
| # if !defined STDC_HEADERS && defined HAVE_MEMORY_H
| #  include <memory.h>
| # endif
| # include <string.h>
| #endif
| #ifdef HAVE_STRINGS_H
| # include <strings.h>
| #endif
| #ifdef HAVE_INTTYPES_H
| # include <inttypes.h>
| #endif
| #ifdef HAVE_STDINT_H
| # include <stdint.h>
| #endif
| #ifdef HAVE_UNISTD_H
| # include <unistd.h>
| #endif
| #include <byteorder.h>
configure:19118: result: no
configure:19118: checking byteorder.h presence
configure:19118: g++ -E  conftest.cpp
conftest.cpp:69:23: fatal error: byteorder.h: No such file or directory
compilation terminated.
configure:19118: $? = 1
configure: failed program was:
| /* confdefs.h */
| #define PACKAGE_NAME "LCDF typetools (TeX Live)"
| #define PACKAGE_TARNAME "lcdf-typetools--tex-live-"
| #define PACKAGE_VERSION "2.105"
| #define PACKAGE_STRING "LCDF typetools (TeX Live) 2.105"
| #define PACKAGE_BUGREPORT "tex-k@tug.org"
| #define PACKAGE_URL ""
| #define STDC_HEADERS 1
| #define HAVE_SYS_TYPES_H 1
| #define HAVE_SYS_STAT_H 1
| #define HAVE_STDLIB_H 1
| #define HAVE_STRING_H 1
| #define HAVE_MEMORY_H 1
| #define HAVE_STRINGS_H 1
| #define HAVE_INTTYPES_H 1
| #define HAVE_STDINT_H 1
| #define HAVE_UNISTD_H 1
| #define HAVE_DLFCN_H 1
| #define PACKAGE "lcdf-typetools--tex-live-"
| #define VERSION "2.105"
| #define LT_OBJDIR ".libs/"
| #define HAVE_FSEEKO 1
| #define HAVE_DIRENT_H 1
| #define STDC_HEADERS 1
| #define HAVE_ASSERT_H 1
| #define HAVE_FLOAT_H 1
| #define HAVE_LIMITS_H 1
| #define HAVE_PWD_H 1
| #define HAVE_STDLIB_H 1
| #define HAVE_SYS_PARAM_H 1
| #define HAVE_PUTENV 1
| #define HAVE_GETCWD 1
| #define HAVE_GETWD 1
| #define HAVE_MEMCMP 1
| #define HAVE_MEMCPY 1
| #define HAVE_MKSTEMP 1
| #define HAVE_MKTEMP 1
| #define HAVE_STRCHR 1
| #define HAVE_STRRCHR 1
| #define HAVE_DECL_ISASCII 1
| #define HAVE_STRUCT_STAT_ST_MTIM 1
| #define HAVE_IOSTREAM 1
| #define HAVE_DIRENT_H 1
| #define HAVE_FCNTL_H 1
| #define HAVE_UNISTD_H 1
| #define HAVE_SYS_TIME_H 1
| #define HAVE_SYS_WAIT_H 1
| #define HAVE_NEW_HDR 1
| #define WORDS_BIGENDIAN_SET 1
| #define HAVE_STRERROR 1
| #define HAVE_DECL_STRNLEN 1
| #define HAVE_STRNLEN 1
| #define HAVE_CTIME 1
| #define HAVE_FTRUNCATE 1
| #define HAVE_MKSTEMP 1
| #define HAVE_SIGACTION 1
| #define HAVE_STRDUP 1
| #define HAVE_STRTOUL 1
| #define HAVE_VSNPRINTF 1
| #define HAVE_WAITPID 1
| #define HAVE_LIBM 1
| #define HAVE_INTTYPES_H 1
| #define HAVE_SYS_TYPES_H 1
| #define HAVE_UINTPTR_T 1
| #define SIZEOF_VOID_P 8
| #define SIZEOF_UNSIGNED_LONG 8
| #define SIZEOF_UNSIGNED_INT 4
| /* end confdefs.h.  */
| #include <byteorder.h>
configure:19118: result: no
configure:19118: checking for byteorder.h
configure:19118: result: no
configure:19118: checking netinet/in.h usability
configure:19118: g++ -Wreturn-type -Wno-unknown-pragmas -Wno-write-strings -c -g -O2  conftest.cpp >&5
configure:19118: $? = 0
configure:19118: result: yes
configure:19118: checking netinet/in.h presence
configure:19118: g++ -E  conftest.cpp
configure:19118: $? = 0
configure:19118: result: yes
configure:19118: checking for netinet/in.h
configure:19118: result: yes
configure:19118: checking for sys/param.h
configure:19118: result: yes
configure:19128: checking whether ntohs and ntohl are defined
configure:19158: g++ -Wreturn-type -Wno-unknown-pragmas -Wno-write-strings -c -g -O2  conftest.cpp >&5
configure:19158: $? = 0
configure:19159: result: yes
configure:19237: checking for library containing ntohs
configure:19268: gcc -Wimplicit -Wreturn-type -Wdeclaration-after-statement -Wno-unknown-pragmas -o conftest -g -O2   conftest.c -lm  >&5
configure:19268: $? = 0
configure:19285: result: none required
configure:19294: checking for native WIN32 or MINGW32
configure:19312: gcc -Wimplicit -Wreturn-type -Wdeclaration-after-statement -Wno-unknown-pragmas -c -g -O2  conftest.c >&5
conftest.c:72:3: error: unknown type name 'choke'
   choke me
   ^
conftest.c:74:1: error: expected '=', ',', ';', 'asm' or '__attribute__' before 'int'
 int
 ^
configure:19312: $? = 1
configure: failed program was:
| /* confdefs.h */
| #define PACKAGE_NAME "LCDF typetools (TeX Live)"
| #define PACKAGE_TARNAME "lcdf-typetools--tex-live-"
| #define PACKAGE_VERSION "2.105"
| #define PACKAGE_STRING "LCDF typetools (TeX Live) 2.105"
| #define PACKAGE_BUGREPORT "tex-k@tug.org"
| #define PACKAGE_URL ""
| #define STDC_HEADERS 1
| #define HAVE_SYS_TYPES_H 1
| #define HAVE_SYS_STAT_H 1
| #define HAVE_STDLIB_H 1
| #define HAVE_STRING_H 1
| #define HAVE_MEMORY_H 1
| #define HAVE_STRINGS_H 1
| #define HAVE_INTTYPES_H 1
| #define HAVE_STDINT_H 1
| #define HAVE_UNISTD_H 1
| #define HAVE_DLFCN_H 1
| #define PACKAGE "lcdf-typetools--tex-live-"
| #define VERSION "2.105"
| #define LT_OBJDIR ".libs/"
| #define HAVE_FSEEKO 1
| #define HAVE_DIRENT_H 1
| #define STDC_HEADERS 1
| #define HAVE_ASSERT_H 1
| #define HAVE_FLOAT_H 1
| #define HAVE_LIMITS_H 1
| #define HAVE_PWD_H 1
| #define HAVE_STDLIB_H 1
| #define HAVE_SYS_PARAM_H 1
| #define HAVE_PUTENV 1
| #define HAVE_GETCWD 1
| #define HAVE_GETWD 1
| #define HAVE_MEMCMP 1
| #define HAVE_MEMCPY 1
| #define HAVE_MKSTEMP 1
| #define HAVE_MKTEMP 1
| #define HAVE_STRCHR 1
| #define HAVE_STRRCHR 1
| #define HAVE_DECL_ISASCII 1
| #define HAVE_STRUCT_STAT_ST_MTIM 1
| #define HAVE_IOSTREAM 1
| #define HAVE_DIRENT_H 1
| #define HAVE_FCNTL_H 1
| #define HAVE_UNISTD_H 1
| #define HAVE_SYS_TIME_H 1
| #define HAVE_SYS_WAIT_H 1
| #define HAVE_NEW_HDR 1
| #define WORDS_BIGENDIAN_SET 1
| #define HAVE_STRERROR 1
| #define HAVE_DECL_STRNLEN 1
| #define HAVE_STRNLEN 1
| #define HAVE_CTIME 1
| #define HAVE_FTRUNCATE 1
| #define HAVE_MKSTEMP 1
| #define HAVE_SIGACTION 1
| #define HAVE_STRDUP 1
| #define HAVE_STRTOUL 1
| #define HAVE_VSNPRINTF 1
| #define HAVE_WAITPID 1
| #define HAVE_LIBM 1
| #define HAVE_INTTYPES_H 1
| #define HAVE_SYS_TYPES_H 1
| #define HAVE_UINTPTR_T 1
| #define SIZEOF_VOID_P 8
| #define SIZEOF_UNSIGNED_LONG 8
| #define SIZEOF_UNSIGNED_INT 4
| #define HAVE_NETINET_IN_H 1
| #define HAVE_SYS_PARAM_H 1
| /* end confdefs.h.  */
| #ifndef WIN32
|   choke me
| #endif
| int
| main ()
| {
| 
|   ;
|   return 0;
| }
configure:19337: result: no
configure:19351: checking for addressable va_list type
configure:19378: g++ -Wreturn-type -Wno-unknown-pragmas -Wno-write-strings -c -g -O2  conftest.cpp >&5
conftest.cpp: In function 'void g(__va_list_tag*)':
conftest.cpp:75:11: error: cannot convert '__va_list_tag**' to '__va_list_tag (*)[1]' for argument '1' to 'void f(__va_list_tag (*)[1])'
     f(&val);
           ^
configure:19378: $? = 1
configure: failed program was:
| /* confdefs.h */
| #define PACKAGE_NAME "LCDF typetools (TeX Live)"
| #define PACKAGE_TARNAME "lcdf-typetools--tex-live-"
| #define PACKAGE_VERSION "2.105"
| #define PACKAGE_STRING "LCDF typetools (TeX Live) 2.105"
| #define PACKAGE_BUGREPORT "tex-k@tug.org"
| #define PACKAGE_URL ""
| #define STDC_HEADERS 1
| #define HAVE_SYS_TYPES_H 1
| #define HAVE_SYS_STAT_H 1
| #define HAVE_STDLIB_H 1
| #define HAVE_STRING_H 1
| #define HAVE_MEMORY_H 1
| #define HAVE_STRINGS_H 1
| #define HAVE_INTTYPES_H 1
| #define HAVE_STDINT_H 1
| #define HAVE_UNISTD_H 1
| #define HAVE_DLFCN_H 1
| #define PACKAGE "lcdf-typetools--tex-live-"
| #define VERSION "2.105"
| #define LT_OBJDIR ".libs/"
| #define HAVE_FSEEKO 1
| #define HAVE_DIRENT_H 1
| #define STDC_HEADERS 1
| #define HAVE_ASSERT_H 1
| #define HAVE_FLOAT_H 1
| #define HAVE_LIMITS_H 1
| #define HAVE_PWD_H 1
| #define HAVE_STDLIB_H 1
| #define HAVE_SYS_PARAM_H 1
| #define HAVE_PUTENV 1
| #define HAVE_GETCWD 1
| #define HAVE_GETWD 1
| #define HAVE_MEMCMP 1
| #define HAVE_MEMCPY 1
| #define HAVE_MKSTEMP 1
| #define HAVE_MKTEMP 1
| #define HAVE_STRCHR 1
| #define HAVE_STRRCHR 1
| #define HAVE_DECL_ISASCII 1
| #define HAVE_STRUCT_STAT_ST_MTIM 1
| #define HAVE_IOSTREAM 1
| #define HAVE_DIRENT_H 1
| #define HAVE_FCNTL_H 1
| #define HAVE_UNISTD_H 1
| #define HAVE_SYS_TIME_H 1
| #define HAVE_SYS_WAIT_H 1
| #define HAVE_NEW_HDR 1
| #define WORDS_BIGENDIAN_SET 1
| #define HAVE_STRERROR 1
| #define HAVE_DECL_STRNLEN 1
| #define HAVE_STRNLEN 1
| #define HAVE_CTIME 1
| #define HAVE_FTRUNCATE 1
| #define HAVE_MKSTEMP 1
| #define HAVE_SIGACTION 1
| #define HAVE_STRDUP 1
| #define HAVE_STRTOUL 1
| #define HAVE_VSNPRINTF 1
| #define HAVE_WAITPID 1
| #define HAVE_LIBM 1
| #define HAVE_INTTYPES_H 1
| #define HAVE_SYS_TYPES_H 1
| #define HAVE_UINTPTR_T 1
| #define SIZEOF_VOID_P 8
| #define SIZEOF_UNSIGNED_LONG 8
| #define SIZEOF_UNSIGNED_INT 4
| #define HAVE_NETINET_IN_H 1
| #define HAVE_SYS_PARAM_H 1
| /* end confdefs.h.  */
| #include <stdarg.h>
| void f(va_list *) {
| }
| void g(va_list val) {
|     f(&val);
| }
| void h(int a, ...) {
|     va_list val;
|     va_start(val, a);
|     g(val);
|     va_end(val);
| }
| int
| main ()
| {
| h(2, 3, 4);
|   ;
|   return 0;
| }
configure:19385: result: no
configure:19526: creating ./config.lt

## ------------------ ##
## Running config.lt. ##
## ------------------ ##
config.lt:684: creating libtool
configure:21132: checking for pkg-config
configure:21148: found /usr/bin/pkg-config
configure:21159: result: pkg-config
configure:21205: checking if libkpathsea supports debugging
configure:21224: ./libtool --mode=link --tag=CXX g++ -Wreturn-type -Wno-unknown-pragmas -Wno-write-strings -o conftest -g -O2 -I/home/maqiyuan/Desktop/texlive-mobile/src/texlive-source/texk -I/home/maqiyuan/Desktop/texlive-mobile/src/texlive-source/texk   conftest.cpp /home/maqiyuan/Desktop/texlive-mobile/src/texlive-source/texk/kpathsea/libkpathsea.la -lm  >&5
libtool: link: g++ -Wreturn-type -Wno-unknown-pragmas -Wno-write-strings -o conftest -g -O2 -I/home/maqiyuan/Desktop/texlive-mobile/src/texlive-source/texk -I/home/maqiyuan/Desktop/texlive-mobile/src/texlive-source/texk conftest.cpp  /home/maqiyuan/Desktop/texlive-mobile/src/texlive-source/texk/kpathsea/.libs/libkpathsea.a -lm
configure:21224: $? = 0
configure:21235: result: yes
configure:21249: checking for kpathsea headers and library
configure:21262: ./libtool --mode=link --tag=CXX g++ -Wreturn-type -Wno-unknown-pragmas -Wno-write-strings -o conftest -g -O2 -I/home/maqiyuan/Desktop/texlive-mobile/src/texlive-source/texk -I/home/maqiyuan/Desktop/texlive-mobile/src/texlive-source/texk   conftest.cpp /home/maqiyuan/Desktop/texlive-mobile/src/texlive-source/texk/kpathsea/libkpathsea.la -lm  >&5
libtool: link: g++ -Wreturn-type -Wno-unknown-pragmas -Wno-write-strings -o conftest -g -O2 -I/home/maqiyuan/Desktop/texlive-mobile/src/texlive-source/texk -I/home/maqiyuan/Desktop/texlive-mobile/src/texlive-source/texk conftest.cpp  /home/maqiyuan/Desktop/texlive-mobile/src/texlive-source/texk/kpathsea/.libs/libkpathsea.a -lm
configure:21262: $? = 0
configure:21263: result: yes
configure:21265: checking whether kpse_opentype_format is declared
configure:21265: g++ -Wreturn-type -Wno-unknown-pragmas -Wno-write-strings -c -g -O2 -I/home/maqiyuan/Desktop/texlive-mobile/src/texlive-source/texk -I/home/maqiyuan/Desktop/texlive-mobile/src/texlive-source/texk  conftest.cpp >&5
configure:21265: $? = 0
configure:21265: result: yes
configure:21277: checking whether kpse_enc_format is declared
configure:21277: g++ -Wreturn-type -Wno-unknown-pragmas -Wno-write-strings -c -g -O2 -I/home/maqiyuan/Desktop/texlive-mobile/src/texlive-source/texk -I/home/maqiyuan/Desktop/texlive-mobile/src/texlive-source/texk  conftest.cpp >&5
configure:21277: $? = 0
configure:21277: result: yes
configure:21557: checking that generated files are newer than configure
configure:21563: result: done
configure:21607: creating ./config.status

## ---------------------- ##
## Running config.status. ##
## ---------------------- ##

This file was extended by LCDF typetools (TeX Live) config.status 2.105, which was
generated by GNU Autoconf 2.69.  Invocation command line was

  CONFIG_FILES    = 
  CONFIG_HEADERS  = 
  CONFIG_LINKS    = 
  CONFIG_COMMANDS = 
  $ ./config.status 

on maqiyuan-E430c

config.status:1254: creating Makefile
config.status:1254: creating lcdf-typetools-2.105/Makefile
config.status:1254: creating lcdf-typetools-2.105/liblcdf/Makefile
config.status:1254: creating lcdf-typetools-2.105/libefont/Makefile
config.status:1254: creating lcdf-typetools-2.105/cfftot1/Makefile
config.status:1254: creating lcdf-typetools-2.105/mmafm/Makefile
config.status:1254: creating lcdf-typetools-2.105/mmpfb/Makefile
config.status:1254: creating lcdf-typetools-2.105/otfinfo/Makefile
config.status:1254: creating lcdf-typetools-2.105/otftotfm/Makefile
config.status:1254: creating lcdf-typetools-2.105/t1dotlessj/Makefile
config.status:1254: creating lcdf-typetools-2.105/t1lint/Makefile
config.status:1254: creating lcdf-typetools-2.105/t1rawafm/Makefile
config.status:1254: creating lcdf-typetools-2.105/t1reencode/Makefile
config.status:1254: creating lcdf-typetools-2.105/t1testpage/Makefile
config.status:1254: creating lcdf-typetools-2.105/ttftotype42/Makefile
config.status:1254: creating autoconf.h
config.status:1483: executing depfiles commands
config.status:1483: executing libtool commands
config.status:1483: executing CXXLD.sh commands

## ---------------- ##
## Cache variables. ##
## ---------------- ##

ac_cv_broken_strnlen=no
ac_cv_broken_strtod=no
ac_cv_build=x86_64-pc-linux-gnu
ac_cv_c_bigendian=no
ac_cv_c_compiler_gnu=yes
ac_cv_c_const=yes
ac_cv_c_inline=inline
ac_cv_c_int64_t=yes
ac_cv_c_uint64_t=yes
ac_cv_cxx_compiler_gnu=yes
ac_cv_cxx_templobjs=nowhere
ac_cv_env_CCC_set=
ac_cv_env_CCC_value=
ac_cv_env_CC_set=
ac_cv_env_CC_value=
ac_cv_env_CFLAGS_set=
ac_cv_env_CFLAGS_value=
ac_cv_env_CPPFLAGS_set=
ac_cv_env_CPPFLAGS_value=
ac_cv_env_CPP_set=
ac_cv_env_CPP_value=
ac_cv_env_CXXCPP_set=
ac_cv_env_CXXCPP_value=
ac_cv_env_CXXFLAGS_set=
ac_cv_env_CXXFLAGS_value=
ac_cv_env_CXX_set=
ac_cv_env_CXX_value=
ac_cv_env_LDFLAGS_set=
ac_cv_env_LDFLAGS_value=
ac_cv_env_LIBS_set=
ac_cv_env_LIBS_value=
ac_cv_env_LT_SYS_LIBRARY_PATH_set=
ac_cv_env_LT_SYS_LIBRARY_PATH_value=
ac_cv_env_build_alias_set=
ac_cv_env_build_alias_value=
ac_cv_env_host_alias_set=
ac_cv_env_host_alias_value=
ac_cv_env_target_alias_set=
ac_cv_env_target_alias_value=
ac_cv_func_closedir_void=no
ac_cv_func_ctime=yes
ac_cv_func_fabs=yes
ac_cv_func_floor=no
ac_cv_func_ftruncate=yes
ac_cv_func_getcwd=yes
ac_cv_func_getwd=yes
ac_cv_func_memcmp=yes
ac_cv_func_memcpy=yes
ac_cv_func_mkstemp=yes
ac_cv_func_mktemp=yes
ac_cv_func_putenv=yes
ac_cv_func_sigaction=yes
ac_cv_func_strchr=yes
ac_cv_func_strdup=yes
ac_cv_func_strerror=yes
ac_cv_func_strnlen=yes
ac_cv_func_strrchr=yes
ac_cv_func_strtoul=yes
ac_cv_func_vsnprintf=yes
ac_cv_func_waitpid=yes
ac_cv_good_new_hdr=yes
ac_cv_have_decl_isascii=yes
ac_cv_have_decl_kpse_enc_format=yes
ac_cv_have_decl_kpse_opentype_format=yes
ac_cv_have_decl_strnlen=yes
ac_cv_header_assert_h=yes
ac_cv_header_byteorder_h=no
ac_cv_header_dirent_dirent_h=yes
ac_cv_header_dlfcn_h=yes
ac_cv_header_fcntl_h=yes
ac_cv_header_float_h=yes
ac_cv_header_inttypes_h=yes
ac_cv_header_iostream=yes
ac_cv_header_limits_h=yes
ac_cv_header_memory_h=yes
ac_cv_header_netinet_in_h=yes
ac_cv_header_new_h=no
ac_cv_header_pwd_h=yes
ac_cv_header_stdc=yes
ac_cv_header_stdint_h=yes
ac_cv_header_stdlib_h=yes
ac_cv_header_string_h=yes
ac_cv_header_strings_h=yes
ac_cv_header_sys_param_h=yes
ac_cv_header_sys_stat_h=yes
ac_cv_header_sys_time_h=yes
ac_cv_header_sys_types_h=yes
ac_cv_header_sys_wait_h=yes
ac_cv_header_unistd_h=yes
ac_cv_host=x86_64-pc-linux-gnu
ac_cv_lib_m_floor=yes
ac_cv_member_struct_stat_st_mtim=yes
ac_cv_objext=o
ac_cv_path_EGREP='/bin/grep -E'
ac_cv_path_FGREP='/bin/grep -F'
ac_cv_path_GREP=/bin/grep
ac_cv_path_SED=/bin/sed
ac_cv_path_install='/usr/bin/install -c'
ac_cv_path_lt_DD=/bin/dd
ac_cv_path_mkdir=/bin/mkdir
ac_cv_prog_AWK=gawk
ac_cv_prog_CPP='gcc -E'
ac_cv_prog_CXXCPP='g++ -E'
ac_cv_prog_ac_ct_AR=ar
ac_cv_prog_ac_ct_CC=gcc
ac_cv_prog_ac_ct_CXX=g++
ac_cv_prog_ac_ct_MANIFEST_TOOL=mt
ac_cv_prog_ac_ct_OBJDUMP=objdump
ac_cv_prog_ac_ct_PKG_CONFIG=pkg-config
ac_cv_prog_ac_ct_RANLIB=ranlib
ac_cv_prog_ac_ct_STRIP=strip
ac_cv_prog_cc_c89=
ac_cv_prog_cc_g=yes
ac_cv_prog_cxx_g=yes
ac_cv_prog_make_make_set=yes
ac_cv_search_ntohs='none required'
ac_cv_search_opendir='none required'
ac_cv_sizeof_unsigned_int=4
ac_cv_sizeof_unsigned_long=8
ac_cv_sizeof_void_p=8
ac_cv_sys_file_offset_bits=no
ac_cv_sys_largefile_CC=no
ac_cv_sys_largefile_source=no
ac_cv_type_size_t=yes
ac_cv_type_uintptr_t=yes
ac_cv_va_list_addr=no
am_cv_CC_dependencies_compiler_type=gcc3
am_cv_CXX_dependencies_compiler_type=gcc3
am_cv_make_support_nested_variables=yes
am_cv_prog_cc_c_o=yes
kb_cv_c_prototypes=yes
kpse_cv_cxx_flags='-nodefaultlibs -Wl,-Bstatic -lstdc++ -Wl,-Bdynamic -lm -lgcc_eh -lgcc -lc -lgcc_eh -lgcc'
kpse_cv_cxx_hack=ok
kpse_cv_have_win32=no
kpse_cv_kpse_debug=yes
kpse_cv_warning_cflags='-Wimplicit -Wreturn-type -Wdeclaration-after-statement -Wno-unknown-pragmas'
kpse_cv_warning_cxxflags='-Wreturn-type -Wno-unknown-pragmas -Wno-write-strings'
lt_cv_ar_at_file=@
lt_cv_deplibs_check_method=pass_all
lt_cv_file_magic_cmd='$MAGIC_CMD'
lt_cv_file_magic_test_file=
lt_cv_ld_reload_flag=-r
lt_cv_nm_interface='BSD nm'
lt_cv_objdir=.libs
lt_cv_path_LD=/usr/bin/ld
lt_cv_path_LDCXX='/usr/bin/ld -m elf_x86_64'
lt_cv_path_NM='/usr/bin/nm -B'
lt_cv_path_mainfest_tool=no
lt_cv_prog_compiler_c_o=yes
lt_cv_prog_compiler_c_o_CXX=yes
lt_cv_prog_compiler_pic='-fPIC -DPIC'
lt_cv_prog_compiler_pic_CXX='-fPIC -DPIC'
lt_cv_prog_compiler_pic_works=yes
lt_cv_prog_compiler_pic_works_CXX=yes
lt_cv_prog_compiler_rtti_exceptions=no
lt_cv_prog_compiler_static_works=yes
lt_cv_prog_compiler_static_works_CXX=yes
lt_cv_prog_gnu_ld=yes
lt_cv_prog_gnu_ldcxx=yes
lt_cv_sharedlib_from_linklib_cmd='printf %s\n'
lt_cv_shlibpath_overrides_runpath=no
lt_cv_sys_global_symbol_pipe='sed -n -e '\''s/^.*[	 ]\([ABCDGIRSTW][ABCDGIRSTW]*\)[	 ][	 ]*\([_A-Za-z][_A-Za-z0-9]*\)$/\1 \2 \2/p'\'' | sed '\''/ __gnu_lto/d'\'''
lt_cv_sys_global_symbol_to_c_name_address='sed -n -e '\''s/^: \(.*\) .*$/  {"\1", (void *) 0},/p'\'' -e '\''s/^[ABCDGIRSTW][ABCDGIRSTW]* .* \(.*\)$/  {"\1", (void *) \&\1},/p'\'''
lt_cv_sys_global_symbol_to_c_name_address_lib_prefix='sed -n -e '\''s/^: \(.*\) .*$/  {"\1", (void *) 0},/p'\'' -e '\''s/^[ABCDGIRSTW][ABCDGIRSTW]* .* \(lib.*\)$/  {"\1", (void *) \&\1},/p'\'' -e '\''s/^[ABCDGIRSTW][ABCDGIRSTW]* .* \(.*\)$/  {"lib\1", (void *) \&\1},/p'\'''
lt_cv_sys_global_symbol_to_cdecl='sed -n -e '\''s/^T .* \(.*\)$/extern int \1();/p'\'' -e '\''s/^[ABCDGIRSTW][ABCDGIRSTW]* .* \(.*\)$/extern char \1;/p'\'''
lt_cv_sys_global_symbol_to_import=
lt_cv_sys_max_cmd_len=1572864
lt_cv_to_host_file_cmd=func_convert_file_noop
lt_cv_to_tool_file_cmd=func_convert_file_noop
lt_cv_truncate_bin='/bin/dd bs=4096 count=1'

## ----------------- ##
## Output variables. ##
## ----------------- ##

	cd ${top_builddir}/../kpathsea && $(MAKE) $(AM_MAKEFLAGS) rebuild
	cd ${top_builddir}/../kpathsea && $(MAKE) $(AM_MAKEFLAGS) rebuild'
$(KPATHSEA_DEPEND): ${top_srcdir}/../kpathsea/*.[ch] ${top_builddir}/../kpathsea/paths.h
${top_builddir}/../kpathsea/paths.h:
ACLOCAL='${SHELL} /home/maqiyuan/Desktop/texlive-mobile/src/texlive-source/build-aux/missing aclocal-1.15'
AMDEPBACKSLASH='\'
AMDEP_FALSE='#'
AMDEP_TRUE=''
AMTAR='$${TAR-tar}'
AM_BACKSLASH='\'
AM_DEFAULT_V='$(AM_DEFAULT_VERBOSITY)'
AM_DEFAULT_VERBOSITY='1'
AM_V='$(V)'
AR='ar'
AS='as'
AUTOCONF='${SHELL} /home/maqiyuan/Desktop/texlive-mobile/src/texlive-source/build-aux/missing autoconf'
AUTOHEADER='${SHELL} /home/maqiyuan/Desktop/texlive-mobile/src/texlive-source/build-aux/missing autoheader'
AUTOMAKE='${SHELL} /home/maqiyuan/Desktop/texlive-mobile/src/texlive-source/build-aux/missing automake-1.15'
AWK='gawk'
CC='gcc -Wimplicit -Wreturn-type -Wdeclaration-after-statement -Wno-unknown-pragmas'
CCDEPMODE='depmode=gcc3'
CFLAGS='-g -O2'
CPP='gcc -E'
CPPFLAGS=''
CXX='g++ -Wreturn-type -Wno-unknown-pragmas -Wno-write-strings'
CXXCPP='g++ -E'
CXXDEPMODE='depmode=gcc3'
CXXFLAGS='-g -O2'
CXXLD='$(top_builddir)/CXXLD.sh'
CYGPATH_W='echo'
DEFS='-DHAVE_CONFIG_H'
DEPDIR='.deps'
DLLTOOL='false'
DSYMUTIL=''
DUMPBIN=''
ECHO_C=''
ECHO_N='-n'
ECHO_T=''
EGREP='/bin/grep -E'
EXEEXT=''
FGREP='/bin/grep -F'
FIXLIBC_FALSE=''
FIXLIBC_TRUE='#'
GREP='/bin/grep'
INSTALL_DATA='${INSTALL} -m 644'
INSTALL_PROGRAM='${INSTALL}'
INSTALL_SCRIPT='${INSTALL}'
INSTALL_STRIP_PROGRAM='$(install_sh) -c -s'
KPATHSEA_DEPEND='${top_builddir}/../kpathsea/libkpathsea.la'
KPATHSEA_INCLUDES='-I/home/maqiyuan/Desktop/texlive-mobile/src/texlive-source/texk -I/home/maqiyuan/Desktop/texlive-mobile/src/texlive-source/texk'
KPATHSEA_LIBS='/home/maqiyuan/Desktop/texlive-mobile/src/texlive-source/texk/kpathsea/libkpathsea.la'
KPATHSEA_RULE='# Rebuild libkpathsea
LCDF_TYPETOOLS_TREE='lcdf-typetools-2.105'
LCDF_TYPETOOLS_VERSION='2.105'
LD='/usr/bin/ld -m elf_x86_64'
LDFLAGS=''
LIBOBJS=''
LIBS='-lm '
LIBTOOL='$(SHELL) $(top_builddir)/libtool'
LIPO=''
LN_S='ln -s'
LTLIBOBJS=''
LT_SYS_LIBRARY_PATH=''
MAINT='#'
MAINTAINER_MODE_FALSE=''
MAINTAINER_MODE_TRUE='#'
MAKEINFO='${SHELL} /home/maqiyuan/Desktop/texlive-mobile/src/texlive-source/build-aux/missing makeinfo'
MANIFEST_TOOL=':'
MKDIR_P='/bin/mkdir -p'
NM='/usr/bin/nm -B'
NMEDIT=''
OBJDUMP='objdump'
OBJEXT='o'
OTOOL64=''
OTOOL=''
PACKAGE='lcdf-typetools--tex-live-'
PACKAGE_BUGREPORT='tex-k@tug.org'
PACKAGE_NAME='LCDF typetools (TeX Live)'
PACKAGE_STRING='LCDF typetools (TeX Live) 2.105'
PACKAGE_TARNAME='lcdf-typetools--tex-live-'
PACKAGE_URL=''
PACKAGE_VERSION='2.105'
PATH_SEPARATOR=':'
PKG_CONFIG='pkg-config'
RANLIB='ranlib'
SED='/bin/sed'
SELECTED_SUBDIRS=' cfftot1 mmafm mmpfb otfinfo otftotfm t1dotlessj t1lint t1rawafm t1reencode t1testpage ttftotype42'
SET_MAKE=''
SHELL='/bin/bash'
STRIP='strip'
TEMPLATE_OBJS=''
VERSION='2.105'
WARNING_CFLAGS='-Wimplicit -Wreturn-type -Wdeclaration-after-statement -Wno-unknown-pragmas'
WARNING_CXXFLAGS='-Wreturn-type -Wno-unknown-pragmas -Wno-write-strings'
ac_ct_AR='ar'
ac_ct_CC='gcc'
ac_ct_CXX='g++'
ac_ct_DUMPBIN=''
am__EXEEXT_FALSE=''
am__EXEEXT_TRUE='#'
am__fastdepCC_FALSE='#'
am__fastdepCC_TRUE=''
am__fastdepCXX_FALSE='#'
am__fastdepCXX_TRUE=''
am__include='include'
am__isrc=''
am__leading_dot='.'
am__nodep='_no'
am__quote=''
am__tar='$${TAR-tar} chof - "$$tardir"'
am__untar='$${TAR-tar} xf -'
bindir='${exec_prefix}/bin/x86_64-pc-linux-gnu'
build='x86_64-pc-linux-gnu'
build_alias=''
build_cpu='x86_64'
build_os='linux-gnu'
build_vendor='pc'
datadir='/usr/local'
datarootdir='${prefix}'
docdir='${datarootdir}/doc/${PACKAGE_TARNAME}'
dvidir='${docdir}'
encdir='${datarootdir}/texmf-dist/fonts/enc/dvips/base'
exec_prefix='${prefix}'
glyphlistdir='${datarootdir}/texmf-dist/fonts/map/glyphlist'
have_kpathsea_FALSE='#'
have_kpathsea_TRUE=''
host='x86_64-pc-linux-gnu'
host_alias=''
host_cpu='x86_64'
host_os='linux-gnu'
host_vendor='pc'
htmldir='${docdir}'
includedir='${prefix}/include'
infodir='${prefix}/texmf-dist/doc/info'
install_sh='${SHELL} /home/maqiyuan/Desktop/texlive-mobile/src/texlive-source/build-aux/install-sh'
libdir='${exec_prefix}/lib/x86_64-pc-linux-gnu'
libexecdir='${exec_prefix}/libexec'
localedir='${datarootdir}/locale'
localstatedir='${prefix}/var'
mandir='${prefix}/texmf-dist/doc/man'
mkdir_p='$(MKDIR_P)'
oldincludedir='/usr/include'
pdfdir='${docdir}'
prefix='/usr/local'
program_transform_name='s,x,x,'
psdir='${docdir}'
sbindir='${exec_prefix}/sbin'
sharedstatedir='${prefix}/com'
sysconfdir='${prefix}/etc'
target_alias=''
texlive_build_FALSE='#'
texlive_build_TRUE=''

## ----------- ##
## confdefs.h. ##
## ----------- ##

/* confdefs.h */
#define PACKAGE_NAME "LCDF typetools (TeX Live)"
#define PACKAGE_TARNAME "lcdf-typetools--tex-live-"
#define PACKAGE_VERSION "2.105"
#define PACKAGE_STRING "LCDF typetools (TeX Live) 2.105"
#define PACKAGE_BUGREPORT "tex-k@tug.org"
#define PACKAGE_URL ""
#define STDC_HEADERS 1
#define HAVE_SYS_TYPES_H 1
#define HAVE_SYS_STAT_H 1
#define HAVE_STDLIB_H 1
#define HAVE_STRING_H 1
#define HAVE_MEMORY_H 1
#define HAVE_STRINGS_H 1
#define HAVE_INTTYPES_H 1
#define HAVE_STDINT_H 1
#define HAVE_UNISTD_H 1
#define HAVE_DLFCN_H 1
#define PACKAGE "lcdf-typetools--tex-live-"
#define VERSION "2.105"
#define LT_OBJDIR ".libs/"
#define HAVE_FSEEKO 1
#define HAVE_DIRENT_H 1
#define STDC_HEADERS 1
#define HAVE_ASSERT_H 1
#define HAVE_FLOAT_H 1
#define HAVE_LIMITS_H 1
#define HAVE_PWD_H 1
#define HAVE_STDLIB_H 1
#define HAVE_SYS_PARAM_H 1
#define HAVE_PUTENV 1
#define HAVE_GETCWD 1
#define HAVE_GETWD 1
#define HAVE_MEMCMP 1
#define HAVE_MEMCPY 1
#define HAVE_MKSTEMP 1
#define HAVE_MKTEMP 1
#define HAVE_STRCHR 1
#define HAVE_STRRCHR 1
#define HAVE_DECL_ISASCII 1
#define HAVE_STRUCT_STAT_ST_MTIM 1
#define HAVE_IOSTREAM 1
#define HAVE_DIRENT_H 1
#define HAVE_FCNTL_H 1
#define HAVE_UNISTD_H 1
#define HAVE_SYS_TIME_H 1
#define HAVE_SYS_WAIT_H 1
#define HAVE_NEW_HDR 1
#define WORDS_BIGENDIAN_SET 1
#define HAVE_STRERROR 1
#define HAVE_DECL_STRNLEN 1
#define HAVE_STRNLEN 1
#define HAVE_CTIME 1
#define HAVE_FTRUNCATE 1
#define HAVE_MKSTEMP 1
#define HAVE_SIGACTION 1
#define HAVE_STRDUP 1
#define HAVE_STRTOUL 1
#define HAVE_VSNPRINTF 1
#define HAVE_WAITPID 1
#define HAVE_LIBM 1
#define HAVE_INTTYPES_H 1
#define HAVE_SYS_TYPES_H 1
#define HAVE_UINTPTR_T 1
#define SIZEOF_VOID_P 8
#define SIZEOF_UNSIGNED_LONG 8
#define SIZEOF_UNSIGNED_INT 4
#define HAVE_NETINET_IN_H 1
#define HAVE_SYS_PARAM_H 1
#define HAVE_AUTO_CFFTOT1 1
#define HAVE_AUTO_T1DOTLESSJ 1
#define HAVE_AUTO_TTFTOTYPE42 1
#define HAVE_AUTO_UPDMAP 1
#define HAVE_DECL_KPSE_OPENTYPE_FORMAT 1
#define HAVE_DECL_KPSE_ENC_FORMAT 1
#define HAVE_KPATHSEA 1
#define HAVE_PERMSTRING 1
#define MMAFM_RUN_MMPFB 1
#define GLYPHLISTDIR "/nonesuch"

configure: exit 0
