This file contains any messages produced by compilers while
running configure, to aid debugging if configure makes a mistake.

It was created by upmendex (TeX Live) configure 0.50, which was
generated by GNU Autoconf 2.69.  Invocation command line was

  $ ./configure --disable-option-checking --prefix=/usr/local --enable-build-in-source-tree --enable-native-texlive-build --enable-largefile --disable-silent-rules --enable-multiplatform=yes --enable-cxx-runtime-hack=yes --enable-libtool-hack=yes --disable-shared --enable-texlive-build --bindir=${exec_prefix}/bin/x86_64-pc-linux-gnu --libdir=${exec_prefix}/lib/x86_64-pc-linux-gnu --with-x --enable-autosp=yes --enable-devnag=yes --enable-lacheck=yes --enable-m-tx=yes --enable-pmx=yes --enable-ps2eps=yes --enable-t1utils=yes --enable-texdoctk=yes --enable-tpic2pdftex=yes --enable-vlna=yes --enable-xindy=no --with-clisp-runtime=default --enable-xpdfopen=yes --enable-web2c=yes --enable-afm2pl=yes --enable-bibtex-x=yes --enable-chktex=yes --enable-cjkutils=yes --enable-detex=yes --enable-dtl=yes --enable-dvi2tty=yes --enable-dvidvi=yes --enable-dviljk=yes --enable-dvipdfm-x=yes --enable-dvipng=yes --enable-dvipos=yes --enable-dvipsk=yes --enable-dvisvgm=yes --enable-gregorio=yes --enable-gsftopk=yes --enable-lcdf-typetools=yes --enable-makeindexk=yes --enable-makejvf=yes --enable-mendexk=yes --enable-musixtnt=yes --enable-ps2pk=yes --enable-psutils=yes --enable-seetexk=yes --enable-tex4htk=yes --enable-ttf2pk2=yes --enable-ttfdump=yes --enable-upmendex=yes --enable-xdvik=yes --enable-texlive=yes --with-system-harfbuzz=no --with-system-icu=no --with-system-teckit=no --with-system-graphite2=no --with-system-zziplib=no --with-system-xpdf=no --with-system-poppler=no --with-system-mpfr=no --with-system-gmp=no --with-system-cairo=no --with-system-pixman=no --with-system-potrace=no --with-system-gd=no --with-system-freetype2=no --with-system-libpng=no --with-system-libpaper=no --with-system-zlib=no --with-system-ptexenc=no --with-system-kpathsea=no --datarootdir=${prefix} --mandir=${prefix}/texmf-dist/doc/man --infodir=${prefix}/texmf-dist/doc/info --cache-file=/dev/null --srcdir=.

## --------- ##
## Platform. ##
## --------- ##

hostname = maqiyuan-E430c
uname -m = x86_64
uname -r = 4.4.0-34-generic
uname -s = Linux
uname -v = #53-Ubuntu SMP Wed Jul 27 16:06:39 UTC 2016

/usr/bin/uname -p = unknown
/bin/uname -X     = unknown

/bin/arch              = unknown
/usr/bin/arch -k       = unknown
/usr/convex/getsysinfo = unknown
/usr/bin/hostinfo      = unknown
/bin/machine           = unknown
/usr/bin/oslevel       = unknown
/bin/universe          = unknown

PATH: /usr/local/sbin
PATH: /usr/local/bin
PATH: /usr/sbin
PATH: /usr/bin
PATH: /sbin
PATH: /bin
PATH: /usr/games
PATH: /usr/local/games
PATH: /snap/bin
PATH: /home/maqiyuan/bin/FDK/Tools/linux


## ----------- ##
## Core tests. ##
## ----------- ##

configure:2915: checking for g++
configure:2931: found /usr/bin/g++
configure:2942: result: g++
configure:2969: checking for C++ compiler version
configure:2978: g++ --version >&5
g++ (Ubuntu 5.4.0-6ubuntu1~16.04.1) 5.4.0 20160609
Copyright (C) 2015 Free Software Foundation, Inc.
This is free software; see the source for copying conditions.  There is NO
warranty; not even for MERCHANTABILITY or FITNESS FOR A PARTICULAR PURPOSE.

configure:2989: $? = 0
configure:2978: g++ -v >&5
Using built-in specs.
COLLECT_GCC=g++
COLLECT_LTO_WRAPPER=/usr/lib/gcc/x86_64-linux-gnu/5/lto-wrapper
Target: x86_64-linux-gnu
Configured with: ../src/configure -v --with-pkgversion='Ubuntu 5.4.0-6ubuntu1~16.04.1' --with-bugurl=file:///usr/share/doc/gcc-5/README.Bugs --enable-languages=c,ada,c++,java,go,d,fortran,objc,obj-c++ --prefix=/usr --program-suffix=-5 --enable-shared --enable-linker-build-id --libexecdir=/usr/lib --without-included-gettext --enable-threads=posix --libdir=/usr/lib --enable-nls --with-sysroot=/ --enable-clocale=gnu --enable-libstdcxx-debug --enable-libstdcxx-time=yes --with-default-libstdcxx-abi=new --enable-gnu-unique-object --disable-vtable-verify --enable-libmpx --enable-plugin --with-system-zlib --disable-browser-plugin --enable-java-awt=gtk --enable-gtk-cairo --with-java-home=/usr/lib/jvm/java-1.5.0-gcj-5-amd64/jre --enable-java-home --with-jvm-root-dir=/usr/lib/jvm/java-1.5.0-gcj-5-amd64 --with-jvm-jar-dir=/usr/lib/jvm-exports/java-1.5.0-gcj-5-amd64 --with-arch-directory=amd64 --with-ecj-jar=/usr/share/java/eclipse-ecj.jar --enable-objc-gc --enable-multiarch --disable-werror --with-arch-32=i686 --with-abi=m64 --with-multilib-list=m32,m64,mx32 --enable-multilib --with-tune=generic --enable-checking=release --build=x86_64-linux-gnu --host=x86_64-linux-gnu --target=x86_64-linux-gnu
Thread model: posix
gcc version 5.4.0 20160609 (Ubuntu 5.4.0-6ubuntu1~16.04.1) 
configure:2989: $? = 0
configure:2978: g++ -V >&5
g++: error: unrecognized command line option '-V'
g++: fatal error: no input files
compilation terminated.
configure:2989: $? = 1
configure:2978: g++ -qversion >&5
g++: error: unrecognized command line option '-qversion'
g++: fatal error: no input files
compilation terminated.
configure:2989: $? = 1
configure:3009: checking whether the C++ compiler works
configure:3031: g++    conftest.cpp  >&5
configure:3035: $? = 0
configure:3083: result: yes
configure:3086: checking for C++ compiler default output file name
configure:3088: result: a.out
configure:3094: checking for suffix of executables
configure:3101: g++ -o conftest    conftest.cpp  >&5
configure:3105: $? = 0
configure:3127: result: 
configure:3149: checking whether we are cross compiling
configure:3157: g++ -o conftest    conftest.cpp  >&5
configure:3161: $? = 0
configure:3168: ./conftest
configure:3172: $? = 0
configure:3187: result: no
configure:3192: checking for suffix of object files
configure:3214: g++ -c   conftest.cpp >&5
configure:3218: $? = 0
configure:3239: result: o
configure:3243: checking whether we are using the GNU C++ compiler
configure:3262: g++ -c   conftest.cpp >&5
configure:3262: $? = 0
configure:3271: result: yes
configure:3280: checking whether g++ accepts -g
configure:3300: g++ -c -g  conftest.cpp >&5
configure:3300: $? = 0
configure:3341: result: yes
configure:3368: checking build system type
configure:3382: result: x86_64-pc-linux-gnu
configure:3402: checking host system type
configure:3415: result: x86_64-pc-linux-gnu
configure:3446: checking how to run the C++ preprocessor
configure:3473: g++ -E  conftest.cpp
configure:3473: $? = 0
configure:3487: g++ -E  conftest.cpp
conftest.cpp:9:28: fatal error: ac_nonexistent.h: No such file or directory
compilation terminated.
configure:3487: $? = 1
configure: failed program was:
| /* confdefs.h */
| #define PACKAGE_NAME "upmendex (TeX Live)"
| #define PACKAGE_TARNAME "upmendex--tex-live-"
| #define PACKAGE_VERSION "0.50"
| #define PACKAGE_STRING "upmendex (TeX Live) 0.50"
| #define PACKAGE_BUGREPORT ""
| #define PACKAGE_URL ""
| /* end confdefs.h.  */
| #include <ac_nonexistent.h>
configure:3512: result: g++ -E
configure:3532: g++ -E  conftest.cpp
configure:3532: $? = 0
configure:3546: g++ -E  conftest.cpp
conftest.cpp:9:28: fatal error: ac_nonexistent.h: No such file or directory
compilation terminated.
configure:3546: $? = 1
configure: failed program was:
| /* confdefs.h */
| #define PACKAGE_NAME "upmendex (TeX Live)"
| #define PACKAGE_TARNAME "upmendex--tex-live-"
| #define PACKAGE_VERSION "0.50"
| #define PACKAGE_STRING "upmendex (TeX Live) 0.50"
| #define PACKAGE_BUGREPORT ""
| #define PACKAGE_URL ""
| /* end confdefs.h.  */
| #include <ac_nonexistent.h>
configure:3575: checking for grep that handles long lines and -e
configure:3633: result: /bin/grep
configure:3638: checking for egrep
configure:3700: result: /bin/grep -E
configure:3705: checking for ANSI C header files
configure:3725: g++ -c -g -O2  conftest.cpp >&5
configure:3725: $? = 0
configure:3798: g++ -o conftest -g -O2   conftest.cpp  >&5
configure:3798: $? = 0
configure:3798: ./conftest
configure:3798: $? = 0
configure:3809: result: yes
configure:3822: checking for sys/types.h
configure:3822: g++ -c -g -O2  conftest.cpp >&5
configure:3822: $? = 0
configure:3822: result: yes
configure:3822: checking for sys/stat.h
configure:3822: g++ -c -g -O2  conftest.cpp >&5
configure:3822: $? = 0
configure:3822: result: yes
configure:3822: checking for stdlib.h
configure:3822: g++ -c -g -O2  conftest.cpp >&5
configure:3822: $? = 0
configure:3822: result: yes
configure:3822: checking for string.h
configure:3822: g++ -c -g -O2  conftest.cpp >&5
configure:3822: $? = 0
configure:3822: result: yes
configure:3822: checking for memory.h
configure:3822: g++ -c -g -O2  conftest.cpp >&5
configure:3822: $? = 0
configure:3822: result: yes
configure:3822: checking for strings.h
configure:3822: g++ -c -g -O2  conftest.cpp >&5
configure:3822: $? = 0
configure:3822: result: yes
configure:3822: checking for inttypes.h
configure:3822: g++ -c -g -O2  conftest.cpp >&5
configure:3822: $? = 0
configure:3822: result: yes
configure:3822: checking for stdint.h
configure:3822: g++ -c -g -O2  conftest.cpp >&5
configure:3822: $? = 0
configure:3822: result: yes
configure:3822: checking for unistd.h
configure:3822: g++ -c -g -O2  conftest.cpp >&5
configure:3822: $? = 0
configure:3822: result: yes
configure:3844: checking iostream usability
configure:3844: g++ -c -g -O2  conftest.cpp >&5
configure:3844: $? = 0
configure:3844: result: yes
configure:3844: checking iostream presence
configure:3844: g++ -E  conftest.cpp
configure:3844: $? = 0
configure:3844: result: yes
configure:3844: checking for iostream
configure:3844: result: yes
configure:3854: checking for statically linking C++ runtime library
configure:3887: g++ -o conftest -g -O2   conftest.cpp  -nodefaultlibs -Wl,-Bstatic -lstdc++ -Wl,-Bdynamic -lm -lgcc_eh -lgcc -lc -lgcc_eh -lgcc >&5
configure:3887: $? = 0
configure:3910: result: ok
configure:3913: using -nodefaultlibs -Wl,-Bstatic -lstdc++ -Wl,-Bdynamic -lm -lgcc_eh -lgcc -lc -lgcc_eh -lgcc
configure:3955: checking for a BSD-compatible install
configure:4023: result: /usr/bin/install -c
configure:4034: checking whether build environment is sane
configure:4089: result: yes
configure:4240: checking for a thread-safe mkdir -p
configure:4279: result: /bin/mkdir -p
configure:4286: checking for gawk
configure:4302: found /usr/bin/gawk
configure:4313: result: gawk
configure:4324: checking whether make sets $(MAKE)
configure:4346: result: yes
configure:4376: checking for style of include used by make
configure:4404: result: GNU
configure:4438: checking whether make supports nested variables
configure:4455: result: yes
configure:4514: checking for gcc
configure:4530: found /usr/bin/gcc
configure:4541: result: gcc
configure:4770: checking for C compiler version
configure:4779: gcc --version >&5
gcc (Ubuntu 5.4.0-6ubuntu1~16.04.1) 5.4.0 20160609
Copyright (C) 2015 Free Software Foundation, Inc.
This is free software; see the source for copying conditions.  There is NO
warranty; not even for MERCHANTABILITY or FITNESS FOR A PARTICULAR PURPOSE.

configure:4790: $? = 0
configure:4779: gcc -v >&5
Using built-in specs.
COLLECT_GCC=gcc
COLLECT_LTO_WRAPPER=/usr/lib/gcc/x86_64-linux-gnu/5/lto-wrapper
Target: x86_64-linux-gnu
Configured with: ../src/configure -v --with-pkgversion='Ubuntu 5.4.0-6ubuntu1~16.04.1' --with-bugurl=file:///usr/share/doc/gcc-5/README.Bugs --enable-languages=c,ada,c++,java,go,d,fortran,objc,obj-c++ --prefix=/usr --program-suffix=-5 --enable-shared --enable-linker-build-id --libexecdir=/usr/lib --without-included-gettext --enable-threads=posix --libdir=/usr/lib --enable-nls --with-sysroot=/ --enable-clocale=gnu --enable-libstdcxx-debug --enable-libstdcxx-time=yes --with-default-libstdcxx-abi=new --enable-gnu-unique-object --disable-vtable-verify --enable-libmpx --enable-plugin --with-system-zlib --disable-browser-plugin --enable-java-awt=gtk --enable-gtk-cairo --with-java-home=/usr/lib/jvm/java-1.5.0-gcj-5-amd64/jre --enable-java-home --with-jvm-root-dir=/usr/lib/jvm/java-1.5.0-gcj-5-amd64 --with-jvm-jar-dir=/usr/lib/jvm-exports/java-1.5.0-gcj-5-amd64 --with-arch-directory=amd64 --with-ecj-jar=/usr/share/java/eclipse-ecj.jar --enable-objc-gc --enable-multiarch --disable-werror --with-arch-32=i686 --with-abi=m64 --with-multilib-list=m32,m64,mx32 --enable-multilib --with-tune=generic --enable-checking=release --build=x86_64-linux-gnu --host=x86_64-linux-gnu --target=x86_64-linux-gnu
Thread model: posix
gcc version 5.4.0 20160609 (Ubuntu 5.4.0-6ubuntu1~16.04.1) 
configure:4790: $? = 0
configure:4779: gcc -V >&5
gcc: error: unrecognized command line option '-V'
gcc: fatal error: no input files
compilation terminated.
configure:4790: $? = 1
configure:4779: gcc -qversion >&5
gcc: error: unrecognized command line option '-qversion'
gcc: fatal error: no input files
compilation terminated.
configure:4790: $? = 1
configure:4794: checking whether we are using the GNU C compiler
configure:4813: gcc -c   conftest.c >&5
configure:4813: $? = 0
configure:4822: result: yes
configure:4831: checking whether gcc accepts -g
configure:4851: gcc -c -g  conftest.c >&5
configure:4851: $? = 0
configure:4892: result: yes
configure:4909: checking for gcc option to accept ISO C89
configure:4972: gcc  -c -g -O2  conftest.c >&5
configure:4972: $? = 0
configure:4985: result: none needed
configure:5010: checking whether gcc understands -c and -o together
configure:5032: gcc -c conftest.c -o conftest2.o
configure:5035: $? = 0
configure:5032: gcc -c conftest.c -o conftest2.o
configure:5035: $? = 0
configure:5047: result: yes
configure:5066: checking dependency style of gcc
configure:5177: result: gcc3
configure:5254: checking how to print strings
configure:5281: result: printf
configure:5302: checking for a sed that does not truncate output
configure:5366: result: /bin/sed
configure:5384: checking for fgrep
configure:5446: result: /bin/grep -F
configure:5481: checking for ld used by gcc
configure:5548: result: /usr/bin/ld
configure:5555: checking if the linker (/usr/bin/ld) is GNU ld
configure:5570: result: yes
configure:5582: checking for BSD- or MS-compatible name lister (nm)
configure:5636: result: /usr/bin/nm -B
configure:5766: checking the name lister (/usr/bin/nm -B) interface
configure:5773: gcc -c -g -O2  conftest.c >&5
configure:5776: /usr/bin/nm -B "conftest.o"
configure:5779: output
0000000000000000 B some_variable
configure:5786: result: BSD nm
configure:5789: checking whether ln -s works
configure:5793: result: yes
configure:5801: checking the maximum length of command line arguments
configure:5932: result: 1572864
configure:5980: checking how to convert x86_64-pc-linux-gnu file names to x86_64-pc-linux-gnu format
configure:6020: result: func_convert_file_noop
configure:6027: checking how to convert x86_64-pc-linux-gnu file names to toolchain format
configure:6047: result: func_convert_file_noop
configure:6054: checking for /usr/bin/ld option to reload object files
configure:6061: result: -r
configure:6135: checking for objdump
configure:6151: found /usr/bin/objdump
configure:6162: result: objdump
configure:6191: checking how to recognize dependent libraries
configure:6391: result: pass_all
configure:6476: checking for dlltool
configure:6506: result: no
configure:6533: checking how to associate runtime and link libraries
configure:6560: result: printf %s\n
configure:6620: checking for ar
configure:6636: found /usr/bin/ar
configure:6647: result: ar
configure:6684: checking for archiver @FILE support
configure:6701: gcc -c -g -O2  conftest.c >&5
configure:6701: $? = 0
configure:6704: ar cru libconftest.a @conftest.lst >&5
ar: `u' modifier ignored since `D' is the default (see `U')
configure:6707: $? = 0
configure:6712: ar cru libconftest.a @conftest.lst >&5
ar: `u' modifier ignored since `D' is the default (see `U')
ar: conftest.o: No such file or directory
configure:6715: $? = 1
configure:6727: result: @
configure:6785: checking for strip
configure:6801: found /usr/bin/strip
configure:6812: result: strip
configure:6884: checking for ranlib
configure:6900: found /usr/bin/ranlib
configure:6911: result: ranlib
configure:7013: checking command to parse /usr/bin/nm -B output from gcc object
configure:7166: gcc -c -g -O2  conftest.c >&5
configure:7169: $? = 0
configure:7173: /usr/bin/nm -B conftest.o \| sed -n -e 's/^.*[ ]\([ABCDGIRSTW][ABCDGIRSTW]*\)[ ][ ]*\([_A-Za-z][_A-Za-z0-9]*\)$/\1 \2 \2/p' | sed '/ __gnu_lto/d' \> conftest.nm
configure:7176: $? = 0
configure:7242: gcc -o conftest -g -O2   conftest.c conftstm.o >&5
configure:7245: $? = 0
configure:7283: result: ok
configure:7330: checking for sysroot
configure:7360: result: no
configure:7367: checking for a working dd
configure:7405: result: /bin/dd
configure:7409: checking how to truncate binary pipes
configure:7424: result: /bin/dd bs=4096 count=1
configure:7560: gcc -c -g -O2  conftest.c >&5
configure:7563: $? = 0
configure:7753: checking for mt
configure:7769: found /bin/mt
configure:7780: result: mt
configure:7803: checking if mt is a manifest tool
configure:7809: mt '-?'
configure:7817: result: no
configure:8491: checking for dlfcn.h
configure:8491: gcc -c -g -O2  conftest.c >&5
configure:8491: $? = 0
configure:8491: result: yes
configure:8517: checking how to run the C preprocessor
configure:8548: gcc -E  conftest.c
configure:8548: $? = 0
configure:8562: gcc -E  conftest.c
conftest.c:21:28: fatal error: ac_nonexistent.h: No such file or directory
compilation terminated.
configure:8562: $? = 1
configure: failed program was:
| /* confdefs.h */
| #define PACKAGE_NAME "upmendex (TeX Live)"
| #define PACKAGE_TARNAME "upmendex--tex-live-"
| #define PACKAGE_VERSION "0.50"
| #define PACKAGE_STRING "upmendex (TeX Live) 0.50"
| #define PACKAGE_BUGREPORT ""
| #define PACKAGE_URL ""
| #define STDC_HEADERS 1
| #define HAVE_SYS_TYPES_H 1
| #define HAVE_SYS_STAT_H 1
| #define HAVE_STDLIB_H 1
| #define HAVE_STRING_H 1
| #define HAVE_MEMORY_H 1
| #define HAVE_STRINGS_H 1
| #define HAVE_INTTYPES_H 1
| #define HAVE_STDINT_H 1
| #define HAVE_UNISTD_H 1
| #define HAVE_IOSTREAM 1
| #define HAVE_DLFCN_H 1
| /* end confdefs.h.  */
| #include <ac_nonexistent.h>
configure:8587: result: gcc -E
configure:8607: gcc -E  conftest.c
configure:8607: $? = 0
configure:8621: gcc -E  conftest.c
conftest.c:21:28: fatal error: ac_nonexistent.h: No such file or directory
compilation terminated.
configure:8621: $? = 1
configure: failed program was:
| /* confdefs.h */
| #define PACKAGE_NAME "upmendex (TeX Live)"
| #define PACKAGE_TARNAME "upmendex--tex-live-"
| #define PACKAGE_VERSION "0.50"
| #define PACKAGE_STRING "upmendex (TeX Live) 0.50"
| #define PACKAGE_BUGREPORT ""
| #define PACKAGE_URL ""
| #define STDC_HEADERS 1
| #define HAVE_SYS_TYPES_H 1
| #define HAVE_SYS_STAT_H 1
| #define HAVE_STDLIB_H 1
| #define HAVE_STRING_H 1
| #define HAVE_MEMORY_H 1
| #define HAVE_STRINGS_H 1
| #define HAVE_INTTYPES_H 1
| #define HAVE_STDINT_H 1
| #define HAVE_UNISTD_H 1
| #define HAVE_IOSTREAM 1
| #define HAVE_DLFCN_H 1
| /* end confdefs.h.  */
| #include <ac_nonexistent.h>
configure:8716: checking dependency style of g++
configure:8827: result: gcc3
configure:8886: checking whether to enable maintainer-specific portions of Makefiles
configure:8895: result: no
configure:8908: checking whether the compiler accepts prototypes
configure:8924: gcc -o conftest -g -O2   conftest.c  >&5
configure:8924: $? = 0
configure:8932: result: yes
configure:8937: checking what warning flags to pass to the C compiler
configure:8982: result: -Wimplicit -Wreturn-type -Wdeclaration-after-statement -Wno-unknown-pragmas
configure:8987: checking what warning flags to pass to the C++ compiler
configure:9028: result: -Wreturn-type -Wno-unknown-pragmas -Wno-write-strings
configure:9581: checking for objdir
configure:9596: result: .libs
configure:9860: checking if gcc supports -fno-rtti -fno-exceptions
configure:9878: gcc -c -g -O2  -fno-rtti -fno-exceptions conftest.c >&5
cc1: warning: command line option '-fno-rtti' is valid for C++/ObjC++ but not for C
configure:9882: $? = 0
configure:9895: result: no
configure:10253: checking for gcc option to produce PIC
configure:10260: result: -fPIC -DPIC
configure:10268: checking if gcc PIC flag -fPIC -DPIC works
configure:10286: gcc -c -g -O2  -fPIC -DPIC -DPIC conftest.c >&5
configure:10290: $? = 0
configure:10303: result: yes
configure:10332: checking if gcc static flag -static works
configure:10360: result: yes
configure:10375: checking if gcc supports -c -o file.o
configure:10396: gcc -c -g -O2  -o out/conftest2.o conftest.c >&5
configure:10400: $? = 0
configure:10422: result: yes
configure:10430: checking if gcc supports -c -o file.o
configure:10477: result: yes
configure:10510: checking whether the gcc linker (/usr/bin/ld -m elf_x86_64) supports shared libraries
configure:11769: result: yes
configure:12009: checking dynamic linker characteristics
configure:12590: gcc -o conftest -g -O2   -Wl,-rpath -Wl,/foo conftest.c  >&5
configure:12590: $? = 0
configure:12827: result: GNU/Linux ld.so
configure:12949: checking how to hardcode library paths into programs
configure:12974: result: immediate
configure:13522: checking whether stripping libraries is possible
configure:13527: result: yes
configure:13562: checking if libtool supports shared libraries
configure:13564: result: yes
configure:13567: checking whether to build shared libraries
configure:13592: result: no
configure:13595: checking whether to build static libraries
configure:13599: result: yes
configure:13622: checking how to run the C++ preprocessor
configure:13688: result: g++ -E
configure:13708: g++ -E  conftest.cpp
configure:13708: $? = 0
configure:13722: g++ -E  conftest.cpp
conftest.cpp:22:28: fatal error: ac_nonexistent.h: No such file or directory
compilation terminated.
configure:13722: $? = 1
configure: failed program was:
| /* confdefs.h */
| #define PACKAGE_NAME "upmendex (TeX Live)"
| #define PACKAGE_TARNAME "upmendex--tex-live-"
| #define PACKAGE_VERSION "0.50"
| #define PACKAGE_STRING "upmendex (TeX Live) 0.50"
| #define PACKAGE_BUGREPORT ""
| #define PACKAGE_URL ""
| #define STDC_HEADERS 1
| #define HAVE_SYS_TYPES_H 1
| #define HAVE_SYS_STAT_H 1
| #define HAVE_STDLIB_H 1
| #define HAVE_STRING_H 1
| #define HAVE_MEMORY_H 1
| #define HAVE_STRINGS_H 1
| #define HAVE_INTTYPES_H 1
| #define HAVE_STDINT_H 1
| #define HAVE_UNISTD_H 1
| #define HAVE_IOSTREAM 1
| #define HAVE_DLFCN_H 1
| #define LT_OBJDIR ".libs/"
| /* end confdefs.h.  */
| #include <ac_nonexistent.h>
configure:13884: checking for ld used by g++
configure:13951: result: /usr/bin/ld -m elf_x86_64
configure:13958: checking if the linker (/usr/bin/ld -m elf_x86_64) is GNU ld
configure:13973: result: yes
configure:14028: checking whether the g++ linker (/usr/bin/ld -m elf_x86_64) supports shared libraries
configure:15101: result: yes
configure:15137: g++ -c -g -O2  conftest.cpp >&5
configure:15140: $? = 0
configure:15621: checking for g++ option to produce PIC
configure:15628: result: -fPIC -DPIC
configure:15636: checking if g++ PIC flag -fPIC -DPIC works
configure:15654: g++ -c -g -O2  -fPIC -DPIC -DPIC conftest.cpp >&5
configure:15658: $? = 0
configure:15671: result: yes
configure:15694: checking if g++ static flag -static works
configure:15722: result: yes
configure:15734: checking if g++ supports -c -o file.o
configure:15755: g++ -c -g -O2  -o out/conftest2.o conftest.cpp >&5
configure:15759: $? = 0
configure:15781: result: yes
configure:15786: checking if g++ supports -c -o file.o
configure:15833: result: yes
configure:15863: checking whether the g++ linker (/usr/bin/ld -m elf_x86_64) supports shared libraries
configure:15903: result: yes
configure:16044: checking dynamic linker characteristics
configure:16789: result: GNU/Linux ld.so
configure:16854: checking how to hardcode library paths into programs
configure:16879: result: immediate
configure:16947: checking for special C compiler options needed for large files
configure:16992: result: no
configure:16998: checking for _FILE_OFFSET_BITS value needed for large files
configure:17023: gcc -c -g -O2  conftest.c >&5
configure:17023: $? = 0
configure:17055: result: no
configure:17140: checking for _LARGEFILE_SOURCE value needed for large files
configure:17159: gcc -o conftest -g -O2   conftest.c  >&5
configure:17159: $? = 0
configure:17187: result: no
configure:17211: checking for dirent.h that defines DIR
configure:17230: gcc -c -g -O2  conftest.c >&5
configure:17230: $? = 0
configure:17238: result: yes
configure:17251: checking for library containing opendir
configure:17282: gcc -o conftest -g -O2   conftest.c  >&5
configure:17282: $? = 0
configure:17299: result: none required
configure:17366: checking for ANSI C header files
configure:17470: result: yes
configure:17478: checking whether closedir returns void
configure:17502: gcc -o conftest -g -O2   conftest.c  >&5
configure:17502: $? = 0
configure:17502: ./conftest
configure:17502: $? = 0
configure:17512: result: no
configure:17523: checking assert.h usability
configure:17523: gcc -c -g -O2  conftest.c >&5
configure:17523: $? = 0
configure:17523: result: yes
configure:17523: checking assert.h presence
configure:17523: gcc -E  conftest.c
configure:17523: $? = 0
configure:17523: result: yes
configure:17523: checking for assert.h
configure:17523: result: yes
configure:17523: checking float.h usability
configure:17523: gcc -c -g -O2  conftest.c >&5
configure:17523: $? = 0
configure:17523: result: yes
configure:17523: checking float.h presence
configure:17523: gcc -E  conftest.c
configure:17523: $? = 0
configure:17523: result: yes
configure:17523: checking for float.h
configure:17523: result: yes
configure:17523: checking limits.h usability
configure:17523: gcc -c -g -O2  conftest.c >&5
configure:17523: $? = 0
configure:17523: result: yes
configure:17523: checking limits.h presence
configure:17523: gcc -E  conftest.c
configure:17523: $? = 0
configure:17523: result: yes
configure:17523: checking for limits.h
configure:17523: result: yes
configure:17523: checking pwd.h usability
configure:17523: gcc -c -g -O2  conftest.c >&5
configure:17523: $? = 0
configure:17523: result: yes
configure:17523: checking pwd.h presence
configure:17523: gcc -E  conftest.c
configure:17523: $? = 0
configure:17523: result: yes
configure:17523: checking for pwd.h
configure:17523: result: yes
configure:17523: checking for stdlib.h
configure:17523: result: yes
configure:17523: checking sys/param.h usability
configure:17523: gcc -c -g -O2  conftest.c >&5
configure:17523: $? = 0
configure:17523: result: yes
configure:17523: checking sys/param.h presence
configure:17523: gcc -E  conftest.c
configure:17523: $? = 0
configure:17523: result: yes
configure:17523: checking for sys/param.h
configure:17523: result: yes
configure:17535: checking for putenv
configure:17535: gcc -o conftest -g -O2   conftest.c  >&5
configure:17535: $? = 0
configure:17535: result: yes
configure:17547: checking for getcwd
configure:17547: gcc -o conftest -g -O2   conftest.c  >&5
configure:17547: $? = 0
configure:17547: result: yes
configure:17547: checking for getwd
configure:17547: gcc -o conftest -g -O2   conftest.c  >&5
/tmp/ccKXZWsY.o: In function `main':
/home/maqiyuan/Desktop/texlive-upstream/texk/upmendex/conftest.c:67: warning: the `getwd' function is dangerous and should not be used.
configure:17547: $? = 0
configure:17547: result: yes
configure:17547: checking for memcmp
configure:17547: gcc -o conftest -g -O2   conftest.c  >&5
conftest.c:57:6: warning: conflicting types for built-in function 'memcmp'
 char memcmp ();
      ^
configure:17547: $? = 0
configure:17547: result: yes
configure:17547: checking for memcpy
configure:17547: gcc -o conftest -g -O2   conftest.c  >&5
conftest.c:58:6: warning: conflicting types for built-in function 'memcpy'
 char memcpy ();
      ^
configure:17547: $? = 0
configure:17547: result: yes
configure:17547: checking for mkstemp
configure:17547: gcc -o conftest -g -O2   conftest.c  >&5
configure:17547: $? = 0
configure:17547: result: yes
configure:17547: checking for mktemp
configure:17547: gcc -o conftest -g -O2   conftest.c  >&5
/tmp/ccWROa4o.o: In function `main':
/home/maqiyuan/Desktop/texlive-upstream/texk/upmendex/conftest.c:71: warning: the use of `mktemp' is dangerous, better use `mkstemp' or `mkdtemp'
configure:17547: $? = 0
configure:17547: result: yes
configure:17547: checking for strchr
configure:17547: gcc -o conftest -g -O2   conftest.c  >&5
conftest.c:61:6: warning: conflicting types for built-in function 'strchr'
 char strchr ();
      ^
configure:17547: $? = 0
configure:17547: result: yes
configure:17547: checking for strrchr
configure:17547: gcc -o conftest -g -O2   conftest.c  >&5
conftest.c:62:6: warning: conflicting types for built-in function 'strrchr'
 char strrchr ();
      ^
configure:17547: $? = 0
configure:17547: result: yes
configure:17556: checking for an ANSI C-conforming const
configure:17622: gcc -c -g -O2  conftest.c >&5
configure:17622: $? = 0
configure:17629: result: yes
configure:17637: checking for inline
configure:17653: gcc -c -g -O2  conftest.c >&5
configure:17653: $? = 0
configure:17661: result: inline
configure:17679: checking for size_t
configure:17679: gcc -c -g -O2  conftest.c >&5
configure:17679: $? = 0
configure:17679: gcc -c -g -O2  conftest.c >&5
conftest.c: In function 'main':
conftest.c:76:21: error: expected expression before ')' token
 if (sizeof ((size_t)))
                     ^
configure:17679: $? = 1
configure: failed program was:
| /* confdefs.h */
| #define PACKAGE_NAME "upmendex (TeX Live)"
| #define PACKAGE_TARNAME "upmendex--tex-live-"
| #define PACKAGE_VERSION "0.50"
| #define PACKAGE_STRING "upmendex (TeX Live) 0.50"
| #define PACKAGE_BUGREPORT ""
| #define PACKAGE_URL ""
| #define STDC_HEADERS 1
| #define HAVE_SYS_TYPES_H 1
| #define HAVE_SYS_STAT_H 1
| #define HAVE_STDLIB_H 1
| #define HAVE_STRING_H 1
| #define HAVE_MEMORY_H 1
| #define HAVE_STRINGS_H 1
| #define HAVE_INTTYPES_H 1
| #define HAVE_STDINT_H 1
| #define HAVE_UNISTD_H 1
| #define HAVE_IOSTREAM 1
| #define HAVE_DLFCN_H 1
| #define LT_OBJDIR ".libs/"
| #define HAVE_FSEEKO 1
| #define HAVE_DIRENT_H 1
| #define STDC_HEADERS 1
| #define HAVE_ASSERT_H 1
| #define HAVE_FLOAT_H 1
| #define HAVE_LIMITS_H 1
| #define HAVE_PWD_H 1
| #define HAVE_STDLIB_H 1
| #define HAVE_SYS_PARAM_H 1
| #define HAVE_PUTENV 1
| #define HAVE_GETCWD 1
| #define HAVE_GETWD 1
| #define HAVE_MEMCMP 1
| #define HAVE_MEMCPY 1
| #define HAVE_MKSTEMP 1
| #define HAVE_MKTEMP 1
| #define HAVE_STRCHR 1
| #define HAVE_STRRCHR 1
| /* end confdefs.h.  */
| #include <stdio.h>
| #ifdef HAVE_SYS_TYPES_H
| # include <sys/types.h>
| #endif
| #ifdef HAVE_SYS_STAT_H
| # include <sys/stat.h>
| #endif
| #ifdef STDC_HEADERS
| # include <stdlib.h>
| # include <stddef.h>
| #else
| # ifdef HAVE_STDLIB_H
| #  include <stdlib.h>
| # endif
| #endif
| #ifdef HAVE_STRING_H
| # if !defined STDC_HEADERS && defined HAVE_MEMORY_H
| #  include <memory.h>
| # endif
| # include <string.h>
| #endif
| #ifdef HAVE_STRINGS_H
| # include <strings.h>
| #endif
| #ifdef HAVE_INTTYPES_H
| # include <inttypes.h>
| #endif
| #ifdef HAVE_STDINT_H
| # include <stdint.h>
| #endif
| #ifdef HAVE_UNISTD_H
| # include <unistd.h>
| #endif
| int
| main ()
| {
| if (sizeof ((size_t)))
| 	    return 0;
|   ;
|   return 0;
| }
configure:17679: result: yes
configure:17690: checking for int64_t
configure:17690: gcc -c -g -O2  conftest.c >&5
configure:17690: $? = 0
configure:17690: gcc -c -g -O2  conftest.c >&5
conftest.c: In function 'main':
conftest.c:78:53: warning: integer overflow in expression [-Woverflow]
    < (int64_t) (((((int64_t) 1 << N) << N) - 1) * 2 + 2))];
                                                     ^
conftest.c:77:12: error: storage size of 'test_array' isn't constant
 static int test_array [1 - 2 * !((int64_t) (((((int64_t) 1 << N) << N) - 1) * 2 + 1)
            ^
configure:17690: $? = 1
configure: failed program was:
| /* confdefs.h */
| #define PACKAGE_NAME "upmendex (TeX Live)"
| #define PACKAGE_TARNAME "upmendex--tex-live-"
| #define PACKAGE_VERSION "0.50"
| #define PACKAGE_STRING "upmendex (TeX Live) 0.50"
| #define PACKAGE_BUGREPORT ""
| #define PACKAGE_URL ""
| #define STDC_HEADERS 1
| #define HAVE_SYS_TYPES_H 1
| #define HAVE_SYS_STAT_H 1
| #define HAVE_STDLIB_H 1
| #define HAVE_STRING_H 1
| #define HAVE_MEMORY_H 1
| #define HAVE_STRINGS_H 1
| #define HAVE_INTTYPES_H 1
| #define HAVE_STDINT_H 1
| #define HAVE_UNISTD_H 1
| #define HAVE_IOSTREAM 1
| #define HAVE_DLFCN_H 1
| #define LT_OBJDIR ".libs/"
| #define HAVE_FSEEKO 1
| #define HAVE_DIRENT_H 1
| #define STDC_HEADERS 1
| #define HAVE_ASSERT_H 1
| #define HAVE_FLOAT_H 1
| #define HAVE_LIMITS_H 1
| #define HAVE_PWD_H 1
| #define HAVE_STDLIB_H 1
| #define HAVE_SYS_PARAM_H 1
| #define HAVE_PUTENV 1
| #define HAVE_GETCWD 1
| #define HAVE_GETWD 1
| #define HAVE_MEMCMP 1
| #define HAVE_MEMCPY 1
| #define HAVE_MKSTEMP 1
| #define HAVE_MKTEMP 1
| #define HAVE_STRCHR 1
| #define HAVE_STRRCHR 1
| /* end confdefs.h.  */
| #include <stdio.h>
| #ifdef HAVE_SYS_TYPES_H
| # include <sys/types.h>
| #endif
| #ifdef HAVE_SYS_STAT_H
| # include <sys/stat.h>
| #endif
| #ifdef STDC_HEADERS
| # include <stdlib.h>
| # include <stddef.h>
| #else
| # ifdef HAVE_STDLIB_H
| #  include <stdlib.h>
| # endif
| #endif
| #ifdef HAVE_STRING_H
| # if !defined STDC_HEADERS && defined HAVE_MEMORY_H
| #  include <memory.h>
| # endif
| # include <string.h>
| #endif
| #ifdef HAVE_STRINGS_H
| # include <strings.h>
| #endif
| #ifdef HAVE_INTTYPES_H
| # include <inttypes.h>
| #endif
| #ifdef HAVE_STDINT_H
| # include <stdint.h>
| #endif
| #ifdef HAVE_UNISTD_H
| # include <unistd.h>
| #endif
| 	        enum { N = 64 / 2 - 1 };
| int
| main ()
| {
| static int test_array [1 - 2 * !((int64_t) (((((int64_t) 1 << N) << N) - 1) * 2 + 1)
| 		 < (int64_t) (((((int64_t) 1 << N) << N) - 1) * 2 + 2))];
| test_array [0] = 0;
| return test_array [0];
| 
|   ;
|   return 0;
| }
configure:17690: result: yes
configure:17701: checking for uint64_t
configure:17701: gcc -c -g -O2  conftest.c >&5
configure:17701: $? = 0
configure:17701: result: yes
configure:17721: checking whether isascii is declared
configure:17721: gcc -c -g -O2  conftest.c >&5
configure:17721: $? = 0
configure:17721: result: yes
configure:17733: checking for struct stat.st_mtim
configure:17733: gcc -c -g -O2  conftest.c >&5
conftest.c: In function 'main':
conftest.c:78:5: error: used struct type value where scalar is required
 if (ac_aggr.st_mtim)
     ^
configure:17733: $? = 1
configure: failed program was:
| /* confdefs.h */
| #define PACKAGE_NAME "upmendex (TeX Live)"
| #define PACKAGE_TARNAME "upmendex--tex-live-"
| #define PACKAGE_VERSION "0.50"
| #define PACKAGE_STRING "upmendex (TeX Live) 0.50"
| #define PACKAGE_BUGREPORT ""
| #define PACKAGE_URL ""
| #define STDC_HEADERS 1
| #define HAVE_SYS_TYPES_H 1
| #define HAVE_SYS_STAT_H 1
| #define HAVE_STDLIB_H 1
| #define HAVE_STRING_H 1
| #define HAVE_MEMORY_H 1
| #define HAVE_STRINGS_H 1
| #define HAVE_INTTYPES_H 1
| #define HAVE_STDINT_H 1
| #define HAVE_UNISTD_H 1
| #define HAVE_IOSTREAM 1
| #define HAVE_DLFCN_H 1
| #define LT_OBJDIR ".libs/"
| #define HAVE_FSEEKO 1
| #define HAVE_DIRENT_H 1
| #define STDC_HEADERS 1
| #define HAVE_ASSERT_H 1
| #define HAVE_FLOAT_H 1
| #define HAVE_LIMITS_H 1
| #define HAVE_PWD_H 1
| #define HAVE_STDLIB_H 1
| #define HAVE_SYS_PARAM_H 1
| #define HAVE_PUTENV 1
| #define HAVE_GETCWD 1
| #define HAVE_GETWD 1
| #define HAVE_MEMCMP 1
| #define HAVE_MEMCPY 1
| #define HAVE_MKSTEMP 1
| #define HAVE_MKTEMP 1
| #define HAVE_STRCHR 1
| #define HAVE_STRRCHR 1
| #define HAVE_DECL_ISASCII 1
| /* end confdefs.h.  */
| #include <stdio.h>
| #ifdef HAVE_SYS_TYPES_H
| # include <sys/types.h>
| #endif
| #ifdef HAVE_SYS_STAT_H
| # include <sys/stat.h>
| #endif
| #ifdef STDC_HEADERS
| # include <stdlib.h>
| # include <stddef.h>
| #else
| # ifdef HAVE_STDLIB_H
| #  include <stdlib.h>
| # endif
| #endif
| #ifdef HAVE_STRING_H
| # if !defined STDC_HEADERS && defined HAVE_MEMORY_H
| #  include <memory.h>
| # endif
| # include <string.h>
| #endif
| #ifdef HAVE_STRINGS_H
| # include <strings.h>
| #endif
| #ifdef HAVE_INTTYPES_H
| # include <inttypes.h>
| #endif
| #ifdef HAVE_STDINT_H
| # include <stdint.h>
| #endif
| #ifdef HAVE_UNISTD_H
| # include <unistd.h>
| #endif
| int
| main ()
| {
| static struct stat ac_aggr;
| if (ac_aggr.st_mtim)
| return 0;
|   ;
|   return 0;
| }
configure:17733: gcc -c -g -O2  conftest.c >&5
configure:17733: $? = 0
configure:17733: result: yes
configure:17753: checking if C99 variadic macros are supported
configure:17770: gcc -c -g -O2  conftest.c >&5
configure:17770: $? = 0
configure:17777: result: yes
configure:17797: creating ./config.lt

## ------------------ ##
## Running config.lt. ##
## ------------------ ##
config.lt:684: creating libtool
configure:19403: checking for pkg-config
configure:19419: found /usr/bin/pkg-config
configure:19430: result: pkg-config
configure:19476: checking if libkpathsea supports debugging
configure:19495: ./libtool --mode=link --tag=CC gcc -o conftest -g -O2 -I/home/maqiyuan/Desktop/texlive-upstream/texk -I/home/maqiyuan/Desktop/texlive-upstream/texk   conftest.c /home/maqiyuan/Desktop/texlive-upstream/texk/kpathsea/libkpathsea.la  >&5
libtool: link: gcc -o conftest -g -O2 -I/home/maqiyuan/Desktop/texlive-upstream/texk -I/home/maqiyuan/Desktop/texlive-upstream/texk conftest.c  /home/maqiyuan/Desktop/texlive-upstream/texk/kpathsea/.libs/libkpathsea.a
configure:19495: $? = 0
configure:19506: result: yes
configure:19740: checking that generated files are newer than configure
configure:19746: result: done
configure:19777: creating ./config.status

## ---------------------- ##
## Running config.status. ##
## ---------------------- ##

This file was extended by upmendex (TeX Live) config.status 0.50, which was
generated by GNU Autoconf 2.69.  Invocation command line was

  CONFIG_FILES    = 
  CONFIG_HEADERS  = 
  CONFIG_LINKS    = 
  CONFIG_COMMANDS = 
  $ ./config.status 

on maqiyuan-E430c

config.status:1203: creating Makefile
config.status:1203: creating c-auto.h
config.status:1432: executing CXXLD.sh commands
config.status:1432: executing depfiles commands
config.status:1432: executing libtool commands

## ---------------- ##
## Cache variables. ##
## ---------------- ##

ac_cv_build=x86_64-pc-linux-gnu
ac_cv_c_compiler_gnu=yes
ac_cv_c_const=yes
ac_cv_c_inline=inline
ac_cv_c_int64_t=yes
ac_cv_c_uint64_t=yes
ac_cv_cxx_compiler_gnu=yes
ac_cv_env_CCC_set=
ac_cv_env_CCC_value=
ac_cv_env_CC_set=
ac_cv_env_CC_value=
ac_cv_env_CFLAGS_set=
ac_cv_env_CFLAGS_value=
ac_cv_env_CPPFLAGS_set=
ac_cv_env_CPPFLAGS_value=
ac_cv_env_CPP_set=
ac_cv_env_CPP_value=
ac_cv_env_CXXCPP_set=
ac_cv_env_CXXCPP_value=
ac_cv_env_CXXFLAGS_set=
ac_cv_env_CXXFLAGS_value=
ac_cv_env_CXX_set=
ac_cv_env_CXX_value=
ac_cv_env_LDFLAGS_set=
ac_cv_env_LDFLAGS_value=
ac_cv_env_LIBS_set=
ac_cv_env_LIBS_value=
ac_cv_env_LT_SYS_LIBRARY_PATH_set=
ac_cv_env_LT_SYS_LIBRARY_PATH_value=
ac_cv_env_build_alias_set=
ac_cv_env_build_alias_value=
ac_cv_env_host_alias_set=
ac_cv_env_host_alias_value=
ac_cv_env_target_alias_set=
ac_cv_env_target_alias_value=
ac_cv_func_closedir_void=no
ac_cv_func_getcwd=yes
ac_cv_func_getwd=yes
ac_cv_func_memcmp=yes
ac_cv_func_memcpy=yes
ac_cv_func_mkstemp=yes
ac_cv_func_mktemp=yes
ac_cv_func_putenv=yes
ac_cv_func_strchr=yes
ac_cv_func_strrchr=yes
ac_cv_have_decl_isascii=yes
ac_cv_header_assert_h=yes
ac_cv_header_dirent_dirent_h=yes
ac_cv_header_dlfcn_h=yes
ac_cv_header_float_h=yes
ac_cv_header_inttypes_h=yes
ac_cv_header_iostream=yes
ac_cv_header_limits_h=yes
ac_cv_header_memory_h=yes
ac_cv_header_pwd_h=yes
ac_cv_header_stdc=yes
ac_cv_header_stdint_h=yes
ac_cv_header_stdlib_h=yes
ac_cv_header_string_h=yes
ac_cv_header_strings_h=yes
ac_cv_header_sys_param_h=yes
ac_cv_header_sys_stat_h=yes
ac_cv_header_sys_types_h=yes
ac_cv_header_unistd_h=yes
ac_cv_host=x86_64-pc-linux-gnu
ac_cv_member_struct_stat_st_mtim=yes
ac_cv_objext=o
ac_cv_path_EGREP='/bin/grep -E'
ac_cv_path_FGREP='/bin/grep -F'
ac_cv_path_GREP=/bin/grep
ac_cv_path_SED=/bin/sed
ac_cv_path_install='/usr/bin/install -c'
ac_cv_path_lt_DD=/bin/dd
ac_cv_path_mkdir=/bin/mkdir
ac_cv_prog_AWK=gawk
ac_cv_prog_CPP='gcc -E'
ac_cv_prog_CXXCPP='g++ -E'
ac_cv_prog_ac_ct_AR=ar
ac_cv_prog_ac_ct_CC=gcc
ac_cv_prog_ac_ct_CXX=g++
ac_cv_prog_ac_ct_MANIFEST_TOOL=mt
ac_cv_prog_ac_ct_OBJDUMP=objdump
ac_cv_prog_ac_ct_PKG_CONFIG=pkg-config
ac_cv_prog_ac_ct_RANLIB=ranlib
ac_cv_prog_ac_ct_STRIP=strip
ac_cv_prog_cc_c89=
ac_cv_prog_cc_g=yes
ac_cv_prog_cxx_g=yes
ac_cv_prog_make_make_set=yes
ac_cv_search_opendir='none required'
ac_cv_sys_file_offset_bits=no
ac_cv_sys_largefile_CC=no
ac_cv_sys_largefile_source=no
ac_cv_type_size_t=yes
am_cv_CC_dependencies_compiler_type=gcc3
am_cv_CXX_dependencies_compiler_type=gcc3
am_cv_make_support_nested_variables=yes
am_cv_prog_cc_c_o=yes
kb_cv_c_prototypes=yes
kpse_cv_cxx_flags='-nodefaultlibs -Wl,-Bstatic -lstdc++ -Wl,-Bdynamic -lm -lgcc_eh -lgcc -lc -lgcc_eh -lgcc'
kpse_cv_cxx_hack=ok
kpse_cv_have___VA_ARGS__=yes
kpse_cv_kpse_debug=yes
kpse_cv_warning_cflags='-Wimplicit -Wreturn-type -Wdeclaration-after-statement -Wno-unknown-pragmas'
kpse_cv_warning_cxxflags='-Wreturn-type -Wno-unknown-pragmas -Wno-write-strings'
lt_cv_ar_at_file=@
lt_cv_deplibs_check_method=pass_all
lt_cv_file_magic_cmd='$MAGIC_CMD'
lt_cv_file_magic_test_file=
lt_cv_ld_reload_flag=-r
lt_cv_nm_interface='BSD nm'
lt_cv_objdir=.libs
lt_cv_path_LD=/usr/bin/ld
lt_cv_path_LDCXX='/usr/bin/ld -m elf_x86_64'
lt_cv_path_NM='/usr/bin/nm -B'
lt_cv_path_mainfest_tool=no
lt_cv_prog_compiler_c_o=yes
lt_cv_prog_compiler_c_o_CXX=yes
lt_cv_prog_compiler_pic='-fPIC -DPIC'
lt_cv_prog_compiler_pic_CXX='-fPIC -DPIC'
lt_cv_prog_compiler_pic_works=yes
lt_cv_prog_compiler_pic_works_CXX=yes
lt_cv_prog_compiler_rtti_exceptions=no
lt_cv_prog_compiler_static_works=yes
lt_cv_prog_compiler_static_works_CXX=yes
lt_cv_prog_gnu_ld=yes
lt_cv_prog_gnu_ldcxx=yes
lt_cv_sharedlib_from_linklib_cmd='printf %s\n'
lt_cv_shlibpath_overrides_runpath=no
lt_cv_sys_global_symbol_pipe='sed -n -e '\''s/^.*[	 ]\([ABCDGIRSTW][ABCDGIRSTW]*\)[	 ][	 ]*\([_A-Za-z][_A-Za-z0-9]*\)$/\1 \2 \2/p'\'' | sed '\''/ __gnu_lto/d'\'''
lt_cv_sys_global_symbol_to_c_name_address='sed -n -e '\''s/^: \(.*\) .*$/  {"\1", (void *) 0},/p'\'' -e '\''s/^[ABCDGIRSTW][ABCDGIRSTW]* .* \(.*\)$/  {"\1", (void *) \&\1},/p'\'''
lt_cv_sys_global_symbol_to_c_name_address_lib_prefix='sed -n -e '\''s/^: \(.*\) .*$/  {"\1", (void *) 0},/p'\'' -e '\''s/^[ABCDGIRSTW][ABCDGIRSTW]* .* \(lib.*\)$/  {"\1", (void *) \&\1},/p'\'' -e '\''s/^[ABCDGIRSTW][ABCDGIRSTW]* .* \(.*\)$/  {"lib\1", (void *) \&\1},/p'\'''
lt_cv_sys_global_symbol_to_cdecl='sed -n -e '\''s/^T .* \(.*\)$/extern int \1();/p'\'' -e '\''s/^[ABCDGIRSTW][ABCDGIRSTW]* .* \(.*\)$/extern char \1;/p'\'''
lt_cv_sys_global_symbol_to_import=
lt_cv_sys_max_cmd_len=1572864
lt_cv_to_host_file_cmd=func_convert_file_noop
lt_cv_to_tool_file_cmd=func_convert_file_noop
lt_cv_truncate_bin='/bin/dd bs=4096 count=1'

## ----------------- ##
## Output variables. ##
## ----------------- ##

	cd ${top_builddir}/../../libs/icu && $(MAKE) $(AM_MAKEFLAGS) rebuild
	cd ${top_builddir}/../../libs/icu && $(MAKE) $(AM_MAKEFLAGS) rebuild'
	cd ${top_builddir}/../kpathsea && $(MAKE) $(AM_MAKEFLAGS) rebuild
	cd ${top_builddir}/../kpathsea && $(MAKE) $(AM_MAKEFLAGS) rebuild'
$(ICU_DEPEND): ${top_builddir}/../../libs/icu/include/unicode/uversion.h
$(KPATHSEA_DEPEND): ${top_srcdir}/../kpathsea/*.[ch] ${top_builddir}/../kpathsea/paths.h
${top_builddir}/../../libs/icu/include/unicode/uversion.h:
${top_builddir}/../kpathsea/paths.h:
ACLOCAL='${SHELL} /home/maqiyuan/Desktop/texlive-upstream/build-aux/missing aclocal-1.15'
AMDEPBACKSLASH='\'
AMDEP_FALSE='#'
AMDEP_TRUE=''
AMTAR='$${TAR-tar}'
AM_BACKSLASH='\'
AM_DEFAULT_V='$(AM_DEFAULT_VERBOSITY)'
AM_DEFAULT_VERBOSITY='1'
AM_V='$(V)'
AR='ar'
AS='as'
AUTOCONF='${SHELL} /home/maqiyuan/Desktop/texlive-upstream/build-aux/missing autoconf'
AUTOHEADER='${SHELL} /home/maqiyuan/Desktop/texlive-upstream/build-aux/missing autoheader'
AUTOMAKE='${SHELL} /home/maqiyuan/Desktop/texlive-upstream/build-aux/missing automake-1.15'
AWK='gawk'
CC='gcc'
CCDEPMODE='depmode=gcc3'
CFLAGS='-g -O2'
CPP='gcc -E'
CPPFLAGS=''
CXX='g++'
CXXCPP='g++ -E'
CXXDEPMODE='depmode=gcc3'
CXXFLAGS='-g -O2'
CXXLD='$(top_builddir)/CXXLD.sh'
CYGPATH_W='echo'
DEFS='-DHAVE_CONFIG_H'
DEPDIR='.deps'
DLLTOOL='false'
DSYMUTIL=''
DUMPBIN=''
ECHO_C=''
ECHO_N='-n'
ECHO_T=''
EGREP='/bin/grep -E'
EXEEXT=''
FGREP='/bin/grep -F'
GREP='/bin/grep'
ICU_CONFIG=''
ICU_DEPEND='${top_builddir}/../../libs/icu/icu-build/lib/libicuio.a ${top_builddir}/../../libs/icu/icu-build/lib/libicui18n.a ${top_builddir}/../../libs/icu/icu-build/lib/libicuuc.a ${top_builddir}/../../libs/icu/icu-build/lib/libicudata.a'
ICU_INCLUDES='-DU_STATIC_IMPLEMENTATION -I/home/maqiyuan/Desktop/texlive-upstream/libs/icu/include'
ICU_LIBS='/home/maqiyuan/Desktop/texlive-upstream/libs/icu/icu-build/lib/libicuio.a /home/maqiyuan/Desktop/texlive-upstream/libs/icu/icu-build/lib/libicui18n.a /home/maqiyuan/Desktop/texlive-upstream/libs/icu/icu-build/lib/libicuuc.a /home/maqiyuan/Desktop/texlive-upstream/libs/icu/icu-build/lib/libicudata.a'
ICU_RULE='# Rebuild libicuxxx
INSTALL_DATA='${INSTALL} -m 644'
INSTALL_PROGRAM='${INSTALL}'
INSTALL_SCRIPT='${INSTALL}'
INSTALL_STRIP_PROGRAM='$(install_sh) -c -s'
KPATHSEA_DEPEND='${top_builddir}/../kpathsea/libkpathsea.la'
KPATHSEA_INCLUDES='-I/home/maqiyuan/Desktop/texlive-upstream/texk -I/home/maqiyuan/Desktop/texlive-upstream/texk'
KPATHSEA_LIBS='/home/maqiyuan/Desktop/texlive-upstream/texk/kpathsea/libkpathsea.la'
KPATHSEA_RULE='# Rebuild libkpathsea
LD='/usr/bin/ld -m elf_x86_64'
LDFLAGS=''
LIBOBJS=''
LIBS=''
LIBTOOL='$(SHELL) $(top_builddir)/libtool'
LIPO=''
LN_S='ln -s'
LTLIBOBJS=''
LT_SYS_LIBRARY_PATH=''
MAINT='#'
MAINTAINER_MODE_FALSE=''
MAINTAINER_MODE_TRUE='#'
MAKEINFO='${SHELL} /home/maqiyuan/Desktop/texlive-upstream/build-aux/missing makeinfo'
MANIFEST_TOOL=':'
MKDIR_P='/bin/mkdir -p'
NM='/usr/bin/nm -B'
NMEDIT=''
OBJDUMP='objdump'
OBJEXT='o'
OTOOL64=''
OTOOL=''
PACKAGE='upmendex--tex-live-'
PACKAGE_BUGREPORT=''
PACKAGE_NAME='upmendex (TeX Live)'
PACKAGE_STRING='upmendex (TeX Live) 0.50'
PACKAGE_TARNAME='upmendex--tex-live-'
PACKAGE_URL=''
PACKAGE_VERSION='0.50'
PATH_SEPARATOR=':'
PKG_CONFIG='pkg-config'
RANLIB='ranlib'
SED='/bin/sed'
SET_MAKE=''
SHELL='/bin/bash'
STRIP='strip'
VERSION='0.50'
WARNING_CFLAGS='-Wimplicit -Wreturn-type -Wdeclaration-after-statement -Wno-unknown-pragmas'
WARNING_CXXFLAGS='-Wreturn-type -Wno-unknown-pragmas -Wno-write-strings'
ac_ct_AR='ar'
ac_ct_CC='gcc'
ac_ct_CXX='g++'
ac_ct_DUMPBIN=''
am__EXEEXT_FALSE=''
am__EXEEXT_TRUE='#'
am__fastdepCC_FALSE='#'
am__fastdepCC_TRUE=''
am__fastdepCXX_FALSE='#'
am__fastdepCXX_TRUE=''
am__include='include'
am__isrc=''
am__leading_dot='.'
am__nodep='_no'
am__quote=''
am__tar='$${TAR-tar} chof - "$$tardir"'
am__untar='$${TAR-tar} xf -'
bindir='${exec_prefix}/bin/x86_64-pc-linux-gnu'
build='x86_64-pc-linux-gnu'
build_alias=''
build_cpu='x86_64'
build_os='linux-gnu'
build_vendor='pc'
datadir='${datarootdir}'
datarootdir='${prefix}'
docdir='${datarootdir}/doc/${PACKAGE_TARNAME}'
dvidir='${docdir}'
exec_prefix='${prefix}'
host='x86_64-pc-linux-gnu'
host_alias=''
host_cpu='x86_64'
host_os='linux-gnu'
host_vendor='pc'
htmldir='${docdir}'
includedir='${prefix}/include'
infodir='${prefix}/texmf-dist/doc/info'
install_sh='${SHELL} /home/maqiyuan/Desktop/texlive-upstream/build-aux/install-sh'
libdir='${exec_prefix}/lib/x86_64-pc-linux-gnu'
libexecdir='${exec_prefix}/libexec'
localedir='${datarootdir}/locale'
localstatedir='${prefix}/var'
mandir='${prefix}/texmf-dist/doc/man'
mkdir_p='$(MKDIR_P)'
oldincludedir='/usr/include'
pdfdir='${docdir}'
prefix='/usr/local'
program_transform_name='s,x,x,'
psdir='${docdir}'
sbindir='${exec_prefix}/sbin'
sharedstatedir='${prefix}/com'
sysconfdir='${prefix}/etc'
target_alias=''

## ----------- ##
## confdefs.h. ##
## ----------- ##

/* confdefs.h */
#define PACKAGE_NAME "upmendex (TeX Live)"
#define PACKAGE_TARNAME "upmendex--tex-live-"
#define PACKAGE_VERSION "0.50"
#define PACKAGE_STRING "upmendex (TeX Live) 0.50"
#define PACKAGE_BUGREPORT ""
#define PACKAGE_URL ""
#define STDC_HEADERS 1
#define HAVE_SYS_TYPES_H 1
#define HAVE_SYS_STAT_H 1
#define HAVE_STDLIB_H 1
#define HAVE_STRING_H 1
#define HAVE_MEMORY_H 1
#define HAVE_STRINGS_H 1
#define HAVE_INTTYPES_H 1
#define HAVE_STDINT_H 1
#define HAVE_UNISTD_H 1
#define HAVE_IOSTREAM 1
#define HAVE_DLFCN_H 1
#define LT_OBJDIR ".libs/"
#define HAVE_FSEEKO 1
#define HAVE_DIRENT_H 1
#define STDC_HEADERS 1
#define HAVE_ASSERT_H 1
#define HAVE_FLOAT_H 1
#define HAVE_LIMITS_H 1
#define HAVE_PWD_H 1
#define HAVE_STDLIB_H 1
#define HAVE_SYS_PARAM_H 1
#define HAVE_PUTENV 1
#define HAVE_GETCWD 1
#define HAVE_GETWD 1
#define HAVE_MEMCMP 1
#define HAVE_MEMCPY 1
#define HAVE_MKSTEMP 1
#define HAVE_MKTEMP 1
#define HAVE_STRCHR 1
#define HAVE_STRRCHR 1
#define HAVE_DECL_ISASCII 1
#define HAVE_STRUCT_STAT_ST_MTIM 1
#define TL_VERSION "TeX Live 2017/dev"
#define HAVE___VA_ARGS__ 1

configure: exit 0
