This file contains any messages produced by compilers while
running configure, to aid debugging if configure makes a mistake.

It was created by dviljk (TeX Live) configure 2.6p5, which was
generated by GNU Autoconf 2.69.  Invocation command line was

  $ ./configure --disable-option-checking --prefix=/usr/local --enable-build-in-source-tree --enable-native-texlive-build --enable-largefile --disable-silent-rules --enable-multiplatform=yes --enable-cxx-runtime-hack=yes --enable-libtool-hack=yes --disable-shared --enable-texlive-build --bindir=${exec_prefix}/bin/x86_64-pc-linux-gnu --libdir=${exec_prefix}/lib/x86_64-pc-linux-gnu --with-x --enable-devnag=yes --enable-lacheck=yes --enable-m-tx=yes --enable-pmx=yes --enable-ps2eps=yes --enable-t1utils=yes --enable-texdoctk=yes --enable-tpic2pdftex=yes --enable-vlna=yes --enable-xindy=no --with-clisp-runtime=default --enable-xpdfopen=yes --enable-web2c=yes --enable-afm2pl=yes --enable-bibtex-x=yes --enable-chktex=yes --enable-cjkutils=yes --enable-detex=yes --enable-dtl=yes --enable-dvi2tty=yes --enable-dvidvi=yes --enable-dviljk=yes --enable-dvipdfm-x=yes --enable-dvipng=yes --enable-dvipos=yes --enable-dvipsk=yes --enable-dvisvgm=yes --enable-gregorio=yes --enable-gsftopk=yes --enable-lcdf-typetools=yes --enable-makeindexk=yes --enable-makejvf=yes --enable-mendexk=yes --enable-musixtnt=yes --enable-ps2pk=yes --enable-psutils=yes --enable-seetexk=yes --enable-tex4htk=yes --enable-ttf2pk2=yes --enable-ttfdump=yes --enable-xdvik=yes --enable-texlive=yes --with-system-harfbuzz=no --with-system-icu=no --with-system-teckit=no --with-system-graphite2=no --with-system-zziplib=no --with-system-xpdf=no --with-system-poppler=no --with-system-mpfr=no --with-system-gmp=no --with-system-cairo=no --with-system-pixman=no --with-system-potrace=no --with-system-gd=no --with-system-freetype2=no --with-system-libpng=no --with-system-libpaper=no --with-system-zlib=no --with-system-ptexenc=no --with-system-kpathsea=no --datarootdir=${prefix} --mandir=${prefix}/texmf-dist/doc/man --infodir=${prefix}/texmf-dist/doc/info --cache-file=/dev/null --srcdir=.

## --------- ##
## Platform. ##
## --------- ##

hostname = maqiyuan-E430c
uname -m = x86_64
uname -r = 4.4.0-31-generic
uname -s = Linux
uname -v = #50-Ubuntu SMP Wed Jul 13 00:07:12 UTC 2016

/usr/bin/uname -p = unknown
/bin/uname -X     = unknown

/bin/arch              = unknown
/usr/bin/arch -k       = unknown
/usr/convex/getsysinfo = unknown
/usr/bin/hostinfo      = unknown
/bin/machine           = unknown
/usr/bin/oslevel       = unknown
/bin/universe          = unknown

PATH: /usr/local/sbin
PATH: /usr/local/bin
PATH: /usr/sbin
PATH: /usr/bin
PATH: /sbin
PATH: /bin
PATH: /usr/games
PATH: /usr/local/games
PATH: /snap/bin
PATH: /home/maqiyuan/bin/FDK/Tools/linux


## ----------- ##
## Core tests. ##
## ----------- ##

configure:2760: checking for a BSD-compatible install
configure:2828: result: /usr/bin/install -c
configure:2839: checking whether build environment is sane
configure:2894: result: yes
configure:3045: checking for a thread-safe mkdir -p
configure:3084: result: /bin/mkdir -p
configure:3091: checking for gawk
configure:3107: found /usr/bin/gawk
configure:3118: result: gawk
configure:3129: checking whether make sets $(MAKE)
configure:3151: result: yes
configure:3180: checking whether make supports nested variables
configure:3197: result: yes
configure:3220: checking for style of include used by make
configure:3248: result: GNU
configure:3319: checking for gcc
configure:3335: found /usr/bin/gcc
configure:3346: result: gcc
configure:3575: checking for C compiler version
configure:3584: gcc --version >&5
gcc (Ubuntu 5.4.0-6ubuntu1~16.04.1) 5.4.0 20160609
Copyright (C) 2015 Free Software Foundation, Inc.
This is free software; see the source for copying conditions.  There is NO
warranty; not even for MERCHANTABILITY or FITNESS FOR A PARTICULAR PURPOSE.

configure:3595: $? = 0
configure:3584: gcc -v >&5
Using built-in specs.
COLLECT_GCC=gcc
COLLECT_LTO_WRAPPER=/usr/lib/gcc/x86_64-linux-gnu/5/lto-wrapper
Target: x86_64-linux-gnu
Configured with: ../src/configure -v --with-pkgversion='Ubuntu 5.4.0-6ubuntu1~16.04.1' --with-bugurl=file:///usr/share/doc/gcc-5/README.Bugs --enable-languages=c,ada,c++,java,go,d,fortran,objc,obj-c++ --prefix=/usr --program-suffix=-5 --enable-shared --enable-linker-build-id --libexecdir=/usr/lib --without-included-gettext --enable-threads=posix --libdir=/usr/lib --enable-nls --with-sysroot=/ --enable-clocale=gnu --enable-libstdcxx-debug --enable-libstdcxx-time=yes --with-default-libstdcxx-abi=new --enable-gnu-unique-object --disable-vtable-verify --enable-libmpx --enable-plugin --with-system-zlib --disable-browser-plugin --enable-java-awt=gtk --enable-gtk-cairo --with-java-home=/usr/lib/jvm/java-1.5.0-gcj-5-amd64/jre --enable-java-home --with-jvm-root-dir=/usr/lib/jvm/java-1.5.0-gcj-5-amd64 --with-jvm-jar-dir=/usr/lib/jvm-exports/java-1.5.0-gcj-5-amd64 --with-arch-directory=amd64 --with-ecj-jar=/usr/share/java/eclipse-ecj.jar --enable-objc-gc --enable-multiarch --disable-werror --with-arch-32=i686 --with-abi=m64 --with-multilib-list=m32,m64,mx32 --enable-multilib --with-tune=generic --enable-checking=release --build=x86_64-linux-gnu --host=x86_64-linux-gnu --target=x86_64-linux-gnu
Thread model: posix
gcc version 5.4.0 20160609 (Ubuntu 5.4.0-6ubuntu1~16.04.1) 
configure:3595: $? = 0
configure:3584: gcc -V >&5
gcc: error: unrecognized command line option '-V'
gcc: fatal error: no input files
compilation terminated.
configure:3595: $? = 1
configure:3584: gcc -qversion >&5
gcc: error: unrecognized command line option '-qversion'
gcc: fatal error: no input files
compilation terminated.
configure:3595: $? = 1
configure:3615: checking whether the C compiler works
configure:3637: gcc    conftest.c  >&5
configure:3641: $? = 0
configure:3689: result: yes
configure:3692: checking for C compiler default output file name
configure:3694: result: a.out
configure:3700: checking for suffix of executables
configure:3707: gcc -o conftest    conftest.c  >&5
configure:3711: $? = 0
configure:3733: result: 
configure:3755: checking whether we are cross compiling
configure:3763: gcc -o conftest    conftest.c  >&5
configure:3767: $? = 0
configure:3774: ./conftest
configure:3778: $? = 0
configure:3793: result: no
configure:3798: checking for suffix of object files
configure:3820: gcc -c   conftest.c >&5
configure:3824: $? = 0
configure:3845: result: o
configure:3849: checking whether we are using the GNU C compiler
configure:3868: gcc -c   conftest.c >&5
configure:3868: $? = 0
configure:3877: result: yes
configure:3886: checking whether gcc accepts -g
configure:3906: gcc -c -g  conftest.c >&5
configure:3906: $? = 0
configure:3947: result: yes
configure:3964: checking for gcc option to accept ISO C89
configure:4027: gcc  -c -g -O2  conftest.c >&5
configure:4027: $? = 0
configure:4040: result: none needed
configure:4065: checking whether gcc understands -c and -o together
configure:4087: gcc -c conftest.c -o conftest2.o
configure:4090: $? = 0
configure:4087: gcc -c conftest.c -o conftest2.o
configure:4090: $? = 0
configure:4102: result: yes
configure:4121: checking dependency style of gcc
configure:4232: result: gcc3
configure:4292: checking build system type
configure:4306: result: x86_64-pc-linux-gnu
configure:4326: checking host system type
configure:4339: result: x86_64-pc-linux-gnu
configure:4380: checking how to print strings
configure:4407: result: printf
configure:4428: checking for a sed that does not truncate output
configure:4492: result: /bin/sed
configure:4510: checking for grep that handles long lines and -e
configure:4568: result: /bin/grep
configure:4573: checking for egrep
configure:4635: result: /bin/grep -E
configure:4640: checking for fgrep
configure:4702: result: /bin/grep -F
configure:4737: checking for ld used by gcc
configure:4804: result: /usr/bin/ld
configure:4811: checking if the linker (/usr/bin/ld) is GNU ld
configure:4826: result: yes
configure:4838: checking for BSD- or MS-compatible name lister (nm)
configure:4892: result: /usr/bin/nm -B
configure:5022: checking the name lister (/usr/bin/nm -B) interface
configure:5029: gcc -c -g -O2  conftest.c >&5
configure:5032: /usr/bin/nm -B "conftest.o"
configure:5035: output
0000000000000000 B some_variable
configure:5042: result: BSD nm
configure:5045: checking whether ln -s works
configure:5049: result: yes
configure:5057: checking the maximum length of command line arguments
configure:5188: result: 1572864
configure:5236: checking how to convert x86_64-pc-linux-gnu file names to x86_64-pc-linux-gnu format
configure:5276: result: func_convert_file_noop
configure:5283: checking how to convert x86_64-pc-linux-gnu file names to toolchain format
configure:5303: result: func_convert_file_noop
configure:5310: checking for /usr/bin/ld option to reload object files
configure:5317: result: -r
configure:5391: checking for objdump
configure:5407: found /usr/bin/objdump
configure:5418: result: objdump
configure:5447: checking how to recognize dependent libraries
configure:5647: result: pass_all
configure:5732: checking for dlltool
configure:5762: result: no
configure:5789: checking how to associate runtime and link libraries
configure:5816: result: printf %s\n
configure:5876: checking for ar
configure:5892: found /usr/bin/ar
configure:5903: result: ar
configure:5940: checking for archiver @FILE support
configure:5957: gcc -c -g -O2  conftest.c >&5
configure:5957: $? = 0
configure:5960: ar cru libconftest.a @conftest.lst >&5
ar: `u' modifier ignored since `D' is the default (see `U')
configure:5963: $? = 0
configure:5968: ar cru libconftest.a @conftest.lst >&5
ar: `u' modifier ignored since `D' is the default (see `U')
ar: conftest.o: No such file or directory
configure:5971: $? = 1
configure:5983: result: @
configure:6041: checking for strip
configure:6057: found /usr/bin/strip
configure:6068: result: strip
configure:6140: checking for ranlib
configure:6156: found /usr/bin/ranlib
configure:6167: result: ranlib
configure:6269: checking command to parse /usr/bin/nm -B output from gcc object
configure:6422: gcc -c -g -O2  conftest.c >&5
configure:6425: $? = 0
configure:6429: /usr/bin/nm -B conftest.o \| sed -n -e 's/^.*[ ]\([ABCDGIRSTW][ABCDGIRSTW]*\)[ ][ ]*\([_A-Za-z][_A-Za-z0-9]*\)$/\1 \2 \2/p' | sed '/ __gnu_lto/d' \> conftest.nm
configure:6432: $? = 0
configure:6498: gcc -o conftest -g -O2   conftest.c conftstm.o >&5
configure:6501: $? = 0
configure:6539: result: ok
configure:6586: checking for sysroot
configure:6616: result: no
configure:6623: checking for a working dd
configure:6661: result: /bin/dd
configure:6665: checking how to truncate binary pipes
configure:6680: result: /bin/dd bs=4096 count=1
configure:6816: gcc -c -g -O2  conftest.c >&5
configure:6819: $? = 0
configure:7009: checking for mt
configure:7025: found /bin/mt
configure:7036: result: mt
configure:7059: checking if mt is a manifest tool
configure:7065: mt '-?'
configure:7073: result: no
configure:7750: checking how to run the C preprocessor
configure:7781: gcc -E  conftest.c
configure:7781: $? = 0
configure:7795: gcc -E  conftest.c
conftest.c:9:28: fatal error: ac_nonexistent.h: No such file or directory
compilation terminated.
configure:7795: $? = 1
configure: failed program was:
| /* confdefs.h */
| #define PACKAGE_NAME "dviljk (TeX Live)"
| #define PACKAGE_TARNAME "dviljk--tex-live-"
| #define PACKAGE_VERSION "2.6p5"
| #define PACKAGE_STRING "dviljk (TeX Live) 2.6p5"
| #define PACKAGE_BUGREPORT "tex-k@tug.org"
| #define PACKAGE_URL ""
| /* end confdefs.h.  */
| #include <ac_nonexistent.h>
configure:7820: result: gcc -E
configure:7840: gcc -E  conftest.c
configure:7840: $? = 0
configure:7854: gcc -E  conftest.c
conftest.c:9:28: fatal error: ac_nonexistent.h: No such file or directory
compilation terminated.
configure:7854: $? = 1
configure: failed program was:
| /* confdefs.h */
| #define PACKAGE_NAME "dviljk (TeX Live)"
| #define PACKAGE_TARNAME "dviljk--tex-live-"
| #define PACKAGE_VERSION "2.6p5"
| #define PACKAGE_STRING "dviljk (TeX Live) 2.6p5"
| #define PACKAGE_BUGREPORT "tex-k@tug.org"
| #define PACKAGE_URL ""
| /* end confdefs.h.  */
| #include <ac_nonexistent.h>
configure:7883: checking for ANSI C header files
configure:7903: gcc -c -g -O2  conftest.c >&5
configure:7903: $? = 0
configure:7976: gcc -o conftest -g -O2   conftest.c  >&5
configure:7976: $? = 0
configure:7976: ./conftest
configure:7976: $? = 0
configure:7987: result: yes
configure:8000: checking for sys/types.h
configure:8000: gcc -c -g -O2  conftest.c >&5
configure:8000: $? = 0
configure:8000: result: yes
configure:8000: checking for sys/stat.h
configure:8000: gcc -c -g -O2  conftest.c >&5
configure:8000: $? = 0
configure:8000: result: yes
configure:8000: checking for stdlib.h
configure:8000: gcc -c -g -O2  conftest.c >&5
configure:8000: $? = 0
configure:8000: result: yes
configure:8000: checking for string.h
configure:8000: gcc -c -g -O2  conftest.c >&5
configure:8000: $? = 0
configure:8000: result: yes
configure:8000: checking for memory.h
configure:8000: gcc -c -g -O2  conftest.c >&5
configure:8000: $? = 0
configure:8000: result: yes
configure:8000: checking for strings.h
configure:8000: gcc -c -g -O2  conftest.c >&5
configure:8000: $? = 0
configure:8000: result: yes
configure:8000: checking for inttypes.h
configure:8000: gcc -c -g -O2  conftest.c >&5
configure:8000: $? = 0
configure:8000: result: yes
configure:8000: checking for stdint.h
configure:8000: gcc -c -g -O2  conftest.c >&5
configure:8000: $? = 0
configure:8000: result: yes
configure:8000: checking for unistd.h
configure:8000: gcc -c -g -O2  conftest.c >&5
configure:8000: $? = 0
configure:8000: result: yes
configure:8014: checking for dlfcn.h
configure:8014: gcc -c -g -O2  conftest.c >&5
configure:8014: $? = 0
configure:8014: result: yes
configure:8133: checking whether to enable maintainer-specific portions of Makefiles
configure:8142: result: no
configure:8155: checking whether the compiler accepts prototypes
configure:8171: gcc -o conftest -g -O2   conftest.c  >&5
configure:8171: $? = 0
configure:8179: result: yes
configure:8184: checking what warning flags to pass to the C compiler
configure:8229: result: -Wimplicit -Wreturn-type -Wdeclaration-after-statement -Wno-unknown-pragmas
configure:8783: checking for objdir
configure:8798: result: .libs
configure:9062: checking if gcc supports -fno-rtti -fno-exceptions
configure:9080: gcc -c -g -O2  -fno-rtti -fno-exceptions conftest.c >&5
cc1: warning: command line option '-fno-rtti' is valid for C++/ObjC++ but not for C
configure:9084: $? = 0
configure:9097: result: no
configure:9455: checking for gcc option to produce PIC
configure:9462: result: -fPIC -DPIC
configure:9470: checking if gcc PIC flag -fPIC -DPIC works
configure:9488: gcc -c -g -O2  -fPIC -DPIC -DPIC conftest.c >&5
configure:9492: $? = 0
configure:9505: result: yes
configure:9534: checking if gcc static flag -static works
configure:9562: result: yes
configure:9577: checking if gcc supports -c -o file.o
configure:9598: gcc -c -g -O2  -o out/conftest2.o conftest.c >&5
configure:9602: $? = 0
configure:9624: result: yes
configure:9632: checking if gcc supports -c -o file.o
configure:9679: result: yes
configure:9712: checking whether the gcc linker (/usr/bin/ld -m elf_x86_64) supports shared libraries
configure:10971: result: yes
configure:11211: checking dynamic linker characteristics
configure:11792: gcc -o conftest -g -O2   -Wl,-rpath -Wl,/foo conftest.c  >&5
configure:11792: $? = 0
configure:12029: result: GNU/Linux ld.so
configure:12151: checking how to hardcode library paths into programs
configure:12176: result: immediate
configure:12724: checking whether stripping libraries is possible
configure:12729: result: yes
configure:12764: checking if libtool supports shared libraries
configure:12766: result: yes
configure:12769: checking whether to build shared libraries
configure:12794: result: no
configure:12797: checking whether to build static libraries
configure:12801: result: yes
configure:12845: checking for special C compiler options needed for large files
configure:12890: result: no
configure:12896: checking for _FILE_OFFSET_BITS value needed for large files
configure:12921: gcc -c -g -O2  conftest.c >&5
configure:12921: $? = 0
configure:12953: result: no
configure:13038: checking for _LARGEFILE_SOURCE value needed for large files
configure:13057: gcc -o conftest -g -O2   conftest.c  >&5
configure:13057: $? = 0
configure:13085: result: no
configure:13109: checking for dirent.h that defines DIR
configure:13128: gcc -c -g -O2  conftest.c >&5
configure:13128: $? = 0
configure:13136: result: yes
configure:13149: checking for library containing opendir
configure:13180: gcc -o conftest -g -O2   conftest.c  >&5
configure:13180: $? = 0
configure:13197: result: none required
configure:13264: checking for ANSI C header files
configure:13368: result: yes
configure:13376: checking whether closedir returns void
configure:13400: gcc -o conftest -g -O2   conftest.c  >&5
configure:13400: $? = 0
configure:13400: ./conftest
configure:13400: $? = 0
configure:13410: result: no
configure:13421: checking assert.h usability
configure:13421: gcc -c -g -O2  conftest.c >&5
configure:13421: $? = 0
configure:13421: result: yes
configure:13421: checking assert.h presence
configure:13421: gcc -E  conftest.c
configure:13421: $? = 0
configure:13421: result: yes
configure:13421: checking for assert.h
configure:13421: result: yes
configure:13421: checking float.h usability
configure:13421: gcc -c -g -O2  conftest.c >&5
configure:13421: $? = 0
configure:13421: result: yes
configure:13421: checking float.h presence
configure:13421: gcc -E  conftest.c
configure:13421: $? = 0
configure:13421: result: yes
configure:13421: checking for float.h
configure:13421: result: yes
configure:13421: checking limits.h usability
configure:13421: gcc -c -g -O2  conftest.c >&5
configure:13421: $? = 0
configure:13421: result: yes
configure:13421: checking limits.h presence
configure:13421: gcc -E  conftest.c
configure:13421: $? = 0
configure:13421: result: yes
configure:13421: checking for limits.h
configure:13421: result: yes
configure:13421: checking pwd.h usability
configure:13421: gcc -c -g -O2  conftest.c >&5
configure:13421: $? = 0
configure:13421: result: yes
configure:13421: checking pwd.h presence
configure:13421: gcc -E  conftest.c
configure:13421: $? = 0
configure:13421: result: yes
configure:13421: checking for pwd.h
configure:13421: result: yes
configure:13421: checking for stdlib.h
configure:13421: result: yes
configure:13421: checking sys/param.h usability
configure:13421: gcc -c -g -O2  conftest.c >&5
configure:13421: $? = 0
configure:13421: result: yes
configure:13421: checking sys/param.h presence
configure:13421: gcc -E  conftest.c
configure:13421: $? = 0
configure:13421: result: yes
configure:13421: checking for sys/param.h
configure:13421: result: yes
configure:13433: checking for putenv
configure:13433: gcc -o conftest -g -O2   conftest.c  >&5
configure:13433: $? = 0
configure:13433: result: yes
configure:13445: checking for getcwd
configure:13445: gcc -o conftest -g -O2   conftest.c  >&5
configure:13445: $? = 0
configure:13445: result: yes
configure:13445: checking for getwd
configure:13445: gcc -o conftest -g -O2   conftest.c  >&5
/tmp/ccBLlGgF.o: In function `main':
/home/maqiyuan/Desktop/texlive-mobile/src/texlive-source/texk/dviljk/conftest.c:66: warning: the `getwd' function is dangerous and should not be used.
configure:13445: $? = 0
configure:13445: result: yes
configure:13445: checking for memcmp
configure:13445: gcc -o conftest -g -O2   conftest.c  >&5
conftest.c:56:6: warning: conflicting types for built-in function 'memcmp'
 char memcmp ();
      ^
configure:13445: $? = 0
configure:13445: result: yes
configure:13445: checking for memcpy
configure:13445: gcc -o conftest -g -O2   conftest.c  >&5
conftest.c:57:6: warning: conflicting types for built-in function 'memcpy'
 char memcpy ();
      ^
configure:13445: $? = 0
configure:13445: result: yes
configure:13445: checking for mkstemp
configure:13445: gcc -o conftest -g -O2   conftest.c  >&5
configure:13445: $? = 0
configure:13445: result: yes
configure:13445: checking for mktemp
configure:13445: gcc -o conftest -g -O2   conftest.c  >&5
/tmp/ccrgk216.o: In function `main':
/home/maqiyuan/Desktop/texlive-mobile/src/texlive-source/texk/dviljk/conftest.c:70: warning: the use of `mktemp' is dangerous, better use `mkstemp' or `mkdtemp'
configure:13445: $? = 0
configure:13445: result: yes
configure:13445: checking for strchr
configure:13445: gcc -o conftest -g -O2   conftest.c  >&5
conftest.c:60:6: warning: conflicting types for built-in function 'strchr'
 char strchr ();
      ^
configure:13445: $? = 0
configure:13445: result: yes
configure:13445: checking for strrchr
configure:13445: gcc -o conftest -g -O2   conftest.c  >&5
conftest.c:61:6: warning: conflicting types for built-in function 'strrchr'
 char strrchr ();
      ^
configure:13445: $? = 0
configure:13445: result: yes
configure:13454: checking for an ANSI C-conforming const
configure:13520: gcc -c -g -O2  conftest.c >&5
configure:13520: $? = 0
configure:13527: result: yes
configure:13535: checking for inline
configure:13551: gcc -c -g -O2  conftest.c >&5
configure:13551: $? = 0
configure:13559: result: inline
configure:13577: checking for size_t
configure:13577: gcc -c -g -O2  conftest.c >&5
configure:13577: $? = 0
configure:13577: gcc -c -g -O2  conftest.c >&5
conftest.c: In function 'main':
conftest.c:75:21: error: expected expression before ')' token
 if (sizeof ((size_t)))
                     ^
configure:13577: $? = 1
configure: failed program was:
| /* confdefs.h */
| #define PACKAGE_NAME "dviljk (TeX Live)"
| #define PACKAGE_TARNAME "dviljk--tex-live-"
| #define PACKAGE_VERSION "2.6p5"
| #define PACKAGE_STRING "dviljk (TeX Live) 2.6p5"
| #define PACKAGE_BUGREPORT "tex-k@tug.org"
| #define PACKAGE_URL ""
| #define STDC_HEADERS 1
| #define HAVE_SYS_TYPES_H 1
| #define HAVE_SYS_STAT_H 1
| #define HAVE_STDLIB_H 1
| #define HAVE_STRING_H 1
| #define HAVE_MEMORY_H 1
| #define HAVE_STRINGS_H 1
| #define HAVE_INTTYPES_H 1
| #define HAVE_STDINT_H 1
| #define HAVE_UNISTD_H 1
| #define HAVE_DLFCN_H 1
| #define LT_OBJDIR ".libs/"
| #define HAVE_FSEEKO 1
| #define HAVE_DIRENT_H 1
| #define STDC_HEADERS 1
| #define HAVE_ASSERT_H 1
| #define HAVE_FLOAT_H 1
| #define HAVE_LIMITS_H 1
| #define HAVE_PWD_H 1
| #define HAVE_STDLIB_H 1
| #define HAVE_SYS_PARAM_H 1
| #define HAVE_PUTENV 1
| #define HAVE_GETCWD 1
| #define HAVE_GETWD 1
| #define HAVE_MEMCMP 1
| #define HAVE_MEMCPY 1
| #define HAVE_MKSTEMP 1
| #define HAVE_MKTEMP 1
| #define HAVE_STRCHR 1
| #define HAVE_STRRCHR 1
| /* end confdefs.h.  */
| #include <stdio.h>
| #ifdef HAVE_SYS_TYPES_H
| # include <sys/types.h>
| #endif
| #ifdef HAVE_SYS_STAT_H
| # include <sys/stat.h>
| #endif
| #ifdef STDC_HEADERS
| # include <stdlib.h>
| # include <stddef.h>
| #else
| # ifdef HAVE_STDLIB_H
| #  include <stdlib.h>
| # endif
| #endif
| #ifdef HAVE_STRING_H
| # if !defined STDC_HEADERS && defined HAVE_MEMORY_H
| #  include <memory.h>
| # endif
| # include <string.h>
| #endif
| #ifdef HAVE_STRINGS_H
| # include <strings.h>
| #endif
| #ifdef HAVE_INTTYPES_H
| # include <inttypes.h>
| #endif
| #ifdef HAVE_STDINT_H
| # include <stdint.h>
| #endif
| #ifdef HAVE_UNISTD_H
| # include <unistd.h>
| #endif
| int
| main ()
| {
| if (sizeof ((size_t)))
| 	    return 0;
|   ;
|   return 0;
| }
configure:13577: result: yes
configure:13588: checking for int64_t
configure:13588: gcc -c -g -O2  conftest.c >&5
configure:13588: $? = 0
configure:13588: gcc -c -g -O2  conftest.c >&5
conftest.c: In function 'main':
conftest.c:77:53: warning: integer overflow in expression [-Woverflow]
    < (int64_t) (((((int64_t) 1 << N) << N) - 1) * 2 + 2))];
                                                     ^
conftest.c:76:12: error: storage size of 'test_array' isn't constant
 static int test_array [1 - 2 * !((int64_t) (((((int64_t) 1 << N) << N) - 1) * 2 + 1)
            ^
configure:13588: $? = 1
configure: failed program was:
| /* confdefs.h */
| #define PACKAGE_NAME "dviljk (TeX Live)"
| #define PACKAGE_TARNAME "dviljk--tex-live-"
| #define PACKAGE_VERSION "2.6p5"
| #define PACKAGE_STRING "dviljk (TeX Live) 2.6p5"
| #define PACKAGE_BUGREPORT "tex-k@tug.org"
| #define PACKAGE_URL ""
| #define STDC_HEADERS 1
| #define HAVE_SYS_TYPES_H 1
| #define HAVE_SYS_STAT_H 1
| #define HAVE_STDLIB_H 1
| #define HAVE_STRING_H 1
| #define HAVE_MEMORY_H 1
| #define HAVE_STRINGS_H 1
| #define HAVE_INTTYPES_H 1
| #define HAVE_STDINT_H 1
| #define HAVE_UNISTD_H 1
| #define HAVE_DLFCN_H 1
| #define LT_OBJDIR ".libs/"
| #define HAVE_FSEEKO 1
| #define HAVE_DIRENT_H 1
| #define STDC_HEADERS 1
| #define HAVE_ASSERT_H 1
| #define HAVE_FLOAT_H 1
| #define HAVE_LIMITS_H 1
| #define HAVE_PWD_H 1
| #define HAVE_STDLIB_H 1
| #define HAVE_SYS_PARAM_H 1
| #define HAVE_PUTENV 1
| #define HAVE_GETCWD 1
| #define HAVE_GETWD 1
| #define HAVE_MEMCMP 1
| #define HAVE_MEMCPY 1
| #define HAVE_MKSTEMP 1
| #define HAVE_MKTEMP 1
| #define HAVE_STRCHR 1
| #define HAVE_STRRCHR 1
| /* end confdefs.h.  */
| #include <stdio.h>
| #ifdef HAVE_SYS_TYPES_H
| # include <sys/types.h>
| #endif
| #ifdef HAVE_SYS_STAT_H
| # include <sys/stat.h>
| #endif
| #ifdef STDC_HEADERS
| # include <stdlib.h>
| # include <stddef.h>
| #else
| # ifdef HAVE_STDLIB_H
| #  include <stdlib.h>
| # endif
| #endif
| #ifdef HAVE_STRING_H
| # if !defined STDC_HEADERS && defined HAVE_MEMORY_H
| #  include <memory.h>
| # endif
| # include <string.h>
| #endif
| #ifdef HAVE_STRINGS_H
| # include <strings.h>
| #endif
| #ifdef HAVE_INTTYPES_H
| # include <inttypes.h>
| #endif
| #ifdef HAVE_STDINT_H
| # include <stdint.h>
| #endif
| #ifdef HAVE_UNISTD_H
| # include <unistd.h>
| #endif
| 	        enum { N = 64 / 2 - 1 };
| int
| main ()
| {
| static int test_array [1 - 2 * !((int64_t) (((((int64_t) 1 << N) << N) - 1) * 2 + 1)
| 		 < (int64_t) (((((int64_t) 1 << N) << N) - 1) * 2 + 2))];
| test_array [0] = 0;
| return test_array [0];
| 
|   ;
|   return 0;
| }
configure:13588: result: yes
configure:13599: checking for uint64_t
configure:13599: gcc -c -g -O2  conftest.c >&5
configure:13599: $? = 0
configure:13599: result: yes
configure:13619: checking whether isascii is declared
configure:13619: gcc -c -g -O2  conftest.c >&5
configure:13619: $? = 0
configure:13619: result: yes
configure:13631: checking for struct stat.st_mtim
configure:13631: gcc -c -g -O2  conftest.c >&5
conftest.c: In function 'main':
conftest.c:77:5: error: used struct type value where scalar is required
 if (ac_aggr.st_mtim)
     ^
configure:13631: $? = 1
configure: failed program was:
| /* confdefs.h */
| #define PACKAGE_NAME "dviljk (TeX Live)"
| #define PACKAGE_TARNAME "dviljk--tex-live-"
| #define PACKAGE_VERSION "2.6p5"
| #define PACKAGE_STRING "dviljk (TeX Live) 2.6p5"
| #define PACKAGE_BUGREPORT "tex-k@tug.org"
| #define PACKAGE_URL ""
| #define STDC_HEADERS 1
| #define HAVE_SYS_TYPES_H 1
| #define HAVE_SYS_STAT_H 1
| #define HAVE_STDLIB_H 1
| #define HAVE_STRING_H 1
| #define HAVE_MEMORY_H 1
| #define HAVE_STRINGS_H 1
| #define HAVE_INTTYPES_H 1
| #define HAVE_STDINT_H 1
| #define HAVE_UNISTD_H 1
| #define HAVE_DLFCN_H 1
| #define LT_OBJDIR ".libs/"
| #define HAVE_FSEEKO 1
| #define HAVE_DIRENT_H 1
| #define STDC_HEADERS 1
| #define HAVE_ASSERT_H 1
| #define HAVE_FLOAT_H 1
| #define HAVE_LIMITS_H 1
| #define HAVE_PWD_H 1
| #define HAVE_STDLIB_H 1
| #define HAVE_SYS_PARAM_H 1
| #define HAVE_PUTENV 1
| #define HAVE_GETCWD 1
| #define HAVE_GETWD 1
| #define HAVE_MEMCMP 1
| #define HAVE_MEMCPY 1
| #define HAVE_MKSTEMP 1
| #define HAVE_MKTEMP 1
| #define HAVE_STRCHR 1
| #define HAVE_STRRCHR 1
| #define HAVE_DECL_ISASCII 1
| /* end confdefs.h.  */
| #include <stdio.h>
| #ifdef HAVE_SYS_TYPES_H
| # include <sys/types.h>
| #endif
| #ifdef HAVE_SYS_STAT_H
| # include <sys/stat.h>
| #endif
| #ifdef STDC_HEADERS
| # include <stdlib.h>
| # include <stddef.h>
| #else
| # ifdef HAVE_STDLIB_H
| #  include <stdlib.h>
| # endif
| #endif
| #ifdef HAVE_STRING_H
| # if !defined STDC_HEADERS && defined HAVE_MEMORY_H
| #  include <memory.h>
| # endif
| # include <string.h>
| #endif
| #ifdef HAVE_STRINGS_H
| # include <strings.h>
| #endif
| #ifdef HAVE_INTTYPES_H
| # include <inttypes.h>
| #endif
| #ifdef HAVE_STDINT_H
| # include <stdint.h>
| #endif
| #ifdef HAVE_UNISTD_H
| # include <unistd.h>
| #endif
| int
| main ()
| {
| static struct stat ac_aggr;
| if (ac_aggr.st_mtim)
| return 0;
|   ;
|   return 0;
| }
configure:13631: gcc -c -g -O2  conftest.c >&5
configure:13631: $? = 0
configure:13631: result: yes
configure:13646: checking whether char is unsigned
configure:13665: gcc -c -g -O2  conftest.c >&5
configure:13665: $? = 0
configure:13672: result: no
configure:13683: checking size of long
configure:13688: gcc -o conftest -g -O2   conftest.c  >&5
configure:13688: $? = 0
configure:13688: ./conftest
configure:13688: $? = 0
configure:13702: result: 8
configure:13715: checking for rmdir
configure:13715: gcc -o conftest -g -O2   conftest.c  >&5
configure:13715: $? = 0
configure:13715: result: yes
configure:13715: checking for unlink
configure:13715: gcc -o conftest -g -O2   conftest.c  >&5
configure:13715: $? = 0
configure:13715: result: yes
configure:13715: checking for mkdtemp
configure:13715: gcc -o conftest -g -O2   conftest.c  >&5
configure:13715: $? = 0
configure:13715: result: yes
configure:13715: checking for mktemp
configure:13715: result: yes
configure:13734: creating ./config.lt

## ------------------ ##
## Running config.lt. ##
## ------------------ ##
config.lt:628: creating libtool
configure:15075: checking for pkg-config
configure:15091: found /usr/bin/pkg-config
configure:15102: result: pkg-config
configure:15148: checking if libkpathsea supports debugging
configure:15167: ./libtool --mode=link --tag=CC gcc -o conftest -g -O2 -I/home/maqiyuan/Desktop/texlive-mobile/src/texlive-source/texk -I/home/maqiyuan/Desktop/texlive-mobile/src/texlive-source/texk   conftest.c /home/maqiyuan/Desktop/texlive-mobile/src/texlive-source/texk/kpathsea/libkpathsea.la  >&5
libtool: link: gcc -o conftest -g -O2 -I/home/maqiyuan/Desktop/texlive-mobile/src/texlive-source/texk -I/home/maqiyuan/Desktop/texlive-mobile/src/texlive-source/texk conftest.c  /home/maqiyuan/Desktop/texlive-mobile/src/texlive-source/texk/kpathsea/.libs/libkpathsea.a
configure:15167: $? = 0
configure:15178: result: yes
configure:15185: checking for native WIN32 or MINGW32
configure:15203: gcc -c -g -O2  conftest.c >&5
conftest.c:47:3: error: unknown type name 'choke'
   choke me
   ^
conftest.c:49:1: error: expected '=', ',', ';', 'asm' or '__attribute__' before 'int'
 int
 ^
configure:15203: $? = 1
configure: failed program was:
| /* confdefs.h */
| #define PACKAGE_NAME "dviljk (TeX Live)"
| #define PACKAGE_TARNAME "dviljk--tex-live-"
| #define PACKAGE_VERSION "2.6p5"
| #define PACKAGE_STRING "dviljk (TeX Live) 2.6p5"
| #define PACKAGE_BUGREPORT "tex-k@tug.org"
| #define PACKAGE_URL ""
| #define STDC_HEADERS 1
| #define HAVE_SYS_TYPES_H 1
| #define HAVE_SYS_STAT_H 1
| #define HAVE_STDLIB_H 1
| #define HAVE_STRING_H 1
| #define HAVE_MEMORY_H 1
| #define HAVE_STRINGS_H 1
| #define HAVE_INTTYPES_H 1
| #define HAVE_STDINT_H 1
| #define HAVE_UNISTD_H 1
| #define HAVE_DLFCN_H 1
| #define LT_OBJDIR ".libs/"
| #define HAVE_FSEEKO 1
| #define HAVE_DIRENT_H 1
| #define STDC_HEADERS 1
| #define HAVE_ASSERT_H 1
| #define HAVE_FLOAT_H 1
| #define HAVE_LIMITS_H 1
| #define HAVE_PWD_H 1
| #define HAVE_STDLIB_H 1
| #define HAVE_SYS_PARAM_H 1
| #define HAVE_PUTENV 1
| #define HAVE_GETCWD 1
| #define HAVE_GETWD 1
| #define HAVE_MEMCMP 1
| #define HAVE_MEMCPY 1
| #define HAVE_MKSTEMP 1
| #define HAVE_MKTEMP 1
| #define HAVE_STRCHR 1
| #define HAVE_STRRCHR 1
| #define HAVE_DECL_ISASCII 1
| #define HAVE_STRUCT_STAT_ST_MTIM 1
| #define SIZEOF_LONG 8
| #define HAVE_RMDIR 1
| #define HAVE_UNLINK 1
| #define HAVE_MKDTEMP 1
| #define HAVE_MKTEMP 1
| /* end confdefs.h.  */
| #ifndef WIN32
|   choke me
| #endif
| int
| main ()
| {
| 
|   ;
|   return 0;
| }
configure:15228: result: no
configure:15366: checking that generated files are newer than configure
configure:15372: result: done
configure:15407: creating ./config.status

## ---------------------- ##
## Running config.status. ##
## ---------------------- ##

This file was extended by dviljk (TeX Live) config.status 2.6p5, which was
generated by GNU Autoconf 2.69.  Invocation command line was

  CONFIG_FILES    = 
  CONFIG_HEADERS  = 
  CONFIG_LINKS    = 
  CONFIG_COMMANDS = 
  $ ./config.status 

on maqiyuan-E430c

config.status:1133: creating Makefile
config.status:1133: creating win32/Makefile
config.status:1133: creating c-auto.h
config.status:1393: executing depfiles commands
config.status:1393: executing libtool commands

## ---------------- ##
## Cache variables. ##
## ---------------- ##

ac_cv_build=x86_64-pc-linux-gnu
ac_cv_c_char_unsigned=no
ac_cv_c_compiler_gnu=yes
ac_cv_c_const=yes
ac_cv_c_inline=inline
ac_cv_c_int64_t=yes
ac_cv_c_uint64_t=yes
ac_cv_env_CC_set=
ac_cv_env_CC_value=
ac_cv_env_CFLAGS_set=
ac_cv_env_CFLAGS_value=
ac_cv_env_CPPFLAGS_set=
ac_cv_env_CPPFLAGS_value=
ac_cv_env_CPP_set=
ac_cv_env_CPP_value=
ac_cv_env_LDFLAGS_set=
ac_cv_env_LDFLAGS_value=
ac_cv_env_LIBS_set=
ac_cv_env_LIBS_value=
ac_cv_env_LT_SYS_LIBRARY_PATH_set=
ac_cv_env_LT_SYS_LIBRARY_PATH_value=
ac_cv_env_build_alias_set=
ac_cv_env_build_alias_value=
ac_cv_env_host_alias_set=
ac_cv_env_host_alias_value=
ac_cv_env_target_alias_set=
ac_cv_env_target_alias_value=
ac_cv_func_closedir_void=no
ac_cv_func_getcwd=yes
ac_cv_func_getwd=yes
ac_cv_func_memcmp=yes
ac_cv_func_memcpy=yes
ac_cv_func_mkdtemp=yes
ac_cv_func_mkstemp=yes
ac_cv_func_mktemp=yes
ac_cv_func_putenv=yes
ac_cv_func_rmdir=yes
ac_cv_func_strchr=yes
ac_cv_func_strrchr=yes
ac_cv_func_unlink=yes
ac_cv_have_decl_isascii=yes
ac_cv_header_assert_h=yes
ac_cv_header_dirent_dirent_h=yes
ac_cv_header_dlfcn_h=yes
ac_cv_header_float_h=yes
ac_cv_header_inttypes_h=yes
ac_cv_header_limits_h=yes
ac_cv_header_memory_h=yes
ac_cv_header_pwd_h=yes
ac_cv_header_stdc=yes
ac_cv_header_stdint_h=yes
ac_cv_header_stdlib_h=yes
ac_cv_header_string_h=yes
ac_cv_header_strings_h=yes
ac_cv_header_sys_param_h=yes
ac_cv_header_sys_stat_h=yes
ac_cv_header_sys_types_h=yes
ac_cv_header_unistd_h=yes
ac_cv_host=x86_64-pc-linux-gnu
ac_cv_member_struct_stat_st_mtim=yes
ac_cv_objext=o
ac_cv_path_EGREP='/bin/grep -E'
ac_cv_path_FGREP='/bin/grep -F'
ac_cv_path_GREP=/bin/grep
ac_cv_path_SED=/bin/sed
ac_cv_path_install='/usr/bin/install -c'
ac_cv_path_lt_DD=/bin/dd
ac_cv_path_mkdir=/bin/mkdir
ac_cv_prog_AWK=gawk
ac_cv_prog_CPP='gcc -E'
ac_cv_prog_ac_ct_AR=ar
ac_cv_prog_ac_ct_CC=gcc
ac_cv_prog_ac_ct_MANIFEST_TOOL=mt
ac_cv_prog_ac_ct_OBJDUMP=objdump
ac_cv_prog_ac_ct_PKG_CONFIG=pkg-config
ac_cv_prog_ac_ct_RANLIB=ranlib
ac_cv_prog_ac_ct_STRIP=strip
ac_cv_prog_cc_c89=
ac_cv_prog_cc_g=yes
ac_cv_prog_make_make_set=yes
ac_cv_search_opendir='none required'
ac_cv_sizeof_long=8
ac_cv_sys_file_offset_bits=no
ac_cv_sys_largefile_CC=no
ac_cv_sys_largefile_source=no
ac_cv_type_size_t=yes
am_cv_CC_dependencies_compiler_type=gcc3
am_cv_make_support_nested_variables=yes
am_cv_prog_cc_c_o=yes
kb_cv_c_prototypes=yes
kpse_cv_have_win32=no
kpse_cv_kpse_debug=yes
kpse_cv_warning_cflags='-Wimplicit -Wreturn-type -Wdeclaration-after-statement -Wno-unknown-pragmas'
lt_cv_ar_at_file=@
lt_cv_deplibs_check_method=pass_all
lt_cv_file_magic_cmd='$MAGIC_CMD'
lt_cv_file_magic_test_file=
lt_cv_ld_reload_flag=-r
lt_cv_nm_interface='BSD nm'
lt_cv_objdir=.libs
lt_cv_path_LD=/usr/bin/ld
lt_cv_path_NM='/usr/bin/nm -B'
lt_cv_path_mainfest_tool=no
lt_cv_prog_compiler_c_o=yes
lt_cv_prog_compiler_pic='-fPIC -DPIC'
lt_cv_prog_compiler_pic_works=yes
lt_cv_prog_compiler_rtti_exceptions=no
lt_cv_prog_compiler_static_works=yes
lt_cv_prog_gnu_ld=yes
lt_cv_sharedlib_from_linklib_cmd='printf %s\n'
lt_cv_shlibpath_overrides_runpath=no
lt_cv_sys_global_symbol_pipe='sed -n -e '\''s/^.*[	 ]\([ABCDGIRSTW][ABCDGIRSTW]*\)[	 ][	 ]*\([_A-Za-z][_A-Za-z0-9]*\)$/\1 \2 \2/p'\'' | sed '\''/ __gnu_lto/d'\'''
lt_cv_sys_global_symbol_to_c_name_address='sed -n -e '\''s/^: \(.*\) .*$/  {"\1", (void *) 0},/p'\'' -e '\''s/^[ABCDGIRSTW][ABCDGIRSTW]* .* \(.*\)$/  {"\1", (void *) \&\1},/p'\'''
lt_cv_sys_global_symbol_to_c_name_address_lib_prefix='sed -n -e '\''s/^: \(.*\) .*$/  {"\1", (void *) 0},/p'\'' -e '\''s/^[ABCDGIRSTW][ABCDGIRSTW]* .* \(lib.*\)$/  {"\1", (void *) \&\1},/p'\'' -e '\''s/^[ABCDGIRSTW][ABCDGIRSTW]* .* \(.*\)$/  {"lib\1", (void *) \&\1},/p'\'''
lt_cv_sys_global_symbol_to_cdecl='sed -n -e '\''s/^T .* \(.*\)$/extern int \1();/p'\'' -e '\''s/^[ABCDGIRSTW][ABCDGIRSTW]* .* \(.*\)$/extern char \1;/p'\'''
lt_cv_sys_global_symbol_to_import=
lt_cv_sys_max_cmd_len=1572864
lt_cv_to_host_file_cmd=func_convert_file_noop
lt_cv_to_tool_file_cmd=func_convert_file_noop
lt_cv_truncate_bin='/bin/dd bs=4096 count=1'

## ----------------- ##
## Output variables. ##
## ----------------- ##

	cd ${top_builddir}/../kpathsea && $(MAKE) $(AM_MAKEFLAGS) rebuild
	cd ${top_builddir}/../kpathsea && $(MAKE) $(AM_MAKEFLAGS) rebuild'
$(KPATHSEA_DEPEND): ${top_srcdir}/../kpathsea/*.[ch] ${top_builddir}/../kpathsea/paths.h
${top_builddir}/../kpathsea/paths.h:
ACLOCAL='${SHELL} /home/maqiyuan/Desktop/texlive-mobile/src/texlive-source/build-aux/missing aclocal-1.15'
AMDEPBACKSLASH='\'
AMDEP_FALSE='#'
AMDEP_TRUE=''
AMTAR='$${TAR-tar}'
AM_BACKSLASH='\'
AM_DEFAULT_V='$(AM_DEFAULT_VERBOSITY)'
AM_DEFAULT_VERBOSITY='1'
AM_V='$(V)'
AR='ar'
AS='as'
AUTOCONF='${SHELL} /home/maqiyuan/Desktop/texlive-mobile/src/texlive-source/build-aux/missing autoconf'
AUTOHEADER='${SHELL} /home/maqiyuan/Desktop/texlive-mobile/src/texlive-source/build-aux/missing autoheader'
AUTOMAKE='${SHELL} /home/maqiyuan/Desktop/texlive-mobile/src/texlive-source/build-aux/missing automake-1.15'
AWK='gawk'
CC='gcc'
CCDEPMODE='depmode=gcc3'
CFLAGS='-g -O2'
CPP='gcc -E'
CPPFLAGS=''
CYGPATH_W='echo'
DEFS='-DHAVE_CONFIG_H'
DEPDIR='.deps'
DLLTOOL='false'
DSYMUTIL=''
DUMPBIN=''
ECHO_C=''
ECHO_N='-n'
ECHO_T=''
EGREP='/bin/grep -E'
EXEEXT=''
FGREP='/bin/grep -F'
GREP='/bin/grep'
INSTALL_DATA='${INSTALL} -m 644'
INSTALL_PROGRAM='${INSTALL}'
INSTALL_SCRIPT='${INSTALL}'
INSTALL_STRIP_PROGRAM='$(install_sh) -c -s'
KPATHSEA_DEPEND='${top_builddir}/../kpathsea/libkpathsea.la'
KPATHSEA_INCLUDES='-I/home/maqiyuan/Desktop/texlive-mobile/src/texlive-source/texk -I/home/maqiyuan/Desktop/texlive-mobile/src/texlive-source/texk'
KPATHSEA_LIBS='/home/maqiyuan/Desktop/texlive-mobile/src/texlive-source/texk/kpathsea/libkpathsea.la'
KPATHSEA_RULE='# Rebuild libkpathsea
LD='/usr/bin/ld -m elf_x86_64'
LDFLAGS=''
LIBOBJS=''
LIBS=''
LIBTOOL='$(SHELL) $(top_builddir)/libtool'
LIPO=''
LN_S='ln -s'
LTLIBOBJS=''
LT_SYS_LIBRARY_PATH=''
MAINT='#'
MAINTAINER_MODE_FALSE=''
MAINTAINER_MODE_TRUE='#'
MAKEINFO='${SHELL} /home/maqiyuan/Desktop/texlive-mobile/src/texlive-source/build-aux/missing makeinfo'
MANIFEST_TOOL=':'
MKDIR_P='/bin/mkdir -p'
NM='/usr/bin/nm -B'
NMEDIT=''
OBJDUMP='objdump'
OBJEXT='o'
OTOOL64=''
OTOOL=''
PACKAGE='dviljk--tex-live-'
PACKAGE_BUGREPORT='tex-k@tug.org'
PACKAGE_NAME='dviljk (TeX Live)'
PACKAGE_STRING='dviljk (TeX Live) 2.6p5'
PACKAGE_TARNAME='dviljk--tex-live-'
PACKAGE_URL=''
PACKAGE_VERSION='2.6p5'
PATH_SEPARATOR=':'
PKG_CONFIG='pkg-config'
RANLIB='ranlib'
SED='/bin/sed'
SET_MAKE=''
SHELL='/bin/bash'
STRIP='strip'
VERSION='2.6p5'
WARNING_CFLAGS='-Wimplicit -Wreturn-type -Wdeclaration-after-statement -Wno-unknown-pragmas'
WIN32_CALL_FALSE='#'
WIN32_CALL_TRUE=''
WIN32_FALSE=''
WIN32_TRUE='#'
ac_ct_AR='ar'
ac_ct_CC='gcc'
ac_ct_DUMPBIN=''
am__EXEEXT_FALSE=''
am__EXEEXT_TRUE='#'
am__fastdepCC_FALSE='#'
am__fastdepCC_TRUE=''
am__include='include'
am__isrc=''
am__leading_dot='.'
am__nodep='_no'
am__quote=''
am__tar='$${TAR-tar} chof - "$$tardir"'
am__untar='$${TAR-tar} xf -'
bindir='${exec_prefix}/bin/x86_64-pc-linux-gnu'
build='x86_64-pc-linux-gnu'
build_alias=''
build_cpu='x86_64'
build_os='linux-gnu'
build_vendor='pc'
datadir='${datarootdir}'
datarootdir='${prefix}'
docdir='${datarootdir}/doc/${PACKAGE_TARNAME}'
dvidir='${docdir}'
exec_prefix='${prefix}'
host='x86_64-pc-linux-gnu'
host_alias=''
host_cpu='x86_64'
host_os='linux-gnu'
host_vendor='pc'
htmldir='${docdir}'
includedir='${prefix}/include'
infodir='${prefix}/texmf-dist/doc/info'
install_sh='${SHELL} /home/maqiyuan/Desktop/texlive-mobile/src/texlive-source/build-aux/install-sh'
libdir='${exec_prefix}/lib/x86_64-pc-linux-gnu'
libexecdir='${exec_prefix}/libexec'
localedir='${datarootdir}/locale'
localstatedir='${prefix}/var'
mandir='${prefix}/texmf-dist/doc/man'
mkdir_p='$(MKDIR_P)'
oldincludedir='/usr/include'
pdfdir='${docdir}'
prefix='/usr/local'
program_transform_name='s,x,x,'
psdir='${docdir}'
sbindir='${exec_prefix}/sbin'
sharedstatedir='${prefix}/com'
sysconfdir='${prefix}/etc'
target_alias=''

## ----------- ##
## confdefs.h. ##
## ----------- ##

/* confdefs.h */
#define PACKAGE_NAME "dviljk (TeX Live)"
#define PACKAGE_TARNAME "dviljk--tex-live-"
#define PACKAGE_VERSION "2.6p5"
#define PACKAGE_STRING "dviljk (TeX Live) 2.6p5"
#define PACKAGE_BUGREPORT "tex-k@tug.org"
#define PACKAGE_URL ""
#define STDC_HEADERS 1
#define HAVE_SYS_TYPES_H 1
#define HAVE_SYS_STAT_H 1
#define HAVE_STDLIB_H 1
#define HAVE_STRING_H 1
#define HAVE_MEMORY_H 1
#define HAVE_STRINGS_H 1
#define HAVE_INTTYPES_H 1
#define HAVE_STDINT_H 1
#define HAVE_UNISTD_H 1
#define HAVE_DLFCN_H 1
#define LT_OBJDIR ".libs/"
#define HAVE_FSEEKO 1
#define HAVE_DIRENT_H 1
#define STDC_HEADERS 1
#define HAVE_ASSERT_H 1
#define HAVE_FLOAT_H 1
#define HAVE_LIMITS_H 1
#define HAVE_PWD_H 1
#define HAVE_STDLIB_H 1
#define HAVE_SYS_PARAM_H 1
#define HAVE_PUTENV 1
#define HAVE_GETCWD 1
#define HAVE_GETWD 1
#define HAVE_MEMCMP 1
#define HAVE_MEMCPY 1
#define HAVE_MKSTEMP 1
#define HAVE_MKTEMP 1
#define HAVE_STRCHR 1
#define HAVE_STRRCHR 1
#define HAVE_DECL_ISASCII 1
#define HAVE_STRUCT_STAT_ST_MTIM 1
#define SIZEOF_LONG 8
#define HAVE_RMDIR 1
#define HAVE_UNLINK 1
#define HAVE_MKDTEMP 1
#define HAVE_MKTEMP 1

configure: exit 0
