This file contains any messages produced by compilers while
running configure, to aid debugging if configure makes a mistake.

It was created by potrace (TeX Live) configure 1.13, which was
generated by GNU Autoconf 2.69.  Invocation command line was

  $ ./configure --disable-option-checking --prefix=/usr/local --enable-build-in-source-tree --enable-native-texlive-build --enable-largefile --disable-silent-rules --enable-multiplatform=yes --enable-cxx-runtime-hack=yes --enable-libtool-hack=yes --disable-shared --enable-texlive-build --bindir=${exec_prefix}/bin/x86_64-pc-linux-gnu --libdir=${exec_prefix}/lib/x86_64-pc-linux-gnu --with-x --enable-devnag=yes --enable-lacheck=yes --enable-m-tx=yes --enable-pmx=yes --enable-ps2eps=yes --enable-t1utils=yes --enable-texdoctk=yes --enable-tpic2pdftex=yes --enable-vlna=yes --enable-xindy=no --with-clisp-runtime=default --enable-xpdfopen=yes --enable-web2c=yes --enable-afm2pl=yes --enable-bibtex-x=yes --enable-chktex=yes --enable-cjkutils=yes --enable-detex=yes --enable-dtl=yes --enable-dvi2tty=yes --enable-dvidvi=yes --enable-dviljk=yes --enable-dvipdfm-x=yes --enable-dvipng=yes --enable-dvipos=yes --enable-dvipsk=yes --enable-dvisvgm=yes --enable-gregorio=yes --enable-gsftopk=yes --enable-lcdf-typetools=yes --enable-makeindexk=yes --enable-makejvf=yes --enable-mendexk=yes --enable-musixtnt=yes --enable-ps2pk=yes --enable-psutils=yes --enable-seetexk=yes --enable-tex4htk=yes --enable-ttf2pk2=yes --enable-ttfdump=yes --enable-xdvik=yes --enable-texlive=yes --with-system-harfbuzz=no --with-system-icu=no --with-system-teckit=no --with-system-graphite2=no --with-system-zziplib=no --with-system-xpdf=no --with-system-poppler=no --with-system-mpfr=no --with-system-gmp=no --with-system-cairo=no --with-system-pixman=no --with-system-potrace=no --with-system-gd=no --with-system-freetype2=no --with-system-libpng=no --with-system-libpaper=no --with-system-zlib=no --with-system-ptexenc=no --with-system-kpathsea=no --datarootdir=${prefix} --mandir=${prefix}/texmf-dist/doc/man --infodir=${prefix}/texmf-dist/doc/info --cache-file=/dev/null --srcdir=.

## --------- ##
## Platform. ##
## --------- ##

hostname = maqiyuan-E430c
uname -m = x86_64
uname -r = 4.4.0-31-generic
uname -s = Linux
uname -v = #50-Ubuntu SMP Wed Jul 13 00:07:12 UTC 2016

/usr/bin/uname -p = unknown
/bin/uname -X     = unknown

/bin/arch              = unknown
/usr/bin/arch -k       = unknown
/usr/convex/getsysinfo = unknown
/usr/bin/hostinfo      = unknown
/bin/machine           = unknown
/usr/bin/oslevel       = unknown
/bin/universe          = unknown

PATH: /usr/local/sbin
PATH: /usr/local/bin
PATH: /usr/sbin
PATH: /usr/bin
PATH: /sbin
PATH: /bin
PATH: /usr/games
PATH: /usr/local/games
PATH: /snap/bin
PATH: /home/maqiyuan/bin/FDK/Tools/linux


## ----------- ##
## Core tests. ##
## ----------- ##

configure:1985: checking for a BSD-compatible install
configure:2053: result: /usr/bin/install -c
configure:2064: checking whether build environment is sane
configure:2119: result: yes
configure:2270: checking for a thread-safe mkdir -p
configure:2309: result: /bin/mkdir -p
configure:2316: checking for gawk
configure:2332: found /usr/bin/gawk
configure:2343: result: gawk
configure:2354: checking whether make sets $(MAKE)
configure:2376: result: yes
configure:2405: checking whether make supports nested variables
configure:2422: result: yes
configure:2445: checking for style of include used by make
configure:2473: result: GNU
configure:2544: checking for gcc
configure:2560: found /usr/bin/gcc
configure:2571: result: gcc
configure:2800: checking for C compiler version
configure:2809: gcc --version >&5
gcc (Ubuntu 5.4.0-6ubuntu1~16.04.1) 5.4.0 20160609
Copyright (C) 2015 Free Software Foundation, Inc.
This is free software; see the source for copying conditions.  There is NO
warranty; not even for MERCHANTABILITY or FITNESS FOR A PARTICULAR PURPOSE.

configure:2820: $? = 0
configure:2809: gcc -v >&5
Using built-in specs.
COLLECT_GCC=gcc
COLLECT_LTO_WRAPPER=/usr/lib/gcc/x86_64-linux-gnu/5/lto-wrapper
Target: x86_64-linux-gnu
Configured with: ../src/configure -v --with-pkgversion='Ubuntu 5.4.0-6ubuntu1~16.04.1' --with-bugurl=file:///usr/share/doc/gcc-5/README.Bugs --enable-languages=c,ada,c++,java,go,d,fortran,objc,obj-c++ --prefix=/usr --program-suffix=-5 --enable-shared --enable-linker-build-id --libexecdir=/usr/lib --without-included-gettext --enable-threads=posix --libdir=/usr/lib --enable-nls --with-sysroot=/ --enable-clocale=gnu --enable-libstdcxx-debug --enable-libstdcxx-time=yes --with-default-libstdcxx-abi=new --enable-gnu-unique-object --disable-vtable-verify --enable-libmpx --enable-plugin --with-system-zlib --disable-browser-plugin --enable-java-awt=gtk --enable-gtk-cairo --with-java-home=/usr/lib/jvm/java-1.5.0-gcj-5-amd64/jre --enable-java-home --with-jvm-root-dir=/usr/lib/jvm/java-1.5.0-gcj-5-amd64 --with-jvm-jar-dir=/usr/lib/jvm-exports/java-1.5.0-gcj-5-amd64 --with-arch-directory=amd64 --with-ecj-jar=/usr/share/java/eclipse-ecj.jar --enable-objc-gc --enable-multiarch --disable-werror --with-arch-32=i686 --with-abi=m64 --with-multilib-list=m32,m64,mx32 --enable-multilib --with-tune=generic --enable-checking=release --build=x86_64-linux-gnu --host=x86_64-linux-gnu --target=x86_64-linux-gnu
Thread model: posix
gcc version 5.4.0 20160609 (Ubuntu 5.4.0-6ubuntu1~16.04.1) 
configure:2820: $? = 0
configure:2809: gcc -V >&5
gcc: error: unrecognized command line option '-V'
gcc: fatal error: no input files
compilation terminated.
configure:2820: $? = 1
configure:2809: gcc -qversion >&5
gcc: error: unrecognized command line option '-qversion'
gcc: fatal error: no input files
compilation terminated.
configure:2820: $? = 1
configure:2840: checking whether the C compiler works
configure:2862: gcc    conftest.c  >&5
configure:2866: $? = 0
configure:2914: result: yes
configure:2917: checking for C compiler default output file name
configure:2919: result: a.out
configure:2925: checking for suffix of executables
configure:2932: gcc -o conftest    conftest.c  >&5
configure:2936: $? = 0
configure:2958: result: 
configure:2980: checking whether we are cross compiling
configure:2988: gcc -o conftest    conftest.c  >&5
configure:2992: $? = 0
configure:2999: ./conftest
configure:3003: $? = 0
configure:3018: result: no
configure:3023: checking for suffix of object files
configure:3045: gcc -c   conftest.c >&5
configure:3049: $? = 0
configure:3070: result: o
configure:3074: checking whether we are using the GNU C compiler
configure:3093: gcc -c   conftest.c >&5
configure:3093: $? = 0
configure:3102: result: yes
configure:3111: checking whether gcc accepts -g
configure:3131: gcc -c -g  conftest.c >&5
configure:3131: $? = 0
configure:3172: result: yes
configure:3189: checking for gcc option to accept ISO C89
configure:3252: gcc  -c -g -O2  conftest.c >&5
configure:3252: $? = 0
configure:3265: result: none needed
configure:3290: checking whether gcc understands -c and -o together
configure:3312: gcc -c conftest.c -o conftest2.o
configure:3315: $? = 0
configure:3312: gcc -c conftest.c -o conftest2.o
configure:3315: $? = 0
configure:3327: result: yes
configure:3346: checking dependency style of gcc
configure:3457: result: gcc3
configure:3605: checking whether to enable maintainer-specific portions of Makefiles
configure:3614: result: no
configure:3627: checking whether the compiler accepts prototypes
configure:3643: gcc -o conftest -g -O2   conftest.c  >&5
configure:3643: $? = 0
configure:3651: result: yes
configure:3656: checking what warning flags to pass to the C compiler
configure:3701: result: -Wimplicit -Wreturn-type -Wdeclaration-after-statement -Wno-unknown-pragmas
configure:3760: checking for gcc
configure:3787: result: gcc
configure:4016: checking for C compiler version
configure:4025: gcc --version >&5
gcc (Ubuntu 5.4.0-6ubuntu1~16.04.1) 5.4.0 20160609
Copyright (C) 2015 Free Software Foundation, Inc.
This is free software; see the source for copying conditions.  There is NO
warranty; not even for MERCHANTABILITY or FITNESS FOR A PARTICULAR PURPOSE.

configure:4036: $? = 0
configure:4025: gcc -v >&5
Using built-in specs.
COLLECT_GCC=gcc
COLLECT_LTO_WRAPPER=/usr/lib/gcc/x86_64-linux-gnu/5/lto-wrapper
Target: x86_64-linux-gnu
Configured with: ../src/configure -v --with-pkgversion='Ubuntu 5.4.0-6ubuntu1~16.04.1' --with-bugurl=file:///usr/share/doc/gcc-5/README.Bugs --enable-languages=c,ada,c++,java,go,d,fortran,objc,obj-c++ --prefix=/usr --program-suffix=-5 --enable-shared --enable-linker-build-id --libexecdir=/usr/lib --without-included-gettext --enable-threads=posix --libdir=/usr/lib --enable-nls --with-sysroot=/ --enable-clocale=gnu --enable-libstdcxx-debug --enable-libstdcxx-time=yes --with-default-libstdcxx-abi=new --enable-gnu-unique-object --disable-vtable-verify --enable-libmpx --enable-plugin --with-system-zlib --disable-browser-plugin --enable-java-awt=gtk --enable-gtk-cairo --with-java-home=/usr/lib/jvm/java-1.5.0-gcj-5-amd64/jre --enable-java-home --with-jvm-root-dir=/usr/lib/jvm/java-1.5.0-gcj-5-amd64 --with-jvm-jar-dir=/usr/lib/jvm-exports/java-1.5.0-gcj-5-amd64 --with-arch-directory=amd64 --with-ecj-jar=/usr/share/java/eclipse-ecj.jar --enable-objc-gc --enable-multiarch --disable-werror --with-arch-32=i686 --with-abi=m64 --with-multilib-list=m32,m64,mx32 --enable-multilib --with-tune=generic --enable-checking=release --build=x86_64-linux-gnu --host=x86_64-linux-gnu --target=x86_64-linux-gnu
Thread model: posix
gcc version 5.4.0 20160609 (Ubuntu 5.4.0-6ubuntu1~16.04.1) 
configure:4036: $? = 0
configure:4025: gcc -V >&5
gcc: error: unrecognized command line option '-V'
gcc: fatal error: no input files
compilation terminated.
configure:4036: $? = 1
configure:4025: gcc -qversion >&5
gcc: error: unrecognized command line option '-qversion'
gcc: fatal error: no input files
compilation terminated.
configure:4036: $? = 1
configure:4040: checking whether we are using the GNU C compiler
configure:4068: result: yes
configure:4077: checking whether gcc accepts -g
configure:4138: result: yes
configure:4155: checking for gcc option to accept ISO C89
configure:4231: result: none needed
configure:4256: checking whether gcc understands -c and -o together
configure:4293: result: yes
configure:4312: checking dependency style of gcc
configure:4423: result: gcc3
configure:4481: checking for ranlib
configure:4497: found /usr/bin/ranlib
configure:4508: result: ranlib
configure:4530: checking whether ln -s works
configure:4534: result: yes
configure:4541: checking for inline
configure:4557: gcc -c -g -O2  conftest.c >&5
configure:4557: $? = 0
configure:4565: result: inline
configure:4601: checking how to run the C preprocessor
configure:4632: gcc -E  conftest.c
configure:4632: $? = 0
configure:4646: gcc -E  conftest.c
conftest.c:11:28: fatal error: ac_nonexistent.h: No such file or directory
compilation terminated.
configure:4646: $? = 1
configure: failed program was:
| /* confdefs.h */
| #define PACKAGE_NAME "potrace (TeX Live)"
| #define PACKAGE_TARNAME "potrace--tex-live-"
| #define PACKAGE_VERSION "1.13"
| #define PACKAGE_STRING "potrace (TeX Live) 1.13"
| #define PACKAGE_BUGREPORT "tex-k@tug.org"
| #define PACKAGE_URL ""
| #define PACKAGE "potrace--tex-live-"
| #define VERSION "1.13"
| /* end confdefs.h.  */
| #include <ac_nonexistent.h>
configure:4671: result: gcc -E
configure:4691: gcc -E  conftest.c
configure:4691: $? = 0
configure:4705: gcc -E  conftest.c
conftest.c:11:28: fatal error: ac_nonexistent.h: No such file or directory
compilation terminated.
configure:4705: $? = 1
configure: failed program was:
| /* confdefs.h */
| #define PACKAGE_NAME "potrace (TeX Live)"
| #define PACKAGE_TARNAME "potrace--tex-live-"
| #define PACKAGE_VERSION "1.13"
| #define PACKAGE_STRING "potrace (TeX Live) 1.13"
| #define PACKAGE_BUGREPORT "tex-k@tug.org"
| #define PACKAGE_URL ""
| #define PACKAGE "potrace--tex-live-"
| #define VERSION "1.13"
| /* end confdefs.h.  */
| #include <ac_nonexistent.h>
configure:4734: checking for grep that handles long lines and -e
configure:4792: result: /bin/grep
configure:4797: checking for egrep
configure:4859: result: /bin/grep -E
configure:4864: checking for ANSI C header files
configure:4884: gcc -c -g -O2  conftest.c >&5
configure:4884: $? = 0
configure:4957: gcc -o conftest -g -O2   conftest.c  >&5
configure:4957: $? = 0
configure:4957: ./conftest
configure:4957: $? = 0
configure:4968: result: yes
configure:4980: checking for library containing sqrt
configure:5011: gcc -o conftest -g -O2   conftest.c  >&5
conftest.c:19:6: warning: conflicting types for built-in function 'sqrt'
 char sqrt ();
      ^
/tmp/cc7jp5do.o: In function `main':
/home/maqiyuan/Desktop/texlive-mobile/src/texlive-source/libs/potrace/conftest.c:23: undefined reference to `sqrt'
collect2: error: ld returned 1 exit status
configure:5011: $? = 1
configure: failed program was:
| /* confdefs.h */
| #define PACKAGE_NAME "potrace (TeX Live)"
| #define PACKAGE_TARNAME "potrace--tex-live-"
| #define PACKAGE_VERSION "1.13"
| #define PACKAGE_STRING "potrace (TeX Live) 1.13"
| #define PACKAGE_BUGREPORT "tex-k@tug.org"
| #define PACKAGE_URL ""
| #define PACKAGE "potrace--tex-live-"
| #define VERSION "1.13"
| #define STDC_HEADERS 1
| /* end confdefs.h.  */
| 
| /* Override any GCC internal prototype to avoid an error.
|    Use char because int might match the return type of a GCC
|    builtin and then its argument prototype would still apply.  */
| #ifdef __cplusplus
| extern "C"
| #endif
| char sqrt ();
| int
| main ()
| {
| return sqrt ();
|   ;
|   return 0;
| }
configure:5011: gcc -o conftest -g -O2   conftest.c -lm   >&5
conftest.c:19:6: warning: conflicting types for built-in function 'sqrt'
 char sqrt ();
      ^
configure:5011: $? = 0
configure:5028: result: -lm
configure:5152: checking that generated files are newer than configure
configure:5158: result: done
configure:5193: creating ./config.status

## ---------------------- ##
## Running config.status. ##
## ---------------------- ##

This file was extended by potrace (TeX Live) config.status 1.13, which was
generated by GNU Autoconf 2.69.  Invocation command line was

  CONFIG_FILES    = 
  CONFIG_HEADERS  = 
  CONFIG_LINKS    = 
  CONFIG_COMMANDS = 
  $ ./config.status 

on maqiyuan-E430c

config.status:853: creating Makefile
config.status:853: creating include/Makefile
config.status:853: creating config.h
config.status:1082: executing depfiles commands

## ---------------- ##
## Cache variables. ##
## ---------------- ##

ac_cv_c_compiler_gnu=yes
ac_cv_c_inline=inline
ac_cv_env_CC_set=
ac_cv_env_CC_value=
ac_cv_env_CFLAGS_set=
ac_cv_env_CFLAGS_value=
ac_cv_env_CPPFLAGS_set=
ac_cv_env_CPPFLAGS_value=
ac_cv_env_CPP_set=
ac_cv_env_CPP_value=
ac_cv_env_LDFLAGS_set=
ac_cv_env_LDFLAGS_value=
ac_cv_env_LIBS_set=
ac_cv_env_LIBS_value=
ac_cv_env_build_alias_set=
ac_cv_env_build_alias_value=
ac_cv_env_host_alias_set=
ac_cv_env_host_alias_value=
ac_cv_env_target_alias_set=
ac_cv_env_target_alias_value=
ac_cv_header_stdc=yes
ac_cv_objext=o
ac_cv_path_EGREP='/bin/grep -E'
ac_cv_path_GREP=/bin/grep
ac_cv_path_install='/usr/bin/install -c'
ac_cv_path_mkdir=/bin/mkdir
ac_cv_prog_AWK=gawk
ac_cv_prog_CPP='gcc -E'
ac_cv_prog_ac_ct_CC=gcc
ac_cv_prog_ac_ct_RANLIB=ranlib
ac_cv_prog_cc_c89=
ac_cv_prog_cc_g=yes
ac_cv_prog_make_make_set=yes
ac_cv_search_sqrt=-lm
am_cv_CC_dependencies_compiler_type=gcc3
am_cv_make_support_nested_variables=yes
am_cv_prog_cc_c_o=yes
kb_cv_c_prototypes=yes
kpse_cv_warning_cflags='-Wimplicit -Wreturn-type -Wdeclaration-after-statement -Wno-unknown-pragmas'

## ----------------- ##
## Output variables. ##
## ----------------- ##

ACLOCAL='${SHELL} /home/maqiyuan/Desktop/texlive-mobile/src/texlive-source/build-aux/missing aclocal-1.15'
AMDEPBACKSLASH='\'
AMDEP_FALSE='#'
AMDEP_TRUE=''
AMTAR='$${TAR-tar}'
AM_BACKSLASH='\'
AM_DEFAULT_V='$(AM_DEFAULT_VERBOSITY)'
AM_DEFAULT_VERBOSITY='1'
AM_V='$(V)'
AUTOCONF='${SHELL} /home/maqiyuan/Desktop/texlive-mobile/src/texlive-source/build-aux/missing autoconf'
AUTOHEADER='${SHELL} /home/maqiyuan/Desktop/texlive-mobile/src/texlive-source/build-aux/missing autoheader'
AUTOMAKE='${SHELL} /home/maqiyuan/Desktop/texlive-mobile/src/texlive-source/build-aux/missing automake-1.15'
AWK='gawk'
CC='gcc'
CCDEPMODE='depmode=gcc3'
CFLAGS='-g -O2'
CPP='gcc -E'
CPPFLAGS=''
CYGPATH_W='echo'
DEFS='-DHAVE_CONFIG_H'
DEPDIR='.deps'
ECHO_C=''
ECHO_N='-n'
ECHO_T=''
EGREP='/bin/grep -E'
EXEEXT=''
GREP='/bin/grep'
INSTALL_DATA='${INSTALL} -m 644'
INSTALL_PROGRAM='${INSTALL}'
INSTALL_SCRIPT='${INSTALL}'
INSTALL_STRIP_PROGRAM='$(install_sh) -c -s'
LDFLAGS=''
LIBOBJS=''
LIBS='-lm '
LN_S='ln -s'
LTLIBOBJS=''
MAINT='#'
MAINTAINER_MODE_FALSE=''
MAINTAINER_MODE_TRUE='#'
MAKEINFO='${SHELL} /home/maqiyuan/Desktop/texlive-mobile/src/texlive-source/build-aux/missing makeinfo'
MKDIR_P='/bin/mkdir -p'
OBJEXT='o'
PACKAGE='potrace--tex-live-'
PACKAGE_BUGREPORT='tex-k@tug.org'
PACKAGE_NAME='potrace (TeX Live)'
PACKAGE_STRING='potrace (TeX Live) 1.13'
PACKAGE_TARNAME='potrace--tex-live-'
PACKAGE_URL=''
PACKAGE_VERSION='1.13'
PATH_SEPARATOR=':'
POTRACE_TREE='potrace-src'
RANLIB='ranlib'
SET_MAKE=''
SHELL='/bin/bash'
STRIP=''
VERSION='1.13'
WARNING_CFLAGS='-Wimplicit -Wreturn-type -Wdeclaration-after-statement -Wno-unknown-pragmas'
ac_ct_CC='gcc'
am__EXEEXT_FALSE=''
am__EXEEXT_TRUE='#'
am__fastdepCC_FALSE='#'
am__fastdepCC_TRUE=''
am__include='include'
am__isrc=''
am__leading_dot='.'
am__nodep='_no'
am__quote=''
am__tar='$${TAR-tar} chof - "$$tardir"'
am__untar='$${TAR-tar} xf -'
bindir='${exec_prefix}/bin/x86_64-pc-linux-gnu'
build_FALSE='#'
build_TRUE=''
build_alias=''
datadir='${datarootdir}'
datarootdir='${prefix}'
docdir='${datarootdir}/doc/${PACKAGE_TARNAME}'
dvidir='${docdir}'
exec_prefix='${prefix}'
host_alias=''
htmldir='${docdir}'
includedir='${prefix}/include'
infodir='${prefix}/texmf-dist/doc/info'
install_sh='${SHELL} /home/maqiyuan/Desktop/texlive-mobile/src/texlive-source/build-aux/install-sh'
libdir='${exec_prefix}/lib/x86_64-pc-linux-gnu'
libexecdir='${exec_prefix}/libexec'
localedir='${datarootdir}/locale'
localstatedir='${prefix}/var'
mandir='${prefix}/texmf-dist/doc/man'
mkdir_p='$(MKDIR_P)'
oldincludedir='/usr/include'
pdfdir='${docdir}'
prefix='/usr/local'
program_transform_name='s,x,x,'
psdir='${docdir}'
sbindir='${exec_prefix}/sbin'
sharedstatedir='${prefix}/com'
sysconfdir='${prefix}/etc'
target_alias=''

## ----------- ##
## confdefs.h. ##
## ----------- ##

/* confdefs.h */
#define PACKAGE_NAME "potrace (TeX Live)"
#define PACKAGE_TARNAME "potrace--tex-live-"
#define PACKAGE_VERSION "1.13"
#define PACKAGE_STRING "potrace (TeX Live) 1.13"
#define PACKAGE_BUGREPORT "tex-k@tug.org"
#define PACKAGE_URL ""
#define PACKAGE "potrace--tex-live-"
#define VERSION "1.13"
#define STDC_HEADERS 1

configure: exit 0
