This file contains any messages produced by compilers while
running configure, to aid debugging if configure makes a mistake.

It was created by zziplib (TeX Live) configure 0.13.62, which was
generated by GNU Autoconf 2.69.  Invocation command line was

  $ ./configure --disable-option-checking --prefix=/usr/local --enable-build-in-source-tree --enable-native-texlive-build --enable-largefile --disable-silent-rules --enable-multiplatform=yes --enable-cxx-runtime-hack=yes --enable-libtool-hack=yes --disable-shared --enable-texlive-build --bindir=${exec_prefix}/bin/x86_64-pc-linux-gnu --libdir=${exec_prefix}/lib/x86_64-pc-linux-gnu --with-x --enable-autosp=yes --enable-devnag=yes --enable-lacheck=yes --enable-m-tx=yes --enable-pmx=yes --enable-ps2eps=yes --enable-t1utils=yes --enable-texdoctk=yes --enable-tpic2pdftex=yes --enable-vlna=yes --enable-xindy=no --with-clisp-runtime=default --enable-xpdfopen=yes --enable-web2c=yes --enable-afm2pl=yes --enable-bibtex-x=yes --enable-chktex=yes --enable-cjkutils=yes --enable-detex=yes --enable-dtl=yes --enable-dvi2tty=yes --enable-dvidvi=yes --enable-dviljk=yes --enable-dvipdfm-x=yes --enable-dvipng=yes --enable-dvipos=yes --enable-dvipsk=yes --enable-dvisvgm=yes --enable-gregorio=yes --enable-gsftopk=yes --enable-lcdf-typetools=yes --enable-makeindexk=yes --enable-makejvf=yes --enable-mendexk=yes --enable-musixtnt=yes --enable-ps2pk=yes --enable-psutils=yes --enable-seetexk=yes --enable-tex4htk=yes --enable-ttf2pk2=yes --enable-ttfdump=yes --enable-upmendex=yes --enable-xdvik=yes --enable-texlive=yes --with-system-harfbuzz=no --with-system-icu=no --with-system-teckit=no --with-system-graphite2=no --with-system-zziplib=no --with-system-xpdf=no --with-system-poppler=no --with-system-mpfr=no --with-system-gmp=no --with-system-cairo=no --with-system-pixman=no --with-system-potrace=no --with-system-gd=no --with-system-freetype2=no --with-system-libpng=no --with-system-libpaper=no --with-system-zlib=no --with-system-ptexenc=no --with-system-kpathsea=no --datarootdir=${prefix} --mandir=${prefix}/texmf-dist/doc/man --infodir=${prefix}/texmf-dist/doc/info --cache-file=/dev/null --srcdir=.

## --------- ##
## Platform. ##
## --------- ##

hostname = maqiyuan-E430c
uname -m = x86_64
uname -r = 4.4.0-34-generic
uname -s = Linux
uname -v = #53-Ubuntu SMP Wed Jul 27 16:06:39 UTC 2016

/usr/bin/uname -p = unknown
/bin/uname -X     = unknown

/bin/arch              = unknown
/usr/bin/arch -k       = unknown
/usr/convex/getsysinfo = unknown
/usr/bin/hostinfo      = unknown
/bin/machine           = unknown
/usr/bin/oslevel       = unknown
/bin/universe          = unknown

PATH: /usr/local/sbin
PATH: /usr/local/bin
PATH: /usr/sbin
PATH: /usr/bin
PATH: /sbin
PATH: /bin
PATH: /usr/games
PATH: /usr/local/games
PATH: /snap/bin
PATH: /home/maqiyuan/bin/FDK/Tools/linux


## ----------- ##
## Core tests. ##
## ----------- ##

configure:2478: checking for a BSD-compatible install
configure:2546: result: /usr/bin/install -c
configure:2557: checking whether build environment is sane
configure:2612: result: yes
configure:2763: checking for a thread-safe mkdir -p
configure:2802: result: /bin/mkdir -p
configure:2809: checking for gawk
configure:2825: found /usr/bin/gawk
configure:2836: result: gawk
configure:2847: checking whether make sets $(MAKE)
configure:2869: result: yes
configure:2898: checking whether make supports nested variables
configure:2915: result: yes
configure:2938: checking for style of include used by make
configure:2966: result: GNU
configure:3037: checking for gcc
configure:3053: found /usr/bin/gcc
configure:3064: result: gcc
configure:3293: checking for C compiler version
configure:3302: gcc --version >&5
gcc (Ubuntu 5.4.0-6ubuntu1~16.04.1) 5.4.0 20160609
Copyright (C) 2015 Free Software Foundation, Inc.
This is free software; see the source for copying conditions.  There is NO
warranty; not even for MERCHANTABILITY or FITNESS FOR A PARTICULAR PURPOSE.

configure:3313: $? = 0
configure:3302: gcc -v >&5
Using built-in specs.
COLLECT_GCC=gcc
COLLECT_LTO_WRAPPER=/usr/lib/gcc/x86_64-linux-gnu/5/lto-wrapper
Target: x86_64-linux-gnu
Configured with: ../src/configure -v --with-pkgversion='Ubuntu 5.4.0-6ubuntu1~16.04.1' --with-bugurl=file:///usr/share/doc/gcc-5/README.Bugs --enable-languages=c,ada,c++,java,go,d,fortran,objc,obj-c++ --prefix=/usr --program-suffix=-5 --enable-shared --enable-linker-build-id --libexecdir=/usr/lib --without-included-gettext --enable-threads=posix --libdir=/usr/lib --enable-nls --with-sysroot=/ --enable-clocale=gnu --enable-libstdcxx-debug --enable-libstdcxx-time=yes --with-default-libstdcxx-abi=new --enable-gnu-unique-object --disable-vtable-verify --enable-libmpx --enable-plugin --with-system-zlib --disable-browser-plugin --enable-java-awt=gtk --enable-gtk-cairo --with-java-home=/usr/lib/jvm/java-1.5.0-gcj-5-amd64/jre --enable-java-home --with-jvm-root-dir=/usr/lib/jvm/java-1.5.0-gcj-5-amd64 --with-jvm-jar-dir=/usr/lib/jvm-exports/java-1.5.0-gcj-5-amd64 --with-arch-directory=amd64 --with-ecj-jar=/usr/share/java/eclipse-ecj.jar --enable-objc-gc --enable-multiarch --disable-werror --with-arch-32=i686 --with-abi=m64 --with-multilib-list=m32,m64,mx32 --enable-multilib --with-tune=generic --enable-checking=release --build=x86_64-linux-gnu --host=x86_64-linux-gnu --target=x86_64-linux-gnu
Thread model: posix
gcc version 5.4.0 20160609 (Ubuntu 5.4.0-6ubuntu1~16.04.1) 
configure:3313: $? = 0
configure:3302: gcc -V >&5
gcc: error: unrecognized command line option '-V'
gcc: fatal error: no input files
compilation terminated.
configure:3313: $? = 1
configure:3302: gcc -qversion >&5
gcc: error: unrecognized command line option '-qversion'
gcc: fatal error: no input files
compilation terminated.
configure:3313: $? = 1
configure:3333: checking whether the C compiler works
configure:3355: gcc    conftest.c  >&5
configure:3359: $? = 0
configure:3407: result: yes
configure:3410: checking for C compiler default output file name
configure:3412: result: a.out
configure:3418: checking for suffix of executables
configure:3425: gcc -o conftest    conftest.c  >&5
configure:3429: $? = 0
configure:3451: result: 
configure:3473: checking whether we are cross compiling
configure:3481: gcc -o conftest    conftest.c  >&5
configure:3485: $? = 0
configure:3492: ./conftest
configure:3496: $? = 0
configure:3511: result: no
configure:3516: checking for suffix of object files
configure:3538: gcc -c   conftest.c >&5
configure:3542: $? = 0
configure:3563: result: o
configure:3567: checking whether we are using the GNU C compiler
configure:3586: gcc -c   conftest.c >&5
configure:3586: $? = 0
configure:3595: result: yes
configure:3604: checking whether gcc accepts -g
configure:3624: gcc -c -g  conftest.c >&5
configure:3624: $? = 0
configure:3665: result: yes
configure:3682: checking for gcc option to accept ISO C89
configure:3745: gcc  -c -g -O2  conftest.c >&5
configure:3745: $? = 0
configure:3758: result: none needed
configure:3783: checking whether gcc understands -c and -o together
configure:3805: gcc -c conftest.c -o conftest2.o
configure:3808: $? = 0
configure:3805: gcc -c conftest.c -o conftest2.o
configure:3808: $? = 0
configure:3820: result: yes
configure:3839: checking dependency style of gcc
configure:3950: result: gcc3
configure:4098: checking whether to enable maintainer-specific portions of Makefiles
configure:4107: result: no
configure:4120: checking whether the compiler accepts prototypes
configure:4136: gcc -o conftest -g -O2   conftest.c  >&5
configure:4136: $? = 0
configure:4144: result: yes
configure:4149: checking what warning flags to pass to the C compiler
configure:4194: result: -Wimplicit -Wreturn-type -Wdeclaration-after-statement -Wno-unknown-pragmas
configure:4209: checking build system type
configure:4223: result: x86_64-pc-linux-gnu
configure:4243: checking host system type
configure:4256: result: x86_64-pc-linux-gnu
configure:4326: checking for gcc
configure:4353: result: gcc
configure:4582: checking for C compiler version
configure:4591: gcc --version >&5
gcc (Ubuntu 5.4.0-6ubuntu1~16.04.1) 5.4.0 20160609
Copyright (C) 2015 Free Software Foundation, Inc.
This is free software; see the source for copying conditions.  There is NO
warranty; not even for MERCHANTABILITY or FITNESS FOR A PARTICULAR PURPOSE.

configure:4602: $? = 0
configure:4591: gcc -v >&5
Using built-in specs.
COLLECT_GCC=gcc
COLLECT_LTO_WRAPPER=/usr/lib/gcc/x86_64-linux-gnu/5/lto-wrapper
Target: x86_64-linux-gnu
Configured with: ../src/configure -v --with-pkgversion='Ubuntu 5.4.0-6ubuntu1~16.04.1' --with-bugurl=file:///usr/share/doc/gcc-5/README.Bugs --enable-languages=c,ada,c++,java,go,d,fortran,objc,obj-c++ --prefix=/usr --program-suffix=-5 --enable-shared --enable-linker-build-id --libexecdir=/usr/lib --without-included-gettext --enable-threads=posix --libdir=/usr/lib --enable-nls --with-sysroot=/ --enable-clocale=gnu --enable-libstdcxx-debug --enable-libstdcxx-time=yes --with-default-libstdcxx-abi=new --enable-gnu-unique-object --disable-vtable-verify --enable-libmpx --enable-plugin --with-system-zlib --disable-browser-plugin --enable-java-awt=gtk --enable-gtk-cairo --with-java-home=/usr/lib/jvm/java-1.5.0-gcj-5-amd64/jre --enable-java-home --with-jvm-root-dir=/usr/lib/jvm/java-1.5.0-gcj-5-amd64 --with-jvm-jar-dir=/usr/lib/jvm-exports/java-1.5.0-gcj-5-amd64 --with-arch-directory=amd64 --with-ecj-jar=/usr/share/java/eclipse-ecj.jar --enable-objc-gc --enable-multiarch --disable-werror --with-arch-32=i686 --with-abi=m64 --with-multilib-list=m32,m64,mx32 --enable-multilib --with-tune=generic --enable-checking=release --build=x86_64-linux-gnu --host=x86_64-linux-gnu --target=x86_64-linux-gnu
Thread model: posix
gcc version 5.4.0 20160609 (Ubuntu 5.4.0-6ubuntu1~16.04.1) 
configure:4602: $? = 0
configure:4591: gcc -V >&5
gcc: error: unrecognized command line option '-V'
gcc: fatal error: no input files
compilation terminated.
configure:4602: $? = 1
configure:4591: gcc -qversion >&5
gcc: error: unrecognized command line option '-qversion'
gcc: fatal error: no input files
compilation terminated.
configure:4602: $? = 1
configure:4606: checking whether we are using the GNU C compiler
configure:4634: result: yes
configure:4643: checking whether gcc accepts -g
configure:4704: result: yes
configure:4721: checking for gcc option to accept ISO C89
configure:4797: result: none needed
configure:4822: checking whether gcc understands -c and -o together
configure:4859: result: yes
configure:4878: checking dependency style of gcc
configure:4989: result: gcc3
configure:5047: checking for ranlib
configure:5063: found /usr/bin/ranlib
configure:5074: result: ranlib
configure:5096: checking whether ln -s works
configure:5100: result: yes
configure:5108: checking CFLAGS for C to hide external symbols
configure:5130: gcc -c -g -O2 -Werror -fvisibility=hidden -fvisibility-inlines-hidden  conftest.c >&5
cc1: error: command line option '-fvisibility-inlines-hidden' is valid for C++/ObjC++ but not for C [-Werror]
cc1: all warnings being treated as errors
configure:5130: $? = 1
configure: failed program was:
| /* confdefs.h */
| #define PACKAGE_NAME "zziplib (TeX Live)"
| #define PACKAGE_TARNAME "zziplib--tex-live-"
| #define PACKAGE_VERSION "0.13.62"
| #define PACKAGE_STRING "zziplib (TeX Live) 0.13.62"
| #define PACKAGE_BUGREPORT "tex-k@tug.org"
| #define PACKAGE_URL ""
| #define PACKAGE "zziplib--tex-live-"
| #define VERSION "0.13.62"
| /* end confdefs.h.  */
| #include <stdio.h>
|                                    extern void foo(void);
|                                    void foo(void){printf("foo\n");}
configure:5130: gcc -c -g -O2 -Werror -fvisibility=hidden  conftest.c >&5
configure:5130: $? = 0
configure:5143: result: -fvisibility=hidden
configure:5164: checking how to run the C preprocessor
configure:5195: gcc -E  conftest.c
configure:5195: $? = 0
configure:5209: gcc -E  conftest.c
conftest.c:11:28: fatal error: ac_nonexistent.h: No such file or directory
compilation terminated.
configure:5209: $? = 1
configure: failed program was:
| /* confdefs.h */
| #define PACKAGE_NAME "zziplib (TeX Live)"
| #define PACKAGE_TARNAME "zziplib--tex-live-"
| #define PACKAGE_VERSION "0.13.62"
| #define PACKAGE_STRING "zziplib (TeX Live) 0.13.62"
| #define PACKAGE_BUGREPORT "tex-k@tug.org"
| #define PACKAGE_URL ""
| #define PACKAGE "zziplib--tex-live-"
| #define VERSION "0.13.62"
| /* end confdefs.h.  */
| #include <ac_nonexistent.h>
configure:5234: result: gcc -E
configure:5254: gcc -E  conftest.c
configure:5254: $? = 0
configure:5268: gcc -E  conftest.c
conftest.c:11:28: fatal error: ac_nonexistent.h: No such file or directory
compilation terminated.
configure:5268: $? = 1
configure: failed program was:
| /* confdefs.h */
| #define PACKAGE_NAME "zziplib (TeX Live)"
| #define PACKAGE_TARNAME "zziplib--tex-live-"
| #define PACKAGE_VERSION "0.13.62"
| #define PACKAGE_STRING "zziplib (TeX Live) 0.13.62"
| #define PACKAGE_BUGREPORT "tex-k@tug.org"
| #define PACKAGE_URL ""
| #define PACKAGE "zziplib--tex-live-"
| #define VERSION "0.13.62"
| /* end confdefs.h.  */
| #include <ac_nonexistent.h>
configure:5297: checking for grep that handles long lines and -e
configure:5355: result: /bin/grep
configure:5360: checking for egrep
configure:5422: result: /bin/grep -E
configure:5427: checking for ANSI C header files
configure:5447: gcc -c -g -O2  conftest.c >&5
configure:5447: $? = 0
configure:5520: gcc -o conftest -g -O2   conftest.c  >&5
configure:5520: $? = 0
configure:5520: ./conftest
configure:5520: $? = 0
configure:5531: result: yes
configure:5542: checking for dirent.h that defines DIR
configure:5561: gcc -c -g -O2  conftest.c >&5
configure:5561: $? = 0
configure:5569: result: yes
configure:5582: checking for library containing opendir
configure:5613: gcc -o conftest -g -O2   conftest.c  >&5
configure:5613: $? = 0
configure:5630: result: none required
configure:5702: checking for sys/types.h
configure:5702: gcc -c -g -O2  conftest.c >&5
configure:5702: $? = 0
configure:5702: result: yes
configure:5702: checking for sys/stat.h
configure:5702: gcc -c -g -O2  conftest.c >&5
configure:5702: $? = 0
configure:5702: result: yes
configure:5702: checking for stdlib.h
configure:5702: gcc -c -g -O2  conftest.c >&5
configure:5702: $? = 0
configure:5702: result: yes
configure:5702: checking for string.h
configure:5702: gcc -c -g -O2  conftest.c >&5
configure:5702: $? = 0
configure:5702: result: yes
configure:5702: checking for memory.h
configure:5702: gcc -c -g -O2  conftest.c >&5
configure:5702: $? = 0
configure:5702: result: yes
configure:5702: checking for strings.h
configure:5702: gcc -c -g -O2  conftest.c >&5
configure:5702: $? = 0
configure:5702: result: yes
configure:5702: checking for inttypes.h
configure:5702: gcc -c -g -O2  conftest.c >&5
configure:5702: $? = 0
configure:5702: result: yes
configure:5702: checking for stdint.h
configure:5702: gcc -c -g -O2  conftest.c >&5
configure:5702: $? = 0
configure:5702: result: yes
configure:5702: checking for unistd.h
configure:5702: gcc -c -g -O2  conftest.c >&5
configure:5702: $? = 0
configure:5702: result: yes
configure:5717: checking for stdint.h
configure:5717: result: yes
configure:5717: checking for unistd.h
configure:5717: result: yes
configure:5717: checking windows.h usability
configure:5717: gcc -c -g -O2  conftest.c >&5
conftest.c:57:21: fatal error: windows.h: No such file or directory
compilation terminated.
configure:5717: $? = 1
configure: failed program was:
| /* confdefs.h */
| #define PACKAGE_NAME "zziplib (TeX Live)"
| #define PACKAGE_TARNAME "zziplib--tex-live-"
| #define PACKAGE_VERSION "0.13.62"
| #define PACKAGE_STRING "zziplib (TeX Live) 0.13.62"
| #define PACKAGE_BUGREPORT "tex-k@tug.org"
| #define PACKAGE_URL ""
| #define PACKAGE "zziplib--tex-live-"
| #define VERSION "0.13.62"
| #define STDC_HEADERS 1
| #define HAVE_DIRENT_H 1
| #define HAVE_SYS_TYPES_H 1
| #define HAVE_SYS_STAT_H 1
| #define HAVE_STDLIB_H 1
| #define HAVE_STRING_H 1
| #define HAVE_MEMORY_H 1
| #define HAVE_STRINGS_H 1
| #define HAVE_INTTYPES_H 1
| #define HAVE_STDINT_H 1
| #define HAVE_UNISTD_H 1
| #define HAVE_STDINT_H 1
| #define HAVE_UNISTD_H 1
| /* end confdefs.h.  */
| #include <stdio.h>
| #ifdef HAVE_SYS_TYPES_H
| # include <sys/types.h>
| #endif
| #ifdef HAVE_SYS_STAT_H
| # include <sys/stat.h>
| #endif
| #ifdef STDC_HEADERS
| # include <stdlib.h>
| # include <stddef.h>
| #else
| # ifdef HAVE_STDLIB_H
| #  include <stdlib.h>
| # endif
| #endif
| #ifdef HAVE_STRING_H
| # if !defined STDC_HEADERS && defined HAVE_MEMORY_H
| #  include <memory.h>
| # endif
| # include <string.h>
| #endif
| #ifdef HAVE_STRINGS_H
| # include <strings.h>
| #endif
| #ifdef HAVE_INTTYPES_H
| # include <inttypes.h>
| #endif
| #ifdef HAVE_STDINT_H
| # include <stdint.h>
| #endif
| #ifdef HAVE_UNISTD_H
| # include <unistd.h>
| #endif
| #include <windows.h>
configure:5717: result: no
configure:5717: checking windows.h presence
configure:5717: gcc -E  conftest.c
conftest.c:24:21: fatal error: windows.h: No such file or directory
compilation terminated.
configure:5717: $? = 1
configure: failed program was:
| /* confdefs.h */
| #define PACKAGE_NAME "zziplib (TeX Live)"
| #define PACKAGE_TARNAME "zziplib--tex-live-"
| #define PACKAGE_VERSION "0.13.62"
| #define PACKAGE_STRING "zziplib (TeX Live) 0.13.62"
| #define PACKAGE_BUGREPORT "tex-k@tug.org"
| #define PACKAGE_URL ""
| #define PACKAGE "zziplib--tex-live-"
| #define VERSION "0.13.62"
| #define STDC_HEADERS 1
| #define HAVE_DIRENT_H 1
| #define HAVE_SYS_TYPES_H 1
| #define HAVE_SYS_STAT_H 1
| #define HAVE_STDLIB_H 1
| #define HAVE_STRING_H 1
| #define HAVE_MEMORY_H 1
| #define HAVE_STRINGS_H 1
| #define HAVE_INTTYPES_H 1
| #define HAVE_STDINT_H 1
| #define HAVE_UNISTD_H 1
| #define HAVE_STDINT_H 1
| #define HAVE_UNISTD_H 1
| /* end confdefs.h.  */
| #include <windows.h>
configure:5717: result: no
configure:5717: checking for windows.h
configure:5717: result: no
configure:5717: checking sys/int_types.h usability
configure:5717: gcc -c -g -O2  conftest.c >&5
conftest.c:57:27: fatal error: sys/int_types.h: No such file or directory
compilation terminated.
configure:5717: $? = 1
configure: failed program was:
| /* confdefs.h */
| #define PACKAGE_NAME "zziplib (TeX Live)"
| #define PACKAGE_TARNAME "zziplib--tex-live-"
| #define PACKAGE_VERSION "0.13.62"
| #define PACKAGE_STRING "zziplib (TeX Live) 0.13.62"
| #define PACKAGE_BUGREPORT "tex-k@tug.org"
| #define PACKAGE_URL ""
| #define PACKAGE "zziplib--tex-live-"
| #define VERSION "0.13.62"
| #define STDC_HEADERS 1
| #define HAVE_DIRENT_H 1
| #define HAVE_SYS_TYPES_H 1
| #define HAVE_SYS_STAT_H 1
| #define HAVE_STDLIB_H 1
| #define HAVE_STRING_H 1
| #define HAVE_MEMORY_H 1
| #define HAVE_STRINGS_H 1
| #define HAVE_INTTYPES_H 1
| #define HAVE_STDINT_H 1
| #define HAVE_UNISTD_H 1
| #define HAVE_STDINT_H 1
| #define HAVE_UNISTD_H 1
| /* end confdefs.h.  */
| #include <stdio.h>
| #ifdef HAVE_SYS_TYPES_H
| # include <sys/types.h>
| #endif
| #ifdef HAVE_SYS_STAT_H
| # include <sys/stat.h>
| #endif
| #ifdef STDC_HEADERS
| # include <stdlib.h>
| # include <stddef.h>
| #else
| # ifdef HAVE_STDLIB_H
| #  include <stdlib.h>
| # endif
| #endif
| #ifdef HAVE_STRING_H
| # if !defined STDC_HEADERS && defined HAVE_MEMORY_H
| #  include <memory.h>
| # endif
| # include <string.h>
| #endif
| #ifdef HAVE_STRINGS_H
| # include <strings.h>
| #endif
| #ifdef HAVE_INTTYPES_H
| # include <inttypes.h>
| #endif
| #ifdef HAVE_STDINT_H
| # include <stdint.h>
| #endif
| #ifdef HAVE_UNISTD_H
| # include <unistd.h>
| #endif
| #include <sys/int_types.h>
configure:5717: result: no
configure:5717: checking sys/int_types.h presence
configure:5717: gcc -E  conftest.c
conftest.c:24:27: fatal error: sys/int_types.h: No such file or directory
compilation terminated.
configure:5717: $? = 1
configure: failed program was:
| /* confdefs.h */
| #define PACKAGE_NAME "zziplib (TeX Live)"
| #define PACKAGE_TARNAME "zziplib--tex-live-"
| #define PACKAGE_VERSION "0.13.62"
| #define PACKAGE_STRING "zziplib (TeX Live) 0.13.62"
| #define PACKAGE_BUGREPORT "tex-k@tug.org"
| #define PACKAGE_URL ""
| #define PACKAGE "zziplib--tex-live-"
| #define VERSION "0.13.62"
| #define STDC_HEADERS 1
| #define HAVE_DIRENT_H 1
| #define HAVE_SYS_TYPES_H 1
| #define HAVE_SYS_STAT_H 1
| #define HAVE_STDLIB_H 1
| #define HAVE_STRING_H 1
| #define HAVE_MEMORY_H 1
| #define HAVE_STRINGS_H 1
| #define HAVE_INTTYPES_H 1
| #define HAVE_STDINT_H 1
| #define HAVE_UNISTD_H 1
| #define HAVE_STDINT_H 1
| #define HAVE_UNISTD_H 1
| /* end confdefs.h.  */
| #include <sys/int_types.h>
configure:5717: result: no
configure:5717: checking for sys/int_types.h
configure:5717: result: no
configure:5730: checking for winnt.h
configure:5730: gcc -c -g -O2  conftest.c >&5
conftest.c:24:21: fatal error: windows.h: No such file or directory
compilation terminated.
configure:5730: $? = 1
configure: failed program was:
| /* confdefs.h */
| #define PACKAGE_NAME "zziplib (TeX Live)"
| #define PACKAGE_TARNAME "zziplib--tex-live-"
| #define PACKAGE_VERSION "0.13.62"
| #define PACKAGE_STRING "zziplib (TeX Live) 0.13.62"
| #define PACKAGE_BUGREPORT "tex-k@tug.org"
| #define PACKAGE_URL ""
| #define PACKAGE "zziplib--tex-live-"
| #define VERSION "0.13.62"
| #define STDC_HEADERS 1
| #define HAVE_DIRENT_H 1
| #define HAVE_SYS_TYPES_H 1
| #define HAVE_SYS_STAT_H 1
| #define HAVE_STDLIB_H 1
| #define HAVE_STRING_H 1
| #define HAVE_MEMORY_H 1
| #define HAVE_STRINGS_H 1
| #define HAVE_INTTYPES_H 1
| #define HAVE_STDINT_H 1
| #define HAVE_UNISTD_H 1
| #define HAVE_STDINT_H 1
| #define HAVE_UNISTD_H 1
| /* end confdefs.h.  */
| #include <windows.h>
| 
| #include <winnt.h>
configure:5730: result: no
configure:5730: checking for winbase.h
configure:5730: gcc -c -g -O2  conftest.c >&5
conftest.c:24:21: fatal error: windows.h: No such file or directory
compilation terminated.
configure:5730: $? = 1
configure: failed program was:
| /* confdefs.h */
| #define PACKAGE_NAME "zziplib (TeX Live)"
| #define PACKAGE_TARNAME "zziplib--tex-live-"
| #define PACKAGE_VERSION "0.13.62"
| #define PACKAGE_STRING "zziplib (TeX Live) 0.13.62"
| #define PACKAGE_BUGREPORT "tex-k@tug.org"
| #define PACKAGE_URL ""
| #define PACKAGE "zziplib--tex-live-"
| #define VERSION "0.13.62"
| #define STDC_HEADERS 1
| #define HAVE_DIRENT_H 1
| #define HAVE_SYS_TYPES_H 1
| #define HAVE_SYS_STAT_H 1
| #define HAVE_STDLIB_H 1
| #define HAVE_STRING_H 1
| #define HAVE_MEMORY_H 1
| #define HAVE_STRINGS_H 1
| #define HAVE_INTTYPES_H 1
| #define HAVE_STDINT_H 1
| #define HAVE_UNISTD_H 1
| #define HAVE_STDINT_H 1
| #define HAVE_UNISTD_H 1
| /* end confdefs.h.  */
| #include <windows.h>
| 
| #include <winbase.h>
configure:5730: result: no
configure:5744: checking for sys/types.h
configure:5744: result: yes
configure:5744: checking sys/mman.h usability
configure:5744: gcc -c -g -O2  conftest.c >&5
configure:5744: $? = 0
configure:5744: result: yes
configure:5744: checking sys/mman.h presence
configure:5744: gcc -E  conftest.c
configure:5744: $? = 0
configure:5744: result: yes
configure:5744: checking for sys/mman.h
configure:5744: result: yes
configure:5744: checking for sys/stat.h
configure:5744: result: yes
configure:5744: checking sys/param.h usability
configure:5744: gcc -c -g -O2  conftest.c >&5
configure:5744: $? = 0
configure:5744: result: yes
configure:5744: checking sys/param.h presence
configure:5744: gcc -E  conftest.c
configure:5744: $? = 0
configure:5744: result: yes
configure:5744: checking for sys/param.h
configure:5744: result: yes
configure:5756: checking io.h usability
configure:5756: gcc -c -g -O2  conftest.c >&5
conftest.c:61:16: fatal error: io.h: No such file or directory
compilation terminated.
configure:5756: $? = 1
configure: failed program was:
| /* confdefs.h */
| #define PACKAGE_NAME "zziplib (TeX Live)"
| #define PACKAGE_TARNAME "zziplib--tex-live-"
| #define PACKAGE_VERSION "0.13.62"
| #define PACKAGE_STRING "zziplib (TeX Live) 0.13.62"
| #define PACKAGE_BUGREPORT "tex-k@tug.org"
| #define PACKAGE_URL ""
| #define PACKAGE "zziplib--tex-live-"
| #define VERSION "0.13.62"
| #define STDC_HEADERS 1
| #define HAVE_DIRENT_H 1
| #define HAVE_SYS_TYPES_H 1
| #define HAVE_SYS_STAT_H 1
| #define HAVE_STDLIB_H 1
| #define HAVE_STRING_H 1
| #define HAVE_MEMORY_H 1
| #define HAVE_STRINGS_H 1
| #define HAVE_INTTYPES_H 1
| #define HAVE_STDINT_H 1
| #define HAVE_UNISTD_H 1
| #define HAVE_STDINT_H 1
| #define HAVE_UNISTD_H 1
| #define HAVE_SYS_TYPES_H 1
| #define HAVE_SYS_MMAN_H 1
| #define HAVE_SYS_STAT_H 1
| #define HAVE_SYS_PARAM_H 1
| /* end confdefs.h.  */
| #include <stdio.h>
| #ifdef HAVE_SYS_TYPES_H
| # include <sys/types.h>
| #endif
| #ifdef HAVE_SYS_STAT_H
| # include <sys/stat.h>
| #endif
| #ifdef STDC_HEADERS
| # include <stdlib.h>
| # include <stddef.h>
| #else
| # ifdef HAVE_STDLIB_H
| #  include <stdlib.h>
| # endif
| #endif
| #ifdef HAVE_STRING_H
| # if !defined STDC_HEADERS && defined HAVE_MEMORY_H
| #  include <memory.h>
| # endif
| # include <string.h>
| #endif
| #ifdef HAVE_STRINGS_H
| # include <strings.h>
| #endif
| #ifdef HAVE_INTTYPES_H
| # include <inttypes.h>
| #endif
| #ifdef HAVE_STDINT_H
| # include <stdint.h>
| #endif
| #ifdef HAVE_UNISTD_H
| # include <unistd.h>
| #endif
| #include <io.h>
configure:5756: result: no
configure:5756: checking io.h presence
configure:5756: gcc -E  conftest.c
conftest.c:28:16: fatal error: io.h: No such file or directory
compilation terminated.
configure:5756: $? = 1
configure: failed program was:
| /* confdefs.h */
| #define PACKAGE_NAME "zziplib (TeX Live)"
| #define PACKAGE_TARNAME "zziplib--tex-live-"
| #define PACKAGE_VERSION "0.13.62"
| #define PACKAGE_STRING "zziplib (TeX Live) 0.13.62"
| #define PACKAGE_BUGREPORT "tex-k@tug.org"
| #define PACKAGE_URL ""
| #define PACKAGE "zziplib--tex-live-"
| #define VERSION "0.13.62"
| #define STDC_HEADERS 1
| #define HAVE_DIRENT_H 1
| #define HAVE_SYS_TYPES_H 1
| #define HAVE_SYS_STAT_H 1
| #define HAVE_STDLIB_H 1
| #define HAVE_STRING_H 1
| #define HAVE_MEMORY_H 1
| #define HAVE_STRINGS_H 1
| #define HAVE_INTTYPES_H 1
| #define HAVE_STDINT_H 1
| #define HAVE_UNISTD_H 1
| #define HAVE_STDINT_H 1
| #define HAVE_UNISTD_H 1
| #define HAVE_SYS_TYPES_H 1
| #define HAVE_SYS_MMAN_H 1
| #define HAVE_SYS_STAT_H 1
| #define HAVE_SYS_PARAM_H 1
| /* end confdefs.h.  */
| #include <io.h>
configure:5756: result: no
configure:5756: checking for io.h
configure:5756: result: no
configure:5756: checking direct.h usability
configure:5756: gcc -c -g -O2  conftest.c >&5
conftest.c:61:20: fatal error: direct.h: No such file or directory
compilation terminated.
configure:5756: $? = 1
configure: failed program was:
| /* confdefs.h */
| #define PACKAGE_NAME "zziplib (TeX Live)"
| #define PACKAGE_TARNAME "zziplib--tex-live-"
| #define PACKAGE_VERSION "0.13.62"
| #define PACKAGE_STRING "zziplib (TeX Live) 0.13.62"
| #define PACKAGE_BUGREPORT "tex-k@tug.org"
| #define PACKAGE_URL ""
| #define PACKAGE "zziplib--tex-live-"
| #define VERSION "0.13.62"
| #define STDC_HEADERS 1
| #define HAVE_DIRENT_H 1
| #define HAVE_SYS_TYPES_H 1
| #define HAVE_SYS_STAT_H 1
| #define HAVE_STDLIB_H 1
| #define HAVE_STRING_H 1
| #define HAVE_MEMORY_H 1
| #define HAVE_STRINGS_H 1
| #define HAVE_INTTYPES_H 1
| #define HAVE_STDINT_H 1
| #define HAVE_UNISTD_H 1
| #define HAVE_STDINT_H 1
| #define HAVE_UNISTD_H 1
| #define HAVE_SYS_TYPES_H 1
| #define HAVE_SYS_MMAN_H 1
| #define HAVE_SYS_STAT_H 1
| #define HAVE_SYS_PARAM_H 1
| /* end confdefs.h.  */
| #include <stdio.h>
| #ifdef HAVE_SYS_TYPES_H
| # include <sys/types.h>
| #endif
| #ifdef HAVE_SYS_STAT_H
| # include <sys/stat.h>
| #endif
| #ifdef STDC_HEADERS
| # include <stdlib.h>
| # include <stddef.h>
| #else
| # ifdef HAVE_STDLIB_H
| #  include <stdlib.h>
| # endif
| #endif
| #ifdef HAVE_STRING_H
| # if !defined STDC_HEADERS && defined HAVE_MEMORY_H
| #  include <memory.h>
| # endif
| # include <string.h>
| #endif
| #ifdef HAVE_STRINGS_H
| # include <strings.h>
| #endif
| #ifdef HAVE_INTTYPES_H
| # include <inttypes.h>
| #endif
| #ifdef HAVE_STDINT_H
| # include <stdint.h>
| #endif
| #ifdef HAVE_UNISTD_H
| # include <unistd.h>
| #endif
| #include <direct.h>
configure:5756: result: no
configure:5756: checking direct.h presence
configure:5756: gcc -E  conftest.c
conftest.c:28:20: fatal error: direct.h: No such file or directory
compilation terminated.
configure:5756: $? = 1
configure: failed program was:
| /* confdefs.h */
| #define PACKAGE_NAME "zziplib (TeX Live)"
| #define PACKAGE_TARNAME "zziplib--tex-live-"
| #define PACKAGE_VERSION "0.13.62"
| #define PACKAGE_STRING "zziplib (TeX Live) 0.13.62"
| #define PACKAGE_BUGREPORT "tex-k@tug.org"
| #define PACKAGE_URL ""
| #define PACKAGE "zziplib--tex-live-"
| #define VERSION "0.13.62"
| #define STDC_HEADERS 1
| #define HAVE_DIRENT_H 1
| #define HAVE_SYS_TYPES_H 1
| #define HAVE_SYS_STAT_H 1
| #define HAVE_STDLIB_H 1
| #define HAVE_STRING_H 1
| #define HAVE_MEMORY_H 1
| #define HAVE_STRINGS_H 1
| #define HAVE_INTTYPES_H 1
| #define HAVE_STDINT_H 1
| #define HAVE_UNISTD_H 1
| #define HAVE_STDINT_H 1
| #define HAVE_UNISTD_H 1
| #define HAVE_SYS_TYPES_H 1
| #define HAVE_SYS_MMAN_H 1
| #define HAVE_SYS_STAT_H 1
| #define HAVE_SYS_PARAM_H 1
| /* end confdefs.h.  */
| #include <direct.h>
configure:5756: result: no
configure:5756: checking for direct.h
configure:5756: result: no
configure:5756: checking byteswap.h usability
configure:5756: gcc -c -g -O2  conftest.c >&5
configure:5756: $? = 0
configure:5756: result: yes
configure:5756: checking byteswap.h presence
configure:5756: gcc -E  conftest.c
configure:5756: $? = 0
configure:5756: result: yes
configure:5756: checking for byteswap.h
configure:5756: result: yes
configure:5768: checking fnmatch.h usability
configure:5768: gcc -c -g -O2  conftest.c >&5
configure:5768: $? = 0
configure:5768: result: yes
configure:5768: checking fnmatch.h presence
configure:5768: gcc -E  conftest.c
configure:5768: $? = 0
configure:5768: result: yes
configure:5768: checking for fnmatch.h
configure:5768: result: yes
configure:5780: checking whether can use mmap for file scanning
configure:5791: result: yes, sys/mman.h
configure:5802: checking for special C compiler options needed for large files
configure:5847: result: no
configure:5853: checking for _FILE_OFFSET_BITS value needed for large files
configure:5878: gcc -c -g -O2  conftest.c >&5
configure:5878: $? = 0
configure:5910: result: no
configure:5996: checking whether system differentiates 64bit off_t by defines
configure:6005: result: no
configure:6008: checking for _LARGEFILE_SOURCE value needed for large files
configure:6027: gcc -o conftest -g -O2   conftest.c  >&5
configure:6027: $? = 0
configure:6055: result: no
configure:6078: checking for inline
configure:6094: gcc -c -g -O2  conftest.c >&5
configure:6094: $? = 0
configure:6102: result: inline
configure:6120: checking for an ANSI C-conforming const
configure:6186: gcc -c -g -O2  conftest.c >&5
configure:6186: $? = 0
configure:6193: result: yes
configure:6201: checking for C/C++ restrict keyword
configure:6226: gcc -c -g -O2  conftest.c >&5
configure:6226: $? = 0
configure:6234: result: __restrict
configure:6247: checking for size_t
configure:6247: gcc -c -g -O2  conftest.c >&5
configure:6247: $? = 0
configure:6247: gcc -c -g -O2  conftest.c >&5
conftest.c: In function 'main':
conftest.c:68:21: error: expected expression before ')' token
 if (sizeof ((size_t)))
                     ^
configure:6247: $? = 1
configure: failed program was:
| /* confdefs.h */
| #define PACKAGE_NAME "zziplib (TeX Live)"
| #define PACKAGE_TARNAME "zziplib--tex-live-"
| #define PACKAGE_VERSION "0.13.62"
| #define PACKAGE_STRING "zziplib (TeX Live) 0.13.62"
| #define PACKAGE_BUGREPORT "tex-k@tug.org"
| #define PACKAGE_URL ""
| #define PACKAGE "zziplib--tex-live-"
| #define VERSION "0.13.62"
| #define STDC_HEADERS 1
| #define HAVE_DIRENT_H 1
| #define HAVE_SYS_TYPES_H 1
| #define HAVE_SYS_STAT_H 1
| #define HAVE_STDLIB_H 1
| #define HAVE_STRING_H 1
| #define HAVE_MEMORY_H 1
| #define HAVE_STRINGS_H 1
| #define HAVE_INTTYPES_H 1
| #define HAVE_STDINT_H 1
| #define HAVE_UNISTD_H 1
| #define HAVE_STDINT_H 1
| #define HAVE_UNISTD_H 1
| #define HAVE_SYS_TYPES_H 1
| #define HAVE_SYS_MMAN_H 1
| #define HAVE_SYS_STAT_H 1
| #define HAVE_SYS_PARAM_H 1
| #define HAVE_BYTESWAP_H 1
| #define HAVE_FNMATCH_H 1
| #define HAVE_FSEEKO 1
| #define restrict __restrict
| /* end confdefs.h.  */
| #include <stdio.h>
| #ifdef HAVE_SYS_TYPES_H
| # include <sys/types.h>
| #endif
| #ifdef HAVE_SYS_STAT_H
| # include <sys/stat.h>
| #endif
| #ifdef STDC_HEADERS
| # include <stdlib.h>
| # include <stddef.h>
| #else
| # ifdef HAVE_STDLIB_H
| #  include <stdlib.h>
| # endif
| #endif
| #ifdef HAVE_STRING_H
| # if !defined STDC_HEADERS && defined HAVE_MEMORY_H
| #  include <memory.h>
| # endif
| # include <string.h>
| #endif
| #ifdef HAVE_STRINGS_H
| # include <strings.h>
| #endif
| #ifdef HAVE_INTTYPES_H
| # include <inttypes.h>
| #endif
| #ifdef HAVE_STDINT_H
| # include <stdint.h>
| #endif
| #ifdef HAVE_UNISTD_H
| # include <unistd.h>
| #endif
| int
| main ()
| {
| if (sizeof ((size_t)))
| 	    return 0;
|   ;
|   return 0;
| }
configure:6247: result: yes
configure:6258: checking for ssize_t
configure:6258: gcc -c -g -O2  conftest.c >&5
configure:6258: $? = 0
configure:6258: gcc -c -g -O2  conftest.c >&5
conftest.c: In function 'main':
conftest.c:68:22: error: expected expression before ')' token
 if (sizeof ((ssize_t)))
                      ^
configure:6258: $? = 1
configure: failed program was:
| /* confdefs.h */
| #define PACKAGE_NAME "zziplib (TeX Live)"
| #define PACKAGE_TARNAME "zziplib--tex-live-"
| #define PACKAGE_VERSION "0.13.62"
| #define PACKAGE_STRING "zziplib (TeX Live) 0.13.62"
| #define PACKAGE_BUGREPORT "tex-k@tug.org"
| #define PACKAGE_URL ""
| #define PACKAGE "zziplib--tex-live-"
| #define VERSION "0.13.62"
| #define STDC_HEADERS 1
| #define HAVE_DIRENT_H 1
| #define HAVE_SYS_TYPES_H 1
| #define HAVE_SYS_STAT_H 1
| #define HAVE_STDLIB_H 1
| #define HAVE_STRING_H 1
| #define HAVE_MEMORY_H 1
| #define HAVE_STRINGS_H 1
| #define HAVE_INTTYPES_H 1
| #define HAVE_STDINT_H 1
| #define HAVE_UNISTD_H 1
| #define HAVE_STDINT_H 1
| #define HAVE_UNISTD_H 1
| #define HAVE_SYS_TYPES_H 1
| #define HAVE_SYS_MMAN_H 1
| #define HAVE_SYS_STAT_H 1
| #define HAVE_SYS_PARAM_H 1
| #define HAVE_BYTESWAP_H 1
| #define HAVE_FNMATCH_H 1
| #define HAVE_FSEEKO 1
| #define restrict __restrict
| /* end confdefs.h.  */
| #include <stdio.h>
| #ifdef HAVE_SYS_TYPES_H
| # include <sys/types.h>
| #endif
| #ifdef HAVE_SYS_STAT_H
| # include <sys/stat.h>
| #endif
| #ifdef STDC_HEADERS
| # include <stdlib.h>
| # include <stddef.h>
| #else
| # ifdef HAVE_STDLIB_H
| #  include <stdlib.h>
| # endif
| #endif
| #ifdef HAVE_STRING_H
| # if !defined STDC_HEADERS && defined HAVE_MEMORY_H
| #  include <memory.h>
| # endif
| # include <string.h>
| #endif
| #ifdef HAVE_STRINGS_H
| # include <strings.h>
| #endif
| #ifdef HAVE_INTTYPES_H
| # include <inttypes.h>
| #endif
| #ifdef HAVE_STDINT_H
| # include <stdint.h>
| #endif
| #ifdef HAVE_UNISTD_H
| # include <unistd.h>
| #endif
| int
| main ()
| {
| if (sizeof ((ssize_t)))
| 	    return 0;
|   ;
|   return 0;
| }
configure:6258: result: yes
configure:6269: checking for off64_t
configure:6269: gcc -c -g -O2  conftest.c >&5
conftest.c: In function 'main':
conftest.c:68:13: error: 'off64_t' undeclared (first use in this function)
 if (sizeof (off64_t))
             ^
conftest.c:68:13: note: each undeclared identifier is reported only once for each function it appears in
configure:6269: $? = 1
configure: failed program was:
| /* confdefs.h */
| #define PACKAGE_NAME "zziplib (TeX Live)"
| #define PACKAGE_TARNAME "zziplib--tex-live-"
| #define PACKAGE_VERSION "0.13.62"
| #define PACKAGE_STRING "zziplib (TeX Live) 0.13.62"
| #define PACKAGE_BUGREPORT "tex-k@tug.org"
| #define PACKAGE_URL ""
| #define PACKAGE "zziplib--tex-live-"
| #define VERSION "0.13.62"
| #define STDC_HEADERS 1
| #define HAVE_DIRENT_H 1
| #define HAVE_SYS_TYPES_H 1
| #define HAVE_SYS_STAT_H 1
| #define HAVE_STDLIB_H 1
| #define HAVE_STRING_H 1
| #define HAVE_MEMORY_H 1
| #define HAVE_STRINGS_H 1
| #define HAVE_INTTYPES_H 1
| #define HAVE_STDINT_H 1
| #define HAVE_UNISTD_H 1
| #define HAVE_STDINT_H 1
| #define HAVE_UNISTD_H 1
| #define HAVE_SYS_TYPES_H 1
| #define HAVE_SYS_MMAN_H 1
| #define HAVE_SYS_STAT_H 1
| #define HAVE_SYS_PARAM_H 1
| #define HAVE_BYTESWAP_H 1
| #define HAVE_FNMATCH_H 1
| #define HAVE_FSEEKO 1
| #define restrict __restrict
| /* end confdefs.h.  */
| #include <stdio.h>
| #ifdef HAVE_SYS_TYPES_H
| # include <sys/types.h>
| #endif
| #ifdef HAVE_SYS_STAT_H
| # include <sys/stat.h>
| #endif
| #ifdef STDC_HEADERS
| # include <stdlib.h>
| # include <stddef.h>
| #else
| # ifdef HAVE_STDLIB_H
| #  include <stdlib.h>
| # endif
| #endif
| #ifdef HAVE_STRING_H
| # if !defined STDC_HEADERS && defined HAVE_MEMORY_H
| #  include <memory.h>
| # endif
| # include <string.h>
| #endif
| #ifdef HAVE_STRINGS_H
| # include <strings.h>
| #endif
| #ifdef HAVE_INTTYPES_H
| # include <inttypes.h>
| #endif
| #ifdef HAVE_STDINT_H
| # include <stdint.h>
| #endif
| #ifdef HAVE_UNISTD_H
| # include <unistd.h>
| #endif
| int
| main ()
| {
| if (sizeof (off64_t))
| 	 return 0;
|   ;
|   return 0;
| }
configure:6269: result: no
configure:6280: checking for __int64
configure:6280: gcc -c -g -O2  conftest.c >&5
conftest.c: In function 'main':
conftest.c:69:13: error: '__int64' undeclared (first use in this function)
 if (sizeof (__int64))
             ^
conftest.c:69:13: note: each undeclared identifier is reported only once for each function it appears in
configure:6280: $? = 1
configure: failed program was:
| /* confdefs.h */
| #define PACKAGE_NAME "zziplib (TeX Live)"
| #define PACKAGE_TARNAME "zziplib--tex-live-"
| #define PACKAGE_VERSION "0.13.62"
| #define PACKAGE_STRING "zziplib (TeX Live) 0.13.62"
| #define PACKAGE_BUGREPORT "tex-k@tug.org"
| #define PACKAGE_URL ""
| #define PACKAGE "zziplib--tex-live-"
| #define VERSION "0.13.62"
| #define STDC_HEADERS 1
| #define HAVE_DIRENT_H 1
| #define HAVE_SYS_TYPES_H 1
| #define HAVE_SYS_STAT_H 1
| #define HAVE_STDLIB_H 1
| #define HAVE_STRING_H 1
| #define HAVE_MEMORY_H 1
| #define HAVE_STRINGS_H 1
| #define HAVE_INTTYPES_H 1
| #define HAVE_STDINT_H 1
| #define HAVE_UNISTD_H 1
| #define HAVE_STDINT_H 1
| #define HAVE_UNISTD_H 1
| #define HAVE_SYS_TYPES_H 1
| #define HAVE_SYS_MMAN_H 1
| #define HAVE_SYS_STAT_H 1
| #define HAVE_SYS_PARAM_H 1
| #define HAVE_BYTESWAP_H 1
| #define HAVE_FNMATCH_H 1
| #define HAVE_FSEEKO 1
| #define restrict __restrict
| #define off64_t _zzip_off_t
| /* end confdefs.h.  */
| #include <stdio.h>
| #ifdef HAVE_SYS_TYPES_H
| # include <sys/types.h>
| #endif
| #ifdef HAVE_SYS_STAT_H
| # include <sys/stat.h>
| #endif
| #ifdef STDC_HEADERS
| # include <stdlib.h>
| # include <stddef.h>
| #else
| # ifdef HAVE_STDLIB_H
| #  include <stdlib.h>
| # endif
| #endif
| #ifdef HAVE_STRING_H
| # if !defined STDC_HEADERS && defined HAVE_MEMORY_H
| #  include <memory.h>
| # endif
| # include <string.h>
| #endif
| #ifdef HAVE_STRINGS_H
| # include <strings.h>
| #endif
| #ifdef HAVE_INTTYPES_H
| # include <inttypes.h>
| #endif
| #ifdef HAVE_STDINT_H
| # include <stdint.h>
| #endif
| #ifdef HAVE_UNISTD_H
| # include <unistd.h>
| #endif
| int
| main ()
| {
| if (sizeof (__int64))
| 	 return 0;
|   ;
|   return 0;
| }
configure:6280: result: no
configure:6295: checking size of short
configure:6300: gcc -o conftest -g -O2   conftest.c  >&5
configure:6300: $? = 0
configure:6300: ./conftest
configure:6300: $? = 0
configure:6314: result: 2
configure:6328: checking size of int
configure:6333: gcc -o conftest -g -O2   conftest.c  >&5
configure:6333: $? = 0
configure:6333: ./conftest
configure:6333: $? = 0
configure:6347: result: 4
configure:6361: checking size of long
configure:6366: gcc -o conftest -g -O2   conftest.c  >&5
configure:6366: $? = 0
configure:6366: ./conftest
configure:6366: $? = 0
configure:6380: result: 8
configure:6390: checking whether byte ordering is bigendian
configure:6405: gcc -c -g -O2  conftest.c >&5
conftest.c:38:9: error: unknown type name 'not'
         not a universal capable compiler
         ^
conftest.c:38:15: error: expected '=', ',', ';', 'asm' or '__attribute__' before 'universal'
         not a universal capable compiler
               ^
conftest.c:38:15: error: unknown type name 'universal'
configure:6405: $? = 1
configure: failed program was:
| /* confdefs.h */
| #define PACKAGE_NAME "zziplib (TeX Live)"
| #define PACKAGE_TARNAME "zziplib--tex-live-"
| #define PACKAGE_VERSION "0.13.62"
| #define PACKAGE_STRING "zziplib (TeX Live) 0.13.62"
| #define PACKAGE_BUGREPORT "tex-k@tug.org"
| #define PACKAGE_URL ""
| #define PACKAGE "zziplib--tex-live-"
| #define VERSION "0.13.62"
| #define STDC_HEADERS 1
| #define HAVE_DIRENT_H 1
| #define HAVE_SYS_TYPES_H 1
| #define HAVE_SYS_STAT_H 1
| #define HAVE_STDLIB_H 1
| #define HAVE_STRING_H 1
| #define HAVE_MEMORY_H 1
| #define HAVE_STRINGS_H 1
| #define HAVE_INTTYPES_H 1
| #define HAVE_STDINT_H 1
| #define HAVE_UNISTD_H 1
| #define HAVE_STDINT_H 1
| #define HAVE_UNISTD_H 1
| #define HAVE_SYS_TYPES_H 1
| #define HAVE_SYS_MMAN_H 1
| #define HAVE_SYS_STAT_H 1
| #define HAVE_SYS_PARAM_H 1
| #define HAVE_BYTESWAP_H 1
| #define HAVE_FNMATCH_H 1
| #define HAVE_FSEEKO 1
| #define restrict __restrict
| #define off64_t _zzip_off_t
| #define __int64 long long
| #define SIZEOF_SHORT 2
| #define SIZEOF_INT 4
| #define SIZEOF_LONG 8
| /* end confdefs.h.  */
| #ifndef __APPLE_CC__
| 	       not a universal capable compiler
| 	     #endif
| 	     typedef int dummy;
| 
configure:6450: gcc -c -g -O2  conftest.c >&5
configure:6450: $? = 0
configure:6468: gcc -c -g -O2  conftest.c >&5
conftest.c: In function 'main':
conftest.c:44:4: error: unknown type name 'not'
    not big endian
    ^
conftest.c:44:12: error: expected '=', ',', ';', 'asm' or '__attribute__' before 'endian'
    not big endian
            ^
configure:6468: $? = 1
configure: failed program was:
| /* confdefs.h */
| #define PACKAGE_NAME "zziplib (TeX Live)"
| #define PACKAGE_TARNAME "zziplib--tex-live-"
| #define PACKAGE_VERSION "0.13.62"
| #define PACKAGE_STRING "zziplib (TeX Live) 0.13.62"
| #define PACKAGE_BUGREPORT "tex-k@tug.org"
| #define PACKAGE_URL ""
| #define PACKAGE "zziplib--tex-live-"
| #define VERSION "0.13.62"
| #define STDC_HEADERS 1
| #define HAVE_DIRENT_H 1
| #define HAVE_SYS_TYPES_H 1
| #define HAVE_SYS_STAT_H 1
| #define HAVE_STDLIB_H 1
| #define HAVE_STRING_H 1
| #define HAVE_MEMORY_H 1
| #define HAVE_STRINGS_H 1
| #define HAVE_INTTYPES_H 1
| #define HAVE_STDINT_H 1
| #define HAVE_UNISTD_H 1
| #define HAVE_STDINT_H 1
| #define HAVE_UNISTD_H 1
| #define HAVE_SYS_TYPES_H 1
| #define HAVE_SYS_MMAN_H 1
| #define HAVE_SYS_STAT_H 1
| #define HAVE_SYS_PARAM_H 1
| #define HAVE_BYTESWAP_H 1
| #define HAVE_FNMATCH_H 1
| #define HAVE_FSEEKO 1
| #define restrict __restrict
| #define off64_t _zzip_off_t
| #define __int64 long long
| #define SIZEOF_SHORT 2
| #define SIZEOF_INT 4
| #define SIZEOF_LONG 8
| /* end confdefs.h.  */
| #include <sys/types.h>
| 		#include <sys/param.h>
| 
| int
| main ()
| {
| #if BYTE_ORDER != BIG_ENDIAN
| 		 not big endian
| 		#endif
| 
|   ;
|   return 0;
| }
configure:6596: result: no
configure:6615: checking if pointers to integers require aligned access
configure:6650: gcc -o conftest -g -O2   conftest.c  >&5
configure:6650: $? = 0
configure:6650: ./conftest
configure:6650: $? = 0
configure:6660: result: no
configure:6673: checking for strcasecmp
configure:6673: gcc -o conftest -g -O2   conftest.c  >&5
conftest.c:60:6: warning: conflicting types for built-in function 'strcasecmp'
 char strcasecmp ();
      ^
configure:6673: $? = 0
configure:6673: result: yes
configure:6673: checking for strndup
configure:6673: gcc -o conftest -g -O2   conftest.c  >&5
conftest.c:61:6: warning: conflicting types for built-in function 'strndup'
 char strndup ();
      ^
configure:6673: $? = 0
configure:6673: result: yes
configure:6724: checking if <zlib.h> defines 'z_const'
configure:6743: gcc -c -g -O2 -I/home/maqiyuan/Desktop/texlive-upstream/libs/zlib/include  conftest.c >&5
configure:6743: $? = 0
configure:6753: result: yes
configure:6783: checking zlib.h usability
configure:6783: gcc -c -g -O2 -I/home/maqiyuan/Desktop/texlive-upstream/libs/zlib/include  conftest.c >&5
configure:6783: $? = 0
configure:6783: result: yes
configure:6783: checking zlib.h presence
configure:6783: gcc -E -I/home/maqiyuan/Desktop/texlive-upstream/libs/zlib/include  conftest.c
configure:6783: $? = 0
configure:6783: result: yes
configure:6783: checking for zlib.h
configure:6783: result: yes
configure:6793: checking for zlibVersion
configure:6793: gcc -o conftest -g -O2 -I/home/maqiyuan/Desktop/texlive-upstream/libs/zlib/include   conftest.c /home/maqiyuan/Desktop/texlive-upstream/libs/zlib/libz.a  >&5
configure:6793: $? = 0
configure:6793: result: yes
configure:6811: result: creating include/zzip/_msvc.in via zzip/_msvc.sed of config.h.in
configure:6934: checking that generated files are newer than configure
configure:6940: result: done
configure:6976: creating ./config.status

## ---------------------- ##
## Running config.status. ##
## ---------------------- ##

This file was extended by zziplib (TeX Live) config.status 0.13.62, which was
generated by GNU Autoconf 2.69.  Invocation command line was

  CONFIG_FILES    = 
  CONFIG_HEADERS  = 
  CONFIG_LINKS    = 
  CONFIG_COMMANDS = 
  $ ./config.status 

on maqiyuan-E430c

config.status:904: creating Makefile
config.status:904: creating include/zzip/Makefile
config.status:904: creating config.h
config.status:1133: executing depfiles commands
config.status:1133: executing include/zzip/_config.h commands
config.status:1264: creating include/zzip/_config.h - prefix ZZIP for config.h defines
config.status:1133: executing include/zzip/_msvc.h commands
config.status:1354: creating include/zzip/_msvc.h - prefix ZZIP for include/_msvc.in defines

## ---------------- ##
## Cache variables. ##
## ---------------- ##

ac_cv_build=x86_64-pc-linux-gnu
ac_cv_c_bigendian=no
ac_cv_c_compiler_gnu=yes
ac_cv_c_const=yes
ac_cv_c_inline=inline
ac_cv_c_restrict=__restrict
ac_cv_env_CC_set=
ac_cv_env_CC_value=
ac_cv_env_CFLAGS_set=
ac_cv_env_CFLAGS_value=
ac_cv_env_CPPFLAGS_set=
ac_cv_env_CPPFLAGS_value=
ac_cv_env_CPP_set=
ac_cv_env_CPP_value=
ac_cv_env_LDFLAGS_set=
ac_cv_env_LDFLAGS_value=
ac_cv_env_LIBS_set=
ac_cv_env_LIBS_value=
ac_cv_env_build_alias_set=
ac_cv_env_build_alias_value=
ac_cv_env_host_alias_set=
ac_cv_env_host_alias_value=
ac_cv_env_target_alias_set=
ac_cv_env_target_alias_value=
ac_cv_func_strcasecmp=yes
ac_cv_func_strndup=yes
ac_cv_func_zlibVersion=yes
ac_cv_header_byteswap_h=yes
ac_cv_header_direct_h=no
ac_cv_header_dirent_dirent_h=yes
ac_cv_header_fnmatch_h=yes
ac_cv_header_inttypes_h=yes
ac_cv_header_io_h=no
ac_cv_header_memory_h=yes
ac_cv_header_stdc=yes
ac_cv_header_stdint_h=yes
ac_cv_header_stdlib_h=yes
ac_cv_header_string_h=yes
ac_cv_header_strings_h=yes
ac_cv_header_sys_int_types_h=no
ac_cv_header_sys_mman_h=yes
ac_cv_header_sys_param_h=yes
ac_cv_header_sys_stat_h=yes
ac_cv_header_sys_types_h=yes
ac_cv_header_unistd_h=yes
ac_cv_header_winbase_h=no
ac_cv_header_windows_h=no
ac_cv_header_winnt_h=no
ac_cv_header_zlib_h=yes
ac_cv_host=x86_64-pc-linux-gnu
ac_cv_objext=o
ac_cv_path_EGREP='/bin/grep -E'
ac_cv_path_GREP=/bin/grep
ac_cv_path_install='/usr/bin/install -c'
ac_cv_path_mkdir=/bin/mkdir
ac_cv_prog_AWK=gawk
ac_cv_prog_CPP='gcc -E'
ac_cv_prog_ac_ct_CC=gcc
ac_cv_prog_ac_ct_RANLIB=ranlib
ac_cv_prog_cc_c89=
ac_cv_prog_cc_g=yes
ac_cv_prog_make_make_set=yes
ac_cv_search_opendir='none required'
ac_cv_sizeof_int=4
ac_cv_sizeof_long=8
ac_cv_sizeof_short=2
ac_cv_sys_file_offset_bits=no
ac_cv_sys_largefile_CC=no
ac_cv_sys_largefile_sensitive=no
ac_cv_sys_largefile_source=no
ac_cv_type___int64=no
ac_cv_type_off64_t=no
ac_cv_type_size_t=yes
ac_cv_type_ssize_t=yes
am_cv_CC_dependencies_compiler_type=gcc3
am_cv_make_support_nested_variables=yes
am_cv_prog_cc_c_o=yes
kb_cv_c_prototypes=yes
kpse_cv_have_decl_z_const=yes
kpse_cv_visibility_cflags=-fvisibility=hidden
kpse_cv_warning_cflags='-Wimplicit -Wreturn-type -Wdeclaration-after-statement -Wno-unknown-pragmas'
zziplib_cv_aligned_access=no

## ----------------- ##
## Output variables. ##
## ----------------- ##

	cd ${top_builddir}/../../libs/zlib && $(MAKE) $(AM_MAKEFLAGS) rebuild
	cd ${top_builddir}/../../libs/zlib && $(MAKE) $(AM_MAKEFLAGS) rebuild'
$(ZLIB_DEPEND): ${top_builddir}/../../libs/zlib/include/zconf.h
${top_builddir}/../../libs/zlib/include/zconf.h:
ACLOCAL='${SHELL} /home/maqiyuan/Desktop/texlive-upstream/build-aux/missing aclocal-1.15'
AMDEPBACKSLASH='\'
AMDEP_FALSE='#'
AMDEP_TRUE=''
AMTAR='$${TAR-tar}'
AM_BACKSLASH='\'
AM_DEFAULT_V='$(AM_DEFAULT_VERBOSITY)'
AM_DEFAULT_VERBOSITY='1'
AM_V='$(V)'
AUTOCONF='${SHELL} /home/maqiyuan/Desktop/texlive-upstream/build-aux/missing autoconf'
AUTOHEADER='${SHELL} /home/maqiyuan/Desktop/texlive-upstream/build-aux/missing autoheader'
AUTOMAKE='${SHELL} /home/maqiyuan/Desktop/texlive-upstream/build-aux/missing automake-1.15'
AWK='gawk'
CC='gcc'
CCDEPMODE='depmode=gcc3'
CFLAGS='-g -O2'
CPP='gcc -E'
CPPFLAGS=''
CYGPATH_W='echo'
DEFS='-DHAVE_CONFIG_H'
DEPDIR='.deps'
ECHO_C=''
ECHO_N='-n'
ECHO_T=''
EGREP='/bin/grep -E'
EXEEXT=''
GREP='/bin/grep'
INSTALL_DATA='${INSTALL} -m 644'
INSTALL_PROGRAM='${INSTALL}'
INSTALL_SCRIPT='${INSTALL}'
INSTALL_STRIP_PROGRAM='$(install_sh) -c -s'
LDFLAGS=''
LIBOBJS=''
LIBS=''
LN_S='ln -s'
LTLIBOBJS=''
MAINT='#'
MAINTAINER_MODE_FALSE=''
MAINTAINER_MODE_TRUE='#'
MAKEINFO='${SHELL} /home/maqiyuan/Desktop/texlive-upstream/build-aux/missing makeinfo'
MKDIR_P='/bin/mkdir -p'
OBJEXT='o'
PACKAGE='zziplib--tex-live-'
PACKAGE_BUGREPORT='tex-k@tug.org'
PACKAGE_NAME='zziplib (TeX Live)'
PACKAGE_STRING='zziplib (TeX Live) 0.13.62'
PACKAGE_TARNAME='zziplib--tex-live-'
PACKAGE_URL=''
PACKAGE_VERSION='0.13.62'
PATH_SEPARATOR=':'
RANLIB='ranlib'
SET_MAKE=''
SHELL='/bin/bash'
STRIP=''
VERSION='0.13.62'
VISIBILITY_CFLAGS='-fvisibility=hidden'
WARNING_CFLAGS='-Wimplicit -Wreturn-type -Wdeclaration-after-statement -Wno-unknown-pragmas'
ZLIB_DEPEND='${top_builddir}/../../libs/zlib/libz.a'
ZLIB_INCLUDES='-I/home/maqiyuan/Desktop/texlive-upstream/libs/zlib/include'
ZLIB_LIBS='/home/maqiyuan/Desktop/texlive-upstream/libs/zlib/libz.a'
ZLIB_RULE='# Rebuild libz
ZZIPLIB_DEFINES='-D_USE_MMAP'
ZZIPLIB_TREE='zziplib-src'
ac_ct_CC='gcc'
am__EXEEXT_FALSE=''
am__EXEEXT_TRUE='#'
am__fastdepCC_FALSE='#'
am__fastdepCC_TRUE=''
am__include='include'
am__isrc=''
am__leading_dot='.'
am__nodep='_no'
am__quote=''
am__tar='$${TAR-tar} chof - "$$tardir"'
am__untar='$${TAR-tar} xf -'
bindir='${exec_prefix}/bin/x86_64-pc-linux-gnu'
build='x86_64-pc-linux-gnu'
build_FALSE='#'
build_TRUE=''
build_alias=''
build_cpu='x86_64'
build_os='linux-gnu'
build_vendor='pc'
datadir='${datarootdir}'
datarootdir='${prefix}'
docdir='${datarootdir}/doc/${PACKAGE_TARNAME}'
dvidir='${docdir}'
exec_prefix='${prefix}'
host='x86_64-pc-linux-gnu'
host_alias=''
host_cpu='x86_64'
host_os='linux-gnu'
host_vendor='pc'
htmldir='${docdir}'
includedir='${prefix}/include'
infodir='${prefix}/texmf-dist/doc/info'
install_sh='${SHELL} /home/maqiyuan/Desktop/texlive-upstream/build-aux/install-sh'
libdir='${exec_prefix}/lib/x86_64-pc-linux-gnu'
libexecdir='${exec_prefix}/libexec'
localedir='${datarootdir}/locale'
localstatedir='${prefix}/var'
mandir='${prefix}/texmf-dist/doc/man'
mkdir_p='$(MKDIR_P)'
oldincludedir='/usr/include'
pdfdir='${docdir}'
prefix='/usr/local'
program_transform_name='s,x,x,'
psdir='${docdir}'
sbindir='${exec_prefix}/sbin'
sharedstatedir='${prefix}/com'
sysconfdir='${prefix}/etc'
target_alias=''

## ----------- ##
## confdefs.h. ##
## ----------- ##

/* confdefs.h */
#define PACKAGE_NAME "zziplib (TeX Live)"
#define PACKAGE_TARNAME "zziplib--tex-live-"
#define PACKAGE_VERSION "0.13.62"
#define PACKAGE_STRING "zziplib (TeX Live) 0.13.62"
#define PACKAGE_BUGREPORT "tex-k@tug.org"
#define PACKAGE_URL ""
#define PACKAGE "zziplib--tex-live-"
#define VERSION "0.13.62"
#define STDC_HEADERS 1
#define HAVE_DIRENT_H 1
#define HAVE_SYS_TYPES_H 1
#define HAVE_SYS_STAT_H 1
#define HAVE_STDLIB_H 1
#define HAVE_STRING_H 1
#define HAVE_MEMORY_H 1
#define HAVE_STRINGS_H 1
#define HAVE_INTTYPES_H 1
#define HAVE_STDINT_H 1
#define HAVE_UNISTD_H 1
#define HAVE_STDINT_H 1
#define HAVE_UNISTD_H 1
#define HAVE_SYS_TYPES_H 1
#define HAVE_SYS_MMAN_H 1
#define HAVE_SYS_STAT_H 1
#define HAVE_SYS_PARAM_H 1
#define HAVE_BYTESWAP_H 1
#define HAVE_FNMATCH_H 1
#define HAVE_FSEEKO 1
#define restrict __restrict
#define off64_t _zzip_off_t
#define __int64 long long
#define SIZEOF_SHORT 2
#define SIZEOF_INT 4
#define SIZEOF_LONG 8
#define HAVE_STRCASECMP 1
#define HAVE_STRNDUP 1
#define ZLIB_CONST 1
#define HAVE_ZLIB_H 1

configure: exit 0
