This file contains any messages produced by compilers while
running configure, to aid debugging if configure makes a mistake.

It was created by CJK utils (TeX Live) configure 4.8.4, which was
generated by GNU Autoconf 2.69.  Invocation command line was

  $ ./configure --disable-option-checking --prefix=/usr/local --enable-build-in-source-tree --enable-native-texlive-build --enable-largefile --disable-silent-rules --enable-multiplatform=yes --enable-cxx-runtime-hack=yes --enable-libtool-hack=yes --disable-shared --enable-texlive-build --bindir=${exec_prefix}/bin/x86_64-pc-linux-gnu --libdir=${exec_prefix}/lib/x86_64-pc-linux-gnu --with-x --enable-autosp=yes --enable-devnag=yes --enable-lacheck=yes --enable-m-tx=yes --enable-pmx=yes --enable-ps2eps=yes --enable-t1utils=yes --enable-texdoctk=yes --enable-tpic2pdftex=yes --enable-vlna=yes --enable-xindy=no --with-clisp-runtime=default --enable-xpdfopen=yes --enable-web2c=yes --enable-afm2pl=yes --enable-bibtex-x=yes --enable-chktex=yes --enable-cjkutils=yes --enable-detex=yes --enable-dtl=yes --enable-dvi2tty=yes --enable-dvidvi=yes --enable-dviljk=yes --enable-dvipdfm-x=yes --enable-dvipng=yes --enable-dvipos=yes --enable-dvipsk=yes --enable-dvisvgm=yes --enable-gregorio=yes --enable-gsftopk=yes --enable-lcdf-typetools=yes --enable-makeindexk=yes --enable-makejvf=yes --enable-mendexk=yes --enable-musixtnt=yes --enable-ps2pk=yes --enable-psutils=yes --enable-seetexk=yes --enable-tex4htk=yes --enable-ttf2pk2=yes --enable-ttfdump=yes --enable-upmendex=yes --enable-xdvik=yes --enable-texlive=yes --with-system-harfbuzz=no --with-system-icu=no --with-system-teckit=no --with-system-graphite2=no --with-system-zziplib=no --with-system-xpdf=no --with-system-poppler=no --with-system-mpfr=no --with-system-gmp=no --with-system-cairo=no --with-system-pixman=no --with-system-potrace=no --with-system-gd=no --with-system-freetype2=no --with-system-libpng=no --with-system-libpaper=no --with-system-zlib=no --with-system-ptexenc=no --with-system-kpathsea=no --datarootdir=${prefix} --mandir=${prefix}/texmf-dist/doc/man --infodir=${prefix}/texmf-dist/doc/info --cache-file=/dev/null --srcdir=.

## --------- ##
## Platform. ##
## --------- ##

hostname = maqiyuan-E430c
uname -m = x86_64
uname -r = 4.4.0-34-generic
uname -s = Linux
uname -v = #53-Ubuntu SMP Wed Jul 27 16:06:39 UTC 2016

/usr/bin/uname -p = unknown
/bin/uname -X     = unknown

/bin/arch              = unknown
/usr/bin/arch -k       = unknown
/usr/convex/getsysinfo = unknown
/usr/bin/hostinfo      = unknown
/bin/machine           = unknown
/usr/bin/oslevel       = unknown
/bin/universe          = unknown

PATH: /usr/local/sbin
PATH: /usr/local/bin
PATH: /usr/sbin
PATH: /usr/bin
PATH: /sbin
PATH: /bin
PATH: /usr/games
PATH: /usr/local/games
PATH: /snap/bin
PATH: /home/maqiyuan/bin/FDK/Tools/linux


## ----------- ##
## Core tests. ##
## ----------- ##

configure:2583: checking for a BSD-compatible install
configure:2651: result: /usr/bin/install -c
configure:2662: checking whether build environment is sane
configure:2717: result: yes
configure:2868: checking for a thread-safe mkdir -p
configure:2907: result: /bin/mkdir -p
configure:2914: checking for gawk
configure:2930: found /usr/bin/gawk
configure:2941: result: gawk
configure:2952: checking whether make sets $(MAKE)
configure:2974: result: yes
configure:3003: checking whether make supports nested variables
configure:3020: result: yes
configure:3043: checking for style of include used by make
configure:3071: result: GNU
configure:3142: checking for gcc
configure:3158: found /usr/bin/gcc
configure:3169: result: gcc
configure:3398: checking for C compiler version
configure:3407: gcc --version >&5
gcc (Ubuntu 5.4.0-6ubuntu1~16.04.1) 5.4.0 20160609
Copyright (C) 2015 Free Software Foundation, Inc.
This is free software; see the source for copying conditions.  There is NO
warranty; not even for MERCHANTABILITY or FITNESS FOR A PARTICULAR PURPOSE.

configure:3418: $? = 0
configure:3407: gcc -v >&5
Using built-in specs.
COLLECT_GCC=gcc
COLLECT_LTO_WRAPPER=/usr/lib/gcc/x86_64-linux-gnu/5/lto-wrapper
Target: x86_64-linux-gnu
Configured with: ../src/configure -v --with-pkgversion='Ubuntu 5.4.0-6ubuntu1~16.04.1' --with-bugurl=file:///usr/share/doc/gcc-5/README.Bugs --enable-languages=c,ada,c++,java,go,d,fortran,objc,obj-c++ --prefix=/usr --program-suffix=-5 --enable-shared --enable-linker-build-id --libexecdir=/usr/lib --without-included-gettext --enable-threads=posix --libdir=/usr/lib --enable-nls --with-sysroot=/ --enable-clocale=gnu --enable-libstdcxx-debug --enable-libstdcxx-time=yes --with-default-libstdcxx-abi=new --enable-gnu-unique-object --disable-vtable-verify --enable-libmpx --enable-plugin --with-system-zlib --disable-browser-plugin --enable-java-awt=gtk --enable-gtk-cairo --with-java-home=/usr/lib/jvm/java-1.5.0-gcj-5-amd64/jre --enable-java-home --with-jvm-root-dir=/usr/lib/jvm/java-1.5.0-gcj-5-amd64 --with-jvm-jar-dir=/usr/lib/jvm-exports/java-1.5.0-gcj-5-amd64 --with-arch-directory=amd64 --with-ecj-jar=/usr/share/java/eclipse-ecj.jar --enable-objc-gc --enable-multiarch --disable-werror --with-arch-32=i686 --with-abi=m64 --with-multilib-list=m32,m64,mx32 --enable-multilib --with-tune=generic --enable-checking=release --build=x86_64-linux-gnu --host=x86_64-linux-gnu --target=x86_64-linux-gnu
Thread model: posix
gcc version 5.4.0 20160609 (Ubuntu 5.4.0-6ubuntu1~16.04.1) 
configure:3418: $? = 0
configure:3407: gcc -V >&5
gcc: error: unrecognized command line option '-V'
gcc: fatal error: no input files
compilation terminated.
configure:3418: $? = 1
configure:3407: gcc -qversion >&5
gcc: error: unrecognized command line option '-qversion'
gcc: fatal error: no input files
compilation terminated.
configure:3418: $? = 1
configure:3438: checking whether the C compiler works
configure:3460: gcc    conftest.c  >&5
configure:3464: $? = 0
configure:3512: result: yes
configure:3515: checking for C compiler default output file name
configure:3517: result: a.out
configure:3523: checking for suffix of executables
configure:3530: gcc -o conftest    conftest.c  >&5
configure:3534: $? = 0
configure:3556: result: 
configure:3578: checking whether we are cross compiling
configure:3586: gcc -o conftest    conftest.c  >&5
configure:3590: $? = 0
configure:3597: ./conftest
configure:3601: $? = 0
configure:3616: result: no
configure:3621: checking for suffix of object files
configure:3643: gcc -c   conftest.c >&5
configure:3647: $? = 0
configure:3668: result: o
configure:3672: checking whether we are using the GNU C compiler
configure:3691: gcc -c   conftest.c >&5
configure:3691: $? = 0
configure:3700: result: yes
configure:3709: checking whether gcc accepts -g
configure:3729: gcc -c -g  conftest.c >&5
configure:3729: $? = 0
configure:3770: result: yes
configure:3787: checking for gcc option to accept ISO C89
configure:3850: gcc  -c -g -O2  conftest.c >&5
configure:3850: $? = 0
configure:3863: result: none needed
configure:3888: checking whether gcc understands -c and -o together
configure:3910: gcc -c conftest.c -o conftest2.o
configure:3913: $? = 0
configure:3910: gcc -c conftest.c -o conftest2.o
configure:3913: $? = 0
configure:3925: result: yes
configure:3944: checking dependency style of gcc
configure:4055: result: gcc3
configure:4115: checking build system type
configure:4129: result: x86_64-pc-linux-gnu
configure:4149: checking host system type
configure:4162: result: x86_64-pc-linux-gnu
configure:4203: checking how to print strings
configure:4230: result: printf
configure:4251: checking for a sed that does not truncate output
configure:4315: result: /bin/sed
configure:4333: checking for grep that handles long lines and -e
configure:4391: result: /bin/grep
configure:4396: checking for egrep
configure:4458: result: /bin/grep -E
configure:4463: checking for fgrep
configure:4525: result: /bin/grep -F
configure:4560: checking for ld used by gcc
configure:4627: result: /usr/bin/ld
configure:4634: checking if the linker (/usr/bin/ld) is GNU ld
configure:4649: result: yes
configure:4661: checking for BSD- or MS-compatible name lister (nm)
configure:4715: result: /usr/bin/nm -B
configure:4845: checking the name lister (/usr/bin/nm -B) interface
configure:4852: gcc -c -g -O2  conftest.c >&5
configure:4855: /usr/bin/nm -B "conftest.o"
configure:4858: output
0000000000000000 B some_variable
configure:4865: result: BSD nm
configure:4868: checking whether ln -s works
configure:4872: result: yes
configure:4880: checking the maximum length of command line arguments
configure:5011: result: 1572864
configure:5059: checking how to convert x86_64-pc-linux-gnu file names to x86_64-pc-linux-gnu format
configure:5099: result: func_convert_file_noop
configure:5106: checking how to convert x86_64-pc-linux-gnu file names to toolchain format
configure:5126: result: func_convert_file_noop
configure:5133: checking for /usr/bin/ld option to reload object files
configure:5140: result: -r
configure:5214: checking for objdump
configure:5230: found /usr/bin/objdump
configure:5241: result: objdump
configure:5270: checking how to recognize dependent libraries
configure:5470: result: pass_all
configure:5555: checking for dlltool
configure:5585: result: no
configure:5612: checking how to associate runtime and link libraries
configure:5639: result: printf %s\n
configure:5699: checking for ar
configure:5715: found /usr/bin/ar
configure:5726: result: ar
configure:5763: checking for archiver @FILE support
configure:5780: gcc -c -g -O2  conftest.c >&5
configure:5780: $? = 0
configure:5783: ar cru libconftest.a @conftest.lst >&5
ar: `u' modifier ignored since `D' is the default (see `U')
configure:5786: $? = 0
configure:5791: ar cru libconftest.a @conftest.lst >&5
ar: `u' modifier ignored since `D' is the default (see `U')
ar: conftest.o: No such file or directory
configure:5794: $? = 1
configure:5806: result: @
configure:5864: checking for strip
configure:5880: found /usr/bin/strip
configure:5891: result: strip
configure:5963: checking for ranlib
configure:5979: found /usr/bin/ranlib
configure:5990: result: ranlib
configure:6092: checking command to parse /usr/bin/nm -B output from gcc object
configure:6245: gcc -c -g -O2  conftest.c >&5
configure:6248: $? = 0
configure:6252: /usr/bin/nm -B conftest.o \| sed -n -e 's/^.*[ ]\([ABCDGIRSTW][ABCDGIRSTW]*\)[ ][ ]*\([_A-Za-z][_A-Za-z0-9]*\)$/\1 \2 \2/p' | sed '/ __gnu_lto/d' \> conftest.nm
configure:6255: $? = 0
configure:6321: gcc -o conftest -g -O2   conftest.c conftstm.o >&5
configure:6324: $? = 0
configure:6362: result: ok
configure:6409: checking for sysroot
configure:6439: result: no
configure:6446: checking for a working dd
configure:6484: result: /bin/dd
configure:6488: checking how to truncate binary pipes
configure:6503: result: /bin/dd bs=4096 count=1
configure:6639: gcc -c -g -O2  conftest.c >&5
configure:6642: $? = 0
configure:6832: checking for mt
configure:6848: found /bin/mt
configure:6859: result: mt
configure:6882: checking if mt is a manifest tool
configure:6888: mt '-?'
configure:6896: result: no
configure:7573: checking how to run the C preprocessor
configure:7604: gcc -E  conftest.c
configure:7604: $? = 0
configure:7618: gcc -E  conftest.c
conftest.c:9:28: fatal error: ac_nonexistent.h: No such file or directory
compilation terminated.
configure:7618: $? = 1
configure: failed program was:
| /* confdefs.h */
| #define PACKAGE_NAME "CJK utils (TeX Live)"
| #define PACKAGE_TARNAME "cjk-utils--tex-live-"
| #define PACKAGE_VERSION "4.8.4"
| #define PACKAGE_STRING "CJK utils (TeX Live) 4.8.4"
| #define PACKAGE_BUGREPORT "tex-k@tug.org"
| #define PACKAGE_URL ""
| /* end confdefs.h.  */
| #include <ac_nonexistent.h>
configure:7643: result: gcc -E
configure:7663: gcc -E  conftest.c
configure:7663: $? = 0
configure:7677: gcc -E  conftest.c
conftest.c:9:28: fatal error: ac_nonexistent.h: No such file or directory
compilation terminated.
configure:7677: $? = 1
configure: failed program was:
| /* confdefs.h */
| #define PACKAGE_NAME "CJK utils (TeX Live)"
| #define PACKAGE_TARNAME "cjk-utils--tex-live-"
| #define PACKAGE_VERSION "4.8.4"
| #define PACKAGE_STRING "CJK utils (TeX Live) 4.8.4"
| #define PACKAGE_BUGREPORT "tex-k@tug.org"
| #define PACKAGE_URL ""
| /* end confdefs.h.  */
| #include <ac_nonexistent.h>
configure:7706: checking for ANSI C header files
configure:7726: gcc -c -g -O2  conftest.c >&5
configure:7726: $? = 0
configure:7799: gcc -o conftest -g -O2   conftest.c  >&5
configure:7799: $? = 0
configure:7799: ./conftest
configure:7799: $? = 0
configure:7810: result: yes
configure:7823: checking for sys/types.h
configure:7823: gcc -c -g -O2  conftest.c >&5
configure:7823: $? = 0
configure:7823: result: yes
configure:7823: checking for sys/stat.h
configure:7823: gcc -c -g -O2  conftest.c >&5
configure:7823: $? = 0
configure:7823: result: yes
configure:7823: checking for stdlib.h
configure:7823: gcc -c -g -O2  conftest.c >&5
configure:7823: $? = 0
configure:7823: result: yes
configure:7823: checking for string.h
configure:7823: gcc -c -g -O2  conftest.c >&5
configure:7823: $? = 0
configure:7823: result: yes
configure:7823: checking for memory.h
configure:7823: gcc -c -g -O2  conftest.c >&5
configure:7823: $? = 0
configure:7823: result: yes
configure:7823: checking for strings.h
configure:7823: gcc -c -g -O2  conftest.c >&5
configure:7823: $? = 0
configure:7823: result: yes
configure:7823: checking for inttypes.h
configure:7823: gcc -c -g -O2  conftest.c >&5
configure:7823: $? = 0
configure:7823: result: yes
configure:7823: checking for stdint.h
configure:7823: gcc -c -g -O2  conftest.c >&5
configure:7823: $? = 0
configure:7823: result: yes
configure:7823: checking for unistd.h
configure:7823: gcc -c -g -O2  conftest.c >&5
configure:7823: $? = 0
configure:7823: result: yes
configure:7837: checking for dlfcn.h
configure:7837: gcc -c -g -O2  conftest.c >&5
configure:7837: $? = 0
configure:7837: result: yes
configure:7956: checking whether to enable maintainer-specific portions of Makefiles
configure:7965: result: no
configure:7978: checking whether the compiler accepts prototypes
configure:7994: gcc -o conftest -g -O2   conftest.c  >&5
configure:7994: $? = 0
configure:8002: result: yes
configure:8007: checking what warning flags to pass to the C compiler
configure:8052: result: -Wimplicit -Wreturn-type -Wdeclaration-after-statement -Wno-unknown-pragmas
configure:8606: checking for objdir
configure:8621: result: .libs
configure:8885: checking if gcc supports -fno-rtti -fno-exceptions
configure:8903: gcc -c -g -O2  -fno-rtti -fno-exceptions conftest.c >&5
cc1: warning: command line option '-fno-rtti' is valid for C++/ObjC++ but not for C
configure:8907: $? = 0
configure:8920: result: no
configure:9278: checking for gcc option to produce PIC
configure:9285: result: -fPIC -DPIC
configure:9293: checking if gcc PIC flag -fPIC -DPIC works
configure:9311: gcc -c -g -O2  -fPIC -DPIC -DPIC conftest.c >&5
configure:9315: $? = 0
configure:9328: result: yes
configure:9357: checking if gcc static flag -static works
configure:9385: result: yes
configure:9400: checking if gcc supports -c -o file.o
configure:9421: gcc -c -g -O2  -o out/conftest2.o conftest.c >&5
configure:9425: $? = 0
configure:9447: result: yes
configure:9455: checking if gcc supports -c -o file.o
configure:9502: result: yes
configure:9535: checking whether the gcc linker (/usr/bin/ld -m elf_x86_64) supports shared libraries
configure:10794: result: yes
configure:11034: checking dynamic linker characteristics
configure:11615: gcc -o conftest -g -O2   -Wl,-rpath -Wl,/foo conftest.c  >&5
configure:11615: $? = 0
configure:11852: result: GNU/Linux ld.so
configure:11974: checking how to hardcode library paths into programs
configure:11999: result: immediate
configure:12547: checking whether stripping libraries is possible
configure:12552: result: yes
configure:12587: checking if libtool supports shared libraries
configure:12589: result: yes
configure:12592: checking whether to build shared libraries
configure:12617: result: no
configure:12620: checking whether to build static libraries
configure:12624: result: yes
configure:12668: checking for special C compiler options needed for large files
configure:12713: result: no
configure:12719: checking for _FILE_OFFSET_BITS value needed for large files
configure:12744: gcc -c -g -O2  conftest.c >&5
configure:12744: $? = 0
configure:12776: result: no
configure:12861: checking for _LARGEFILE_SOURCE value needed for large files
configure:12880: gcc -o conftest -g -O2   conftest.c  >&5
configure:12880: $? = 0
configure:12908: result: no
configure:12932: checking for dirent.h that defines DIR
configure:12951: gcc -c -g -O2  conftest.c >&5
configure:12951: $? = 0
configure:12959: result: yes
configure:12972: checking for library containing opendir
configure:13003: gcc -o conftest -g -O2   conftest.c  >&5
configure:13003: $? = 0
configure:13020: result: none required
configure:13087: checking for ANSI C header files
configure:13191: result: yes
configure:13199: checking whether closedir returns void
configure:13223: gcc -o conftest -g -O2   conftest.c  >&5
configure:13223: $? = 0
configure:13223: ./conftest
configure:13223: $? = 0
configure:13233: result: no
configure:13244: checking assert.h usability
configure:13244: gcc -c -g -O2  conftest.c >&5
configure:13244: $? = 0
configure:13244: result: yes
configure:13244: checking assert.h presence
configure:13244: gcc -E  conftest.c
configure:13244: $? = 0
configure:13244: result: yes
configure:13244: checking for assert.h
configure:13244: result: yes
configure:13244: checking float.h usability
configure:13244: gcc -c -g -O2  conftest.c >&5
configure:13244: $? = 0
configure:13244: result: yes
configure:13244: checking float.h presence
configure:13244: gcc -E  conftest.c
configure:13244: $? = 0
configure:13244: result: yes
configure:13244: checking for float.h
configure:13244: result: yes
configure:13244: checking limits.h usability
configure:13244: gcc -c -g -O2  conftest.c >&5
configure:13244: $? = 0
configure:13244: result: yes
configure:13244: checking limits.h presence
configure:13244: gcc -E  conftest.c
configure:13244: $? = 0
configure:13244: result: yes
configure:13244: checking for limits.h
configure:13244: result: yes
configure:13244: checking pwd.h usability
configure:13244: gcc -c -g -O2  conftest.c >&5
configure:13244: $? = 0
configure:13244: result: yes
configure:13244: checking pwd.h presence
configure:13244: gcc -E  conftest.c
configure:13244: $? = 0
configure:13244: result: yes
configure:13244: checking for pwd.h
configure:13244: result: yes
configure:13244: checking for stdlib.h
configure:13244: result: yes
configure:13244: checking sys/param.h usability
configure:13244: gcc -c -g -O2  conftest.c >&5
configure:13244: $? = 0
configure:13244: result: yes
configure:13244: checking sys/param.h presence
configure:13244: gcc -E  conftest.c
configure:13244: $? = 0
configure:13244: result: yes
configure:13244: checking for sys/param.h
configure:13244: result: yes
configure:13256: checking for putenv
configure:13256: gcc -o conftest -g -O2   conftest.c  >&5
configure:13256: $? = 0
configure:13256: result: yes
configure:13268: checking for getcwd
configure:13268: gcc -o conftest -g -O2   conftest.c  >&5
configure:13268: $? = 0
configure:13268: result: yes
configure:13268: checking for getwd
configure:13268: gcc -o conftest -g -O2   conftest.c  >&5
/tmp/cc5BZwjM.o: In function `main':
/home/maqiyuan/Desktop/texlive-upstream/texk/cjkutils/conftest.c:66: warning: the `getwd' function is dangerous and should not be used.
configure:13268: $? = 0
configure:13268: result: yes
configure:13268: checking for memcmp
configure:13268: gcc -o conftest -g -O2   conftest.c  >&5
conftest.c:56:6: warning: conflicting types for built-in function 'memcmp'
 char memcmp ();
      ^
configure:13268: $? = 0
configure:13268: result: yes
configure:13268: checking for memcpy
configure:13268: gcc -o conftest -g -O2   conftest.c  >&5
conftest.c:57:6: warning: conflicting types for built-in function 'memcpy'
 char memcpy ();
      ^
configure:13268: $? = 0
configure:13268: result: yes
configure:13268: checking for mkstemp
configure:13268: gcc -o conftest -g -O2   conftest.c  >&5
configure:13268: $? = 0
configure:13268: result: yes
configure:13268: checking for mktemp
configure:13268: gcc -o conftest -g -O2   conftest.c  >&5
/tmp/ccfEf3wd.o: In function `main':
/home/maqiyuan/Desktop/texlive-upstream/texk/cjkutils/conftest.c:70: warning: the use of `mktemp' is dangerous, better use `mkstemp' or `mkdtemp'
configure:13268: $? = 0
configure:13268: result: yes
configure:13268: checking for strchr
configure:13268: gcc -o conftest -g -O2   conftest.c  >&5
conftest.c:60:6: warning: conflicting types for built-in function 'strchr'
 char strchr ();
      ^
configure:13268: $? = 0
configure:13268: result: yes
configure:13268: checking for strrchr
configure:13268: gcc -o conftest -g -O2   conftest.c  >&5
conftest.c:61:6: warning: conflicting types for built-in function 'strrchr'
 char strrchr ();
      ^
configure:13268: $? = 0
configure:13268: result: yes
configure:13277: checking for an ANSI C-conforming const
configure:13343: gcc -c -g -O2  conftest.c >&5
configure:13343: $? = 0
configure:13350: result: yes
configure:13358: checking for inline
configure:13374: gcc -c -g -O2  conftest.c >&5
configure:13374: $? = 0
configure:13382: result: inline
configure:13400: checking for size_t
configure:13400: gcc -c -g -O2  conftest.c >&5
configure:13400: $? = 0
configure:13400: gcc -c -g -O2  conftest.c >&5
conftest.c: In function 'main':
conftest.c:75:21: error: expected expression before ')' token
 if (sizeof ((size_t)))
                     ^
configure:13400: $? = 1
configure: failed program was:
| /* confdefs.h */
| #define PACKAGE_NAME "CJK utils (TeX Live)"
| #define PACKAGE_TARNAME "cjk-utils--tex-live-"
| #define PACKAGE_VERSION "4.8.4"
| #define PACKAGE_STRING "CJK utils (TeX Live) 4.8.4"
| #define PACKAGE_BUGREPORT "tex-k@tug.org"
| #define PACKAGE_URL ""
| #define STDC_HEADERS 1
| #define HAVE_SYS_TYPES_H 1
| #define HAVE_SYS_STAT_H 1
| #define HAVE_STDLIB_H 1
| #define HAVE_STRING_H 1
| #define HAVE_MEMORY_H 1
| #define HAVE_STRINGS_H 1
| #define HAVE_INTTYPES_H 1
| #define HAVE_STDINT_H 1
| #define HAVE_UNISTD_H 1
| #define HAVE_DLFCN_H 1
| #define LT_OBJDIR ".libs/"
| #define HAVE_FSEEKO 1
| #define HAVE_DIRENT_H 1
| #define STDC_HEADERS 1
| #define HAVE_ASSERT_H 1
| #define HAVE_FLOAT_H 1
| #define HAVE_LIMITS_H 1
| #define HAVE_PWD_H 1
| #define HAVE_STDLIB_H 1
| #define HAVE_SYS_PARAM_H 1
| #define HAVE_PUTENV 1
| #define HAVE_GETCWD 1
| #define HAVE_GETWD 1
| #define HAVE_MEMCMP 1
| #define HAVE_MEMCPY 1
| #define HAVE_MKSTEMP 1
| #define HAVE_MKTEMP 1
| #define HAVE_STRCHR 1
| #define HAVE_STRRCHR 1
| /* end confdefs.h.  */
| #include <stdio.h>
| #ifdef HAVE_SYS_TYPES_H
| # include <sys/types.h>
| #endif
| #ifdef HAVE_SYS_STAT_H
| # include <sys/stat.h>
| #endif
| #ifdef STDC_HEADERS
| # include <stdlib.h>
| # include <stddef.h>
| #else
| # ifdef HAVE_STDLIB_H
| #  include <stdlib.h>
| # endif
| #endif
| #ifdef HAVE_STRING_H
| # if !defined STDC_HEADERS && defined HAVE_MEMORY_H
| #  include <memory.h>
| # endif
| # include <string.h>
| #endif
| #ifdef HAVE_STRINGS_H
| # include <strings.h>
| #endif
| #ifdef HAVE_INTTYPES_H
| # include <inttypes.h>
| #endif
| #ifdef HAVE_STDINT_H
| # include <stdint.h>
| #endif
| #ifdef HAVE_UNISTD_H
| # include <unistd.h>
| #endif
| int
| main ()
| {
| if (sizeof ((size_t)))
| 	    return 0;
|   ;
|   return 0;
| }
configure:13400: result: yes
configure:13411: checking for int64_t
configure:13411: gcc -c -g -O2  conftest.c >&5
configure:13411: $? = 0
configure:13411: gcc -c -g -O2  conftest.c >&5
conftest.c: In function 'main':
conftest.c:77:53: warning: integer overflow in expression [-Woverflow]
    < (int64_t) (((((int64_t) 1 << N) << N) - 1) * 2 + 2))];
                                                     ^
conftest.c:76:12: error: storage size of 'test_array' isn't constant
 static int test_array [1 - 2 * !((int64_t) (((((int64_t) 1 << N) << N) - 1) * 2 + 1)
            ^
configure:13411: $? = 1
configure: failed program was:
| /* confdefs.h */
| #define PACKAGE_NAME "CJK utils (TeX Live)"
| #define PACKAGE_TARNAME "cjk-utils--tex-live-"
| #define PACKAGE_VERSION "4.8.4"
| #define PACKAGE_STRING "CJK utils (TeX Live) 4.8.4"
| #define PACKAGE_BUGREPORT "tex-k@tug.org"
| #define PACKAGE_URL ""
| #define STDC_HEADERS 1
| #define HAVE_SYS_TYPES_H 1
| #define HAVE_SYS_STAT_H 1
| #define HAVE_STDLIB_H 1
| #define HAVE_STRING_H 1
| #define HAVE_MEMORY_H 1
| #define HAVE_STRINGS_H 1
| #define HAVE_INTTYPES_H 1
| #define HAVE_STDINT_H 1
| #define HAVE_UNISTD_H 1
| #define HAVE_DLFCN_H 1
| #define LT_OBJDIR ".libs/"
| #define HAVE_FSEEKO 1
| #define HAVE_DIRENT_H 1
| #define STDC_HEADERS 1
| #define HAVE_ASSERT_H 1
| #define HAVE_FLOAT_H 1
| #define HAVE_LIMITS_H 1
| #define HAVE_PWD_H 1
| #define HAVE_STDLIB_H 1
| #define HAVE_SYS_PARAM_H 1
| #define HAVE_PUTENV 1
| #define HAVE_GETCWD 1
| #define HAVE_GETWD 1
| #define HAVE_MEMCMP 1
| #define HAVE_MEMCPY 1
| #define HAVE_MKSTEMP 1
| #define HAVE_MKTEMP 1
| #define HAVE_STRCHR 1
| #define HAVE_STRRCHR 1
| /* end confdefs.h.  */
| #include <stdio.h>
| #ifdef HAVE_SYS_TYPES_H
| # include <sys/types.h>
| #endif
| #ifdef HAVE_SYS_STAT_H
| # include <sys/stat.h>
| #endif
| #ifdef STDC_HEADERS
| # include <stdlib.h>
| # include <stddef.h>
| #else
| # ifdef HAVE_STDLIB_H
| #  include <stdlib.h>
| # endif
| #endif
| #ifdef HAVE_STRING_H
| # if !defined STDC_HEADERS && defined HAVE_MEMORY_H
| #  include <memory.h>
| # endif
| # include <string.h>
| #endif
| #ifdef HAVE_STRINGS_H
| # include <strings.h>
| #endif
| #ifdef HAVE_INTTYPES_H
| # include <inttypes.h>
| #endif
| #ifdef HAVE_STDINT_H
| # include <stdint.h>
| #endif
| #ifdef HAVE_UNISTD_H
| # include <unistd.h>
| #endif
| 	        enum { N = 64 / 2 - 1 };
| int
| main ()
| {
| static int test_array [1 - 2 * !((int64_t) (((((int64_t) 1 << N) << N) - 1) * 2 + 1)
| 		 < (int64_t) (((((int64_t) 1 << N) << N) - 1) * 2 + 2))];
| test_array [0] = 0;
| return test_array [0];
| 
|   ;
|   return 0;
| }
configure:13411: result: yes
configure:13422: checking for uint64_t
configure:13422: gcc -c -g -O2  conftest.c >&5
configure:13422: $? = 0
configure:13422: result: yes
configure:13442: checking whether isascii is declared
configure:13442: gcc -c -g -O2  conftest.c >&5
configure:13442: $? = 0
configure:13442: result: yes
configure:13454: checking for struct stat.st_mtim
configure:13454: gcc -c -g -O2  conftest.c >&5
conftest.c: In function 'main':
conftest.c:77:5: error: used struct type value where scalar is required
 if (ac_aggr.st_mtim)
     ^
configure:13454: $? = 1
configure: failed program was:
| /* confdefs.h */
| #define PACKAGE_NAME "CJK utils (TeX Live)"
| #define PACKAGE_TARNAME "cjk-utils--tex-live-"
| #define PACKAGE_VERSION "4.8.4"
| #define PACKAGE_STRING "CJK utils (TeX Live) 4.8.4"
| #define PACKAGE_BUGREPORT "tex-k@tug.org"
| #define PACKAGE_URL ""
| #define STDC_HEADERS 1
| #define HAVE_SYS_TYPES_H 1
| #define HAVE_SYS_STAT_H 1
| #define HAVE_STDLIB_H 1
| #define HAVE_STRING_H 1
| #define HAVE_MEMORY_H 1
| #define HAVE_STRINGS_H 1
| #define HAVE_INTTYPES_H 1
| #define HAVE_STDINT_H 1
| #define HAVE_UNISTD_H 1
| #define HAVE_DLFCN_H 1
| #define LT_OBJDIR ".libs/"
| #define HAVE_FSEEKO 1
| #define HAVE_DIRENT_H 1
| #define STDC_HEADERS 1
| #define HAVE_ASSERT_H 1
| #define HAVE_FLOAT_H 1
| #define HAVE_LIMITS_H 1
| #define HAVE_PWD_H 1
| #define HAVE_STDLIB_H 1
| #define HAVE_SYS_PARAM_H 1
| #define HAVE_PUTENV 1
| #define HAVE_GETCWD 1
| #define HAVE_GETWD 1
| #define HAVE_MEMCMP 1
| #define HAVE_MEMCPY 1
| #define HAVE_MKSTEMP 1
| #define HAVE_MKTEMP 1
| #define HAVE_STRCHR 1
| #define HAVE_STRRCHR 1
| #define HAVE_DECL_ISASCII 1
| /* end confdefs.h.  */
| #include <stdio.h>
| #ifdef HAVE_SYS_TYPES_H
| # include <sys/types.h>
| #endif
| #ifdef HAVE_SYS_STAT_H
| # include <sys/stat.h>
| #endif
| #ifdef STDC_HEADERS
| # include <stdlib.h>
| # include <stddef.h>
| #else
| # ifdef HAVE_STDLIB_H
| #  include <stdlib.h>
| # endif
| #endif
| #ifdef HAVE_STRING_H
| # if !defined STDC_HEADERS && defined HAVE_MEMORY_H
| #  include <memory.h>
| # endif
| # include <string.h>
| #endif
| #ifdef HAVE_STRINGS_H
| # include <strings.h>
| #endif
| #ifdef HAVE_INTTYPES_H
| # include <inttypes.h>
| #endif
| #ifdef HAVE_STDINT_H
| # include <stdint.h>
| #endif
| #ifdef HAVE_UNISTD_H
| # include <unistd.h>
| #endif
| int
| main ()
| {
| static struct stat ac_aggr;
| if (ac_aggr.st_mtim)
| return 0;
|   ;
|   return 0;
| }
configure:13454: gcc -c -g -O2  conftest.c >&5
configure:13454: $? = 0
configure:13454: result: yes
configure:13472: checking whether struct tm is in sys/time.h or time.h
configure:13492: gcc -c -g -O2  conftest.c >&5
configure:13492: $? = 0
configure:13499: result: time.h
configure:13510: checking for vprintf
configure:13510: gcc -o conftest -g -O2   conftest.c  >&5
conftest.c:64:6: warning: conflicting types for built-in function 'vprintf'
 char vprintf ();
      ^
configure:13510: $? = 0
configure:13510: result: yes
configure:13516: checking for _doprnt
configure:13516: gcc -o conftest -g -O2   conftest.c  >&5
/tmp/cco1avue.o: In function `main':
/home/maqiyuan/Desktop/texlive-upstream/texk/cjkutils/conftest.c:76: undefined reference to `_doprnt'
collect2: error: ld returned 1 exit status
configure:13516: $? = 1
configure: failed program was:
| /* confdefs.h */
| #define PACKAGE_NAME "CJK utils (TeX Live)"
| #define PACKAGE_TARNAME "cjk-utils--tex-live-"
| #define PACKAGE_VERSION "4.8.4"
| #define PACKAGE_STRING "CJK utils (TeX Live) 4.8.4"
| #define PACKAGE_BUGREPORT "tex-k@tug.org"
| #define PACKAGE_URL ""
| #define STDC_HEADERS 1
| #define HAVE_SYS_TYPES_H 1
| #define HAVE_SYS_STAT_H 1
| #define HAVE_STDLIB_H 1
| #define HAVE_STRING_H 1
| #define HAVE_MEMORY_H 1
| #define HAVE_STRINGS_H 1
| #define HAVE_INTTYPES_H 1
| #define HAVE_STDINT_H 1
| #define HAVE_UNISTD_H 1
| #define HAVE_DLFCN_H 1
| #define LT_OBJDIR ".libs/"
| #define HAVE_FSEEKO 1
| #define HAVE_DIRENT_H 1
| #define STDC_HEADERS 1
| #define HAVE_ASSERT_H 1
| #define HAVE_FLOAT_H 1
| #define HAVE_LIMITS_H 1
| #define HAVE_PWD_H 1
| #define HAVE_STDLIB_H 1
| #define HAVE_SYS_PARAM_H 1
| #define HAVE_PUTENV 1
| #define HAVE_GETCWD 1
| #define HAVE_GETWD 1
| #define HAVE_MEMCMP 1
| #define HAVE_MEMCPY 1
| #define HAVE_MKSTEMP 1
| #define HAVE_MKTEMP 1
| #define HAVE_STRCHR 1
| #define HAVE_STRRCHR 1
| #define HAVE_DECL_ISASCII 1
| #define HAVE_STRUCT_STAT_ST_MTIM 1
| #define HAVE_VPRINTF 1
| /* end confdefs.h.  */
| /* Define _doprnt to an innocuous variant, in case <limits.h> declares _doprnt.
|    For example, HP-UX 11i <limits.h> declares gettimeofday.  */
| #define _doprnt innocuous__doprnt
| 
| /* System header to define __stub macros and hopefully few prototypes,
|     which can conflict with char _doprnt (); below.
|     Prefer <limits.h> to <assert.h> if __STDC__ is defined, since
|     <limits.h> exists even on freestanding compilers.  */
| 
| #ifdef __STDC__
| # include <limits.h>
| #else
| # include <assert.h>
| #endif
| 
| #undef _doprnt
| 
| /* Override any GCC internal prototype to avoid an error.
|    Use char because int might match the return type of a GCC
|    builtin and then its argument prototype would still apply.  */
| #ifdef __cplusplus
| extern "C"
| #endif
| char _doprnt ();
| /* The GNU C library defines this for functions which it implements
|     to always fail with ENOSYS.  Some functions are actually named
|     something starting with __ and the normal name is an alias.  */
| #if defined __stub__doprnt || defined __stub____doprnt
| choke me
| #endif
| 
| int
| main ()
| {
| return _doprnt ();
|   ;
|   return 0;
| }
configure:13516: result: no
configure:13542: creating ./config.lt

## ------------------ ##
## Running config.lt. ##
## ------------------ ##
config.lt:628: creating libtool
configure:14883: checking for pkg-config
configure:14899: found /usr/bin/pkg-config
configure:14910: result: pkg-config
configure:14956: checking if libkpathsea supports debugging
configure:14975: ./libtool --mode=link --tag=CC gcc -o conftest -g -O2 -I/home/maqiyuan/Desktop/texlive-upstream/texk -I/home/maqiyuan/Desktop/texlive-upstream/texk   conftest.c /home/maqiyuan/Desktop/texlive-upstream/texk/kpathsea/libkpathsea.la  >&5
libtool: link: gcc -o conftest -g -O2 -I/home/maqiyuan/Desktop/texlive-upstream/texk -I/home/maqiyuan/Desktop/texlive-upstream/texk conftest.c  /home/maqiyuan/Desktop/texlive-upstream/texk/kpathsea/.libs/libkpathsea.a
configure:14975: $? = 0
configure:14986: result: yes
configure:14998: checking kpathsea/version.h usability
configure:14998: gcc -c -g -O2 -I/home/maqiyuan/Desktop/texlive-upstream/texk -I/home/maqiyuan/Desktop/texlive-upstream/texk  conftest.c >&5
configure:14998: $? = 0
configure:14998: result: yes
configure:14998: checking kpathsea/version.h presence
configure:14998: gcc -E -I/home/maqiyuan/Desktop/texlive-upstream/texk -I/home/maqiyuan/Desktop/texlive-upstream/texk  conftest.c
configure:14998: $? = 0
configure:14998: result: yes
configure:14998: checking for kpathsea/version.h
configure:14998: result: yes
configure:15161: checking for native WIN32 or MINGW32
configure:15179: gcc -c -g -O2  conftest.c >&5
conftest.c:43:3: error: unknown type name 'choke'
   choke me
   ^
conftest.c:45:1: error: expected '=', ',', ';', 'asm' or '__attribute__' before 'int'
 int
 ^
configure:15179: $? = 1
configure: failed program was:
| /* confdefs.h */
| #define PACKAGE_NAME "CJK utils (TeX Live)"
| #define PACKAGE_TARNAME "cjk-utils--tex-live-"
| #define PACKAGE_VERSION "4.8.4"
| #define PACKAGE_STRING "CJK utils (TeX Live) 4.8.4"
| #define PACKAGE_BUGREPORT "tex-k@tug.org"
| #define PACKAGE_URL ""
| #define STDC_HEADERS 1
| #define HAVE_SYS_TYPES_H 1
| #define HAVE_SYS_STAT_H 1
| #define HAVE_STDLIB_H 1
| #define HAVE_STRING_H 1
| #define HAVE_MEMORY_H 1
| #define HAVE_STRINGS_H 1
| #define HAVE_INTTYPES_H 1
| #define HAVE_STDINT_H 1
| #define HAVE_UNISTD_H 1
| #define HAVE_DLFCN_H 1
| #define LT_OBJDIR ".libs/"
| #define HAVE_FSEEKO 1
| #define HAVE_DIRENT_H 1
| #define STDC_HEADERS 1
| #define HAVE_ASSERT_H 1
| #define HAVE_FLOAT_H 1
| #define HAVE_LIMITS_H 1
| #define HAVE_PWD_H 1
| #define HAVE_STDLIB_H 1
| #define HAVE_SYS_PARAM_H 1
| #define HAVE_PUTENV 1
| #define HAVE_GETCWD 1
| #define HAVE_GETWD 1
| #define HAVE_MEMCMP 1
| #define HAVE_MEMCPY 1
| #define HAVE_MKSTEMP 1
| #define HAVE_MKTEMP 1
| #define HAVE_STRCHR 1
| #define HAVE_STRRCHR 1
| #define HAVE_DECL_ISASCII 1
| #define HAVE_STRUCT_STAT_ST_MTIM 1
| #define HAVE_VPRINTF 1
| /* end confdefs.h.  */
| #ifndef WIN32
|   choke me
| #endif
| int
| main ()
| {
| 
|   ;
|   return 0;
| }
configure:15204: result: no
configure:15332: checking that generated files are newer than configure
configure:15338: result: done
configure:15373: creating ./config.status

## ---------------------- ##
## Running config.status. ##
## ---------------------- ##

This file was extended by CJK utils (TeX Live) config.status 4.8.4, which was
generated by GNU Autoconf 2.69.  Invocation command line was

  CONFIG_FILES    = 
  CONFIG_HEADERS  = 
  CONFIG_LINKS    = 
  CONFIG_COMMANDS = 
  $ ./config.status 

on maqiyuan-E430c

config.status:1128: creating Makefile
config.status:1128: creating c-auto.h
config.status:1357: executing depfiles commands
config.status:1357: executing libtool commands

## ---------------- ##
## Cache variables. ##
## ---------------- ##

ac_cv_build=x86_64-pc-linux-gnu
ac_cv_c_compiler_gnu=yes
ac_cv_c_const=yes
ac_cv_c_inline=inline
ac_cv_c_int64_t=yes
ac_cv_c_uint64_t=yes
ac_cv_env_CC_set=
ac_cv_env_CC_value=
ac_cv_env_CFLAGS_set=
ac_cv_env_CFLAGS_value=
ac_cv_env_CPPFLAGS_set=
ac_cv_env_CPPFLAGS_value=
ac_cv_env_CPP_set=
ac_cv_env_CPP_value=
ac_cv_env_LDFLAGS_set=
ac_cv_env_LDFLAGS_value=
ac_cv_env_LIBS_set=
ac_cv_env_LIBS_value=
ac_cv_env_LT_SYS_LIBRARY_PATH_set=
ac_cv_env_LT_SYS_LIBRARY_PATH_value=
ac_cv_env_build_alias_set=
ac_cv_env_build_alias_value=
ac_cv_env_host_alias_set=
ac_cv_env_host_alias_value=
ac_cv_env_target_alias_set=
ac_cv_env_target_alias_value=
ac_cv_func__doprnt=no
ac_cv_func_closedir_void=no
ac_cv_func_getcwd=yes
ac_cv_func_getwd=yes
ac_cv_func_memcmp=yes
ac_cv_func_memcpy=yes
ac_cv_func_mkstemp=yes
ac_cv_func_mktemp=yes
ac_cv_func_putenv=yes
ac_cv_func_strchr=yes
ac_cv_func_strrchr=yes
ac_cv_func_vprintf=yes
ac_cv_have_decl_isascii=yes
ac_cv_header_assert_h=yes
ac_cv_header_dirent_dirent_h=yes
ac_cv_header_dlfcn_h=yes
ac_cv_header_float_h=yes
ac_cv_header_inttypes_h=yes
ac_cv_header_kpathsea_version_h=yes
ac_cv_header_limits_h=yes
ac_cv_header_memory_h=yes
ac_cv_header_pwd_h=yes
ac_cv_header_stdc=yes
ac_cv_header_stdint_h=yes
ac_cv_header_stdlib_h=yes
ac_cv_header_string_h=yes
ac_cv_header_strings_h=yes
ac_cv_header_sys_param_h=yes
ac_cv_header_sys_stat_h=yes
ac_cv_header_sys_types_h=yes
ac_cv_header_unistd_h=yes
ac_cv_host=x86_64-pc-linux-gnu
ac_cv_member_struct_stat_st_mtim=yes
ac_cv_objext=o
ac_cv_path_EGREP='/bin/grep -E'
ac_cv_path_FGREP='/bin/grep -F'
ac_cv_path_GREP=/bin/grep
ac_cv_path_SED=/bin/sed
ac_cv_path_install='/usr/bin/install -c'
ac_cv_path_lt_DD=/bin/dd
ac_cv_path_mkdir=/bin/mkdir
ac_cv_prog_AWK=gawk
ac_cv_prog_CPP='gcc -E'
ac_cv_prog_ac_ct_AR=ar
ac_cv_prog_ac_ct_CC=gcc
ac_cv_prog_ac_ct_MANIFEST_TOOL=mt
ac_cv_prog_ac_ct_OBJDUMP=objdump
ac_cv_prog_ac_ct_PKG_CONFIG=pkg-config
ac_cv_prog_ac_ct_RANLIB=ranlib
ac_cv_prog_ac_ct_STRIP=strip
ac_cv_prog_cc_c89=
ac_cv_prog_cc_g=yes
ac_cv_prog_make_make_set=yes
ac_cv_search_opendir='none required'
ac_cv_struct_tm=time.h
ac_cv_sys_file_offset_bits=no
ac_cv_sys_largefile_CC=no
ac_cv_sys_largefile_source=no
ac_cv_type_size_t=yes
am_cv_CC_dependencies_compiler_type=gcc3
am_cv_make_support_nested_variables=yes
am_cv_prog_cc_c_o=yes
kb_cv_c_prototypes=yes
kpse_cv_have_win32=no
kpse_cv_kpse_debug=yes
kpse_cv_warning_cflags='-Wimplicit -Wreturn-type -Wdeclaration-after-statement -Wno-unknown-pragmas'
lt_cv_ar_at_file=@
lt_cv_deplibs_check_method=pass_all
lt_cv_file_magic_cmd='$MAGIC_CMD'
lt_cv_file_magic_test_file=
lt_cv_ld_reload_flag=-r
lt_cv_nm_interface='BSD nm'
lt_cv_objdir=.libs
lt_cv_path_LD=/usr/bin/ld
lt_cv_path_NM='/usr/bin/nm -B'
lt_cv_path_mainfest_tool=no
lt_cv_prog_compiler_c_o=yes
lt_cv_prog_compiler_pic='-fPIC -DPIC'
lt_cv_prog_compiler_pic_works=yes
lt_cv_prog_compiler_rtti_exceptions=no
lt_cv_prog_compiler_static_works=yes
lt_cv_prog_gnu_ld=yes
lt_cv_sharedlib_from_linklib_cmd='printf %s\n'
lt_cv_shlibpath_overrides_runpath=no
lt_cv_sys_global_symbol_pipe='sed -n -e '\''s/^.*[	 ]\([ABCDGIRSTW][ABCDGIRSTW]*\)[	 ][	 ]*\([_A-Za-z][_A-Za-z0-9]*\)$/\1 \2 \2/p'\'' | sed '\''/ __gnu_lto/d'\'''
lt_cv_sys_global_symbol_to_c_name_address='sed -n -e '\''s/^: \(.*\) .*$/  {"\1", (void *) 0},/p'\'' -e '\''s/^[ABCDGIRSTW][ABCDGIRSTW]* .* \(.*\)$/  {"\1", (void *) \&\1},/p'\'''
lt_cv_sys_global_symbol_to_c_name_address_lib_prefix='sed -n -e '\''s/^: \(.*\) .*$/  {"\1", (void *) 0},/p'\'' -e '\''s/^[ABCDGIRSTW][ABCDGIRSTW]* .* \(lib.*\)$/  {"\1", (void *) \&\1},/p'\'' -e '\''s/^[ABCDGIRSTW][ABCDGIRSTW]* .* \(.*\)$/  {"lib\1", (void *) \&\1},/p'\'''
lt_cv_sys_global_symbol_to_cdecl='sed -n -e '\''s/^T .* \(.*\)$/extern int \1();/p'\'' -e '\''s/^[ABCDGIRSTW][ABCDGIRSTW]* .* \(.*\)$/extern char \1;/p'\'''
lt_cv_sys_global_symbol_to_import=
lt_cv_sys_max_cmd_len=1572864
lt_cv_to_host_file_cmd=func_convert_file_noop
lt_cv_to_tool_file_cmd=func_convert_file_noop
lt_cv_truncate_bin='/bin/dd bs=4096 count=1'

## ----------------- ##
## Output variables. ##
## ----------------- ##

	cd ${top_builddir}/../kpathsea && $(MAKE) $(AM_MAKEFLAGS) rebuild
	cd ${top_builddir}/../kpathsea && $(MAKE) $(AM_MAKEFLAGS) rebuild'
$(KPATHSEA_DEPEND): ${top_srcdir}/../kpathsea/*.[ch] ${top_builddir}/../kpathsea/paths.h
${top_builddir}/../kpathsea/paths.h:
ACLOCAL='${SHELL} /home/maqiyuan/Desktop/texlive-upstream/build-aux/missing aclocal-1.15'
AMDEPBACKSLASH='\'
AMDEP_FALSE='#'
AMDEP_TRUE=''
AMTAR='$${TAR-tar}'
AM_BACKSLASH='\'
AM_DEFAULT_V='$(AM_DEFAULT_VERBOSITY)'
AM_DEFAULT_VERBOSITY='1'
AM_V='$(V)'
AR='ar'
AS='as'
AUTOCONF='${SHELL} /home/maqiyuan/Desktop/texlive-upstream/build-aux/missing autoconf'
AUTOHEADER='${SHELL} /home/maqiyuan/Desktop/texlive-upstream/build-aux/missing autoheader'
AUTOMAKE='${SHELL} /home/maqiyuan/Desktop/texlive-upstream/build-aux/missing automake-1.15'
AWK='gawk'
CC='gcc'
CCDEPMODE='depmode=gcc3'
CFLAGS='-g -O2'
CJKUTILS_TREE='cjkutils-src'
CPP='gcc -E'
CPPFLAGS=''
CTANGLE=''
CWEAVE=''
CYGPATH_W='echo'
DEFS='-DHAVE_CONFIG_H'
DEPDIR='.deps'
DLLTOOL='false'
DSYMUTIL=''
DUMPBIN=''
ECHO_C=''
ECHO_N='-n'
ECHO_T=''
EGREP='/bin/grep -E'
EXEEXT=''
FGREP='/bin/grep -F'
GREP='/bin/grep'
INSTALL_DATA='${INSTALL} -m 644'
INSTALL_PROGRAM='${INSTALL}'
INSTALL_SCRIPT='${INSTALL}'
INSTALL_STRIP_PROGRAM='$(install_sh) -c -s'
KPATHSEA_DEPEND='${top_builddir}/../kpathsea/libkpathsea.la'
KPATHSEA_INCLUDES='-I/home/maqiyuan/Desktop/texlive-upstream/texk -I/home/maqiyuan/Desktop/texlive-upstream/texk'
KPATHSEA_LIBS='/home/maqiyuan/Desktop/texlive-upstream/texk/kpathsea/libkpathsea.la'
KPATHSEA_RULE='# Rebuild libkpathsea
LD='/usr/bin/ld -m elf_x86_64'
LDFLAGS=''
LIBOBJS=''
LIBS=''
LIBTOOL='$(SHELL) $(top_builddir)/libtool'
LIPO=''
LN_S='ln -s'
LTLIBOBJS=''
LT_SYS_LIBRARY_PATH=''
MAINT='#'
MAINTAINER_MODE_FALSE=''
MAINTAINER_MODE_TRUE='#'
MAKEINFO='${SHELL} /home/maqiyuan/Desktop/texlive-upstream/build-aux/missing makeinfo'
MANIFEST_TOOL=':'
MKDIR_P='/bin/mkdir -p'
NM='/usr/bin/nm -B'
NMEDIT=''
OBJDUMP='objdump'
OBJEXT='o'
OTOOL64=''
OTOOL=''
PACKAGE='cjk-utils--tex-live-'
PACKAGE_BUGREPORT='tex-k@tug.org'
PACKAGE_NAME='CJK utils (TeX Live)'
PACKAGE_STRING='CJK utils (TeX Live) 4.8.4'
PACKAGE_TARNAME='cjk-utils--tex-live-'
PACKAGE_URL=''
PACKAGE_VERSION='4.8.4'
PATH_SEPARATOR=':'
PKG_CONFIG='pkg-config'
RANLIB='ranlib'
SED='/bin/sed'
SET_MAKE=''
SHELL='/bin/bash'
STRIP='strip'
TEX=''
VERSION='4.8.4'
WARNING_CFLAGS='-Wimplicit -Wreturn-type -Wdeclaration-after-statement -Wno-unknown-pragmas'
WIN32_FALSE=''
WIN32_TRUE='#'
XX_CFLAGS='-Wimplicit -Wreturn-type -Wdeclaration-after-statement -Wno-unknown-pragmas'
XX_CPPFLAGS=''
ac_ct_AR='ar'
ac_ct_CC='gcc'
ac_ct_DUMPBIN=''
am__EXEEXT_FALSE=''
am__EXEEXT_TRUE='#'
am__fastdepCC_FALSE='#'
am__fastdepCC_TRUE=''
am__include='include'
am__isrc=''
am__leading_dot='.'
am__nodep='_no'
am__quote=''
am__tar='$${TAR-tar} chof - "$$tardir"'
am__untar='$${TAR-tar} xf -'
bindir='${exec_prefix}/bin/x86_64-pc-linux-gnu'
build='x86_64-pc-linux-gnu'
build_alias=''
build_cpu='x86_64'
build_os='linux-gnu'
build_vendor='pc'
datadir='${datarootdir}'
datarootdir='${prefix}'
do_cweb_FALSE=''
do_cweb_TRUE='#'
docdir='${datarootdir}/doc/${PACKAGE_TARNAME}'
dvidir='${docdir}'
exec_prefix='${prefix}'
host='x86_64-pc-linux-gnu'
host_alias=''
host_cpu='x86_64'
host_os='linux-gnu'
host_vendor='pc'
htmldir='${docdir}'
includedir='${prefix}/include'
infodir='${prefix}/texmf-dist/doc/info'
install_sh='${SHELL} /home/maqiyuan/Desktop/texlive-upstream/build-aux/install-sh'
libdir='${exec_prefix}/lib/x86_64-pc-linux-gnu'
libexecdir='${exec_prefix}/libexec'
localedir='${datarootdir}/locale'
localstatedir='${prefix}/var'
mandir='${prefix}/texmf-dist/doc/man'
mkdir_p='$(MKDIR_P)'
oldincludedir='/usr/include'
pdfdir='${docdir}'
prefix='/usr/local'
program_transform_name='s,x,x,'
psdir='${docdir}'
sbindir='${exec_prefix}/sbin'
sharedstatedir='${prefix}/com'
sysconfdir='${prefix}/etc'
target_alias=''

## ----------- ##
## confdefs.h. ##
## ----------- ##

/* confdefs.h */
#define PACKAGE_NAME "CJK utils (TeX Live)"
#define PACKAGE_TARNAME "cjk-utils--tex-live-"
#define PACKAGE_VERSION "4.8.4"
#define PACKAGE_STRING "CJK utils (TeX Live) 4.8.4"
#define PACKAGE_BUGREPORT "tex-k@tug.org"
#define PACKAGE_URL ""
#define STDC_HEADERS 1
#define HAVE_SYS_TYPES_H 1
#define HAVE_SYS_STAT_H 1
#define HAVE_STDLIB_H 1
#define HAVE_STRING_H 1
#define HAVE_MEMORY_H 1
#define HAVE_STRINGS_H 1
#define HAVE_INTTYPES_H 1
#define HAVE_STDINT_H 1
#define HAVE_UNISTD_H 1
#define HAVE_DLFCN_H 1
#define LT_OBJDIR ".libs/"
#define HAVE_FSEEKO 1
#define HAVE_DIRENT_H 1
#define STDC_HEADERS 1
#define HAVE_ASSERT_H 1
#define HAVE_FLOAT_H 1
#define HAVE_LIMITS_H 1
#define HAVE_PWD_H 1
#define HAVE_STDLIB_H 1
#define HAVE_SYS_PARAM_H 1
#define HAVE_PUTENV 1
#define HAVE_GETCWD 1
#define HAVE_GETWD 1
#define HAVE_MEMCMP 1
#define HAVE_MEMCPY 1
#define HAVE_MKSTEMP 1
#define HAVE_MKTEMP 1
#define HAVE_STRCHR 1
#define HAVE_STRRCHR 1
#define HAVE_DECL_ISASCII 1
#define HAVE_STRUCT_STAT_ST_MTIM 1
#define HAVE_VPRINTF 1

configure: exit 0
