This file contains any messages produced by compilers while
running configure, to aid debugging if configure makes a mistake.

It was created by luajit for TeX Live configure 2.1.0-beta1, which was
generated by GNU Autoconf 2.69.  Invocation command line was

  $ ./configure --disable-option-checking --prefix=/usr/local --enable-build-in-source-tree --enable-native-texlive-build --enable-largefile --disable-silent-rules --enable-multiplatform=yes --enable-cxx-runtime-hack=yes --enable-libtool-hack=yes --disable-shared --enable-texlive-build --bindir=${exec_prefix}/bin/x86_64-pc-linux-gnu --libdir=${exec_prefix}/lib/x86_64-pc-linux-gnu --with-x --enable-devnag=yes --enable-lacheck=yes --enable-m-tx=yes --enable-pmx=yes --enable-ps2eps=yes --enable-t1utils=yes --enable-texdoctk=yes --enable-tpic2pdftex=yes --enable-vlna=yes --enable-xindy=no --with-clisp-runtime=default --enable-xpdfopen=yes --enable-web2c=yes --enable-afm2pl=yes --enable-bibtex-x=yes --enable-chktex=yes --enable-cjkutils=yes --enable-detex=yes --enable-dtl=yes --enable-dvi2tty=yes --enable-dvidvi=yes --enable-dviljk=yes --enable-dvipdfm-x=yes --enable-dvipng=yes --enable-dvipos=yes --enable-dvipsk=yes --enable-dvisvgm=yes --enable-gregorio=yes --enable-gsftopk=yes --enable-lcdf-typetools=yes --enable-makeindexk=yes --enable-makejvf=yes --enable-mendexk=yes --enable-musixtnt=yes --enable-ps2pk=yes --enable-psutils=yes --enable-seetexk=yes --enable-tex4htk=yes --enable-ttf2pk2=yes --enable-ttfdump=yes --enable-xdvik=yes --enable-texlive=yes --with-system-harfbuzz=no --with-system-icu=no --with-system-teckit=no --with-system-graphite2=no --with-system-zziplib=no --with-system-xpdf=no --with-system-poppler=no --with-system-mpfr=no --with-system-gmp=no --with-system-cairo=no --with-system-pixman=no --with-system-potrace=no --with-system-gd=no --with-system-freetype2=no --with-system-libpng=no --with-system-libpaper=no --with-system-zlib=no --with-system-ptexenc=no --with-system-kpathsea=no --datarootdir=${prefix} --mandir=${prefix}/texmf-dist/doc/man --infodir=${prefix}/texmf-dist/doc/info --cache-file=/dev/null --srcdir=.

## --------- ##
## Platform. ##
## --------- ##

hostname = maqiyuan-E430c
uname -m = x86_64
uname -r = 4.4.0-31-generic
uname -s = Linux
uname -v = #50-Ubuntu SMP Wed Jul 13 00:07:12 UTC 2016

/usr/bin/uname -p = unknown
/bin/uname -X     = unknown

/bin/arch              = unknown
/usr/bin/arch -k       = unknown
/usr/convex/getsysinfo = unknown
/usr/bin/hostinfo      = unknown
/bin/machine           = unknown
/usr/bin/oslevel       = unknown
/bin/universe          = unknown

PATH: /usr/local/sbin
PATH: /usr/local/bin
PATH: /usr/sbin
PATH: /usr/bin
PATH: /sbin
PATH: /bin
PATH: /usr/games
PATH: /usr/local/games
PATH: /snap/bin
PATH: /home/maqiyuan/bin/FDK/Tools/linux


## ----------- ##
## Core tests. ##
## ----------- ##

configure:2396: checking for a BSD-compatible install
configure:2464: result: /usr/bin/install -c
configure:2475: checking whether build environment is sane
configure:2530: result: yes
configure:2681: checking for a thread-safe mkdir -p
configure:2720: result: /bin/mkdir -p
configure:2727: checking for gawk
configure:2743: found /usr/bin/gawk
configure:2754: result: gawk
configure:2765: checking whether make sets $(MAKE)
configure:2787: result: yes
configure:2816: checking whether make supports nested variables
configure:2833: result: yes
configure:2856: checking for style of include used by make
configure:2884: result: GNU
configure:2955: checking for gcc
configure:2971: found /usr/bin/gcc
configure:2982: result: gcc
configure:3211: checking for C compiler version
configure:3220: gcc --version >&5
gcc (Ubuntu 5.4.0-6ubuntu1~16.04.1) 5.4.0 20160609
Copyright (C) 2015 Free Software Foundation, Inc.
This is free software; see the source for copying conditions.  There is NO
warranty; not even for MERCHANTABILITY or FITNESS FOR A PARTICULAR PURPOSE.

configure:3231: $? = 0
configure:3220: gcc -v >&5
Using built-in specs.
COLLECT_GCC=gcc
COLLECT_LTO_WRAPPER=/usr/lib/gcc/x86_64-linux-gnu/5/lto-wrapper
Target: x86_64-linux-gnu
Configured with: ../src/configure -v --with-pkgversion='Ubuntu 5.4.0-6ubuntu1~16.04.1' --with-bugurl=file:///usr/share/doc/gcc-5/README.Bugs --enable-languages=c,ada,c++,java,go,d,fortran,objc,obj-c++ --prefix=/usr --program-suffix=-5 --enable-shared --enable-linker-build-id --libexecdir=/usr/lib --without-included-gettext --enable-threads=posix --libdir=/usr/lib --enable-nls --with-sysroot=/ --enable-clocale=gnu --enable-libstdcxx-debug --enable-libstdcxx-time=yes --with-default-libstdcxx-abi=new --enable-gnu-unique-object --disable-vtable-verify --enable-libmpx --enable-plugin --with-system-zlib --disable-browser-plugin --enable-java-awt=gtk --enable-gtk-cairo --with-java-home=/usr/lib/jvm/java-1.5.0-gcj-5-amd64/jre --enable-java-home --with-jvm-root-dir=/usr/lib/jvm/java-1.5.0-gcj-5-amd64 --with-jvm-jar-dir=/usr/lib/jvm-exports/java-1.5.0-gcj-5-amd64 --with-arch-directory=amd64 --with-ecj-jar=/usr/share/java/eclipse-ecj.jar --enable-objc-gc --enable-multiarch --disable-werror --with-arch-32=i686 --with-abi=m64 --with-multilib-list=m32,m64,mx32 --enable-multilib --with-tune=generic --enable-checking=release --build=x86_64-linux-gnu --host=x86_64-linux-gnu --target=x86_64-linux-gnu
Thread model: posix
gcc version 5.4.0 20160609 (Ubuntu 5.4.0-6ubuntu1~16.04.1) 
configure:3231: $? = 0
configure:3220: gcc -V >&5
gcc: error: unrecognized command line option '-V'
gcc: fatal error: no input files
compilation terminated.
configure:3231: $? = 1
configure:3220: gcc -qversion >&5
gcc: error: unrecognized command line option '-qversion'
gcc: fatal error: no input files
compilation terminated.
configure:3231: $? = 1
configure:3251: checking whether the C compiler works
configure:3273: gcc    conftest.c  >&5
configure:3277: $? = 0
configure:3325: result: yes
configure:3328: checking for C compiler default output file name
configure:3330: result: a.out
configure:3336: checking for suffix of executables
configure:3343: gcc -o conftest    conftest.c  >&5
configure:3347: $? = 0
configure:3369: result: 
configure:3391: checking whether we are cross compiling
configure:3399: gcc -o conftest    conftest.c  >&5
configure:3403: $? = 0
configure:3410: ./conftest
configure:3414: $? = 0
configure:3429: result: no
configure:3434: checking for suffix of object files
configure:3456: gcc -c   conftest.c >&5
configure:3460: $? = 0
configure:3481: result: o
configure:3485: checking whether we are using the GNU C compiler
configure:3504: gcc -c   conftest.c >&5
configure:3504: $? = 0
configure:3513: result: yes
configure:3522: checking whether gcc accepts -g
configure:3542: gcc -c -g  conftest.c >&5
configure:3542: $? = 0
configure:3583: result: yes
configure:3600: checking for gcc option to accept ISO C89
configure:3663: gcc  -c -g -O2  conftest.c >&5
configure:3663: $? = 0
configure:3676: result: none needed
configure:3701: checking whether gcc understands -c and -o together
configure:3723: gcc -c conftest.c -o conftest2.o
configure:3726: $? = 0
configure:3723: gcc -c conftest.c -o conftest2.o
configure:3726: $? = 0
configure:3738: result: yes
configure:3757: checking dependency style of gcc
configure:3868: result: gcc3
configure:4016: checking whether to enable maintainer-specific portions of Makefiles
configure:4025: result: no
configure:4038: checking whether the compiler accepts prototypes
configure:4054: gcc -o conftest -g -O2   conftest.c  >&5
configure:4054: $? = 0
configure:4062: result: yes
configure:4067: checking what warning flags to pass to the C compiler
configure:4112: result: -Wimplicit -Wreturn-type -Wdeclaration-after-statement -Wno-unknown-pragmas
configure:4127: checking build system type
configure:4141: result: x86_64-pc-linux-gnu
configure:4161: checking host system type
configure:4174: result: x86_64-pc-linux-gnu
configure:4248: checking for gcc
configure:4275: result: gcc
configure:4504: checking for C compiler version
configure:4513: gcc --version >&5
gcc (Ubuntu 5.4.0-6ubuntu1~16.04.1) 5.4.0 20160609
Copyright (C) 2015 Free Software Foundation, Inc.
This is free software; see the source for copying conditions.  There is NO
warranty; not even for MERCHANTABILITY or FITNESS FOR A PARTICULAR PURPOSE.

configure:4524: $? = 0
configure:4513: gcc -v >&5
Using built-in specs.
COLLECT_GCC=gcc
COLLECT_LTO_WRAPPER=/usr/lib/gcc/x86_64-linux-gnu/5/lto-wrapper
Target: x86_64-linux-gnu
Configured with: ../src/configure -v --with-pkgversion='Ubuntu 5.4.0-6ubuntu1~16.04.1' --with-bugurl=file:///usr/share/doc/gcc-5/README.Bugs --enable-languages=c,ada,c++,java,go,d,fortran,objc,obj-c++ --prefix=/usr --program-suffix=-5 --enable-shared --enable-linker-build-id --libexecdir=/usr/lib --without-included-gettext --enable-threads=posix --libdir=/usr/lib --enable-nls --with-sysroot=/ --enable-clocale=gnu --enable-libstdcxx-debug --enable-libstdcxx-time=yes --with-default-libstdcxx-abi=new --enable-gnu-unique-object --disable-vtable-verify --enable-libmpx --enable-plugin --with-system-zlib --disable-browser-plugin --enable-java-awt=gtk --enable-gtk-cairo --with-java-home=/usr/lib/jvm/java-1.5.0-gcj-5-amd64/jre --enable-java-home --with-jvm-root-dir=/usr/lib/jvm/java-1.5.0-gcj-5-amd64 --with-jvm-jar-dir=/usr/lib/jvm-exports/java-1.5.0-gcj-5-amd64 --with-arch-directory=amd64 --with-ecj-jar=/usr/share/java/eclipse-ecj.jar --enable-objc-gc --enable-multiarch --disable-werror --with-arch-32=i686 --with-abi=m64 --with-multilib-list=m32,m64,mx32 --enable-multilib --with-tune=generic --enable-checking=release --build=x86_64-linux-gnu --host=x86_64-linux-gnu --target=x86_64-linux-gnu
Thread model: posix
gcc version 5.4.0 20160609 (Ubuntu 5.4.0-6ubuntu1~16.04.1) 
configure:4524: $? = 0
configure:4513: gcc -V >&5
gcc: error: unrecognized command line option '-V'
gcc: fatal error: no input files
compilation terminated.
configure:4524: $? = 1
configure:4513: gcc -qversion >&5
gcc: error: unrecognized command line option '-qversion'
gcc: fatal error: no input files
compilation terminated.
configure:4524: $? = 1
configure:4528: checking whether we are using the GNU C compiler
configure:4556: result: yes
configure:4565: checking whether gcc accepts -g
configure:4626: result: yes
configure:4643: checking for gcc option to accept ISO C89
configure:4719: result: none needed
configure:4744: checking whether gcc understands -c and -o together
configure:4781: result: yes
configure:4800: checking dependency style of gcc
configure:4911: result: gcc3
configure:4926: checking for gcc option to accept ISO C99
configure:5075: gcc  -c -g -O2  conftest.c >&5
configure:5075: $? = 0
configure:5088: result: none needed
configure:5112: checking dependency style of gcc
configure:5221: result: gcc3
configure:5279: checking for ranlib
configure:5295: found /usr/bin/ranlib
configure:5306: result: ranlib
configure:5328: checking whether ln -s works
configure:5332: result: yes
configure:5392: checking how to print strings
configure:5419: result: printf
configure:5440: checking for a sed that does not truncate output
configure:5504: result: /bin/sed
configure:5522: checking for grep that handles long lines and -e
configure:5580: result: /bin/grep
configure:5585: checking for egrep
configure:5647: result: /bin/grep -E
configure:5652: checking for fgrep
configure:5714: result: /bin/grep -F
configure:5749: checking for ld used by gcc
configure:5816: result: /usr/bin/ld
configure:5823: checking if the linker (/usr/bin/ld) is GNU ld
configure:5838: result: yes
configure:5850: checking for BSD- or MS-compatible name lister (nm)
configure:5904: result: /usr/bin/nm -B
configure:6034: checking the name lister (/usr/bin/nm -B) interface
configure:6041: gcc -c -g -O2  conftest.c >&5
configure:6044: /usr/bin/nm -B "conftest.o"
configure:6047: output
0000000000000000 B some_variable
configure:6054: result: BSD nm
configure:6058: checking the maximum length of command line arguments
configure:6189: result: 1572864
configure:6237: checking how to convert x86_64-pc-linux-gnu file names to x86_64-pc-linux-gnu format
configure:6277: result: func_convert_file_noop
configure:6284: checking how to convert x86_64-pc-linux-gnu file names to toolchain format
configure:6304: result: func_convert_file_noop
configure:6311: checking for /usr/bin/ld option to reload object files
configure:6318: result: -r
configure:6392: checking for objdump
configure:6408: found /usr/bin/objdump
configure:6419: result: objdump
configure:6448: checking how to recognize dependent libraries
configure:6648: result: pass_all
configure:6733: checking for dlltool
configure:6763: result: no
configure:6790: checking how to associate runtime and link libraries
configure:6817: result: printf %s\n
configure:6877: checking for ar
configure:6893: found /usr/bin/ar
configure:6904: result: ar
configure:6941: checking for archiver @FILE support
configure:6958: gcc -c -g -O2  conftest.c >&5
configure:6958: $? = 0
configure:6961: ar cru libconftest.a @conftest.lst >&5
ar: `u' modifier ignored since `D' is the default (see `U')
configure:6964: $? = 0
configure:6969: ar cru libconftest.a @conftest.lst >&5
ar: `u' modifier ignored since `D' is the default (see `U')
ar: conftest.o: No such file or directory
configure:6972: $? = 1
configure:6984: result: @
configure:7042: checking for strip
configure:7058: found /usr/bin/strip
configure:7069: result: strip
configure:7141: checking for ranlib
configure:7168: result: ranlib
configure:7270: checking command to parse /usr/bin/nm -B output from gcc object
configure:7423: gcc -c -g -O2  conftest.c >&5
configure:7426: $? = 0
configure:7430: /usr/bin/nm -B conftest.o \| sed -n -e 's/^.*[ ]\([ABCDGIRSTW][ABCDGIRSTW]*\)[ ][ ]*\([_A-Za-z][_A-Za-z0-9]*\)$/\1 \2 \2/p' | sed '/ __gnu_lto/d' \> conftest.nm
configure:7433: $? = 0
configure:7499: gcc -o conftest -g -O2   conftest.c conftstm.o >&5
configure:7502: $? = 0
configure:7540: result: ok
configure:7587: checking for sysroot
configure:7617: result: no
configure:7624: checking for a working dd
configure:7662: result: /bin/dd
configure:7666: checking how to truncate binary pipes
configure:7681: result: /bin/dd bs=4096 count=1
configure:7817: gcc -c -g -O2  conftest.c >&5
configure:7820: $? = 0
configure:8010: checking for mt
configure:8026: found /bin/mt
configure:8037: result: mt
configure:8060: checking if mt is a manifest tool
configure:8066: mt '-?'
configure:8074: result: no
configure:8751: checking how to run the C preprocessor
configure:8782: gcc -E  conftest.c
configure:8782: $? = 0
configure:8796: gcc -E  conftest.c
conftest.c:11:28: fatal error: ac_nonexistent.h: No such file or directory
compilation terminated.
configure:8796: $? = 1
configure: failed program was:
| /* confdefs.h */
| #define PACKAGE_NAME "luajit for TeX Live"
| #define PACKAGE_TARNAME "luajit-for-tex-live"
| #define PACKAGE_VERSION "2.1.0-beta1"
| #define PACKAGE_STRING "luajit for TeX Live 2.1.0-beta1"
| #define PACKAGE_BUGREPORT "tex-k@tug.org"
| #define PACKAGE_URL ""
| #define PACKAGE "luajit-for-tex-live"
| #define VERSION "2.1.0-beta1"
| /* end confdefs.h.  */
| #include <ac_nonexistent.h>
configure:8821: result: gcc -E
configure:8841: gcc -E  conftest.c
configure:8841: $? = 0
configure:8855: gcc -E  conftest.c
conftest.c:11:28: fatal error: ac_nonexistent.h: No such file or directory
compilation terminated.
configure:8855: $? = 1
configure: failed program was:
| /* confdefs.h */
| #define PACKAGE_NAME "luajit for TeX Live"
| #define PACKAGE_TARNAME "luajit-for-tex-live"
| #define PACKAGE_VERSION "2.1.0-beta1"
| #define PACKAGE_STRING "luajit for TeX Live 2.1.0-beta1"
| #define PACKAGE_BUGREPORT "tex-k@tug.org"
| #define PACKAGE_URL ""
| #define PACKAGE "luajit-for-tex-live"
| #define VERSION "2.1.0-beta1"
| /* end confdefs.h.  */
| #include <ac_nonexistent.h>
configure:8884: checking for ANSI C header files
configure:8904: gcc -c -g -O2  conftest.c >&5
configure:8904: $? = 0
configure:8977: gcc -o conftest -g -O2   conftest.c  >&5
configure:8977: $? = 0
configure:8977: ./conftest
configure:8977: $? = 0
configure:8988: result: yes
configure:9001: checking for sys/types.h
configure:9001: gcc -c -g -O2  conftest.c >&5
configure:9001: $? = 0
configure:9001: result: yes
configure:9001: checking for sys/stat.h
configure:9001: gcc -c -g -O2  conftest.c >&5
configure:9001: $? = 0
configure:9001: result: yes
configure:9001: checking for stdlib.h
configure:9001: gcc -c -g -O2  conftest.c >&5
configure:9001: $? = 0
configure:9001: result: yes
configure:9001: checking for string.h
configure:9001: gcc -c -g -O2  conftest.c >&5
configure:9001: $? = 0
configure:9001: result: yes
configure:9001: checking for memory.h
configure:9001: gcc -c -g -O2  conftest.c >&5
configure:9001: $? = 0
configure:9001: result: yes
configure:9001: checking for strings.h
configure:9001: gcc -c -g -O2  conftest.c >&5
configure:9001: $? = 0
configure:9001: result: yes
configure:9001: checking for inttypes.h
configure:9001: gcc -c -g -O2  conftest.c >&5
configure:9001: $? = 0
configure:9001: result: yes
configure:9001: checking for stdint.h
configure:9001: gcc -c -g -O2  conftest.c >&5
configure:9001: $? = 0
configure:9001: result: yes
configure:9001: checking for unistd.h
configure:9001: gcc -c -g -O2  conftest.c >&5
configure:9001: $? = 0
configure:9001: result: yes
configure:9015: checking for dlfcn.h
configure:9015: gcc -c -g -O2  conftest.c >&5
configure:9015: $? = 0
configure:9015: result: yes
configure:9569: checking for objdir
configure:9584: result: .libs
configure:9848: checking if gcc supports -fno-rtti -fno-exceptions
configure:9866: gcc -c -g -O2  -fno-rtti -fno-exceptions conftest.c >&5
cc1: warning: command line option '-fno-rtti' is valid for C++/ObjC++ but not for C
configure:9870: $? = 0
configure:9883: result: no
configure:10241: checking for gcc option to produce PIC
configure:10248: result: -fPIC -DPIC
configure:10256: checking if gcc PIC flag -fPIC -DPIC works
configure:10274: gcc -c -g -O2  -fPIC -DPIC -DPIC conftest.c >&5
configure:10278: $? = 0
configure:10291: result: yes
configure:10320: checking if gcc static flag -static works
configure:10348: result: yes
configure:10363: checking if gcc supports -c -o file.o
configure:10384: gcc -c -g -O2  -o out/conftest2.o conftest.c >&5
configure:10388: $? = 0
configure:10410: result: yes
configure:10418: checking if gcc supports -c -o file.o
configure:10465: result: yes
configure:10498: checking whether the gcc linker (/usr/bin/ld -m elf_x86_64) supports shared libraries
configure:11757: result: yes
configure:11997: checking dynamic linker characteristics
configure:12578: gcc -o conftest -g -O2   -Wl,-rpath -Wl,/foo conftest.c  >&5
configure:12578: $? = 0
configure:12815: result: GNU/Linux ld.so
configure:12937: checking how to hardcode library paths into programs
configure:12962: result: immediate
configure:13510: checking whether stripping libraries is possible
configure:13515: result: yes
configure:13550: checking if libtool supports shared libraries
configure:13552: result: yes
configure:13555: checking whether to build shared libraries
configure:13580: result: no
configure:13583: checking whether to build static libraries
configure:13587: result: yes
configure:13629: checking size of void *
configure:13634: gcc -o conftest -g -O2   conftest.c  >&5
configure:13634: $? = 0
configure:13634: ./conftest
configure:13634: $? = 0
configure:13648: result: 8
configure:13679: checking size of void *
configure:13698: result: 8
configure:13710: checking for library containing sqrt
configure:13741: gcc -o conftest -g -O2   conftest.c  >&5
conftest.c:32:6: warning: conflicting types for built-in function 'sqrt'
 char sqrt ();
      ^
/tmp/cceodc3W.o: In function `main':
/home/maqiyuan/Desktop/texlive-mobile/src/texlive-source/libs/luajit/conftest.c:36: undefined reference to `sqrt'
collect2: error: ld returned 1 exit status
configure:13741: $? = 1
configure: failed program was:
| /* confdefs.h */
| #define PACKAGE_NAME "luajit for TeX Live"
| #define PACKAGE_TARNAME "luajit-for-tex-live"
| #define PACKAGE_VERSION "2.1.0-beta1"
| #define PACKAGE_STRING "luajit for TeX Live 2.1.0-beta1"
| #define PACKAGE_BUGREPORT "tex-k@tug.org"
| #define PACKAGE_URL ""
| #define PACKAGE "luajit-for-tex-live"
| #define VERSION "2.1.0-beta1"
| #define STDC_HEADERS 1
| #define HAVE_SYS_TYPES_H 1
| #define HAVE_SYS_STAT_H 1
| #define HAVE_STDLIB_H 1
| #define HAVE_STRING_H 1
| #define HAVE_MEMORY_H 1
| #define HAVE_STRINGS_H 1
| #define HAVE_INTTYPES_H 1
| #define HAVE_STDINT_H 1
| #define HAVE_UNISTD_H 1
| #define HAVE_DLFCN_H 1
| #define LT_OBJDIR ".libs/"
| #define SIZEOF_VOID_P 8
| #define SIZEOF_VOID_P 8
| /* end confdefs.h.  */
| 
| /* Override any GCC internal prototype to avoid an error.
|    Use char because int might match the return type of a GCC
|    builtin and then its argument prototype would still apply.  */
| #ifdef __cplusplus
| extern "C"
| #endif
| char sqrt ();
| int
| main ()
| {
| return sqrt ();
|   ;
|   return 0;
| }
configure:13741: gcc -o conftest -g -O2   conftest.c -lm   >&5
conftest.c:32:6: warning: conflicting types for built-in function 'sqrt'
 char sqrt ();
      ^
configure:13741: $? = 0
configure:13758: result: -lm
configure:13766: checking for library containing dlopen
configure:13797: gcc -o conftest -g -O2   conftest.c -lm  >&5
/tmp/ccrwPIDa.o: In function `main':
/home/maqiyuan/Desktop/texlive-mobile/src/texlive-source/libs/luajit/conftest.c:36: undefined reference to `dlopen'
collect2: error: ld returned 1 exit status
configure:13797: $? = 1
configure: failed program was:
| /* confdefs.h */
| #define PACKAGE_NAME "luajit for TeX Live"
| #define PACKAGE_TARNAME "luajit-for-tex-live"
| #define PACKAGE_VERSION "2.1.0-beta1"
| #define PACKAGE_STRING "luajit for TeX Live 2.1.0-beta1"
| #define PACKAGE_BUGREPORT "tex-k@tug.org"
| #define PACKAGE_URL ""
| #define PACKAGE "luajit-for-tex-live"
| #define VERSION "2.1.0-beta1"
| #define STDC_HEADERS 1
| #define HAVE_SYS_TYPES_H 1
| #define HAVE_SYS_STAT_H 1
| #define HAVE_STDLIB_H 1
| #define HAVE_STRING_H 1
| #define HAVE_MEMORY_H 1
| #define HAVE_STRINGS_H 1
| #define HAVE_INTTYPES_H 1
| #define HAVE_STDINT_H 1
| #define HAVE_UNISTD_H 1
| #define HAVE_DLFCN_H 1
| #define LT_OBJDIR ".libs/"
| #define SIZEOF_VOID_P 8
| #define SIZEOF_VOID_P 8
| /* end confdefs.h.  */
| 
| /* Override any GCC internal prototype to avoid an error.
|    Use char because int might match the return type of a GCC
|    builtin and then its argument prototype would still apply.  */
| #ifdef __cplusplus
| extern "C"
| #endif
| char dlopen ();
| int
| main ()
| {
| return dlopen ();
|   ;
|   return 0;
| }
configure:13797: gcc -o conftest -g -O2   conftest.c -ldl  -lm  >&5
configure:13797: $? = 0
configure:13814: result: -ldl
configure:13840: checking for special C compiler options needed for large files
configure:13885: result: no
configure:13891: checking for _FILE_OFFSET_BITS value needed for large files
configure:13916: gcc -c -g -O2  conftest.c >&5
configure:13916: $? = 0
configure:13948: result: no
configure:14033: checking for _LARGEFILE_SOURCE value needed for large files
configure:14052: gcc -o conftest -g -O2   conftest.c -ldl -lm  >&5
configure:14052: $? = 0
configure:14080: result: no
configure:14142: gcc -E  -I./LuaJIT-2.1.0-beta1/src -DLUAJIT_ENABLE_LUA52COMPAT -DLUAI_HASHLIMIT=6 -dM conftest.c
configure:14142: $? = 0
configure:14144: checking for architecture
configure:14258: result: Linux x64 x86
configure:14289: gcc -c -g -O2 -fno-stack-protector  conftest.c >&5
configure:14289: $? = 0
configure:14459: checking that generated files are newer than configure
configure:14465: result: done
configure:14508: creating ./config.status

## ---------------------- ##
## Running config.status. ##
## ---------------------- ##

This file was extended by luajit for TeX Live config.status 2.1.0-beta1, which was
generated by GNU Autoconf 2.69.  Invocation command line was

  CONFIG_FILES    = 
  CONFIG_HEADERS  = 
  CONFIG_LINKS    = 
  CONFIG_COMMANDS = 
  $ ./config.status 

on maqiyuan-E430c

config.status:1116: creating Makefile
config.status:1116: creating include/Makefile
config.status:1116: creating texluajit.pc
config.status:1116: creating config.h
config.status:1345: executing depfiles commands
config.status:1345: executing libtool commands
configure:16744: === configuring in native (/home/maqiyuan/Desktop/texlive-mobile/src/texlive-source/libs/luajit/native)
configure:16807: running /bin/bash ./configure --disable-option-checking '--prefix=/usr/local'  '--enable-build-in-source-tree' '--enable-native-texlive-build' '--enable-largefile' '--disable-silent-rules' '--enable-multiplatform=yes' '--enable-cxx-runtime-hack=yes' '--enable-libtool-hack=yes' '--disable-shared' '--enable-texlive-build' '--bindir=${exec_prefix}/bin/x86_64-pc-linux-gnu' '--libdir=${exec_prefix}/lib/x86_64-pc-linux-gnu' '--with-x' '--enable-devnag=yes' '--enable-lacheck=yes' '--enable-m-tx=yes' '--enable-pmx=yes' '--enable-ps2eps=yes' '--enable-t1utils=yes' '--enable-texdoctk=yes' '--enable-tpic2pdftex=yes' '--enable-vlna=yes' '--enable-xindy=no' '--with-clisp-runtime=default' '--enable-xpdfopen=yes' '--enable-web2c=yes' '--enable-afm2pl=yes' '--enable-bibtex-x=yes' '--enable-chktex=yes' '--enable-cjkutils=yes' '--enable-detex=yes' '--enable-dtl=yes' '--enable-dvi2tty=yes' '--enable-dvidvi=yes' '--enable-dviljk=yes' '--enable-dvipdfm-x=yes' '--enable-dvipng=yes' '--enable-dvipos=yes' '--enable-dvipsk=yes' '--enable-dvisvgm=yes' '--enable-gregorio=yes' '--enable-gsftopk=yes' '--enable-lcdf-typetools=yes' '--enable-makeindexk=yes' '--enable-makejvf=yes' '--enable-mendexk=yes' '--enable-musixtnt=yes' '--enable-ps2pk=yes' '--enable-psutils=yes' '--enable-seetexk=yes' '--enable-tex4htk=yes' '--enable-ttf2pk2=yes' '--enable-ttfdump=yes' '--enable-xdvik=yes' '--enable-texlive=yes' '--with-system-harfbuzz=no' '--with-system-icu=no' '--with-system-teckit=no' '--with-system-graphite2=no' '--with-system-zziplib=no' '--with-system-xpdf=no' '--with-system-poppler=no' '--with-system-mpfr=no' '--with-system-gmp=no' '--with-system-cairo=no' '--with-system-pixman=no' '--with-system-potrace=no' '--with-system-gd=no' '--with-system-freetype2=no' '--with-system-libpng=no' '--with-system-libpaper=no' '--with-system-zlib=no' '--with-system-ptexenc=no' '--with-system-kpathsea=no' '--datarootdir=${prefix}' '--mandir=${prefix}/texmf-dist/doc/man' '--infodir=${prefix}/texmf-dist/doc/info' 'HOST_PTR_SIZE=8' 'DASM_ARCH=x86' --cache-file=/dev/null --srcdir=.

## ---------------- ##
## Cache variables. ##
## ---------------- ##

ac_cv_build=x86_64-pc-linux-gnu
ac_cv_c_compiler_gnu=yes
ac_cv_env_CCASFLAGS_set=
ac_cv_env_CCASFLAGS_value=
ac_cv_env_CCAS_set=
ac_cv_env_CCAS_value=
ac_cv_env_CC_set=
ac_cv_env_CC_value=
ac_cv_env_CFLAGS_set=
ac_cv_env_CFLAGS_value=
ac_cv_env_CPPFLAGS_set=
ac_cv_env_CPPFLAGS_value=
ac_cv_env_CPP_set=
ac_cv_env_CPP_value=
ac_cv_env_LDFLAGS_set=
ac_cv_env_LDFLAGS_value=
ac_cv_env_LIBS_set=
ac_cv_env_LIBS_value=
ac_cv_env_LT_SYS_LIBRARY_PATH_set=
ac_cv_env_LT_SYS_LIBRARY_PATH_value=
ac_cv_env_build_alias_set=
ac_cv_env_build_alias_value=
ac_cv_env_host_alias_set=
ac_cv_env_host_alias_value=
ac_cv_env_target_alias_set=
ac_cv_env_target_alias_value=
ac_cv_header_dlfcn_h=yes
ac_cv_header_inttypes_h=yes
ac_cv_header_memory_h=yes
ac_cv_header_stdc=yes
ac_cv_header_stdint_h=yes
ac_cv_header_stdlib_h=yes
ac_cv_header_string_h=yes
ac_cv_header_strings_h=yes
ac_cv_header_sys_stat_h=yes
ac_cv_header_sys_types_h=yes
ac_cv_header_unistd_h=yes
ac_cv_host=x86_64-pc-linux-gnu
ac_cv_objext=o
ac_cv_path_EGREP='/bin/grep -E'
ac_cv_path_FGREP='/bin/grep -F'
ac_cv_path_GREP=/bin/grep
ac_cv_path_SED=/bin/sed
ac_cv_path_install='/usr/bin/install -c'
ac_cv_path_lt_DD=/bin/dd
ac_cv_path_mkdir=/bin/mkdir
ac_cv_prog_AWK=gawk
ac_cv_prog_CPP='gcc -E'
ac_cv_prog_ac_ct_AR=ar
ac_cv_prog_ac_ct_CC=gcc
ac_cv_prog_ac_ct_MANIFEST_TOOL=mt
ac_cv_prog_ac_ct_OBJDUMP=objdump
ac_cv_prog_ac_ct_RANLIB=ranlib
ac_cv_prog_ac_ct_STRIP=strip
ac_cv_prog_cc_c89=
ac_cv_prog_cc_c99=
ac_cv_prog_cc_g=yes
ac_cv_prog_make_make_set=yes
ac_cv_search_dlopen=-ldl
ac_cv_search_sqrt=-lm
ac_cv_sizeof_void_p=8
ac_cv_sys_file_offset_bits=no
ac_cv_sys_largefile_CC=no
ac_cv_sys_largefile_source=no
am_cv_CCAS_dependencies_compiler_type=gcc3
am_cv_CC_dependencies_compiler_type=gcc3
am_cv_make_support_nested_variables=yes
am_cv_prog_cc_c_o=yes
kb_cv_c_prototypes=yes
kpse_cv_warning_cflags='-Wimplicit -Wreturn-type -Wdeclaration-after-statement -Wno-unknown-pragmas'
lt_cv_ar_at_file=@
lt_cv_deplibs_check_method=pass_all
lt_cv_file_magic_cmd='$MAGIC_CMD'
lt_cv_file_magic_test_file=
lt_cv_ld_reload_flag=-r
lt_cv_nm_interface='BSD nm'
lt_cv_objdir=.libs
lt_cv_path_LD=/usr/bin/ld
lt_cv_path_NM='/usr/bin/nm -B'
lt_cv_path_mainfest_tool=no
lt_cv_prog_compiler_c_o=yes
lt_cv_prog_compiler_pic='-fPIC -DPIC'
lt_cv_prog_compiler_pic_works=yes
lt_cv_prog_compiler_rtti_exceptions=no
lt_cv_prog_compiler_static_works=yes
lt_cv_prog_gnu_ld=yes
lt_cv_sharedlib_from_linklib_cmd='printf %s\n'
lt_cv_shlibpath_overrides_runpath=no
lt_cv_sys_global_symbol_pipe='sed -n -e '\''s/^.*[	 ]\([ABCDGIRSTW][ABCDGIRSTW]*\)[	 ][	 ]*\([_A-Za-z][_A-Za-z0-9]*\)$/\1 \2 \2/p'\'' | sed '\''/ __gnu_lto/d'\'''
lt_cv_sys_global_symbol_to_c_name_address='sed -n -e '\''s/^: \(.*\) .*$/  {"\1", (void *) 0},/p'\'' -e '\''s/^[ABCDGIRSTW][ABCDGIRSTW]* .* \(.*\)$/  {"\1", (void *) \&\1},/p'\'''
lt_cv_sys_global_symbol_to_c_name_address_lib_prefix='sed -n -e '\''s/^: \(.*\) .*$/  {"\1", (void *) 0},/p'\'' -e '\''s/^[ABCDGIRSTW][ABCDGIRSTW]* .* \(lib.*\)$/  {"\1", (void *) \&\1},/p'\'' -e '\''s/^[ABCDGIRSTW][ABCDGIRSTW]* .* \(.*\)$/  {"lib\1", (void *) \&\1},/p'\'''
lt_cv_sys_global_symbol_to_cdecl='sed -n -e '\''s/^T .* \(.*\)$/extern int \1();/p'\'' -e '\''s/^[ABCDGIRSTW][ABCDGIRSTW]* .* \(.*\)$/extern char \1;/p'\'''
lt_cv_sys_global_symbol_to_import=
lt_cv_sys_max_cmd_len=1572864
lt_cv_to_host_file_cmd=func_convert_file_noop
lt_cv_to_tool_file_cmd=func_convert_file_noop
lt_cv_truncate_bin='/bin/dd bs=4096 count=1'

## ----------------- ##
## Output variables. ##
## ----------------- ##

ACLOCAL='${SHELL} /home/maqiyuan/Desktop/texlive-mobile/src/texlive-source/build-aux/missing aclocal-1.15'
AMDEPBACKSLASH='\'
AMDEP_FALSE='#'
AMDEP_TRUE=''
AMTAR='$${TAR-tar}'
AM_BACKSLASH='\'
AM_DEFAULT_V='$(AM_DEFAULT_VERBOSITY)'
AM_DEFAULT_VERBOSITY='1'
AM_V='$(V)'
AR='ar'
AS='as'
AUTOCONF='${SHELL} /home/maqiyuan/Desktop/texlive-mobile/src/texlive-source/build-aux/missing autoconf'
AUTOHEADER='${SHELL} /home/maqiyuan/Desktop/texlive-mobile/src/texlive-source/build-aux/missing autoheader'
AUTOMAKE='${SHELL} /home/maqiyuan/Desktop/texlive-mobile/src/texlive-source/build-aux/missing automake-1.15'
AWK='gawk'
CC='gcc'
CCAS='gcc'
CCASDEPMODE='depmode=gcc3'
CCASFLAGS='-g -O2'
CCDEPMODE='depmode=gcc3'
CFLAGS='-g -O2'
CPP='gcc -E'
CPPFLAGS=''
CYGPATH_W='echo'
DASM_ARCH='x86'
DEFS='-DHAVE_CONFIG_H'
DEPDIR='.deps'
DLLTOOL='false'
DSYMUTIL=''
DUMPBIN=''
ECHO_C=''
ECHO_N='-n'
ECHO_T=''
EGREP='/bin/grep -E'
EXEEXT=''
FGREP='/bin/grep -F'
GREP='/bin/grep'
INSTALL_DATA='${INSTALL} -m 644'
INSTALL_PROGRAM='${INSTALL}'
INSTALL_SCRIPT='${INSTALL}'
INSTALL_STRIP_PROGRAM='$(install_sh) -c -s'
LD='/usr/bin/ld -m elf_x86_64'
LDFLAGS=''
LIBLUAJIT_LDEXTRA=''
LIBOBJS=''
LIBS='-ldl -lm '
LIBTOOL='$(SHELL) $(top_builddir)/libtool'
LIPO=''
LJARCH='x64'
LJHOST='Linux'
LJVM_MODE='elfasm'
LN_S='ln -s'
LTLIBOBJS=''
LT_SYS_LIBRARY_PATH=''
LUAJITVERSION='2.1.0-beta1'
LUAJIT_CFLAGS='-fomit-frame-pointer -fno-stack-protector'
LUAJIT_DEFINES='-DLUAJIT_ENABLE_LUA52COMPAT -DLUAI_HASHLIMIT=6 -DMAP_32BIT=0x40'
LUAJIT_LDEXTRA=''
LUAJIT_LT_VERSINFO='3:0:1'
LUAJIT_TREE='LuaJIT-2.1.0-beta1'
MAINT='#'
MAINTAINER_MODE_FALSE=''
MAINTAINER_MODE_TRUE='#'
MAKEINFO='${SHELL} /home/maqiyuan/Desktop/texlive-mobile/src/texlive-source/build-aux/missing makeinfo'
MANIFEST_TOOL=':'
MKDIR_P='/bin/mkdir -p'
NM='/usr/bin/nm -B'
NMEDIT=''
OBJDUMP='objdump'
OBJEXT='o'
OTOOL64=''
OTOOL=''
PACKAGE='luajit-for-tex-live'
PACKAGE_BUGREPORT='tex-k@tug.org'
PACKAGE_NAME='luajit for TeX Live'
PACKAGE_STRING='luajit for TeX Live 2.1.0-beta1'
PACKAGE_TARNAME='luajit-for-tex-live'
PACKAGE_URL=''
PACKAGE_VERSION='2.1.0-beta1'
PATH_SEPARATOR=':'
PEOBJ_FALSE=''
PEOBJ_TRUE='#'
RANLIB='ranlib'
SED='/bin/sed'
SET_MAKE=''
SHELL='/bin/bash'
STRIP='strip'
VERSION='2.1.0-beta1'
WARNING_CFLAGS='-Wimplicit -Wreturn-type -Wdeclaration-after-statement -Wno-unknown-pragmas'
ac_ct_AR='ar'
ac_ct_CC='gcc'
ac_ct_DUMPBIN=''
am__EXEEXT_FALSE=''
am__EXEEXT_TRUE='#'
am__fastdepCCAS_FALSE='#'
am__fastdepCCAS_TRUE=''
am__fastdepCC_FALSE='#'
am__fastdepCC_TRUE=''
am__include='include'
am__isrc=''
am__leading_dot='.'
am__nodep='_no'
am__quote=''
am__tar='$${TAR-tar} chof - "$$tardir"'
am__untar='$${TAR-tar} xf -'
bindir='${exec_prefix}/bin/x86_64-pc-linux-gnu'
build='x86_64-pc-linux-gnu'
build_FALSE='#'
build_TRUE=''
build_alias=''
build_cpu='x86_64'
build_os='linux-gnu'
build_vendor='pc'
datadir='${datarootdir}'
datarootdir='${prefix}'
docdir='${datarootdir}/doc/${PACKAGE_TARNAME}'
dvidir='${docdir}'
exec_prefix='${prefix}'
host='x86_64-pc-linux-gnu'
host_alias=''
host_cpu='x86_64'
host_os='linux-gnu'
host_vendor='pc'
htmldir='${docdir}'
includedir='${prefix}/include'
infodir='${prefix}/texmf-dist/doc/info'
install_sh='${SHELL} /home/maqiyuan/Desktop/texlive-mobile/src/texlive-source/build-aux/install-sh'
libdir='${exec_prefix}/lib/x86_64-pc-linux-gnu'
libexecdir='${exec_prefix}/libexec'
localedir='${datarootdir}/locale'
localstatedir='${prefix}/var'
mandir='${prefix}/texmf-dist/doc/man'
mkdir_p='$(MKDIR_P)'
oldincludedir='/usr/include'
pdfdir='${docdir}'
prefix='/usr/local'
program_transform_name='s,x,x,'
psdir='${docdir}'
sbindir='${exec_prefix}/sbin'
sharedstatedir='${prefix}/com'
subdirs=' native'
sysconfdir='${prefix}/etc'
target_alias=''

## ----------- ##
## confdefs.h. ##
## ----------- ##

/* confdefs.h */
#define PACKAGE_NAME "luajit for TeX Live"
#define PACKAGE_TARNAME "luajit-for-tex-live"
#define PACKAGE_VERSION "2.1.0-beta1"
#define PACKAGE_STRING "luajit for TeX Live 2.1.0-beta1"
#define PACKAGE_BUGREPORT "tex-k@tug.org"
#define PACKAGE_URL ""
#define PACKAGE "luajit-for-tex-live"
#define VERSION "2.1.0-beta1"
#define STDC_HEADERS 1
#define HAVE_SYS_TYPES_H 1
#define HAVE_SYS_STAT_H 1
#define HAVE_STDLIB_H 1
#define HAVE_STRING_H 1
#define HAVE_MEMORY_H 1
#define HAVE_STRINGS_H 1
#define HAVE_INTTYPES_H 1
#define HAVE_STDINT_H 1
#define HAVE_UNISTD_H 1
#define HAVE_DLFCN_H 1
#define LT_OBJDIR ".libs/"
#define SIZEOF_VOID_P 8
#define SIZEOF_VOID_P 8
#define HAVE_FSEEKO 1

configure: exit 0
