This file contains any messages produced by compilers while
running configure, to aid debugging if configure makes a mistake.

It was created by gd (TeX Live) configure 2.1.1, which was
generated by GNU Autoconf 2.69.  Invocation command line was

  $ ./configure --disable-option-checking --prefix=/usr/local --enable-build-in-source-tree --enable-native-texlive-build --enable-largefile --disable-silent-rules --enable-multiplatform=yes --enable-cxx-runtime-hack=yes --enable-libtool-hack=yes --disable-shared --enable-texlive-build --bindir=${exec_prefix}/bin/x86_64-pc-linux-gnu --libdir=${exec_prefix}/lib/x86_64-pc-linux-gnu --with-x --enable-devnag=yes --enable-lacheck=yes --enable-m-tx=yes --enable-pmx=yes --enable-ps2eps=yes --enable-t1utils=yes --enable-texdoctk=yes --enable-tpic2pdftex=yes --enable-vlna=yes --enable-xindy=no --with-clisp-runtime=default --enable-xpdfopen=yes --enable-web2c=yes --enable-afm2pl=yes --enable-bibtex-x=yes --enable-chktex=yes --enable-cjkutils=yes --enable-detex=yes --enable-dtl=yes --enable-dvi2tty=yes --enable-dvidvi=yes --enable-dviljk=yes --enable-dvipdfm-x=yes --enable-dvipng=yes --enable-dvipos=yes --enable-dvipsk=yes --enable-dvisvgm=yes --enable-gregorio=yes --enable-gsftopk=yes --enable-lcdf-typetools=yes --enable-makeindexk=yes --enable-makejvf=yes --enable-mendexk=yes --enable-musixtnt=yes --enable-ps2pk=yes --enable-psutils=yes --enable-seetexk=yes --enable-tex4htk=yes --enable-ttf2pk2=yes --enable-ttfdump=yes --enable-xdvik=yes --enable-texlive=yes --with-system-harfbuzz=no --with-system-icu=no --with-system-teckit=no --with-system-graphite2=no --with-system-zziplib=no --with-system-xpdf=no --with-system-poppler=no --with-system-mpfr=no --with-system-gmp=no --with-system-cairo=no --with-system-pixman=no --with-system-potrace=no --with-system-gd=no --with-system-freetype2=no --with-system-libpng=no --with-system-libpaper=no --with-system-zlib=no --with-system-ptexenc=no --with-system-kpathsea=no --datarootdir=${prefix} --mandir=${prefix}/texmf-dist/doc/man --infodir=${prefix}/texmf-dist/doc/info --cache-file=/dev/null --srcdir=.

## --------- ##
## Platform. ##
## --------- ##

hostname = maqiyuan-E430c
uname -m = x86_64
uname -r = 4.4.0-31-generic
uname -s = Linux
uname -v = #50-Ubuntu SMP Wed Jul 13 00:07:12 UTC 2016

/usr/bin/uname -p = unknown
/bin/uname -X     = unknown

/bin/arch              = unknown
/usr/bin/arch -k       = unknown
/usr/convex/getsysinfo = unknown
/usr/bin/hostinfo      = unknown
/bin/machine           = unknown
/usr/bin/oslevel       = unknown
/bin/universe          = unknown

PATH: /usr/local/sbin
PATH: /usr/local/bin
PATH: /usr/sbin
PATH: /usr/bin
PATH: /sbin
PATH: /bin
PATH: /usr/games
PATH: /usr/local/games
PATH: /snap/bin
PATH: /home/maqiyuan/bin/FDK/Tools/linux


## ----------- ##
## Core tests. ##
## ----------- ##

configure:2308: checking for a BSD-compatible install
configure:2376: result: /usr/bin/install -c
configure:2387: checking whether build environment is sane
configure:2442: result: yes
configure:2593: checking for a thread-safe mkdir -p
configure:2632: result: /bin/mkdir -p
configure:2639: checking for gawk
configure:2655: found /usr/bin/gawk
configure:2666: result: gawk
configure:2677: checking whether make sets $(MAKE)
configure:2699: result: yes
configure:2728: checking whether make supports nested variables
configure:2745: result: yes
configure:2768: checking for style of include used by make
configure:2796: result: GNU
configure:2867: checking for gcc
configure:2883: found /usr/bin/gcc
configure:2894: result: gcc
configure:3123: checking for C compiler version
configure:3132: gcc --version >&5
gcc (Ubuntu 5.4.0-6ubuntu1~16.04.1) 5.4.0 20160609
Copyright (C) 2015 Free Software Foundation, Inc.
This is free software; see the source for copying conditions.  There is NO
warranty; not even for MERCHANTABILITY or FITNESS FOR A PARTICULAR PURPOSE.

configure:3143: $? = 0
configure:3132: gcc -v >&5
Using built-in specs.
COLLECT_GCC=gcc
COLLECT_LTO_WRAPPER=/usr/lib/gcc/x86_64-linux-gnu/5/lto-wrapper
Target: x86_64-linux-gnu
Configured with: ../src/configure -v --with-pkgversion='Ubuntu 5.4.0-6ubuntu1~16.04.1' --with-bugurl=file:///usr/share/doc/gcc-5/README.Bugs --enable-languages=c,ada,c++,java,go,d,fortran,objc,obj-c++ --prefix=/usr --program-suffix=-5 --enable-shared --enable-linker-build-id --libexecdir=/usr/lib --without-included-gettext --enable-threads=posix --libdir=/usr/lib --enable-nls --with-sysroot=/ --enable-clocale=gnu --enable-libstdcxx-debug --enable-libstdcxx-time=yes --with-default-libstdcxx-abi=new --enable-gnu-unique-object --disable-vtable-verify --enable-libmpx --enable-plugin --with-system-zlib --disable-browser-plugin --enable-java-awt=gtk --enable-gtk-cairo --with-java-home=/usr/lib/jvm/java-1.5.0-gcj-5-amd64/jre --enable-java-home --with-jvm-root-dir=/usr/lib/jvm/java-1.5.0-gcj-5-amd64 --with-jvm-jar-dir=/usr/lib/jvm-exports/java-1.5.0-gcj-5-amd64 --with-arch-directory=amd64 --with-ecj-jar=/usr/share/java/eclipse-ecj.jar --enable-objc-gc --enable-multiarch --disable-werror --with-arch-32=i686 --with-abi=m64 --with-multilib-list=m32,m64,mx32 --enable-multilib --with-tune=generic --enable-checking=release --build=x86_64-linux-gnu --host=x86_64-linux-gnu --target=x86_64-linux-gnu
Thread model: posix
gcc version 5.4.0 20160609 (Ubuntu 5.4.0-6ubuntu1~16.04.1) 
configure:3143: $? = 0
configure:3132: gcc -V >&5
gcc: error: unrecognized command line option '-V'
gcc: fatal error: no input files
compilation terminated.
configure:3143: $? = 1
configure:3132: gcc -qversion >&5
gcc: error: unrecognized command line option '-qversion'
gcc: fatal error: no input files
compilation terminated.
configure:3143: $? = 1
configure:3163: checking whether the C compiler works
configure:3185: gcc    conftest.c  >&5
configure:3189: $? = 0
configure:3237: result: yes
configure:3240: checking for C compiler default output file name
configure:3242: result: a.out
configure:3248: checking for suffix of executables
configure:3255: gcc -o conftest    conftest.c  >&5
configure:3259: $? = 0
configure:3281: result: 
configure:3303: checking whether we are cross compiling
configure:3311: gcc -o conftest    conftest.c  >&5
configure:3315: $? = 0
configure:3322: ./conftest
configure:3326: $? = 0
configure:3341: result: no
configure:3346: checking for suffix of object files
configure:3368: gcc -c   conftest.c >&5
configure:3372: $? = 0
configure:3393: result: o
configure:3397: checking whether we are using the GNU C compiler
configure:3416: gcc -c   conftest.c >&5
configure:3416: $? = 0
configure:3425: result: yes
configure:3434: checking whether gcc accepts -g
configure:3454: gcc -c -g  conftest.c >&5
configure:3454: $? = 0
configure:3495: result: yes
configure:3512: checking for gcc option to accept ISO C89
configure:3575: gcc  -c -g -O2  conftest.c >&5
configure:3575: $? = 0
configure:3588: result: none needed
configure:3613: checking whether gcc understands -c and -o together
configure:3635: gcc -c conftest.c -o conftest2.o
configure:3638: $? = 0
configure:3635: gcc -c conftest.c -o conftest2.o
configure:3638: $? = 0
configure:3650: result: yes
configure:3669: checking dependency style of gcc
configure:3780: result: gcc3
configure:3928: checking whether to enable maintainer-specific portions of Makefiles
configure:3937: result: no
configure:3950: checking whether the compiler accepts prototypes
configure:3966: gcc -o conftest -g -O2   conftest.c  >&5
configure:3966: $? = 0
configure:3974: result: yes
configure:3979: checking what warning flags to pass to the C compiler
configure:4024: result: -Wimplicit -Wreturn-type -Wdeclaration-after-statement -Wno-unknown-pragmas
configure:4083: checking for gcc
configure:4110: result: gcc
configure:4339: checking for C compiler version
configure:4348: gcc --version >&5
gcc (Ubuntu 5.4.0-6ubuntu1~16.04.1) 5.4.0 20160609
Copyright (C) 2015 Free Software Foundation, Inc.
This is free software; see the source for copying conditions.  There is NO
warranty; not even for MERCHANTABILITY or FITNESS FOR A PARTICULAR PURPOSE.

configure:4359: $? = 0
configure:4348: gcc -v >&5
Using built-in specs.
COLLECT_GCC=gcc
COLLECT_LTO_WRAPPER=/usr/lib/gcc/x86_64-linux-gnu/5/lto-wrapper
Target: x86_64-linux-gnu
Configured with: ../src/configure -v --with-pkgversion='Ubuntu 5.4.0-6ubuntu1~16.04.1' --with-bugurl=file:///usr/share/doc/gcc-5/README.Bugs --enable-languages=c,ada,c++,java,go,d,fortran,objc,obj-c++ --prefix=/usr --program-suffix=-5 --enable-shared --enable-linker-build-id --libexecdir=/usr/lib --without-included-gettext --enable-threads=posix --libdir=/usr/lib --enable-nls --with-sysroot=/ --enable-clocale=gnu --enable-libstdcxx-debug --enable-libstdcxx-time=yes --with-default-libstdcxx-abi=new --enable-gnu-unique-object --disable-vtable-verify --enable-libmpx --enable-plugin --with-system-zlib --disable-browser-plugin --enable-java-awt=gtk --enable-gtk-cairo --with-java-home=/usr/lib/jvm/java-1.5.0-gcj-5-amd64/jre --enable-java-home --with-jvm-root-dir=/usr/lib/jvm/java-1.5.0-gcj-5-amd64 --with-jvm-jar-dir=/usr/lib/jvm-exports/java-1.5.0-gcj-5-amd64 --with-arch-directory=amd64 --with-ecj-jar=/usr/share/java/eclipse-ecj.jar --enable-objc-gc --enable-multiarch --disable-werror --with-arch-32=i686 --with-abi=m64 --with-multilib-list=m32,m64,mx32 --enable-multilib --with-tune=generic --enable-checking=release --build=x86_64-linux-gnu --host=x86_64-linux-gnu --target=x86_64-linux-gnu
Thread model: posix
gcc version 5.4.0 20160609 (Ubuntu 5.4.0-6ubuntu1~16.04.1) 
configure:4359: $? = 0
configure:4348: gcc -V >&5
gcc: error: unrecognized command line option '-V'
gcc: fatal error: no input files
compilation terminated.
configure:4359: $? = 1
configure:4348: gcc -qversion >&5
gcc: error: unrecognized command line option '-qversion'
gcc: fatal error: no input files
compilation terminated.
configure:4359: $? = 1
configure:4363: checking whether we are using the GNU C compiler
configure:4391: result: yes
configure:4400: checking whether gcc accepts -g
configure:4461: result: yes
configure:4478: checking for gcc option to accept ISO C89
configure:4554: result: none needed
configure:4579: checking whether gcc understands -c and -o together
configure:4616: result: yes
configure:4635: checking dependency style of gcc
configure:4746: result: gcc3
configure:4804: checking for ranlib
configure:4820: found /usr/bin/ranlib
configure:4831: result: ranlib
configure:4853: checking whether ln -s works
configure:4857: result: yes
configure:4874: checking how to run the C preprocessor
configure:4905: gcc -E  conftest.c
configure:4905: $? = 0
configure:4919: gcc -E  conftest.c
conftest.c:11:28: fatal error: ac_nonexistent.h: No such file or directory
compilation terminated.
configure:4919: $? = 1
configure: failed program was:
| /* confdefs.h */
| #define PACKAGE_NAME "gd (TeX Live)"
| #define PACKAGE_TARNAME "gd--tex-live-"
| #define PACKAGE_VERSION "2.1.1"
| #define PACKAGE_STRING "gd (TeX Live) 2.1.1"
| #define PACKAGE_BUGREPORT "tex-k@tug.org"
| #define PACKAGE_URL ""
| #define PACKAGE "gd--tex-live-"
| #define VERSION "2.1.1"
| /* end confdefs.h.  */
| #include <ac_nonexistent.h>
configure:4944: result: gcc -E
configure:4964: gcc -E  conftest.c
configure:4964: $? = 0
configure:4978: gcc -E  conftest.c
conftest.c:11:28: fatal error: ac_nonexistent.h: No such file or directory
compilation terminated.
configure:4978: $? = 1
configure: failed program was:
| /* confdefs.h */
| #define PACKAGE_NAME "gd (TeX Live)"
| #define PACKAGE_TARNAME "gd--tex-live-"
| #define PACKAGE_VERSION "2.1.1"
| #define PACKAGE_STRING "gd (TeX Live) 2.1.1"
| #define PACKAGE_BUGREPORT "tex-k@tug.org"
| #define PACKAGE_URL ""
| #define PACKAGE "gd--tex-live-"
| #define VERSION "2.1.1"
| /* end confdefs.h.  */
| #include <ac_nonexistent.h>
configure:5007: checking for grep that handles long lines and -e
configure:5065: result: /bin/grep
configure:5070: checking for egrep
configure:5132: result: /bin/grep -E
configure:5137: checking for ANSI C header files
configure:5157: gcc -c -g -O2  conftest.c >&5
configure:5157: $? = 0
configure:5230: gcc -o conftest -g -O2   conftest.c  >&5
configure:5230: $? = 0
configure:5230: ./conftest
configure:5230: $? = 0
configure:5241: result: yes
configure:5254: checking for sys/types.h
configure:5254: gcc -c -g -O2  conftest.c >&5
configure:5254: $? = 0
configure:5254: result: yes
configure:5254: checking for sys/stat.h
configure:5254: gcc -c -g -O2  conftest.c >&5
configure:5254: $? = 0
configure:5254: result: yes
configure:5254: checking for stdlib.h
configure:5254: gcc -c -g -O2  conftest.c >&5
configure:5254: $? = 0
configure:5254: result: yes
configure:5254: checking for string.h
configure:5254: gcc -c -g -O2  conftest.c >&5
configure:5254: $? = 0
configure:5254: result: yes
configure:5254: checking for memory.h
configure:5254: gcc -c -g -O2  conftest.c >&5
configure:5254: $? = 0
configure:5254: result: yes
configure:5254: checking for strings.h
configure:5254: gcc -c -g -O2  conftest.c >&5
configure:5254: $? = 0
configure:5254: result: yes
configure:5254: checking for inttypes.h
configure:5254: gcc -c -g -O2  conftest.c >&5
configure:5254: $? = 0
configure:5254: result: yes
configure:5254: checking for stdint.h
configure:5254: gcc -c -g -O2  conftest.c >&5
configure:5254: $? = 0
configure:5254: result: yes
configure:5254: checking for unistd.h
configure:5254: gcc -c -g -O2  conftest.c >&5
configure:5254: $? = 0
configure:5254: result: yes
configure:5269: checking errno.h usability
configure:5269: gcc -c -g -O2  conftest.c >&5
configure:5269: $? = 0
configure:5269: result: yes
configure:5269: checking errno.h presence
configure:5269: gcc -E  conftest.c
configure:5269: $? = 0
configure:5269: result: yes
configure:5269: checking for errno.h
configure:5269: result: yes
configure:5269: checking limits.h usability
configure:5269: gcc -c -g -O2  conftest.c >&5
configure:5269: $? = 0
configure:5269: result: yes
configure:5269: checking limits.h presence
configure:5269: gcc -E  conftest.c
configure:5269: $? = 0
configure:5269: result: yes
configure:5269: checking for limits.h
configure:5269: result: yes
configure:5269: checking stddef.h usability
configure:5269: gcc -c -g -O2  conftest.c >&5
configure:5269: $? = 0
configure:5269: result: yes
configure:5269: checking stddef.h presence
configure:5269: gcc -E  conftest.c
configure:5269: $? = 0
configure:5269: result: yes
configure:5269: checking for stddef.h
configure:5269: result: yes
configure:5269: checking for stdlib.h
configure:5269: result: yes
configure:5269: checking for string.h
configure:5269: result: yes
configure:5269: checking for unistd.h
configure:5269: result: yes
configure:5281: checking for an ANSI C-conforming const
configure:5347: gcc -c -g -O2  conftest.c >&5
configure:5347: $? = 0
configure:5354: result: yes
configure:5362: checking for size_t
configure:5362: gcc -c -g -O2  conftest.c >&5
configure:5362: $? = 0
configure:5362: gcc -c -g -O2  conftest.c >&5
conftest.c: In function 'main':
conftest.c:63:21: error: expected expression before ')' token
 if (sizeof ((size_t)))
                     ^
configure:5362: $? = 1
configure: failed program was:
| /* confdefs.h */
| #define PACKAGE_NAME "gd (TeX Live)"
| #define PACKAGE_TARNAME "gd--tex-live-"
| #define PACKAGE_VERSION "2.1.1"
| #define PACKAGE_STRING "gd (TeX Live) 2.1.1"
| #define PACKAGE_BUGREPORT "tex-k@tug.org"
| #define PACKAGE_URL ""
| #define PACKAGE "gd--tex-live-"
| #define VERSION "2.1.1"
| #define STDC_HEADERS 1
| #define HAVE_SYS_TYPES_H 1
| #define HAVE_SYS_STAT_H 1
| #define HAVE_STDLIB_H 1
| #define HAVE_STRING_H 1
| #define HAVE_MEMORY_H 1
| #define HAVE_STRINGS_H 1
| #define HAVE_INTTYPES_H 1
| #define HAVE_STDINT_H 1
| #define HAVE_UNISTD_H 1
| #define HAVE_ERRNO_H 1
| #define HAVE_LIMITS_H 1
| #define HAVE_STDDEF_H 1
| #define HAVE_STDLIB_H 1
| #define HAVE_STRING_H 1
| #define HAVE_UNISTD_H 1
| /* end confdefs.h.  */
| #include <stdio.h>
| #ifdef HAVE_SYS_TYPES_H
| # include <sys/types.h>
| #endif
| #ifdef HAVE_SYS_STAT_H
| # include <sys/stat.h>
| #endif
| #ifdef STDC_HEADERS
| # include <stdlib.h>
| # include <stddef.h>
| #else
| # ifdef HAVE_STDLIB_H
| #  include <stdlib.h>
| # endif
| #endif
| #ifdef HAVE_STRING_H
| # if !defined STDC_HEADERS && defined HAVE_MEMORY_H
| #  include <memory.h>
| # endif
| # include <string.h>
| #endif
| #ifdef HAVE_STRINGS_H
| # include <strings.h>
| #endif
| #ifdef HAVE_INTTYPES_H
| # include <inttypes.h>
| #endif
| #ifdef HAVE_STDINT_H
| # include <stdint.h>
| #endif
| #ifdef HAVE_UNISTD_H
| # include <unistd.h>
| #endif
| int
| main ()
| {
| if (sizeof ((size_t)))
| 	    return 0;
|   ;
|   return 0;
| }
configure:5362: result: yes
configure:5373: checking whether struct tm is in sys/time.h or time.h
configure:5393: gcc -c -g -O2  conftest.c >&5
configure:5393: $? = 0
configure:5400: result: time.h
configure:5410: checking for library containing sin
configure:5441: gcc -o conftest -g -O2   conftest.c  >&5
conftest.c:34:6: warning: conflicting types for built-in function 'sin'
 char sin ();
      ^
/tmp/ccQjHvz4.o: In function `main':
/home/maqiyuan/Desktop/texlive-mobile/src/texlive-source/libs/gd/conftest.c:38: undefined reference to `sin'
collect2: error: ld returned 1 exit status
configure:5441: $? = 1
configure: failed program was:
| /* confdefs.h */
| #define PACKAGE_NAME "gd (TeX Live)"
| #define PACKAGE_TARNAME "gd--tex-live-"
| #define PACKAGE_VERSION "2.1.1"
| #define PACKAGE_STRING "gd (TeX Live) 2.1.1"
| #define PACKAGE_BUGREPORT "tex-k@tug.org"
| #define PACKAGE_URL ""
| #define PACKAGE "gd--tex-live-"
| #define VERSION "2.1.1"
| #define STDC_HEADERS 1
| #define HAVE_SYS_TYPES_H 1
| #define HAVE_SYS_STAT_H 1
| #define HAVE_STDLIB_H 1
| #define HAVE_STRING_H 1
| #define HAVE_MEMORY_H 1
| #define HAVE_STRINGS_H 1
| #define HAVE_INTTYPES_H 1
| #define HAVE_STDINT_H 1
| #define HAVE_UNISTD_H 1
| #define HAVE_ERRNO_H 1
| #define HAVE_LIMITS_H 1
| #define HAVE_STDDEF_H 1
| #define HAVE_STDLIB_H 1
| #define HAVE_STRING_H 1
| #define HAVE_UNISTD_H 1
| /* end confdefs.h.  */
| 
| /* Override any GCC internal prototype to avoid an error.
|    Use char because int might match the return type of a GCC
|    builtin and then its argument prototype would still apply.  */
| #ifdef __cplusplus
| extern "C"
| #endif
| char sin ();
| int
| main ()
| {
| return sin ();
|   ;
|   return 0;
| }
configure:5441: gcc -o conftest -g -O2   conftest.c -lm   >&5
conftest.c:34:6: warning: conflicting types for built-in function 'sin'
 char sin ();
      ^
configure:5441: $? = 0
configure:5458: result: -lm
configure:5510: checking if <zlib.h> defines 'z_const'
configure:5529: gcc -c -g -O2 -I/home/maqiyuan/Desktop/texlive-mobile/src/texlive-source/libs/zlib/include  conftest.c >&5
configure:5529: $? = 0
configure:5539: result: yes
configure:5556: checking build system type
configure:5570: result: x86_64-pc-linux-gnu
configure:5590: checking host system type
configure:5603: result: x86_64-pc-linux-gnu
configure:5666: checking for pkg-config
configure:5682: found /usr/bin/pkg-config
configure:5693: result: pkg-config
configure:5869: checking for deflate
configure:5869: gcc -o conftest -g -O2 -I/home/maqiyuan/Desktop/texlive-mobile/src/texlive-source/libs/zlib/include   conftest.c /home/maqiyuan/Desktop/texlive-mobile/src/texlive-source/libs/zlib/libz.a -lm  >&5
configure:5869: $? = 0
configure:5869: result: yes
configure:5878: checking zlib.h usability
configure:5878: gcc -c -g -O2 -I/home/maqiyuan/Desktop/texlive-mobile/src/texlive-source/libs/zlib/include  conftest.c >&5
configure:5878: $? = 0
configure:5878: result: yes
configure:5878: checking zlib.h presence
configure:5878: gcc -E -I/home/maqiyuan/Desktop/texlive-mobile/src/texlive-source/libs/zlib/include  conftest.c
configure:5878: $? = 0
configure:5878: result: yes
configure:5878: checking for zlib.h
configure:5878: result: yes
configure:5894: checking for png_create_read_struct
configure:5894: gcc -o conftest -g -O2 -I/home/maqiyuan/Desktop/texlive-mobile/src/texlive-source/libs/libpng/include -I/home/maqiyuan/Desktop/texlive-mobile/src/texlive-source/libs/zlib/include   conftest.c /home/maqiyuan/Desktop/texlive-mobile/src/texlive-source/libs/libpng/libpng.a /home/maqiyuan/Desktop/texlive-mobile/src/texlive-source/libs/zlib/libz.a -lm  >&5
configure:5894: $? = 0
configure:5894: result: yes
configure:5903: checking png.h usability
configure:5903: gcc -c -g -O2 -I/home/maqiyuan/Desktop/texlive-mobile/src/texlive-source/libs/libpng/include -I/home/maqiyuan/Desktop/texlive-mobile/src/texlive-source/libs/zlib/include  conftest.c >&5
configure:5903: $? = 0
configure:5903: result: yes
configure:5903: checking png.h presence
configure:5903: gcc -E -I/home/maqiyuan/Desktop/texlive-mobile/src/texlive-source/libs/libpng/include -I/home/maqiyuan/Desktop/texlive-mobile/src/texlive-source/libs/zlib/include  conftest.c
configure:5903: $? = 0
configure:5903: result: yes
configure:5903: checking for png.h
configure:5903: result: yes
configure:5919: checking for FT_Init_FreeType
configure:5919: gcc -o conftest -g -O2 -I/home/maqiyuan/Desktop/texlive-mobile/src/texlive-source/libs/freetype2/freetype2 -I/home/maqiyuan/Desktop/texlive-mobile/src/texlive-source/libs/libpng/include -I/home/maqiyuan/Desktop/texlive-mobile/src/texlive-source/libs/zlib/include   conftest.c /home/maqiyuan/Desktop/texlive-mobile/src/texlive-source/libs/freetype2/libfreetype.a /home/maqiyuan/Desktop/texlive-mobile/src/texlive-source/libs/libpng/libpng.a /home/maqiyuan/Desktop/texlive-mobile/src/texlive-source/libs/zlib/libz.a -lm  >&5
configure:5919: $? = 0
configure:5919: result: yes
configure:5928: checking ft2build.h usability
configure:5928: gcc -c -g -O2 -I/home/maqiyuan/Desktop/texlive-mobile/src/texlive-source/libs/freetype2/freetype2 -I/home/maqiyuan/Desktop/texlive-mobile/src/texlive-source/libs/libpng/include -I/home/maqiyuan/Desktop/texlive-mobile/src/texlive-source/libs/zlib/include  conftest.c >&5
configure:5928: $? = 0
configure:5928: result: yes
configure:5928: checking ft2build.h presence
configure:5928: gcc -E -I/home/maqiyuan/Desktop/texlive-mobile/src/texlive-source/libs/freetype2/freetype2 -I/home/maqiyuan/Desktop/texlive-mobile/src/texlive-source/libs/libpng/include -I/home/maqiyuan/Desktop/texlive-mobile/src/texlive-source/libs/zlib/include  conftest.c
configure:5928: $? = 0
configure:5928: result: yes
configure:5928: checking for ft2build.h
configure:5928: result: yes
configure:5967: checking for native WIN32 or MINGW32
configure:5985: gcc -c -g -O2  conftest.c >&5
conftest.c:38:3: error: unknown type name 'choke'
   choke me
   ^
conftest.c:40:1: error: expected '=', ',', ';', 'asm' or '__attribute__' before 'int'
 int
 ^
configure:5985: $? = 1
configure: failed program was:
| /* confdefs.h */
| #define PACKAGE_NAME "gd (TeX Live)"
| #define PACKAGE_TARNAME "gd--tex-live-"
| #define PACKAGE_VERSION "2.1.1"
| #define PACKAGE_STRING "gd (TeX Live) 2.1.1"
| #define PACKAGE_BUGREPORT "tex-k@tug.org"
| #define PACKAGE_URL ""
| #define PACKAGE "gd--tex-live-"
| #define VERSION "2.1.1"
| #define STDC_HEADERS 1
| #define HAVE_SYS_TYPES_H 1
| #define HAVE_SYS_STAT_H 1
| #define HAVE_STDLIB_H 1
| #define HAVE_STRING_H 1
| #define HAVE_MEMORY_H 1
| #define HAVE_STRINGS_H 1
| #define HAVE_INTTYPES_H 1
| #define HAVE_STDINT_H 1
| #define HAVE_UNISTD_H 1
| #define HAVE_ERRNO_H 1
| #define HAVE_LIMITS_H 1
| #define HAVE_STDDEF_H 1
| #define HAVE_STDLIB_H 1
| #define HAVE_STRING_H 1
| #define HAVE_UNISTD_H 1
| #define ZLIB_CONST 1
| #define HAVE_ZLIB_H 1
| #define HAVE_PNG_H 1
| #define HAVE_FT2BUILD_H 1
| #define HAVE_LIBZ 1
| #define HAVE_ZLIB_H 1
| #define HAVE_LIBPNG 1
| #define HAVE_PNG_H 1
| #define HAVE_LIBFREETYPE 1
| #define HAVE_FT2BUILD_H 1
| /* end confdefs.h.  */
| #ifndef WIN32
|   choke me
| #endif
| int
| main ()
| {
| 
|   ;
|   return 0;
| }
configure:6010: result: no
configure:6135: checking that generated files are newer than configure
configure:6141: result: done
configure:6180: creating ./config.status

## ---------------------- ##
## Running config.status. ##
## ---------------------- ##

This file was extended by gd (TeX Live) config.status 2.1.1, which was
generated by GNU Autoconf 2.69.  Invocation command line was

  CONFIG_FILES    = 
  CONFIG_HEADERS  = 
  CONFIG_LINKS    = 
  CONFIG_COMMANDS = 
  $ ./config.status 

on maqiyuan-E430c

config.status:914: creating Makefile
config.status:914: creating include/Makefile
config.status:914: creating config.h
config.status:1143: executing depfiles commands

## ---------------- ##
## Cache variables. ##
## ---------------- ##

ac_cv_build=x86_64-pc-linux-gnu
ac_cv_c_compiler_gnu=yes
ac_cv_c_const=yes
ac_cv_env_CC_set=
ac_cv_env_CC_value=
ac_cv_env_CFLAGS_set=
ac_cv_env_CFLAGS_value=
ac_cv_env_CPPFLAGS_set=
ac_cv_env_CPPFLAGS_value=
ac_cv_env_CPP_set=
ac_cv_env_CPP_value=
ac_cv_env_LDFLAGS_set=
ac_cv_env_LDFLAGS_value=
ac_cv_env_LIBS_set=
ac_cv_env_LIBS_value=
ac_cv_env_build_alias_set=
ac_cv_env_build_alias_value=
ac_cv_env_host_alias_set=
ac_cv_env_host_alias_value=
ac_cv_env_target_alias_set=
ac_cv_env_target_alias_value=
ac_cv_func_FT_Init_FreeType=yes
ac_cv_func_deflate=yes
ac_cv_func_png_create_read_struct=yes
ac_cv_header_errno_h=yes
ac_cv_header_ft2build_h=yes
ac_cv_header_inttypes_h=yes
ac_cv_header_limits_h=yes
ac_cv_header_memory_h=yes
ac_cv_header_png_h=yes
ac_cv_header_stdc=yes
ac_cv_header_stddef_h=yes
ac_cv_header_stdint_h=yes
ac_cv_header_stdlib_h=yes
ac_cv_header_string_h=yes
ac_cv_header_strings_h=yes
ac_cv_header_sys_stat_h=yes
ac_cv_header_sys_types_h=yes
ac_cv_header_unistd_h=yes
ac_cv_header_zlib_h=yes
ac_cv_host=x86_64-pc-linux-gnu
ac_cv_objext=o
ac_cv_path_EGREP='/bin/grep -E'
ac_cv_path_GREP=/bin/grep
ac_cv_path_install='/usr/bin/install -c'
ac_cv_path_mkdir=/bin/mkdir
ac_cv_prog_AWK=gawk
ac_cv_prog_CPP='gcc -E'
ac_cv_prog_ac_ct_CC=gcc
ac_cv_prog_ac_ct_PKG_CONFIG=pkg-config
ac_cv_prog_ac_ct_RANLIB=ranlib
ac_cv_prog_cc_c89=
ac_cv_prog_cc_g=yes
ac_cv_prog_make_make_set=yes
ac_cv_search_sin=-lm
ac_cv_struct_tm=time.h
ac_cv_type_size_t=yes
am_cv_CC_dependencies_compiler_type=gcc3
am_cv_make_support_nested_variables=yes
am_cv_prog_cc_c_o=yes
kb_cv_c_prototypes=yes
kpse_cv_have_decl_z_const=yes
kpse_cv_have_win32=no
kpse_cv_warning_cflags='-Wimplicit -Wreturn-type -Wdeclaration-after-statement -Wno-unknown-pragmas'

## ----------------- ##
## Output variables. ##
## ----------------- ##

	cd ${top_builddir}/../../libs/freetype2 && $(MAKE) $(AM_MAKEFLAGS) rebuild
	cd ${top_builddir}/../../libs/freetype2 && $(MAKE) $(AM_MAKEFLAGS) rebuild'
	cd ${top_builddir}/../../libs/libpng && $(MAKE) $(AM_MAKEFLAGS) rebuild
	cd ${top_builddir}/../../libs/libpng && $(MAKE) $(AM_MAKEFLAGS) rebuild'
	cd ${top_builddir}/../../libs/zlib && $(MAKE) $(AM_MAKEFLAGS) rebuild
	cd ${top_builddir}/../../libs/zlib && $(MAKE) $(AM_MAKEFLAGS) rebuild'
$(FREETYPE2_DEPEND): ${top_builddir}/../../libs/freetype2/freetype2/ft2build.h
$(LIBPNG_DEPEND): ${top_builddir}/../../libs/libpng/include/png.h
$(ZLIB_DEPEND): ${top_builddir}/../../libs/zlib/include/zconf.h
${top_builddir}/../../libs/freetype2/freetype2/ft2build.h:
${top_builddir}/../../libs/libpng/include/png.h:
${top_builddir}/../../libs/zlib/include/zconf.h:
ACLOCAL='${SHELL} /home/maqiyuan/Desktop/texlive-mobile/src/texlive-source/build-aux/missing aclocal-1.15'
AMDEPBACKSLASH='\'
AMDEP_FALSE='#'
AMDEP_TRUE=''
AMTAR='$${TAR-tar}'
AM_BACKSLASH='\'
AM_DEFAULT_V='$(AM_DEFAULT_VERBOSITY)'
AM_DEFAULT_VERBOSITY='1'
AM_V='$(V)'
AUTOCONF='${SHELL} /home/maqiyuan/Desktop/texlive-mobile/src/texlive-source/build-aux/missing autoconf'
AUTOHEADER='${SHELL} /home/maqiyuan/Desktop/texlive-mobile/src/texlive-source/build-aux/missing autoheader'
AUTOMAKE='${SHELL} /home/maqiyuan/Desktop/texlive-mobile/src/texlive-source/build-aux/missing automake-1.15'
AWK='gawk'
CC='gcc'
CCDEPMODE='depmode=gcc3'
CFLAGS='-g -O2'
CPP='gcc -E'
CPPFLAGS=''
CYGPATH_W='echo'
DEFS='-DHAVE_CONFIG_H'
DEPDIR='.deps'
ECHO_C=''
ECHO_N='-n'
ECHO_T=''
EGREP='/bin/grep -E'
EXEEXT=''
FREETYPE2_DEPEND='${top_builddir}/../../libs/freetype2/libfreetype.a'
FREETYPE2_INCLUDES='-I/home/maqiyuan/Desktop/texlive-mobile/src/texlive-source/libs/freetype2/freetype2'
FREETYPE2_LIBS='/home/maqiyuan/Desktop/texlive-mobile/src/texlive-source/libs/freetype2/libfreetype.a'
FREETYPE2_RULE='# Rebuild libfreetype
FT2_CONFIG=''
GD_TREE='libgd-2.1.1'
GREP='/bin/grep'
INSTALL_DATA='${INSTALL} -m 644'
INSTALL_PROGRAM='${INSTALL}'
INSTALL_SCRIPT='${INSTALL}'
INSTALL_STRIP_PROGRAM='$(install_sh) -c -s'
LDFLAGS=''
LIBOBJS=''
LIBPNG_DEPEND='${top_builddir}/../../libs/libpng/libpng.a'
LIBPNG_INCLUDES='-I/home/maqiyuan/Desktop/texlive-mobile/src/texlive-source/libs/libpng/include'
LIBPNG_LIBS='/home/maqiyuan/Desktop/texlive-mobile/src/texlive-source/libs/libpng/libpng.a'
LIBPNG_RULE='# Rebuild libpng
LIBS='-lm '
LN_S='ln -s'
LTLIBOBJS=''
MAINT='#'
MAINTAINER_MODE_FALSE=''
MAINTAINER_MODE_TRUE='#'
MAKEINFO='${SHELL} /home/maqiyuan/Desktop/texlive-mobile/src/texlive-source/build-aux/missing makeinfo'
MKDIR_P='/bin/mkdir -p'
OBJEXT='o'
PACKAGE='gd--tex-live-'
PACKAGE_BUGREPORT='tex-k@tug.org'
PACKAGE_NAME='gd (TeX Live)'
PACKAGE_STRING='gd (TeX Live) 2.1.1'
PACKAGE_TARNAME='gd--tex-live-'
PACKAGE_URL=''
PACKAGE_VERSION='2.1.1'
PATH_SEPARATOR=':'
PKG_CONFIG='pkg-config'
RANLIB='ranlib'
SET_MAKE=''
SHELL='/bin/bash'
STRIP=''
VERSION='2.1.1'
WARNING_CFLAGS='-Wimplicit -Wreturn-type -Wdeclaration-after-statement -Wno-unknown-pragmas'
WIN32_FALSE=''
WIN32_TRUE='#'
ZLIB_DEPEND='${top_builddir}/../../libs/zlib/libz.a'
ZLIB_INCLUDES='-I/home/maqiyuan/Desktop/texlive-mobile/src/texlive-source/libs/zlib/include'
ZLIB_LIBS='/home/maqiyuan/Desktop/texlive-mobile/src/texlive-source/libs/zlib/libz.a'
ZLIB_RULE='# Rebuild libz
ac_ct_CC='gcc'
am__EXEEXT_FALSE=''
am__EXEEXT_TRUE='#'
am__fastdepCC_FALSE='#'
am__fastdepCC_TRUE=''
am__include='include'
am__isrc=''
am__leading_dot='.'
am__nodep='_no'
am__quote=''
am__tar='$${TAR-tar} chof - "$$tardir"'
am__untar='$${TAR-tar} xf -'
bindir='${exec_prefix}/bin/x86_64-pc-linux-gnu'
build='x86_64-pc-linux-gnu'
build_FALSE='#'
build_TRUE=''
build_alias=''
build_cpu='x86_64'
build_os='linux-gnu'
build_vendor='pc'
datadir='${datarootdir}'
datarootdir='${prefix}'
docdir='${datarootdir}/doc/${PACKAGE_TARNAME}'
dvidir='${docdir}'
exec_prefix='${prefix}'
host='x86_64-pc-linux-gnu'
host_alias=''
host_cpu='x86_64'
host_os='linux-gnu'
host_vendor='pc'
htmldir='${docdir}'
includedir='${prefix}/include'
infodir='${prefix}/texmf-dist/doc/info'
install_sh='${SHELL} /home/maqiyuan/Desktop/texlive-mobile/src/texlive-source/build-aux/install-sh'
libdir='${exec_prefix}/lib/x86_64-pc-linux-gnu'
libexecdir='${exec_prefix}/libexec'
localedir='${datarootdir}/locale'
localstatedir='${prefix}/var'
mandir='${prefix}/texmf-dist/doc/man'
mkdir_p='$(MKDIR_P)'
oldincludedir='/usr/include'
pdfdir='${docdir}'
prefix='/usr/local'
program_transform_name='s,x,x,'
psdir='${docdir}'
sbindir='${exec_prefix}/sbin'
sharedstatedir='${prefix}/com'
sysconfdir='${prefix}/etc'
target_alias=''

## ----------- ##
## confdefs.h. ##
## ----------- ##

/* confdefs.h */
#define PACKAGE_NAME "gd (TeX Live)"
#define PACKAGE_TARNAME "gd--tex-live-"
#define PACKAGE_VERSION "2.1.1"
#define PACKAGE_STRING "gd (TeX Live) 2.1.1"
#define PACKAGE_BUGREPORT "tex-k@tug.org"
#define PACKAGE_URL ""
#define PACKAGE "gd--tex-live-"
#define VERSION "2.1.1"
#define STDC_HEADERS 1
#define HAVE_SYS_TYPES_H 1
#define HAVE_SYS_STAT_H 1
#define HAVE_STDLIB_H 1
#define HAVE_STRING_H 1
#define HAVE_MEMORY_H 1
#define HAVE_STRINGS_H 1
#define HAVE_INTTYPES_H 1
#define HAVE_STDINT_H 1
#define HAVE_UNISTD_H 1
#define HAVE_ERRNO_H 1
#define HAVE_LIMITS_H 1
#define HAVE_STDDEF_H 1
#define HAVE_STDLIB_H 1
#define HAVE_STRING_H 1
#define HAVE_UNISTD_H 1
#define ZLIB_CONST 1
#define HAVE_ZLIB_H 1
#define HAVE_PNG_H 1
#define HAVE_FT2BUILD_H 1
#define HAVE_LIBZ 1
#define HAVE_ZLIB_H 1
#define HAVE_LIBPNG 1
#define HAVE_PNG_H 1
#define HAVE_LIBFREETYPE 1
#define HAVE_FT2BUILD_H 1

configure: exit 0
