This file contains any messages produced by compilers while
running configure, to aid debugging if configure makes a mistake.

It was created by extended BibTeX (TeX Live) configure 3.71, which was
generated by GNU Autoconf 2.69.  Invocation command line was

  $ ./configure --disable-option-checking --prefix=/usr/local --enable-build-in-source-tree --enable-native-texlive-build --enable-largefile --disable-silent-rules --enable-multiplatform=yes --enable-cxx-runtime-hack=yes --enable-libtool-hack=yes --disable-shared --enable-texlive-build --bindir=${exec_prefix}/bin/x86_64-pc-linux-gnu --libdir=${exec_prefix}/lib/x86_64-pc-linux-gnu --with-x --enable-devnag=yes --enable-lacheck=yes --enable-m-tx=yes --enable-pmx=yes --enable-ps2eps=yes --enable-t1utils=yes --enable-texdoctk=yes --enable-tpic2pdftex=yes --enable-vlna=yes --enable-xindy=no --with-clisp-runtime=default --enable-xpdfopen=yes --enable-web2c=yes --enable-afm2pl=yes --enable-bibtex-x=yes --enable-chktex=yes --enable-cjkutils=yes --enable-detex=yes --enable-dtl=yes --enable-dvi2tty=yes --enable-dvidvi=yes --enable-dviljk=yes --enable-dvipdfm-x=yes --enable-dvipng=yes --enable-dvipos=yes --enable-dvipsk=yes --enable-dvisvgm=yes --enable-gregorio=yes --enable-gsftopk=yes --enable-lcdf-typetools=yes --enable-makeindexk=yes --enable-makejvf=yes --enable-mendexk=yes --enable-musixtnt=yes --enable-ps2pk=yes --enable-psutils=yes --enable-seetexk=yes --enable-tex4htk=yes --enable-ttf2pk2=yes --enable-ttfdump=yes --enable-xdvik=yes --enable-texlive=yes --with-system-harfbuzz=no --with-system-icu=no --with-system-teckit=no --with-system-graphite2=no --with-system-zziplib=no --with-system-xpdf=no --with-system-poppler=no --with-system-mpfr=no --with-system-gmp=no --with-system-cairo=no --with-system-pixman=no --with-system-potrace=no --with-system-gd=no --with-system-freetype2=no --with-system-libpng=no --with-system-libpaper=no --with-system-zlib=no --with-system-ptexenc=no --with-system-kpathsea=no --datarootdir=${prefix} --mandir=${prefix}/texmf-dist/doc/man --infodir=${prefix}/texmf-dist/doc/info --cache-file=/dev/null --srcdir=.

## --------- ##
## Platform. ##
## --------- ##

hostname = maqiyuan-E430c
uname -m = x86_64
uname -r = 4.4.0-31-generic
uname -s = Linux
uname -v = #50-Ubuntu SMP Wed Jul 13 00:07:12 UTC 2016

/usr/bin/uname -p = unknown
/bin/uname -X     = unknown

/bin/arch              = unknown
/usr/bin/arch -k       = unknown
/usr/convex/getsysinfo = unknown
/usr/bin/hostinfo      = unknown
/bin/machine           = unknown
/usr/bin/oslevel       = unknown
/bin/universe          = unknown

PATH: /usr/local/sbin
PATH: /usr/local/bin
PATH: /usr/sbin
PATH: /usr/bin
PATH: /sbin
PATH: /bin
PATH: /usr/games
PATH: /usr/local/games
PATH: /snap/bin
PATH: /home/maqiyuan/bin/FDK/Tools/linux


## ----------- ##
## Core tests. ##
## ----------- ##

configure:2819: checking for a BSD-compatible install
configure:2887: result: /usr/bin/install -c
configure:2898: checking whether build environment is sane
configure:2953: result: yes
configure:3104: checking for a thread-safe mkdir -p
configure:3143: result: /bin/mkdir -p
configure:3150: checking for gawk
configure:3166: found /usr/bin/gawk
configure:3177: result: gawk
configure:3188: checking whether make sets $(MAKE)
configure:3210: result: yes
configure:3239: checking whether make supports nested variables
configure:3256: result: yes
configure:3279: checking for style of include used by make
configure:3307: result: GNU
configure:3378: checking for gcc
configure:3394: found /usr/bin/gcc
configure:3405: result: gcc
configure:3634: checking for C compiler version
configure:3643: gcc --version >&5
gcc (Ubuntu 5.4.0-6ubuntu1~16.04.1) 5.4.0 20160609
Copyright (C) 2015 Free Software Foundation, Inc.
This is free software; see the source for copying conditions.  There is NO
warranty; not even for MERCHANTABILITY or FITNESS FOR A PARTICULAR PURPOSE.

configure:3654: $? = 0
configure:3643: gcc -v >&5
Using built-in specs.
COLLECT_GCC=gcc
COLLECT_LTO_WRAPPER=/usr/lib/gcc/x86_64-linux-gnu/5/lto-wrapper
Target: x86_64-linux-gnu
Configured with: ../src/configure -v --with-pkgversion='Ubuntu 5.4.0-6ubuntu1~16.04.1' --with-bugurl=file:///usr/share/doc/gcc-5/README.Bugs --enable-languages=c,ada,c++,java,go,d,fortran,objc,obj-c++ --prefix=/usr --program-suffix=-5 --enable-shared --enable-linker-build-id --libexecdir=/usr/lib --without-included-gettext --enable-threads=posix --libdir=/usr/lib --enable-nls --with-sysroot=/ --enable-clocale=gnu --enable-libstdcxx-debug --enable-libstdcxx-time=yes --with-default-libstdcxx-abi=new --enable-gnu-unique-object --disable-vtable-verify --enable-libmpx --enable-plugin --with-system-zlib --disable-browser-plugin --enable-java-awt=gtk --enable-gtk-cairo --with-java-home=/usr/lib/jvm/java-1.5.0-gcj-5-amd64/jre --enable-java-home --with-jvm-root-dir=/usr/lib/jvm/java-1.5.0-gcj-5-amd64 --with-jvm-jar-dir=/usr/lib/jvm-exports/java-1.5.0-gcj-5-amd64 --with-arch-directory=amd64 --with-ecj-jar=/usr/share/java/eclipse-ecj.jar --enable-objc-gc --enable-multiarch --disable-werror --with-arch-32=i686 --with-abi=m64 --with-multilib-list=m32,m64,mx32 --enable-multilib --with-tune=generic --enable-checking=release --build=x86_64-linux-gnu --host=x86_64-linux-gnu --target=x86_64-linux-gnu
Thread model: posix
gcc version 5.4.0 20160609 (Ubuntu 5.4.0-6ubuntu1~16.04.1) 
configure:3654: $? = 0
configure:3643: gcc -V >&5
gcc: error: unrecognized command line option '-V'
gcc: fatal error: no input files
compilation terminated.
configure:3654: $? = 1
configure:3643: gcc -qversion >&5
gcc: error: unrecognized command line option '-qversion'
gcc: fatal error: no input files
compilation terminated.
configure:3654: $? = 1
configure:3674: checking whether the C compiler works
configure:3696: gcc    conftest.c  >&5
configure:3700: $? = 0
configure:3748: result: yes
configure:3751: checking for C compiler default output file name
configure:3753: result: a.out
configure:3759: checking for suffix of executables
configure:3766: gcc -o conftest    conftest.c  >&5
configure:3770: $? = 0
configure:3792: result: 
configure:3814: checking whether we are cross compiling
configure:3822: gcc -o conftest    conftest.c  >&5
configure:3826: $? = 0
configure:3833: ./conftest
configure:3837: $? = 0
configure:3852: result: no
configure:3857: checking for suffix of object files
configure:3879: gcc -c   conftest.c >&5
configure:3883: $? = 0
configure:3904: result: o
configure:3908: checking whether we are using the GNU C compiler
configure:3927: gcc -c   conftest.c >&5
configure:3927: $? = 0
configure:3936: result: yes
configure:3945: checking whether gcc accepts -g
configure:3965: gcc -c -g  conftest.c >&5
configure:3965: $? = 0
configure:4006: result: yes
configure:4023: checking for gcc option to accept ISO C89
configure:4086: gcc  -c -g -O2  conftest.c >&5
configure:4086: $? = 0
configure:4099: result: none needed
configure:4124: checking whether gcc understands -c and -o together
configure:4146: gcc -c conftest.c -o conftest2.o
configure:4149: $? = 0
configure:4146: gcc -c conftest.c -o conftest2.o
configure:4149: $? = 0
configure:4161: result: yes
configure:4180: checking dependency style of gcc
configure:4291: result: gcc3
configure:4351: checking build system type
configure:4365: result: x86_64-pc-linux-gnu
configure:4385: checking host system type
configure:4398: result: x86_64-pc-linux-gnu
configure:4439: checking how to print strings
configure:4466: result: printf
configure:4487: checking for a sed that does not truncate output
configure:4551: result: /bin/sed
configure:4569: checking for grep that handles long lines and -e
configure:4627: result: /bin/grep
configure:4632: checking for egrep
configure:4694: result: /bin/grep -E
configure:4699: checking for fgrep
configure:4761: result: /bin/grep -F
configure:4796: checking for ld used by gcc
configure:4863: result: /usr/bin/ld
configure:4870: checking if the linker (/usr/bin/ld) is GNU ld
configure:4885: result: yes
configure:4897: checking for BSD- or MS-compatible name lister (nm)
configure:4951: result: /usr/bin/nm -B
configure:5081: checking the name lister (/usr/bin/nm -B) interface
configure:5088: gcc -c -g -O2  conftest.c >&5
configure:5091: /usr/bin/nm -B "conftest.o"
configure:5094: output
0000000000000000 B some_variable
configure:5101: result: BSD nm
configure:5104: checking whether ln -s works
configure:5108: result: yes
configure:5116: checking the maximum length of command line arguments
configure:5247: result: 1572864
configure:5295: checking how to convert x86_64-pc-linux-gnu file names to x86_64-pc-linux-gnu format
configure:5335: result: func_convert_file_noop
configure:5342: checking how to convert x86_64-pc-linux-gnu file names to toolchain format
configure:5362: result: func_convert_file_noop
configure:5369: checking for /usr/bin/ld option to reload object files
configure:5376: result: -r
configure:5450: checking for objdump
configure:5466: found /usr/bin/objdump
configure:5477: result: objdump
configure:5506: checking how to recognize dependent libraries
configure:5706: result: pass_all
configure:5791: checking for dlltool
configure:5821: result: no
configure:5848: checking how to associate runtime and link libraries
configure:5875: result: printf %s\n
configure:5935: checking for ar
configure:5951: found /usr/bin/ar
configure:5962: result: ar
configure:5999: checking for archiver @FILE support
configure:6016: gcc -c -g -O2  conftest.c >&5
configure:6016: $? = 0
configure:6019: ar cru libconftest.a @conftest.lst >&5
ar: `u' modifier ignored since `D' is the default (see `U')
configure:6022: $? = 0
configure:6027: ar cru libconftest.a @conftest.lst >&5
ar: `u' modifier ignored since `D' is the default (see `U')
ar: conftest.o: No such file or directory
configure:6030: $? = 1
configure:6042: result: @
configure:6100: checking for strip
configure:6116: found /usr/bin/strip
configure:6127: result: strip
configure:6199: checking for ranlib
configure:6215: found /usr/bin/ranlib
configure:6226: result: ranlib
configure:6328: checking command to parse /usr/bin/nm -B output from gcc object
configure:6481: gcc -c -g -O2  conftest.c >&5
configure:6484: $? = 0
configure:6488: /usr/bin/nm -B conftest.o \| sed -n -e 's/^.*[ ]\([ABCDGIRSTW][ABCDGIRSTW]*\)[ ][ ]*\([_A-Za-z][_A-Za-z0-9]*\)$/\1 \2 \2/p' | sed '/ __gnu_lto/d' \> conftest.nm
configure:6491: $? = 0
configure:6557: gcc -o conftest -g -O2   conftest.c conftstm.o >&5
configure:6560: $? = 0
configure:6598: result: ok
configure:6645: checking for sysroot
configure:6675: result: no
configure:6682: checking for a working dd
configure:6720: result: /bin/dd
configure:6724: checking how to truncate binary pipes
configure:6739: result: /bin/dd bs=4096 count=1
configure:6875: gcc -c -g -O2  conftest.c >&5
configure:6878: $? = 0
configure:7068: checking for mt
configure:7084: found /bin/mt
configure:7095: result: mt
configure:7118: checking if mt is a manifest tool
configure:7124: mt '-?'
configure:7132: result: no
configure:7809: checking how to run the C preprocessor
configure:7840: gcc -E  conftest.c
configure:7840: $? = 0
configure:7854: gcc -E  conftest.c
conftest.c:9:28: fatal error: ac_nonexistent.h: No such file or directory
compilation terminated.
configure:7854: $? = 1
configure: failed program was:
| /* confdefs.h */
| #define PACKAGE_NAME "extended BibTeX (TeX Live)"
| #define PACKAGE_TARNAME "extended-bibtex--tex-live-"
| #define PACKAGE_VERSION "3.71"
| #define PACKAGE_STRING "extended BibTeX (TeX Live) 3.71"
| #define PACKAGE_BUGREPORT "tex-k@tug.org"
| #define PACKAGE_URL ""
| /* end confdefs.h.  */
| #include <ac_nonexistent.h>
configure:7879: result: gcc -E
configure:7899: gcc -E  conftest.c
configure:7899: $? = 0
configure:7913: gcc -E  conftest.c
conftest.c:9:28: fatal error: ac_nonexistent.h: No such file or directory
compilation terminated.
configure:7913: $? = 1
configure: failed program was:
| /* confdefs.h */
| #define PACKAGE_NAME "extended BibTeX (TeX Live)"
| #define PACKAGE_TARNAME "extended-bibtex--tex-live-"
| #define PACKAGE_VERSION "3.71"
| #define PACKAGE_STRING "extended BibTeX (TeX Live) 3.71"
| #define PACKAGE_BUGREPORT "tex-k@tug.org"
| #define PACKAGE_URL ""
| /* end confdefs.h.  */
| #include <ac_nonexistent.h>
configure:7942: checking for ANSI C header files
configure:7962: gcc -c -g -O2  conftest.c >&5
configure:7962: $? = 0
configure:8035: gcc -o conftest -g -O2   conftest.c  >&5
configure:8035: $? = 0
configure:8035: ./conftest
configure:8035: $? = 0
configure:8046: result: yes
configure:8059: checking for sys/types.h
configure:8059: gcc -c -g -O2  conftest.c >&5
configure:8059: $? = 0
configure:8059: result: yes
configure:8059: checking for sys/stat.h
configure:8059: gcc -c -g -O2  conftest.c >&5
configure:8059: $? = 0
configure:8059: result: yes
configure:8059: checking for stdlib.h
configure:8059: gcc -c -g -O2  conftest.c >&5
configure:8059: $? = 0
configure:8059: result: yes
configure:8059: checking for string.h
configure:8059: gcc -c -g -O2  conftest.c >&5
configure:8059: $? = 0
configure:8059: result: yes
configure:8059: checking for memory.h
configure:8059: gcc -c -g -O2  conftest.c >&5
configure:8059: $? = 0
configure:8059: result: yes
configure:8059: checking for strings.h
configure:8059: gcc -c -g -O2  conftest.c >&5
configure:8059: $? = 0
configure:8059: result: yes
configure:8059: checking for inttypes.h
configure:8059: gcc -c -g -O2  conftest.c >&5
configure:8059: $? = 0
configure:8059: result: yes
configure:8059: checking for stdint.h
configure:8059: gcc -c -g -O2  conftest.c >&5
configure:8059: $? = 0
configure:8059: result: yes
configure:8059: checking for unistd.h
configure:8059: gcc -c -g -O2  conftest.c >&5
configure:8059: $? = 0
configure:8059: result: yes
configure:8073: checking for dlfcn.h
configure:8073: gcc -c -g -O2  conftest.c >&5
configure:8073: $? = 0
configure:8073: result: yes
configure:8192: checking whether to enable maintainer-specific portions of Makefiles
configure:8201: result: no
configure:8214: checking whether the compiler accepts prototypes
configure:8230: gcc -o conftest -g -O2   conftest.c  >&5
configure:8230: $? = 0
configure:8238: result: yes
configure:8243: checking what warning flags to pass to the C compiler
configure:8288: result: -Wimplicit -Wreturn-type -Wdeclaration-after-statement -Wno-unknown-pragmas
configure:8842: checking for objdir
configure:8857: result: .libs
configure:9121: checking if gcc supports -fno-rtti -fno-exceptions
configure:9139: gcc -c -g -O2  -fno-rtti -fno-exceptions conftest.c >&5
cc1: warning: command line option '-fno-rtti' is valid for C++/ObjC++ but not for C
configure:9143: $? = 0
configure:9156: result: no
configure:9514: checking for gcc option to produce PIC
configure:9521: result: -fPIC -DPIC
configure:9529: checking if gcc PIC flag -fPIC -DPIC works
configure:9547: gcc -c -g -O2  -fPIC -DPIC -DPIC conftest.c >&5
configure:9551: $? = 0
configure:9564: result: yes
configure:9593: checking if gcc static flag -static works
configure:9621: result: yes
configure:9636: checking if gcc supports -c -o file.o
configure:9657: gcc -c -g -O2  -o out/conftest2.o conftest.c >&5
configure:9661: $? = 0
configure:9683: result: yes
configure:9691: checking if gcc supports -c -o file.o
configure:9738: result: yes
configure:9771: checking whether the gcc linker (/usr/bin/ld -m elf_x86_64) supports shared libraries
configure:11030: result: yes
configure:11270: checking dynamic linker characteristics
configure:11851: gcc -o conftest -g -O2   -Wl,-rpath -Wl,/foo conftest.c  >&5
configure:11851: $? = 0
configure:12088: result: GNU/Linux ld.so
configure:12210: checking how to hardcode library paths into programs
configure:12235: result: immediate
configure:12783: checking whether stripping libraries is possible
configure:12788: result: yes
configure:12823: checking if libtool supports shared libraries
configure:12825: result: yes
configure:12828: checking whether to build shared libraries
configure:12853: result: no
configure:12856: checking whether to build static libraries
configure:12860: result: yes
configure:12904: checking for special C compiler options needed for large files
configure:12949: result: no
configure:12955: checking for _FILE_OFFSET_BITS value needed for large files
configure:12980: gcc -c -g -O2  conftest.c >&5
configure:12980: $? = 0
configure:13012: result: no
configure:13097: checking for _LARGEFILE_SOURCE value needed for large files
configure:13116: gcc -o conftest -g -O2   conftest.c  >&5
configure:13116: $? = 0
configure:13144: result: no
configure:13168: checking for dirent.h that defines DIR
configure:13187: gcc -c -g -O2  conftest.c >&5
configure:13187: $? = 0
configure:13195: result: yes
configure:13208: checking for library containing opendir
configure:13239: gcc -o conftest -g -O2   conftest.c  >&5
configure:13239: $? = 0
configure:13256: result: none required
configure:13323: checking for ANSI C header files
configure:13427: result: yes
configure:13435: checking whether closedir returns void
configure:13459: gcc -o conftest -g -O2   conftest.c  >&5
configure:13459: $? = 0
configure:13459: ./conftest
configure:13459: $? = 0
configure:13469: result: no
configure:13480: checking assert.h usability
configure:13480: gcc -c -g -O2  conftest.c >&5
configure:13480: $? = 0
configure:13480: result: yes
configure:13480: checking assert.h presence
configure:13480: gcc -E  conftest.c
configure:13480: $? = 0
configure:13480: result: yes
configure:13480: checking for assert.h
configure:13480: result: yes
configure:13480: checking float.h usability
configure:13480: gcc -c -g -O2  conftest.c >&5
configure:13480: $? = 0
configure:13480: result: yes
configure:13480: checking float.h presence
configure:13480: gcc -E  conftest.c
configure:13480: $? = 0
configure:13480: result: yes
configure:13480: checking for float.h
configure:13480: result: yes
configure:13480: checking limits.h usability
configure:13480: gcc -c -g -O2  conftest.c >&5
configure:13480: $? = 0
configure:13480: result: yes
configure:13480: checking limits.h presence
configure:13480: gcc -E  conftest.c
configure:13480: $? = 0
configure:13480: result: yes
configure:13480: checking for limits.h
configure:13480: result: yes
configure:13480: checking pwd.h usability
configure:13480: gcc -c -g -O2  conftest.c >&5
configure:13480: $? = 0
configure:13480: result: yes
configure:13480: checking pwd.h presence
configure:13480: gcc -E  conftest.c
configure:13480: $? = 0
configure:13480: result: yes
configure:13480: checking for pwd.h
configure:13480: result: yes
configure:13480: checking for stdlib.h
configure:13480: result: yes
configure:13480: checking sys/param.h usability
configure:13480: gcc -c -g -O2  conftest.c >&5
configure:13480: $? = 0
configure:13480: result: yes
configure:13480: checking sys/param.h presence
configure:13480: gcc -E  conftest.c
configure:13480: $? = 0
configure:13480: result: yes
configure:13480: checking for sys/param.h
configure:13480: result: yes
configure:13492: checking for putenv
configure:13492: gcc -o conftest -g -O2   conftest.c  >&5
configure:13492: $? = 0
configure:13492: result: yes
configure:13504: checking for getcwd
configure:13504: gcc -o conftest -g -O2   conftest.c  >&5
configure:13504: $? = 0
configure:13504: result: yes
configure:13504: checking for getwd
configure:13504: gcc -o conftest -g -O2   conftest.c  >&5
/tmp/ccjtHQp2.o: In function `main':
/home/maqiyuan/Desktop/texlive-mobile/src/texlive-source/texk/bibtex-x/conftest.c:66: warning: the `getwd' function is dangerous and should not be used.
configure:13504: $? = 0
configure:13504: result: yes
configure:13504: checking for memcmp
configure:13504: gcc -o conftest -g -O2   conftest.c  >&5
conftest.c:56:6: warning: conflicting types for built-in function 'memcmp'
 char memcmp ();
      ^
configure:13504: $? = 0
configure:13504: result: yes
configure:13504: checking for memcpy
configure:13504: gcc -o conftest -g -O2   conftest.c  >&5
conftest.c:57:6: warning: conflicting types for built-in function 'memcpy'
 char memcpy ();
      ^
configure:13504: $? = 0
configure:13504: result: yes
configure:13504: checking for mkstemp
configure:13504: gcc -o conftest -g -O2   conftest.c  >&5
configure:13504: $? = 0
configure:13504: result: yes
configure:13504: checking for mktemp
configure:13504: gcc -o conftest -g -O2   conftest.c  >&5
/tmp/cctUX0Ut.o: In function `main':
/home/maqiyuan/Desktop/texlive-mobile/src/texlive-source/texk/bibtex-x/conftest.c:70: warning: the use of `mktemp' is dangerous, better use `mkstemp' or `mkdtemp'
configure:13504: $? = 0
configure:13504: result: yes
configure:13504: checking for strchr
configure:13504: gcc -o conftest -g -O2   conftest.c  >&5
conftest.c:60:6: warning: conflicting types for built-in function 'strchr'
 char strchr ();
      ^
configure:13504: $? = 0
configure:13504: result: yes
configure:13504: checking for strrchr
configure:13504: gcc -o conftest -g -O2   conftest.c  >&5
conftest.c:61:6: warning: conflicting types for built-in function 'strrchr'
 char strrchr ();
      ^
configure:13504: $? = 0
configure:13504: result: yes
configure:13513: checking for an ANSI C-conforming const
configure:13579: gcc -c -g -O2  conftest.c >&5
configure:13579: $? = 0
configure:13586: result: yes
configure:13594: checking for inline
configure:13610: gcc -c -g -O2  conftest.c >&5
configure:13610: $? = 0
configure:13618: result: inline
configure:13636: checking for size_t
configure:13636: gcc -c -g -O2  conftest.c >&5
configure:13636: $? = 0
configure:13636: gcc -c -g -O2  conftest.c >&5
conftest.c: In function 'main':
conftest.c:75:21: error: expected expression before ')' token
 if (sizeof ((size_t)))
                     ^
configure:13636: $? = 1
configure: failed program was:
| /* confdefs.h */
| #define PACKAGE_NAME "extended BibTeX (TeX Live)"
| #define PACKAGE_TARNAME "extended-bibtex--tex-live-"
| #define PACKAGE_VERSION "3.71"
| #define PACKAGE_STRING "extended BibTeX (TeX Live) 3.71"
| #define PACKAGE_BUGREPORT "tex-k@tug.org"
| #define PACKAGE_URL ""
| #define STDC_HEADERS 1
| #define HAVE_SYS_TYPES_H 1
| #define HAVE_SYS_STAT_H 1
| #define HAVE_STDLIB_H 1
| #define HAVE_STRING_H 1
| #define HAVE_MEMORY_H 1
| #define HAVE_STRINGS_H 1
| #define HAVE_INTTYPES_H 1
| #define HAVE_STDINT_H 1
| #define HAVE_UNISTD_H 1
| #define HAVE_DLFCN_H 1
| #define LT_OBJDIR ".libs/"
| #define HAVE_FSEEKO 1
| #define HAVE_DIRENT_H 1
| #define STDC_HEADERS 1
| #define HAVE_ASSERT_H 1
| #define HAVE_FLOAT_H 1
| #define HAVE_LIMITS_H 1
| #define HAVE_PWD_H 1
| #define HAVE_STDLIB_H 1
| #define HAVE_SYS_PARAM_H 1
| #define HAVE_PUTENV 1
| #define HAVE_GETCWD 1
| #define HAVE_GETWD 1
| #define HAVE_MEMCMP 1
| #define HAVE_MEMCPY 1
| #define HAVE_MKSTEMP 1
| #define HAVE_MKTEMP 1
| #define HAVE_STRCHR 1
| #define HAVE_STRRCHR 1
| /* end confdefs.h.  */
| #include <stdio.h>
| #ifdef HAVE_SYS_TYPES_H
| # include <sys/types.h>
| #endif
| #ifdef HAVE_SYS_STAT_H
| # include <sys/stat.h>
| #endif
| #ifdef STDC_HEADERS
| # include <stdlib.h>
| # include <stddef.h>
| #else
| # ifdef HAVE_STDLIB_H
| #  include <stdlib.h>
| # endif
| #endif
| #ifdef HAVE_STRING_H
| # if !defined STDC_HEADERS && defined HAVE_MEMORY_H
| #  include <memory.h>
| # endif
| # include <string.h>
| #endif
| #ifdef HAVE_STRINGS_H
| # include <strings.h>
| #endif
| #ifdef HAVE_INTTYPES_H
| # include <inttypes.h>
| #endif
| #ifdef HAVE_STDINT_H
| # include <stdint.h>
| #endif
| #ifdef HAVE_UNISTD_H
| # include <unistd.h>
| #endif
| int
| main ()
| {
| if (sizeof ((size_t)))
| 	    return 0;
|   ;
|   return 0;
| }
configure:13636: result: yes
configure:13647: checking for int64_t
configure:13647: gcc -c -g -O2  conftest.c >&5
configure:13647: $? = 0
configure:13647: gcc -c -g -O2  conftest.c >&5
conftest.c: In function 'main':
conftest.c:77:53: warning: integer overflow in expression [-Woverflow]
    < (int64_t) (((((int64_t) 1 << N) << N) - 1) * 2 + 2))];
                                                     ^
conftest.c:76:12: error: storage size of 'test_array' isn't constant
 static int test_array [1 - 2 * !((int64_t) (((((int64_t) 1 << N) << N) - 1) * 2 + 1)
            ^
configure:13647: $? = 1
configure: failed program was:
| /* confdefs.h */
| #define PACKAGE_NAME "extended BibTeX (TeX Live)"
| #define PACKAGE_TARNAME "extended-bibtex--tex-live-"
| #define PACKAGE_VERSION "3.71"
| #define PACKAGE_STRING "extended BibTeX (TeX Live) 3.71"
| #define PACKAGE_BUGREPORT "tex-k@tug.org"
| #define PACKAGE_URL ""
| #define STDC_HEADERS 1
| #define HAVE_SYS_TYPES_H 1
| #define HAVE_SYS_STAT_H 1
| #define HAVE_STDLIB_H 1
| #define HAVE_STRING_H 1
| #define HAVE_MEMORY_H 1
| #define HAVE_STRINGS_H 1
| #define HAVE_INTTYPES_H 1
| #define HAVE_STDINT_H 1
| #define HAVE_UNISTD_H 1
| #define HAVE_DLFCN_H 1
| #define LT_OBJDIR ".libs/"
| #define HAVE_FSEEKO 1
| #define HAVE_DIRENT_H 1
| #define STDC_HEADERS 1
| #define HAVE_ASSERT_H 1
| #define HAVE_FLOAT_H 1
| #define HAVE_LIMITS_H 1
| #define HAVE_PWD_H 1
| #define HAVE_STDLIB_H 1
| #define HAVE_SYS_PARAM_H 1
| #define HAVE_PUTENV 1
| #define HAVE_GETCWD 1
| #define HAVE_GETWD 1
| #define HAVE_MEMCMP 1
| #define HAVE_MEMCPY 1
| #define HAVE_MKSTEMP 1
| #define HAVE_MKTEMP 1
| #define HAVE_STRCHR 1
| #define HAVE_STRRCHR 1
| /* end confdefs.h.  */
| #include <stdio.h>
| #ifdef HAVE_SYS_TYPES_H
| # include <sys/types.h>
| #endif
| #ifdef HAVE_SYS_STAT_H
| # include <sys/stat.h>
| #endif
| #ifdef STDC_HEADERS
| # include <stdlib.h>
| # include <stddef.h>
| #else
| # ifdef HAVE_STDLIB_H
| #  include <stdlib.h>
| # endif
| #endif
| #ifdef HAVE_STRING_H
| # if !defined STDC_HEADERS && defined HAVE_MEMORY_H
| #  include <memory.h>
| # endif
| # include <string.h>
| #endif
| #ifdef HAVE_STRINGS_H
| # include <strings.h>
| #endif
| #ifdef HAVE_INTTYPES_H
| # include <inttypes.h>
| #endif
| #ifdef HAVE_STDINT_H
| # include <stdint.h>
| #endif
| #ifdef HAVE_UNISTD_H
| # include <unistd.h>
| #endif
| 	        enum { N = 64 / 2 - 1 };
| int
| main ()
| {
| static int test_array [1 - 2 * !((int64_t) (((((int64_t) 1 << N) << N) - 1) * 2 + 1)
| 		 < (int64_t) (((((int64_t) 1 << N) << N) - 1) * 2 + 2))];
| test_array [0] = 0;
| return test_array [0];
| 
|   ;
|   return 0;
| }
configure:13647: result: yes
configure:13658: checking for uint64_t
configure:13658: gcc -c -g -O2  conftest.c >&5
configure:13658: $? = 0
configure:13658: result: yes
configure:13678: checking whether isascii is declared
configure:13678: gcc -c -g -O2  conftest.c >&5
configure:13678: $? = 0
configure:13678: result: yes
configure:13690: checking for struct stat.st_mtim
configure:13690: gcc -c -g -O2  conftest.c >&5
conftest.c: In function 'main':
conftest.c:77:5: error: used struct type value where scalar is required
 if (ac_aggr.st_mtim)
     ^
configure:13690: $? = 1
configure: failed program was:
| /* confdefs.h */
| #define PACKAGE_NAME "extended BibTeX (TeX Live)"
| #define PACKAGE_TARNAME "extended-bibtex--tex-live-"
| #define PACKAGE_VERSION "3.71"
| #define PACKAGE_STRING "extended BibTeX (TeX Live) 3.71"
| #define PACKAGE_BUGREPORT "tex-k@tug.org"
| #define PACKAGE_URL ""
| #define STDC_HEADERS 1
| #define HAVE_SYS_TYPES_H 1
| #define HAVE_SYS_STAT_H 1
| #define HAVE_STDLIB_H 1
| #define HAVE_STRING_H 1
| #define HAVE_MEMORY_H 1
| #define HAVE_STRINGS_H 1
| #define HAVE_INTTYPES_H 1
| #define HAVE_STDINT_H 1
| #define HAVE_UNISTD_H 1
| #define HAVE_DLFCN_H 1
| #define LT_OBJDIR ".libs/"
| #define HAVE_FSEEKO 1
| #define HAVE_DIRENT_H 1
| #define STDC_HEADERS 1
| #define HAVE_ASSERT_H 1
| #define HAVE_FLOAT_H 1
| #define HAVE_LIMITS_H 1
| #define HAVE_PWD_H 1
| #define HAVE_STDLIB_H 1
| #define HAVE_SYS_PARAM_H 1
| #define HAVE_PUTENV 1
| #define HAVE_GETCWD 1
| #define HAVE_GETWD 1
| #define HAVE_MEMCMP 1
| #define HAVE_MEMCPY 1
| #define HAVE_MKSTEMP 1
| #define HAVE_MKTEMP 1
| #define HAVE_STRCHR 1
| #define HAVE_STRRCHR 1
| #define HAVE_DECL_ISASCII 1
| /* end confdefs.h.  */
| #include <stdio.h>
| #ifdef HAVE_SYS_TYPES_H
| # include <sys/types.h>
| #endif
| #ifdef HAVE_SYS_STAT_H
| # include <sys/stat.h>
| #endif
| #ifdef STDC_HEADERS
| # include <stdlib.h>
| # include <stddef.h>
| #else
| # ifdef HAVE_STDLIB_H
| #  include <stdlib.h>
| # endif
| #endif
| #ifdef HAVE_STRING_H
| # if !defined STDC_HEADERS && defined HAVE_MEMORY_H
| #  include <memory.h>
| # endif
| # include <string.h>
| #endif
| #ifdef HAVE_STRINGS_H
| # include <strings.h>
| #endif
| #ifdef HAVE_INTTYPES_H
| # include <inttypes.h>
| #endif
| #ifdef HAVE_STDINT_H
| # include <stdint.h>
| #endif
| #ifdef HAVE_UNISTD_H
| # include <unistd.h>
| #endif
| int
| main ()
| {
| static struct stat ac_aggr;
| if (ac_aggr.st_mtim)
| return 0;
|   ;
|   return 0;
| }
configure:13690: gcc -c -g -O2  conftest.c >&5
configure:13690: $? = 0
configure:13690: result: yes
configure:13791: checking for g++
configure:13807: found /usr/bin/g++
configure:13818: result: g++
configure:13845: checking for C++ compiler version
configure:13854: g++ --version >&5
g++ (Ubuntu 5.4.0-6ubuntu1~16.04.1) 5.4.0 20160609
Copyright (C) 2015 Free Software Foundation, Inc.
This is free software; see the source for copying conditions.  There is NO
warranty; not even for MERCHANTABILITY or FITNESS FOR A PARTICULAR PURPOSE.

configure:13865: $? = 0
configure:13854: g++ -v >&5
Using built-in specs.
COLLECT_GCC=g++
COLLECT_LTO_WRAPPER=/usr/lib/gcc/x86_64-linux-gnu/5/lto-wrapper
Target: x86_64-linux-gnu
Configured with: ../src/configure -v --with-pkgversion='Ubuntu 5.4.0-6ubuntu1~16.04.1' --with-bugurl=file:///usr/share/doc/gcc-5/README.Bugs --enable-languages=c,ada,c++,java,go,d,fortran,objc,obj-c++ --prefix=/usr --program-suffix=-5 --enable-shared --enable-linker-build-id --libexecdir=/usr/lib --without-included-gettext --enable-threads=posix --libdir=/usr/lib --enable-nls --with-sysroot=/ --enable-clocale=gnu --enable-libstdcxx-debug --enable-libstdcxx-time=yes --with-default-libstdcxx-abi=new --enable-gnu-unique-object --disable-vtable-verify --enable-libmpx --enable-plugin --with-system-zlib --disable-browser-plugin --enable-java-awt=gtk --enable-gtk-cairo --with-java-home=/usr/lib/jvm/java-1.5.0-gcj-5-amd64/jre --enable-java-home --with-jvm-root-dir=/usr/lib/jvm/java-1.5.0-gcj-5-amd64 --with-jvm-jar-dir=/usr/lib/jvm-exports/java-1.5.0-gcj-5-amd64 --with-arch-directory=amd64 --with-ecj-jar=/usr/share/java/eclipse-ecj.jar --enable-objc-gc --enable-multiarch --disable-werror --with-arch-32=i686 --with-abi=m64 --with-multilib-list=m32,m64,mx32 --enable-multilib --with-tune=generic --enable-checking=release --build=x86_64-linux-gnu --host=x86_64-linux-gnu --target=x86_64-linux-gnu
Thread model: posix
gcc version 5.4.0 20160609 (Ubuntu 5.4.0-6ubuntu1~16.04.1) 
configure:13865: $? = 0
configure:13854: g++ -V >&5
g++: error: unrecognized command line option '-V'
g++: fatal error: no input files
compilation terminated.
configure:13865: $? = 1
configure:13854: g++ -qversion >&5
g++: error: unrecognized command line option '-qversion'
g++: fatal error: no input files
compilation terminated.
configure:13865: $? = 1
configure:13869: checking whether we are using the GNU C++ compiler
configure:13888: g++ -c   conftest.cpp >&5
configure:13888: $? = 0
configure:13897: result: yes
configure:13906: checking whether g++ accepts -g
configure:13926: g++ -c -g  conftest.cpp >&5
configure:13926: $? = 0
configure:13967: result: yes
configure:13992: checking dependency style of g++
configure:14103: result: gcc3
configure:14117: checking what warning flags to pass to the C++ compiler
configure:14158: result: -Wreturn-type -Wno-unknown-pragmas -Wno-write-strings
configure:14182: checking how to run the C++ preprocessor
configure:14209: g++ -E  conftest.cpp
configure:14209: $? = 0
configure:14223: g++ -E  conftest.cpp
conftest.cpp:41:28: fatal error: ac_nonexistent.h: No such file or directory
compilation terminated.
configure:14223: $? = 1
configure: failed program was:
| /* confdefs.h */
| #define PACKAGE_NAME "extended BibTeX (TeX Live)"
| #define PACKAGE_TARNAME "extended-bibtex--tex-live-"
| #define PACKAGE_VERSION "3.71"
| #define PACKAGE_STRING "extended BibTeX (TeX Live) 3.71"
| #define PACKAGE_BUGREPORT "tex-k@tug.org"
| #define PACKAGE_URL ""
| #define STDC_HEADERS 1
| #define HAVE_SYS_TYPES_H 1
| #define HAVE_SYS_STAT_H 1
| #define HAVE_STDLIB_H 1
| #define HAVE_STRING_H 1
| #define HAVE_MEMORY_H 1
| #define HAVE_STRINGS_H 1
| #define HAVE_INTTYPES_H 1
| #define HAVE_STDINT_H 1
| #define HAVE_UNISTD_H 1
| #define HAVE_DLFCN_H 1
| #define LT_OBJDIR ".libs/"
| #define HAVE_FSEEKO 1
| #define HAVE_DIRENT_H 1
| #define STDC_HEADERS 1
| #define HAVE_ASSERT_H 1
| #define HAVE_FLOAT_H 1
| #define HAVE_LIMITS_H 1
| #define HAVE_PWD_H 1
| #define HAVE_STDLIB_H 1
| #define HAVE_SYS_PARAM_H 1
| #define HAVE_PUTENV 1
| #define HAVE_GETCWD 1
| #define HAVE_GETWD 1
| #define HAVE_MEMCMP 1
| #define HAVE_MEMCPY 1
| #define HAVE_MKSTEMP 1
| #define HAVE_MKTEMP 1
| #define HAVE_STRCHR 1
| #define HAVE_STRRCHR 1
| #define HAVE_DECL_ISASCII 1
| #define HAVE_STRUCT_STAT_ST_MTIM 1
| /* end confdefs.h.  */
| #include <ac_nonexistent.h>
configure:14248: result: g++ -E
configure:14268: g++ -E  conftest.cpp
configure:14268: $? = 0
configure:14282: g++ -E  conftest.cpp
conftest.cpp:41:28: fatal error: ac_nonexistent.h: No such file or directory
compilation terminated.
configure:14282: $? = 1
configure: failed program was:
| /* confdefs.h */
| #define PACKAGE_NAME "extended BibTeX (TeX Live)"
| #define PACKAGE_TARNAME "extended-bibtex--tex-live-"
| #define PACKAGE_VERSION "3.71"
| #define PACKAGE_STRING "extended BibTeX (TeX Live) 3.71"
| #define PACKAGE_BUGREPORT "tex-k@tug.org"
| #define PACKAGE_URL ""
| #define STDC_HEADERS 1
| #define HAVE_SYS_TYPES_H 1
| #define HAVE_SYS_STAT_H 1
| #define HAVE_STDLIB_H 1
| #define HAVE_STRING_H 1
| #define HAVE_MEMORY_H 1
| #define HAVE_STRINGS_H 1
| #define HAVE_INTTYPES_H 1
| #define HAVE_STDINT_H 1
| #define HAVE_UNISTD_H 1
| #define HAVE_DLFCN_H 1
| #define LT_OBJDIR ".libs/"
| #define HAVE_FSEEKO 1
| #define HAVE_DIRENT_H 1
| #define STDC_HEADERS 1
| #define HAVE_ASSERT_H 1
| #define HAVE_FLOAT_H 1
| #define HAVE_LIMITS_H 1
| #define HAVE_PWD_H 1
| #define HAVE_STDLIB_H 1
| #define HAVE_SYS_PARAM_H 1
| #define HAVE_PUTENV 1
| #define HAVE_GETCWD 1
| #define HAVE_GETWD 1
| #define HAVE_MEMCMP 1
| #define HAVE_MEMCPY 1
| #define HAVE_MKSTEMP 1
| #define HAVE_MKTEMP 1
| #define HAVE_STRCHR 1
| #define HAVE_STRRCHR 1
| #define HAVE_DECL_ISASCII 1
| #define HAVE_STRUCT_STAT_ST_MTIM 1
| /* end confdefs.h.  */
| #include <ac_nonexistent.h>
configure:14444: checking for ld used by g++
configure:14511: result: /usr/bin/ld -m elf_x86_64
configure:14518: checking if the linker (/usr/bin/ld -m elf_x86_64) is GNU ld
configure:14533: result: yes
configure:14588: checking whether the g++ linker (/usr/bin/ld -m elf_x86_64) supports shared libraries
configure:15661: result: yes
configure:15697: g++ -c -g -O2  conftest.cpp >&5
configure:15700: $? = 0
configure:16181: checking for g++ option to produce PIC
configure:16188: result: -fPIC -DPIC
configure:16196: checking if g++ PIC flag -fPIC -DPIC works
configure:16214: g++ -c -g -O2  -fPIC -DPIC -DPIC conftest.cpp >&5
configure:16218: $? = 0
configure:16231: result: yes
configure:16254: checking if g++ static flag -static works
configure:16282: result: yes
configure:16294: checking if g++ supports -c -o file.o
configure:16315: g++ -c -g -O2  -o out/conftest2.o conftest.cpp >&5
configure:16319: $? = 0
configure:16341: result: yes
configure:16346: checking if g++ supports -c -o file.o
configure:16393: result: yes
configure:16423: checking whether the g++ linker (/usr/bin/ld -m elf_x86_64) supports shared libraries
configure:16463: result: yes
configure:16604: checking dynamic linker characteristics
configure:17349: result: GNU/Linux ld.so
configure:17414: checking how to hardcode library paths into programs
configure:17439: result: immediate
configure:17495: checking iostream usability
configure:17495: g++ -c -g -O2  conftest.cpp >&5
configure:17495: $? = 0
configure:17495: result: yes
configure:17495: checking iostream presence
configure:17495: g++ -E  conftest.cpp
configure:17495: $? = 0
configure:17495: result: yes
configure:17495: checking for iostream
configure:17495: result: yes
configure:17505: checking for statically linking C++ runtime library
configure:17538: g++ -o conftest -g -O2   conftest.cpp  -nodefaultlibs -Wl,-Bstatic -lstdc++ -Wl,-Bdynamic -lm -lgcc_eh -lgcc -lc -lgcc_eh -lgcc >&5
configure:17538: $? = 0
configure:17561: result: ok
configure:17564: using -nodefaultlibs -Wl,-Bstatic -lstdc++ -Wl,-Bdynamic -lm -lgcc_eh -lgcc -lc -lgcc_eh -lgcc
configure:17590: checking for library containing pow
configure:17621: gcc -o conftest -g -O2   conftest.c  >&5
conftest.c:49:6: warning: conflicting types for built-in function 'pow'
 char pow ();
      ^
/tmp/ccAX9h4N.o: In function `main':
/home/maqiyuan/Desktop/texlive-mobile/src/texlive-source/texk/bibtex-x/conftest.c:53: undefined reference to `pow'
collect2: error: ld returned 1 exit status
configure:17621: $? = 1
configure: failed program was:
| /* confdefs.h */
| #define PACKAGE_NAME "extended BibTeX (TeX Live)"
| #define PACKAGE_TARNAME "extended-bibtex--tex-live-"
| #define PACKAGE_VERSION "3.71"
| #define PACKAGE_STRING "extended BibTeX (TeX Live) 3.71"
| #define PACKAGE_BUGREPORT "tex-k@tug.org"
| #define PACKAGE_URL ""
| #define STDC_HEADERS 1
| #define HAVE_SYS_TYPES_H 1
| #define HAVE_SYS_STAT_H 1
| #define HAVE_STDLIB_H 1
| #define HAVE_STRING_H 1
| #define HAVE_MEMORY_H 1
| #define HAVE_STRINGS_H 1
| #define HAVE_INTTYPES_H 1
| #define HAVE_STDINT_H 1
| #define HAVE_UNISTD_H 1
| #define HAVE_DLFCN_H 1
| #define LT_OBJDIR ".libs/"
| #define HAVE_FSEEKO 1
| #define HAVE_DIRENT_H 1
| #define STDC_HEADERS 1
| #define HAVE_ASSERT_H 1
| #define HAVE_FLOAT_H 1
| #define HAVE_LIMITS_H 1
| #define HAVE_PWD_H 1
| #define HAVE_STDLIB_H 1
| #define HAVE_SYS_PARAM_H 1
| #define HAVE_PUTENV 1
| #define HAVE_GETCWD 1
| #define HAVE_GETWD 1
| #define HAVE_MEMCMP 1
| #define HAVE_MEMCPY 1
| #define HAVE_MKSTEMP 1
| #define HAVE_MKTEMP 1
| #define HAVE_STRCHR 1
| #define HAVE_STRRCHR 1
| #define HAVE_DECL_ISASCII 1
| #define HAVE_STRUCT_STAT_ST_MTIM 1
| #define HAVE_IOSTREAM 1
| /* end confdefs.h.  */
| 
| /* Override any GCC internal prototype to avoid an error.
|    Use char because int might match the return type of a GCC
|    builtin and then its argument prototype would still apply.  */
| #ifdef __cplusplus
| extern "C"
| #endif
| char pow ();
| int
| main ()
| {
| return pow ();
|   ;
|   return 0;
| }
configure:17621: gcc -o conftest -g -O2   conftest.c -lm   >&5
conftest.c:49:6: warning: conflicting types for built-in function 'pow'
 char pow ();
      ^
configure:17621: $? = 0
configure:17638: result: -lm
configure:17656: creating ./config.lt

## ------------------ ##
## Running config.lt. ##
## ------------------ ##
config.lt:684: creating libtool
configure:19262: checking for pkg-config
configure:19278: found /usr/bin/pkg-config
configure:19289: result: pkg-config
configure:19335: checking if libkpathsea supports debugging
configure:19354: ./libtool --mode=link --tag=CC gcc -o conftest -g -O2 -I/home/maqiyuan/Desktop/texlive-mobile/src/texlive-source/texk -I/home/maqiyuan/Desktop/texlive-mobile/src/texlive-source/texk   conftest.c /home/maqiyuan/Desktop/texlive-mobile/src/texlive-source/texk/kpathsea/libkpathsea.la -lm  >&5
libtool: link: gcc -o conftest -g -O2 -I/home/maqiyuan/Desktop/texlive-mobile/src/texlive-source/texk -I/home/maqiyuan/Desktop/texlive-mobile/src/texlive-source/texk conftest.c  /home/maqiyuan/Desktop/texlive-mobile/src/texlive-source/texk/kpathsea/.libs/libkpathsea.a -lm
configure:19354: $? = 0
configure:19365: result: yes
configure:19616: checking that generated files are newer than configure
configure:19622: result: done
configure:19661: creating ./config.status

## ---------------------- ##
## Running config.status. ##
## ---------------------- ##

This file was extended by extended BibTeX (TeX Live) config.status 3.71, which was
generated by GNU Autoconf 2.69.  Invocation command line was

  CONFIG_FILES    = 
  CONFIG_HEADERS  = 
  CONFIG_LINKS    = 
  CONFIG_COMMANDS = 
  $ ./config.status 

on maqiyuan-E430c

config.status:1205: creating Makefile
config.status:1205: creating config.h
config.status:1434: executing depfiles commands
config.status:1434: executing libtool commands
config.status:1434: executing CXXLD.sh commands

## ---------------- ##
## Cache variables. ##
## ---------------- ##

ac_cv_build=x86_64-pc-linux-gnu
ac_cv_c_compiler_gnu=yes
ac_cv_c_const=yes
ac_cv_c_inline=inline
ac_cv_c_int64_t=yes
ac_cv_c_uint64_t=yes
ac_cv_cxx_compiler_gnu=yes
ac_cv_env_CCC_set=
ac_cv_env_CCC_value=
ac_cv_env_CC_set=
ac_cv_env_CC_value=
ac_cv_env_CFLAGS_set=
ac_cv_env_CFLAGS_value=
ac_cv_env_CPPFLAGS_set=
ac_cv_env_CPPFLAGS_value=
ac_cv_env_CPP_set=
ac_cv_env_CPP_value=
ac_cv_env_CXXCPP_set=
ac_cv_env_CXXCPP_value=
ac_cv_env_CXXFLAGS_set=
ac_cv_env_CXXFLAGS_value=
ac_cv_env_CXX_set=
ac_cv_env_CXX_value=
ac_cv_env_LDFLAGS_set=
ac_cv_env_LDFLAGS_value=
ac_cv_env_LIBS_set=
ac_cv_env_LIBS_value=
ac_cv_env_LT_SYS_LIBRARY_PATH_set=
ac_cv_env_LT_SYS_LIBRARY_PATH_value=
ac_cv_env_build_alias_set=
ac_cv_env_build_alias_value=
ac_cv_env_host_alias_set=
ac_cv_env_host_alias_value=
ac_cv_env_target_alias_set=
ac_cv_env_target_alias_value=
ac_cv_func_closedir_void=no
ac_cv_func_getcwd=yes
ac_cv_func_getwd=yes
ac_cv_func_memcmp=yes
ac_cv_func_memcpy=yes
ac_cv_func_mkstemp=yes
ac_cv_func_mktemp=yes
ac_cv_func_putenv=yes
ac_cv_func_strchr=yes
ac_cv_func_strrchr=yes
ac_cv_have_decl_isascii=yes
ac_cv_header_assert_h=yes
ac_cv_header_dirent_dirent_h=yes
ac_cv_header_dlfcn_h=yes
ac_cv_header_float_h=yes
ac_cv_header_inttypes_h=yes
ac_cv_header_iostream=yes
ac_cv_header_limits_h=yes
ac_cv_header_memory_h=yes
ac_cv_header_pwd_h=yes
ac_cv_header_stdc=yes
ac_cv_header_stdint_h=yes
ac_cv_header_stdlib_h=yes
ac_cv_header_string_h=yes
ac_cv_header_strings_h=yes
ac_cv_header_sys_param_h=yes
ac_cv_header_sys_stat_h=yes
ac_cv_header_sys_types_h=yes
ac_cv_header_unistd_h=yes
ac_cv_host=x86_64-pc-linux-gnu
ac_cv_member_struct_stat_st_mtim=yes
ac_cv_objext=o
ac_cv_path_EGREP='/bin/grep -E'
ac_cv_path_FGREP='/bin/grep -F'
ac_cv_path_GREP=/bin/grep
ac_cv_path_SED=/bin/sed
ac_cv_path_install='/usr/bin/install -c'
ac_cv_path_lt_DD=/bin/dd
ac_cv_path_mkdir=/bin/mkdir
ac_cv_prog_AWK=gawk
ac_cv_prog_CPP='gcc -E'
ac_cv_prog_CXXCPP='g++ -E'
ac_cv_prog_ac_ct_AR=ar
ac_cv_prog_ac_ct_CC=gcc
ac_cv_prog_ac_ct_CXX=g++
ac_cv_prog_ac_ct_MANIFEST_TOOL=mt
ac_cv_prog_ac_ct_OBJDUMP=objdump
ac_cv_prog_ac_ct_PKG_CONFIG=pkg-config
ac_cv_prog_ac_ct_RANLIB=ranlib
ac_cv_prog_ac_ct_STRIP=strip
ac_cv_prog_cc_c89=
ac_cv_prog_cc_g=yes
ac_cv_prog_cxx_g=yes
ac_cv_prog_make_make_set=yes
ac_cv_search_opendir='none required'
ac_cv_search_pow=-lm
ac_cv_sys_file_offset_bits=no
ac_cv_sys_largefile_CC=no
ac_cv_sys_largefile_source=no
ac_cv_type_size_t=yes
am_cv_CC_dependencies_compiler_type=gcc3
am_cv_CXX_dependencies_compiler_type=gcc3
am_cv_make_support_nested_variables=yes
am_cv_prog_cc_c_o=yes
kb_cv_c_prototypes=yes
kpse_cv_cxx_flags='-nodefaultlibs -Wl,-Bstatic -lstdc++ -Wl,-Bdynamic -lm -lgcc_eh -lgcc -lc -lgcc_eh -lgcc'
kpse_cv_cxx_hack=ok
kpse_cv_kpse_debug=yes
kpse_cv_warning_cflags='-Wimplicit -Wreturn-type -Wdeclaration-after-statement -Wno-unknown-pragmas'
kpse_cv_warning_cxxflags='-Wreturn-type -Wno-unknown-pragmas -Wno-write-strings'
lt_cv_ar_at_file=@
lt_cv_deplibs_check_method=pass_all
lt_cv_file_magic_cmd='$MAGIC_CMD'
lt_cv_file_magic_test_file=
lt_cv_ld_reload_flag=-r
lt_cv_nm_interface='BSD nm'
lt_cv_objdir=.libs
lt_cv_path_LD=/usr/bin/ld
lt_cv_path_LDCXX='/usr/bin/ld -m elf_x86_64'
lt_cv_path_NM='/usr/bin/nm -B'
lt_cv_path_mainfest_tool=no
lt_cv_prog_compiler_c_o=yes
lt_cv_prog_compiler_c_o_CXX=yes
lt_cv_prog_compiler_pic='-fPIC -DPIC'
lt_cv_prog_compiler_pic_CXX='-fPIC -DPIC'
lt_cv_prog_compiler_pic_works=yes
lt_cv_prog_compiler_pic_works_CXX=yes
lt_cv_prog_compiler_rtti_exceptions=no
lt_cv_prog_compiler_static_works=yes
lt_cv_prog_compiler_static_works_CXX=yes
lt_cv_prog_gnu_ld=yes
lt_cv_prog_gnu_ldcxx=yes
lt_cv_sharedlib_from_linklib_cmd='printf %s\n'
lt_cv_shlibpath_overrides_runpath=no
lt_cv_sys_global_symbol_pipe='sed -n -e '\''s/^.*[	 ]\([ABCDGIRSTW][ABCDGIRSTW]*\)[	 ][	 ]*\([_A-Za-z][_A-Za-z0-9]*\)$/\1 \2 \2/p'\'' | sed '\''/ __gnu_lto/d'\'''
lt_cv_sys_global_symbol_to_c_name_address='sed -n -e '\''s/^: \(.*\) .*$/  {"\1", (void *) 0},/p'\'' -e '\''s/^[ABCDGIRSTW][ABCDGIRSTW]* .* \(.*\)$/  {"\1", (void *) \&\1},/p'\'''
lt_cv_sys_global_symbol_to_c_name_address_lib_prefix='sed -n -e '\''s/^: \(.*\) .*$/  {"\1", (void *) 0},/p'\'' -e '\''s/^[ABCDGIRSTW][ABCDGIRSTW]* .* \(lib.*\)$/  {"\1", (void *) \&\1},/p'\'' -e '\''s/^[ABCDGIRSTW][ABCDGIRSTW]* .* \(.*\)$/  {"lib\1", (void *) \&\1},/p'\'''
lt_cv_sys_global_symbol_to_cdecl='sed -n -e '\''s/^T .* \(.*\)$/extern int \1();/p'\'' -e '\''s/^[ABCDGIRSTW][ABCDGIRSTW]* .* \(.*\)$/extern char \1;/p'\'''
lt_cv_sys_global_symbol_to_import=
lt_cv_sys_max_cmd_len=1572864
lt_cv_to_host_file_cmd=func_convert_file_noop
lt_cv_to_tool_file_cmd=func_convert_file_noop
lt_cv_truncate_bin='/bin/dd bs=4096 count=1'

## ----------------- ##
## Output variables. ##
## ----------------- ##

	cd ${top_builddir}/../../libs/icu && $(MAKE) $(AM_MAKEFLAGS) rebuild
	cd ${top_builddir}/../../libs/icu && $(MAKE) $(AM_MAKEFLAGS) rebuild'
	cd ${top_builddir}/../kpathsea && $(MAKE) $(AM_MAKEFLAGS) rebuild
	cd ${top_builddir}/../kpathsea && $(MAKE) $(AM_MAKEFLAGS) rebuild'
$(ICU_DEPEND): ${top_builddir}/../../libs/icu/include/unicode/uversion.h
$(KPATHSEA_DEPEND): ${top_srcdir}/../kpathsea/*.[ch] ${top_builddir}/../kpathsea/paths.h
${top_builddir}/../../libs/icu/include/unicode/uversion.h:
${top_builddir}/../kpathsea/paths.h:
ACLOCAL='${SHELL} /home/maqiyuan/Desktop/texlive-mobile/src/texlive-source/build-aux/missing aclocal-1.15'
AMDEPBACKSLASH='\'
AMDEP_FALSE='#'
AMDEP_TRUE=''
AMTAR='$${TAR-tar}'
AM_BACKSLASH='\'
AM_DEFAULT_V='$(AM_DEFAULT_VERBOSITY)'
AM_DEFAULT_VERBOSITY='1'
AM_V='$(V)'
AR='ar'
AS='as'
AUTOCONF='${SHELL} /home/maqiyuan/Desktop/texlive-mobile/src/texlive-source/build-aux/missing autoconf'
AUTOHEADER='${SHELL} /home/maqiyuan/Desktop/texlive-mobile/src/texlive-source/build-aux/missing autoheader'
AUTOMAKE='${SHELL} /home/maqiyuan/Desktop/texlive-mobile/src/texlive-source/build-aux/missing automake-1.15'
AWK='gawk'
BIBTEX8_FALSE='#'
BIBTEX8_TRUE=''
BIBTEXU_FALSE='#'
BIBTEXU_TRUE=''
CC='gcc'
CCDEPMODE='depmode=gcc3'
CFLAGS='-g -O2'
CPP='gcc -E'
CPPFLAGS=''
CXX='g++'
CXXCPP='g++ -E'
CXXDEPMODE='depmode=gcc3'
CXXFLAGS='-g -O2'
CXXLD='$(top_builddir)/CXXLD.sh'
CYGPATH_W='echo'
DEFS='-DHAVE_CONFIG_H'
DEPDIR='.deps'
DLLTOOL='false'
DSYMUTIL=''
DUMPBIN=''
ECHO_C=''
ECHO_N='-n'
ECHO_T=''
EGREP='/bin/grep -E'
EXEEXT=''
FGREP='/bin/grep -F'
GREP='/bin/grep'
ICU_CONFIG=''
ICU_DEPEND='${top_builddir}/../../libs/icu/icu-build/lib/libicuio.a ${top_builddir}/../../libs/icu/icu-build/lib/libicui18n.a ${top_builddir}/../../libs/icu/icu-build/lib/libicuuc.a ${top_builddir}/../../libs/icu/icu-build/lib/libicudata.a'
ICU_INCLUDES='-DU_STATIC_IMPLEMENTATION -I/home/maqiyuan/Desktop/texlive-mobile/src/texlive-source/libs/icu/include'
ICU_LIBS='/home/maqiyuan/Desktop/texlive-mobile/src/texlive-source/libs/icu/icu-build/lib/libicuio.a /home/maqiyuan/Desktop/texlive-mobile/src/texlive-source/libs/icu/icu-build/lib/libicui18n.a /home/maqiyuan/Desktop/texlive-mobile/src/texlive-source/libs/icu/icu-build/lib/libicuuc.a /home/maqiyuan/Desktop/texlive-mobile/src/texlive-source/libs/icu/icu-build/lib/libicudata.a'
ICU_RULE='# Rebuild libicuxxx
INSTALL_DATA='${INSTALL} -m 644'
INSTALL_PROGRAM='${INSTALL}'
INSTALL_SCRIPT='${INSTALL}'
INSTALL_STRIP_PROGRAM='$(install_sh) -c -s'
KPATHSEA_DEPEND='${top_builddir}/../kpathsea/libkpathsea.la'
KPATHSEA_INCLUDES='-I/home/maqiyuan/Desktop/texlive-mobile/src/texlive-source/texk -I/home/maqiyuan/Desktop/texlive-mobile/src/texlive-source/texk'
KPATHSEA_LIBS='/home/maqiyuan/Desktop/texlive-mobile/src/texlive-source/texk/kpathsea/libkpathsea.la'
KPATHSEA_RULE='# Rebuild libkpathsea
LD='/usr/bin/ld -m elf_x86_64'
LDFLAGS=''
LIBOBJS=''
LIBS='-lm '
LIBTOOL='$(SHELL) $(top_builddir)/libtool'
LIPO=''
LN_S='ln -s'
LTLIBOBJS=''
LT_SYS_LIBRARY_PATH=''
MAINT='#'
MAINTAINER_MODE_FALSE=''
MAINTAINER_MODE_TRUE='#'
MAKEINFO='${SHELL} /home/maqiyuan/Desktop/texlive-mobile/src/texlive-source/build-aux/missing makeinfo'
MANIFEST_TOOL=':'
MKDIR_P='/bin/mkdir -p'
NM='/usr/bin/nm -B'
NMEDIT=''
OBJDUMP='objdump'
OBJEXT='o'
OTOOL64=''
OTOOL=''
PACKAGE='extended-bibtex--tex-live-'
PACKAGE_BUGREPORT='tex-k@tug.org'
PACKAGE_NAME='extended BibTeX (TeX Live)'
PACKAGE_STRING='extended BibTeX (TeX Live) 3.71'
PACKAGE_TARNAME='extended-bibtex--tex-live-'
PACKAGE_URL=''
PACKAGE_VERSION='3.71'
PATH_SEPARATOR=':'
PKG_CONFIG='pkg-config'
RANLIB='ranlib'
SED='/bin/sed'
SET_MAKE=''
SHELL='/bin/bash'
STRIP='strip'
VERSION='3.71'
WARNING_CFLAGS='-Wimplicit -Wreturn-type -Wdeclaration-after-statement -Wno-unknown-pragmas'
WARNING_CXXFLAGS='-Wreturn-type -Wno-unknown-pragmas -Wno-write-strings'
ac_ct_AR='ar'
ac_ct_CC='gcc'
ac_ct_CXX='g++'
ac_ct_DUMPBIN=''
am__EXEEXT_FALSE=''
am__EXEEXT_TRUE='#'
am__fastdepCC_FALSE='#'
am__fastdepCC_TRUE=''
am__fastdepCXX_FALSE='#'
am__fastdepCXX_TRUE=''
am__include='include'
am__isrc=''
am__leading_dot='.'
am__nodep='_no'
am__quote=''
am__tar='$${TAR-tar} chof - "$$tardir"'
am__untar='$${TAR-tar} xf -'
bindir='${exec_prefix}/bin/x86_64-pc-linux-gnu'
build='x86_64-pc-linux-gnu'
build_alias=''
build_cpu='x86_64'
build_os='linux-gnu'
build_vendor='pc'
datadir='${datarootdir}'
datarootdir='${prefix}'
docdir='${datarootdir}/doc/${PACKAGE_TARNAME}'
dvidir='${docdir}'
exec_prefix='${prefix}'
host='x86_64-pc-linux-gnu'
host_alias=''
host_cpu='x86_64'
host_os='linux-gnu'
host_vendor='pc'
htmldir='${docdir}'
includedir='${prefix}/include'
infodir='${prefix}/texmf-dist/doc/info'
install_sh='${SHELL} /home/maqiyuan/Desktop/texlive-mobile/src/texlive-source/build-aux/install-sh'
libdir='${exec_prefix}/lib/x86_64-pc-linux-gnu'
libexecdir='${exec_prefix}/libexec'
localedir='${datarootdir}/locale'
localstatedir='${prefix}/var'
mandir='${prefix}/texmf-dist/doc/man'
mkdir_p='$(MKDIR_P)'
oldincludedir='/usr/include'
pdfdir='${docdir}'
prefix='/usr/local'
program_transform_name='s,x,x,'
psdir='${docdir}'
sbindir='${exec_prefix}/sbin'
sharedstatedir='${prefix}/com'
sysconfdir='${prefix}/etc'
target_alias=''

## ----------- ##
## confdefs.h. ##
## ----------- ##

/* confdefs.h */
#define PACKAGE_NAME "extended BibTeX (TeX Live)"
#define PACKAGE_TARNAME "extended-bibtex--tex-live-"
#define PACKAGE_VERSION "3.71"
#define PACKAGE_STRING "extended BibTeX (TeX Live) 3.71"
#define PACKAGE_BUGREPORT "tex-k@tug.org"
#define PACKAGE_URL ""
#define STDC_HEADERS 1
#define HAVE_SYS_TYPES_H 1
#define HAVE_SYS_STAT_H 1
#define HAVE_STDLIB_H 1
#define HAVE_STRING_H 1
#define HAVE_MEMORY_H 1
#define HAVE_STRINGS_H 1
#define HAVE_INTTYPES_H 1
#define HAVE_STDINT_H 1
#define HAVE_UNISTD_H 1
#define HAVE_DLFCN_H 1
#define LT_OBJDIR ".libs/"
#define HAVE_FSEEKO 1
#define HAVE_DIRENT_H 1
#define STDC_HEADERS 1
#define HAVE_ASSERT_H 1
#define HAVE_FLOAT_H 1
#define HAVE_LIMITS_H 1
#define HAVE_PWD_H 1
#define HAVE_STDLIB_H 1
#define HAVE_SYS_PARAM_H 1
#define HAVE_PUTENV 1
#define HAVE_GETCWD 1
#define HAVE_GETWD 1
#define HAVE_MEMCMP 1
#define HAVE_MEMCPY 1
#define HAVE_MKSTEMP 1
#define HAVE_MKTEMP 1
#define HAVE_STRCHR 1
#define HAVE_STRRCHR 1
#define HAVE_DECL_ISASCII 1
#define HAVE_STRUCT_STAT_ST_MTIM 1
#define HAVE_IOSTREAM 1

configure: exit 0
