This file contains any messages produced by compilers while
running configure, to aid debugging if configure makes a mistake.

It was created by dvipng (TeX Live) configure 1.15, which was
generated by GNU Autoconf 2.69.  Invocation command line was

  $ ./configure --disable-option-checking --prefix=/usr/local --enable-build-in-source-tree --enable-native-texlive-build --enable-largefile --disable-silent-rules --enable-multiplatform=yes --enable-cxx-runtime-hack=yes --enable-libtool-hack=yes --disable-shared --enable-texlive-build --bindir=${exec_prefix}/bin/x86_64-pc-linux-gnu --libdir=${exec_prefix}/lib/x86_64-pc-linux-gnu --with-x --enable-autosp=yes --enable-devnag=yes --enable-lacheck=yes --enable-m-tx=yes --enable-pmx=yes --enable-ps2eps=yes --enable-t1utils=yes --enable-texdoctk=yes --enable-tpic2pdftex=yes --enable-vlna=yes --enable-xindy=no --with-clisp-runtime=default --enable-xpdfopen=yes --enable-web2c=yes --enable-afm2pl=yes --enable-bibtex-x=yes --enable-chktex=yes --enable-cjkutils=yes --enable-detex=yes --enable-dtl=yes --enable-dvi2tty=yes --enable-dvidvi=yes --enable-dviljk=yes --enable-dvipdfm-x=yes --enable-dvipng=yes --enable-dvipos=yes --enable-dvipsk=yes --enable-dvisvgm=yes --enable-gregorio=yes --enable-gsftopk=yes --enable-lcdf-typetools=yes --enable-makeindexk=yes --enable-makejvf=yes --enable-mendexk=yes --enable-musixtnt=yes --enable-ps2pk=yes --enable-psutils=yes --enable-seetexk=yes --enable-tex4htk=yes --enable-ttf2pk2=yes --enable-ttfdump=yes --enable-upmendex=yes --enable-xdvik=yes --enable-texlive=yes --with-system-harfbuzz=no --with-system-icu=no --with-system-teckit=no --with-system-graphite2=no --with-system-zziplib=no --with-system-xpdf=no --with-system-poppler=no --with-system-mpfr=no --with-system-gmp=no --with-system-cairo=no --with-system-pixman=no --with-system-potrace=no --with-system-gd=no --with-system-freetype2=no --with-system-libpng=no --with-system-libpaper=no --with-system-zlib=no --with-system-ptexenc=no --with-system-kpathsea=no --datarootdir=${prefix} --mandir=${prefix}/texmf-dist/doc/man --infodir=${prefix}/texmf-dist/doc/info --cache-file=/dev/null --srcdir=.

## --------- ##
## Platform. ##
## --------- ##

hostname = maqiyuan-E430c
uname -m = x86_64
uname -r = 4.4.0-34-generic
uname -s = Linux
uname -v = #53-Ubuntu SMP Wed Jul 27 16:06:39 UTC 2016

/usr/bin/uname -p = unknown
/bin/uname -X     = unknown

/bin/arch              = unknown
/usr/bin/arch -k       = unknown
/usr/convex/getsysinfo = unknown
/usr/bin/hostinfo      = unknown
/bin/machine           = unknown
/usr/bin/oslevel       = unknown
/bin/universe          = unknown

PATH: /usr/local/sbin
PATH: /usr/local/bin
PATH: /usr/sbin
PATH: /usr/bin
PATH: /sbin
PATH: /bin
PATH: /usr/games
PATH: /usr/local/games
PATH: /snap/bin
PATH: /home/maqiyuan/bin/FDK/Tools/linux


## ----------- ##
## Core tests. ##
## ----------- ##

configure:2635: checking for a BSD-compatible install
configure:2703: result: /usr/bin/install -c
configure:2714: checking whether build environment is sane
configure:2769: result: yes
configure:2920: checking for a thread-safe mkdir -p
configure:2959: result: /bin/mkdir -p
configure:2966: checking for gawk
configure:2982: found /usr/bin/gawk
configure:2993: result: gawk
configure:3004: checking whether make sets $(MAKE)
configure:3026: result: yes
configure:3055: checking whether make supports nested variables
configure:3072: result: yes
configure:3095: checking for style of include used by make
configure:3123: result: GNU
configure:3194: checking for gcc
configure:3210: found /usr/bin/gcc
configure:3221: result: gcc
configure:3450: checking for C compiler version
configure:3459: gcc --version >&5
gcc (Ubuntu 5.4.0-6ubuntu1~16.04.1) 5.4.0 20160609
Copyright (C) 2015 Free Software Foundation, Inc.
This is free software; see the source for copying conditions.  There is NO
warranty; not even for MERCHANTABILITY or FITNESS FOR A PARTICULAR PURPOSE.

configure:3470: $? = 0
configure:3459: gcc -v >&5
Using built-in specs.
COLLECT_GCC=gcc
COLLECT_LTO_WRAPPER=/usr/lib/gcc/x86_64-linux-gnu/5/lto-wrapper
Target: x86_64-linux-gnu
Configured with: ../src/configure -v --with-pkgversion='Ubuntu 5.4.0-6ubuntu1~16.04.1' --with-bugurl=file:///usr/share/doc/gcc-5/README.Bugs --enable-languages=c,ada,c++,java,go,d,fortran,objc,obj-c++ --prefix=/usr --program-suffix=-5 --enable-shared --enable-linker-build-id --libexecdir=/usr/lib --without-included-gettext --enable-threads=posix --libdir=/usr/lib --enable-nls --with-sysroot=/ --enable-clocale=gnu --enable-libstdcxx-debug --enable-libstdcxx-time=yes --with-default-libstdcxx-abi=new --enable-gnu-unique-object --disable-vtable-verify --enable-libmpx --enable-plugin --with-system-zlib --disable-browser-plugin --enable-java-awt=gtk --enable-gtk-cairo --with-java-home=/usr/lib/jvm/java-1.5.0-gcj-5-amd64/jre --enable-java-home --with-jvm-root-dir=/usr/lib/jvm/java-1.5.0-gcj-5-amd64 --with-jvm-jar-dir=/usr/lib/jvm-exports/java-1.5.0-gcj-5-amd64 --with-arch-directory=amd64 --with-ecj-jar=/usr/share/java/eclipse-ecj.jar --enable-objc-gc --enable-multiarch --disable-werror --with-arch-32=i686 --with-abi=m64 --with-multilib-list=m32,m64,mx32 --enable-multilib --with-tune=generic --enable-checking=release --build=x86_64-linux-gnu --host=x86_64-linux-gnu --target=x86_64-linux-gnu
Thread model: posix
gcc version 5.4.0 20160609 (Ubuntu 5.4.0-6ubuntu1~16.04.1) 
configure:3470: $? = 0
configure:3459: gcc -V >&5
gcc: error: unrecognized command line option '-V'
gcc: fatal error: no input files
compilation terminated.
configure:3470: $? = 1
configure:3459: gcc -qversion >&5
gcc: error: unrecognized command line option '-qversion'
gcc: fatal error: no input files
compilation terminated.
configure:3470: $? = 1
configure:3490: checking whether the C compiler works
configure:3512: gcc    conftest.c  >&5
configure:3516: $? = 0
configure:3564: result: yes
configure:3567: checking for C compiler default output file name
configure:3569: result: a.out
configure:3575: checking for suffix of executables
configure:3582: gcc -o conftest    conftest.c  >&5
configure:3586: $? = 0
configure:3608: result: 
configure:3630: checking whether we are cross compiling
configure:3638: gcc -o conftest    conftest.c  >&5
configure:3642: $? = 0
configure:3649: ./conftest
configure:3653: $? = 0
configure:3668: result: no
configure:3673: checking for suffix of object files
configure:3695: gcc -c   conftest.c >&5
configure:3699: $? = 0
configure:3720: result: o
configure:3724: checking whether we are using the GNU C compiler
configure:3743: gcc -c   conftest.c >&5
configure:3743: $? = 0
configure:3752: result: yes
configure:3761: checking whether gcc accepts -g
configure:3781: gcc -c -g  conftest.c >&5
configure:3781: $? = 0
configure:3822: result: yes
configure:3839: checking for gcc option to accept ISO C89
configure:3902: gcc  -c -g -O2  conftest.c >&5
configure:3902: $? = 0
configure:3915: result: none needed
configure:3940: checking whether gcc understands -c and -o together
configure:3962: gcc -c conftest.c -o conftest2.o
configure:3965: $? = 0
configure:3962: gcc -c conftest.c -o conftest2.o
configure:3965: $? = 0
configure:3977: result: yes
configure:3996: checking dependency style of gcc
configure:4107: result: gcc3
configure:4167: checking build system type
configure:4181: result: x86_64-pc-linux-gnu
configure:4201: checking host system type
configure:4214: result: x86_64-pc-linux-gnu
configure:4255: checking how to print strings
configure:4282: result: printf
configure:4303: checking for a sed that does not truncate output
configure:4367: result: /bin/sed
configure:4385: checking for grep that handles long lines and -e
configure:4443: result: /bin/grep
configure:4448: checking for egrep
configure:4510: result: /bin/grep -E
configure:4515: checking for fgrep
configure:4577: result: /bin/grep -F
configure:4612: checking for ld used by gcc
configure:4679: result: /usr/bin/ld
configure:4686: checking if the linker (/usr/bin/ld) is GNU ld
configure:4701: result: yes
configure:4713: checking for BSD- or MS-compatible name lister (nm)
configure:4767: result: /usr/bin/nm -B
configure:4897: checking the name lister (/usr/bin/nm -B) interface
configure:4904: gcc -c -g -O2  conftest.c >&5
configure:4907: /usr/bin/nm -B "conftest.o"
configure:4910: output
0000000000000000 B some_variable
configure:4917: result: BSD nm
configure:4920: checking whether ln -s works
configure:4924: result: yes
configure:4932: checking the maximum length of command line arguments
configure:5063: result: 1572864
configure:5111: checking how to convert x86_64-pc-linux-gnu file names to x86_64-pc-linux-gnu format
configure:5151: result: func_convert_file_noop
configure:5158: checking how to convert x86_64-pc-linux-gnu file names to toolchain format
configure:5178: result: func_convert_file_noop
configure:5185: checking for /usr/bin/ld option to reload object files
configure:5192: result: -r
configure:5266: checking for objdump
configure:5282: found /usr/bin/objdump
configure:5293: result: objdump
configure:5322: checking how to recognize dependent libraries
configure:5522: result: pass_all
configure:5607: checking for dlltool
configure:5637: result: no
configure:5664: checking how to associate runtime and link libraries
configure:5691: result: printf %s\n
configure:5751: checking for ar
configure:5767: found /usr/bin/ar
configure:5778: result: ar
configure:5815: checking for archiver @FILE support
configure:5832: gcc -c -g -O2  conftest.c >&5
configure:5832: $? = 0
configure:5835: ar cru libconftest.a @conftest.lst >&5
ar: `u' modifier ignored since `D' is the default (see `U')
configure:5838: $? = 0
configure:5843: ar cru libconftest.a @conftest.lst >&5
ar: `u' modifier ignored since `D' is the default (see `U')
ar: conftest.o: No such file or directory
configure:5846: $? = 1
configure:5858: result: @
configure:5916: checking for strip
configure:5932: found /usr/bin/strip
configure:5943: result: strip
configure:6015: checking for ranlib
configure:6031: found /usr/bin/ranlib
configure:6042: result: ranlib
configure:6144: checking command to parse /usr/bin/nm -B output from gcc object
configure:6297: gcc -c -g -O2  conftest.c >&5
configure:6300: $? = 0
configure:6304: /usr/bin/nm -B conftest.o \| sed -n -e 's/^.*[ ]\([ABCDGIRSTW][ABCDGIRSTW]*\)[ ][ ]*\([_A-Za-z][_A-Za-z0-9]*\)$/\1 \2 \2/p' | sed '/ __gnu_lto/d' \> conftest.nm
configure:6307: $? = 0
configure:6373: gcc -o conftest -g -O2   conftest.c conftstm.o >&5
configure:6376: $? = 0
configure:6414: result: ok
configure:6461: checking for sysroot
configure:6491: result: no
configure:6498: checking for a working dd
configure:6536: result: /bin/dd
configure:6540: checking how to truncate binary pipes
configure:6555: result: /bin/dd bs=4096 count=1
configure:6691: gcc -c -g -O2  conftest.c >&5
configure:6694: $? = 0
configure:6884: checking for mt
configure:6900: found /bin/mt
configure:6911: result: mt
configure:6934: checking if mt is a manifest tool
configure:6940: mt '-?'
configure:6948: result: no
configure:7625: checking how to run the C preprocessor
configure:7656: gcc -E  conftest.c
configure:7656: $? = 0
configure:7670: gcc -E  conftest.c
conftest.c:9:28: fatal error: ac_nonexistent.h: No such file or directory
compilation terminated.
configure:7670: $? = 1
configure: failed program was:
| /* confdefs.h */
| #define PACKAGE_NAME "dvipng (TeX Live)"
| #define PACKAGE_TARNAME "dvipng--tex-live-"
| #define PACKAGE_VERSION "1.15"
| #define PACKAGE_STRING "dvipng (TeX Live) 1.15"
| #define PACKAGE_BUGREPORT "tex-k@tug.org"
| #define PACKAGE_URL ""
| /* end confdefs.h.  */
| #include <ac_nonexistent.h>
configure:7695: result: gcc -E
configure:7715: gcc -E  conftest.c
configure:7715: $? = 0
configure:7729: gcc -E  conftest.c
conftest.c:9:28: fatal error: ac_nonexistent.h: No such file or directory
compilation terminated.
configure:7729: $? = 1
configure: failed program was:
| /* confdefs.h */
| #define PACKAGE_NAME "dvipng (TeX Live)"
| #define PACKAGE_TARNAME "dvipng--tex-live-"
| #define PACKAGE_VERSION "1.15"
| #define PACKAGE_STRING "dvipng (TeX Live) 1.15"
| #define PACKAGE_BUGREPORT "tex-k@tug.org"
| #define PACKAGE_URL ""
| /* end confdefs.h.  */
| #include <ac_nonexistent.h>
configure:7758: checking for ANSI C header files
configure:7778: gcc -c -g -O2  conftest.c >&5
configure:7778: $? = 0
configure:7851: gcc -o conftest -g -O2   conftest.c  >&5
configure:7851: $? = 0
configure:7851: ./conftest
configure:7851: $? = 0
configure:7862: result: yes
configure:7875: checking for sys/types.h
configure:7875: gcc -c -g -O2  conftest.c >&5
configure:7875: $? = 0
configure:7875: result: yes
configure:7875: checking for sys/stat.h
configure:7875: gcc -c -g -O2  conftest.c >&5
configure:7875: $? = 0
configure:7875: result: yes
configure:7875: checking for stdlib.h
configure:7875: gcc -c -g -O2  conftest.c >&5
configure:7875: $? = 0
configure:7875: result: yes
configure:7875: checking for string.h
configure:7875: gcc -c -g -O2  conftest.c >&5
configure:7875: $? = 0
configure:7875: result: yes
configure:7875: checking for memory.h
configure:7875: gcc -c -g -O2  conftest.c >&5
configure:7875: $? = 0
configure:7875: result: yes
configure:7875: checking for strings.h
configure:7875: gcc -c -g -O2  conftest.c >&5
configure:7875: $? = 0
configure:7875: result: yes
configure:7875: checking for inttypes.h
configure:7875: gcc -c -g -O2  conftest.c >&5
configure:7875: $? = 0
configure:7875: result: yes
configure:7875: checking for stdint.h
configure:7875: gcc -c -g -O2  conftest.c >&5
configure:7875: $? = 0
configure:7875: result: yes
configure:7875: checking for unistd.h
configure:7875: gcc -c -g -O2  conftest.c >&5
configure:7875: $? = 0
configure:7875: result: yes
configure:7889: checking for dlfcn.h
configure:7889: gcc -c -g -O2  conftest.c >&5
configure:7889: $? = 0
configure:7889: result: yes
configure:8017: checking whether to enable maintainer-specific portions of Makefiles
configure:8026: result: no
configure:8039: checking whether the compiler accepts prototypes
configure:8055: gcc -o conftest -g -O2   conftest.c  >&5
configure:8055: $? = 0
configure:8063: result: yes
configure:8068: checking what warning flags to pass to the C compiler
configure:8113: result: -Wimplicit -Wreturn-type -Wdeclaration-after-statement -Wno-unknown-pragmas
configure:8667: checking for objdir
configure:8682: result: .libs
configure:8946: checking if gcc supports -fno-rtti -fno-exceptions
configure:8964: gcc -c -g -O2  -fno-rtti -fno-exceptions conftest.c >&5
cc1: warning: command line option '-fno-rtti' is valid for C++/ObjC++ but not for C
configure:8968: $? = 0
configure:8981: result: no
configure:9339: checking for gcc option to produce PIC
configure:9346: result: -fPIC -DPIC
configure:9354: checking if gcc PIC flag -fPIC -DPIC works
configure:9372: gcc -c -g -O2  -fPIC -DPIC -DPIC conftest.c >&5
configure:9376: $? = 0
configure:9389: result: yes
configure:9418: checking if gcc static flag -static works
configure:9446: result: yes
configure:9461: checking if gcc supports -c -o file.o
configure:9482: gcc -c -g -O2  -o out/conftest2.o conftest.c >&5
configure:9486: $? = 0
configure:9508: result: yes
configure:9516: checking if gcc supports -c -o file.o
configure:9563: result: yes
configure:9596: checking whether the gcc linker (/usr/bin/ld -m elf_x86_64) supports shared libraries
configure:10855: result: yes
configure:11095: checking dynamic linker characteristics
configure:11676: gcc -o conftest -g -O2   -Wl,-rpath -Wl,/foo conftest.c  >&5
configure:11676: $? = 0
configure:11913: result: GNU/Linux ld.so
configure:12035: checking how to hardcode library paths into programs
configure:12060: result: immediate
configure:12608: checking whether stripping libraries is possible
configure:12613: result: yes
configure:12648: checking if libtool supports shared libraries
configure:12650: result: yes
configure:12653: checking whether to build shared libraries
configure:12678: result: no
configure:12681: checking whether to build static libraries
configure:12685: result: yes
configure:12729: checking for special C compiler options needed for large files
configure:12774: result: no
configure:12780: checking for _FILE_OFFSET_BITS value needed for large files
configure:12805: gcc -c -g -O2  conftest.c >&5
configure:12805: $? = 0
configure:12837: result: no
configure:12922: checking for _LARGEFILE_SOURCE value needed for large files
configure:12941: gcc -o conftest -g -O2   conftest.c  >&5
configure:12941: $? = 0
configure:12969: result: no
configure:12993: checking for dirent.h that defines DIR
configure:13012: gcc -c -g -O2  conftest.c >&5
configure:13012: $? = 0
configure:13020: result: yes
configure:13033: checking for library containing opendir
configure:13064: gcc -o conftest -g -O2   conftest.c  >&5
configure:13064: $? = 0
configure:13081: result: none required
configure:13148: checking for ANSI C header files
configure:13252: result: yes
configure:13260: checking whether closedir returns void
configure:13284: gcc -o conftest -g -O2   conftest.c  >&5
configure:13284: $? = 0
configure:13284: ./conftest
configure:13284: $? = 0
configure:13294: result: no
configure:13305: checking assert.h usability
configure:13305: gcc -c -g -O2  conftest.c >&5
configure:13305: $? = 0
configure:13305: result: yes
configure:13305: checking assert.h presence
configure:13305: gcc -E  conftest.c
configure:13305: $? = 0
configure:13305: result: yes
configure:13305: checking for assert.h
configure:13305: result: yes
configure:13305: checking float.h usability
configure:13305: gcc -c -g -O2  conftest.c >&5
configure:13305: $? = 0
configure:13305: result: yes
configure:13305: checking float.h presence
configure:13305: gcc -E  conftest.c
configure:13305: $? = 0
configure:13305: result: yes
configure:13305: checking for float.h
configure:13305: result: yes
configure:13305: checking limits.h usability
configure:13305: gcc -c -g -O2  conftest.c >&5
configure:13305: $? = 0
configure:13305: result: yes
configure:13305: checking limits.h presence
configure:13305: gcc -E  conftest.c
configure:13305: $? = 0
configure:13305: result: yes
configure:13305: checking for limits.h
configure:13305: result: yes
configure:13305: checking pwd.h usability
configure:13305: gcc -c -g -O2  conftest.c >&5
configure:13305: $? = 0
configure:13305: result: yes
configure:13305: checking pwd.h presence
configure:13305: gcc -E  conftest.c
configure:13305: $? = 0
configure:13305: result: yes
configure:13305: checking for pwd.h
configure:13305: result: yes
configure:13305: checking for stdlib.h
configure:13305: result: yes
configure:13305: checking sys/param.h usability
configure:13305: gcc -c -g -O2  conftest.c >&5
configure:13305: $? = 0
configure:13305: result: yes
configure:13305: checking sys/param.h presence
configure:13305: gcc -E  conftest.c
configure:13305: $? = 0
configure:13305: result: yes
configure:13305: checking for sys/param.h
configure:13305: result: yes
configure:13317: checking for putenv
configure:13317: gcc -o conftest -g -O2   conftest.c  >&5
configure:13317: $? = 0
configure:13317: result: yes
configure:13329: checking for getcwd
configure:13329: gcc -o conftest -g -O2   conftest.c  >&5
configure:13329: $? = 0
configure:13329: result: yes
configure:13329: checking for getwd
configure:13329: gcc -o conftest -g -O2   conftest.c  >&5
/tmp/ccVcM8Rv.o: In function `main':
/home/maqiyuan/Desktop/texlive-upstream/texk/dvipng/conftest.c:68: warning: the `getwd' function is dangerous and should not be used.
configure:13329: $? = 0
configure:13329: result: yes
configure:13329: checking for memcmp
configure:13329: gcc -o conftest -g -O2   conftest.c  >&5
conftest.c:58:6: warning: conflicting types for built-in function 'memcmp'
 char memcmp ();
      ^
configure:13329: $? = 0
configure:13329: result: yes
configure:13329: checking for memcpy
configure:13329: gcc -o conftest -g -O2   conftest.c  >&5
conftest.c:59:6: warning: conflicting types for built-in function 'memcpy'
 char memcpy ();
      ^
configure:13329: $? = 0
configure:13329: result: yes
configure:13329: checking for mkstemp
configure:13329: gcc -o conftest -g -O2   conftest.c  >&5
configure:13329: $? = 0
configure:13329: result: yes
configure:13329: checking for mktemp
configure:13329: gcc -o conftest -g -O2   conftest.c  >&5
/tmp/ccqoO4jL.o: In function `main':
/home/maqiyuan/Desktop/texlive-upstream/texk/dvipng/conftest.c:72: warning: the use of `mktemp' is dangerous, better use `mkstemp' or `mkdtemp'
configure:13329: $? = 0
configure:13329: result: yes
configure:13329: checking for strchr
configure:13329: gcc -o conftest -g -O2   conftest.c  >&5
conftest.c:62:6: warning: conflicting types for built-in function 'strchr'
 char strchr ();
      ^
configure:13329: $? = 0
configure:13329: result: yes
configure:13329: checking for strrchr
configure:13329: gcc -o conftest -g -O2   conftest.c  >&5
conftest.c:63:6: warning: conflicting types for built-in function 'strrchr'
 char strrchr ();
      ^
configure:13329: $? = 0
configure:13329: result: yes
configure:13338: checking for an ANSI C-conforming const
configure:13404: gcc -c -g -O2  conftest.c >&5
configure:13404: $? = 0
configure:13411: result: yes
configure:13419: checking for inline
configure:13435: gcc -c -g -O2  conftest.c >&5
configure:13435: $? = 0
configure:13443: result: inline
configure:13461: checking for size_t
configure:13461: gcc -c -g -O2  conftest.c >&5
configure:13461: $? = 0
configure:13461: gcc -c -g -O2  conftest.c >&5
conftest.c: In function 'main':
conftest.c:77:21: error: expected expression before ')' token
 if (sizeof ((size_t)))
                     ^
configure:13461: $? = 1
configure: failed program was:
| /* confdefs.h */
| #define PACKAGE_NAME "dvipng (TeX Live)"
| #define PACKAGE_TARNAME "dvipng--tex-live-"
| #define PACKAGE_VERSION "1.15"
| #define PACKAGE_STRING "dvipng (TeX Live) 1.15"
| #define PACKAGE_BUGREPORT "tex-k@tug.org"
| #define PACKAGE_URL ""
| #define STDC_HEADERS 1
| #define HAVE_SYS_TYPES_H 1
| #define HAVE_SYS_STAT_H 1
| #define HAVE_STDLIB_H 1
| #define HAVE_STRING_H 1
| #define HAVE_MEMORY_H 1
| #define HAVE_STRINGS_H 1
| #define HAVE_INTTYPES_H 1
| #define HAVE_STDINT_H 1
| #define HAVE_UNISTD_H 1
| #define HAVE_DLFCN_H 1
| #define PACKAGE "dvipng--tex-live-"
| #define VERSION "1.15"
| #define LT_OBJDIR ".libs/"
| #define HAVE_FSEEKO 1
| #define HAVE_DIRENT_H 1
| #define STDC_HEADERS 1
| #define HAVE_ASSERT_H 1
| #define HAVE_FLOAT_H 1
| #define HAVE_LIMITS_H 1
| #define HAVE_PWD_H 1
| #define HAVE_STDLIB_H 1
| #define HAVE_SYS_PARAM_H 1
| #define HAVE_PUTENV 1
| #define HAVE_GETCWD 1
| #define HAVE_GETWD 1
| #define HAVE_MEMCMP 1
| #define HAVE_MEMCPY 1
| #define HAVE_MKSTEMP 1
| #define HAVE_MKTEMP 1
| #define HAVE_STRCHR 1
| #define HAVE_STRRCHR 1
| /* end confdefs.h.  */
| #include <stdio.h>
| #ifdef HAVE_SYS_TYPES_H
| # include <sys/types.h>
| #endif
| #ifdef HAVE_SYS_STAT_H
| # include <sys/stat.h>
| #endif
| #ifdef STDC_HEADERS
| # include <stdlib.h>
| # include <stddef.h>
| #else
| # ifdef HAVE_STDLIB_H
| #  include <stdlib.h>
| # endif
| #endif
| #ifdef HAVE_STRING_H
| # if !defined STDC_HEADERS && defined HAVE_MEMORY_H
| #  include <memory.h>
| # endif
| # include <string.h>
| #endif
| #ifdef HAVE_STRINGS_H
| # include <strings.h>
| #endif
| #ifdef HAVE_INTTYPES_H
| # include <inttypes.h>
| #endif
| #ifdef HAVE_STDINT_H
| # include <stdint.h>
| #endif
| #ifdef HAVE_UNISTD_H
| # include <unistd.h>
| #endif
| int
| main ()
| {
| if (sizeof ((size_t)))
| 	    return 0;
|   ;
|   return 0;
| }
configure:13461: result: yes
configure:13472: checking for int64_t
configure:13472: gcc -c -g -O2  conftest.c >&5
configure:13472: $? = 0
configure:13472: gcc -c -g -O2  conftest.c >&5
conftest.c: In function 'main':
conftest.c:79:53: warning: integer overflow in expression [-Woverflow]
    < (int64_t) (((((int64_t) 1 << N) << N) - 1) * 2 + 2))];
                                                     ^
conftest.c:78:12: error: storage size of 'test_array' isn't constant
 static int test_array [1 - 2 * !((int64_t) (((((int64_t) 1 << N) << N) - 1) * 2 + 1)
            ^
configure:13472: $? = 1
configure: failed program was:
| /* confdefs.h */
| #define PACKAGE_NAME "dvipng (TeX Live)"
| #define PACKAGE_TARNAME "dvipng--tex-live-"
| #define PACKAGE_VERSION "1.15"
| #define PACKAGE_STRING "dvipng (TeX Live) 1.15"
| #define PACKAGE_BUGREPORT "tex-k@tug.org"
| #define PACKAGE_URL ""
| #define STDC_HEADERS 1
| #define HAVE_SYS_TYPES_H 1
| #define HAVE_SYS_STAT_H 1
| #define HAVE_STDLIB_H 1
| #define HAVE_STRING_H 1
| #define HAVE_MEMORY_H 1
| #define HAVE_STRINGS_H 1
| #define HAVE_INTTYPES_H 1
| #define HAVE_STDINT_H 1
| #define HAVE_UNISTD_H 1
| #define HAVE_DLFCN_H 1
| #define PACKAGE "dvipng--tex-live-"
| #define VERSION "1.15"
| #define LT_OBJDIR ".libs/"
| #define HAVE_FSEEKO 1
| #define HAVE_DIRENT_H 1
| #define STDC_HEADERS 1
| #define HAVE_ASSERT_H 1
| #define HAVE_FLOAT_H 1
| #define HAVE_LIMITS_H 1
| #define HAVE_PWD_H 1
| #define HAVE_STDLIB_H 1
| #define HAVE_SYS_PARAM_H 1
| #define HAVE_PUTENV 1
| #define HAVE_GETCWD 1
| #define HAVE_GETWD 1
| #define HAVE_MEMCMP 1
| #define HAVE_MEMCPY 1
| #define HAVE_MKSTEMP 1
| #define HAVE_MKTEMP 1
| #define HAVE_STRCHR 1
| #define HAVE_STRRCHR 1
| /* end confdefs.h.  */
| #include <stdio.h>
| #ifdef HAVE_SYS_TYPES_H
| # include <sys/types.h>
| #endif
| #ifdef HAVE_SYS_STAT_H
| # include <sys/stat.h>
| #endif
| #ifdef STDC_HEADERS
| # include <stdlib.h>
| # include <stddef.h>
| #else
| # ifdef HAVE_STDLIB_H
| #  include <stdlib.h>
| # endif
| #endif
| #ifdef HAVE_STRING_H
| # if !defined STDC_HEADERS && defined HAVE_MEMORY_H
| #  include <memory.h>
| # endif
| # include <string.h>
| #endif
| #ifdef HAVE_STRINGS_H
| # include <strings.h>
| #endif
| #ifdef HAVE_INTTYPES_H
| # include <inttypes.h>
| #endif
| #ifdef HAVE_STDINT_H
| # include <stdint.h>
| #endif
| #ifdef HAVE_UNISTD_H
| # include <unistd.h>
| #endif
| 	        enum { N = 64 / 2 - 1 };
| int
| main ()
| {
| static int test_array [1 - 2 * !((int64_t) (((((int64_t) 1 << N) << N) - 1) * 2 + 1)
| 		 < (int64_t) (((((int64_t) 1 << N) << N) - 1) * 2 + 2))];
| test_array [0] = 0;
| return test_array [0];
| 
|   ;
|   return 0;
| }
configure:13472: result: yes
configure:13483: checking for uint64_t
configure:13483: gcc -c -g -O2  conftest.c >&5
configure:13483: $? = 0
configure:13483: result: yes
configure:13503: checking whether isascii is declared
configure:13503: gcc -c -g -O2  conftest.c >&5
configure:13503: $? = 0
configure:13503: result: yes
configure:13515: checking for struct stat.st_mtim
configure:13515: gcc -c -g -O2  conftest.c >&5
conftest.c: In function 'main':
conftest.c:79:5: error: used struct type value where scalar is required
 if (ac_aggr.st_mtim)
     ^
configure:13515: $? = 1
configure: failed program was:
| /* confdefs.h */
| #define PACKAGE_NAME "dvipng (TeX Live)"
| #define PACKAGE_TARNAME "dvipng--tex-live-"
| #define PACKAGE_VERSION "1.15"
| #define PACKAGE_STRING "dvipng (TeX Live) 1.15"
| #define PACKAGE_BUGREPORT "tex-k@tug.org"
| #define PACKAGE_URL ""
| #define STDC_HEADERS 1
| #define HAVE_SYS_TYPES_H 1
| #define HAVE_SYS_STAT_H 1
| #define HAVE_STDLIB_H 1
| #define HAVE_STRING_H 1
| #define HAVE_MEMORY_H 1
| #define HAVE_STRINGS_H 1
| #define HAVE_INTTYPES_H 1
| #define HAVE_STDINT_H 1
| #define HAVE_UNISTD_H 1
| #define HAVE_DLFCN_H 1
| #define PACKAGE "dvipng--tex-live-"
| #define VERSION "1.15"
| #define LT_OBJDIR ".libs/"
| #define HAVE_FSEEKO 1
| #define HAVE_DIRENT_H 1
| #define STDC_HEADERS 1
| #define HAVE_ASSERT_H 1
| #define HAVE_FLOAT_H 1
| #define HAVE_LIMITS_H 1
| #define HAVE_PWD_H 1
| #define HAVE_STDLIB_H 1
| #define HAVE_SYS_PARAM_H 1
| #define HAVE_PUTENV 1
| #define HAVE_GETCWD 1
| #define HAVE_GETWD 1
| #define HAVE_MEMCMP 1
| #define HAVE_MEMCPY 1
| #define HAVE_MKSTEMP 1
| #define HAVE_MKTEMP 1
| #define HAVE_STRCHR 1
| #define HAVE_STRRCHR 1
| #define HAVE_DECL_ISASCII 1
| /* end confdefs.h.  */
| #include <stdio.h>
| #ifdef HAVE_SYS_TYPES_H
| # include <sys/types.h>
| #endif
| #ifdef HAVE_SYS_STAT_H
| # include <sys/stat.h>
| #endif
| #ifdef STDC_HEADERS
| # include <stdlib.h>
| # include <stddef.h>
| #else
| # ifdef HAVE_STDLIB_H
| #  include <stdlib.h>
| # endif
| #endif
| #ifdef HAVE_STRING_H
| # if !defined STDC_HEADERS && defined HAVE_MEMORY_H
| #  include <memory.h>
| # endif
| # include <string.h>
| #endif
| #ifdef HAVE_STRINGS_H
| # include <strings.h>
| #endif
| #ifdef HAVE_INTTYPES_H
| # include <inttypes.h>
| #endif
| #ifdef HAVE_STDINT_H
| # include <stdint.h>
| #endif
| #ifdef HAVE_UNISTD_H
| # include <unistd.h>
| #endif
| int
| main ()
| {
| static struct stat ac_aggr;
| if (ac_aggr.st_mtim)
| return 0;
|   ;
|   return 0;
| }
configure:13515: gcc -c -g -O2  conftest.c >&5
configure:13515: $? = 0
configure:13515: result: yes
configure:13580: checking for gs
configure:13596: found /usr/bin/gs
configure:13607: result: gs
configure:13659: checking whether gs has the pngalpha device
configure:13662: result: yes
configure:13701: checking for library containing pow
configure:13732: gcc -o conftest -g -O2   conftest.c  >&5
conftest.c:52:6: warning: conflicting types for built-in function 'pow'
 char pow ();
      ^
/tmp/ccxm9D1O.o: In function `main':
/home/maqiyuan/Desktop/texlive-upstream/texk/dvipng/conftest.c:56: undefined reference to `pow'
collect2: error: ld returned 1 exit status
configure:13732: $? = 1
configure: failed program was:
| /* confdefs.h */
| #define PACKAGE_NAME "dvipng (TeX Live)"
| #define PACKAGE_TARNAME "dvipng--tex-live-"
| #define PACKAGE_VERSION "1.15"
| #define PACKAGE_STRING "dvipng (TeX Live) 1.15"
| #define PACKAGE_BUGREPORT "tex-k@tug.org"
| #define PACKAGE_URL ""
| #define STDC_HEADERS 1
| #define HAVE_SYS_TYPES_H 1
| #define HAVE_SYS_STAT_H 1
| #define HAVE_STDLIB_H 1
| #define HAVE_STRING_H 1
| #define HAVE_MEMORY_H 1
| #define HAVE_STRINGS_H 1
| #define HAVE_INTTYPES_H 1
| #define HAVE_STDINT_H 1
| #define HAVE_UNISTD_H 1
| #define HAVE_DLFCN_H 1
| #define PACKAGE "dvipng--tex-live-"
| #define VERSION "1.15"
| #define LT_OBJDIR ".libs/"
| #define HAVE_FSEEKO 1
| #define HAVE_DIRENT_H 1
| #define STDC_HEADERS 1
| #define HAVE_ASSERT_H 1
| #define HAVE_FLOAT_H 1
| #define HAVE_LIMITS_H 1
| #define HAVE_PWD_H 1
| #define HAVE_STDLIB_H 1
| #define HAVE_SYS_PARAM_H 1
| #define HAVE_PUTENV 1
| #define HAVE_GETCWD 1
| #define HAVE_GETWD 1
| #define HAVE_MEMCMP 1
| #define HAVE_MEMCPY 1
| #define HAVE_MKSTEMP 1
| #define HAVE_MKTEMP 1
| #define HAVE_STRCHR 1
| #define HAVE_STRRCHR 1
| #define HAVE_DECL_ISASCII 1
| #define HAVE_STRUCT_STAT_ST_MTIM 1
| #define DEBUG 1
| #define GS_PATH "gs"
| /* end confdefs.h.  */
| 
| /* Override any GCC internal prototype to avoid an error.
|    Use char because int might match the return type of a GCC
|    builtin and then its argument prototype would still apply.  */
| #ifdef __cplusplus
| extern "C"
| #endif
| char pow ();
| int
| main ()
| {
| return pow ();
|   ;
|   return 0;
| }
configure:13732: gcc -o conftest -g -O2   conftest.c -lm   >&5
conftest.c:52:6: warning: conflicting types for built-in function 'pow'
 char pow ();
      ^
configure:13732: $? = 0
configure:13749: result: -lm
configure:13757: checking for library containing basename
configure:13788: gcc -o conftest -g -O2   conftest.c -lm  >&5
configure:13788: $? = 0
configure:13805: result: none required
configure:13815: checking for ANSI C header files
configure:13919: result: yes
configure:13930: checking fcntl.h usability
configure:13930: gcc -c -g -O2  conftest.c >&5
configure:13930: $? = 0
configure:13930: result: yes
configure:13930: checking fcntl.h presence
configure:13930: gcc -E  conftest.c
configure:13930: $? = 0
configure:13930: result: yes
configure:13930: checking for fcntl.h
configure:13930: result: yes
configure:13930: checking sys/time.h usability
configure:13930: gcc -c -g -O2  conftest.c >&5
configure:13930: $? = 0
configure:13930: result: yes
configure:13930: checking sys/time.h presence
configure:13930: gcc -E  conftest.c
configure:13930: $? = 0
configure:13930: result: yes
configure:13930: checking for sys/time.h
configure:13930: result: yes
configure:13940: checking for sys/wait.h that is POSIX.1 compatible
configure:13966: gcc -c -g -O2  conftest.c >&5
configure:13966: $? = 0
configure:13973: result: yes
configure:13981: checking whether time.h and sys/time.h may both be included
configure:14001: gcc -c -g -O2  conftest.c >&5
configure:14001: $? = 0
configure:14008: result: yes
configure:14016: checking for stdbool.h that conforms to C99
configure:14083: gcc -c -g -O2  conftest.c >&5
configure:14083: $? = 0
configure:14090: result: yes
configure:14092: checking for _Bool
configure:14092: gcc -c -g -O2  conftest.c >&5
configure:14092: $? = 0
configure:14092: gcc -c -g -O2  conftest.c >&5
conftest.c: In function 'main':
conftest.c:86:20: error: expected expression before ')' token
 if (sizeof ((_Bool)))
                    ^
configure:14092: $? = 1
configure: failed program was:
| /* confdefs.h */
| #define PACKAGE_NAME "dvipng (TeX Live)"
| #define PACKAGE_TARNAME "dvipng--tex-live-"
| #define PACKAGE_VERSION "1.15"
| #define PACKAGE_STRING "dvipng (TeX Live) 1.15"
| #define PACKAGE_BUGREPORT "tex-k@tug.org"
| #define PACKAGE_URL ""
| #define STDC_HEADERS 1
| #define HAVE_SYS_TYPES_H 1
| #define HAVE_SYS_STAT_H 1
| #define HAVE_STDLIB_H 1
| #define HAVE_STRING_H 1
| #define HAVE_MEMORY_H 1
| #define HAVE_STRINGS_H 1
| #define HAVE_INTTYPES_H 1
| #define HAVE_STDINT_H 1
| #define HAVE_UNISTD_H 1
| #define HAVE_DLFCN_H 1
| #define PACKAGE "dvipng--tex-live-"
| #define VERSION "1.15"
| #define LT_OBJDIR ".libs/"
| #define HAVE_FSEEKO 1
| #define HAVE_DIRENT_H 1
| #define STDC_HEADERS 1
| #define HAVE_ASSERT_H 1
| #define HAVE_FLOAT_H 1
| #define HAVE_LIMITS_H 1
| #define HAVE_PWD_H 1
| #define HAVE_STDLIB_H 1
| #define HAVE_SYS_PARAM_H 1
| #define HAVE_PUTENV 1
| #define HAVE_GETCWD 1
| #define HAVE_GETWD 1
| #define HAVE_MEMCMP 1
| #define HAVE_MEMCPY 1
| #define HAVE_MKSTEMP 1
| #define HAVE_MKTEMP 1
| #define HAVE_STRCHR 1
| #define HAVE_STRRCHR 1
| #define HAVE_DECL_ISASCII 1
| #define HAVE_STRUCT_STAT_ST_MTIM 1
| #define DEBUG 1
| #define GS_PATH "gs"
| #define STDC_HEADERS 1
| #define HAVE_FCNTL_H 1
| #define HAVE_SYS_TIME_H 1
| #define HAVE_SYS_WAIT_H 1
| #define TIME_WITH_SYS_TIME 1
| /* end confdefs.h.  */
| #include <stdio.h>
| #ifdef HAVE_SYS_TYPES_H
| # include <sys/types.h>
| #endif
| #ifdef HAVE_SYS_STAT_H
| # include <sys/stat.h>
| #endif
| #ifdef STDC_HEADERS
| # include <stdlib.h>
| # include <stddef.h>
| #else
| # ifdef HAVE_STDLIB_H
| #  include <stdlib.h>
| # endif
| #endif
| #ifdef HAVE_STRING_H
| # if !defined STDC_HEADERS && defined HAVE_MEMORY_H
| #  include <memory.h>
| # endif
| # include <string.h>
| #endif
| #ifdef HAVE_STRINGS_H
| # include <strings.h>
| #endif
| #ifdef HAVE_INTTYPES_H
| # include <inttypes.h>
| #endif
| #ifdef HAVE_STDINT_H
| # include <stdint.h>
| #endif
| #ifdef HAVE_UNISTD_H
| # include <unistd.h>
| #endif
| int
| main ()
| {
| if (sizeof ((_Bool)))
| 	    return 0;
|   ;
|   return 0;
| }
configure:14092: result: yes
configure:14111: checking for an ANSI C-conforming const
configure:14184: result: yes
configure:14192: checking for pid_t
configure:14192: gcc -c -g -O2  conftest.c >&5
configure:14192: $? = 0
configure:14192: gcc -c -g -O2  conftest.c >&5
conftest.c: In function 'main':
conftest.c:88:20: error: expected expression before ')' token
 if (sizeof ((pid_t)))
                    ^
configure:14192: $? = 1
configure: failed program was:
| /* confdefs.h */
| #define PACKAGE_NAME "dvipng (TeX Live)"
| #define PACKAGE_TARNAME "dvipng--tex-live-"
| #define PACKAGE_VERSION "1.15"
| #define PACKAGE_STRING "dvipng (TeX Live) 1.15"
| #define PACKAGE_BUGREPORT "tex-k@tug.org"
| #define PACKAGE_URL ""
| #define STDC_HEADERS 1
| #define HAVE_SYS_TYPES_H 1
| #define HAVE_SYS_STAT_H 1
| #define HAVE_STDLIB_H 1
| #define HAVE_STRING_H 1
| #define HAVE_MEMORY_H 1
| #define HAVE_STRINGS_H 1
| #define HAVE_INTTYPES_H 1
| #define HAVE_STDINT_H 1
| #define HAVE_UNISTD_H 1
| #define HAVE_DLFCN_H 1
| #define PACKAGE "dvipng--tex-live-"
| #define VERSION "1.15"
| #define LT_OBJDIR ".libs/"
| #define HAVE_FSEEKO 1
| #define HAVE_DIRENT_H 1
| #define STDC_HEADERS 1
| #define HAVE_ASSERT_H 1
| #define HAVE_FLOAT_H 1
| #define HAVE_LIMITS_H 1
| #define HAVE_PWD_H 1
| #define HAVE_STDLIB_H 1
| #define HAVE_SYS_PARAM_H 1
| #define HAVE_PUTENV 1
| #define HAVE_GETCWD 1
| #define HAVE_GETWD 1
| #define HAVE_MEMCMP 1
| #define HAVE_MEMCPY 1
| #define HAVE_MKSTEMP 1
| #define HAVE_MKTEMP 1
| #define HAVE_STRCHR 1
| #define HAVE_STRRCHR 1
| #define HAVE_DECL_ISASCII 1
| #define HAVE_STRUCT_STAT_ST_MTIM 1
| #define DEBUG 1
| #define GS_PATH "gs"
| #define STDC_HEADERS 1
| #define HAVE_FCNTL_H 1
| #define HAVE_SYS_TIME_H 1
| #define HAVE_SYS_WAIT_H 1
| #define TIME_WITH_SYS_TIME 1
| #define HAVE__BOOL 1
| #define HAVE_STDBOOL_H 1
| /* end confdefs.h.  */
| #include <stdio.h>
| #ifdef HAVE_SYS_TYPES_H
| # include <sys/types.h>
| #endif
| #ifdef HAVE_SYS_STAT_H
| # include <sys/stat.h>
| #endif
| #ifdef STDC_HEADERS
| # include <stdlib.h>
| # include <stddef.h>
| #else
| # ifdef HAVE_STDLIB_H
| #  include <stdlib.h>
| # endif
| #endif
| #ifdef HAVE_STRING_H
| # if !defined STDC_HEADERS && defined HAVE_MEMORY_H
| #  include <memory.h>
| # endif
| # include <string.h>
| #endif
| #ifdef HAVE_STRINGS_H
| # include <strings.h>
| #endif
| #ifdef HAVE_INTTYPES_H
| # include <inttypes.h>
| #endif
| #ifdef HAVE_STDINT_H
| # include <stdint.h>
| #endif
| #ifdef HAVE_UNISTD_H
| # include <unistd.h>
| #endif
| int
| main ()
| {
| if (sizeof ((pid_t)))
| 	    return 0;
|   ;
|   return 0;
| }
configure:14192: result: yes
configure:14211: checking for stdlib.h
configure:14211: result: yes
configure:14211: checking for unistd.h
configure:14211: result: yes
configure:14211: checking for sys/param.h
configure:14211: result: yes
configure:14231: checking for getpagesize
configure:14231: gcc -o conftest -g -O2   conftest.c -lm  >&5
configure:14231: $? = 0
configure:14231: result: yes
configure:14240: checking for working mmap
configure:14387: gcc -o conftest -g -O2   conftest.c -lm  >&5
configure:14387: $? = 0
configure:14387: ./conftest
configure:14387: $? = 0
configure:14397: result: yes
configure:14406: checking for working strtod
configure:14447: gcc -o conftest -g -O2   conftest.c -lm  >&5
configure:14447: $? = 0
configure:14447: ./conftest
configure:14447: $? = 0
configure:14457: result: yes
configure:14521: checking for vprintf
configure:14521: gcc -o conftest -g -O2   conftest.c -lm  >&5
conftest.c:80:6: warning: conflicting types for built-in function 'vprintf'
 char vprintf ();
      ^
configure:14521: $? = 0
configure:14521: result: yes
configure:14527: checking for _doprnt
configure:14527: gcc -o conftest -g -O2   conftest.c -lm  >&5
/tmp/ccuMmS1g.o: In function `main':
/home/maqiyuan/Desktop/texlive-upstream/texk/dvipng/conftest.c:92: undefined reference to `_doprnt'
collect2: error: ld returned 1 exit status
configure:14527: $? = 1
configure: failed program was:
| /* confdefs.h */
| #define PACKAGE_NAME "dvipng (TeX Live)"
| #define PACKAGE_TARNAME "dvipng--tex-live-"
| #define PACKAGE_VERSION "1.15"
| #define PACKAGE_STRING "dvipng (TeX Live) 1.15"
| #define PACKAGE_BUGREPORT "tex-k@tug.org"
| #define PACKAGE_URL ""
| #define STDC_HEADERS 1
| #define HAVE_SYS_TYPES_H 1
| #define HAVE_SYS_STAT_H 1
| #define HAVE_STDLIB_H 1
| #define HAVE_STRING_H 1
| #define HAVE_MEMORY_H 1
| #define HAVE_STRINGS_H 1
| #define HAVE_INTTYPES_H 1
| #define HAVE_STDINT_H 1
| #define HAVE_UNISTD_H 1
| #define HAVE_DLFCN_H 1
| #define PACKAGE "dvipng--tex-live-"
| #define VERSION "1.15"
| #define LT_OBJDIR ".libs/"
| #define HAVE_FSEEKO 1
| #define HAVE_DIRENT_H 1
| #define STDC_HEADERS 1
| #define HAVE_ASSERT_H 1
| #define HAVE_FLOAT_H 1
| #define HAVE_LIMITS_H 1
| #define HAVE_PWD_H 1
| #define HAVE_STDLIB_H 1
| #define HAVE_SYS_PARAM_H 1
| #define HAVE_PUTENV 1
| #define HAVE_GETCWD 1
| #define HAVE_GETWD 1
| #define HAVE_MEMCMP 1
| #define HAVE_MEMCPY 1
| #define HAVE_MKSTEMP 1
| #define HAVE_MKTEMP 1
| #define HAVE_STRCHR 1
| #define HAVE_STRRCHR 1
| #define HAVE_DECL_ISASCII 1
| #define HAVE_STRUCT_STAT_ST_MTIM 1
| #define DEBUG 1
| #define GS_PATH "gs"
| #define STDC_HEADERS 1
| #define HAVE_FCNTL_H 1
| #define HAVE_SYS_TIME_H 1
| #define HAVE_SYS_WAIT_H 1
| #define TIME_WITH_SYS_TIME 1
| #define HAVE__BOOL 1
| #define HAVE_STDBOOL_H 1
| #define HAVE_STDLIB_H 1
| #define HAVE_UNISTD_H 1
| #define HAVE_SYS_PARAM_H 1
| #define HAVE_GETPAGESIZE 1
| #define HAVE_MMAP 1
| #define HAVE_VPRINTF 1
| /* end confdefs.h.  */
| /* Define _doprnt to an innocuous variant, in case <limits.h> declares _doprnt.
|    For example, HP-UX 11i <limits.h> declares gettimeofday.  */
| #define _doprnt innocuous__doprnt
| 
| /* System header to define __stub macros and hopefully few prototypes,
|     which can conflict with char _doprnt (); below.
|     Prefer <limits.h> to <assert.h> if __STDC__ is defined, since
|     <limits.h> exists even on freestanding compilers.  */
| 
| #ifdef __STDC__
| # include <limits.h>
| #else
| # include <assert.h>
| #endif
| 
| #undef _doprnt
| 
| /* Override any GCC internal prototype to avoid an error.
|    Use char because int might match the return type of a GCC
|    builtin and then its argument prototype would still apply.  */
| #ifdef __cplusplus
| extern "C"
| #endif
| char _doprnt ();
| /* The GNU C library defines this for functions which it implements
|     to always fail with ENOSYS.  Some functions are actually named
|     something starting with __ and the normal name is an alias.  */
| #if defined __stub__doprnt || defined __stub____doprnt
| choke me
| #endif
| 
| int
| main ()
| {
| return _doprnt ();
|   ;
|   return 0;
| }
configure:14527: result: no
configure:14541: checking for dup2
configure:14541: gcc -o conftest -g -O2   conftest.c -lm  >&5
configure:14541: $? = 0
configure:14541: result: yes
configure:14541: checking for memset
configure:14541: gcc -o conftest -g -O2   conftest.c -lm  >&5
conftest.c:82:6: warning: conflicting types for built-in function 'memset'
 char memset ();
      ^
configure:14541: $? = 0
configure:14541: result: yes
configure:14541: checking for munmap
configure:14541: gcc -o conftest -g -O2   conftest.c -lm  >&5
configure:14541: $? = 0
configure:14541: result: yes
configure:14541: checking for pow
configure:14541: gcc -o conftest -g -O2   conftest.c -lm  >&5
conftest.c:84:6: warning: conflicting types for built-in function 'pow'
 char pow ();
      ^
configure:14541: $? = 0
configure:14541: result: yes
configure:14541: checking for putenv
configure:14541: result: yes
configure:14541: checking for strchr
configure:14541: result: yes
configure:14541: checking for strrchr
configure:14541: result: yes
configure:14569: checking for makeinfo
configure:14587: found /usr/bin/makeinfo
configure:14600: result: /usr/bin/makeinfo
configure:14610: checking if /usr/bin/makeinfo understands @acronym{}
configure:14615: result: yes
configure:14610: checking if /usr/bin/makeinfo understands @env{}
configure:14615: result: yes
configure:14610: checking if /usr/bin/makeinfo understands @option{}
configure:14615: result: yes
configure:14630: checking for install-info
configure:14648: found /usr/bin/install-info
configure:14661: result: /usr/bin/install-info
configure:14685: creating ./config.lt

## ------------------ ##
## Running config.lt. ##
## ------------------ ##
config.lt:628: creating libtool
configure:16026: checking for pkg-config
configure:16042: found /usr/bin/pkg-config
configure:16053: result: pkg-config
configure:16099: checking if libkpathsea supports debugging
configure:16118: ./libtool --mode=link --tag=CC gcc -o conftest -g -O2 -I/home/maqiyuan/Desktop/texlive-upstream/texk -I/home/maqiyuan/Desktop/texlive-upstream/texk   conftest.c /home/maqiyuan/Desktop/texlive-upstream/texk/kpathsea/libkpathsea.la -lm  >&5
libtool: link: gcc -o conftest -g -O2 -I/home/maqiyuan/Desktop/texlive-upstream/texk -I/home/maqiyuan/Desktop/texlive-upstream/texk conftest.c  /home/maqiyuan/Desktop/texlive-upstream/texk/kpathsea/.libs/libkpathsea.a -lm
configure:16118: $? = 0
configure:16129: result: yes
configure:16169: checking if <zlib.h> defines 'z_const'
configure:16188: gcc -c -g -O2 -I/home/maqiyuan/Desktop/texlive-upstream/libs/zlib/include  conftest.c >&5
configure:16188: $? = 0
configure:16198: result: yes
configure:16350: checking for native WIN32 or MINGW32
configure:16368: gcc -c -g -O2  conftest.c >&5
conftest.c:67:3: error: unknown type name 'choke'
   choke me
   ^
conftest.c:69:1: error: expected '=', ',', ';', 'asm' or '__attribute__' before 'int'
 int
 ^
configure:16368: $? = 1
configure: failed program was:
| /* confdefs.h */
| #define PACKAGE_NAME "dvipng (TeX Live)"
| #define PACKAGE_TARNAME "dvipng--tex-live-"
| #define PACKAGE_VERSION "1.15"
| #define PACKAGE_STRING "dvipng (TeX Live) 1.15"
| #define PACKAGE_BUGREPORT "tex-k@tug.org"
| #define PACKAGE_URL ""
| #define STDC_HEADERS 1
| #define HAVE_SYS_TYPES_H 1
| #define HAVE_SYS_STAT_H 1
| #define HAVE_STDLIB_H 1
| #define HAVE_STRING_H 1
| #define HAVE_MEMORY_H 1
| #define HAVE_STRINGS_H 1
| #define HAVE_INTTYPES_H 1
| #define HAVE_STDINT_H 1
| #define HAVE_UNISTD_H 1
| #define HAVE_DLFCN_H 1
| #define PACKAGE "dvipng--tex-live-"
| #define VERSION "1.15"
| #define LT_OBJDIR ".libs/"
| #define HAVE_FSEEKO 1
| #define HAVE_DIRENT_H 1
| #define STDC_HEADERS 1
| #define HAVE_ASSERT_H 1
| #define HAVE_FLOAT_H 1
| #define HAVE_LIMITS_H 1
| #define HAVE_PWD_H 1
| #define HAVE_STDLIB_H 1
| #define HAVE_SYS_PARAM_H 1
| #define HAVE_PUTENV 1
| #define HAVE_GETCWD 1
| #define HAVE_GETWD 1
| #define HAVE_MEMCMP 1
| #define HAVE_MEMCPY 1
| #define HAVE_MKSTEMP 1
| #define HAVE_MKTEMP 1
| #define HAVE_STRCHR 1
| #define HAVE_STRRCHR 1
| #define HAVE_DECL_ISASCII 1
| #define HAVE_STRUCT_STAT_ST_MTIM 1
| #define DEBUG 1
| #define GS_PATH "gs"
| #define STDC_HEADERS 1
| #define HAVE_FCNTL_H 1
| #define HAVE_SYS_TIME_H 1
| #define HAVE_SYS_WAIT_H 1
| #define TIME_WITH_SYS_TIME 1
| #define HAVE__BOOL 1
| #define HAVE_STDBOOL_H 1
| #define HAVE_STDLIB_H 1
| #define HAVE_UNISTD_H 1
| #define HAVE_SYS_PARAM_H 1
| #define HAVE_GETPAGESIZE 1
| #define HAVE_MMAP 1
| #define HAVE_VPRINTF 1
| #define HAVE_DUP2 1
| #define HAVE_MEMSET 1
| #define HAVE_MUNMAP 1
| #define HAVE_POW 1
| #define HAVE_PUTENV 1
| #define HAVE_STRCHR 1
| #define HAVE_STRRCHR 1
| #define ZLIB_CONST 1
| /* end confdefs.h.  */
| #ifndef WIN32
|   choke me
| #endif
| int
| main ()
| {
| 
|   ;
|   return 0;
| }
configure:16393: result: no
configure:16442: checking for deflate
configure:16442: ./libtool --mode=link --tag=CC gcc -o conftest -g -O2 -I/home/maqiyuan/Desktop/texlive-upstream/libs/zlib/include   conftest.c /home/maqiyuan/Desktop/texlive-upstream/libs/zlib/libz.a -lm  >&5
libtool: link: gcc -o conftest -g -O2 -I/home/maqiyuan/Desktop/texlive-upstream/libs/zlib/include conftest.c  /home/maqiyuan/Desktop/texlive-upstream/libs/zlib/libz.a -lm
configure:16442: $? = 0
configure:16442: result: yes
configure:16453: checking for png_read_image
configure:16453: ./libtool --mode=link --tag=CC gcc -o conftest -g -O2 -I/home/maqiyuan/Desktop/texlive-upstream/libs/libpng/include -I/home/maqiyuan/Desktop/texlive-upstream/libs/zlib/include   conftest.c /home/maqiyuan/Desktop/texlive-upstream/libs/libpng/libpng.a /home/maqiyuan/Desktop/texlive-upstream/libs/zlib/libz.a -lm  >&5
libtool: link: gcc -o conftest -g -O2 -I/home/maqiyuan/Desktop/texlive-upstream/libs/libpng/include -I/home/maqiyuan/Desktop/texlive-upstream/libs/zlib/include conftest.c  /home/maqiyuan/Desktop/texlive-upstream/libs/libpng/libpng.a /home/maqiyuan/Desktop/texlive-upstream/libs/zlib/libz.a -lm
configure:16453: $? = 0
configure:16453: result: yes
configure:16466: checking for FT_Init_FreeType
configure:16466: ./libtool --mode=link --tag=CC gcc -o conftest -g -O2 -I/home/maqiyuan/Desktop/texlive-upstream/libs/freetype2/freetype2 -I/home/maqiyuan/Desktop/texlive-upstream/libs/libpng/include -I/home/maqiyuan/Desktop/texlive-upstream/libs/zlib/include   conftest.c /home/maqiyuan/Desktop/texlive-upstream/libs/freetype2/libfreetype.a /home/maqiyuan/Desktop/texlive-upstream/libs/libpng/libpng.a /home/maqiyuan/Desktop/texlive-upstream/libs/zlib/libz.a -lm  >&5
libtool: link: gcc -o conftest -g -O2 -I/home/maqiyuan/Desktop/texlive-upstream/libs/freetype2/freetype2 -I/home/maqiyuan/Desktop/texlive-upstream/libs/libpng/include -I/home/maqiyuan/Desktop/texlive-upstream/libs/zlib/include conftest.c  /home/maqiyuan/Desktop/texlive-upstream/libs/freetype2/libfreetype.a /home/maqiyuan/Desktop/texlive-upstream/libs/libpng/libpng.a /home/maqiyuan/Desktop/texlive-upstream/libs/zlib/libz.a -lm
configure:16466: $? = 0
configure:16466: result: yes
configure:16479: checking for gdImageCreate
configure:16479: ./libtool --mode=link --tag=CC gcc -o conftest -g -O2 -I/home/maqiyuan/Desktop/texlive-upstream/libs/gd/include -I/home/maqiyuan/Desktop/texlive-upstream/libs/freetype2/freetype2 -I/home/maqiyuan/Desktop/texlive-upstream/libs/libpng/include -I/home/maqiyuan/Desktop/texlive-upstream/libs/zlib/include   conftest.c /home/maqiyuan/Desktop/texlive-upstream/libs/gd/libgd.a /home/maqiyuan/Desktop/texlive-upstream/libs/freetype2/libfreetype.a /home/maqiyuan/Desktop/texlive-upstream/libs/libpng/libpng.a /home/maqiyuan/Desktop/texlive-upstream/libs/zlib/libz.a -lm  >&5
libtool: link: gcc -o conftest -g -O2 -I/home/maqiyuan/Desktop/texlive-upstream/libs/gd/include -I/home/maqiyuan/Desktop/texlive-upstream/libs/freetype2/freetype2 -I/home/maqiyuan/Desktop/texlive-upstream/libs/libpng/include -I/home/maqiyuan/Desktop/texlive-upstream/libs/zlib/include conftest.c  /home/maqiyuan/Desktop/texlive-upstream/libs/gd/libgd.a /home/maqiyuan/Desktop/texlive-upstream/libs/freetype2/libfreetype.a /home/maqiyuan/Desktop/texlive-upstream/libs/libpng/libpng.a /home/maqiyuan/Desktop/texlive-upstream/libs/zlib/libz.a -lm
configure:16479: $? = 0
configure:16479: result: yes
configure:16493: checking for kpse_set_program_name
configure:16493: ./libtool --mode=link --tag=CC gcc -o conftest -g -O2 -I/home/maqiyuan/Desktop/texlive-upstream/texk -I/home/maqiyuan/Desktop/texlive-upstream/texk -I/home/maqiyuan/Desktop/texlive-upstream/libs/gd/include -I/home/maqiyuan/Desktop/texlive-upstream/libs/freetype2/freetype2 -I/home/maqiyuan/Desktop/texlive-upstream/libs/libpng/include -I/home/maqiyuan/Desktop/texlive-upstream/libs/zlib/include   conftest.c /home/maqiyuan/Desktop/texlive-upstream/texk/kpathsea/libkpathsea.la /home/maqiyuan/Desktop/texlive-upstream/libs/gd/libgd.a /home/maqiyuan/Desktop/texlive-upstream/libs/freetype2/libfreetype.a /home/maqiyuan/Desktop/texlive-upstream/libs/libpng/libpng.a /home/maqiyuan/Desktop/texlive-upstream/libs/zlib/libz.a -lm  >&5
libtool: link: gcc -o conftest -g -O2 -I/home/maqiyuan/Desktop/texlive-upstream/texk -I/home/maqiyuan/Desktop/texlive-upstream/texk -I/home/maqiyuan/Desktop/texlive-upstream/libs/gd/include -I/home/maqiyuan/Desktop/texlive-upstream/libs/freetype2/freetype2 -I/home/maqiyuan/Desktop/texlive-upstream/libs/libpng/include -I/home/maqiyuan/Desktop/texlive-upstream/libs/zlib/include conftest.c  /home/maqiyuan/Desktop/texlive-upstream/texk/kpathsea/.libs/libkpathsea.a /home/maqiyuan/Desktop/texlive-upstream/libs/gd/libgd.a /home/maqiyuan/Desktop/texlive-upstream/libs/freetype2/libfreetype.a /home/maqiyuan/Desktop/texlive-upstream/libs/libpng/libpng.a /home/maqiyuan/Desktop/texlive-upstream/libs/zlib/libz.a -lm
configure:16493: $? = 0
configure:16493: result: yes
configure:16505: checking for kpse_program_basename
configure:16505: ./libtool --mode=link --tag=CC gcc -o conftest -g -O2 -I/home/maqiyuan/Desktop/texlive-upstream/texk -I/home/maqiyuan/Desktop/texlive-upstream/texk -I/home/maqiyuan/Desktop/texlive-upstream/libs/gd/include -I/home/maqiyuan/Desktop/texlive-upstream/libs/freetype2/freetype2 -I/home/maqiyuan/Desktop/texlive-upstream/libs/libpng/include -I/home/maqiyuan/Desktop/texlive-upstream/libs/zlib/include   conftest.c /home/maqiyuan/Desktop/texlive-upstream/texk/kpathsea/libkpathsea.la /home/maqiyuan/Desktop/texlive-upstream/libs/gd/libgd.a /home/maqiyuan/Desktop/texlive-upstream/libs/freetype2/libfreetype.a /home/maqiyuan/Desktop/texlive-upstream/libs/libpng/libpng.a /home/maqiyuan/Desktop/texlive-upstream/libs/zlib/libz.a -lm  >&5
libtool: link: gcc -o conftest -g -O2 -I/home/maqiyuan/Desktop/texlive-upstream/texk -I/home/maqiyuan/Desktop/texlive-upstream/texk -I/home/maqiyuan/Desktop/texlive-upstream/libs/gd/include -I/home/maqiyuan/Desktop/texlive-upstream/libs/freetype2/freetype2 -I/home/maqiyuan/Desktop/texlive-upstream/libs/libpng/include -I/home/maqiyuan/Desktop/texlive-upstream/libs/zlib/include conftest.c  /home/maqiyuan/Desktop/texlive-upstream/texk/kpathsea/.libs/libkpathsea.a /home/maqiyuan/Desktop/texlive-upstream/libs/gd/libgd.a /home/maqiyuan/Desktop/texlive-upstream/libs/freetype2/libfreetype.a /home/maqiyuan/Desktop/texlive-upstream/libs/libpng/libpng.a /home/maqiyuan/Desktop/texlive-upstream/libs/zlib/libz.a -lm
configure:16505: $? = 0
configure:16505: result: yes
configure:16532: checking whether kpathsea declares the kpse_opentype_format
configure:16548: ./libtool --mode=link --tag=CC gcc -o conftest -g -O2 -I/home/maqiyuan/Desktop/texlive-upstream/texk -I/home/maqiyuan/Desktop/texlive-upstream/texk -I/home/maqiyuan/Desktop/texlive-upstream/libs/gd/include -I/home/maqiyuan/Desktop/texlive-upstream/libs/freetype2/freetype2 -I/home/maqiyuan/Desktop/texlive-upstream/libs/libpng/include -I/home/maqiyuan/Desktop/texlive-upstream/libs/zlib/include   conftest.c /home/maqiyuan/Desktop/texlive-upstream/texk/kpathsea/libkpathsea.la /home/maqiyuan/Desktop/texlive-upstream/libs/gd/libgd.a /home/maqiyuan/Desktop/texlive-upstream/libs/freetype2/libfreetype.a /home/maqiyuan/Desktop/texlive-upstream/libs/libpng/libpng.a /home/maqiyuan/Desktop/texlive-upstream/libs/zlib/libz.a -lm  >&5
libtool: link: gcc -o conftest -g -O2 -I/home/maqiyuan/Desktop/texlive-upstream/texk -I/home/maqiyuan/Desktop/texlive-upstream/texk -I/home/maqiyuan/Desktop/texlive-upstream/libs/gd/include -I/home/maqiyuan/Desktop/texlive-upstream/libs/freetype2/freetype2 -I/home/maqiyuan/Desktop/texlive-upstream/libs/libpng/include -I/home/maqiyuan/Desktop/texlive-upstream/libs/zlib/include conftest.c  /home/maqiyuan/Desktop/texlive-upstream/texk/kpathsea/.libs/libkpathsea.a /home/maqiyuan/Desktop/texlive-upstream/libs/gd/libgd.a /home/maqiyuan/Desktop/texlive-upstream/libs/freetype2/libfreetype.a /home/maqiyuan/Desktop/texlive-upstream/libs/libpng/libpng.a /home/maqiyuan/Desktop/texlive-upstream/libs/zlib/libz.a -lm
configure:16548: $? = 0
configure:16556: result: yes
configure:16569: checking gd.h usability
configure:16569: gcc -c -g -O2 -I/home/maqiyuan/Desktop/texlive-upstream/texk -I/home/maqiyuan/Desktop/texlive-upstream/texk -I/home/maqiyuan/Desktop/texlive-upstream/libs/gd/include -I/home/maqiyuan/Desktop/texlive-upstream/libs/freetype2/freetype2 -I/home/maqiyuan/Desktop/texlive-upstream/libs/libpng/include -I/home/maqiyuan/Desktop/texlive-upstream/libs/zlib/include  conftest.c >&5
configure:16569: $? = 0
configure:16569: result: yes
configure:16569: checking gd.h presence
configure:16569: gcc -E -I/home/maqiyuan/Desktop/texlive-upstream/texk -I/home/maqiyuan/Desktop/texlive-upstream/texk -I/home/maqiyuan/Desktop/texlive-upstream/libs/gd/include -I/home/maqiyuan/Desktop/texlive-upstream/libs/freetype2/freetype2 -I/home/maqiyuan/Desktop/texlive-upstream/libs/libpng/include -I/home/maqiyuan/Desktop/texlive-upstream/libs/zlib/include  conftest.c
configure:16569: $? = 0
configure:16569: result: yes
configure:16569: checking for gd.h
configure:16569: result: yes
configure:16569: checking png.h usability
configure:16569: gcc -c -g -O2 -I/home/maqiyuan/Desktop/texlive-upstream/texk -I/home/maqiyuan/Desktop/texlive-upstream/texk -I/home/maqiyuan/Desktop/texlive-upstream/libs/gd/include -I/home/maqiyuan/Desktop/texlive-upstream/libs/freetype2/freetype2 -I/home/maqiyuan/Desktop/texlive-upstream/libs/libpng/include -I/home/maqiyuan/Desktop/texlive-upstream/libs/zlib/include  conftest.c >&5
configure:16569: $? = 0
configure:16569: result: yes
configure:16569: checking png.h presence
configure:16569: gcc -E -I/home/maqiyuan/Desktop/texlive-upstream/texk -I/home/maqiyuan/Desktop/texlive-upstream/texk -I/home/maqiyuan/Desktop/texlive-upstream/libs/gd/include -I/home/maqiyuan/Desktop/texlive-upstream/libs/freetype2/freetype2 -I/home/maqiyuan/Desktop/texlive-upstream/libs/libpng/include -I/home/maqiyuan/Desktop/texlive-upstream/libs/zlib/include  conftest.c
configure:16569: $? = 0
configure:16569: result: yes
configure:16569: checking for png.h
configure:16569: result: yes
configure:16569: checking kpathsea/kpathsea.h usability
configure:16569: gcc -c -g -O2 -I/home/maqiyuan/Desktop/texlive-upstream/texk -I/home/maqiyuan/Desktop/texlive-upstream/texk -I/home/maqiyuan/Desktop/texlive-upstream/libs/gd/include -I/home/maqiyuan/Desktop/texlive-upstream/libs/freetype2/freetype2 -I/home/maqiyuan/Desktop/texlive-upstream/libs/libpng/include -I/home/maqiyuan/Desktop/texlive-upstream/libs/zlib/include  conftest.c >&5
configure:16569: $? = 0
configure:16569: result: yes
configure:16569: checking kpathsea/kpathsea.h presence
configure:16569: gcc -E -I/home/maqiyuan/Desktop/texlive-upstream/texk -I/home/maqiyuan/Desktop/texlive-upstream/texk -I/home/maqiyuan/Desktop/texlive-upstream/libs/gd/include -I/home/maqiyuan/Desktop/texlive-upstream/libs/freetype2/freetype2 -I/home/maqiyuan/Desktop/texlive-upstream/libs/libpng/include -I/home/maqiyuan/Desktop/texlive-upstream/libs/zlib/include  conftest.c
configure:16569: $? = 0
configure:16569: result: yes
configure:16569: checking for kpathsea/kpathsea.h
configure:16569: result: yes
configure:16586: checking for gdImageCreateTrueColor
configure:16586: ./libtool --mode=link --tag=CC gcc -o conftest -g -O2 -I/home/maqiyuan/Desktop/texlive-upstream/texk -I/home/maqiyuan/Desktop/texlive-upstream/texk -I/home/maqiyuan/Desktop/texlive-upstream/libs/gd/include -I/home/maqiyuan/Desktop/texlive-upstream/libs/freetype2/freetype2 -I/home/maqiyuan/Desktop/texlive-upstream/libs/libpng/include -I/home/maqiyuan/Desktop/texlive-upstream/libs/zlib/include   conftest.c /home/maqiyuan/Desktop/texlive-upstream/texk/kpathsea/libkpathsea.la /home/maqiyuan/Desktop/texlive-upstream/libs/gd/libgd.a /home/maqiyuan/Desktop/texlive-upstream/libs/freetype2/libfreetype.a /home/maqiyuan/Desktop/texlive-upstream/libs/libpng/libpng.a /home/maqiyuan/Desktop/texlive-upstream/libs/zlib/libz.a -lm  >&5
libtool: link: gcc -o conftest -g -O2 -I/home/maqiyuan/Desktop/texlive-upstream/texk -I/home/maqiyuan/Desktop/texlive-upstream/texk -I/home/maqiyuan/Desktop/texlive-upstream/libs/gd/include -I/home/maqiyuan/Desktop/texlive-upstream/libs/freetype2/freetype2 -I/home/maqiyuan/Desktop/texlive-upstream/libs/libpng/include -I/home/maqiyuan/Desktop/texlive-upstream/libs/zlib/include conftest.c  /home/maqiyuan/Desktop/texlive-upstream/texk/kpathsea/.libs/libkpathsea.a /home/maqiyuan/Desktop/texlive-upstream/libs/gd/libgd.a /home/maqiyuan/Desktop/texlive-upstream/libs/freetype2/libfreetype.a /home/maqiyuan/Desktop/texlive-upstream/libs/libpng/libpng.a /home/maqiyuan/Desktop/texlive-upstream/libs/zlib/libz.a -lm
configure:16586: $? = 0
configure:16586: result: yes
configure:16586: checking for gdImageCreateFromJpeg
configure:16586: ./libtool --mode=link --tag=CC gcc -o conftest -g -O2 -I/home/maqiyuan/Desktop/texlive-upstream/texk -I/home/maqiyuan/Desktop/texlive-upstream/texk -I/home/maqiyuan/Desktop/texlive-upstream/libs/gd/include -I/home/maqiyuan/Desktop/texlive-upstream/libs/freetype2/freetype2 -I/home/maqiyuan/Desktop/texlive-upstream/libs/libpng/include -I/home/maqiyuan/Desktop/texlive-upstream/libs/zlib/include   conftest.c /home/maqiyuan/Desktop/texlive-upstream/texk/kpathsea/libkpathsea.la /home/maqiyuan/Desktop/texlive-upstream/libs/gd/libgd.a /home/maqiyuan/Desktop/texlive-upstream/libs/freetype2/libfreetype.a /home/maqiyuan/Desktop/texlive-upstream/libs/libpng/libpng.a /home/maqiyuan/Desktop/texlive-upstream/libs/zlib/libz.a -lm  >&5
libtool: link: gcc -o conftest -g -O2 -I/home/maqiyuan/Desktop/texlive-upstream/texk -I/home/maqiyuan/Desktop/texlive-upstream/texk -I/home/maqiyuan/Desktop/texlive-upstream/libs/gd/include -I/home/maqiyuan/Desktop/texlive-upstream/libs/freetype2/freetype2 -I/home/maqiyuan/Desktop/texlive-upstream/libs/libpng/include -I/home/maqiyuan/Desktop/texlive-upstream/libs/zlib/include conftest.c  /home/maqiyuan/Desktop/texlive-upstream/texk/kpathsea/.libs/libkpathsea.a /home/maqiyuan/Desktop/texlive-upstream/libs/gd/libgd.a /home/maqiyuan/Desktop/texlive-upstream/libs/freetype2/libfreetype.a /home/maqiyuan/Desktop/texlive-upstream/libs/libpng/libpng.a /home/maqiyuan/Desktop/texlive-upstream/libs/zlib/libz.a -lm
/tmp/ccOwB01k.o: In function `main':
/home/maqiyuan/Desktop/texlive-upstream/texk/dvipng/conftest.c:111: undefined reference to `gdImageCreateFromJpeg'
collect2: error: ld returned 1 exit status
configure:16586: $? = 1
configure: failed program was:
| /* confdefs.h */
| #define PACKAGE_NAME "dvipng (TeX Live)"
| #define PACKAGE_TARNAME "dvipng--tex-live-"
| #define PACKAGE_VERSION "1.15"
| #define PACKAGE_STRING "dvipng (TeX Live) 1.15"
| #define PACKAGE_BUGREPORT "tex-k@tug.org"
| #define PACKAGE_URL ""
| #define STDC_HEADERS 1
| #define HAVE_SYS_TYPES_H 1
| #define HAVE_SYS_STAT_H 1
| #define HAVE_STDLIB_H 1
| #define HAVE_STRING_H 1
| #define HAVE_MEMORY_H 1
| #define HAVE_STRINGS_H 1
| #define HAVE_INTTYPES_H 1
| #define HAVE_STDINT_H 1
| #define HAVE_UNISTD_H 1
| #define HAVE_DLFCN_H 1
| #define PACKAGE "dvipng--tex-live-"
| #define VERSION "1.15"
| #define LT_OBJDIR ".libs/"
| #define HAVE_FSEEKO 1
| #define HAVE_DIRENT_H 1
| #define STDC_HEADERS 1
| #define HAVE_ASSERT_H 1
| #define HAVE_FLOAT_H 1
| #define HAVE_LIMITS_H 1
| #define HAVE_PWD_H 1
| #define HAVE_STDLIB_H 1
| #define HAVE_SYS_PARAM_H 1
| #define HAVE_PUTENV 1
| #define HAVE_GETCWD 1
| #define HAVE_GETWD 1
| #define HAVE_MEMCMP 1
| #define HAVE_MEMCPY 1
| #define HAVE_MKSTEMP 1
| #define HAVE_MKTEMP 1
| #define HAVE_STRCHR 1
| #define HAVE_STRRCHR 1
| #define HAVE_DECL_ISASCII 1
| #define HAVE_STRUCT_STAT_ST_MTIM 1
| #define DEBUG 1
| #define GS_PATH "gs"
| #define STDC_HEADERS 1
| #define HAVE_FCNTL_H 1
| #define HAVE_SYS_TIME_H 1
| #define HAVE_SYS_WAIT_H 1
| #define TIME_WITH_SYS_TIME 1
| #define HAVE__BOOL 1
| #define HAVE_STDBOOL_H 1
| #define HAVE_STDLIB_H 1
| #define HAVE_UNISTD_H 1
| #define HAVE_SYS_PARAM_H 1
| #define HAVE_GETPAGESIZE 1
| #define HAVE_MMAP 1
| #define HAVE_VPRINTF 1
| #define HAVE_DUP2 1
| #define HAVE_MEMSET 1
| #define HAVE_MUNMAP 1
| #define HAVE_POW 1
| #define HAVE_PUTENV 1
| #define HAVE_STRCHR 1
| #define HAVE_STRRCHR 1
| #define ZLIB_CONST 1
| #define HAVE_LIBZ 1
| #define HAVE_LIBPNG 1
| #define HAVE_FT2 1
| #define HAVE_LIBGD 1
| #define HAVE_LIBKPATHSEA 1
| #define HAVE_KPSE_PROGRAM_BASENAME 1
| #define HAVE_KPSE_ENC_FORMATS 1
| #define HAVE_GD_H 1
| #define HAVE_PNG_H 1
| #define HAVE_KPATHSEA_KPATHSEA_H 1
| #define HAVE_GDIMAGECREATETRUECOLOR 1
| /* end confdefs.h.  */
| /* Define gdImageCreateFromJpeg to an innocuous variant, in case <limits.h> declares gdImageCreateFromJpeg.
|    For example, HP-UX 11i <limits.h> declares gettimeofday.  */
| #define gdImageCreateFromJpeg innocuous_gdImageCreateFromJpeg
| 
| /* System header to define __stub macros and hopefully few prototypes,
|     which can conflict with char gdImageCreateFromJpeg (); below.
|     Prefer <limits.h> to <assert.h> if __STDC__ is defined, since
|     <limits.h> exists even on freestanding compilers.  */
| 
| #ifdef __STDC__
| # include <limits.h>
| #else
| # include <assert.h>
| #endif
| 
| #undef gdImageCreateFromJpeg
| 
| /* Override any GCC internal prototype to avoid an error.
|    Use char because int might match the return type of a GCC
|    builtin and then its argument prototype would still apply.  */
| #ifdef __cplusplus
| extern "C"
| #endif
| char gdImageCreateFromJpeg ();
| /* The GNU C library defines this for functions which it implements
|     to always fail with ENOSYS.  Some functions are actually named
|     something starting with __ and the normal name is an alias.  */
| #if defined __stub_gdImageCreateFromJpeg || defined __stub___gdImageCreateFromJpeg
| choke me
| #endif
| 
| int
| main ()
| {
| return gdImageCreateFromJpeg ();
|   ;
|   return 0;
| }
configure:16586: result: no
configure:16586: checking for gdImagePngEx
configure:16586: ./libtool --mode=link --tag=CC gcc -o conftest -g -O2 -I/home/maqiyuan/Desktop/texlive-upstream/texk -I/home/maqiyuan/Desktop/texlive-upstream/texk -I/home/maqiyuan/Desktop/texlive-upstream/libs/gd/include -I/home/maqiyuan/Desktop/texlive-upstream/libs/freetype2/freetype2 -I/home/maqiyuan/Desktop/texlive-upstream/libs/libpng/include -I/home/maqiyuan/Desktop/texlive-upstream/libs/zlib/include   conftest.c /home/maqiyuan/Desktop/texlive-upstream/texk/kpathsea/libkpathsea.la /home/maqiyuan/Desktop/texlive-upstream/libs/gd/libgd.a /home/maqiyuan/Desktop/texlive-upstream/libs/freetype2/libfreetype.a /home/maqiyuan/Desktop/texlive-upstream/libs/libpng/libpng.a /home/maqiyuan/Desktop/texlive-upstream/libs/zlib/libz.a -lm  >&5
libtool: link: gcc -o conftest -g -O2 -I/home/maqiyuan/Desktop/texlive-upstream/texk -I/home/maqiyuan/Desktop/texlive-upstream/texk -I/home/maqiyuan/Desktop/texlive-upstream/libs/gd/include -I/home/maqiyuan/Desktop/texlive-upstream/libs/freetype2/freetype2 -I/home/maqiyuan/Desktop/texlive-upstream/libs/libpng/include -I/home/maqiyuan/Desktop/texlive-upstream/libs/zlib/include conftest.c  /home/maqiyuan/Desktop/texlive-upstream/texk/kpathsea/.libs/libkpathsea.a /home/maqiyuan/Desktop/texlive-upstream/libs/gd/libgd.a /home/maqiyuan/Desktop/texlive-upstream/libs/freetype2/libfreetype.a /home/maqiyuan/Desktop/texlive-upstream/libs/libpng/libpng.a /home/maqiyuan/Desktop/texlive-upstream/libs/zlib/libz.a -lm
configure:16586: $? = 0
configure:16586: result: yes
configure:16586: checking for gdImageCreateFromPngPtr
configure:16586: ./libtool --mode=link --tag=CC gcc -o conftest -g -O2 -I/home/maqiyuan/Desktop/texlive-upstream/texk -I/home/maqiyuan/Desktop/texlive-upstream/texk -I/home/maqiyuan/Desktop/texlive-upstream/libs/gd/include -I/home/maqiyuan/Desktop/texlive-upstream/libs/freetype2/freetype2 -I/home/maqiyuan/Desktop/texlive-upstream/libs/libpng/include -I/home/maqiyuan/Desktop/texlive-upstream/libs/zlib/include   conftest.c /home/maqiyuan/Desktop/texlive-upstream/texk/kpathsea/libkpathsea.la /home/maqiyuan/Desktop/texlive-upstream/libs/gd/libgd.a /home/maqiyuan/Desktop/texlive-upstream/libs/freetype2/libfreetype.a /home/maqiyuan/Desktop/texlive-upstream/libs/libpng/libpng.a /home/maqiyuan/Desktop/texlive-upstream/libs/zlib/libz.a -lm  >&5
libtool: link: gcc -o conftest -g -O2 -I/home/maqiyuan/Desktop/texlive-upstream/texk -I/home/maqiyuan/Desktop/texlive-upstream/texk -I/home/maqiyuan/Desktop/texlive-upstream/libs/gd/include -I/home/maqiyuan/Desktop/texlive-upstream/libs/freetype2/freetype2 -I/home/maqiyuan/Desktop/texlive-upstream/libs/libpng/include -I/home/maqiyuan/Desktop/texlive-upstream/libs/zlib/include conftest.c  /home/maqiyuan/Desktop/texlive-upstream/texk/kpathsea/.libs/libkpathsea.a /home/maqiyuan/Desktop/texlive-upstream/libs/gd/libgd.a /home/maqiyuan/Desktop/texlive-upstream/libs/freetype2/libfreetype.a /home/maqiyuan/Desktop/texlive-upstream/libs/libpng/libpng.a /home/maqiyuan/Desktop/texlive-upstream/libs/zlib/libz.a -lm
configure:16586: $? = 0
configure:16586: result: yes
configure:16586: checking for gdImageGif
configure:16586: ./libtool --mode=link --tag=CC gcc -o conftest -g -O2 -I/home/maqiyuan/Desktop/texlive-upstream/texk -I/home/maqiyuan/Desktop/texlive-upstream/texk -I/home/maqiyuan/Desktop/texlive-upstream/libs/gd/include -I/home/maqiyuan/Desktop/texlive-upstream/libs/freetype2/freetype2 -I/home/maqiyuan/Desktop/texlive-upstream/libs/libpng/include -I/home/maqiyuan/Desktop/texlive-upstream/libs/zlib/include   conftest.c /home/maqiyuan/Desktop/texlive-upstream/texk/kpathsea/libkpathsea.la /home/maqiyuan/Desktop/texlive-upstream/libs/gd/libgd.a /home/maqiyuan/Desktop/texlive-upstream/libs/freetype2/libfreetype.a /home/maqiyuan/Desktop/texlive-upstream/libs/libpng/libpng.a /home/maqiyuan/Desktop/texlive-upstream/libs/zlib/libz.a -lm  >&5
libtool: link: gcc -o conftest -g -O2 -I/home/maqiyuan/Desktop/texlive-upstream/texk -I/home/maqiyuan/Desktop/texlive-upstream/texk -I/home/maqiyuan/Desktop/texlive-upstream/libs/gd/include -I/home/maqiyuan/Desktop/texlive-upstream/libs/freetype2/freetype2 -I/home/maqiyuan/Desktop/texlive-upstream/libs/libpng/include -I/home/maqiyuan/Desktop/texlive-upstream/libs/zlib/include conftest.c  /home/maqiyuan/Desktop/texlive-upstream/texk/kpathsea/.libs/libkpathsea.a /home/maqiyuan/Desktop/texlive-upstream/libs/gd/libgd.a /home/maqiyuan/Desktop/texlive-upstream/libs/freetype2/libfreetype.a /home/maqiyuan/Desktop/texlive-upstream/libs/libpng/libpng.a /home/maqiyuan/Desktop/texlive-upstream/libs/zlib/libz.a -lm
configure:16586: $? = 0
configure:16586: result: yes
configure:16586: checking for FT_Library_Version
configure:16586: ./libtool --mode=link --tag=CC gcc -o conftest -g -O2 -I/home/maqiyuan/Desktop/texlive-upstream/texk -I/home/maqiyuan/Desktop/texlive-upstream/texk -I/home/maqiyuan/Desktop/texlive-upstream/libs/gd/include -I/home/maqiyuan/Desktop/texlive-upstream/libs/freetype2/freetype2 -I/home/maqiyuan/Desktop/texlive-upstream/libs/libpng/include -I/home/maqiyuan/Desktop/texlive-upstream/libs/zlib/include   conftest.c /home/maqiyuan/Desktop/texlive-upstream/texk/kpathsea/libkpathsea.la /home/maqiyuan/Desktop/texlive-upstream/libs/gd/libgd.a /home/maqiyuan/Desktop/texlive-upstream/libs/freetype2/libfreetype.a /home/maqiyuan/Desktop/texlive-upstream/libs/libpng/libpng.a /home/maqiyuan/Desktop/texlive-upstream/libs/zlib/libz.a -lm  >&5
libtool: link: gcc -o conftest -g -O2 -I/home/maqiyuan/Desktop/texlive-upstream/texk -I/home/maqiyuan/Desktop/texlive-upstream/texk -I/home/maqiyuan/Desktop/texlive-upstream/libs/gd/include -I/home/maqiyuan/Desktop/texlive-upstream/libs/freetype2/freetype2 -I/home/maqiyuan/Desktop/texlive-upstream/libs/libpng/include -I/home/maqiyuan/Desktop/texlive-upstream/libs/zlib/include conftest.c  /home/maqiyuan/Desktop/texlive-upstream/texk/kpathsea/.libs/libkpathsea.a /home/maqiyuan/Desktop/texlive-upstream/libs/gd/libgd.a /home/maqiyuan/Desktop/texlive-upstream/libs/freetype2/libfreetype.a /home/maqiyuan/Desktop/texlive-upstream/libs/libpng/libpng.a /home/maqiyuan/Desktop/texlive-upstream/libs/zlib/libz.a -lm
configure:16586: $? = 0
configure:16586: result: yes
configure:16641: result:
** Configuration summary for dvipng (TeX Live) 1.15:

   The -d (debug) switch is enabled:        yes
   Your gd is new enough (>=2.0) to enable
     the --truecolor switch, full alpha
     transparency, proper rescaling of
     included bitmaps, and jpeg inclusion:  yes
   Your gd has jpeg inclusion enabled:      no
   Your gd is new enough (>=2.0.12) to
     enable transparent backgrounds for EPS
     inclusion and the -z (compression)
     switch:                                yes
   Your gd is new enough (>=2.0.21) to
     allow image creation from memory       yes
   Your gd is new enough (>=2.0.28) to
     enable gif inclusion and output
     (dvigif):                              yes
   FreeType font rendering available:       yes
   Support for subfonts (CJK-LaTeX):        yes

configure:16805: checking that generated files are newer than configure
configure:16811: result: done
configure:16858: creating ./config.status

## ---------------------- ##
## Running config.status. ##
## ---------------------- ##

This file was extended by dvipng (TeX Live) config.status 1.15, which was
generated by GNU Autoconf 2.69.  Invocation command line was

  CONFIG_FILES    = 
  CONFIG_HEADERS  = 
  CONFIG_LINKS    = 
  CONFIG_COMMANDS = 
  $ ./config.status 

on maqiyuan-E430c

config.status:1213: creating Makefile
config.status:1213: creating help/Makefile
config.status:1213: creating doc/Makefile
config.status:1213: creating config.h
config.status:1473: executing depfiles commands
config.status:1473: executing libtool commands

## ---------------- ##
## Cache variables. ##
## ---------------- ##

ac_cv_build=x86_64-pc-linux-gnu
ac_cv_c_compiler_gnu=yes
ac_cv_c_const=yes
ac_cv_c_inline=inline
ac_cv_c_int64_t=yes
ac_cv_c_uint64_t=yes
ac_cv_env_CC_set=
ac_cv_env_CC_value=
ac_cv_env_CFLAGS_set=
ac_cv_env_CFLAGS_value=
ac_cv_env_CPPFLAGS_set=
ac_cv_env_CPPFLAGS_value=
ac_cv_env_CPP_set=
ac_cv_env_CPP_value=
ac_cv_env_LDFLAGS_set=
ac_cv_env_LDFLAGS_value=
ac_cv_env_LIBS_set=
ac_cv_env_LIBS_value=
ac_cv_env_LT_SYS_LIBRARY_PATH_set=
ac_cv_env_LT_SYS_LIBRARY_PATH_value=
ac_cv_env_build_alias_set=
ac_cv_env_build_alias_value=
ac_cv_env_host_alias_set=
ac_cv_env_host_alias_value=
ac_cv_env_target_alias_set=
ac_cv_env_target_alias_value=
ac_cv_func_FT_Init_FreeType=yes
ac_cv_func_FT_Library_Version=yes
ac_cv_func__doprnt=no
ac_cv_func_closedir_void=no
ac_cv_func_deflate=yes
ac_cv_func_dup2=yes
ac_cv_func_gdImageCreate=yes
ac_cv_func_gdImageCreateFromJpeg=no
ac_cv_func_gdImageCreateFromPngPtr=yes
ac_cv_func_gdImageCreateTrueColor=yes
ac_cv_func_gdImageGif=yes
ac_cv_func_gdImagePngEx=yes
ac_cv_func_getcwd=yes
ac_cv_func_getpagesize=yes
ac_cv_func_getwd=yes
ac_cv_func_kpse_program_basename=yes
ac_cv_func_kpse_set_program_name=yes
ac_cv_func_memcmp=yes
ac_cv_func_memcpy=yes
ac_cv_func_memset=yes
ac_cv_func_mkstemp=yes
ac_cv_func_mktemp=yes
ac_cv_func_mmap_fixed_mapped=yes
ac_cv_func_munmap=yes
ac_cv_func_png_read_image=yes
ac_cv_func_pow=yes
ac_cv_func_putenv=yes
ac_cv_func_strchr=yes
ac_cv_func_strrchr=yes
ac_cv_func_strtod=yes
ac_cv_func_vprintf=yes
ac_cv_have_decl_isascii=yes
ac_cv_header_assert_h=yes
ac_cv_header_dirent_dirent_h=yes
ac_cv_header_dlfcn_h=yes
ac_cv_header_fcntl_h=yes
ac_cv_header_float_h=yes
ac_cv_header_gd_h=yes
ac_cv_header_inttypes_h=yes
ac_cv_header_kpathsea_kpathsea_h=yes
ac_cv_header_limits_h=yes
ac_cv_header_memory_h=yes
ac_cv_header_png_h=yes
ac_cv_header_pwd_h=yes
ac_cv_header_stdbool_h=yes
ac_cv_header_stdc=yes
ac_cv_header_stdint_h=yes
ac_cv_header_stdlib_h=yes
ac_cv_header_string_h=yes
ac_cv_header_strings_h=yes
ac_cv_header_sys_param_h=yes
ac_cv_header_sys_stat_h=yes
ac_cv_header_sys_time_h=yes
ac_cv_header_sys_types_h=yes
ac_cv_header_sys_wait_h=yes
ac_cv_header_time=yes
ac_cv_header_unistd_h=yes
ac_cv_host=x86_64-pc-linux-gnu
ac_cv_member_struct_stat_st_mtim=yes
ac_cv_objext=o
ac_cv_path_EGREP='/bin/grep -E'
ac_cv_path_FGREP='/bin/grep -F'
ac_cv_path_GREP=/bin/grep
ac_cv_path_INSTALL_INFO=/usr/bin/install-info
ac_cv_path_MAKEINFO=/usr/bin/makeinfo
ac_cv_path_SED=/bin/sed
ac_cv_path_install='/usr/bin/install -c'
ac_cv_path_lt_DD=/bin/dd
ac_cv_path_mkdir=/bin/mkdir
ac_cv_prog_AWK=gawk
ac_cv_prog_CPP='gcc -E'
ac_cv_prog_GS=gs
ac_cv_prog_ac_ct_AR=ar
ac_cv_prog_ac_ct_CC=gcc
ac_cv_prog_ac_ct_MANIFEST_TOOL=mt
ac_cv_prog_ac_ct_OBJDUMP=objdump
ac_cv_prog_ac_ct_PKG_CONFIG=pkg-config
ac_cv_prog_ac_ct_RANLIB=ranlib
ac_cv_prog_ac_ct_STRIP=strip
ac_cv_prog_cc_c89=
ac_cv_prog_cc_g=yes
ac_cv_prog_make_make_set=yes
ac_cv_search_basename='none required'
ac_cv_search_opendir='none required'
ac_cv_search_pow=-lm
ac_cv_sys_file_offset_bits=no
ac_cv_sys_largefile_CC=no
ac_cv_sys_largefile_source=no
ac_cv_type__Bool=yes
ac_cv_type_pid_t=yes
ac_cv_type_size_t=yes
am_cv_CC_dependencies_compiler_type=gcc3
am_cv_make_support_nested_variables=yes
am_cv_prog_cc_c_o=yes
kb_cv_c_prototypes=yes
kpse_cv_have_decl_z_const=yes
kpse_cv_have_opentype_format=yes
kpse_cv_have_win32=no
kpse_cv_kpse_debug=yes
kpse_cv_warning_cflags='-Wimplicit -Wreturn-type -Wdeclaration-after-statement -Wno-unknown-pragmas'
lt_cv_ar_at_file=@
lt_cv_deplibs_check_method=pass_all
lt_cv_file_magic_cmd='$MAGIC_CMD'
lt_cv_file_magic_test_file=
lt_cv_ld_reload_flag=-r
lt_cv_nm_interface='BSD nm'
lt_cv_objdir=.libs
lt_cv_path_LD=/usr/bin/ld
lt_cv_path_NM='/usr/bin/nm -B'
lt_cv_path_mainfest_tool=no
lt_cv_prog_compiler_c_o=yes
lt_cv_prog_compiler_pic='-fPIC -DPIC'
lt_cv_prog_compiler_pic_works=yes
lt_cv_prog_compiler_rtti_exceptions=no
lt_cv_prog_compiler_static_works=yes
lt_cv_prog_gnu_ld=yes
lt_cv_sharedlib_from_linklib_cmd='printf %s\n'
lt_cv_shlibpath_overrides_runpath=no
lt_cv_sys_global_symbol_pipe='sed -n -e '\''s/^.*[	 ]\([ABCDGIRSTW][ABCDGIRSTW]*\)[	 ][	 ]*\([_A-Za-z][_A-Za-z0-9]*\)$/\1 \2 \2/p'\'' | sed '\''/ __gnu_lto/d'\'''
lt_cv_sys_global_symbol_to_c_name_address='sed -n -e '\''s/^: \(.*\) .*$/  {"\1", (void *) 0},/p'\'' -e '\''s/^[ABCDGIRSTW][ABCDGIRSTW]* .* \(.*\)$/  {"\1", (void *) \&\1},/p'\'''
lt_cv_sys_global_symbol_to_c_name_address_lib_prefix='sed -n -e '\''s/^: \(.*\) .*$/  {"\1", (void *) 0},/p'\'' -e '\''s/^[ABCDGIRSTW][ABCDGIRSTW]* .* \(lib.*\)$/  {"\1", (void *) \&\1},/p'\'' -e '\''s/^[ABCDGIRSTW][ABCDGIRSTW]* .* \(.*\)$/  {"lib\1", (void *) \&\1},/p'\'''
lt_cv_sys_global_symbol_to_cdecl='sed -n -e '\''s/^T .* \(.*\)$/extern int \1();/p'\'' -e '\''s/^[ABCDGIRSTW][ABCDGIRSTW]* .* \(.*\)$/extern char \1;/p'\'''
lt_cv_sys_global_symbol_to_import=
lt_cv_sys_max_cmd_len=1572864
lt_cv_to_host_file_cmd=func_convert_file_noop
lt_cv_to_tool_file_cmd=func_convert_file_noop
lt_cv_truncate_bin='/bin/dd bs=4096 count=1'

## ----------------- ##
## Output variables. ##
## ----------------- ##

	cd ${top_builddir}/../../libs/freetype2 && $(MAKE) $(AM_MAKEFLAGS) rebuild
	cd ${top_builddir}/../../libs/freetype2 && $(MAKE) $(AM_MAKEFLAGS) rebuild'
	cd ${top_builddir}/../../libs/gd && $(MAKE) $(AM_MAKEFLAGS) rebuild
	cd ${top_builddir}/../../libs/gd && $(MAKE) $(AM_MAKEFLAGS) rebuild'
	cd ${top_builddir}/../../libs/libpng && $(MAKE) $(AM_MAKEFLAGS) rebuild
	cd ${top_builddir}/../../libs/libpng && $(MAKE) $(AM_MAKEFLAGS) rebuild'
	cd ${top_builddir}/../../libs/zlib && $(MAKE) $(AM_MAKEFLAGS) rebuild
	cd ${top_builddir}/../../libs/zlib && $(MAKE) $(AM_MAKEFLAGS) rebuild'
	cd ${top_builddir}/../kpathsea && $(MAKE) $(AM_MAKEFLAGS) rebuild
	cd ${top_builddir}/../kpathsea && $(MAKE) $(AM_MAKEFLAGS) rebuild'
$(FREETYPE2_DEPEND): ${top_builddir}/../../libs/freetype2/freetype2/ft2build.h
$(GD_DEPEND): ${top_builddir}/../../libs/gd/include/gd.h
$(KPATHSEA_DEPEND): ${top_srcdir}/../kpathsea/*.[ch] ${top_builddir}/../kpathsea/paths.h
$(LIBPNG_DEPEND): ${top_builddir}/../../libs/libpng/include/png.h
$(ZLIB_DEPEND): ${top_builddir}/../../libs/zlib/include/zconf.h
${top_builddir}/../../libs/freetype2/freetype2/ft2build.h:
${top_builddir}/../../libs/gd/include/gd.h:
${top_builddir}/../../libs/libpng/include/png.h:
${top_builddir}/../../libs/zlib/include/zconf.h:
${top_builddir}/../kpathsea/paths.h:
ACLOCAL='${SHELL} /home/maqiyuan/Desktop/texlive-upstream/build-aux/missing aclocal-1.15'
AMDEPBACKSLASH='\'
AMDEP_FALSE='#'
AMDEP_TRUE=''
AMTAR='$${TAR-tar}'
AM_BACKSLASH='\'
AM_DEFAULT_V='$(AM_DEFAULT_VERBOSITY)'
AM_DEFAULT_VERBOSITY='1'
AM_MAKEINFOFLAGS=''
AM_V='$(V)'
AR='ar'
AS='as'
AUTOCONF='${SHELL} /home/maqiyuan/Desktop/texlive-upstream/build-aux/missing autoconf'
AUTOHEADER='${SHELL} /home/maqiyuan/Desktop/texlive-upstream/build-aux/missing autoheader'
AUTOMAKE='${SHELL} /home/maqiyuan/Desktop/texlive-upstream/build-aux/missing automake-1.15'
AWK='gawk'
CC='gcc'
CCDEPMODE='depmode=gcc3'
CFLAGS='-g -O2'
CPP='gcc -E'
CPPFLAGS=''
CYGPATH_W='echo'
DEFS='-DHAVE_CONFIG_H'
DEPDIR='.deps'
DLLTOOL='false'
DSYMUTIL=''
DUMPBIN=''
DVIPNG_TREE='dvipng-src'
ECHO_C=''
ECHO_N='-n'
ECHO_T=''
EGREP='/bin/grep -E'
EXEEXT=''
FGREP='/bin/grep -F'
FREETYPE2_DEPEND='${top_builddir}/../../libs/freetype2/libfreetype.a'
FREETYPE2_INCLUDES='-I/home/maqiyuan/Desktop/texlive-upstream/libs/freetype2/freetype2'
FREETYPE2_LIBS='/home/maqiyuan/Desktop/texlive-upstream/libs/freetype2/libfreetype.a'
FREETYPE2_RULE='# Rebuild libfreetype
FT2_CONFIG=''
GD_DEPEND='${top_builddir}/../../libs/gd/libgd.a'
GD_INCLUDES='-I/home/maqiyuan/Desktop/texlive-upstream/libs/gd/include'
GD_LIBS='/home/maqiyuan/Desktop/texlive-upstream/libs/gd/libgd.a'
GD_RULE='# Rebuild libgd
GREP='/bin/grep'
GS='gs'
INSTALL_DATA='${INSTALL} -m 644'
INSTALL_INFO='/usr/bin/install-info'
INSTALL_PROGRAM='${INSTALL}'
INSTALL_SCRIPT='${INSTALL}'
INSTALL_STRIP_PROGRAM='$(install_sh) -c -s'
KPATHSEA_DEPEND='${top_builddir}/../kpathsea/libkpathsea.la'
KPATHSEA_INCLUDES='-I/home/maqiyuan/Desktop/texlive-upstream/texk -I/home/maqiyuan/Desktop/texlive-upstream/texk'
KPATHSEA_LIBS='/home/maqiyuan/Desktop/texlive-upstream/texk/kpathsea/libkpathsea.la'
KPATHSEA_RULE='# Rebuild libkpathsea
LD='/usr/bin/ld -m elf_x86_64'
LDFLAGS=''
LIBOBJS=''
LIBPNG_DEPEND='${top_builddir}/../../libs/libpng/libpng.a'
LIBPNG_INCLUDES='-I/home/maqiyuan/Desktop/texlive-upstream/libs/libpng/include'
LIBPNG_LIBS='/home/maqiyuan/Desktop/texlive-upstream/libs/libpng/libpng.a'
LIBPNG_RULE='# Rebuild libpng
LIBS='-lm '
LIBTOOL='$(SHELL) $(top_builddir)/libtool'
LIPO=''
LN_S='ln -s'
LTLIBOBJS=''
LT_SYS_LIBRARY_PATH=''
MAINT='#'
MAINTAINER_MODE_FALSE=''
MAINTAINER_MODE_TRUE='#'
MAKEINFO='/usr/bin/makeinfo'
MANIFEST_TOOL=':'
MKDIR_P='/bin/mkdir -p'
NM='/usr/bin/nm -B'
NMEDIT=''
OBJDUMP='objdump'
OBJEXT='o'
OTOOL64=''
OTOOL=''
PACKAGE='dvipng--tex-live-'
PACKAGE_BUGREPORT='tex-k@tug.org'
PACKAGE_NAME='dvipng (TeX Live)'
PACKAGE_STRING='dvipng (TeX Live) 1.15'
PACKAGE_TARNAME='dvipng--tex-live-'
PACKAGE_URL=''
PACKAGE_VERSION='1.15'
PATH_SEPARATOR=':'
PKG_CONFIG='pkg-config'
POW_LIB=''
RANLIB='ranlib'
SED='/bin/sed'
SET_MAKE=''
SHELL='/bin/bash'
STRIP='strip'
VERSION='1.15'
WARNING_CFLAGS='-Wimplicit -Wreturn-type -Wdeclaration-after-statement -Wno-unknown-pragmas'
WIN32_CALL_FALSE='#'
WIN32_CALL_TRUE=''
WIN32_FALSE=''
WIN32_TRUE='#'
ZLIB_DEPEND='${top_builddir}/../../libs/zlib/libz.a'
ZLIB_INCLUDES='-I/home/maqiyuan/Desktop/texlive-upstream/libs/zlib/include'
ZLIB_LIBS='/home/maqiyuan/Desktop/texlive-upstream/libs/zlib/libz.a'
ZLIB_RULE='# Rebuild libz
ac_ct_AR='ar'
ac_ct_CC='gcc'
ac_ct_DUMPBIN=''
am__EXEEXT_FALSE=''
am__EXEEXT_TRUE='#'
am__fastdepCC_FALSE='#'
am__fastdepCC_TRUE=''
am__include='include'
am__isrc=''
am__leading_dot='.'
am__nodep='_no'
am__quote=''
am__tar='$${TAR-tar} chof - "$$tardir"'
am__untar='$${TAR-tar} xf -'
bindir='${exec_prefix}/bin/x86_64-pc-linux-gnu'
build='x86_64-pc-linux-gnu'
build_alias=''
build_cpu='x86_64'
build_os='linux-gnu'
build_vendor='pc'
cross_FALSE=''
cross_TRUE='#'
datadir='${datarootdir}'
datarootdir='${prefix}'
docdir='${datarootdir}/doc/${PACKAGE_TARNAME}'
dvidir='${docdir}'
exec_prefix='${prefix}'
have_ft2_FALSE='#'
have_ft2_TRUE=''
have_gif_FALSE='#'
have_gif_TRUE=''
host='x86_64-pc-linux-gnu'
host_alias=''
host_cpu='x86_64'
host_os='linux-gnu'
host_vendor='pc'
htmldir='${docdir}'
includedir='${prefix}/include'
infodir='${prefix}/texmf-dist/doc/info'
install_sh='${SHELL} /home/maqiyuan/Desktop/texlive-upstream/build-aux/install-sh'
libdir='${exec_prefix}/lib/x86_64-pc-linux-gnu'
libexecdir='${exec_prefix}/libexec'
localedir='${datarootdir}/locale'
localstatedir='${prefix}/var'
mandir='${prefix}/texmf-dist/doc/man'
mkdir_p='$(MKDIR_P)'
oldincludedir='/usr/include'
pdfdir='${docdir}'
prefix='/usr/local'
program_transform_name='s,x,x,'
psdir='${docdir}'
sbindir='${exec_prefix}/sbin'
sharedstatedir='${prefix}/com'
sysconfdir='${prefix}/etc'
target_alias=''

## ----------- ##
## confdefs.h. ##
## ----------- ##

/* confdefs.h */
#define PACKAGE_NAME "dvipng (TeX Live)"
#define PACKAGE_TARNAME "dvipng--tex-live-"
#define PACKAGE_VERSION "1.15"
#define PACKAGE_STRING "dvipng (TeX Live) 1.15"
#define PACKAGE_BUGREPORT "tex-k@tug.org"
#define PACKAGE_URL ""
#define STDC_HEADERS 1
#define HAVE_SYS_TYPES_H 1
#define HAVE_SYS_STAT_H 1
#define HAVE_STDLIB_H 1
#define HAVE_STRING_H 1
#define HAVE_MEMORY_H 1
#define HAVE_STRINGS_H 1
#define HAVE_INTTYPES_H 1
#define HAVE_STDINT_H 1
#define HAVE_UNISTD_H 1
#define HAVE_DLFCN_H 1
#define PACKAGE "dvipng--tex-live-"
#define VERSION "1.15"
#define LT_OBJDIR ".libs/"
#define HAVE_FSEEKO 1
#define HAVE_DIRENT_H 1
#define STDC_HEADERS 1
#define HAVE_ASSERT_H 1
#define HAVE_FLOAT_H 1
#define HAVE_LIMITS_H 1
#define HAVE_PWD_H 1
#define HAVE_STDLIB_H 1
#define HAVE_SYS_PARAM_H 1
#define HAVE_PUTENV 1
#define HAVE_GETCWD 1
#define HAVE_GETWD 1
#define HAVE_MEMCMP 1
#define HAVE_MEMCPY 1
#define HAVE_MKSTEMP 1
#define HAVE_MKTEMP 1
#define HAVE_STRCHR 1
#define HAVE_STRRCHR 1
#define HAVE_DECL_ISASCII 1
#define HAVE_STRUCT_STAT_ST_MTIM 1
#define DEBUG 1
#define GS_PATH "gs"
#define STDC_HEADERS 1
#define HAVE_FCNTL_H 1
#define HAVE_SYS_TIME_H 1
#define HAVE_SYS_WAIT_H 1
#define TIME_WITH_SYS_TIME 1
#define HAVE__BOOL 1
#define HAVE_STDBOOL_H 1
#define HAVE_STDLIB_H 1
#define HAVE_UNISTD_H 1
#define HAVE_SYS_PARAM_H 1
#define HAVE_GETPAGESIZE 1
#define HAVE_MMAP 1
#define HAVE_VPRINTF 1
#define HAVE_DUP2 1
#define HAVE_MEMSET 1
#define HAVE_MUNMAP 1
#define HAVE_POW 1
#define HAVE_PUTENV 1
#define HAVE_STRCHR 1
#define HAVE_STRRCHR 1
#define ZLIB_CONST 1
#define HAVE_LIBZ 1
#define HAVE_LIBPNG 1
#define HAVE_FT2 1
#define HAVE_LIBGD 1
#define HAVE_LIBKPATHSEA 1
#define HAVE_KPSE_PROGRAM_BASENAME 1
#define HAVE_KPSE_ENC_FORMATS 1
#define HAVE_GD_H 1
#define HAVE_PNG_H 1
#define HAVE_KPATHSEA_KPATHSEA_H 1
#define HAVE_GDIMAGECREATETRUECOLOR 1
#define HAVE_GDIMAGEPNGEX 1
#define HAVE_GDIMAGECREATEFROMPNGPTR 1
#define HAVE_GDIMAGEGIF 1
#define HAVE_FT_LIBRARY_VERSION 1

configure: exit 0
