This file contains any messages produced by compilers while
running configure, to aid debugging if configure makes a mistake.

It was created by poppler (TeX Live) configure 0.46.0, which was
generated by GNU Autoconf 2.69.  Invocation command line was

  $ ./configure --disable-option-checking --prefix=/usr/local --enable-build-in-source-tree --enable-native-texlive-build --enable-largefile --disable-silent-rules --enable-multiplatform=yes --enable-cxx-runtime-hack=yes --enable-libtool-hack=yes --disable-shared --enable-texlive-build --bindir=${exec_prefix}/bin/x86_64-pc-linux-gnu --libdir=${exec_prefix}/lib/x86_64-pc-linux-gnu --with-x --enable-autosp=yes --enable-devnag=yes --enable-lacheck=yes --enable-m-tx=yes --enable-pmx=yes --enable-ps2eps=yes --enable-t1utils=yes --enable-texdoctk=yes --enable-tpic2pdftex=yes --enable-vlna=yes --enable-xindy=no --with-clisp-runtime=default --enable-xpdfopen=yes --enable-web2c=yes --enable-afm2pl=yes --enable-bibtex-x=yes --enable-chktex=yes --enable-cjkutils=yes --enable-detex=yes --enable-dtl=yes --enable-dvi2tty=yes --enable-dvidvi=yes --enable-dviljk=yes --enable-dvipdfm-x=yes --enable-dvipng=yes --enable-dvipos=yes --enable-dvipsk=yes --enable-dvisvgm=yes --enable-gregorio=yes --enable-gsftopk=yes --enable-lcdf-typetools=yes --enable-makeindexk=yes --enable-makejvf=yes --enable-mendexk=yes --enable-musixtnt=yes --enable-ps2pk=yes --enable-psutils=yes --enable-seetexk=yes --enable-tex4htk=yes --enable-ttf2pk2=yes --enable-ttfdump=yes --enable-upmendex=yes --enable-xdvik=yes --enable-texlive=yes --with-system-harfbuzz=no --with-system-icu=no --with-system-teckit=no --with-system-graphite2=no --with-system-zziplib=no --with-system-xpdf=no --with-system-poppler=no --with-system-mpfr=no --with-system-gmp=no --with-system-cairo=no --with-system-pixman=no --with-system-potrace=no --with-system-gd=no --with-system-freetype2=no --with-system-libpng=no --with-system-libpaper=no --with-system-zlib=no --with-system-ptexenc=no --with-system-kpathsea=no --datarootdir=${prefix} --mandir=${prefix}/texmf-dist/doc/man --infodir=${prefix}/texmf-dist/doc/info --cache-file=/dev/null --srcdir=.

## --------- ##
## Platform. ##
## --------- ##

hostname = maqiyuan-E430c
uname -m = x86_64
uname -r = 4.4.0-34-generic
uname -s = Linux
uname -v = #53-Ubuntu SMP Wed Jul 27 16:06:39 UTC 2016

/usr/bin/uname -p = unknown
/bin/uname -X     = unknown

/bin/arch              = unknown
/usr/bin/arch -k       = unknown
/usr/convex/getsysinfo = unknown
/usr/bin/hostinfo      = unknown
/bin/machine           = unknown
/usr/bin/oslevel       = unknown
/bin/universe          = unknown

PATH: /usr/local/sbin
PATH: /usr/local/bin
PATH: /usr/sbin
PATH: /usr/bin
PATH: /sbin
PATH: /bin
PATH: /usr/games
PATH: /usr/local/games
PATH: /snap/bin
PATH: /home/maqiyuan/bin/FDK/Tools/linux


## ----------- ##
## Core tests. ##
## ----------- ##

configure:2476: checking for a BSD-compatible install
configure:2544: result: /usr/bin/install -c
configure:2555: checking whether build environment is sane
configure:2610: result: yes
configure:2761: checking for a thread-safe mkdir -p
configure:2800: result: /bin/mkdir -p
configure:2807: checking for gawk
configure:2823: found /usr/bin/gawk
configure:2834: result: gawk
configure:2845: checking whether make sets $(MAKE)
configure:2867: result: yes
configure:2896: checking whether make supports nested variables
configure:2913: result: yes
configure:2936: checking for style of include used by make
configure:2964: result: GNU
configure:3035: checking for gcc
configure:3051: found /usr/bin/gcc
configure:3062: result: gcc
configure:3291: checking for C compiler version
configure:3300: gcc --version >&5
gcc (Ubuntu 5.4.0-6ubuntu1~16.04.1) 5.4.0 20160609
Copyright (C) 2015 Free Software Foundation, Inc.
This is free software; see the source for copying conditions.  There is NO
warranty; not even for MERCHANTABILITY or FITNESS FOR A PARTICULAR PURPOSE.

configure:3311: $? = 0
configure:3300: gcc -v >&5
Using built-in specs.
COLLECT_GCC=gcc
COLLECT_LTO_WRAPPER=/usr/lib/gcc/x86_64-linux-gnu/5/lto-wrapper
Target: x86_64-linux-gnu
Configured with: ../src/configure -v --with-pkgversion='Ubuntu 5.4.0-6ubuntu1~16.04.1' --with-bugurl=file:///usr/share/doc/gcc-5/README.Bugs --enable-languages=c,ada,c++,java,go,d,fortran,objc,obj-c++ --prefix=/usr --program-suffix=-5 --enable-shared --enable-linker-build-id --libexecdir=/usr/lib --without-included-gettext --enable-threads=posix --libdir=/usr/lib --enable-nls --with-sysroot=/ --enable-clocale=gnu --enable-libstdcxx-debug --enable-libstdcxx-time=yes --with-default-libstdcxx-abi=new --enable-gnu-unique-object --disable-vtable-verify --enable-libmpx --enable-plugin --with-system-zlib --disable-browser-plugin --enable-java-awt=gtk --enable-gtk-cairo --with-java-home=/usr/lib/jvm/java-1.5.0-gcj-5-amd64/jre --enable-java-home --with-jvm-root-dir=/usr/lib/jvm/java-1.5.0-gcj-5-amd64 --with-jvm-jar-dir=/usr/lib/jvm-exports/java-1.5.0-gcj-5-amd64 --with-arch-directory=amd64 --with-ecj-jar=/usr/share/java/eclipse-ecj.jar --enable-objc-gc --enable-multiarch --disable-werror --with-arch-32=i686 --with-abi=m64 --with-multilib-list=m32,m64,mx32 --enable-multilib --with-tune=generic --enable-checking=release --build=x86_64-linux-gnu --host=x86_64-linux-gnu --target=x86_64-linux-gnu
Thread model: posix
gcc version 5.4.0 20160609 (Ubuntu 5.4.0-6ubuntu1~16.04.1) 
configure:3311: $? = 0
configure:3300: gcc -V >&5
gcc: error: unrecognized command line option '-V'
gcc: fatal error: no input files
compilation terminated.
configure:3311: $? = 1
configure:3300: gcc -qversion >&5
gcc: error: unrecognized command line option '-qversion'
gcc: fatal error: no input files
compilation terminated.
configure:3311: $? = 1
configure:3331: checking whether the C compiler works
configure:3353: gcc    conftest.c  >&5
configure:3357: $? = 0
configure:3405: result: yes
configure:3408: checking for C compiler default output file name
configure:3410: result: a.out
configure:3416: checking for suffix of executables
configure:3423: gcc -o conftest    conftest.c  >&5
configure:3427: $? = 0
configure:3449: result: 
configure:3471: checking whether we are cross compiling
configure:3479: gcc -o conftest    conftest.c  >&5
configure:3483: $? = 0
configure:3490: ./conftest
configure:3494: $? = 0
configure:3509: result: no
configure:3514: checking for suffix of object files
configure:3536: gcc -c   conftest.c >&5
configure:3540: $? = 0
configure:3561: result: o
configure:3565: checking whether we are using the GNU C compiler
configure:3584: gcc -c   conftest.c >&5
configure:3584: $? = 0
configure:3593: result: yes
configure:3602: checking whether gcc accepts -g
configure:3622: gcc -c -g  conftest.c >&5
configure:3622: $? = 0
configure:3663: result: yes
configure:3680: checking for gcc option to accept ISO C89
configure:3743: gcc  -c -g -O2  conftest.c >&5
configure:3743: $? = 0
configure:3756: result: none needed
configure:3781: checking whether gcc understands -c and -o together
configure:3803: gcc -c conftest.c -o conftest2.o
configure:3806: $? = 0
configure:3803: gcc -c conftest.c -o conftest2.o
configure:3806: $? = 0
configure:3818: result: yes
configure:3837: checking dependency style of gcc
configure:3948: result: gcc3
configure:4087: checking whether to enable maintainer-specific portions of Makefiles
configure:4096: result: no
configure:4109: checking whether the compiler accepts prototypes
configure:4125: gcc -o conftest -g -O2   conftest.c  >&5
configure:4125: $? = 0
configure:4133: result: yes
configure:4138: checking what warning flags to pass to the C compiler
configure:4183: result: -Wimplicit -Wreturn-type -Wdeclaration-after-statement -Wno-unknown-pragmas
configure:4242: checking for gcc
configure:4269: result: gcc
configure:4498: checking for C compiler version
configure:4507: gcc --version >&5
gcc (Ubuntu 5.4.0-6ubuntu1~16.04.1) 5.4.0 20160609
Copyright (C) 2015 Free Software Foundation, Inc.
This is free software; see the source for copying conditions.  There is NO
warranty; not even for MERCHANTABILITY or FITNESS FOR A PARTICULAR PURPOSE.

configure:4518: $? = 0
configure:4507: gcc -v >&5
Using built-in specs.
COLLECT_GCC=gcc
COLLECT_LTO_WRAPPER=/usr/lib/gcc/x86_64-linux-gnu/5/lto-wrapper
Target: x86_64-linux-gnu
Configured with: ../src/configure -v --with-pkgversion='Ubuntu 5.4.0-6ubuntu1~16.04.1' --with-bugurl=file:///usr/share/doc/gcc-5/README.Bugs --enable-languages=c,ada,c++,java,go,d,fortran,objc,obj-c++ --prefix=/usr --program-suffix=-5 --enable-shared --enable-linker-build-id --libexecdir=/usr/lib --without-included-gettext --enable-threads=posix --libdir=/usr/lib --enable-nls --with-sysroot=/ --enable-clocale=gnu --enable-libstdcxx-debug --enable-libstdcxx-time=yes --with-default-libstdcxx-abi=new --enable-gnu-unique-object --disable-vtable-verify --enable-libmpx --enable-plugin --with-system-zlib --disable-browser-plugin --enable-java-awt=gtk --enable-gtk-cairo --with-java-home=/usr/lib/jvm/java-1.5.0-gcj-5-amd64/jre --enable-java-home --with-jvm-root-dir=/usr/lib/jvm/java-1.5.0-gcj-5-amd64 --with-jvm-jar-dir=/usr/lib/jvm-exports/java-1.5.0-gcj-5-amd64 --with-arch-directory=amd64 --with-ecj-jar=/usr/share/java/eclipse-ecj.jar --enable-objc-gc --enable-multiarch --disable-werror --with-arch-32=i686 --with-abi=m64 --with-multilib-list=m32,m64,mx32 --enable-multilib --with-tune=generic --enable-checking=release --build=x86_64-linux-gnu --host=x86_64-linux-gnu --target=x86_64-linux-gnu
Thread model: posix
gcc version 5.4.0 20160609 (Ubuntu 5.4.0-6ubuntu1~16.04.1) 
configure:4518: $? = 0
configure:4507: gcc -V >&5
gcc: error: unrecognized command line option '-V'
gcc: fatal error: no input files
compilation terminated.
configure:4518: $? = 1
configure:4507: gcc -qversion >&5
gcc: error: unrecognized command line option '-qversion'
gcc: fatal error: no input files
compilation terminated.
configure:4518: $? = 1
configure:4522: checking whether we are using the GNU C compiler
configure:4550: result: yes
configure:4559: checking whether gcc accepts -g
configure:4620: result: yes
configure:4637: checking for gcc option to accept ISO C89
configure:4713: result: none needed
configure:4738: checking whether gcc understands -c and -o together
configure:4775: result: yes
configure:4794: checking dependency style of gcc
configure:4905: result: gcc3
configure:4978: checking for g++
configure:4994: found /usr/bin/g++
configure:5005: result: g++
configure:5032: checking for C++ compiler version
configure:5041: g++ --version >&5
g++ (Ubuntu 5.4.0-6ubuntu1~16.04.1) 5.4.0 20160609
Copyright (C) 2015 Free Software Foundation, Inc.
This is free software; see the source for copying conditions.  There is NO
warranty; not even for MERCHANTABILITY or FITNESS FOR A PARTICULAR PURPOSE.

configure:5052: $? = 0
configure:5041: g++ -v >&5
Using built-in specs.
COLLECT_GCC=g++
COLLECT_LTO_WRAPPER=/usr/lib/gcc/x86_64-linux-gnu/5/lto-wrapper
Target: x86_64-linux-gnu
Configured with: ../src/configure -v --with-pkgversion='Ubuntu 5.4.0-6ubuntu1~16.04.1' --with-bugurl=file:///usr/share/doc/gcc-5/README.Bugs --enable-languages=c,ada,c++,java,go,d,fortran,objc,obj-c++ --prefix=/usr --program-suffix=-5 --enable-shared --enable-linker-build-id --libexecdir=/usr/lib --without-included-gettext --enable-threads=posix --libdir=/usr/lib --enable-nls --with-sysroot=/ --enable-clocale=gnu --enable-libstdcxx-debug --enable-libstdcxx-time=yes --with-default-libstdcxx-abi=new --enable-gnu-unique-object --disable-vtable-verify --enable-libmpx --enable-plugin --with-system-zlib --disable-browser-plugin --enable-java-awt=gtk --enable-gtk-cairo --with-java-home=/usr/lib/jvm/java-1.5.0-gcj-5-amd64/jre --enable-java-home --with-jvm-root-dir=/usr/lib/jvm/java-1.5.0-gcj-5-amd64 --with-jvm-jar-dir=/usr/lib/jvm-exports/java-1.5.0-gcj-5-amd64 --with-arch-directory=amd64 --with-ecj-jar=/usr/share/java/eclipse-ecj.jar --enable-objc-gc --enable-multiarch --disable-werror --with-arch-32=i686 --with-abi=m64 --with-multilib-list=m32,m64,mx32 --enable-multilib --with-tune=generic --enable-checking=release --build=x86_64-linux-gnu --host=x86_64-linux-gnu --target=x86_64-linux-gnu
Thread model: posix
gcc version 5.4.0 20160609 (Ubuntu 5.4.0-6ubuntu1~16.04.1) 
configure:5052: $? = 0
configure:5041: g++ -V >&5
g++: error: unrecognized command line option '-V'
g++: fatal error: no input files
compilation terminated.
configure:5052: $? = 1
configure:5041: g++ -qversion >&5
g++: error: unrecognized command line option '-qversion'
g++: fatal error: no input files
compilation terminated.
configure:5052: $? = 1
configure:5056: checking whether we are using the GNU C++ compiler
configure:5075: g++ -c   conftest.cpp >&5
configure:5075: $? = 0
configure:5084: result: yes
configure:5093: checking whether g++ accepts -g
configure:5113: g++ -c -g  conftest.cpp >&5
configure:5113: $? = 0
configure:5154: result: yes
configure:5179: checking dependency style of g++
configure:5290: result: gcc3
configure:5304: checking what warning flags to pass to the C++ compiler
configure:5345: result: -Wreturn-type -Wno-unknown-pragmas -Wno-write-strings
configure:5394: checking for ranlib
configure:5410: found /usr/bin/ranlib
configure:5421: result: ranlib
configure:5443: checking whether ln -s works
configure:5447: result: yes
configure:5456: checking CFLAGS for C to hide external symbols
configure:5478: gcc -c -g -O2 -Werror -fvisibility=hidden -fvisibility-inlines-hidden  conftest.c >&5
cc1: error: command line option '-fvisibility-inlines-hidden' is valid for C++/ObjC++ but not for C [-Werror]
cc1: all warnings being treated as errors
configure:5478: $? = 1
configure: failed program was:
| /* confdefs.h */
| #define PACKAGE_NAME "poppler (TeX Live)"
| #define PACKAGE_TARNAME "poppler--tex-live-"
| #define PACKAGE_VERSION "0.46.0"
| #define PACKAGE_STRING "poppler (TeX Live) 0.46.0"
| #define PACKAGE_BUGREPORT "tex-k@tug.org"
| #define PACKAGE_URL ""
| /* end confdefs.h.  */
| #include <stdio.h>
|                                    extern void foo(void);
|                                    void foo(void){printf("foo\n");}
configure:5478: gcc -c -g -O2 -Werror -fvisibility=hidden  conftest.c >&5
configure:5478: $? = 0
configure:5491: result: -fvisibility=hidden
configure:5503: checking CXXFLAGS for C++ to hide external symbols
configure:5525: g++ -c -g -O2 -Werror -fvisibility=hidden -fvisibility-inlines-hidden  conftest.cpp >&5
configure:5525: $? = 0
configure:5538: result: -fvisibility=hidden -fvisibility-inlines-hidden
configure:5557: checking how to run the C preprocessor
configure:5588: gcc -E  conftest.c
configure:5588: $? = 0
configure:5602: gcc -E  conftest.c
conftest.c:9:28: fatal error: ac_nonexistent.h: No such file or directory
compilation terminated.
configure:5602: $? = 1
configure: failed program was:
| /* confdefs.h */
| #define PACKAGE_NAME "poppler (TeX Live)"
| #define PACKAGE_TARNAME "poppler--tex-live-"
| #define PACKAGE_VERSION "0.46.0"
| #define PACKAGE_STRING "poppler (TeX Live) 0.46.0"
| #define PACKAGE_BUGREPORT "tex-k@tug.org"
| #define PACKAGE_URL ""
| /* end confdefs.h.  */
| #include <ac_nonexistent.h>
configure:5627: result: gcc -E
configure:5647: gcc -E  conftest.c
configure:5647: $? = 0
configure:5661: gcc -E  conftest.c
conftest.c:9:28: fatal error: ac_nonexistent.h: No such file or directory
compilation terminated.
configure:5661: $? = 1
configure: failed program was:
| /* confdefs.h */
| #define PACKAGE_NAME "poppler (TeX Live)"
| #define PACKAGE_TARNAME "poppler--tex-live-"
| #define PACKAGE_VERSION "0.46.0"
| #define PACKAGE_STRING "poppler (TeX Live) 0.46.0"
| #define PACKAGE_BUGREPORT "tex-k@tug.org"
| #define PACKAGE_URL ""
| /* end confdefs.h.  */
| #include <ac_nonexistent.h>
configure:5690: checking for grep that handles long lines and -e
configure:5748: result: /bin/grep
configure:5753: checking for egrep
configure:5815: result: /bin/grep -E
configure:5820: checking for ANSI C header files
configure:5840: gcc -c -g -O2  conftest.c >&5
configure:5840: $? = 0
configure:5913: gcc -o conftest -g -O2   conftest.c  >&5
configure:5913: $? = 0
configure:5913: ./conftest
configure:5913: $? = 0
configure:5924: result: yes
configure:5937: checking for sys/types.h
configure:5937: gcc -c -g -O2  conftest.c >&5
configure:5937: $? = 0
configure:5937: result: yes
configure:5937: checking for sys/stat.h
configure:5937: gcc -c -g -O2  conftest.c >&5
configure:5937: $? = 0
configure:5937: result: yes
configure:5937: checking for stdlib.h
configure:5937: gcc -c -g -O2  conftest.c >&5
configure:5937: $? = 0
configure:5937: result: yes
configure:5937: checking for string.h
configure:5937: gcc -c -g -O2  conftest.c >&5
configure:5937: $? = 0
configure:5937: result: yes
configure:5937: checking for memory.h
configure:5937: gcc -c -g -O2  conftest.c >&5
configure:5937: $? = 0
configure:5937: result: yes
configure:5937: checking for strings.h
configure:5937: gcc -c -g -O2  conftest.c >&5
configure:5937: $? = 0
configure:5937: result: yes
configure:5937: checking for inttypes.h
configure:5937: gcc -c -g -O2  conftest.c >&5
configure:5937: $? = 0
configure:5937: result: yes
configure:5937: checking for stdint.h
configure:5937: gcc -c -g -O2  conftest.c >&5
configure:5937: $? = 0
configure:5937: result: yes
configure:5937: checking for unistd.h
configure:5937: gcc -c -g -O2  conftest.c >&5
configure:5937: $? = 0
configure:5937: result: yes
configure:5953: checking size of long long
configure:5958: gcc -o conftest -g -O2   conftest.c  >&5
configure:5958: $? = 0
configure:5958: ./conftest
configure:5958: $? = 0
configure:5972: result: 8
configure:6036: checking for strings.h
configure:6036: result: yes
configure:6049: checking for dirent.h that defines DIR
configure:6068: gcc -c -g -O2  conftest.c >&5
configure:6068: $? = 0
configure:6076: result: yes
configure:6089: checking for library containing opendir
configure:6120: gcc -o conftest -g -O2   conftest.c  >&5
configure:6120: $? = 0
configure:6137: result: none required
configure:6209: checking for gettimeofday
configure:6209: gcc -o conftest -g -O2   conftest.c  >&5
configure:6209: $? = 0
configure:6209: result: yes
configure:6209: checking for gmtime_r
configure:6209: gcc -o conftest -g -O2   conftest.c  >&5
configure:6209: $? = 0
configure:6209: result: yes
configure:6209: checking for mkstemp
configure:6209: gcc -o conftest -g -O2   conftest.c  >&5
configure:6209: $? = 0
configure:6209: result: yes
configure:6209: checking for popen
configure:6209: gcc -o conftest -g -O2   conftest.c  >&5
configure:6209: $? = 0
configure:6209: result: yes
configure:6209: checking for rand_r
configure:6209: gcc -o conftest -g -O2   conftest.c  >&5
configure:6209: $? = 0
configure:6209: result: yes
configure:6209: checking for timegm
configure:6209: gcc -o conftest -g -O2   conftest.c  >&5
configure:6209: $? = 0
configure:6209: result: yes
configure:6225: checking for special C compiler options needed for large files
configure:6270: result: no
configure:6276: checking for _FILE_OFFSET_BITS value needed for large files
configure:6301: gcc -c -g -O2  conftest.c >&5
configure:6301: $? = 0
configure:6333: result: no
configure:6418: checking for _LARGEFILE_SOURCE value needed for large files
configure:6437: gcc -o conftest -g -O2   conftest.c  >&5
configure:6437: $? = 0
configure:6465: result: no
configure:6486: checking for ftell64
configure:6486: gcc -o conftest -g -O2   conftest.c  >&5
/tmp/ccHWW7R5.o: In function `main':
/home/maqiyuan/Desktop/texlive-upstream/libs/poppler/conftest.c:63: undefined reference to `ftell64'
collect2: error: ld returned 1 exit status
configure:6486: $? = 1
configure: failed program was:
| /* confdefs.h */
| #define PACKAGE_NAME "poppler (TeX Live)"
| #define PACKAGE_TARNAME "poppler--tex-live-"
| #define PACKAGE_VERSION "0.46.0"
| #define PACKAGE_STRING "poppler (TeX Live) 0.46.0"
| #define PACKAGE_BUGREPORT "tex-k@tug.org"
| #define PACKAGE_URL ""
| #define STDC_HEADERS 1
| #define HAVE_SYS_TYPES_H 1
| #define HAVE_SYS_STAT_H 1
| #define HAVE_STDLIB_H 1
| #define HAVE_STRING_H 1
| #define HAVE_MEMORY_H 1
| #define HAVE_STRINGS_H 1
| #define HAVE_INTTYPES_H 1
| #define HAVE_STDINT_H 1
| #define HAVE_UNISTD_H 1
| #define SIZEOF_LONG_LONG 8
| #define HAVE_STRINGS_H 1
| #define HAVE_DIRENT_H 1
| #define HAVE_GETTIMEOFDAY 1
| #define HAVE_GMTIME_R 1
| #define HAVE_MKSTEMP 1
| #define HAVE_POPEN 1
| #define HAVE_RAND_R 1
| #define HAVE_TIMEGM 1
| #define HAVE_FSEEKO 1
| /* end confdefs.h.  */
| /* Define ftell64 to an innocuous variant, in case <limits.h> declares ftell64.
|    For example, HP-UX 11i <limits.h> declares gettimeofday.  */
| #define ftell64 innocuous_ftell64
| 
| /* System header to define __stub macros and hopefully few prototypes,
|     which can conflict with char ftell64 (); below.
|     Prefer <limits.h> to <assert.h> if __STDC__ is defined, since
|     <limits.h> exists even on freestanding compilers.  */
| 
| #ifdef __STDC__
| # include <limits.h>
| #else
| # include <assert.h>
| #endif
| 
| #undef ftell64
| 
| /* Override any GCC internal prototype to avoid an error.
|    Use char because int might match the return type of a GCC
|    builtin and then its argument prototype would still apply.  */
| #ifdef __cplusplus
| extern "C"
| #endif
| char ftell64 ();
| /* The GNU C library defines this for functions which it implements
|     to always fail with ENOSYS.  Some functions are actually named
|     something starting with __ and the normal name is an alias.  */
| #if defined __stub_ftell64 || defined __stub___ftell64
| choke me
| #endif
| 
| int
| main ()
| {
| return ftell64 ();
|   ;
|   return 0;
| }
configure:6486: result: no
configure:6502: checking for native WIN32 or MINGW32
configure:6520: gcc -c -g -O2  conftest.c >&5
conftest.c:30:3: error: unknown type name 'choke'
   choke me
   ^
conftest.c:32:1: error: expected '=', ',', ';', 'asm' or '__attribute__' before 'int'
 int
 ^
configure:6520: $? = 1
configure: failed program was:
| /* confdefs.h */
| #define PACKAGE_NAME "poppler (TeX Live)"
| #define PACKAGE_TARNAME "poppler--tex-live-"
| #define PACKAGE_VERSION "0.46.0"
| #define PACKAGE_STRING "poppler (TeX Live) 0.46.0"
| #define PACKAGE_BUGREPORT "tex-k@tug.org"
| #define PACKAGE_URL ""
| #define STDC_HEADERS 1
| #define HAVE_SYS_TYPES_H 1
| #define HAVE_SYS_STAT_H 1
| #define HAVE_STDLIB_H 1
| #define HAVE_STRING_H 1
| #define HAVE_MEMORY_H 1
| #define HAVE_STRINGS_H 1
| #define HAVE_INTTYPES_H 1
| #define HAVE_STDINT_H 1
| #define HAVE_UNISTD_H 1
| #define SIZEOF_LONG_LONG 8
| #define HAVE_STRINGS_H 1
| #define HAVE_DIRENT_H 1
| #define HAVE_GETTIMEOFDAY 1
| #define HAVE_GMTIME_R 1
| #define HAVE_MKSTEMP 1
| #define HAVE_POPEN 1
| #define HAVE_RAND_R 1
| #define HAVE_TIMEGM 1
| #define HAVE_FSEEKO 1
| /* end confdefs.h.  */
| #ifndef WIN32
|   choke me
| #endif
| int
| main ()
| {
| 
|   ;
|   return 0;
| }
configure:6545: result: no
configure:6626: checking if <zlib.h> defines 'z_const'
configure:6645: gcc -c -g -O2 -I/home/maqiyuan/Desktop/texlive-upstream/libs/zlib/include  conftest.c >&5
configure:6645: $? = 0
configure:6655: result: yes
configure:6683: checking for inflate
configure:6683: gcc -o conftest -g -O2 -I/home/maqiyuan/Desktop/texlive-upstream/libs/zlib/include   conftest.c /home/maqiyuan/Desktop/texlive-upstream/libs/zlib/libz.a  >&5
configure:6683: $? = 0
configure:6683: result: yes
configure:6692: checking zlib.h usability
configure:6692: gcc -c -g -O2 -I/home/maqiyuan/Desktop/texlive-upstream/libs/zlib/include  conftest.c >&5
configure:6692: $? = 0
configure:6692: result: yes
configure:6692: checking zlib.h presence
configure:6692: gcc -E -I/home/maqiyuan/Desktop/texlive-upstream/libs/zlib/include  conftest.c
configure:6692: $? = 0
configure:6692: result: yes
configure:6692: checking for zlib.h
configure:6692: result: yes
configure:6830: checking that generated files are newer than configure
configure:6836: result: done
configure:6883: creating ./config.status

## ---------------------- ##
## Running config.status. ##
## ---------------------- ##

This file was extended by poppler (TeX Live) config.status 0.46.0, which was
generated by GNU Autoconf 2.69.  Invocation command line was

  CONFIG_FILES    = 
  CONFIG_HEADERS  = 
  CONFIG_LINKS    = 
  CONFIG_COMMANDS = 
  $ ./config.status 

on maqiyuan-E430c

config.status:899: creating Makefile
config.status:899: creating include/Makefile
config.status:899: creating include/goo/Makefile
config.status:899: creating include/fofi/Makefile
config.status:899: creating config.h
config.status:899: creating poppler-config.h
config.status:1128: executing depfiles commands

## ---------------- ##
## Cache variables. ##
## ---------------- ##

ac_cv_c_compiler_gnu=yes
ac_cv_cxx_compiler_gnu=yes
ac_cv_env_CCC_set=
ac_cv_env_CCC_value=
ac_cv_env_CC_set=
ac_cv_env_CC_value=
ac_cv_env_CFLAGS_set=
ac_cv_env_CFLAGS_value=
ac_cv_env_CPPFLAGS_set=
ac_cv_env_CPPFLAGS_value=
ac_cv_env_CPP_set=
ac_cv_env_CPP_value=
ac_cv_env_CXXFLAGS_set=
ac_cv_env_CXXFLAGS_value=
ac_cv_env_CXX_set=
ac_cv_env_CXX_value=
ac_cv_env_LDFLAGS_set=
ac_cv_env_LDFLAGS_value=
ac_cv_env_LIBS_set=
ac_cv_env_LIBS_value=
ac_cv_env_build_alias_set=
ac_cv_env_build_alias_value=
ac_cv_env_host_alias_set=
ac_cv_env_host_alias_value=
ac_cv_env_target_alias_set=
ac_cv_env_target_alias_value=
ac_cv_func_ftell64=no
ac_cv_func_gettimeofday=yes
ac_cv_func_gmtime_r=yes
ac_cv_func_inflate=yes
ac_cv_func_mkstemp=yes
ac_cv_func_popen=yes
ac_cv_func_rand_r=yes
ac_cv_func_timegm=yes
ac_cv_header_dirent_dirent_h=yes
ac_cv_header_inttypes_h=yes
ac_cv_header_memory_h=yes
ac_cv_header_stdc=yes
ac_cv_header_stdint_h=yes
ac_cv_header_stdlib_h=yes
ac_cv_header_string_h=yes
ac_cv_header_strings_h=yes
ac_cv_header_sys_stat_h=yes
ac_cv_header_sys_types_h=yes
ac_cv_header_unistd_h=yes
ac_cv_header_zlib_h=yes
ac_cv_objext=o
ac_cv_path_EGREP='/bin/grep -E'
ac_cv_path_GREP=/bin/grep
ac_cv_path_install='/usr/bin/install -c'
ac_cv_path_mkdir=/bin/mkdir
ac_cv_prog_AWK=gawk
ac_cv_prog_CPP='gcc -E'
ac_cv_prog_ac_ct_CC=gcc
ac_cv_prog_ac_ct_CXX=g++
ac_cv_prog_ac_ct_RANLIB=ranlib
ac_cv_prog_cc_c89=
ac_cv_prog_cc_g=yes
ac_cv_prog_cxx_g=yes
ac_cv_prog_make_make_set=yes
ac_cv_search_opendir='none required'
ac_cv_sizeof_long_long=8
ac_cv_sys_file_offset_bits=no
ac_cv_sys_largefile_CC=no
ac_cv_sys_largefile_source=no
am_cv_CC_dependencies_compiler_type=gcc3
am_cv_CXX_dependencies_compiler_type=gcc3
am_cv_make_support_nested_variables=yes
am_cv_prog_cc_c_o=yes
kb_cv_c_prototypes=yes
kpse_cv_have_decl_z_const=yes
kpse_cv_have_win32=no
kpse_cv_visibility_cflags=-fvisibility=hidden
kpse_cv_visibility_cxxflags='-fvisibility=hidden -fvisibility-inlines-hidden'
kpse_cv_warning_cflags='-Wimplicit -Wreturn-type -Wdeclaration-after-statement -Wno-unknown-pragmas'
kpse_cv_warning_cxxflags='-Wreturn-type -Wno-unknown-pragmas -Wno-write-strings'

## ----------------- ##
## Output variables. ##
## ----------------- ##

	cd ${top_builddir}/../../libs/zlib && $(MAKE) $(AM_MAKEFLAGS) rebuild
	cd ${top_builddir}/../../libs/zlib && $(MAKE) $(AM_MAKEFLAGS) rebuild'
$(ZLIB_DEPEND): ${top_builddir}/../../libs/zlib/include/zconf.h
${top_builddir}/../../libs/zlib/include/zconf.h:
ACLOCAL='${SHELL} /home/maqiyuan/Desktop/texlive-upstream/build-aux/missing aclocal-1.15'
AMDEPBACKSLASH='\'
AMDEP_FALSE='#'
AMDEP_TRUE=''
AMTAR='$${TAR-tar}'
AM_BACKSLASH='\'
AM_DEFAULT_V='$(AM_DEFAULT_VERBOSITY)'
AM_DEFAULT_VERBOSITY='1'
AM_V='$(V)'
AUTOCONF='${SHELL} /home/maqiyuan/Desktop/texlive-upstream/build-aux/missing autoconf'
AUTOHEADER='${SHELL} /home/maqiyuan/Desktop/texlive-upstream/build-aux/missing autoheader'
AUTOMAKE='${SHELL} /home/maqiyuan/Desktop/texlive-upstream/build-aux/missing automake-1.15'
AWK='gawk'
CC='gcc'
CCDEPMODE='depmode=gcc3'
CFLAGS='-g -O2'
CPP='gcc -E'
CPPFLAGS=''
CXX='g++'
CXXDEPMODE='depmode=gcc3'
CXXFLAGS='-g -O2'
CYGPATH_W='echo'
DEFS='-DHAVE_CONFIG_H'
DEPDIR='.deps'
ECHO_C=''
ECHO_N='-n'
ECHO_T=''
EGREP='/bin/grep -E'
EXEEXT=''
GREP='/bin/grep'
INSTALL_DATA='${INSTALL} -m 644'
INSTALL_PROGRAM='${INSTALL}'
INSTALL_SCRIPT='${INSTALL}'
INSTALL_STRIP_PROGRAM='$(install_sh) -c -s'
LDFLAGS=''
LIBOBJS=''
LIBS=''
LN_S='ln -s'
LTLIBOBJS=''
MAINT='#'
MAINTAINER_MODE_FALSE=''
MAINTAINER_MODE_TRUE='#'
MAKEINFO='${SHELL} /home/maqiyuan/Desktop/texlive-upstream/build-aux/missing makeinfo'
MINGW32_FALSE=''
MINGW32_TRUE='#'
MKDIR_P='/bin/mkdir -p'
NO_WARN_CXXFLAGS='-Wno-write-strings'
OBJEXT='o'
PACKAGE='poppler--tex-live-'
PACKAGE_BUGREPORT='tex-k@tug.org'
PACKAGE_NAME='poppler (TeX Live)'
PACKAGE_STRING='poppler (TeX Live) 0.46.0'
PACKAGE_TARNAME='poppler--tex-live-'
PACKAGE_URL=''
PACKAGE_VERSION='0.46.0'
PATH_SEPARATOR=':'
POPPLER_TREE='poppler-src'
RANLIB='ranlib'
SET_MAKE=''
SHELL='/bin/bash'
STRIP=''
VERSION='0.46.0'
VISIBILITY_CFLAGS='-fvisibility=hidden'
VISIBILITY_CXXFLAGS='-fvisibility=hidden -fvisibility-inlines-hidden'
WARNING_CFLAGS='-Wimplicit -Wreturn-type -Wdeclaration-after-statement -Wno-unknown-pragmas'
WARNING_CXXFLAGS='-Wreturn-type -Wno-unknown-pragmas -Wno-write-strings'
WIN32_FALSE=''
WIN32_TRUE='#'
ZLIB_DEPEND='${top_builddir}/../../libs/zlib/libz.a'
ZLIB_INCLUDES='-I/home/maqiyuan/Desktop/texlive-upstream/libs/zlib/include'
ZLIB_LIBS='/home/maqiyuan/Desktop/texlive-upstream/libs/zlib/libz.a'
ZLIB_RULE='# Rebuild libz
ac_ct_CC='gcc'
ac_ct_CXX='g++'
am__EXEEXT_FALSE=''
am__EXEEXT_TRUE='#'
am__fastdepCC_FALSE='#'
am__fastdepCC_TRUE=''
am__fastdepCXX_FALSE='#'
am__fastdepCXX_TRUE=''
am__include='include'
am__isrc=''
am__leading_dot='.'
am__nodep='_no'
am__quote=''
am__tar='$${TAR-tar} chof - "$$tardir"'
am__untar='$${TAR-tar} xf -'
bindir='${exec_prefix}/bin/x86_64-pc-linux-gnu'
build_FALSE='#'
build_TRUE=''
build_alias=''
datadir='${datarootdir}'
datarootdir='${prefix}'
docdir='${datarootdir}/doc/${PACKAGE_TARNAME}'
dvidir='${docdir}'
exec_prefix='${prefix}'
host_alias=''
htmldir='${docdir}'
includedir='${prefix}/include'
infodir='${prefix}/texmf-dist/doc/info'
install_sh='${SHELL} /home/maqiyuan/Desktop/texlive-upstream/build-aux/install-sh'
libdir='${exec_prefix}/lib/x86_64-pc-linux-gnu'
libexecdir='${exec_prefix}/libexec'
localedir='${datarootdir}/locale'
localstatedir='${prefix}/var'
mandir='${prefix}/texmf-dist/doc/man'
mkdir_p='$(MKDIR_P)'
oldincludedir='/usr/include'
pdfdir='${docdir}'
prefix='/usr/local'
program_transform_name='s,x,x,'
psdir='${docdir}'
sbindir='${exec_prefix}/sbin'
sharedstatedir='${prefix}/com'
sysconfdir='${prefix}/etc'
target_alias=''

## ----------- ##
## confdefs.h. ##
## ----------- ##

/* confdefs.h */
#define PACKAGE_NAME "poppler (TeX Live)"
#define PACKAGE_TARNAME "poppler--tex-live-"
#define PACKAGE_VERSION "0.46.0"
#define PACKAGE_STRING "poppler (TeX Live) 0.46.0"
#define PACKAGE_BUGREPORT "tex-k@tug.org"
#define PACKAGE_URL ""
#define STDC_HEADERS 1
#define HAVE_SYS_TYPES_H 1
#define HAVE_SYS_STAT_H 1
#define HAVE_STDLIB_H 1
#define HAVE_STRING_H 1
#define HAVE_MEMORY_H 1
#define HAVE_STRINGS_H 1
#define HAVE_INTTYPES_H 1
#define HAVE_STDINT_H 1
#define HAVE_UNISTD_H 1
#define SIZEOF_LONG_LONG 8
#define HAVE_STRINGS_H 1
#define HAVE_DIRENT_H 1
#define HAVE_GETTIMEOFDAY 1
#define HAVE_GMTIME_R 1
#define HAVE_MKSTEMP 1
#define HAVE_POPEN 1
#define HAVE_RAND_R 1
#define HAVE_TIMEGM 1
#define HAVE_FSEEKO 1
#define POPPLER_VERSION "0.46.0"
#define ZLIB_CONST 1
#define HAVE_ZLIB_H 1
#define ENABLE_ZLIB 1

configure: exit 0
