This file contains any messages produced by compilers while
running configure, to aid debugging if configure makes a mistake.

It was created by mpfr (TeX Live) configure 3.1.3, which was
generated by GNU Autoconf 2.69.  Invocation command line was

  $ ./configure --disable-option-checking --prefix=/usr/local --enable-build-in-source-tree --enable-native-texlive-build --enable-largefile --disable-silent-rules --enable-multiplatform=yes --enable-cxx-runtime-hack=yes --enable-libtool-hack=yes --disable-shared --enable-texlive-build --bindir=${exec_prefix}/bin/x86_64-pc-linux-gnu --libdir=${exec_prefix}/lib/x86_64-pc-linux-gnu --with-x --enable-devnag=yes --enable-lacheck=yes --enable-m-tx=yes --enable-pmx=yes --enable-ps2eps=yes --enable-t1utils=yes --enable-texdoctk=yes --enable-tpic2pdftex=yes --enable-vlna=yes --enable-xindy=no --with-clisp-runtime=default --enable-xpdfopen=yes --enable-web2c=yes --enable-afm2pl=yes --enable-bibtex-x=yes --enable-chktex=yes --enable-cjkutils=yes --enable-detex=yes --enable-dtl=yes --enable-dvi2tty=yes --enable-dvidvi=yes --enable-dviljk=yes --enable-dvipdfm-x=yes --enable-dvipng=yes --enable-dvipos=yes --enable-dvipsk=yes --enable-dvisvgm=yes --enable-gregorio=yes --enable-gsftopk=yes --enable-lcdf-typetools=yes --enable-makeindexk=yes --enable-makejvf=yes --enable-mendexk=yes --enable-musixtnt=yes --enable-ps2pk=yes --enable-psutils=yes --enable-seetexk=yes --enable-tex4htk=yes --enable-ttf2pk2=yes --enable-ttfdump=yes --enable-xdvik=yes --enable-texlive=yes --with-system-harfbuzz=no --with-system-icu=no --with-system-teckit=no --with-system-graphite2=no --with-system-zziplib=no --with-system-xpdf=no --with-system-poppler=no --with-system-mpfr=no --with-system-gmp=no --with-system-cairo=no --with-system-pixman=no --with-system-potrace=no --with-system-gd=no --with-system-freetype2=no --with-system-libpng=no --with-system-libpaper=no --with-system-zlib=no --with-system-ptexenc=no --with-system-kpathsea=no --datarootdir=${prefix} --mandir=${prefix}/texmf-dist/doc/man --infodir=${prefix}/texmf-dist/doc/info --cache-file=/dev/null --srcdir=.

## --------- ##
## Platform. ##
## --------- ##

hostname = maqiyuan-E430c
uname -m = x86_64
uname -r = 4.4.0-31-generic
uname -s = Linux
uname -v = #50-Ubuntu SMP Wed Jul 13 00:07:12 UTC 2016

/usr/bin/uname -p = unknown
/bin/uname -X     = unknown

/bin/arch              = unknown
/usr/bin/arch -k       = unknown
/usr/convex/getsysinfo = unknown
/usr/bin/hostinfo      = unknown
/bin/machine           = unknown
/usr/bin/oslevel       = unknown
/bin/universe          = unknown

PATH: /usr/local/sbin
PATH: /usr/local/bin
PATH: /usr/sbin
PATH: /usr/bin
PATH: /sbin
PATH: /bin
PATH: /usr/games
PATH: /usr/local/games
PATH: /snap/bin
PATH: /home/maqiyuan/bin/FDK/Tools/linux


## ----------- ##
## Core tests. ##
## ----------- ##

configure:2338: checking for a BSD-compatible install
configure:2406: result: /usr/bin/install -c
configure:2417: checking whether build environment is sane
configure:2472: result: yes
configure:2623: checking for a thread-safe mkdir -p
configure:2662: result: /bin/mkdir -p
configure:2669: checking for gawk
configure:2685: found /usr/bin/gawk
configure:2696: result: gawk
configure:2707: checking whether make sets $(MAKE)
configure:2729: result: yes
configure:2758: checking whether make supports nested variables
configure:2775: result: yes
configure:2798: checking for style of include used by make
configure:2826: result: GNU
configure:2897: checking for gcc
configure:2913: found /usr/bin/gcc
configure:2924: result: gcc
configure:3153: checking for C compiler version
configure:3162: gcc --version >&5
gcc (Ubuntu 5.4.0-6ubuntu1~16.04.1) 5.4.0 20160609
Copyright (C) 2015 Free Software Foundation, Inc.
This is free software; see the source for copying conditions.  There is NO
warranty; not even for MERCHANTABILITY or FITNESS FOR A PARTICULAR PURPOSE.

configure:3173: $? = 0
configure:3162: gcc -v >&5
Using built-in specs.
COLLECT_GCC=gcc
COLLECT_LTO_WRAPPER=/usr/lib/gcc/x86_64-linux-gnu/5/lto-wrapper
Target: x86_64-linux-gnu
Configured with: ../src/configure -v --with-pkgversion='Ubuntu 5.4.0-6ubuntu1~16.04.1' --with-bugurl=file:///usr/share/doc/gcc-5/README.Bugs --enable-languages=c,ada,c++,java,go,d,fortran,objc,obj-c++ --prefix=/usr --program-suffix=-5 --enable-shared --enable-linker-build-id --libexecdir=/usr/lib --without-included-gettext --enable-threads=posix --libdir=/usr/lib --enable-nls --with-sysroot=/ --enable-clocale=gnu --enable-libstdcxx-debug --enable-libstdcxx-time=yes --with-default-libstdcxx-abi=new --enable-gnu-unique-object --disable-vtable-verify --enable-libmpx --enable-plugin --with-system-zlib --disable-browser-plugin --enable-java-awt=gtk --enable-gtk-cairo --with-java-home=/usr/lib/jvm/java-1.5.0-gcj-5-amd64/jre --enable-java-home --with-jvm-root-dir=/usr/lib/jvm/java-1.5.0-gcj-5-amd64 --with-jvm-jar-dir=/usr/lib/jvm-exports/java-1.5.0-gcj-5-amd64 --with-arch-directory=amd64 --with-ecj-jar=/usr/share/java/eclipse-ecj.jar --enable-objc-gc --enable-multiarch --disable-werror --with-arch-32=i686 --with-abi=m64 --with-multilib-list=m32,m64,mx32 --enable-multilib --with-tune=generic --enable-checking=release --build=x86_64-linux-gnu --host=x86_64-linux-gnu --target=x86_64-linux-gnu
Thread model: posix
gcc version 5.4.0 20160609 (Ubuntu 5.4.0-6ubuntu1~16.04.1) 
configure:3173: $? = 0
configure:3162: gcc -V >&5
gcc: error: unrecognized command line option '-V'
gcc: fatal error: no input files
compilation terminated.
configure:3173: $? = 1
configure:3162: gcc -qversion >&5
gcc: error: unrecognized command line option '-qversion'
gcc: fatal error: no input files
compilation terminated.
configure:3173: $? = 1
configure:3193: checking whether the C compiler works
configure:3215: gcc    conftest.c  >&5
configure:3219: $? = 0
configure:3267: result: yes
configure:3270: checking for C compiler default output file name
configure:3272: result: a.out
configure:3278: checking for suffix of executables
configure:3285: gcc -o conftest    conftest.c  >&5
configure:3289: $? = 0
configure:3311: result: 
configure:3333: checking whether we are cross compiling
configure:3341: gcc -o conftest    conftest.c  >&5
configure:3345: $? = 0
configure:3352: ./conftest
configure:3356: $? = 0
configure:3371: result: no
configure:3376: checking for suffix of object files
configure:3398: gcc -c   conftest.c >&5
configure:3402: $? = 0
configure:3423: result: o
configure:3427: checking whether we are using the GNU C compiler
configure:3446: gcc -c   conftest.c >&5
configure:3446: $? = 0
configure:3455: result: yes
configure:3464: checking whether gcc accepts -g
configure:3484: gcc -c -g  conftest.c >&5
configure:3484: $? = 0
configure:3525: result: yes
configure:3542: checking for gcc option to accept ISO C89
configure:3605: gcc  -c -g -O2  conftest.c >&5
configure:3605: $? = 0
configure:3618: result: none needed
configure:3643: checking whether gcc understands -c and -o together
configure:3665: gcc -c conftest.c -o conftest2.o
configure:3668: $? = 0
configure:3665: gcc -c conftest.c -o conftest2.o
configure:3668: $? = 0
configure:3680: result: yes
configure:3699: checking dependency style of gcc
configure:3810: result: gcc3
configure:3958: checking whether to enable maintainer-specific portions of Makefiles
configure:3967: result: no
configure:3980: checking whether the compiler accepts prototypes
configure:3996: gcc -o conftest -g -O2   conftest.c  >&5
configure:3996: $? = 0
configure:4004: result: yes
configure:4009: checking what warning flags to pass to the C compiler
configure:4054: result: -Wimplicit -Wreturn-type -Wdeclaration-after-statement -Wno-unknown-pragmas
configure:4113: checking for gcc
configure:4140: result: gcc
configure:4369: checking for C compiler version
configure:4378: gcc --version >&5
gcc (Ubuntu 5.4.0-6ubuntu1~16.04.1) 5.4.0 20160609
Copyright (C) 2015 Free Software Foundation, Inc.
This is free software; see the source for copying conditions.  There is NO
warranty; not even for MERCHANTABILITY or FITNESS FOR A PARTICULAR PURPOSE.

configure:4389: $? = 0
configure:4378: gcc -v >&5
Using built-in specs.
COLLECT_GCC=gcc
COLLECT_LTO_WRAPPER=/usr/lib/gcc/x86_64-linux-gnu/5/lto-wrapper
Target: x86_64-linux-gnu
Configured with: ../src/configure -v --with-pkgversion='Ubuntu 5.4.0-6ubuntu1~16.04.1' --with-bugurl=file:///usr/share/doc/gcc-5/README.Bugs --enable-languages=c,ada,c++,java,go,d,fortran,objc,obj-c++ --prefix=/usr --program-suffix=-5 --enable-shared --enable-linker-build-id --libexecdir=/usr/lib --without-included-gettext --enable-threads=posix --libdir=/usr/lib --enable-nls --with-sysroot=/ --enable-clocale=gnu --enable-libstdcxx-debug --enable-libstdcxx-time=yes --with-default-libstdcxx-abi=new --enable-gnu-unique-object --disable-vtable-verify --enable-libmpx --enable-plugin --with-system-zlib --disable-browser-plugin --enable-java-awt=gtk --enable-gtk-cairo --with-java-home=/usr/lib/jvm/java-1.5.0-gcj-5-amd64/jre --enable-java-home --with-jvm-root-dir=/usr/lib/jvm/java-1.5.0-gcj-5-amd64 --with-jvm-jar-dir=/usr/lib/jvm-exports/java-1.5.0-gcj-5-amd64 --with-arch-directory=amd64 --with-ecj-jar=/usr/share/java/eclipse-ecj.jar --enable-objc-gc --enable-multiarch --disable-werror --with-arch-32=i686 --with-abi=m64 --with-multilib-list=m32,m64,mx32 --enable-multilib --with-tune=generic --enable-checking=release --build=x86_64-linux-gnu --host=x86_64-linux-gnu --target=x86_64-linux-gnu
Thread model: posix
gcc version 5.4.0 20160609 (Ubuntu 5.4.0-6ubuntu1~16.04.1) 
configure:4389: $? = 0
configure:4378: gcc -V >&5
gcc: error: unrecognized command line option '-V'
gcc: fatal error: no input files
compilation terminated.
configure:4389: $? = 1
configure:4378: gcc -qversion >&5
gcc: error: unrecognized command line option '-qversion'
gcc: fatal error: no input files
compilation terminated.
configure:4389: $? = 1
configure:4393: checking whether we are using the GNU C compiler
configure:4421: result: yes
configure:4430: checking whether gcc accepts -g
configure:4491: result: yes
configure:4508: checking for gcc option to accept ISO C89
configure:4584: result: none needed
configure:4609: checking whether gcc understands -c and -o together
configure:4646: result: yes
configure:4665: checking dependency style of gcc
configure:4776: result: gcc3
configure:4834: checking for ranlib
configure:4850: found /usr/bin/ranlib
configure:4861: result: ranlib
configure:4883: checking whether ln -s works
configure:4887: result: yes
configure:4895: checking CFLAGS for C to hide external symbols
configure:4917: gcc -c -g -O2 -Werror -fvisibility=hidden -fvisibility-inlines-hidden  conftest.c >&5
cc1: error: command line option '-fvisibility-inlines-hidden' is valid for C++/ObjC++ but not for C [-Werror]
cc1: all warnings being treated as errors
configure:4917: $? = 1
configure: failed program was:
| /* confdefs.h */
| #define PACKAGE_NAME "mpfr (TeX Live)"
| #define PACKAGE_TARNAME "mpfr--tex-live-"
| #define PACKAGE_VERSION "3.1.3"
| #define PACKAGE_STRING "mpfr (TeX Live) 3.1.3"
| #define PACKAGE_BUGREPORT "tex-k@tug.org"
| #define PACKAGE_URL ""
| #define PACKAGE "mpfr--tex-live-"
| #define VERSION "3.1.3"
| /* end confdefs.h.  */
| #include <stdio.h>
|                                    extern void foo(void);
|                                    void foo(void){printf("foo\n");}
configure:4917: gcc -c -g -O2 -Werror -fvisibility=hidden  conftest.c >&5
configure:4917: $? = 0
configure:4930: result: -fvisibility=hidden
configure:4952: checking build system type
configure:4966: result: x86_64-pc-linux-gnu
configure:4986: checking host system type
configure:4999: result: x86_64-pc-linux-gnu
configure:5025: checking whether time.h and sys/time.h may both be included
configure:5045: gcc -c -g -O2  conftest.c >&5
configure:5045: $? = 0
configure:5052: result: yes
configure:5065: checking how to run the C preprocessor
configure:5096: gcc -E  conftest.c
configure:5096: $? = 0
configure:5110: gcc -E  conftest.c
conftest.c:12:28: fatal error: ac_nonexistent.h: No such file or directory
compilation terminated.
configure:5110: $? = 1
configure: failed program was:
| /* confdefs.h */
| #define PACKAGE_NAME "mpfr (TeX Live)"
| #define PACKAGE_TARNAME "mpfr--tex-live-"
| #define PACKAGE_VERSION "3.1.3"
| #define PACKAGE_STRING "mpfr (TeX Live) 3.1.3"
| #define PACKAGE_BUGREPORT "tex-k@tug.org"
| #define PACKAGE_URL ""
| #define PACKAGE "mpfr--tex-live-"
| #define VERSION "3.1.3"
| #define TIME_WITH_SYS_TIME 1
| /* end confdefs.h.  */
| #include <ac_nonexistent.h>
configure:5135: result: gcc -E
configure:5155: gcc -E  conftest.c
configure:5155: $? = 0
configure:5169: gcc -E  conftest.c
conftest.c:12:28: fatal error: ac_nonexistent.h: No such file or directory
compilation terminated.
configure:5169: $? = 1
configure: failed program was:
| /* confdefs.h */
| #define PACKAGE_NAME "mpfr (TeX Live)"
| #define PACKAGE_TARNAME "mpfr--tex-live-"
| #define PACKAGE_VERSION "3.1.3"
| #define PACKAGE_STRING "mpfr (TeX Live) 3.1.3"
| #define PACKAGE_BUGREPORT "tex-k@tug.org"
| #define PACKAGE_URL ""
| #define PACKAGE "mpfr--tex-live-"
| #define VERSION "3.1.3"
| #define TIME_WITH_SYS_TIME 1
| /* end confdefs.h.  */
| #include <ac_nonexistent.h>
configure:5198: checking for grep that handles long lines and -e
configure:5256: result: /bin/grep
configure:5261: checking for egrep
configure:5323: result: /bin/grep -E
configure:5328: checking for ANSI C header files
configure:5348: gcc -c -g -O2  conftest.c >&5
configure:5348: $? = 0
configure:5421: gcc -o conftest -g -O2   conftest.c  >&5
configure:5421: $? = 0
configure:5421: ./conftest
configure:5421: $? = 0
configure:5432: result: yes
configure:5445: checking for sys/types.h
configure:5445: gcc -c -g -O2  conftest.c >&5
configure:5445: $? = 0
configure:5445: result: yes
configure:5445: checking for sys/stat.h
configure:5445: gcc -c -g -O2  conftest.c >&5
configure:5445: $? = 0
configure:5445: result: yes
configure:5445: checking for stdlib.h
configure:5445: gcc -c -g -O2  conftest.c >&5
configure:5445: $? = 0
configure:5445: result: yes
configure:5445: checking for string.h
configure:5445: gcc -c -g -O2  conftest.c >&5
configure:5445: $? = 0
configure:5445: result: yes
configure:5445: checking for memory.h
configure:5445: gcc -c -g -O2  conftest.c >&5
configure:5445: $? = 0
configure:5445: result: yes
configure:5445: checking for strings.h
configure:5445: gcc -c -g -O2  conftest.c >&5
configure:5445: $? = 0
configure:5445: result: yes
configure:5445: checking for inttypes.h
configure:5445: gcc -c -g -O2  conftest.c >&5
configure:5445: $? = 0
configure:5445: result: yes
configure:5445: checking for stdint.h
configure:5445: gcc -c -g -O2  conftest.c >&5
configure:5445: $? = 0
configure:5445: result: yes
configure:5445: checking for unistd.h
configure:5445: gcc -c -g -O2  conftest.c >&5
configure:5445: $? = 0
configure:5445: result: yes
configure:5457: checking for size_t
configure:5457: gcc -c -g -O2  conftest.c >&5
configure:5457: $? = 0
configure:5457: gcc -c -g -O2  conftest.c >&5
conftest.c: In function 'main':
conftest.c:58:21: error: expected expression before ')' token
 if (sizeof ((size_t)))
                     ^
configure:5457: $? = 1
configure: failed program was:
| /* confdefs.h */
| #define PACKAGE_NAME "mpfr (TeX Live)"
| #define PACKAGE_TARNAME "mpfr--tex-live-"
| #define PACKAGE_VERSION "3.1.3"
| #define PACKAGE_STRING "mpfr (TeX Live) 3.1.3"
| #define PACKAGE_BUGREPORT "tex-k@tug.org"
| #define PACKAGE_URL ""
| #define PACKAGE "mpfr--tex-live-"
| #define VERSION "3.1.3"
| #define TIME_WITH_SYS_TIME 1
| #define STDC_HEADERS 1
| #define HAVE_SYS_TYPES_H 1
| #define HAVE_SYS_STAT_H 1
| #define HAVE_STDLIB_H 1
| #define HAVE_STRING_H 1
| #define HAVE_MEMORY_H 1
| #define HAVE_STRINGS_H 1
| #define HAVE_INTTYPES_H 1
| #define HAVE_STDINT_H 1
| #define HAVE_UNISTD_H 1
| /* end confdefs.h.  */
| #include <stdio.h>
| #ifdef HAVE_SYS_TYPES_H
| # include <sys/types.h>
| #endif
| #ifdef HAVE_SYS_STAT_H
| # include <sys/stat.h>
| #endif
| #ifdef STDC_HEADERS
| # include <stdlib.h>
| # include <stddef.h>
| #else
| # ifdef HAVE_STDLIB_H
| #  include <stdlib.h>
| # endif
| #endif
| #ifdef HAVE_STRING_H
| # if !defined STDC_HEADERS && defined HAVE_MEMORY_H
| #  include <memory.h>
| # endif
| # include <string.h>
| #endif
| #ifdef HAVE_STRINGS_H
| # include <strings.h>
| #endif
| #ifdef HAVE_INTTYPES_H
| # include <inttypes.h>
| #endif
| #ifdef HAVE_STDINT_H
| # include <stdint.h>
| #endif
| #ifdef HAVE_UNISTD_H
| # include <unistd.h>
| #endif
| int
| main ()
| {
| if (sizeof ((size_t)))
| 	    return 0;
|   ;
|   return 0;
| }
configure:5457: result: yes
configure:5473: checking wchar.h usability
configure:5473: gcc -c -g -O2  conftest.c >&5
configure:5473: $? = 0
configure:5473: result: yes
configure:5473: checking wchar.h presence
configure:5473: gcc -E  conftest.c
configure:5473: $? = 0
configure:5473: result: yes
configure:5473: checking for wchar.h
configure:5473: result: yes
configure:5490: checking sys/time.h usability
configure:5490: gcc -c -g -O2  conftest.c >&5
configure:5490: $? = 0
configure:5490: result: yes
configure:5490: checking sys/time.h presence
configure:5490: gcc -E  conftest.c
configure:5490: $? = 0
configure:5490: result: yes
configure:5490: checking for sys/time.h
configure:5490: result: yes
configure:5503: checking for working alloca.h
configure:5520: gcc -o conftest -g -O2   conftest.c  >&5
configure:5520: $? = 0
configure:5528: result: yes
configure:5536: checking for alloca
configure:5573: gcc -o conftest -g -O2   conftest.c  >&5
configure:5573: $? = 0
configure:5581: result: yes
configure:5688: checking whether SIZE_MAX is declared
configure:5688: gcc -c -g -O2  conftest.c >&5
configure:5688: $? = 0
configure:5688: result: yes
configure:5698: checking how to copy va_list
configure:5716: gcc -o conftest -g -O2   conftest.c  >&5
configure:5716: $? = 0
configure:5718: result: va_copy
configure:5801: checking for long long int
configure:5801: gcc -c -g -O2  conftest.c >&5
configure:5801: $? = 0
configure:5801: gcc -c -g -O2  conftest.c >&5
conftest.c: In function 'main':
conftest.c:64:28: error: expected expression before ')' token
 if (sizeof ((long long int)))
                            ^
configure:5801: $? = 1
configure: failed program was:
| /* confdefs.h */
| #define PACKAGE_NAME "mpfr (TeX Live)"
| #define PACKAGE_TARNAME "mpfr--tex-live-"
| #define PACKAGE_VERSION "3.1.3"
| #define PACKAGE_STRING "mpfr (TeX Live) 3.1.3"
| #define PACKAGE_BUGREPORT "tex-k@tug.org"
| #define PACKAGE_URL ""
| #define PACKAGE "mpfr--tex-live-"
| #define VERSION "3.1.3"
| #define TIME_WITH_SYS_TIME 1
| #define STDC_HEADERS 1
| #define HAVE_SYS_TYPES_H 1
| #define HAVE_SYS_STAT_H 1
| #define HAVE_STDLIB_H 1
| #define HAVE_STRING_H 1
| #define HAVE_MEMORY_H 1
| #define HAVE_STRINGS_H 1
| #define HAVE_INTTYPES_H 1
| #define HAVE_STDINT_H 1
| #define HAVE_UNISTD_H 1
| #define HAVE_WCHAR_H 1
| #define HAVE_STDARG 1
| #define HAVE_SYS_TIME_H 1
| #define HAVE_ALLOCA_H 1
| #define HAVE_ALLOCA 1
| #define HAVE_VA_COPY 1
| /* end confdefs.h.  */
| #include <stdio.h>
| #ifdef HAVE_SYS_TYPES_H
| # include <sys/types.h>
| #endif
| #ifdef HAVE_SYS_STAT_H
| # include <sys/stat.h>
| #endif
| #ifdef STDC_HEADERS
| # include <stdlib.h>
| # include <stddef.h>
| #else
| # ifdef HAVE_STDLIB_H
| #  include <stdlib.h>
| # endif
| #endif
| #ifdef HAVE_STRING_H
| # if !defined STDC_HEADERS && defined HAVE_MEMORY_H
| #  include <memory.h>
| # endif
| # include <string.h>
| #endif
| #ifdef HAVE_STRINGS_H
| # include <strings.h>
| #endif
| #ifdef HAVE_INTTYPES_H
| # include <inttypes.h>
| #endif
| #ifdef HAVE_STDINT_H
| # include <stdint.h>
| #endif
| #ifdef HAVE_UNISTD_H
| # include <unistd.h>
| #endif
| int
| main ()
| {
| if (sizeof ((long long int)))
| 	    return 0;
|   ;
|   return 0;
| }
configure:5801: result: yes
configure:5809: checking for intmax_t
configure:5809: gcc -c -g -O2  conftest.c >&5
configure:5809: $? = 0
configure:5809: gcc -c -g -O2  conftest.c >&5
conftest.c: In function 'main':
conftest.c:65:23: error: expected expression before ')' token
 if (sizeof ((intmax_t)))
                       ^
configure:5809: $? = 1
configure: failed program was:
| /* confdefs.h */
| #define PACKAGE_NAME "mpfr (TeX Live)"
| #define PACKAGE_TARNAME "mpfr--tex-live-"
| #define PACKAGE_VERSION "3.1.3"
| #define PACKAGE_STRING "mpfr (TeX Live) 3.1.3"
| #define PACKAGE_BUGREPORT "tex-k@tug.org"
| #define PACKAGE_URL ""
| #define PACKAGE "mpfr--tex-live-"
| #define VERSION "3.1.3"
| #define TIME_WITH_SYS_TIME 1
| #define STDC_HEADERS 1
| #define HAVE_SYS_TYPES_H 1
| #define HAVE_SYS_STAT_H 1
| #define HAVE_STDLIB_H 1
| #define HAVE_STRING_H 1
| #define HAVE_MEMORY_H 1
| #define HAVE_STRINGS_H 1
| #define HAVE_INTTYPES_H 1
| #define HAVE_STDINT_H 1
| #define HAVE_UNISTD_H 1
| #define HAVE_WCHAR_H 1
| #define HAVE_STDARG 1
| #define HAVE_SYS_TIME_H 1
| #define HAVE_ALLOCA_H 1
| #define HAVE_ALLOCA 1
| #define HAVE_VA_COPY 1
| #define HAVE_LONG_LONG 1
| /* end confdefs.h.  */
| #include <stdio.h>
| #ifdef HAVE_SYS_TYPES_H
| # include <sys/types.h>
| #endif
| #ifdef HAVE_SYS_STAT_H
| # include <sys/stat.h>
| #endif
| #ifdef STDC_HEADERS
| # include <stdlib.h>
| # include <stddef.h>
| #else
| # ifdef HAVE_STDLIB_H
| #  include <stdlib.h>
| # endif
| #endif
| #ifdef HAVE_STRING_H
| # if !defined STDC_HEADERS && defined HAVE_MEMORY_H
| #  include <memory.h>
| # endif
| # include <string.h>
| #endif
| #ifdef HAVE_STRINGS_H
| # include <strings.h>
| #endif
| #ifdef HAVE_INTTYPES_H
| # include <inttypes.h>
| #endif
| #ifdef HAVE_STDINT_H
| # include <stdint.h>
| #endif
| #ifdef HAVE_UNISTD_H
| # include <unistd.h>
| #endif
| int
| main ()
| {
| if (sizeof ((intmax_t)))
| 	    return 0;
|   ;
|   return 0;
| }
configure:5809: result: yes
configure:5820: checking for working INTMAX_MAX
configure:5839: gcc -c -g -O2  -I./mpfr-3.1.3/src conftest.c >&5
configure:5839: $? = 0
configure:5848: result: yes
configure:5858: checking for library containing pow
configure:5889: gcc -o conftest -g -O2   conftest.c  >&5
conftest.c:38:6: warning: conflicting types for built-in function 'pow'
 char pow ();
      ^
/tmp/cc3WOIwD.o: In function `main':
/home/maqiyuan/Desktop/texlive-mobile/src/texlive-source/libs/mpfr/conftest.c:42: undefined reference to `pow'
collect2: error: ld returned 1 exit status
configure:5889: $? = 1
configure: failed program was:
| /* confdefs.h */
| #define PACKAGE_NAME "mpfr (TeX Live)"
| #define PACKAGE_TARNAME "mpfr--tex-live-"
| #define PACKAGE_VERSION "3.1.3"
| #define PACKAGE_STRING "mpfr (TeX Live) 3.1.3"
| #define PACKAGE_BUGREPORT "tex-k@tug.org"
| #define PACKAGE_URL ""
| #define PACKAGE "mpfr--tex-live-"
| #define VERSION "3.1.3"
| #define TIME_WITH_SYS_TIME 1
| #define STDC_HEADERS 1
| #define HAVE_SYS_TYPES_H 1
| #define HAVE_SYS_STAT_H 1
| #define HAVE_STDLIB_H 1
| #define HAVE_STRING_H 1
| #define HAVE_MEMORY_H 1
| #define HAVE_STRINGS_H 1
| #define HAVE_INTTYPES_H 1
| #define HAVE_STDINT_H 1
| #define HAVE_UNISTD_H 1
| #define HAVE_WCHAR_H 1
| #define HAVE_STDARG 1
| #define HAVE_SYS_TIME_H 1
| #define HAVE_ALLOCA_H 1
| #define HAVE_ALLOCA 1
| #define HAVE_VA_COPY 1
| #define HAVE_LONG_LONG 1
| #define HAVE_INTMAX_T 1
| #define MPFR_HAVE_INTMAX_MAX 1
| /* end confdefs.h.  */
| 
| /* Override any GCC internal prototype to avoid an error.
|    Use char because int might match the return type of a GCC
|    builtin and then its argument prototype would still apply.  */
| #ifdef __cplusplus
| extern "C"
| #endif
| char pow ();
| int
| main ()
| {
| return pow ();
|   ;
|   return 0;
| }
configure:5889: gcc -o conftest -g -O2   conftest.c -lm   >&5
conftest.c:38:6: warning: conflicting types for built-in function 'pow'
 char pow ();
      ^
configure:5889: $? = 0
configure:5906: result: -lm
configure:5925: checking for fesetround
configure:5944: gcc -o conftest -g -O2   conftest.c  -lm >&5
configure:5944: $? = 0
configure:5954: result: yes
configure:5963: checking for gcc float-conversion bug
configure:6003: gcc -o conftest -g -O2   conftest.c  -lm >&5
configure:6003: $? = 0
configure:6003: ./conftest
configure:6003: $? = 0
configure:6015: result: no
configure:6020: checking for denormalized numbers
configure:6041: gcc -o conftest -g -O2   conftest.c  >&5
configure:6041: $? = 0
configure:6041: ./conftest
1.112537e-308
configure:6041: $? = 0
configure:6052: result: yes
configure:6060: checking if the FP division by 0 fails
configure:6080: gcc -o conftest -g -O2   conftest.c  >&5
configure:6080: $? = 0
configure:6080: ./conftest
configure:6080: $? = 0
configure:6091: result: no
configure:6105: checking if NAN == NAN
configure:6129: gcc -o conftest -g -O2   conftest.c  >&5
configure:6129: $? = 0
configure:6129: ./conftest
configure:6129: $? = 1
configure: program exited with status 1
configure: failed program was:
| /* confdefs.h */
| #define PACKAGE_NAME "mpfr (TeX Live)"
| #define PACKAGE_TARNAME "mpfr--tex-live-"
| #define PACKAGE_VERSION "3.1.3"
| #define PACKAGE_STRING "mpfr (TeX Live) 3.1.3"
| #define PACKAGE_BUGREPORT "tex-k@tug.org"
| #define PACKAGE_URL ""
| #define PACKAGE "mpfr--tex-live-"
| #define VERSION "3.1.3"
| #define TIME_WITH_SYS_TIME 1
| #define STDC_HEADERS 1
| #define HAVE_SYS_TYPES_H 1
| #define HAVE_SYS_STAT_H 1
| #define HAVE_STDLIB_H 1
| #define HAVE_STRING_H 1
| #define HAVE_MEMORY_H 1
| #define HAVE_STRINGS_H 1
| #define HAVE_INTTYPES_H 1
| #define HAVE_STDINT_H 1
| #define HAVE_UNISTD_H 1
| #define HAVE_WCHAR_H 1
| #define HAVE_STDARG 1
| #define HAVE_SYS_TIME_H 1
| #define HAVE_ALLOCA_H 1
| #define HAVE_ALLOCA 1
| #define HAVE_VA_COPY 1
| #define HAVE_LONG_LONG 1
| #define HAVE_INTMAX_T 1
| #define MPFR_HAVE_INTMAX_MAX 1
| #define MPFR_HAVE_FESETROUND 1
| #define HAVE_DENORMS 1
| /* end confdefs.h.  */
| 
| #include <stdio.h>
| #include <math.h>
| #ifndef NAN
| # define NAN (0.0/0.0)
| #endif
| int main() {
|   double d;
|   d = NAN;
|   return d != d;
| }
| 
configure:6140: result: no
configure:6168: checking if charset has consecutive values
configure:6198: gcc -o conftest -g -O2   conftest.c  >&5
configure:6198: $? = 0
configure:6198: ./conftest
configure:6198: $? = 0
configure:6199: result: yes
configure:6217: checking format of `long double' floating point
configure:6248: gcc -c -g -O2  conftest.c >&5
configure:6248: $? = 0
configure:6519: result: IEEE extended, little endian
configure:6603: checking limits.h usability
configure:6603: gcc -c -g -O2  conftest.c >&5
configure:6603: $? = 0
configure:6603: result: yes
configure:6603: checking limits.h presence
configure:6603: gcc -E  conftest.c
configure:6603: $? = 0
configure:6603: result: yes
configure:6603: checking for limits.h
configure:6603: result: yes
configure:6611: checking float.h usability
configure:6611: gcc -c -g -O2  conftest.c >&5
configure:6611: $? = 0
configure:6611: result: yes
configure:6611: checking float.h presence
configure:6611: gcc -E  conftest.c
configure:6611: $? = 0
configure:6611: result: yes
configure:6611: checking for float.h
configure:6611: result: yes
configure:6619: checking for string.h
configure:6619: result: yes
configure:6628: checking for ICC
configure:6646: gcc -c -g -O2  conftest.c >&5
conftest.c:36:3: error: #error "ICC Not Found"
 # error "ICC Not Found"
   ^
conftest.c:40:1: error: expected '=', ',', ';', 'asm' or '__attribute__' before 'int'
 int
 ^
configure:6646: $? = 1
configure: failed program was:
| /* confdefs.h */
| #define PACKAGE_NAME "mpfr (TeX Live)"
| #define PACKAGE_TARNAME "mpfr--tex-live-"
| #define PACKAGE_VERSION "3.1.3"
| #define PACKAGE_STRING "mpfr (TeX Live) 3.1.3"
| #define PACKAGE_BUGREPORT "tex-k@tug.org"
| #define PACKAGE_URL ""
| #define PACKAGE "mpfr--tex-live-"
| #define VERSION "3.1.3"
| #define TIME_WITH_SYS_TIME 1
| #define STDC_HEADERS 1
| #define HAVE_SYS_TYPES_H 1
| #define HAVE_SYS_STAT_H 1
| #define HAVE_STDLIB_H 1
| #define HAVE_STRING_H 1
| #define HAVE_MEMORY_H 1
| #define HAVE_STRINGS_H 1
| #define HAVE_INTTYPES_H 1
| #define HAVE_STDINT_H 1
| #define HAVE_UNISTD_H 1
| #define HAVE_WCHAR_H 1
| #define HAVE_STDARG 1
| #define HAVE_SYS_TIME_H 1
| #define HAVE_ALLOCA_H 1
| #define HAVE_ALLOCA 1
| #define HAVE_VA_COPY 1
| #define HAVE_LONG_LONG 1
| #define HAVE_INTMAX_T 1
| #define MPFR_HAVE_INTMAX_MAX 1
| #define MPFR_HAVE_FESETROUND 1
| #define HAVE_DENORMS 1
| #define HAVE_LDOUBLE_IEEE_EXT_LITTLE 1
| /* end confdefs.h.  */
| 
| #if !defined __ICC
| # error "ICC Not Found"
| error
| #endif
| 
| int
| main ()
| {
| 
|   ;
|   return 0;
| }
configure:6653: result: no
configure:6702: checking gmp.h usability
configure:6702: gcc -c -g -O2 -I/home/maqiyuan/Desktop/texlive-mobile/src/texlive-source/libs/gmp/include  conftest.c >&5
configure:6702: $? = 0
configure:6702: result: yes
configure:6702: checking gmp.h presence
configure:6702: gcc -E -I/home/maqiyuan/Desktop/texlive-mobile/src/texlive-source/libs/gmp/include  conftest.c
configure:6702: $? = 0
configure:6702: result: yes
configure:6702: checking for gmp.h
configure:6702: result: yes
configure:6711: checking for recent GMP
configure:6723: gcc -c -g -O2 -I/home/maqiyuan/Desktop/texlive-mobile/src/texlive-source/libs/gmp/include  conftest.c >&5
configure:6723: $? = 0
configure:6724: result: yes
configure:6735: checking for __gmpz_init
configure:6735: gcc -o conftest -g -O2 -I/home/maqiyuan/Desktop/texlive-mobile/src/texlive-source/libs/gmp/include   conftest.c /home/maqiyuan/Desktop/texlive-mobile/src/texlive-source/libs/gmp/libgmp.a  >&5
configure:6735: $? = 0
configure:6735: result: yes
configure:6743: checking if gmp.h version and libgmp version are the same
configure:6775: gcc -o conftest -g -O2 -I/home/maqiyuan/Desktop/texlive-mobile/src/texlive-source/libs/gmp/include   conftest.c /home/maqiyuan/Desktop/texlive-mobile/src/texlive-source/libs/gmp/libgmp.a  >&5
configure:6775: $? = 0
configure:6775: ./conftest
configure:6775: $? = 0
configure:6776: result: yes
configure:6781: checking if gmp_printf supports "%jd"
configure:6817: gcc -o conftest -g -O2 -I/home/maqiyuan/Desktop/texlive-mobile/src/texlive-source/libs/gmp/include   conftest.c /home/maqiyuan/Desktop/texlive-mobile/src/texlive-source/libs/gmp/libgmp.a  >&5
conftest.c: In function 'main':
conftest.c:54:11: warning: implicit declaration of function 'strcmp' [-Wimplicit-function-declaration]
   return (strcmp (s, "(17)(42)") != 0);
           ^
/tmp/ccqPcjr0.o: In function `main':
/home/maqiyuan/Desktop/texlive-mobile/src/texlive-source/libs/mpfr/conftest.c:53: undefined reference to `__gmp_sprintf'
collect2: error: ld returned 1 exit status
configure:6817: $? = 1
configure: program exited with status 1
configure: failed program was:
| /* confdefs.h */
| #define PACKAGE_NAME "mpfr (TeX Live)"
| #define PACKAGE_TARNAME "mpfr--tex-live-"
| #define PACKAGE_VERSION "3.1.3"
| #define PACKAGE_STRING "mpfr (TeX Live) 3.1.3"
| #define PACKAGE_BUGREPORT "tex-k@tug.org"
| #define PACKAGE_URL ""
| #define PACKAGE "mpfr--tex-live-"
| #define VERSION "3.1.3"
| #define TIME_WITH_SYS_TIME 1
| #define STDC_HEADERS 1
| #define HAVE_SYS_TYPES_H 1
| #define HAVE_SYS_STAT_H 1
| #define HAVE_STDLIB_H 1
| #define HAVE_STRING_H 1
| #define HAVE_MEMORY_H 1
| #define HAVE_STRINGS_H 1
| #define HAVE_INTTYPES_H 1
| #define HAVE_STDINT_H 1
| #define HAVE_UNISTD_H 1
| #define HAVE_WCHAR_H 1
| #define HAVE_STDARG 1
| #define HAVE_SYS_TIME_H 1
| #define HAVE_ALLOCA_H 1
| #define HAVE_ALLOCA 1
| #define HAVE_VA_COPY 1
| #define HAVE_LONG_LONG 1
| #define HAVE_INTMAX_T 1
| #define MPFR_HAVE_INTMAX_MAX 1
| #define MPFR_HAVE_FESETROUND 1
| #define HAVE_DENORMS 1
| #define HAVE_LDOUBLE_IEEE_EXT_LITTLE 1
| /* end confdefs.h.  */
| 
| #include <stdio.h>
| 
| #ifdef HAVE_INTTYPES_H
| # include <inttypes.h>
| #endif
| #ifdef HAVE_STDINT_H
| # include <stdint.h>
| #endif
| 
| #include <gmp.h>
| 
| int
| main ()
| {
| 
|   char s[256];
|   intmax_t a = 17;
| 
|   if (gmp_sprintf (s, "(%0.0jd)(%d)", a, 42) == -1) return 1;
|   return (strcmp (s, "(17)(42)") != 0);
| 
|   ;
|   return 0;
| }
configure:6822: result: no
configure:6836: checking if gmp_printf supports "%hhd"
configure:6865: gcc -o conftest -g -O2 -I/home/maqiyuan/Desktop/texlive-mobile/src/texlive-source/libs/gmp/include   conftest.c /home/maqiyuan/Desktop/texlive-mobile/src/texlive-source/libs/gmp/libgmp.a  >&5
conftest.c: In function 'main':
conftest.c:48:11: warning: implicit declaration of function 'strcmp' [-Wimplicit-function-declaration]
   return (strcmp (s, "(17)(42)") != 0);
           ^
/tmp/ccGj3MC7.o: In function `main':
/home/maqiyuan/Desktop/texlive-mobile/src/texlive-source/libs/mpfr/conftest.c:47: undefined reference to `__gmp_sprintf'
collect2: error: ld returned 1 exit status
configure:6865: $? = 1
configure: program exited with status 1
configure: failed program was:
| /* confdefs.h */
| #define PACKAGE_NAME "mpfr (TeX Live)"
| #define PACKAGE_TARNAME "mpfr--tex-live-"
| #define PACKAGE_VERSION "3.1.3"
| #define PACKAGE_STRING "mpfr (TeX Live) 3.1.3"
| #define PACKAGE_BUGREPORT "tex-k@tug.org"
| #define PACKAGE_URL ""
| #define PACKAGE "mpfr--tex-live-"
| #define VERSION "3.1.3"
| #define TIME_WITH_SYS_TIME 1
| #define STDC_HEADERS 1
| #define HAVE_SYS_TYPES_H 1
| #define HAVE_SYS_STAT_H 1
| #define HAVE_STDLIB_H 1
| #define HAVE_STRING_H 1
| #define HAVE_MEMORY_H 1
| #define HAVE_STRINGS_H 1
| #define HAVE_INTTYPES_H 1
| #define HAVE_STDINT_H 1
| #define HAVE_UNISTD_H 1
| #define HAVE_WCHAR_H 1
| #define HAVE_STDARG 1
| #define HAVE_SYS_TIME_H 1
| #define HAVE_ALLOCA_H 1
| #define HAVE_ALLOCA 1
| #define HAVE_VA_COPY 1
| #define HAVE_LONG_LONG 1
| #define HAVE_INTMAX_T 1
| #define MPFR_HAVE_INTMAX_MAX 1
| #define MPFR_HAVE_FESETROUND 1
| #define HAVE_DENORMS 1
| #define HAVE_LDOUBLE_IEEE_EXT_LITTLE 1
| #define NPRINTF_J 1
| /* end confdefs.h.  */
| 
| #include <stdio.h>
| 
| #include <gmp.h>
| 
| int
| main ()
| {
| 
|   char s[256];
|   char a = 17;
| 
|   if (gmp_sprintf (s, "(%0.0hhd)(%d)", a, 42) == -1) return 1;
|   return (strcmp (s, "(17)(42)") != 0);
| 
|   ;
|   return 0;
| }
configure:6870: result: no
configure:6883: checking if gmp_printf supports "%lld"
configure:6912: gcc -o conftest -g -O2 -I/home/maqiyuan/Desktop/texlive-mobile/src/texlive-source/libs/gmp/include   conftest.c /home/maqiyuan/Desktop/texlive-mobile/src/texlive-source/libs/gmp/libgmp.a  >&5
conftest.c: In function 'main':
conftest.c:49:11: warning: implicit declaration of function 'strcmp' [-Wimplicit-function-declaration]
   return (strcmp (s, "(17)(42)") != 0);
           ^
/tmp/ccmJbvZe.o: In function `main':
/home/maqiyuan/Desktop/texlive-mobile/src/texlive-source/libs/mpfr/conftest.c:48: undefined reference to `__gmp_sprintf'
collect2: error: ld returned 1 exit status
configure:6912: $? = 1
configure: program exited with status 1
configure: failed program was:
| /* confdefs.h */
| #define PACKAGE_NAME "mpfr (TeX Live)"
| #define PACKAGE_TARNAME "mpfr--tex-live-"
| #define PACKAGE_VERSION "3.1.3"
| #define PACKAGE_STRING "mpfr (TeX Live) 3.1.3"
| #define PACKAGE_BUGREPORT "tex-k@tug.org"
| #define PACKAGE_URL ""
| #define PACKAGE "mpfr--tex-live-"
| #define VERSION "3.1.3"
| #define TIME_WITH_SYS_TIME 1
| #define STDC_HEADERS 1
| #define HAVE_SYS_TYPES_H 1
| #define HAVE_SYS_STAT_H 1
| #define HAVE_STDLIB_H 1
| #define HAVE_STRING_H 1
| #define HAVE_MEMORY_H 1
| #define HAVE_STRINGS_H 1
| #define HAVE_INTTYPES_H 1
| #define HAVE_STDINT_H 1
| #define HAVE_UNISTD_H 1
| #define HAVE_WCHAR_H 1
| #define HAVE_STDARG 1
| #define HAVE_SYS_TIME_H 1
| #define HAVE_ALLOCA_H 1
| #define HAVE_ALLOCA 1
| #define HAVE_VA_COPY 1
| #define HAVE_LONG_LONG 1
| #define HAVE_INTMAX_T 1
| #define MPFR_HAVE_INTMAX_MAX 1
| #define MPFR_HAVE_FESETROUND 1
| #define HAVE_DENORMS 1
| #define HAVE_LDOUBLE_IEEE_EXT_LITTLE 1
| #define NPRINTF_J 1
| #define NPRINTF_HH 1
| /* end confdefs.h.  */
| 
| #include <stdio.h>
| 
| #include <gmp.h>
| 
| int
| main ()
| {
| 
|   char s[256];
|   long long int a = 17;
| 
|   if (gmp_sprintf (s, "(%0.0lld)(%d)", a, 42) == -1) return 1;
|   return (strcmp (s, "(17)(42)") != 0);
| 
|   ;
|   return 0;
| }
configure:6917: result: no
configure:6930: checking if gmp_printf supports "%Lf"
configure:6959: gcc -o conftest -g -O2 -I/home/maqiyuan/Desktop/texlive-mobile/src/texlive-source/libs/gmp/include   conftest.c /home/maqiyuan/Desktop/texlive-mobile/src/texlive-source/libs/gmp/libgmp.a  >&5
conftest.c: In function 'main':
conftest.c:50:11: warning: implicit declaration of function 'strcmp' [-Wimplicit-function-declaration]
   return (strcmp (s, "(17)(42)") != 0);
           ^
/tmp/ccUC1OTk.o: In function `main':
/home/maqiyuan/Desktop/texlive-mobile/src/texlive-source/libs/mpfr/conftest.c:49: undefined reference to `__gmp_sprintf'
collect2: error: ld returned 1 exit status
configure:6959: $? = 1
configure: program exited with status 1
configure: failed program was:
| /* confdefs.h */
| #define PACKAGE_NAME "mpfr (TeX Live)"
| #define PACKAGE_TARNAME "mpfr--tex-live-"
| #define PACKAGE_VERSION "3.1.3"
| #define PACKAGE_STRING "mpfr (TeX Live) 3.1.3"
| #define PACKAGE_BUGREPORT "tex-k@tug.org"
| #define PACKAGE_URL ""
| #define PACKAGE "mpfr--tex-live-"
| #define VERSION "3.1.3"
| #define TIME_WITH_SYS_TIME 1
| #define STDC_HEADERS 1
| #define HAVE_SYS_TYPES_H 1
| #define HAVE_SYS_STAT_H 1
| #define HAVE_STDLIB_H 1
| #define HAVE_STRING_H 1
| #define HAVE_MEMORY_H 1
| #define HAVE_STRINGS_H 1
| #define HAVE_INTTYPES_H 1
| #define HAVE_STDINT_H 1
| #define HAVE_UNISTD_H 1
| #define HAVE_WCHAR_H 1
| #define HAVE_STDARG 1
| #define HAVE_SYS_TIME_H 1
| #define HAVE_ALLOCA_H 1
| #define HAVE_ALLOCA 1
| #define HAVE_VA_COPY 1
| #define HAVE_LONG_LONG 1
| #define HAVE_INTMAX_T 1
| #define MPFR_HAVE_INTMAX_MAX 1
| #define MPFR_HAVE_FESETROUND 1
| #define HAVE_DENORMS 1
| #define HAVE_LDOUBLE_IEEE_EXT_LITTLE 1
| #define NPRINTF_J 1
| #define NPRINTF_HH 1
| #define NPRINTF_LL 1
| /* end confdefs.h.  */
| 
| #include <stdio.h>
| 
| #include <gmp.h>
| 
| int
| main ()
| {
| 
|   char s[256];
|   long double a = 17;
| 
|   if (gmp_sprintf (s, "(%0.0Lf)(%d)", a, 42) == -1) return 1;
|   return (strcmp (s, "(17)(42)") != 0);
| 
|   ;
|   return 0;
| }
configure:6964: result: no
configure:6977: checking if gmp_printf supports "%td"
configure:7012: gcc -o conftest -g -O2 -I/home/maqiyuan/Desktop/texlive-mobile/src/texlive-source/libs/gmp/include   conftest.c /home/maqiyuan/Desktop/texlive-mobile/src/texlive-source/libs/gmp/libgmp.a  >&5
conftest.c: In function 'main':
conftest.c:57:11: warning: implicit declaration of function 'strcmp' [-Wimplicit-function-declaration]
   return (strcmp (s, "(17)(42)") != 0);
           ^
/tmp/ccaLePMr.o: In function `main':
/home/maqiyuan/Desktop/texlive-mobile/src/texlive-source/libs/mpfr/conftest.c:56: undefined reference to `__gmp_sprintf'
collect2: error: ld returned 1 exit status
configure:7012: $? = 1
configure: program exited with status 1
configure: failed program was:
| /* confdefs.h */
| #define PACKAGE_NAME "mpfr (TeX Live)"
| #define PACKAGE_TARNAME "mpfr--tex-live-"
| #define PACKAGE_VERSION "3.1.3"
| #define PACKAGE_STRING "mpfr (TeX Live) 3.1.3"
| #define PACKAGE_BUGREPORT "tex-k@tug.org"
| #define PACKAGE_URL ""
| #define PACKAGE "mpfr--tex-live-"
| #define VERSION "3.1.3"
| #define TIME_WITH_SYS_TIME 1
| #define STDC_HEADERS 1
| #define HAVE_SYS_TYPES_H 1
| #define HAVE_SYS_STAT_H 1
| #define HAVE_STDLIB_H 1
| #define HAVE_STRING_H 1
| #define HAVE_MEMORY_H 1
| #define HAVE_STRINGS_H 1
| #define HAVE_INTTYPES_H 1
| #define HAVE_STDINT_H 1
| #define HAVE_UNISTD_H 1
| #define HAVE_WCHAR_H 1
| #define HAVE_STDARG 1
| #define HAVE_SYS_TIME_H 1
| #define HAVE_ALLOCA_H 1
| #define HAVE_ALLOCA 1
| #define HAVE_VA_COPY 1
| #define HAVE_LONG_LONG 1
| #define HAVE_INTMAX_T 1
| #define MPFR_HAVE_INTMAX_MAX 1
| #define MPFR_HAVE_FESETROUND 1
| #define HAVE_DENORMS 1
| #define HAVE_LDOUBLE_IEEE_EXT_LITTLE 1
| #define NPRINTF_J 1
| #define NPRINTF_HH 1
| #define NPRINTF_LL 1
| #define NPRINTF_L 1
| /* end confdefs.h.  */
| 
| #include <stdio.h>
| 
| #if defined (__cplusplus)
| #include <cstddef>
| #else
| #include <stddef.h>
| #endif
| 
| #include <gmp.h>
| 
| int
| main ()
| {
| 
|   char s[256];
|   ptrdiff_t a = 17;
| 
|   if (gmp_sprintf (s, "(%0.0td)(%d)", a, 42) == -1) return 1;
|   return (strcmp (s, "(17)(42)") != 0);
| 
|   ;
|   return 0;
| }
configure:7017: result: no
configure:7177: checking that generated files are newer than configure
configure:7183: result: done
configure:7218: creating ./config.status

## ---------------------- ##
## Running config.status. ##
## ---------------------- ##

This file was extended by mpfr (TeX Live) config.status 3.1.3, which was
generated by GNU Autoconf 2.69.  Invocation command line was

  CONFIG_FILES    = 
  CONFIG_HEADERS  = 
  CONFIG_LINKS    = 
  CONFIG_COMMANDS = 
  $ ./config.status 

on maqiyuan-E430c

config.status:905: creating Makefile
config.status:905: creating include/Makefile
config.status:905: creating config.h
config.status:1146: linking mpfr-3.1.3/src/mparam_h.in to mparam.h
config.status:1165: executing depfiles commands

## ---------------- ##
## Cache variables. ##
## ---------------- ##

ac_cv_build=x86_64-pc-linux-gnu
ac_cv_c_compiler_gnu=yes
ac_cv_env_CC_set=
ac_cv_env_CC_value=
ac_cv_env_CFLAGS_set=
ac_cv_env_CFLAGS_value=
ac_cv_env_CPPFLAGS_set=
ac_cv_env_CPPFLAGS_value=
ac_cv_env_CPP_set=
ac_cv_env_CPP_value=
ac_cv_env_LDFLAGS_set=
ac_cv_env_LDFLAGS_value=
ac_cv_env_LIBS_set=
ac_cv_env_LIBS_value=
ac_cv_env_build_alias_set=
ac_cv_env_build_alias_value=
ac_cv_env_host_alias_set=
ac_cv_env_host_alias_value=
ac_cv_env_target_alias_set=
ac_cv_env_target_alias_value=
ac_cv_func___gmpz_init=yes
ac_cv_func_alloca_works=yes
ac_cv_have_decl_SIZE_MAX=yes
ac_cv_header_float_h=yes
ac_cv_header_gmp_h=yes
ac_cv_header_inttypes_h=yes
ac_cv_header_limits_h=yes
ac_cv_header_memory_h=yes
ac_cv_header_stdc=yes
ac_cv_header_stdint_h=yes
ac_cv_header_stdlib_h=yes
ac_cv_header_string_h=yes
ac_cv_header_strings_h=yes
ac_cv_header_sys_stat_h=yes
ac_cv_header_sys_time_h=yes
ac_cv_header_sys_types_h=yes
ac_cv_header_time=yes
ac_cv_header_unistd_h=yes
ac_cv_header_wchar_h=yes
ac_cv_host=x86_64-pc-linux-gnu
ac_cv_objext=o
ac_cv_path_EGREP='/bin/grep -E'
ac_cv_path_GREP=/bin/grep
ac_cv_path_install='/usr/bin/install -c'
ac_cv_path_mkdir=/bin/mkdir
ac_cv_prog_AWK=gawk
ac_cv_prog_CPP='gcc -E'
ac_cv_prog_ac_ct_CC=gcc
ac_cv_prog_ac_ct_RANLIB=ranlib
ac_cv_prog_cc_c89=
ac_cv_prog_cc_g=yes
ac_cv_prog_make_make_set=yes
ac_cv_search_pow=-lm
ac_cv_type_intmax_t=yes
ac_cv_type_long_long_int=yes
ac_cv_type_size_t=yes
ac_cv_working_alloca_h=yes
am_cv_CC_dependencies_compiler_type=gcc3
am_cv_make_support_nested_variables=yes
am_cv_prog_cc_c_o=yes
kb_cv_c_prototypes=yes
kpse_cv_visibility_cflags=-fvisibility=hidden
kpse_cv_warning_cflags='-Wimplicit -Wreturn-type -Wdeclaration-after-statement -Wno-unknown-pragmas'
mpfr_cv_c_long_double_format='IEEE extended, little endian'
mpfr_cv_errdivzero=no
mpfr_cv_gcc_floatconv_bug=no
mpfr_cv_have_denorms=yes
mpfr_cv_have_fesetround=yes
mpfr_cv_have_intmax_max=yes
mpfr_cv_nanisnan=no

## ----------------- ##
## Output variables. ##
## ----------------- ##

	cd ${top_builddir}/../../libs/gmp && $(MAKE) $(AM_MAKEFLAGS) rebuild
	cd ${top_builddir}/../../libs/gmp && $(MAKE) $(AM_MAKEFLAGS) rebuild'
$(GMP_DEPEND): ${top_builddir}/../../libs/gmp/include/gmp.h
${top_builddir}/../../libs/gmp/include/gmp.h:
ACLOCAL='${SHELL} /home/maqiyuan/Desktop/texlive-mobile/src/texlive-source/build-aux/missing aclocal-1.15'
ALLOCA=''
AMDEPBACKSLASH='\'
AMDEP_FALSE='#'
AMDEP_TRUE=''
AMTAR='$${TAR-tar}'
AM_BACKSLASH='\'
AM_DEFAULT_V='$(AM_DEFAULT_VERBOSITY)'
AM_DEFAULT_VERBOSITY='1'
AM_V='$(V)'
AUTOCONF='${SHELL} /home/maqiyuan/Desktop/texlive-mobile/src/texlive-source/build-aux/missing autoconf'
AUTOHEADER='${SHELL} /home/maqiyuan/Desktop/texlive-mobile/src/texlive-source/build-aux/missing autoheader'
AUTOMAKE='${SHELL} /home/maqiyuan/Desktop/texlive-mobile/src/texlive-source/build-aux/missing automake-1.15'
AWK='gawk'
CC='gcc'
CCDEPMODE='depmode=gcc3'
CFLAGS='-g -O2'
CPP='gcc -E'
CPPFLAGS=''
CYGPATH_W='echo'
DEFS='-DHAVE_CONFIG_H'
DEPDIR='.deps'
ECHO_C=''
ECHO_N='-n'
ECHO_T=''
EGREP='/bin/grep -E'
EXEEXT=''
GMP_DEPEND='${top_builddir}/../../libs/gmp/libgmp.a'
GMP_INCLUDES='-I/home/maqiyuan/Desktop/texlive-mobile/src/texlive-source/libs/gmp/include'
GMP_LIBS='/home/maqiyuan/Desktop/texlive-mobile/src/texlive-source/libs/gmp/libgmp.a'
GMP_RULE='# Rebuild libgmp
GREP='/bin/grep'
INSTALL_DATA='${INSTALL} -m 644'
INSTALL_PROGRAM='${INSTALL}'
INSTALL_SCRIPT='${INSTALL}'
INSTALL_STRIP_PROGRAM='$(install_sh) -c -s'
LDFLAGS=''
LIBOBJS=''
LIBS=''
LN_S='ln -s'
LTLIBOBJS=''
MAINT='#'
MAINTAINER_MODE_FALSE=''
MAINTAINER_MODE_TRUE='#'
MAKEINFO='${SHELL} /home/maqiyuan/Desktop/texlive-mobile/src/texlive-source/build-aux/missing makeinfo'
MKDIR_P='/bin/mkdir -p'
MPFR_LIBM='-lm'
MPFR_TREE='mpfr-3.1.3'
OBJEXT='o'
PACKAGE='mpfr--tex-live-'
PACKAGE_BUGREPORT='tex-k@tug.org'
PACKAGE_NAME='mpfr (TeX Live)'
PACKAGE_STRING='mpfr (TeX Live) 3.1.3'
PACKAGE_TARNAME='mpfr--tex-live-'
PACKAGE_URL=''
PACKAGE_VERSION='3.1.3'
PATH_SEPARATOR=':'
RANLIB='ranlib'
SET_MAKE=''
SHELL='/bin/bash'
STRIP=''
VERSION='3.1.3'
VISIBILITY_CFLAGS='-fvisibility=hidden'
WARNING_CFLAGS='-Wimplicit -Wreturn-type -Wdeclaration-after-statement -Wno-unknown-pragmas'
ac_ct_CC='gcc'
am__EXEEXT_FALSE=''
am__EXEEXT_TRUE='#'
am__fastdepCC_FALSE='#'
am__fastdepCC_TRUE=''
am__include='include'
am__isrc=''
am__leading_dot='.'
am__nodep='_no'
am__quote=''
am__tar='$${TAR-tar} chof - "$$tardir"'
am__untar='$${TAR-tar} xf -'
bindir='${exec_prefix}/bin/x86_64-pc-linux-gnu'
build='x86_64-pc-linux-gnu'
build_FALSE='#'
build_TRUE=''
build_alias=''
build_cpu='x86_64'
build_os='linux-gnu'
build_vendor='pc'
datadir='${datarootdir}'
datarootdir='${prefix}'
docdir='${datarootdir}/doc/${PACKAGE_TARNAME}'
dvidir='${docdir}'
exec_prefix='${prefix}'
host='x86_64-pc-linux-gnu'
host_alias=''
host_cpu='x86_64'
host_os='linux-gnu'
host_vendor='pc'
htmldir='${docdir}'
includedir='${prefix}/include'
infodir='${prefix}/texmf-dist/doc/info'
install_sh='${SHELL} /home/maqiyuan/Desktop/texlive-mobile/src/texlive-source/build-aux/install-sh'
libdir='${exec_prefix}/lib/x86_64-pc-linux-gnu'
libexecdir='${exec_prefix}/libexec'
localedir='${datarootdir}/locale'
localstatedir='${prefix}/var'
mandir='${prefix}/texmf-dist/doc/man'
mkdir_p='$(MKDIR_P)'
oldincludedir='/usr/include'
pdfdir='${docdir}'
prefix='/usr/local'
program_transform_name='s,x,x,'
psdir='${docdir}'
sbindir='${exec_prefix}/sbin'
sharedstatedir='${prefix}/com'
sysconfdir='${prefix}/etc'
target_alias=''

## ----------- ##
## confdefs.h. ##
## ----------- ##

/* confdefs.h */
#define PACKAGE_NAME "mpfr (TeX Live)"
#define PACKAGE_TARNAME "mpfr--tex-live-"
#define PACKAGE_VERSION "3.1.3"
#define PACKAGE_STRING "mpfr (TeX Live) 3.1.3"
#define PACKAGE_BUGREPORT "tex-k@tug.org"
#define PACKAGE_URL ""
#define PACKAGE "mpfr--tex-live-"
#define VERSION "3.1.3"
#define TIME_WITH_SYS_TIME 1
#define STDC_HEADERS 1
#define HAVE_SYS_TYPES_H 1
#define HAVE_SYS_STAT_H 1
#define HAVE_STDLIB_H 1
#define HAVE_STRING_H 1
#define HAVE_MEMORY_H 1
#define HAVE_STRINGS_H 1
#define HAVE_INTTYPES_H 1
#define HAVE_STDINT_H 1
#define HAVE_UNISTD_H 1
#define HAVE_WCHAR_H 1
#define HAVE_STDARG 1
#define HAVE_SYS_TIME_H 1
#define HAVE_ALLOCA_H 1
#define HAVE_ALLOCA 1
#define HAVE_VA_COPY 1
#define HAVE_LONG_LONG 1
#define HAVE_INTMAX_T 1
#define MPFR_HAVE_INTMAX_MAX 1
#define MPFR_HAVE_FESETROUND 1
#define HAVE_DENORMS 1
#define HAVE_LDOUBLE_IEEE_EXT_LITTLE 1
#define NPRINTF_J 1
#define NPRINTF_HH 1
#define NPRINTF_LL 1
#define NPRINTF_L 1
#define NPRINTF_T 1

configure: exit 0
