This file contains any messages produced by compilers while
running configure, to aid debugging if configure makes a mistake.

It was created by dvipdfm-x (TeX Live) configure 20160106, which was
generated by GNU Autoconf 2.69.  Invocation command line was

  $ ./configure --disable-option-checking --prefix=/usr/local --enable-build-in-source-tree --enable-native-texlive-build --enable-largefile --disable-silent-rules --enable-multiplatform=yes --enable-cxx-runtime-hack=yes --enable-libtool-hack=yes --disable-shared --enable-texlive-build --bindir=${exec_prefix}/bin/x86_64-pc-linux-gnu --libdir=${exec_prefix}/lib/x86_64-pc-linux-gnu --with-x --enable-devnag=yes --enable-lacheck=yes --enable-m-tx=yes --enable-pmx=yes --enable-ps2eps=yes --enable-t1utils=yes --enable-texdoctk=yes --enable-tpic2pdftex=yes --enable-vlna=yes --enable-xindy=no --with-clisp-runtime=default --enable-xpdfopen=yes --enable-web2c=yes --enable-afm2pl=yes --enable-bibtex-x=yes --enable-chktex=yes --enable-cjkutils=yes --enable-detex=yes --enable-dtl=yes --enable-dvi2tty=yes --enable-dvidvi=yes --enable-dviljk=yes --enable-dvipdfm-x=yes --enable-dvipng=yes --enable-dvipos=yes --enable-dvipsk=yes --enable-dvisvgm=yes --enable-gregorio=yes --enable-gsftopk=yes --enable-lcdf-typetools=yes --enable-makeindexk=yes --enable-makejvf=yes --enable-mendexk=yes --enable-musixtnt=yes --enable-ps2pk=yes --enable-psutils=yes --enable-seetexk=yes --enable-tex4htk=yes --enable-ttf2pk2=yes --enable-ttfdump=yes --enable-xdvik=yes --enable-texlive=yes --with-system-harfbuzz=no --with-system-icu=no --with-system-teckit=no --with-system-graphite2=no --with-system-zziplib=no --with-system-xpdf=no --with-system-poppler=no --with-system-mpfr=no --with-system-gmp=no --with-system-cairo=no --with-system-pixman=no --with-system-potrace=no --with-system-gd=no --with-system-freetype2=no --with-system-libpng=no --with-system-libpaper=no --with-system-zlib=no --with-system-ptexenc=no --with-system-kpathsea=no --datarootdir=${prefix} --mandir=${prefix}/texmf-dist/doc/man --infodir=${prefix}/texmf-dist/doc/info --cache-file=/dev/null --srcdir=.

## --------- ##
## Platform. ##
## --------- ##

hostname = maqiyuan-E430c
uname -m = x86_64
uname -r = 4.4.0-31-generic
uname -s = Linux
uname -v = #50-Ubuntu SMP Wed Jul 13 00:07:12 UTC 2016

/usr/bin/uname -p = unknown
/bin/uname -X     = unknown

/bin/arch              = unknown
/usr/bin/arch -k       = unknown
/usr/convex/getsysinfo = unknown
/usr/bin/hostinfo      = unknown
/bin/machine           = unknown
/usr/bin/oslevel       = unknown
/bin/universe          = unknown

PATH: /usr/local/sbin
PATH: /usr/local/bin
PATH: /usr/sbin
PATH: /usr/bin
PATH: /sbin
PATH: /bin
PATH: /usr/games
PATH: /usr/local/games
PATH: /snap/bin
PATH: /home/maqiyuan/bin/FDK/Tools/linux


## ----------- ##
## Core tests. ##
## ----------- ##

configure:2790: checking for a BSD-compatible install
configure:2858: result: /usr/bin/install -c
configure:2869: checking whether build environment is sane
configure:2924: result: yes
configure:3075: checking for a thread-safe mkdir -p
configure:3114: result: /bin/mkdir -p
configure:3121: checking for gawk
configure:3137: found /usr/bin/gawk
configure:3148: result: gawk
configure:3159: checking whether make sets $(MAKE)
configure:3181: result: yes
configure:3210: checking whether make supports nested variables
configure:3227: result: yes
configure:3250: checking for style of include used by make
configure:3278: result: GNU
configure:3349: checking for gcc
configure:3365: found /usr/bin/gcc
configure:3376: result: gcc
configure:3605: checking for C compiler version
configure:3614: gcc --version >&5
gcc (Ubuntu 5.4.0-6ubuntu1~16.04.1) 5.4.0 20160609
Copyright (C) 2015 Free Software Foundation, Inc.
This is free software; see the source for copying conditions.  There is NO
warranty; not even for MERCHANTABILITY or FITNESS FOR A PARTICULAR PURPOSE.

configure:3625: $? = 0
configure:3614: gcc -v >&5
Using built-in specs.
COLLECT_GCC=gcc
COLLECT_LTO_WRAPPER=/usr/lib/gcc/x86_64-linux-gnu/5/lto-wrapper
Target: x86_64-linux-gnu
Configured with: ../src/configure -v --with-pkgversion='Ubuntu 5.4.0-6ubuntu1~16.04.1' --with-bugurl=file:///usr/share/doc/gcc-5/README.Bugs --enable-languages=c,ada,c++,java,go,d,fortran,objc,obj-c++ --prefix=/usr --program-suffix=-5 --enable-shared --enable-linker-build-id --libexecdir=/usr/lib --without-included-gettext --enable-threads=posix --libdir=/usr/lib --enable-nls --with-sysroot=/ --enable-clocale=gnu --enable-libstdcxx-debug --enable-libstdcxx-time=yes --with-default-libstdcxx-abi=new --enable-gnu-unique-object --disable-vtable-verify --enable-libmpx --enable-plugin --with-system-zlib --disable-browser-plugin --enable-java-awt=gtk --enable-gtk-cairo --with-java-home=/usr/lib/jvm/java-1.5.0-gcj-5-amd64/jre --enable-java-home --with-jvm-root-dir=/usr/lib/jvm/java-1.5.0-gcj-5-amd64 --with-jvm-jar-dir=/usr/lib/jvm-exports/java-1.5.0-gcj-5-amd64 --with-arch-directory=amd64 --with-ecj-jar=/usr/share/java/eclipse-ecj.jar --enable-objc-gc --enable-multiarch --disable-werror --with-arch-32=i686 --with-abi=m64 --with-multilib-list=m32,m64,mx32 --enable-multilib --with-tune=generic --enable-checking=release --build=x86_64-linux-gnu --host=x86_64-linux-gnu --target=x86_64-linux-gnu
Thread model: posix
gcc version 5.4.0 20160609 (Ubuntu 5.4.0-6ubuntu1~16.04.1) 
configure:3625: $? = 0
configure:3614: gcc -V >&5
gcc: error: unrecognized command line option '-V'
gcc: fatal error: no input files
compilation terminated.
configure:3625: $? = 1
configure:3614: gcc -qversion >&5
gcc: error: unrecognized command line option '-qversion'
gcc: fatal error: no input files
compilation terminated.
configure:3625: $? = 1
configure:3645: checking whether the C compiler works
configure:3667: gcc    conftest.c  >&5
configure:3671: $? = 0
configure:3719: result: yes
configure:3722: checking for C compiler default output file name
configure:3724: result: a.out
configure:3730: checking for suffix of executables
configure:3737: gcc -o conftest    conftest.c  >&5
configure:3741: $? = 0
configure:3763: result: 
configure:3785: checking whether we are cross compiling
configure:3793: gcc -o conftest    conftest.c  >&5
configure:3797: $? = 0
configure:3804: ./conftest
configure:3808: $? = 0
configure:3823: result: no
configure:3828: checking for suffix of object files
configure:3850: gcc -c   conftest.c >&5
configure:3854: $? = 0
configure:3875: result: o
configure:3879: checking whether we are using the GNU C compiler
configure:3898: gcc -c   conftest.c >&5
configure:3898: $? = 0
configure:3907: result: yes
configure:3916: checking whether gcc accepts -g
configure:3936: gcc -c -g  conftest.c >&5
configure:3936: $? = 0
configure:3977: result: yes
configure:3994: checking for gcc option to accept ISO C89
configure:4057: gcc  -c -g -O2  conftest.c >&5
configure:4057: $? = 0
configure:4070: result: none needed
configure:4095: checking whether gcc understands -c and -o together
configure:4117: gcc -c conftest.c -o conftest2.o
configure:4120: $? = 0
configure:4117: gcc -c conftest.c -o conftest2.o
configure:4120: $? = 0
configure:4132: result: yes
configure:4151: checking dependency style of gcc
configure:4262: result: gcc3
configure:4322: checking build system type
configure:4336: result: x86_64-pc-linux-gnu
configure:4356: checking host system type
configure:4369: result: x86_64-pc-linux-gnu
configure:4410: checking how to print strings
configure:4437: result: printf
configure:4458: checking for a sed that does not truncate output
configure:4522: result: /bin/sed
configure:4540: checking for grep that handles long lines and -e
configure:4598: result: /bin/grep
configure:4603: checking for egrep
configure:4665: result: /bin/grep -E
configure:4670: checking for fgrep
configure:4732: result: /bin/grep -F
configure:4767: checking for ld used by gcc
configure:4834: result: /usr/bin/ld
configure:4841: checking if the linker (/usr/bin/ld) is GNU ld
configure:4856: result: yes
configure:4868: checking for BSD- or MS-compatible name lister (nm)
configure:4922: result: /usr/bin/nm -B
configure:5052: checking the name lister (/usr/bin/nm -B) interface
configure:5059: gcc -c -g -O2  conftest.c >&5
configure:5062: /usr/bin/nm -B "conftest.o"
configure:5065: output
0000000000000000 B some_variable
configure:5072: result: BSD nm
configure:5075: checking whether ln -s works
configure:5079: result: yes
configure:5087: checking the maximum length of command line arguments
configure:5218: result: 1572864
configure:5266: checking how to convert x86_64-pc-linux-gnu file names to x86_64-pc-linux-gnu format
configure:5306: result: func_convert_file_noop
configure:5313: checking how to convert x86_64-pc-linux-gnu file names to toolchain format
configure:5333: result: func_convert_file_noop
configure:5340: checking for /usr/bin/ld option to reload object files
configure:5347: result: -r
configure:5421: checking for objdump
configure:5437: found /usr/bin/objdump
configure:5448: result: objdump
configure:5477: checking how to recognize dependent libraries
configure:5677: result: pass_all
configure:5762: checking for dlltool
configure:5792: result: no
configure:5819: checking how to associate runtime and link libraries
configure:5846: result: printf %s\n
configure:5906: checking for ar
configure:5922: found /usr/bin/ar
configure:5933: result: ar
configure:5970: checking for archiver @FILE support
configure:5987: gcc -c -g -O2  conftest.c >&5
configure:5987: $? = 0
configure:5990: ar cru libconftest.a @conftest.lst >&5
ar: `u' modifier ignored since `D' is the default (see `U')
configure:5993: $? = 0
configure:5998: ar cru libconftest.a @conftest.lst >&5
ar: `u' modifier ignored since `D' is the default (see `U')
ar: conftest.o: No such file or directory
configure:6001: $? = 1
configure:6013: result: @
configure:6071: checking for strip
configure:6087: found /usr/bin/strip
configure:6098: result: strip
configure:6170: checking for ranlib
configure:6186: found /usr/bin/ranlib
configure:6197: result: ranlib
configure:6299: checking command to parse /usr/bin/nm -B output from gcc object
configure:6452: gcc -c -g -O2  conftest.c >&5
configure:6455: $? = 0
configure:6459: /usr/bin/nm -B conftest.o \| sed -n -e 's/^.*[ ]\([ABCDGIRSTW][ABCDGIRSTW]*\)[ ][ ]*\([_A-Za-z][_A-Za-z0-9]*\)$/\1 \2 \2/p' | sed '/ __gnu_lto/d' \> conftest.nm
configure:6462: $? = 0
configure:6528: gcc -o conftest -g -O2   conftest.c conftstm.o >&5
configure:6531: $? = 0
configure:6569: result: ok
configure:6616: checking for sysroot
configure:6646: result: no
configure:6653: checking for a working dd
configure:6691: result: /bin/dd
configure:6695: checking how to truncate binary pipes
configure:6710: result: /bin/dd bs=4096 count=1
configure:6846: gcc -c -g -O2  conftest.c >&5
configure:6849: $? = 0
configure:7039: checking for mt
configure:7055: found /bin/mt
configure:7066: result: mt
configure:7089: checking if mt is a manifest tool
configure:7095: mt '-?'
configure:7103: result: no
configure:7780: checking how to run the C preprocessor
configure:7811: gcc -E  conftest.c
configure:7811: $? = 0
configure:7825: gcc -E  conftest.c
conftest.c:9:28: fatal error: ac_nonexistent.h: No such file or directory
compilation terminated.
configure:7825: $? = 1
configure: failed program was:
| /* confdefs.h */
| #define PACKAGE_NAME "dvipdfm-x (TeX Live)"
| #define PACKAGE_TARNAME "dvipdfm-x--tex-live-"
| #define PACKAGE_VERSION "20160106"
| #define PACKAGE_STRING "dvipdfm-x (TeX Live) 20160106"
| #define PACKAGE_BUGREPORT "tex-k@tug.org"
| #define PACKAGE_URL ""
| /* end confdefs.h.  */
| #include <ac_nonexistent.h>
configure:7850: result: gcc -E
configure:7870: gcc -E  conftest.c
configure:7870: $? = 0
configure:7884: gcc -E  conftest.c
conftest.c:9:28: fatal error: ac_nonexistent.h: No such file or directory
compilation terminated.
configure:7884: $? = 1
configure: failed program was:
| /* confdefs.h */
| #define PACKAGE_NAME "dvipdfm-x (TeX Live)"
| #define PACKAGE_TARNAME "dvipdfm-x--tex-live-"
| #define PACKAGE_VERSION "20160106"
| #define PACKAGE_STRING "dvipdfm-x (TeX Live) 20160106"
| #define PACKAGE_BUGREPORT "tex-k@tug.org"
| #define PACKAGE_URL ""
| /* end confdefs.h.  */
| #include <ac_nonexistent.h>
configure:7913: checking for ANSI C header files
configure:7933: gcc -c -g -O2  conftest.c >&5
configure:7933: $? = 0
configure:8006: gcc -o conftest -g -O2   conftest.c  >&5
configure:8006: $? = 0
configure:8006: ./conftest
configure:8006: $? = 0
configure:8017: result: yes
configure:8030: checking for sys/types.h
configure:8030: gcc -c -g -O2  conftest.c >&5
configure:8030: $? = 0
configure:8030: result: yes
configure:8030: checking for sys/stat.h
configure:8030: gcc -c -g -O2  conftest.c >&5
configure:8030: $? = 0
configure:8030: result: yes
configure:8030: checking for stdlib.h
configure:8030: gcc -c -g -O2  conftest.c >&5
configure:8030: $? = 0
configure:8030: result: yes
configure:8030: checking for string.h
configure:8030: gcc -c -g -O2  conftest.c >&5
configure:8030: $? = 0
configure:8030: result: yes
configure:8030: checking for memory.h
configure:8030: gcc -c -g -O2  conftest.c >&5
configure:8030: $? = 0
configure:8030: result: yes
configure:8030: checking for strings.h
configure:8030: gcc -c -g -O2  conftest.c >&5
configure:8030: $? = 0
configure:8030: result: yes
configure:8030: checking for inttypes.h
configure:8030: gcc -c -g -O2  conftest.c >&5
configure:8030: $? = 0
configure:8030: result: yes
configure:8030: checking for stdint.h
configure:8030: gcc -c -g -O2  conftest.c >&5
configure:8030: $? = 0
configure:8030: result: yes
configure:8030: checking for unistd.h
configure:8030: gcc -c -g -O2  conftest.c >&5
configure:8030: $? = 0
configure:8030: result: yes
configure:8044: checking for dlfcn.h
configure:8044: gcc -c -g -O2  conftest.c >&5
configure:8044: $? = 0
configure:8044: result: yes
configure:8172: checking whether to enable maintainer-specific portions of Makefiles
configure:8181: result: no
configure:8194: checking whether the compiler accepts prototypes
configure:8210: gcc -o conftest -g -O2   conftest.c  >&5
configure:8210: $? = 0
configure:8218: result: yes
configure:8223: checking what warning flags to pass to the C compiler
configure:8268: result: -Wimplicit -Wreturn-type -Wdeclaration-after-statement -Wno-unknown-pragmas
configure:8822: checking for objdir
configure:8837: result: .libs
configure:9101: checking if gcc supports -fno-rtti -fno-exceptions
configure:9119: gcc -c -g -O2  -fno-rtti -fno-exceptions conftest.c >&5
cc1: warning: command line option '-fno-rtti' is valid for C++/ObjC++ but not for C
configure:9123: $? = 0
configure:9136: result: no
configure:9494: checking for gcc option to produce PIC
configure:9501: result: -fPIC -DPIC
configure:9509: checking if gcc PIC flag -fPIC -DPIC works
configure:9527: gcc -c -g -O2  -fPIC -DPIC -DPIC conftest.c >&5
configure:9531: $? = 0
configure:9544: result: yes
configure:9573: checking if gcc static flag -static works
configure:9601: result: yes
configure:9616: checking if gcc supports -c -o file.o
configure:9637: gcc -c -g -O2  -o out/conftest2.o conftest.c >&5
configure:9641: $? = 0
configure:9663: result: yes
configure:9671: checking if gcc supports -c -o file.o
configure:9718: result: yes
configure:9751: checking whether the gcc linker (/usr/bin/ld -m elf_x86_64) supports shared libraries
configure:11010: result: yes
configure:11250: checking dynamic linker characteristics
configure:11831: gcc -o conftest -g -O2   -Wl,-rpath -Wl,/foo conftest.c  >&5
configure:11831: $? = 0
configure:12068: result: GNU/Linux ld.so
configure:12190: checking how to hardcode library paths into programs
configure:12215: result: immediate
configure:12763: checking whether stripping libraries is possible
configure:12768: result: yes
configure:12803: checking if libtool supports shared libraries
configure:12805: result: yes
configure:12808: checking whether to build shared libraries
configure:12833: result: no
configure:12836: checking whether to build static libraries
configure:12840: result: yes
configure:12884: checking for special C compiler options needed for large files
configure:12929: result: no
configure:12935: checking for _FILE_OFFSET_BITS value needed for large files
configure:12960: gcc -c -g -O2  conftest.c >&5
configure:12960: $? = 0
configure:12992: result: no
configure:13077: checking for _LARGEFILE_SOURCE value needed for large files
configure:13096: gcc -o conftest -g -O2   conftest.c  >&5
configure:13096: $? = 0
configure:13124: result: no
configure:13148: checking for dirent.h that defines DIR
configure:13167: gcc -c -g -O2  conftest.c >&5
configure:13167: $? = 0
configure:13175: result: yes
configure:13188: checking for library containing opendir
configure:13219: gcc -o conftest -g -O2   conftest.c  >&5
configure:13219: $? = 0
configure:13236: result: none required
configure:13303: checking for ANSI C header files
configure:13407: result: yes
configure:13415: checking whether closedir returns void
configure:13439: gcc -o conftest -g -O2   conftest.c  >&5
configure:13439: $? = 0
configure:13439: ./conftest
configure:13439: $? = 0
configure:13449: result: no
configure:13460: checking assert.h usability
configure:13460: gcc -c -g -O2  conftest.c >&5
configure:13460: $? = 0
configure:13460: result: yes
configure:13460: checking assert.h presence
configure:13460: gcc -E  conftest.c
configure:13460: $? = 0
configure:13460: result: yes
configure:13460: checking for assert.h
configure:13460: result: yes
configure:13460: checking float.h usability
configure:13460: gcc -c -g -O2  conftest.c >&5
configure:13460: $? = 0
configure:13460: result: yes
configure:13460: checking float.h presence
configure:13460: gcc -E  conftest.c
configure:13460: $? = 0
configure:13460: result: yes
configure:13460: checking for float.h
configure:13460: result: yes
configure:13460: checking limits.h usability
configure:13460: gcc -c -g -O2  conftest.c >&5
configure:13460: $? = 0
configure:13460: result: yes
configure:13460: checking limits.h presence
configure:13460: gcc -E  conftest.c
configure:13460: $? = 0
configure:13460: result: yes
configure:13460: checking for limits.h
configure:13460: result: yes
configure:13460: checking pwd.h usability
configure:13460: gcc -c -g -O2  conftest.c >&5
configure:13460: $? = 0
configure:13460: result: yes
configure:13460: checking pwd.h presence
configure:13460: gcc -E  conftest.c
configure:13460: $? = 0
configure:13460: result: yes
configure:13460: checking for pwd.h
configure:13460: result: yes
configure:13460: checking for stdlib.h
configure:13460: result: yes
configure:13460: checking sys/param.h usability
configure:13460: gcc -c -g -O2  conftest.c >&5
configure:13460: $? = 0
configure:13460: result: yes
configure:13460: checking sys/param.h presence
configure:13460: gcc -E  conftest.c
configure:13460: $? = 0
configure:13460: result: yes
configure:13460: checking for sys/param.h
configure:13460: result: yes
configure:13472: checking for putenv
configure:13472: gcc -o conftest -g -O2   conftest.c  >&5
configure:13472: $? = 0
configure:13472: result: yes
configure:13484: checking for getcwd
configure:13484: gcc -o conftest -g -O2   conftest.c  >&5
configure:13484: $? = 0
configure:13484: result: yes
configure:13484: checking for getwd
configure:13484: gcc -o conftest -g -O2   conftest.c  >&5
/tmp/ccjvCBCk.o: In function `main':
/home/maqiyuan/Desktop/texlive-mobile/src/texlive-source/texk/dvipdfm-x/conftest.c:68: warning: the `getwd' function is dangerous and should not be used.
configure:13484: $? = 0
configure:13484: result: yes
configure:13484: checking for memcmp
configure:13484: gcc -o conftest -g -O2   conftest.c  >&5
conftest.c:58:6: warning: conflicting types for built-in function 'memcmp'
 char memcmp ();
      ^
configure:13484: $? = 0
configure:13484: result: yes
configure:13484: checking for memcpy
configure:13484: gcc -o conftest -g -O2   conftest.c  >&5
conftest.c:59:6: warning: conflicting types for built-in function 'memcpy'
 char memcpy ();
      ^
configure:13484: $? = 0
configure:13484: result: yes
configure:13484: checking for mkstemp
configure:13484: gcc -o conftest -g -O2   conftest.c  >&5
configure:13484: $? = 0
configure:13484: result: yes
configure:13484: checking for mktemp
configure:13484: gcc -o conftest -g -O2   conftest.c  >&5
/tmp/ccEkFxpF.o: In function `main':
/home/maqiyuan/Desktop/texlive-mobile/src/texlive-source/texk/dvipdfm-x/conftest.c:72: warning: the use of `mktemp' is dangerous, better use `mkstemp' or `mkdtemp'
configure:13484: $? = 0
configure:13484: result: yes
configure:13484: checking for strchr
configure:13484: gcc -o conftest -g -O2   conftest.c  >&5
conftest.c:62:6: warning: conflicting types for built-in function 'strchr'
 char strchr ();
      ^
configure:13484: $? = 0
configure:13484: result: yes
configure:13484: checking for strrchr
configure:13484: gcc -o conftest -g -O2   conftest.c  >&5
conftest.c:63:6: warning: conflicting types for built-in function 'strrchr'
 char strrchr ();
      ^
configure:13484: $? = 0
configure:13484: result: yes
configure:13493: checking for an ANSI C-conforming const
configure:13559: gcc -c -g -O2  conftest.c >&5
configure:13559: $? = 0
configure:13566: result: yes
configure:13574: checking for inline
configure:13590: gcc -c -g -O2  conftest.c >&5
configure:13590: $? = 0
configure:13598: result: inline
configure:13616: checking for size_t
configure:13616: gcc -c -g -O2  conftest.c >&5
configure:13616: $? = 0
configure:13616: gcc -c -g -O2  conftest.c >&5
conftest.c: In function 'main':
conftest.c:77:21: error: expected expression before ')' token
 if (sizeof ((size_t)))
                     ^
configure:13616: $? = 1
configure: failed program was:
| /* confdefs.h */
| #define PACKAGE_NAME "dvipdfm-x (TeX Live)"
| #define PACKAGE_TARNAME "dvipdfm-x--tex-live-"
| #define PACKAGE_VERSION "20160106"
| #define PACKAGE_STRING "dvipdfm-x (TeX Live) 20160106"
| #define PACKAGE_BUGREPORT "tex-k@tug.org"
| #define PACKAGE_URL ""
| #define STDC_HEADERS 1
| #define HAVE_SYS_TYPES_H 1
| #define HAVE_SYS_STAT_H 1
| #define HAVE_STDLIB_H 1
| #define HAVE_STRING_H 1
| #define HAVE_MEMORY_H 1
| #define HAVE_STRINGS_H 1
| #define HAVE_INTTYPES_H 1
| #define HAVE_STDINT_H 1
| #define HAVE_UNISTD_H 1
| #define HAVE_DLFCN_H 1
| #define PACKAGE "dvipdfm-x--tex-live-"
| #define VERSION "20160106"
| #define LT_OBJDIR ".libs/"
| #define HAVE_FSEEKO 1
| #define HAVE_DIRENT_H 1
| #define STDC_HEADERS 1
| #define HAVE_ASSERT_H 1
| #define HAVE_FLOAT_H 1
| #define HAVE_LIMITS_H 1
| #define HAVE_PWD_H 1
| #define HAVE_STDLIB_H 1
| #define HAVE_SYS_PARAM_H 1
| #define HAVE_PUTENV 1
| #define HAVE_GETCWD 1
| #define HAVE_GETWD 1
| #define HAVE_MEMCMP 1
| #define HAVE_MEMCPY 1
| #define HAVE_MKSTEMP 1
| #define HAVE_MKTEMP 1
| #define HAVE_STRCHR 1
| #define HAVE_STRRCHR 1
| /* end confdefs.h.  */
| #include <stdio.h>
| #ifdef HAVE_SYS_TYPES_H
| # include <sys/types.h>
| #endif
| #ifdef HAVE_SYS_STAT_H
| # include <sys/stat.h>
| #endif
| #ifdef STDC_HEADERS
| # include <stdlib.h>
| # include <stddef.h>
| #else
| # ifdef HAVE_STDLIB_H
| #  include <stdlib.h>
| # endif
| #endif
| #ifdef HAVE_STRING_H
| # if !defined STDC_HEADERS && defined HAVE_MEMORY_H
| #  include <memory.h>
| # endif
| # include <string.h>
| #endif
| #ifdef HAVE_STRINGS_H
| # include <strings.h>
| #endif
| #ifdef HAVE_INTTYPES_H
| # include <inttypes.h>
| #endif
| #ifdef HAVE_STDINT_H
| # include <stdint.h>
| #endif
| #ifdef HAVE_UNISTD_H
| # include <unistd.h>
| #endif
| int
| main ()
| {
| if (sizeof ((size_t)))
| 	    return 0;
|   ;
|   return 0;
| }
configure:13616: result: yes
configure:13627: checking for int64_t
configure:13627: gcc -c -g -O2  conftest.c >&5
configure:13627: $? = 0
configure:13627: gcc -c -g -O2  conftest.c >&5
conftest.c: In function 'main':
conftest.c:79:53: warning: integer overflow in expression [-Woverflow]
    < (int64_t) (((((int64_t) 1 << N) << N) - 1) * 2 + 2))];
                                                     ^
conftest.c:78:12: error: storage size of 'test_array' isn't constant
 static int test_array [1 - 2 * !((int64_t) (((((int64_t) 1 << N) << N) - 1) * 2 + 1)
            ^
configure:13627: $? = 1
configure: failed program was:
| /* confdefs.h */
| #define PACKAGE_NAME "dvipdfm-x (TeX Live)"
| #define PACKAGE_TARNAME "dvipdfm-x--tex-live-"
| #define PACKAGE_VERSION "20160106"
| #define PACKAGE_STRING "dvipdfm-x (TeX Live) 20160106"
| #define PACKAGE_BUGREPORT "tex-k@tug.org"
| #define PACKAGE_URL ""
| #define STDC_HEADERS 1
| #define HAVE_SYS_TYPES_H 1
| #define HAVE_SYS_STAT_H 1
| #define HAVE_STDLIB_H 1
| #define HAVE_STRING_H 1
| #define HAVE_MEMORY_H 1
| #define HAVE_STRINGS_H 1
| #define HAVE_INTTYPES_H 1
| #define HAVE_STDINT_H 1
| #define HAVE_UNISTD_H 1
| #define HAVE_DLFCN_H 1
| #define PACKAGE "dvipdfm-x--tex-live-"
| #define VERSION "20160106"
| #define LT_OBJDIR ".libs/"
| #define HAVE_FSEEKO 1
| #define HAVE_DIRENT_H 1
| #define STDC_HEADERS 1
| #define HAVE_ASSERT_H 1
| #define HAVE_FLOAT_H 1
| #define HAVE_LIMITS_H 1
| #define HAVE_PWD_H 1
| #define HAVE_STDLIB_H 1
| #define HAVE_SYS_PARAM_H 1
| #define HAVE_PUTENV 1
| #define HAVE_GETCWD 1
| #define HAVE_GETWD 1
| #define HAVE_MEMCMP 1
| #define HAVE_MEMCPY 1
| #define HAVE_MKSTEMP 1
| #define HAVE_MKTEMP 1
| #define HAVE_STRCHR 1
| #define HAVE_STRRCHR 1
| /* end confdefs.h.  */
| #include <stdio.h>
| #ifdef HAVE_SYS_TYPES_H
| # include <sys/types.h>
| #endif
| #ifdef HAVE_SYS_STAT_H
| # include <sys/stat.h>
| #endif
| #ifdef STDC_HEADERS
| # include <stdlib.h>
| # include <stddef.h>
| #else
| # ifdef HAVE_STDLIB_H
| #  include <stdlib.h>
| # endif
| #endif
| #ifdef HAVE_STRING_H
| # if !defined STDC_HEADERS && defined HAVE_MEMORY_H
| #  include <memory.h>
| # endif
| # include <string.h>
| #endif
| #ifdef HAVE_STRINGS_H
| # include <strings.h>
| #endif
| #ifdef HAVE_INTTYPES_H
| # include <inttypes.h>
| #endif
| #ifdef HAVE_STDINT_H
| # include <stdint.h>
| #endif
| #ifdef HAVE_UNISTD_H
| # include <unistd.h>
| #endif
| 	        enum { N = 64 / 2 - 1 };
| int
| main ()
| {
| static int test_array [1 - 2 * !((int64_t) (((((int64_t) 1 << N) << N) - 1) * 2 + 1)
| 		 < (int64_t) (((((int64_t) 1 << N) << N) - 1) * 2 + 2))];
| test_array [0] = 0;
| return test_array [0];
| 
|   ;
|   return 0;
| }
configure:13627: result: yes
configure:13638: checking for uint64_t
configure:13638: gcc -c -g -O2  conftest.c >&5
configure:13638: $? = 0
configure:13638: result: yes
configure:13658: checking whether isascii is declared
configure:13658: gcc -c -g -O2  conftest.c >&5
configure:13658: $? = 0
configure:13658: result: yes
configure:13670: checking for struct stat.st_mtim
configure:13670: gcc -c -g -O2  conftest.c >&5
conftest.c: In function 'main':
conftest.c:79:5: error: used struct type value where scalar is required
 if (ac_aggr.st_mtim)
     ^
configure:13670: $? = 1
configure: failed program was:
| /* confdefs.h */
| #define PACKAGE_NAME "dvipdfm-x (TeX Live)"
| #define PACKAGE_TARNAME "dvipdfm-x--tex-live-"
| #define PACKAGE_VERSION "20160106"
| #define PACKAGE_STRING "dvipdfm-x (TeX Live) 20160106"
| #define PACKAGE_BUGREPORT "tex-k@tug.org"
| #define PACKAGE_URL ""
| #define STDC_HEADERS 1
| #define HAVE_SYS_TYPES_H 1
| #define HAVE_SYS_STAT_H 1
| #define HAVE_STDLIB_H 1
| #define HAVE_STRING_H 1
| #define HAVE_MEMORY_H 1
| #define HAVE_STRINGS_H 1
| #define HAVE_INTTYPES_H 1
| #define HAVE_STDINT_H 1
| #define HAVE_UNISTD_H 1
| #define HAVE_DLFCN_H 1
| #define PACKAGE "dvipdfm-x--tex-live-"
| #define VERSION "20160106"
| #define LT_OBJDIR ".libs/"
| #define HAVE_FSEEKO 1
| #define HAVE_DIRENT_H 1
| #define STDC_HEADERS 1
| #define HAVE_ASSERT_H 1
| #define HAVE_FLOAT_H 1
| #define HAVE_LIMITS_H 1
| #define HAVE_PWD_H 1
| #define HAVE_STDLIB_H 1
| #define HAVE_SYS_PARAM_H 1
| #define HAVE_PUTENV 1
| #define HAVE_GETCWD 1
| #define HAVE_GETWD 1
| #define HAVE_MEMCMP 1
| #define HAVE_MEMCPY 1
| #define HAVE_MKSTEMP 1
| #define HAVE_MKTEMP 1
| #define HAVE_STRCHR 1
| #define HAVE_STRRCHR 1
| #define HAVE_DECL_ISASCII 1
| /* end confdefs.h.  */
| #include <stdio.h>
| #ifdef HAVE_SYS_TYPES_H
| # include <sys/types.h>
| #endif
| #ifdef HAVE_SYS_STAT_H
| # include <sys/stat.h>
| #endif
| #ifdef STDC_HEADERS
| # include <stdlib.h>
| # include <stddef.h>
| #else
| # ifdef HAVE_STDLIB_H
| #  include <stdlib.h>
| # endif
| #endif
| #ifdef HAVE_STRING_H
| # if !defined STDC_HEADERS && defined HAVE_MEMORY_H
| #  include <memory.h>
| # endif
| # include <string.h>
| #endif
| #ifdef HAVE_STRINGS_H
| # include <strings.h>
| #endif
| #ifdef HAVE_INTTYPES_H
| # include <inttypes.h>
| #endif
| #ifdef HAVE_STDINT_H
| # include <stdint.h>
| #endif
| #ifdef HAVE_UNISTD_H
| # include <unistd.h>
| #endif
| int
| main ()
| {
| static struct stat ac_aggr;
| if (ac_aggr.st_mtim)
| return 0;
|   ;
|   return 0;
| }
configure:13670: gcc -c -g -O2  conftest.c >&5
configure:13670: $? = 0
configure:13670: result: yes
configure:13688: checking for unistd.h
configure:13688: result: yes
configure:13688: checking for stdint.h
configure:13688: result: yes
configure:13688: checking for inttypes.h
configure:13688: result: yes
configure:13688: checking for sys/types.h
configure:13688: result: yes
configure:13688: checking sys/wait.h usability
configure:13688: gcc -c -g -O2  conftest.c >&5
configure:13688: $? = 0
configure:13688: result: yes
configure:13688: checking sys/wait.h presence
configure:13688: gcc -E  conftest.c
configure:13688: $? = 0
configure:13688: result: yes
configure:13688: checking for sys/wait.h
configure:13688: result: yes
configure:13699: checking for working memcmp
configure:13742: gcc -o conftest -g -O2   conftest.c  >&5
configure:13742: $? = 0
configure:13742: ./conftest
configure:13742: $? = 0
configure:13752: result: yes
configure:13764: checking for open
configure:13764: gcc -o conftest -g -O2   conftest.c  >&5
configure:13764: $? = 0
configure:13764: result: yes
configure:13764: checking for close
configure:13764: gcc -o conftest -g -O2   conftest.c  >&5
configure:13764: $? = 0
configure:13764: result: yes
configure:13764: checking for getenv
configure:13764: gcc -o conftest -g -O2   conftest.c  >&5
configure:13764: $? = 0
configure:13764: result: yes
configure:13764: checking for basename
configure:13764: gcc -o conftest -g -O2   conftest.c  >&5
configure:13764: $? = 0
configure:13764: result: yes
configure:13774: checking whether struct tm is in sys/time.h or time.h
configure:13794: gcc -c -g -O2  conftest.c >&5
configure:13794: $? = 0
configure:13801: result: time.h
configure:13809: checking for struct tm.tm_zone
configure:13809: gcc -c -g -O2  conftest.c >&5
configure:13809: $? = 0
configure:13809: result: yes
configure:13876: checking whether byte ordering is bigendian
configure:13891: gcc -c -g -O2  conftest.c >&5
conftest.c:55:9: error: unknown type name 'not'
         not a universal capable compiler
         ^
conftest.c:55:15: error: expected '=', ',', ';', 'asm' or '__attribute__' before 'universal'
         not a universal capable compiler
               ^
conftest.c:55:15: error: unknown type name 'universal'
configure:13891: $? = 1
configure: failed program was:
| /* confdefs.h */
| #define PACKAGE_NAME "dvipdfm-x (TeX Live)"
| #define PACKAGE_TARNAME "dvipdfm-x--tex-live-"
| #define PACKAGE_VERSION "20160106"
| #define PACKAGE_STRING "dvipdfm-x (TeX Live) 20160106"
| #define PACKAGE_BUGREPORT "tex-k@tug.org"
| #define PACKAGE_URL ""
| #define STDC_HEADERS 1
| #define HAVE_SYS_TYPES_H 1
| #define HAVE_SYS_STAT_H 1
| #define HAVE_STDLIB_H 1
| #define HAVE_STRING_H 1
| #define HAVE_MEMORY_H 1
| #define HAVE_STRINGS_H 1
| #define HAVE_INTTYPES_H 1
| #define HAVE_STDINT_H 1
| #define HAVE_UNISTD_H 1
| #define HAVE_DLFCN_H 1
| #define PACKAGE "dvipdfm-x--tex-live-"
| #define VERSION "20160106"
| #define LT_OBJDIR ".libs/"
| #define HAVE_FSEEKO 1
| #define HAVE_DIRENT_H 1
| #define STDC_HEADERS 1
| #define HAVE_ASSERT_H 1
| #define HAVE_FLOAT_H 1
| #define HAVE_LIMITS_H 1
| #define HAVE_PWD_H 1
| #define HAVE_STDLIB_H 1
| #define HAVE_SYS_PARAM_H 1
| #define HAVE_PUTENV 1
| #define HAVE_GETCWD 1
| #define HAVE_GETWD 1
| #define HAVE_MEMCMP 1
| #define HAVE_MEMCPY 1
| #define HAVE_MKSTEMP 1
| #define HAVE_MKTEMP 1
| #define HAVE_STRCHR 1
| #define HAVE_STRRCHR 1
| #define HAVE_DECL_ISASCII 1
| #define HAVE_STRUCT_STAT_ST_MTIM 1
| #define HAVE_UNISTD_H 1
| #define HAVE_STDINT_H 1
| #define HAVE_INTTYPES_H 1
| #define HAVE_SYS_TYPES_H 1
| #define HAVE_SYS_WAIT_H 1
| #define HAVE_OPEN 1
| #define HAVE_CLOSE 1
| #define HAVE_GETENV 1
| #define HAVE_BASENAME 1
| #define HAVE_STRUCT_TM_TM_ZONE 1
| #define HAVE_TM_ZONE 1
| /* end confdefs.h.  */
| #ifndef __APPLE_CC__
| 	       not a universal capable compiler
| 	     #endif
| 	     typedef int dummy;
| 
configure:13936: gcc -c -g -O2  conftest.c >&5
configure:13936: $? = 0
configure:13954: gcc -c -g -O2  conftest.c >&5
conftest.c: In function 'main':
conftest.c:61:4: error: unknown type name 'not'
    not big endian
    ^
conftest.c:61:12: error: expected '=', ',', ';', 'asm' or '__attribute__' before 'endian'
    not big endian
            ^
configure:13954: $? = 1
configure: failed program was:
| /* confdefs.h */
| #define PACKAGE_NAME "dvipdfm-x (TeX Live)"
| #define PACKAGE_TARNAME "dvipdfm-x--tex-live-"
| #define PACKAGE_VERSION "20160106"
| #define PACKAGE_STRING "dvipdfm-x (TeX Live) 20160106"
| #define PACKAGE_BUGREPORT "tex-k@tug.org"
| #define PACKAGE_URL ""
| #define STDC_HEADERS 1
| #define HAVE_SYS_TYPES_H 1
| #define HAVE_SYS_STAT_H 1
| #define HAVE_STDLIB_H 1
| #define HAVE_STRING_H 1
| #define HAVE_MEMORY_H 1
| #define HAVE_STRINGS_H 1
| #define HAVE_INTTYPES_H 1
| #define HAVE_STDINT_H 1
| #define HAVE_UNISTD_H 1
| #define HAVE_DLFCN_H 1
| #define PACKAGE "dvipdfm-x--tex-live-"
| #define VERSION "20160106"
| #define LT_OBJDIR ".libs/"
| #define HAVE_FSEEKO 1
| #define HAVE_DIRENT_H 1
| #define STDC_HEADERS 1
| #define HAVE_ASSERT_H 1
| #define HAVE_FLOAT_H 1
| #define HAVE_LIMITS_H 1
| #define HAVE_PWD_H 1
| #define HAVE_STDLIB_H 1
| #define HAVE_SYS_PARAM_H 1
| #define HAVE_PUTENV 1
| #define HAVE_GETCWD 1
| #define HAVE_GETWD 1
| #define HAVE_MEMCMP 1
| #define HAVE_MEMCPY 1
| #define HAVE_MKSTEMP 1
| #define HAVE_MKTEMP 1
| #define HAVE_STRCHR 1
| #define HAVE_STRRCHR 1
| #define HAVE_DECL_ISASCII 1
| #define HAVE_STRUCT_STAT_ST_MTIM 1
| #define HAVE_UNISTD_H 1
| #define HAVE_STDINT_H 1
| #define HAVE_INTTYPES_H 1
| #define HAVE_SYS_TYPES_H 1
| #define HAVE_SYS_WAIT_H 1
| #define HAVE_OPEN 1
| #define HAVE_CLOSE 1
| #define HAVE_GETENV 1
| #define HAVE_BASENAME 1
| #define HAVE_STRUCT_TM_TM_ZONE 1
| #define HAVE_TM_ZONE 1
| /* end confdefs.h.  */
| #include <sys/types.h>
| 		#include <sys/param.h>
| 
| int
| main ()
| {
| #if BYTE_ORDER != BIG_ENDIAN
| 		 not big endian
| 		#endif
| 
|   ;
|   return 0;
| }
configure:14082: result: no
configure:14100: checking for int32_t
configure:14100: gcc -c -g -O2  conftest.c >&5
configure:14100: $? = 0
configure:14100: gcc -c -g -O2  conftest.c >&5
conftest.c: In function 'main':
conftest.c:92:53: warning: integer overflow in expression [-Woverflow]
    < (int32_t) (((((int32_t) 1 << N) << N) - 1) * 2 + 2))];
                                                     ^
conftest.c:91:12: error: storage size of 'test_array' isn't constant
 static int test_array [1 - 2 * !((int32_t) (((((int32_t) 1 << N) << N) - 1) * 2 + 1)
            ^
configure:14100: $? = 1
configure: failed program was:
| /* confdefs.h */
| #define PACKAGE_NAME "dvipdfm-x (TeX Live)"
| #define PACKAGE_TARNAME "dvipdfm-x--tex-live-"
| #define PACKAGE_VERSION "20160106"
| #define PACKAGE_STRING "dvipdfm-x (TeX Live) 20160106"
| #define PACKAGE_BUGREPORT "tex-k@tug.org"
| #define PACKAGE_URL ""
| #define STDC_HEADERS 1
| #define HAVE_SYS_TYPES_H 1
| #define HAVE_SYS_STAT_H 1
| #define HAVE_STDLIB_H 1
| #define HAVE_STRING_H 1
| #define HAVE_MEMORY_H 1
| #define HAVE_STRINGS_H 1
| #define HAVE_INTTYPES_H 1
| #define HAVE_STDINT_H 1
| #define HAVE_UNISTD_H 1
| #define HAVE_DLFCN_H 1
| #define PACKAGE "dvipdfm-x--tex-live-"
| #define VERSION "20160106"
| #define LT_OBJDIR ".libs/"
| #define HAVE_FSEEKO 1
| #define HAVE_DIRENT_H 1
| #define STDC_HEADERS 1
| #define HAVE_ASSERT_H 1
| #define HAVE_FLOAT_H 1
| #define HAVE_LIMITS_H 1
| #define HAVE_PWD_H 1
| #define HAVE_STDLIB_H 1
| #define HAVE_SYS_PARAM_H 1
| #define HAVE_PUTENV 1
| #define HAVE_GETCWD 1
| #define HAVE_GETWD 1
| #define HAVE_MEMCMP 1
| #define HAVE_MEMCPY 1
| #define HAVE_MKSTEMP 1
| #define HAVE_MKTEMP 1
| #define HAVE_STRCHR 1
| #define HAVE_STRRCHR 1
| #define HAVE_DECL_ISASCII 1
| #define HAVE_STRUCT_STAT_ST_MTIM 1
| #define HAVE_UNISTD_H 1
| #define HAVE_STDINT_H 1
| #define HAVE_INTTYPES_H 1
| #define HAVE_SYS_TYPES_H 1
| #define HAVE_SYS_WAIT_H 1
| #define HAVE_OPEN 1
| #define HAVE_CLOSE 1
| #define HAVE_GETENV 1
| #define HAVE_BASENAME 1
| #define HAVE_STRUCT_TM_TM_ZONE 1
| #define HAVE_TM_ZONE 1
| /* end confdefs.h.  */
| #include <stdio.h>
| #ifdef HAVE_SYS_TYPES_H
| # include <sys/types.h>
| #endif
| #ifdef HAVE_SYS_STAT_H
| # include <sys/stat.h>
| #endif
| #ifdef STDC_HEADERS
| # include <stdlib.h>
| # include <stddef.h>
| #else
| # ifdef HAVE_STDLIB_H
| #  include <stdlib.h>
| # endif
| #endif
| #ifdef HAVE_STRING_H
| # if !defined STDC_HEADERS && defined HAVE_MEMORY_H
| #  include <memory.h>
| # endif
| # include <string.h>
| #endif
| #ifdef HAVE_STRINGS_H
| # include <strings.h>
| #endif
| #ifdef HAVE_INTTYPES_H
| # include <inttypes.h>
| #endif
| #ifdef HAVE_STDINT_H
| # include <stdint.h>
| #endif
| #ifdef HAVE_UNISTD_H
| # include <unistd.h>
| #endif
| 	        enum { N = 32 / 2 - 1 };
| int
| main ()
| {
| static int test_array [1 - 2 * !((int32_t) (((((int32_t) 1 << N) << N) - 1) * 2 + 1)
| 		 < (int32_t) (((((int32_t) 1 << N) << N) - 1) * 2 + 2))];
| test_array [0] = 0;
| return test_array [0];
| 
|   ;
|   return 0;
| }
configure:14100: result: yes
configure:14111: checking for uint32_t
configure:14111: gcc -c -g -O2  conftest.c >&5
configure:14111: $? = 0
configure:14111: result: yes
configure:14126: checking whether timezone is declared
configure:14126: gcc -c -g -O2  conftest.c >&5
configure:14126: $? = 0
configure:14126: result: yes
configure:14134: checking for struct tm.tm_gmtoff
configure:14134: gcc -c -g -O2  conftest.c >&5
configure:14134: $? = 0
configure:14134: result: yes
configure:14147: checking size of char
configure:14152: gcc -o conftest -g -O2   conftest.c  >&5
configure:14152: $? = 0
configure:14152: ./conftest
configure:14152: $? = 0
configure:14166: result: 1
configure:14180: checking size of short
configure:14185: gcc -o conftest -g -O2   conftest.c  >&5
configure:14185: $? = 0
configure:14185: ./conftest
configure:14185: $? = 0
configure:14199: result: 2
configure:14213: checking size of int
configure:14218: gcc -o conftest -g -O2   conftest.c  >&5
configure:14218: $? = 0
configure:14218: ./conftest
configure:14218: $? = 0
configure:14232: result: 4
configure:14246: checking size of long
configure:14251: gcc -o conftest -g -O2   conftest.c  >&5
configure:14251: $? = 0
configure:14251: ./conftest
configure:14251: $? = 0
configure:14265: result: 8
configure:14276: checking for library containing pow
configure:14307: gcc -o conftest -g -O2   conftest.c  >&5
conftest.c:67:6: warning: conflicting types for built-in function 'pow'
 char pow ();
      ^
/tmp/ccm3L62j.o: In function `main':
/home/maqiyuan/Desktop/texlive-mobile/src/texlive-source/texk/dvipdfm-x/conftest.c:71: undefined reference to `pow'
collect2: error: ld returned 1 exit status
configure:14307: $? = 1
configure: failed program was:
| /* confdefs.h */
| #define PACKAGE_NAME "dvipdfm-x (TeX Live)"
| #define PACKAGE_TARNAME "dvipdfm-x--tex-live-"
| #define PACKAGE_VERSION "20160106"
| #define PACKAGE_STRING "dvipdfm-x (TeX Live) 20160106"
| #define PACKAGE_BUGREPORT "tex-k@tug.org"
| #define PACKAGE_URL ""
| #define STDC_HEADERS 1
| #define HAVE_SYS_TYPES_H 1
| #define HAVE_SYS_STAT_H 1
| #define HAVE_STDLIB_H 1
| #define HAVE_STRING_H 1
| #define HAVE_MEMORY_H 1
| #define HAVE_STRINGS_H 1
| #define HAVE_INTTYPES_H 1
| #define HAVE_STDINT_H 1
| #define HAVE_UNISTD_H 1
| #define HAVE_DLFCN_H 1
| #define PACKAGE "dvipdfm-x--tex-live-"
| #define VERSION "20160106"
| #define LT_OBJDIR ".libs/"
| #define HAVE_FSEEKO 1
| #define HAVE_DIRENT_H 1
| #define STDC_HEADERS 1
| #define HAVE_ASSERT_H 1
| #define HAVE_FLOAT_H 1
| #define HAVE_LIMITS_H 1
| #define HAVE_PWD_H 1
| #define HAVE_STDLIB_H 1
| #define HAVE_SYS_PARAM_H 1
| #define HAVE_PUTENV 1
| #define HAVE_GETCWD 1
| #define HAVE_GETWD 1
| #define HAVE_MEMCMP 1
| #define HAVE_MEMCPY 1
| #define HAVE_MKSTEMP 1
| #define HAVE_MKTEMP 1
| #define HAVE_STRCHR 1
| #define HAVE_STRRCHR 1
| #define HAVE_DECL_ISASCII 1
| #define HAVE_STRUCT_STAT_ST_MTIM 1
| #define HAVE_UNISTD_H 1
| #define HAVE_STDINT_H 1
| #define HAVE_INTTYPES_H 1
| #define HAVE_SYS_TYPES_H 1
| #define HAVE_SYS_WAIT_H 1
| #define HAVE_OPEN 1
| #define HAVE_CLOSE 1
| #define HAVE_GETENV 1
| #define HAVE_BASENAME 1
| #define HAVE_STRUCT_TM_TM_ZONE 1
| #define HAVE_TM_ZONE 1
| #define HAVE_TIMEZONE 1
| #define HAVE_TM_GMTOFF 1
| #define SIZEOF_CHAR 1
| #define SIZEOF_SHORT 2
| #define SIZEOF_INT 4
| #define SIZEOF_LONG 8
| /* end confdefs.h.  */
| 
| /* Override any GCC internal prototype to avoid an error.
|    Use char because int might match the return type of a GCC
|    builtin and then its argument prototype would still apply.  */
| #ifdef __cplusplus
| extern "C"
| #endif
| char pow ();
| int
| main ()
| {
| return pow ();
|   ;
|   return 0;
| }
configure:14307: gcc -o conftest -g -O2   conftest.c -lm   >&5
conftest.c:67:6: warning: conflicting types for built-in function 'pow'
 char pow ();
      ^
configure:14307: $? = 0
configure:14324: result: -lm
configure:14342: creating ./config.lt

## ------------------ ##
## Running config.lt. ##
## ------------------ ##
config.lt:628: creating libtool
configure:15683: checking for pkg-config
configure:15699: found /usr/bin/pkg-config
configure:15710: result: pkg-config
configure:15756: checking if libkpathsea supports debugging
configure:15775: ./libtool --mode=link --tag=CC gcc -o conftest -g -O2 -I/home/maqiyuan/Desktop/texlive-mobile/src/texlive-source/texk -I/home/maqiyuan/Desktop/texlive-mobile/src/texlive-source/texk   conftest.c /home/maqiyuan/Desktop/texlive-mobile/src/texlive-source/texk/kpathsea/libkpathsea.la -lm  >&5
libtool: link: gcc -o conftest -g -O2 -I/home/maqiyuan/Desktop/texlive-mobile/src/texlive-source/texk -I/home/maqiyuan/Desktop/texlive-mobile/src/texlive-source/texk conftest.c  /home/maqiyuan/Desktop/texlive-mobile/src/texlive-source/texk/kpathsea/.libs/libkpathsea.a -lm
configure:15775: $? = 0
configure:15786: result: yes
configure:15826: checking if <zlib.h> defines 'z_const'
configure:15845: gcc -c -g -O2 -I/home/maqiyuan/Desktop/texlive-mobile/src/texlive-source/libs/zlib/include  conftest.c >&5
configure:15845: $? = 0
configure:15855: result: yes
configure:15940: checking kpathsea/version.h usability
configure:15940: gcc -c -g -O2 -I/home/maqiyuan/Desktop/texlive-mobile/src/texlive-source/texk -I/home/maqiyuan/Desktop/texlive-mobile/src/texlive-source/texk  conftest.c >&5
configure:15940: $? = 0
configure:15940: result: yes
configure:15940: checking kpathsea/version.h presence
configure:15940: gcc -E -I/home/maqiyuan/Desktop/texlive-mobile/src/texlive-source/texk -I/home/maqiyuan/Desktop/texlive-mobile/src/texlive-source/texk  conftest.c
configure:15940: $? = 0
configure:15940: result: yes
configure:15940: checking for kpathsea/version.h
configure:15940: result: yes
configure:15964: ./libtool --mode=link --tag=CC gcc -o conftest -g -O2 -I/home/maqiyuan/Desktop/texlive-mobile/src/texlive-source/libs/zlib/include -I/home/maqiyuan/Desktop/texlive-mobile/src/texlive-source/texk -I/home/maqiyuan/Desktop/texlive-mobile/src/texlive-source/texk   conftest.c /home/maqiyuan/Desktop/texlive-mobile/src/texlive-source/libs/zlib/libz.a /home/maqiyuan/Desktop/texlive-mobile/src/texlive-source/texk/kpathsea/libkpathsea.la -lm  >&5
libtool: link: gcc -o conftest -g -O2 -I/home/maqiyuan/Desktop/texlive-mobile/src/texlive-source/libs/zlib/include -I/home/maqiyuan/Desktop/texlive-mobile/src/texlive-source/texk -I/home/maqiyuan/Desktop/texlive-mobile/src/texlive-source/texk conftest.c  /home/maqiyuan/Desktop/texlive-mobile/src/texlive-source/libs/zlib/libz.a /home/maqiyuan/Desktop/texlive-mobile/src/texlive-source/texk/kpathsea/.libs/libkpathsea.a -lm
configure:15964: $? = 0
configure:15987: ./libtool --mode=link --tag=CC gcc -o conftest -g -O2 -I/home/maqiyuan/Desktop/texlive-mobile/src/texlive-source/libs/libpng/include -I/home/maqiyuan/Desktop/texlive-mobile/src/texlive-source/libs/zlib/include -I/home/maqiyuan/Desktop/texlive-mobile/src/texlive-source/texk -I/home/maqiyuan/Desktop/texlive-mobile/src/texlive-source/texk   conftest.c /home/maqiyuan/Desktop/texlive-mobile/src/texlive-source/libs/libpng/libpng.a /home/maqiyuan/Desktop/texlive-mobile/src/texlive-source/libs/zlib/libz.a /home/maqiyuan/Desktop/texlive-mobile/src/texlive-source/texk/kpathsea/libkpathsea.la -lm  >&5
libtool: link: gcc -o conftest -g -O2 -I/home/maqiyuan/Desktop/texlive-mobile/src/texlive-source/libs/libpng/include -I/home/maqiyuan/Desktop/texlive-mobile/src/texlive-source/libs/zlib/include -I/home/maqiyuan/Desktop/texlive-mobile/src/texlive-source/texk -I/home/maqiyuan/Desktop/texlive-mobile/src/texlive-source/texk conftest.c  /home/maqiyuan/Desktop/texlive-mobile/src/texlive-source/libs/libpng/libpng.a /home/maqiyuan/Desktop/texlive-mobile/src/texlive-source/libs/zlib/libz.a /home/maqiyuan/Desktop/texlive-mobile/src/texlive-source/texk/kpathsea/.libs/libkpathsea.a -lm
configure:15987: $? = 0
configure:16012: checking for native WIN32 or MINGW32
configure:16030: gcc -c -g -O2  conftest.c >&5
conftest.c:66:3: error: unknown type name 'choke'
   choke me
   ^
conftest.c:68:1: error: expected '=', ',', ';', 'asm' or '__attribute__' before 'int'
 int
 ^
configure:16030: $? = 1
configure: failed program was:
| /* confdefs.h */
| #define PACKAGE_NAME "dvipdfm-x (TeX Live)"
| #define PACKAGE_TARNAME "dvipdfm-x--tex-live-"
| #define PACKAGE_VERSION "20160106"
| #define PACKAGE_STRING "dvipdfm-x (TeX Live) 20160106"
| #define PACKAGE_BUGREPORT "tex-k@tug.org"
| #define PACKAGE_URL ""
| #define STDC_HEADERS 1
| #define HAVE_SYS_TYPES_H 1
| #define HAVE_SYS_STAT_H 1
| #define HAVE_STDLIB_H 1
| #define HAVE_STRING_H 1
| #define HAVE_MEMORY_H 1
| #define HAVE_STRINGS_H 1
| #define HAVE_INTTYPES_H 1
| #define HAVE_STDINT_H 1
| #define HAVE_UNISTD_H 1
| #define HAVE_DLFCN_H 1
| #define PACKAGE "dvipdfm-x--tex-live-"
| #define VERSION "20160106"
| #define LT_OBJDIR ".libs/"
| #define HAVE_FSEEKO 1
| #define HAVE_DIRENT_H 1
| #define STDC_HEADERS 1
| #define HAVE_ASSERT_H 1
| #define HAVE_FLOAT_H 1
| #define HAVE_LIMITS_H 1
| #define HAVE_PWD_H 1
| #define HAVE_STDLIB_H 1
| #define HAVE_SYS_PARAM_H 1
| #define HAVE_PUTENV 1
| #define HAVE_GETCWD 1
| #define HAVE_GETWD 1
| #define HAVE_MEMCMP 1
| #define HAVE_MEMCPY 1
| #define HAVE_MKSTEMP 1
| #define HAVE_MKTEMP 1
| #define HAVE_STRCHR 1
| #define HAVE_STRRCHR 1
| #define HAVE_DECL_ISASCII 1
| #define HAVE_STRUCT_STAT_ST_MTIM 1
| #define HAVE_UNISTD_H 1
| #define HAVE_STDINT_H 1
| #define HAVE_INTTYPES_H 1
| #define HAVE_SYS_TYPES_H 1
| #define HAVE_SYS_WAIT_H 1
| #define HAVE_OPEN 1
| #define HAVE_CLOSE 1
| #define HAVE_GETENV 1
| #define HAVE_BASENAME 1
| #define HAVE_STRUCT_TM_TM_ZONE 1
| #define HAVE_TM_ZONE 1
| #define HAVE_TIMEZONE 1
| #define HAVE_TM_GMTOFF 1
| #define SIZEOF_CHAR 1
| #define SIZEOF_SHORT 2
| #define SIZEOF_INT 4
| #define SIZEOF_LONG 8
| #define ZLIB_CONST 1
| #define HAVE_LIBPAPER 1
| #define HAVE_ZLIB 1
| #define HAVE_ZLIB_COMPRESS2 1
| #define HAVE_LIBPNG 1
| /* end confdefs.h.  */
| #ifndef WIN32
|   choke me
| #endif
| int
| main ()
| {
| 
|   ;
|   return 0;
| }
configure:16055: result: no
configure:16193: checking that generated files are newer than configure
configure:16199: result: done
configure:16235: creating ./config.status

## ---------------------- ##
## Running config.status. ##
## ---------------------- ##

This file was extended by dvipdfm-x (TeX Live) config.status 20160106, which was
generated by GNU Autoconf 2.69.  Invocation command line was

  CONFIG_FILES    = 
  CONFIG_HEADERS  = 
  CONFIG_LINKS    = 
  CONFIG_COMMANDS = 
  $ ./config.status 

on maqiyuan-E430c

config.status:1175: creating Makefile
config.status:1175: creating config.h
config.status:1435: executing depfiles commands
config.status:1435: executing libtool commands

## ---------------- ##
## Cache variables. ##
## ---------------- ##

ac_cv_build=x86_64-pc-linux-gnu
ac_cv_c_bigendian=no
ac_cv_c_compiler_gnu=yes
ac_cv_c_const=yes
ac_cv_c_inline=inline
ac_cv_c_int32_t=yes
ac_cv_c_int64_t=yes
ac_cv_c_uint32_t=yes
ac_cv_c_uint64_t=yes
ac_cv_env_CC_set=
ac_cv_env_CC_value=
ac_cv_env_CFLAGS_set=
ac_cv_env_CFLAGS_value=
ac_cv_env_CPPFLAGS_set=
ac_cv_env_CPPFLAGS_value=
ac_cv_env_CPP_set=
ac_cv_env_CPP_value=
ac_cv_env_LDFLAGS_set=
ac_cv_env_LDFLAGS_value=
ac_cv_env_LIBS_set=
ac_cv_env_LIBS_value=
ac_cv_env_LT_SYS_LIBRARY_PATH_set=
ac_cv_env_LT_SYS_LIBRARY_PATH_value=
ac_cv_env_build_alias_set=
ac_cv_env_build_alias_value=
ac_cv_env_host_alias_set=
ac_cv_env_host_alias_value=
ac_cv_env_target_alias_set=
ac_cv_env_target_alias_value=
ac_cv_func_basename=yes
ac_cv_func_close=yes
ac_cv_func_closedir_void=no
ac_cv_func_getcwd=yes
ac_cv_func_getenv=yes
ac_cv_func_getwd=yes
ac_cv_func_memcmp=yes
ac_cv_func_memcmp_working=yes
ac_cv_func_memcpy=yes
ac_cv_func_mkstemp=yes
ac_cv_func_mktemp=yes
ac_cv_func_open=yes
ac_cv_func_putenv=yes
ac_cv_func_strchr=yes
ac_cv_func_strrchr=yes
ac_cv_have_decl_isascii=yes
ac_cv_have_decl_timezone=yes
ac_cv_header_assert_h=yes
ac_cv_header_dirent_dirent_h=yes
ac_cv_header_dlfcn_h=yes
ac_cv_header_float_h=yes
ac_cv_header_inttypes_h=yes
ac_cv_header_kpathsea_version_h=yes
ac_cv_header_limits_h=yes
ac_cv_header_memory_h=yes
ac_cv_header_pwd_h=yes
ac_cv_header_stdc=yes
ac_cv_header_stdint_h=yes
ac_cv_header_stdlib_h=yes
ac_cv_header_string_h=yes
ac_cv_header_strings_h=yes
ac_cv_header_sys_param_h=yes
ac_cv_header_sys_stat_h=yes
ac_cv_header_sys_types_h=yes
ac_cv_header_sys_wait_h=yes
ac_cv_header_unistd_h=yes
ac_cv_host=x86_64-pc-linux-gnu
ac_cv_member_struct_stat_st_mtim=yes
ac_cv_member_struct_tm_tm_gmtoff=yes
ac_cv_member_struct_tm_tm_zone=yes
ac_cv_objext=o
ac_cv_path_EGREP='/bin/grep -E'
ac_cv_path_FGREP='/bin/grep -F'
ac_cv_path_GREP=/bin/grep
ac_cv_path_SED=/bin/sed
ac_cv_path_install='/usr/bin/install -c'
ac_cv_path_lt_DD=/bin/dd
ac_cv_path_mkdir=/bin/mkdir
ac_cv_prog_AWK=gawk
ac_cv_prog_CPP='gcc -E'
ac_cv_prog_ac_ct_AR=ar
ac_cv_prog_ac_ct_CC=gcc
ac_cv_prog_ac_ct_MANIFEST_TOOL=mt
ac_cv_prog_ac_ct_OBJDUMP=objdump
ac_cv_prog_ac_ct_PKG_CONFIG=pkg-config
ac_cv_prog_ac_ct_RANLIB=ranlib
ac_cv_prog_ac_ct_STRIP=strip
ac_cv_prog_cc_c89=
ac_cv_prog_cc_g=yes
ac_cv_prog_make_make_set=yes
ac_cv_search_opendir='none required'
ac_cv_search_pow=-lm
ac_cv_sizeof_char=1
ac_cv_sizeof_int=4
ac_cv_sizeof_long=8
ac_cv_sizeof_short=2
ac_cv_struct_tm=time.h
ac_cv_sys_file_offset_bits=no
ac_cv_sys_largefile_CC=no
ac_cv_sys_largefile_source=no
ac_cv_type_size_t=yes
am_cv_CC_dependencies_compiler_type=gcc3
am_cv_make_support_nested_variables=yes
am_cv_prog_cc_c_o=yes
kb_cv_c_prototypes=yes
kpse_cv_have_decl_z_const=yes
kpse_cv_have_win32=no
kpse_cv_kpse_debug=yes
kpse_cv_warning_cflags='-Wimplicit -Wreturn-type -Wdeclaration-after-statement -Wno-unknown-pragmas'
lt_cv_ar_at_file=@
lt_cv_deplibs_check_method=pass_all
lt_cv_file_magic_cmd='$MAGIC_CMD'
lt_cv_file_magic_test_file=
lt_cv_ld_reload_flag=-r
lt_cv_nm_interface='BSD nm'
lt_cv_objdir=.libs
lt_cv_path_LD=/usr/bin/ld
lt_cv_path_NM='/usr/bin/nm -B'
lt_cv_path_mainfest_tool=no
lt_cv_prog_compiler_c_o=yes
lt_cv_prog_compiler_pic='-fPIC -DPIC'
lt_cv_prog_compiler_pic_works=yes
lt_cv_prog_compiler_rtti_exceptions=no
lt_cv_prog_compiler_static_works=yes
lt_cv_prog_gnu_ld=yes
lt_cv_sharedlib_from_linklib_cmd='printf %s\n'
lt_cv_shlibpath_overrides_runpath=no
lt_cv_sys_global_symbol_pipe='sed -n -e '\''s/^.*[	 ]\([ABCDGIRSTW][ABCDGIRSTW]*\)[	 ][	 ]*\([_A-Za-z][_A-Za-z0-9]*\)$/\1 \2 \2/p'\'' | sed '\''/ __gnu_lto/d'\'''
lt_cv_sys_global_symbol_to_c_name_address='sed -n -e '\''s/^: \(.*\) .*$/  {"\1", (void *) 0},/p'\'' -e '\''s/^[ABCDGIRSTW][ABCDGIRSTW]* .* \(.*\)$/  {"\1", (void *) \&\1},/p'\'''
lt_cv_sys_global_symbol_to_c_name_address_lib_prefix='sed -n -e '\''s/^: \(.*\) .*$/  {"\1", (void *) 0},/p'\'' -e '\''s/^[ABCDGIRSTW][ABCDGIRSTW]* .* \(lib.*\)$/  {"\1", (void *) \&\1},/p'\'' -e '\''s/^[ABCDGIRSTW][ABCDGIRSTW]* .* \(.*\)$/  {"lib\1", (void *) \&\1},/p'\'''
lt_cv_sys_global_symbol_to_cdecl='sed -n -e '\''s/^T .* \(.*\)$/extern int \1();/p'\'' -e '\''s/^[ABCDGIRSTW][ABCDGIRSTW]* .* \(.*\)$/extern char \1;/p'\'''
lt_cv_sys_global_symbol_to_import=
lt_cv_sys_max_cmd_len=1572864
lt_cv_to_host_file_cmd=func_convert_file_noop
lt_cv_to_tool_file_cmd=func_convert_file_noop
lt_cv_truncate_bin='/bin/dd bs=4096 count=1'

## ----------------- ##
## Output variables. ##
## ----------------- ##

	cd ${top_builddir}/../../libs/libpaper && $(MAKE) $(AM_MAKEFLAGS) rebuild
	cd ${top_builddir}/../../libs/libpaper && $(MAKE) $(AM_MAKEFLAGS) rebuild'
	cd ${top_builddir}/../../libs/libpng && $(MAKE) $(AM_MAKEFLAGS) rebuild
	cd ${top_builddir}/../../libs/libpng && $(MAKE) $(AM_MAKEFLAGS) rebuild'
	cd ${top_builddir}/../../libs/zlib && $(MAKE) $(AM_MAKEFLAGS) rebuild
	cd ${top_builddir}/../../libs/zlib && $(MAKE) $(AM_MAKEFLAGS) rebuild'
	cd ${top_builddir}/../kpathsea && $(MAKE) $(AM_MAKEFLAGS) rebuild
	cd ${top_builddir}/../kpathsea && $(MAKE) $(AM_MAKEFLAGS) rebuild'
$(KPATHSEA_DEPEND): ${top_srcdir}/../kpathsea/*.[ch] ${top_builddir}/../kpathsea/paths.h
$(LIBPAPER_DEPEND): ${top_builddir}/../../libs/libpaper/include/paper.h
$(LIBPNG_DEPEND): ${top_builddir}/../../libs/libpng/include/png.h
$(ZLIB_DEPEND): ${top_builddir}/../../libs/zlib/include/zconf.h
${top_builddir}/../../libs/libpaper/include/paper.h:
${top_builddir}/../../libs/libpng/include/png.h:
${top_builddir}/../../libs/zlib/include/zconf.h:
${top_builddir}/../kpathsea/paths.h:
ACLOCAL='${SHELL} /home/maqiyuan/Desktop/texlive-mobile/src/texlive-source/build-aux/missing aclocal-1.15'
AMDEPBACKSLASH='\'
AMDEP_FALSE='#'
AMDEP_TRUE=''
AMTAR='$${TAR-tar}'
AM_BACKSLASH='\'
AM_DEFAULT_V='$(AM_DEFAULT_VERBOSITY)'
AM_DEFAULT_VERBOSITY='1'
AM_V='$(V)'
AR='ar'
AS='as'
AUTOCONF='${SHELL} /home/maqiyuan/Desktop/texlive-mobile/src/texlive-source/build-aux/missing autoconf'
AUTOHEADER='${SHELL} /home/maqiyuan/Desktop/texlive-mobile/src/texlive-source/build-aux/missing autoheader'
AUTOMAKE='${SHELL} /home/maqiyuan/Desktop/texlive-mobile/src/texlive-source/build-aux/missing automake-1.15'
AWK='gawk'
CC='gcc'
CCDEPMODE='depmode=gcc3'
CFLAGS='-g -O2'
CPP='gcc -E'
CPPFLAGS=''
CYGPATH_W='echo'
DEFS='-DHAVE_CONFIG_H'
DEPDIR='.deps'
DLLTOOL='false'
DSYMUTIL=''
DUMPBIN=''
ECHO_C=''
ECHO_N='-n'
ECHO_T=''
EGREP='/bin/grep -E'
EXEEXT=''
FGREP='/bin/grep -F'
GREP='/bin/grep'
INSTALL_DATA='${INSTALL} -m 644'
INSTALL_PROGRAM='${INSTALL}'
INSTALL_SCRIPT='${INSTALL}'
INSTALL_STRIP_PROGRAM='$(install_sh) -c -s'
KPATHSEA_DEPEND='${top_builddir}/../kpathsea/libkpathsea.la'
KPATHSEA_INCLUDES='-I/home/maqiyuan/Desktop/texlive-mobile/src/texlive-source/texk -I/home/maqiyuan/Desktop/texlive-mobile/src/texlive-source/texk'
KPATHSEA_LIBS='/home/maqiyuan/Desktop/texlive-mobile/src/texlive-source/texk/kpathsea/libkpathsea.la'
KPATHSEA_RULE='# Rebuild libkpathsea
LD='/usr/bin/ld -m elf_x86_64'
LDFLAGS=''
LIBOBJS=''
LIBPAPER_DEPEND='${top_builddir}/../../libs/libpaper/libpaper.a'
LIBPAPER_INCLUDES='-I/home/maqiyuan/Desktop/texlive-mobile/src/texlive-source/libs/libpaper/include'
LIBPAPER_LIBS='/home/maqiyuan/Desktop/texlive-mobile/src/texlive-source/libs/libpaper/libpaper.a'
LIBPAPER_RULE='# Rebuild libpaper
LIBPNG_DEPEND='${top_builddir}/../../libs/libpng/libpng.a'
LIBPNG_INCLUDES='-I/home/maqiyuan/Desktop/texlive-mobile/src/texlive-source/libs/libpng/include'
LIBPNG_LIBS='/home/maqiyuan/Desktop/texlive-mobile/src/texlive-source/libs/libpng/libpng.a'
LIBPNG_RULE='# Rebuild libpng
LIBS='-lm '
LIBTOOL='$(SHELL) $(top_builddir)/libtool'
LIPO=''
LN_S='ln -s'
LTLIBOBJS=''
LT_SYS_LIBRARY_PATH=''
MAINT='#'
MAINTAINER_MODE_FALSE=''
MAINTAINER_MODE_TRUE='#'
MAKEINFO='${SHELL} /home/maqiyuan/Desktop/texlive-mobile/src/texlive-source/build-aux/missing makeinfo'
MANIFEST_TOOL=':'
MKDIR_P='/bin/mkdir -p'
NM='/usr/bin/nm -B'
NMEDIT=''
OBJDUMP='objdump'
OBJEXT='o'
OTOOL64=''
OTOOL=''
PACKAGE='dvipdfm-x--tex-live-'
PACKAGE_BUGREPORT='tex-k@tug.org'
PACKAGE_NAME='dvipdfm-x (TeX Live)'
PACKAGE_STRING='dvipdfm-x (TeX Live) 20160106'
PACKAGE_TARNAME='dvipdfm-x--tex-live-'
PACKAGE_URL=''
PACKAGE_VERSION='20160106'
PATH_SEPARATOR=':'
PKG_CONFIG='pkg-config'
RANLIB='ranlib'
SED='/bin/sed'
SET_MAKE=''
SHELL='/bin/bash'
STRIP='strip'
VERSION='20160106'
WARNING_CFLAGS='-Wimplicit -Wreturn-type -Wdeclaration-after-statement -Wno-unknown-pragmas'
WIN32_CALL_FALSE='#'
WIN32_CALL_TRUE=''
WIN32_FALSE=''
WIN32_TRUE='#'
ZLIB_DEPEND='${top_builddir}/../../libs/zlib/libz.a'
ZLIB_INCLUDES='-I/home/maqiyuan/Desktop/texlive-mobile/src/texlive-source/libs/zlib/include'
ZLIB_LIBS='/home/maqiyuan/Desktop/texlive-mobile/src/texlive-source/libs/zlib/libz.a'
ZLIB_RULE='# Rebuild libz
ac_ct_AR='ar'
ac_ct_CC='gcc'
ac_ct_DUMPBIN=''
am__EXEEXT_FALSE=''
am__EXEEXT_TRUE='#'
am__fastdepCC_FALSE='#'
am__fastdepCC_TRUE=''
am__include='include'
am__isrc=''
am__leading_dot='.'
am__nodep='_no'
am__quote=''
am__tar='$${TAR-tar} chof - "$$tardir"'
am__untar='$${TAR-tar} xf -'
bindir='${exec_prefix}/bin/x86_64-pc-linux-gnu'
build='x86_64-pc-linux-gnu'
build_alias=''
build_cpu='x86_64'
build_os='linux-gnu'
build_vendor='pc'
datadir='${datarootdir}'
datarootdir='${prefix}'
docdir='${datarootdir}/doc/${PACKAGE_TARNAME}'
dvidir='${docdir}'
exec_prefix='${prefix}'
host='x86_64-pc-linux-gnu'
host_alias=''
host_cpu='x86_64'
host_os='linux-gnu'
host_vendor='pc'
htmldir='${docdir}'
includedir='${prefix}/include'
infodir='${prefix}/texmf-dist/doc/info'
install_sh='${SHELL} /home/maqiyuan/Desktop/texlive-mobile/src/texlive-source/build-aux/install-sh'
libdir='${exec_prefix}/lib/x86_64-pc-linux-gnu'
libexecdir='${exec_prefix}/libexec'
localedir='${datarootdir}/locale'
localstatedir='${prefix}/var'
mandir='${prefix}/texmf-dist/doc/man'
mkdir_p='$(MKDIR_P)'
oldincludedir='/usr/include'
pdfdir='${docdir}'
prefix='/usr/local'
program_transform_name='s,x,x,'
psdir='${docdir}'
sbindir='${exec_prefix}/sbin'
sharedstatedir='${prefix}/com'
sysconfdir='${prefix}/etc'
target_alias=''

## ----------- ##
## confdefs.h. ##
## ----------- ##

/* confdefs.h */
#define PACKAGE_NAME "dvipdfm-x (TeX Live)"
#define PACKAGE_TARNAME "dvipdfm-x--tex-live-"
#define PACKAGE_VERSION "20160106"
#define PACKAGE_STRING "dvipdfm-x (TeX Live) 20160106"
#define PACKAGE_BUGREPORT "tex-k@tug.org"
#define PACKAGE_URL ""
#define STDC_HEADERS 1
#define HAVE_SYS_TYPES_H 1
#define HAVE_SYS_STAT_H 1
#define HAVE_STDLIB_H 1
#define HAVE_STRING_H 1
#define HAVE_MEMORY_H 1
#define HAVE_STRINGS_H 1
#define HAVE_INTTYPES_H 1
#define HAVE_STDINT_H 1
#define HAVE_UNISTD_H 1
#define HAVE_DLFCN_H 1
#define PACKAGE "dvipdfm-x--tex-live-"
#define VERSION "20160106"
#define LT_OBJDIR ".libs/"
#define HAVE_FSEEKO 1
#define HAVE_DIRENT_H 1
#define STDC_HEADERS 1
#define HAVE_ASSERT_H 1
#define HAVE_FLOAT_H 1
#define HAVE_LIMITS_H 1
#define HAVE_PWD_H 1
#define HAVE_STDLIB_H 1
#define HAVE_SYS_PARAM_H 1
#define HAVE_PUTENV 1
#define HAVE_GETCWD 1
#define HAVE_GETWD 1
#define HAVE_MEMCMP 1
#define HAVE_MEMCPY 1
#define HAVE_MKSTEMP 1
#define HAVE_MKTEMP 1
#define HAVE_STRCHR 1
#define HAVE_STRRCHR 1
#define HAVE_DECL_ISASCII 1
#define HAVE_STRUCT_STAT_ST_MTIM 1
#define HAVE_UNISTD_H 1
#define HAVE_STDINT_H 1
#define HAVE_INTTYPES_H 1
#define HAVE_SYS_TYPES_H 1
#define HAVE_SYS_WAIT_H 1
#define HAVE_OPEN 1
#define HAVE_CLOSE 1
#define HAVE_GETENV 1
#define HAVE_BASENAME 1
#define HAVE_STRUCT_TM_TM_ZONE 1
#define HAVE_TM_ZONE 1
#define HAVE_TIMEZONE 1
#define HAVE_TM_GMTOFF 1
#define SIZEOF_CHAR 1
#define SIZEOF_SHORT 2
#define SIZEOF_INT 4
#define SIZEOF_LONG 8
#define ZLIB_CONST 1
#define HAVE_LIBPAPER 1
#define HAVE_ZLIB 1
#define HAVE_ZLIB_COMPRESS2 1
#define HAVE_LIBPNG 1

configure: exit 0
