This file contains any messages produced by compilers while
running configure, to aid debugging if configure makes a mistake.

It was created by autosp (TeX Live) configure 2016-01-30, which was
generated by GNU Autoconf 2.69.  Invocation command line was

  $ ./configure --disable-option-checking --prefix=/usr/local --enable-build-in-source-tree --enable-native-texlive-build --enable-largefile --disable-silent-rules --enable-multiplatform=yes --enable-cxx-runtime-hack=yes --enable-libtool-hack=yes --disable-shared --enable-texlive-build --bindir=${exec_prefix}/bin/x86_64-pc-linux-gnu --libdir=${exec_prefix}/lib/x86_64-pc-linux-gnu --with-x --enable-autosp=yes --enable-devnag=yes --enable-lacheck=yes --enable-m-tx=yes --enable-pmx=yes --enable-ps2eps=yes --enable-t1utils=yes --enable-texdoctk=yes --enable-tpic2pdftex=yes --enable-vlna=yes --enable-xindy=no --with-clisp-runtime=default --enable-xpdfopen=yes --enable-web2c=yes --enable-afm2pl=yes --enable-bibtex-x=yes --enable-chktex=yes --enable-cjkutils=yes --enable-detex=yes --enable-dtl=yes --enable-dvi2tty=yes --enable-dvidvi=yes --enable-dviljk=yes --enable-dvipdfm-x=yes --enable-dvipng=yes --enable-dvipos=yes --enable-dvipsk=yes --enable-dvisvgm=yes --enable-gregorio=yes --enable-gsftopk=yes --enable-lcdf-typetools=yes --enable-makeindexk=yes --enable-makejvf=yes --enable-mendexk=yes --enable-musixtnt=yes --enable-ps2pk=yes --enable-psutils=yes --enable-seetexk=yes --enable-tex4htk=yes --enable-ttf2pk2=yes --enable-ttfdump=yes --enable-upmendex=yes --enable-xdvik=yes --enable-texlive=yes --with-system-harfbuzz=no --with-system-icu=no --with-system-teckit=no --with-system-graphite2=no --with-system-zziplib=no --with-system-xpdf=no --with-system-poppler=no --with-system-mpfr=no --with-system-gmp=no --with-system-cairo=no --with-system-pixman=no --with-system-potrace=no --with-system-gd=no --with-system-freetype2=no --with-system-libpng=no --with-system-libpaper=no --with-system-zlib=no --with-system-ptexenc=no --with-system-kpathsea=no --datarootdir=${prefix} --mandir=${prefix}/texmf-dist/doc/man --infodir=${prefix}/texmf-dist/doc/info --cache-file=/dev/null --srcdir=.

## --------- ##
## Platform. ##
## --------- ##

hostname = maqiyuan-E430c
uname -m = x86_64
uname -r = 4.4.0-34-generic
uname -s = Linux
uname -v = #53-Ubuntu SMP Wed Jul 27 16:06:39 UTC 2016

/usr/bin/uname -p = unknown
/bin/uname -X     = unknown

/bin/arch              = unknown
/usr/bin/arch -k       = unknown
/usr/convex/getsysinfo = unknown
/usr/bin/hostinfo      = unknown
/bin/machine           = unknown
/usr/bin/oslevel       = unknown
/bin/universe          = unknown

PATH: /usr/local/sbin
PATH: /usr/local/bin
PATH: /usr/sbin
PATH: /usr/bin
PATH: /sbin
PATH: /bin
PATH: /usr/games
PATH: /usr/local/games
PATH: /snap/bin
PATH: /home/maqiyuan/bin/FDK/Tools/linux


## ----------- ##
## Core tests. ##
## ----------- ##

configure:2265: checking for a BSD-compatible install
configure:2333: result: /usr/bin/install -c
configure:2344: checking whether build environment is sane
configure:2399: result: yes
configure:2550: checking for a thread-safe mkdir -p
configure:2589: result: /bin/mkdir -p
configure:2596: checking for gawk
configure:2612: found /usr/bin/gawk
configure:2623: result: gawk
configure:2634: checking whether make sets $(MAKE)
configure:2656: result: yes
configure:2685: checking whether make supports nested variables
configure:2702: result: yes
configure:2725: checking for style of include used by make
configure:2753: result: GNU
configure:2824: checking for gcc
configure:2840: found /usr/bin/gcc
configure:2851: result: gcc
configure:3080: checking for C compiler version
configure:3089: gcc --version >&5
gcc (Ubuntu 5.4.0-6ubuntu1~16.04.1) 5.4.0 20160609
Copyright (C) 2015 Free Software Foundation, Inc.
This is free software; see the source for copying conditions.  There is NO
warranty; not even for MERCHANTABILITY or FITNESS FOR A PARTICULAR PURPOSE.

configure:3100: $? = 0
configure:3089: gcc -v >&5
Using built-in specs.
COLLECT_GCC=gcc
COLLECT_LTO_WRAPPER=/usr/lib/gcc/x86_64-linux-gnu/5/lto-wrapper
Target: x86_64-linux-gnu
Configured with: ../src/configure -v --with-pkgversion='Ubuntu 5.4.0-6ubuntu1~16.04.1' --with-bugurl=file:///usr/share/doc/gcc-5/README.Bugs --enable-languages=c,ada,c++,java,go,d,fortran,objc,obj-c++ --prefix=/usr --program-suffix=-5 --enable-shared --enable-linker-build-id --libexecdir=/usr/lib --without-included-gettext --enable-threads=posix --libdir=/usr/lib --enable-nls --with-sysroot=/ --enable-clocale=gnu --enable-libstdcxx-debug --enable-libstdcxx-time=yes --with-default-libstdcxx-abi=new --enable-gnu-unique-object --disable-vtable-verify --enable-libmpx --enable-plugin --with-system-zlib --disable-browser-plugin --enable-java-awt=gtk --enable-gtk-cairo --with-java-home=/usr/lib/jvm/java-1.5.0-gcj-5-amd64/jre --enable-java-home --with-jvm-root-dir=/usr/lib/jvm/java-1.5.0-gcj-5-amd64 --with-jvm-jar-dir=/usr/lib/jvm-exports/java-1.5.0-gcj-5-amd64 --with-arch-directory=amd64 --with-ecj-jar=/usr/share/java/eclipse-ecj.jar --enable-objc-gc --enable-multiarch --disable-werror --with-arch-32=i686 --with-abi=m64 --with-multilib-list=m32,m64,mx32 --enable-multilib --with-tune=generic --enable-checking=release --build=x86_64-linux-gnu --host=x86_64-linux-gnu --target=x86_64-linux-gnu
Thread model: posix
gcc version 5.4.0 20160609 (Ubuntu 5.4.0-6ubuntu1~16.04.1) 
configure:3100: $? = 0
configure:3089: gcc -V >&5
gcc: error: unrecognized command line option '-V'
gcc: fatal error: no input files
compilation terminated.
configure:3100: $? = 1
configure:3089: gcc -qversion >&5
gcc: error: unrecognized command line option '-qversion'
gcc: fatal error: no input files
compilation terminated.
configure:3100: $? = 1
configure:3120: checking whether the C compiler works
configure:3142: gcc    conftest.c  >&5
configure:3146: $? = 0
configure:3194: result: yes
configure:3197: checking for C compiler default output file name
configure:3199: result: a.out
configure:3205: checking for suffix of executables
configure:3212: gcc -o conftest    conftest.c  >&5
configure:3216: $? = 0
configure:3238: result: 
configure:3260: checking whether we are cross compiling
configure:3268: gcc -o conftest    conftest.c  >&5
configure:3272: $? = 0
configure:3279: ./conftest
configure:3283: $? = 0
configure:3298: result: no
configure:3303: checking for suffix of object files
configure:3325: gcc -c   conftest.c >&5
configure:3329: $? = 0
configure:3350: result: o
configure:3354: checking whether we are using the GNU C compiler
configure:3373: gcc -c   conftest.c >&5
configure:3373: $? = 0
configure:3382: result: yes
configure:3391: checking whether gcc accepts -g
configure:3411: gcc -c -g  conftest.c >&5
configure:3411: $? = 0
configure:3452: result: yes
configure:3469: checking for gcc option to accept ISO C89
configure:3532: gcc  -c -g -O2  conftest.c >&5
configure:3532: $? = 0
configure:3545: result: none needed
configure:3570: checking whether gcc understands -c and -o together
configure:3592: gcc -c conftest.c -o conftest2.o
configure:3595: $? = 0
configure:3592: gcc -c conftest.c -o conftest2.o
configure:3595: $? = 0
configure:3607: result: yes
configure:3626: checking dependency style of gcc
configure:3737: result: gcc3
configure:3885: checking whether to enable maintainer-specific portions of Makefiles
configure:3894: result: no
configure:3907: checking whether the compiler accepts prototypes
configure:3923: gcc -o conftest -g -O2   conftest.c  >&5
configure:3923: $? = 0
configure:3931: result: yes
configure:3936: checking what warning flags to pass to the C compiler
configure:3981: result: -Wimplicit -Wreturn-type -Wdeclaration-after-statement -Wno-unknown-pragmas
configure:4042: checking for gcc
configure:4069: result: gcc
configure:4298: checking for C compiler version
configure:4307: gcc --version >&5
gcc (Ubuntu 5.4.0-6ubuntu1~16.04.1) 5.4.0 20160609
Copyright (C) 2015 Free Software Foundation, Inc.
This is free software; see the source for copying conditions.  There is NO
warranty; not even for MERCHANTABILITY or FITNESS FOR A PARTICULAR PURPOSE.

configure:4318: $? = 0
configure:4307: gcc -v >&5
Using built-in specs.
COLLECT_GCC=gcc
COLLECT_LTO_WRAPPER=/usr/lib/gcc/x86_64-linux-gnu/5/lto-wrapper
Target: x86_64-linux-gnu
Configured with: ../src/configure -v --with-pkgversion='Ubuntu 5.4.0-6ubuntu1~16.04.1' --with-bugurl=file:///usr/share/doc/gcc-5/README.Bugs --enable-languages=c,ada,c++,java,go,d,fortran,objc,obj-c++ --prefix=/usr --program-suffix=-5 --enable-shared --enable-linker-build-id --libexecdir=/usr/lib --without-included-gettext --enable-threads=posix --libdir=/usr/lib --enable-nls --with-sysroot=/ --enable-clocale=gnu --enable-libstdcxx-debug --enable-libstdcxx-time=yes --with-default-libstdcxx-abi=new --enable-gnu-unique-object --disable-vtable-verify --enable-libmpx --enable-plugin --with-system-zlib --disable-browser-plugin --enable-java-awt=gtk --enable-gtk-cairo --with-java-home=/usr/lib/jvm/java-1.5.0-gcj-5-amd64/jre --enable-java-home --with-jvm-root-dir=/usr/lib/jvm/java-1.5.0-gcj-5-amd64 --with-jvm-jar-dir=/usr/lib/jvm-exports/java-1.5.0-gcj-5-amd64 --with-arch-directory=amd64 --with-ecj-jar=/usr/share/java/eclipse-ecj.jar --enable-objc-gc --enable-multiarch --disable-werror --with-arch-32=i686 --with-abi=m64 --with-multilib-list=m32,m64,mx32 --enable-multilib --with-tune=generic --enable-checking=release --build=x86_64-linux-gnu --host=x86_64-linux-gnu --target=x86_64-linux-gnu
Thread model: posix
gcc version 5.4.0 20160609 (Ubuntu 5.4.0-6ubuntu1~16.04.1) 
configure:4318: $? = 0
configure:4307: gcc -V >&5
gcc: error: unrecognized command line option '-V'
gcc: fatal error: no input files
compilation terminated.
configure:4318: $? = 1
configure:4307: gcc -qversion >&5
gcc: error: unrecognized command line option '-qversion'
gcc: fatal error: no input files
compilation terminated.
configure:4318: $? = 1
configure:4322: checking whether we are using the GNU C compiler
configure:4350: result: yes
configure:4359: checking whether gcc accepts -g
configure:4420: result: yes
configure:4437: checking for gcc option to accept ISO C89
configure:4513: result: none needed
configure:4538: checking whether gcc understands -c and -o together
configure:4575: result: yes
configure:4594: checking dependency style of gcc
configure:4705: result: gcc3
configure:4728: checking how to run the C preprocessor
configure:4759: gcc -E  conftest.c
configure:4759: $? = 0
configure:4773: gcc -E  conftest.c
conftest.c:11:28: fatal error: ac_nonexistent.h: No such file or directory
compilation terminated.
configure:4773: $? = 1
configure: failed program was:
| /* confdefs.h */
| #define PACKAGE_NAME "autosp (TeX Live)"
| #define PACKAGE_TARNAME "autosp--tex-live-"
| #define PACKAGE_VERSION "2016-01-30"
| #define PACKAGE_STRING "autosp (TeX Live) 2016-01-30"
| #define PACKAGE_BUGREPORT "tex-k@tug.org"
| #define PACKAGE_URL ""
| #define PACKAGE "autosp--tex-live-"
| #define VERSION "2016-01-30"
| /* end confdefs.h.  */
| #include <ac_nonexistent.h>
configure:4798: result: gcc -E
configure:4818: gcc -E  conftest.c
configure:4818: $? = 0
configure:4832: gcc -E  conftest.c
conftest.c:11:28: fatal error: ac_nonexistent.h: No such file or directory
compilation terminated.
configure:4832: $? = 1
configure: failed program was:
| /* confdefs.h */
| #define PACKAGE_NAME "autosp (TeX Live)"
| #define PACKAGE_TARNAME "autosp--tex-live-"
| #define PACKAGE_VERSION "2016-01-30"
| #define PACKAGE_STRING "autosp (TeX Live) 2016-01-30"
| #define PACKAGE_BUGREPORT "tex-k@tug.org"
| #define PACKAGE_URL ""
| #define PACKAGE "autosp--tex-live-"
| #define VERSION "2016-01-30"
| /* end confdefs.h.  */
| #include <ac_nonexistent.h>
configure:4861: checking for grep that handles long lines and -e
configure:4919: result: /bin/grep
configure:4924: checking for egrep
configure:4986: result: /bin/grep -E
configure:4991: checking for ANSI C header files
configure:5011: gcc -c -g -O2  conftest.c >&5
configure:5011: $? = 0
configure:5084: gcc -o conftest -g -O2   conftest.c  >&5
configure:5084: $? = 0
configure:5084: ./conftest
configure:5084: $? = 0
configure:5095: result: yes
configure:5108: checking for sys/types.h
configure:5108: gcc -c -g -O2  conftest.c >&5
configure:5108: $? = 0
configure:5108: result: yes
configure:5108: checking for sys/stat.h
configure:5108: gcc -c -g -O2  conftest.c >&5
configure:5108: $? = 0
configure:5108: result: yes
configure:5108: checking for stdlib.h
configure:5108: gcc -c -g -O2  conftest.c >&5
configure:5108: $? = 0
configure:5108: result: yes
configure:5108: checking for string.h
configure:5108: gcc -c -g -O2  conftest.c >&5
configure:5108: $? = 0
configure:5108: result: yes
configure:5108: checking for memory.h
configure:5108: gcc -c -g -O2  conftest.c >&5
configure:5108: $? = 0
configure:5108: result: yes
configure:5108: checking for strings.h
configure:5108: gcc -c -g -O2  conftest.c >&5
configure:5108: $? = 0
configure:5108: result: yes
configure:5108: checking for inttypes.h
configure:5108: gcc -c -g -O2  conftest.c >&5
configure:5108: $? = 0
configure:5108: result: yes
configure:5108: checking for stdint.h
configure:5108: gcc -c -g -O2  conftest.c >&5
configure:5108: $? = 0
configure:5108: result: yes
configure:5108: checking for unistd.h
configure:5108: gcc -c -g -O2  conftest.c >&5
configure:5108: $? = 0
configure:5108: result: yes
configure:5123: checking for stdlib.h
configure:5123: result: yes
configure:5123: checking for string.h
configure:5123: result: yes
configure:5123: checking stdio.h usability
configure:5123: gcc -c -g -O2  conftest.c >&5
configure:5123: $? = 0
configure:5123: result: yes
configure:5123: checking stdio.h presence
configure:5123: gcc -E  conftest.c
configure:5123: $? = 0
configure:5123: result: yes
configure:5123: checking for stdio.h
configure:5123: result: yes
configure:5123: checking time.h usability
configure:5123: gcc -c -g -O2  conftest.c >&5
configure:5123: $? = 0
configure:5123: result: yes
configure:5123: checking time.h presence
configure:5123: gcc -E  conftest.c
configure:5123: $? = 0
configure:5123: result: yes
configure:5123: checking for time.h
configure:5123: result: yes
configure:5123: checking getopt.h usability
configure:5123: gcc -c -g -O2  conftest.c >&5
configure:5123: $? = 0
configure:5123: result: yes
configure:5123: checking getopt.h presence
configure:5123: gcc -E  conftest.c
configure:5123: $? = 0
configure:5123: result: yes
configure:5123: checking for getopt.h
configure:5123: result: yes
configure:5123: checking ctype.h usability
configure:5123: gcc -c -g -O2  conftest.c >&5
configure:5123: $? = 0
configure:5123: result: yes
configure:5123: checking ctype.h presence
configure:5123: gcc -E  conftest.c
configure:5123: $? = 0
configure:5123: result: yes
configure:5123: checking for ctype.h
configure:5123: result: yes
configure:5123: checking limits.h usability
configure:5123: gcc -c -g -O2  conftest.c >&5
configure:5123: $? = 0
configure:5123: result: yes
configure:5123: checking limits.h presence
configure:5123: gcc -E  conftest.c
configure:5123: $? = 0
configure:5123: result: yes
configure:5123: checking for limits.h
configure:5123: result: yes
configure:5135: checking for stdbool.h that conforms to C99
configure:5202: gcc -c -g -O2  conftest.c >&5
configure:5202: $? = 0
configure:5209: result: yes
configure:5211: checking for _Bool
configure:5211: gcc -c -g -O2  conftest.c >&5
configure:5211: $? = 0
configure:5211: gcc -c -g -O2  conftest.c >&5
conftest.c: In function 'main':
conftest.c:64:20: error: expected expression before ')' token
 if (sizeof ((_Bool)))
                    ^
configure:5211: $? = 1
configure: failed program was:
| /* confdefs.h */
| #define PACKAGE_NAME "autosp (TeX Live)"
| #define PACKAGE_TARNAME "autosp--tex-live-"
| #define PACKAGE_VERSION "2016-01-30"
| #define PACKAGE_STRING "autosp (TeX Live) 2016-01-30"
| #define PACKAGE_BUGREPORT "tex-k@tug.org"
| #define PACKAGE_URL ""
| #define PACKAGE "autosp--tex-live-"
| #define VERSION "2016-01-30"
| #define STDC_HEADERS 1
| #define HAVE_SYS_TYPES_H 1
| #define HAVE_SYS_STAT_H 1
| #define HAVE_STDLIB_H 1
| #define HAVE_STRING_H 1
| #define HAVE_MEMORY_H 1
| #define HAVE_STRINGS_H 1
| #define HAVE_INTTYPES_H 1
| #define HAVE_STDINT_H 1
| #define HAVE_UNISTD_H 1
| #define HAVE_STDLIB_H 1
| #define HAVE_STRING_H 1
| #define HAVE_STDIO_H 1
| #define HAVE_TIME_H 1
| #define HAVE_GETOPT_H 1
| #define HAVE_CTYPE_H 1
| #define HAVE_LIMITS_H 1
| /* end confdefs.h.  */
| #include <stdio.h>
| #ifdef HAVE_SYS_TYPES_H
| # include <sys/types.h>
| #endif
| #ifdef HAVE_SYS_STAT_H
| # include <sys/stat.h>
| #endif
| #ifdef STDC_HEADERS
| # include <stdlib.h>
| # include <stddef.h>
| #else
| # ifdef HAVE_STDLIB_H
| #  include <stdlib.h>
| # endif
| #endif
| #ifdef HAVE_STRING_H
| # if !defined STDC_HEADERS && defined HAVE_MEMORY_H
| #  include <memory.h>
| # endif
| # include <string.h>
| #endif
| #ifdef HAVE_STRINGS_H
| # include <strings.h>
| #endif
| #ifdef HAVE_INTTYPES_H
| # include <inttypes.h>
| #endif
| #ifdef HAVE_STDINT_H
| # include <stdint.h>
| #endif
| #ifdef HAVE_UNISTD_H
| # include <unistd.h>
| #endif
| int
| main ()
| {
| if (sizeof ((_Bool)))
| 	    return 0;
|   ;
|   return 0;
| }
configure:5211: result: yes
configure:5228: checking for size_t
configure:5228: gcc -c -g -O2  conftest.c >&5
configure:5228: $? = 0
configure:5228: gcc -c -g -O2  conftest.c >&5
conftest.c: In function 'main':
conftest.c:66:21: error: expected expression before ')' token
 if (sizeof ((size_t)))
                     ^
configure:5228: $? = 1
configure: failed program was:
| /* confdefs.h */
| #define PACKAGE_NAME "autosp (TeX Live)"
| #define PACKAGE_TARNAME "autosp--tex-live-"
| #define PACKAGE_VERSION "2016-01-30"
| #define PACKAGE_STRING "autosp (TeX Live) 2016-01-30"
| #define PACKAGE_BUGREPORT "tex-k@tug.org"
| #define PACKAGE_URL ""
| #define PACKAGE "autosp--tex-live-"
| #define VERSION "2016-01-30"
| #define STDC_HEADERS 1
| #define HAVE_SYS_TYPES_H 1
| #define HAVE_SYS_STAT_H 1
| #define HAVE_STDLIB_H 1
| #define HAVE_STRING_H 1
| #define HAVE_MEMORY_H 1
| #define HAVE_STRINGS_H 1
| #define HAVE_INTTYPES_H 1
| #define HAVE_STDINT_H 1
| #define HAVE_UNISTD_H 1
| #define HAVE_STDLIB_H 1
| #define HAVE_STRING_H 1
| #define HAVE_STDIO_H 1
| #define HAVE_TIME_H 1
| #define HAVE_GETOPT_H 1
| #define HAVE_CTYPE_H 1
| #define HAVE_LIMITS_H 1
| #define HAVE__BOOL 1
| #define HAVE_STDBOOL_H 1
| /* end confdefs.h.  */
| #include <stdio.h>
| #ifdef HAVE_SYS_TYPES_H
| # include <sys/types.h>
| #endif
| #ifdef HAVE_SYS_STAT_H
| # include <sys/stat.h>
| #endif
| #ifdef STDC_HEADERS
| # include <stdlib.h>
| # include <stddef.h>
| #else
| # ifdef HAVE_STDLIB_H
| #  include <stdlib.h>
| # endif
| #endif
| #ifdef HAVE_STRING_H
| # if !defined STDC_HEADERS && defined HAVE_MEMORY_H
| #  include <memory.h>
| # endif
| # include <string.h>
| #endif
| #ifdef HAVE_STRINGS_H
| # include <strings.h>
| #endif
| #ifdef HAVE_INTTYPES_H
| # include <inttypes.h>
| #endif
| #ifdef HAVE_STDINT_H
| # include <stdint.h>
| #endif
| #ifdef HAVE_UNISTD_H
| # include <unistd.h>
| #endif
| int
| main ()
| {
| if (sizeof ((size_t)))
| 	    return 0;
|   ;
|   return 0;
| }
configure:5228: result: yes
configure:5243: checking for strstr
configure:5243: gcc -o conftest -g -O2   conftest.c  >&5
conftest.c:53:6: warning: conflicting types for built-in function 'strstr'
 char strstr ();
      ^
configure:5243: $? = 0
configure:5243: result: yes
configure:5255: checking whether make sets $(MAKE)
configure:5277: result: yes
configure:5286: checking for native WIN32 or MINGW32
configure:5304: gcc -c -g -O2  conftest.c >&5
conftest.c:32:3: error: unknown type name 'choke'
   choke me
   ^
conftest.c:34:1: error: expected '=', ',', ';', 'asm' or '__attribute__' before 'int'
 int
 ^
configure:5304: $? = 1
configure: failed program was:
| /* confdefs.h */
| #define PACKAGE_NAME "autosp (TeX Live)"
| #define PACKAGE_TARNAME "autosp--tex-live-"
| #define PACKAGE_VERSION "2016-01-30"
| #define PACKAGE_STRING "autosp (TeX Live) 2016-01-30"
| #define PACKAGE_BUGREPORT "tex-k@tug.org"
| #define PACKAGE_URL ""
| #define PACKAGE "autosp--tex-live-"
| #define VERSION "2016-01-30"
| #define STDC_HEADERS 1
| #define HAVE_SYS_TYPES_H 1
| #define HAVE_SYS_STAT_H 1
| #define HAVE_STDLIB_H 1
| #define HAVE_STRING_H 1
| #define HAVE_MEMORY_H 1
| #define HAVE_STRINGS_H 1
| #define HAVE_INTTYPES_H 1
| #define HAVE_STDINT_H 1
| #define HAVE_UNISTD_H 1
| #define HAVE_STDLIB_H 1
| #define HAVE_STRING_H 1
| #define HAVE_STDIO_H 1
| #define HAVE_TIME_H 1
| #define HAVE_GETOPT_H 1
| #define HAVE_CTYPE_H 1
| #define HAVE_LIMITS_H 1
| #define HAVE__BOOL 1
| #define HAVE_STDBOOL_H 1
| #define HAVE_STRSTR 1
| /* end confdefs.h.  */
| #ifndef WIN32
|   choke me
| #endif
| int
| main ()
| {
| 
|   ;
|   return 0;
| }
configure:5329: result: no
configure:5341: checking for WIN64
configure:5359: gcc -c -g -O2  conftest.c >&5
conftest.c:32:3: error: unknown type name 'choke'
   choke me
   ^
conftest.c:34:1: error: expected '=', ',', ';', 'asm' or '__attribute__' before 'int'
 int
 ^
configure:5359: $? = 1
configure: failed program was:
| /* confdefs.h */
| #define PACKAGE_NAME "autosp (TeX Live)"
| #define PACKAGE_TARNAME "autosp--tex-live-"
| #define PACKAGE_VERSION "2016-01-30"
| #define PACKAGE_STRING "autosp (TeX Live) 2016-01-30"
| #define PACKAGE_BUGREPORT "tex-k@tug.org"
| #define PACKAGE_URL ""
| #define PACKAGE "autosp--tex-live-"
| #define VERSION "2016-01-30"
| #define STDC_HEADERS 1
| #define HAVE_SYS_TYPES_H 1
| #define HAVE_SYS_STAT_H 1
| #define HAVE_STDLIB_H 1
| #define HAVE_STRING_H 1
| #define HAVE_MEMORY_H 1
| #define HAVE_STRINGS_H 1
| #define HAVE_INTTYPES_H 1
| #define HAVE_STDINT_H 1
| #define HAVE_UNISTD_H 1
| #define HAVE_STDLIB_H 1
| #define HAVE_STRING_H 1
| #define HAVE_STDIO_H 1
| #define HAVE_TIME_H 1
| #define HAVE_GETOPT_H 1
| #define HAVE_CTYPE_H 1
| #define HAVE_LIMITS_H 1
| #define HAVE__BOOL 1
| #define HAVE_STDBOOL_H 1
| #define HAVE_STRSTR 1
| /* end confdefs.h.  */
| #ifndef _WIN64
|   choke me
| #endif
| int
| main ()
| {
| 
|   ;
|   return 0;
| }
configure:5366: result: no
configure:5534: checking that generated files are newer than configure
configure:5540: result: done
configure:5579: creating ./config.status

## ---------------------- ##
## Running config.status. ##
## ---------------------- ##

This file was extended by autosp (TeX Live) config.status 2016-01-30, which was
generated by GNU Autoconf 2.69.  Invocation command line was

  CONFIG_FILES    = 
  CONFIG_HEADERS  = 
  CONFIG_LINKS    = 
  CONFIG_COMMANDS = 
  $ ./config.status 

on maqiyuan-E430c

config.status:788: creating Makefile
config.status:960: executing depfiles commands

## ---------------- ##
## Cache variables. ##
## ---------------- ##

ac_cv_c_compiler_gnu=yes
ac_cv_env_CC_set=
ac_cv_env_CC_value=
ac_cv_env_CFLAGS_set=
ac_cv_env_CFLAGS_value=
ac_cv_env_CPPFLAGS_set=
ac_cv_env_CPPFLAGS_value=
ac_cv_env_CPP_set=
ac_cv_env_CPP_value=
ac_cv_env_LDFLAGS_set=
ac_cv_env_LDFLAGS_value=
ac_cv_env_LIBS_set=
ac_cv_env_LIBS_value=
ac_cv_env_build_alias_set=
ac_cv_env_build_alias_value=
ac_cv_env_host_alias_set=
ac_cv_env_host_alias_value=
ac_cv_env_target_alias_set=
ac_cv_env_target_alias_value=
ac_cv_func_strstr=yes
ac_cv_header_ctype_h=yes
ac_cv_header_getopt_h=yes
ac_cv_header_inttypes_h=yes
ac_cv_header_limits_h=yes
ac_cv_header_memory_h=yes
ac_cv_header_stdbool_h=yes
ac_cv_header_stdc=yes
ac_cv_header_stdint_h=yes
ac_cv_header_stdio_h=yes
ac_cv_header_stdlib_h=yes
ac_cv_header_string_h=yes
ac_cv_header_strings_h=yes
ac_cv_header_sys_stat_h=yes
ac_cv_header_sys_types_h=yes
ac_cv_header_time_h=yes
ac_cv_header_unistd_h=yes
ac_cv_objext=o
ac_cv_path_EGREP='/bin/grep -E'
ac_cv_path_GREP=/bin/grep
ac_cv_path_install='/usr/bin/install -c'
ac_cv_path_mkdir=/bin/mkdir
ac_cv_prog_AWK=gawk
ac_cv_prog_CPP='gcc -E'
ac_cv_prog_ac_ct_CC=gcc
ac_cv_prog_cc_c89=
ac_cv_prog_cc_g=yes
ac_cv_prog_make_make_set=yes
ac_cv_type__Bool=yes
ac_cv_type_size_t=yes
am_cv_CC_dependencies_compiler_type=gcc3
am_cv_make_support_nested_variables=yes
am_cv_prog_cc_c_o=yes
kb_cv_c_prototypes=yes
kpse_cv_have_win32=no
kpse_cv_have_win64=no
kpse_cv_warning_cflags='-Wimplicit -Wreturn-type -Wdeclaration-after-statement -Wno-unknown-pragmas'

## ----------------- ##
## Output variables. ##
## ----------------- ##

ACLOCAL='${SHELL} /home/maqiyuan/Desktop/texlive-upstream/build-aux/missing aclocal-1.15'
AMDEPBACKSLASH='\'
AMDEP_FALSE='#'
AMDEP_TRUE=''
AMTAR='$${TAR-tar}'
AM_BACKSLASH='\'
AM_DEFAULT_V='$(AM_DEFAULT_VERBOSITY)'
AM_DEFAULT_VERBOSITY='1'
AM_V='$(V)'
AUTOCONF='${SHELL} /home/maqiyuan/Desktop/texlive-upstream/build-aux/missing autoconf'
AUTOHEADER='${SHELL} /home/maqiyuan/Desktop/texlive-upstream/build-aux/missing autoheader'
AUTOMAKE='${SHELL} /home/maqiyuan/Desktop/texlive-upstream/build-aux/missing automake-1.15'
AUTOSP_TREE='autosp-src'
AWK='gawk'
CC='gcc'
CCDEPMODE='depmode=gcc3'
CFLAGS='-g -O2'
CPP='gcc -E'
CPPFLAGS=''
CYGPATH_W='echo'
DEFS='-DPACKAGE_NAME=\"autosp\ \(TeX\ Live\)\" -DPACKAGE_TARNAME=\"autosp--tex-live-\" -DPACKAGE_VERSION=\"2016-01-30\" -DPACKAGE_STRING=\"autosp\ \(TeX\ Live\)\ 2016-01-30\" -DPACKAGE_BUGREPORT=\"tex-k@tug.org\" -DPACKAGE_URL=\"\" -DPACKAGE=\"autosp--tex-live-\" -DVERSION=\"2016-01-30\" -DSTDC_HEADERS=1 -DHAVE_SYS_TYPES_H=1 -DHAVE_SYS_STAT_H=1 -DHAVE_STDLIB_H=1 -DHAVE_STRING_H=1 -DHAVE_MEMORY_H=1 -DHAVE_STRINGS_H=1 -DHAVE_INTTYPES_H=1 -DHAVE_STDINT_H=1 -DHAVE_UNISTD_H=1 -DHAVE_STDLIB_H=1 -DHAVE_STRING_H=1 -DHAVE_STDIO_H=1 -DHAVE_TIME_H=1 -DHAVE_GETOPT_H=1 -DHAVE_CTYPE_H=1 -DHAVE_LIMITS_H=1 -DHAVE__BOOL=1 -DHAVE_STDBOOL_H=1 -DHAVE_STRSTR=1'
DEPDIR='.deps'
ECHO_C=''
ECHO_N='-n'
ECHO_T=''
EGREP='/bin/grep -E'
EXEEXT=''
GREP='/bin/grep'
INSTALL_DATA='${INSTALL} -m 644'
INSTALL_PROGRAM='${INSTALL}'
INSTALL_SCRIPT='${INSTALL}'
INSTALL_STRIP_PROGRAM='$(install_sh) -c -s'
LDFLAGS=''
LIBOBJS=''
LIBS=''
LTLIBOBJS=''
MAINT='#'
MAINTAINER_MODE_FALSE=''
MAINTAINER_MODE_TRUE='#'
MAKEINFO='${SHELL} /home/maqiyuan/Desktop/texlive-upstream/build-aux/missing makeinfo'
MKDIR_P='/bin/mkdir -p'
OBJEXT='o'
PACKAGE='autosp--tex-live-'
PACKAGE_BUGREPORT='tex-k@tug.org'
PACKAGE_NAME='autosp (TeX Live)'
PACKAGE_STRING='autosp (TeX Live) 2016-01-30'
PACKAGE_TARNAME='autosp--tex-live-'
PACKAGE_URL=''
PACKAGE_VERSION='2016-01-30'
PATH_SEPARATOR=':'
SET_MAKE=''
SHELL='/bin/bash'
STRIP=''
VERSION='2016-01-30'
WARNING_CFLAGS='-Wimplicit -Wreturn-type -Wdeclaration-after-statement -Wno-unknown-pragmas'
WIN32_FALSE=''
WIN32_TRUE='#'
WIN32_WRAP_FALSE='#'
WIN32_WRAP_TRUE=''
WIN_WRAPPER='w32_wrapper'
ac_ct_CC='gcc'
am__EXEEXT_FALSE=''
am__EXEEXT_TRUE='#'
am__fastdepCC_FALSE='#'
am__fastdepCC_TRUE=''
am__include='include'
am__isrc=''
am__leading_dot='.'
am__nodep='_no'
am__quote=''
am__tar='$${TAR-tar} chof - "$$tardir"'
am__untar='$${TAR-tar} xf -'
bindir='${exec_prefix}/bin/x86_64-pc-linux-gnu'
build_alias=''
datadir='${datarootdir}'
datarootdir='${prefix}'
docdir='${datarootdir}/doc/${PACKAGE_TARNAME}'
dvidir='${docdir}'
exec_prefix='${prefix}'
host_alias=''
htmldir='${docdir}'
includedir='${prefix}/include'
infodir='${prefix}/texmf-dist/doc/info'
install_sh='${SHELL} /home/maqiyuan/Desktop/texlive-upstream/build-aux/install-sh'
libdir='${exec_prefix}/lib/x86_64-pc-linux-gnu'
libexecdir='${exec_prefix}/libexec'
localedir='${datarootdir}/locale'
localstatedir='${prefix}/var'
mandir='${prefix}/texmf-dist/doc/man'
mkdir_p='$(MKDIR_P)'
oldincludedir='/usr/include'
pdfdir='${docdir}'
prefix='/usr/local'
program_transform_name='s,x,x,'
psdir='${docdir}'
sbindir='${exec_prefix}/sbin'
sharedstatedir='${prefix}/com'
sysconfdir='${prefix}/etc'
target_alias=''

## ----------- ##
## confdefs.h. ##
## ----------- ##

/* confdefs.h */
#define PACKAGE_NAME "autosp (TeX Live)"
#define PACKAGE_TARNAME "autosp--tex-live-"
#define PACKAGE_VERSION "2016-01-30"
#define PACKAGE_STRING "autosp (TeX Live) 2016-01-30"
#define PACKAGE_BUGREPORT "tex-k@tug.org"
#define PACKAGE_URL ""
#define PACKAGE "autosp--tex-live-"
#define VERSION "2016-01-30"
#define STDC_HEADERS 1
#define HAVE_SYS_TYPES_H 1
#define HAVE_SYS_STAT_H 1
#define HAVE_STDLIB_H 1
#define HAVE_STRING_H 1
#define HAVE_MEMORY_H 1
#define HAVE_STRINGS_H 1
#define HAVE_INTTYPES_H 1
#define HAVE_STDINT_H 1
#define HAVE_UNISTD_H 1
#define HAVE_STDLIB_H 1
#define HAVE_STRING_H 1
#define HAVE_STDIO_H 1
#define HAVE_TIME_H 1
#define HAVE_GETOPT_H 1
#define HAVE_CTYPE_H 1
#define HAVE_LIMITS_H 1
#define HAVE__BOOL 1
#define HAVE_STDBOOL_H 1
#define HAVE_STRSTR 1

configure: exit 0
