This file contains any messages produced by compilers while
running configure, to aid debugging if configure makes a mistake.

It was created by TECkit (TeX Live) configure 2.5.4, which was
generated by GNU Autoconf 2.69.  Invocation command line was

  $ ./configure --disable-option-checking --prefix=/usr/local --enable-build-in-source-tree --enable-native-texlive-build --enable-largefile --disable-silent-rules --enable-multiplatform=yes --enable-cxx-runtime-hack=yes --enable-libtool-hack=yes --disable-shared --enable-texlive-build --bindir=${exec_prefix}/bin/x86_64-pc-linux-gnu --libdir=${exec_prefix}/lib/x86_64-pc-linux-gnu --with-x --enable-devnag=yes --enable-lacheck=yes --enable-m-tx=yes --enable-pmx=yes --enable-ps2eps=yes --enable-t1utils=yes --enable-texdoctk=yes --enable-tpic2pdftex=yes --enable-vlna=yes --enable-xindy=no --with-clisp-runtime=default --enable-xpdfopen=yes --enable-web2c=yes --enable-afm2pl=yes --enable-bibtex-x=yes --enable-chktex=yes --enable-cjkutils=yes --enable-detex=yes --enable-dtl=yes --enable-dvi2tty=yes --enable-dvidvi=yes --enable-dviljk=yes --enable-dvipdfm-x=yes --enable-dvipng=yes --enable-dvipos=yes --enable-dvipsk=yes --enable-dvisvgm=yes --enable-gregorio=yes --enable-gsftopk=yes --enable-lcdf-typetools=yes --enable-makeindexk=yes --enable-makejvf=yes --enable-mendexk=yes --enable-musixtnt=yes --enable-ps2pk=yes --enable-psutils=yes --enable-seetexk=yes --enable-tex4htk=yes --enable-ttf2pk2=yes --enable-ttfdump=yes --enable-xdvik=yes --enable-texlive=yes --with-system-harfbuzz=no --with-system-icu=no --with-system-teckit=no --with-system-graphite2=no --with-system-zziplib=no --with-system-xpdf=no --with-system-poppler=no --with-system-mpfr=no --with-system-gmp=no --with-system-cairo=no --with-system-pixman=no --with-system-potrace=no --with-system-gd=no --with-system-freetype2=no --with-system-libpng=no --with-system-libpaper=no --with-system-zlib=no --with-system-ptexenc=no --with-system-kpathsea=no --datarootdir=${prefix} --mandir=${prefix}/texmf-dist/doc/man --infodir=${prefix}/texmf-dist/doc/info --cache-file=/dev/null --srcdir=.

## --------- ##
## Platform. ##
## --------- ##

hostname = maqiyuan-E430c
uname -m = x86_64
uname -r = 4.4.0-31-generic
uname -s = Linux
uname -v = #50-Ubuntu SMP Wed Jul 13 00:07:12 UTC 2016

/usr/bin/uname -p = unknown
/bin/uname -X     = unknown

/bin/arch              = unknown
/usr/bin/arch -k       = unknown
/usr/convex/getsysinfo = unknown
/usr/bin/hostinfo      = unknown
/bin/machine           = unknown
/usr/bin/oslevel       = unknown
/bin/universe          = unknown

PATH: /usr/local/sbin
PATH: /usr/local/bin
PATH: /usr/sbin
PATH: /usr/bin
PATH: /sbin
PATH: /bin
PATH: /usr/games
PATH: /usr/local/games
PATH: /snap/bin
PATH: /home/maqiyuan/bin/FDK/Tools/linux


## ----------- ##
## Core tests. ##
## ----------- ##

configure:2509: checking for a BSD-compatible install
configure:2577: result: /usr/bin/install -c
configure:2588: checking whether build environment is sane
configure:2643: result: yes
configure:2794: checking for a thread-safe mkdir -p
configure:2833: result: /bin/mkdir -p
configure:2840: checking for gawk
configure:2856: found /usr/bin/gawk
configure:2867: result: gawk
configure:2878: checking whether make sets $(MAKE)
configure:2900: result: yes
configure:2929: checking whether make supports nested variables
configure:2946: result: yes
configure:2969: checking for style of include used by make
configure:2997: result: GNU
configure:3068: checking for gcc
configure:3084: found /usr/bin/gcc
configure:3095: result: gcc
configure:3324: checking for C compiler version
configure:3333: gcc --version >&5
gcc (Ubuntu 5.4.0-6ubuntu1~16.04.1) 5.4.0 20160609
Copyright (C) 2015 Free Software Foundation, Inc.
This is free software; see the source for copying conditions.  There is NO
warranty; not even for MERCHANTABILITY or FITNESS FOR A PARTICULAR PURPOSE.

configure:3344: $? = 0
configure:3333: gcc -v >&5
Using built-in specs.
COLLECT_GCC=gcc
COLLECT_LTO_WRAPPER=/usr/lib/gcc/x86_64-linux-gnu/5/lto-wrapper
Target: x86_64-linux-gnu
Configured with: ../src/configure -v --with-pkgversion='Ubuntu 5.4.0-6ubuntu1~16.04.1' --with-bugurl=file:///usr/share/doc/gcc-5/README.Bugs --enable-languages=c,ada,c++,java,go,d,fortran,objc,obj-c++ --prefix=/usr --program-suffix=-5 --enable-shared --enable-linker-build-id --libexecdir=/usr/lib --without-included-gettext --enable-threads=posix --libdir=/usr/lib --enable-nls --with-sysroot=/ --enable-clocale=gnu --enable-libstdcxx-debug --enable-libstdcxx-time=yes --with-default-libstdcxx-abi=new --enable-gnu-unique-object --disable-vtable-verify --enable-libmpx --enable-plugin --with-system-zlib --disable-browser-plugin --enable-java-awt=gtk --enable-gtk-cairo --with-java-home=/usr/lib/jvm/java-1.5.0-gcj-5-amd64/jre --enable-java-home --with-jvm-root-dir=/usr/lib/jvm/java-1.5.0-gcj-5-amd64 --with-jvm-jar-dir=/usr/lib/jvm-exports/java-1.5.0-gcj-5-amd64 --with-arch-directory=amd64 --with-ecj-jar=/usr/share/java/eclipse-ecj.jar --enable-objc-gc --enable-multiarch --disable-werror --with-arch-32=i686 --with-abi=m64 --with-multilib-list=m32,m64,mx32 --enable-multilib --with-tune=generic --enable-checking=release --build=x86_64-linux-gnu --host=x86_64-linux-gnu --target=x86_64-linux-gnu
Thread model: posix
gcc version 5.4.0 20160609 (Ubuntu 5.4.0-6ubuntu1~16.04.1) 
configure:3344: $? = 0
configure:3333: gcc -V >&5
gcc: error: unrecognized command line option '-V'
gcc: fatal error: no input files
compilation terminated.
configure:3344: $? = 1
configure:3333: gcc -qversion >&5
gcc: error: unrecognized command line option '-qversion'
gcc: fatal error: no input files
compilation terminated.
configure:3344: $? = 1
configure:3364: checking whether the C compiler works
configure:3386: gcc    conftest.c  >&5
configure:3390: $? = 0
configure:3438: result: yes
configure:3441: checking for C compiler default output file name
configure:3443: result: a.out
configure:3449: checking for suffix of executables
configure:3456: gcc -o conftest    conftest.c  >&5
configure:3460: $? = 0
configure:3482: result: 
configure:3504: checking whether we are cross compiling
configure:3512: gcc -o conftest    conftest.c  >&5
configure:3516: $? = 0
configure:3523: ./conftest
configure:3527: $? = 0
configure:3542: result: no
configure:3547: checking for suffix of object files
configure:3569: gcc -c   conftest.c >&5
configure:3573: $? = 0
configure:3594: result: o
configure:3598: checking whether we are using the GNU C compiler
configure:3617: gcc -c   conftest.c >&5
configure:3617: $? = 0
configure:3626: result: yes
configure:3635: checking whether gcc accepts -g
configure:3655: gcc -c -g  conftest.c >&5
configure:3655: $? = 0
configure:3696: result: yes
configure:3713: checking for gcc option to accept ISO C89
configure:3776: gcc  -c -g -O2  conftest.c >&5
configure:3776: $? = 0
configure:3789: result: none needed
configure:3814: checking whether gcc understands -c and -o together
configure:3836: gcc -c conftest.c -o conftest2.o
configure:3839: $? = 0
configure:3836: gcc -c conftest.c -o conftest2.o
configure:3839: $? = 0
configure:3851: result: yes
configure:3870: checking dependency style of gcc
configure:3981: result: gcc3
configure:4129: checking whether to enable maintainer-specific portions of Makefiles
configure:4138: result: no
configure:4151: checking whether the compiler accepts prototypes
configure:4167: gcc -o conftest -g -O2   conftest.c  >&5
configure:4167: $? = 0
configure:4175: result: yes
configure:4180: checking what warning flags to pass to the C compiler
configure:4225: result: -Wimplicit -Wreturn-type -Wdeclaration-after-statement -Wno-unknown-pragmas
configure:4295: checking for g++
configure:4311: found /usr/bin/g++
configure:4322: result: g++
configure:4349: checking for C++ compiler version
configure:4358: g++ --version >&5
g++ (Ubuntu 5.4.0-6ubuntu1~16.04.1) 5.4.0 20160609
Copyright (C) 2015 Free Software Foundation, Inc.
This is free software; see the source for copying conditions.  There is NO
warranty; not even for MERCHANTABILITY or FITNESS FOR A PARTICULAR PURPOSE.

configure:4369: $? = 0
configure:4358: g++ -v >&5
Using built-in specs.
COLLECT_GCC=g++
COLLECT_LTO_WRAPPER=/usr/lib/gcc/x86_64-linux-gnu/5/lto-wrapper
Target: x86_64-linux-gnu
Configured with: ../src/configure -v --with-pkgversion='Ubuntu 5.4.0-6ubuntu1~16.04.1' --with-bugurl=file:///usr/share/doc/gcc-5/README.Bugs --enable-languages=c,ada,c++,java,go,d,fortran,objc,obj-c++ --prefix=/usr --program-suffix=-5 --enable-shared --enable-linker-build-id --libexecdir=/usr/lib --without-included-gettext --enable-threads=posix --libdir=/usr/lib --enable-nls --with-sysroot=/ --enable-clocale=gnu --enable-libstdcxx-debug --enable-libstdcxx-time=yes --with-default-libstdcxx-abi=new --enable-gnu-unique-object --disable-vtable-verify --enable-libmpx --enable-plugin --with-system-zlib --disable-browser-plugin --enable-java-awt=gtk --enable-gtk-cairo --with-java-home=/usr/lib/jvm/java-1.5.0-gcj-5-amd64/jre --enable-java-home --with-jvm-root-dir=/usr/lib/jvm/java-1.5.0-gcj-5-amd64 --with-jvm-jar-dir=/usr/lib/jvm-exports/java-1.5.0-gcj-5-amd64 --with-arch-directory=amd64 --with-ecj-jar=/usr/share/java/eclipse-ecj.jar --enable-objc-gc --enable-multiarch --disable-werror --with-arch-32=i686 --with-abi=m64 --with-multilib-list=m32,m64,mx32 --enable-multilib --with-tune=generic --enable-checking=release --build=x86_64-linux-gnu --host=x86_64-linux-gnu --target=x86_64-linux-gnu
Thread model: posix
gcc version 5.4.0 20160609 (Ubuntu 5.4.0-6ubuntu1~16.04.1) 
configure:4369: $? = 0
configure:4358: g++ -V >&5
g++: error: unrecognized command line option '-V'
g++: fatal error: no input files
compilation terminated.
configure:4369: $? = 1
configure:4358: g++ -qversion >&5
g++: error: unrecognized command line option '-qversion'
g++: fatal error: no input files
compilation terminated.
configure:4369: $? = 1
configure:4373: checking whether we are using the GNU C++ compiler
configure:4392: g++ -c   conftest.cpp >&5
configure:4392: $? = 0
configure:4401: result: yes
configure:4410: checking whether g++ accepts -g
configure:4430: g++ -c -g  conftest.cpp >&5
configure:4430: $? = 0
configure:4471: result: yes
configure:4496: checking dependency style of g++
configure:4607: result: gcc3
configure:4621: checking what warning flags to pass to the C++ compiler
configure:4662: result: -Wreturn-type -Wno-unknown-pragmas -Wno-write-strings
configure:4716: checking for gcc
configure:4743: result: gcc
configure:4972: checking for C compiler version
configure:4981: gcc --version >&5
gcc (Ubuntu 5.4.0-6ubuntu1~16.04.1) 5.4.0 20160609
Copyright (C) 2015 Free Software Foundation, Inc.
This is free software; see the source for copying conditions.  There is NO
warranty; not even for MERCHANTABILITY or FITNESS FOR A PARTICULAR PURPOSE.

configure:4992: $? = 0
configure:4981: gcc -v >&5
Using built-in specs.
COLLECT_GCC=gcc
COLLECT_LTO_WRAPPER=/usr/lib/gcc/x86_64-linux-gnu/5/lto-wrapper
Target: x86_64-linux-gnu
Configured with: ../src/configure -v --with-pkgversion='Ubuntu 5.4.0-6ubuntu1~16.04.1' --with-bugurl=file:///usr/share/doc/gcc-5/README.Bugs --enable-languages=c,ada,c++,java,go,d,fortran,objc,obj-c++ --prefix=/usr --program-suffix=-5 --enable-shared --enable-linker-build-id --libexecdir=/usr/lib --without-included-gettext --enable-threads=posix --libdir=/usr/lib --enable-nls --with-sysroot=/ --enable-clocale=gnu --enable-libstdcxx-debug --enable-libstdcxx-time=yes --with-default-libstdcxx-abi=new --enable-gnu-unique-object --disable-vtable-verify --enable-libmpx --enable-plugin --with-system-zlib --disable-browser-plugin --enable-java-awt=gtk --enable-gtk-cairo --with-java-home=/usr/lib/jvm/java-1.5.0-gcj-5-amd64/jre --enable-java-home --with-jvm-root-dir=/usr/lib/jvm/java-1.5.0-gcj-5-amd64 --with-jvm-jar-dir=/usr/lib/jvm-exports/java-1.5.0-gcj-5-amd64 --with-arch-directory=amd64 --with-ecj-jar=/usr/share/java/eclipse-ecj.jar --enable-objc-gc --enable-multiarch --disable-werror --with-arch-32=i686 --with-abi=m64 --with-multilib-list=m32,m64,mx32 --enable-multilib --with-tune=generic --enable-checking=release --build=x86_64-linux-gnu --host=x86_64-linux-gnu --target=x86_64-linux-gnu
Thread model: posix
gcc version 5.4.0 20160609 (Ubuntu 5.4.0-6ubuntu1~16.04.1) 
configure:4992: $? = 0
configure:4981: gcc -V >&5
gcc: error: unrecognized command line option '-V'
gcc: fatal error: no input files
compilation terminated.
configure:4992: $? = 1
configure:4981: gcc -qversion >&5
gcc: error: unrecognized command line option '-qversion'
gcc: fatal error: no input files
compilation terminated.
configure:4992: $? = 1
configure:4996: checking whether we are using the GNU C compiler
configure:5024: result: yes
configure:5033: checking whether gcc accepts -g
configure:5094: result: yes
configure:5111: checking for gcc option to accept ISO C89
configure:5187: result: none needed
configure:5212: checking whether gcc understands -c and -o together
configure:5249: result: yes
configure:5268: checking dependency style of gcc
configure:5379: result: gcc3
configure:5437: checking for ranlib
configure:5453: found /usr/bin/ranlib
configure:5464: result: ranlib
configure:5486: checking whether ln -s works
configure:5490: result: yes
configure:5502: checking build system type
configure:5516: result: x86_64-pc-linux-gnu
configure:5536: checking host system type
configure:5549: result: x86_64-pc-linux-gnu
configure:5580: checking how to run the C++ preprocessor
configure:5607: g++ -E  conftest.cpp
configure:5607: $? = 0
configure:5621: g++ -E  conftest.cpp
conftest.cpp:11:28: fatal error: ac_nonexistent.h: No such file or directory
compilation terminated.
configure:5621: $? = 1
configure: failed program was:
| /* confdefs.h */
| #define PACKAGE_NAME "TECkit (TeX Live)"
| #define PACKAGE_TARNAME "teckit--tex-live-"
| #define PACKAGE_VERSION "2.5.4"
| #define PACKAGE_STRING "TECkit (TeX Live) 2.5.4"
| #define PACKAGE_BUGREPORT "tex-k@tug.org"
| #define PACKAGE_URL ""
| #define PACKAGE "teckit--tex-live-"
| #define VERSION "2.5.4"
| /* end confdefs.h.  */
| #include <ac_nonexistent.h>
configure:5646: result: g++ -E
configure:5666: g++ -E  conftest.cpp
configure:5666: $? = 0
configure:5680: g++ -E  conftest.cpp
conftest.cpp:11:28: fatal error: ac_nonexistent.h: No such file or directory
compilation terminated.
configure:5680: $? = 1
configure: failed program was:
| /* confdefs.h */
| #define PACKAGE_NAME "TECkit (TeX Live)"
| #define PACKAGE_TARNAME "teckit--tex-live-"
| #define PACKAGE_VERSION "2.5.4"
| #define PACKAGE_STRING "TECkit (TeX Live) 2.5.4"
| #define PACKAGE_BUGREPORT "tex-k@tug.org"
| #define PACKAGE_URL ""
| #define PACKAGE "teckit--tex-live-"
| #define VERSION "2.5.4"
| /* end confdefs.h.  */
| #include <ac_nonexistent.h>
configure:5709: checking for grep that handles long lines and -e
configure:5767: result: /bin/grep
configure:5772: checking for egrep
configure:5834: result: /bin/grep -E
configure:5839: checking for ANSI C header files
configure:5859: g++ -c -g -O2  conftest.cpp >&5
configure:5859: $? = 0
configure:5932: g++ -o conftest -g -O2   conftest.cpp  >&5
configure:5932: $? = 0
configure:5932: ./conftest
configure:5932: $? = 0
configure:5943: result: yes
configure:5956: checking for sys/types.h
configure:5956: g++ -c -g -O2  conftest.cpp >&5
configure:5956: $? = 0
configure:5956: result: yes
configure:5956: checking for sys/stat.h
configure:5956: g++ -c -g -O2  conftest.cpp >&5
configure:5956: $? = 0
configure:5956: result: yes
configure:5956: checking for stdlib.h
configure:5956: g++ -c -g -O2  conftest.cpp >&5
configure:5956: $? = 0
configure:5956: result: yes
configure:5956: checking for string.h
configure:5956: g++ -c -g -O2  conftest.cpp >&5
configure:5956: $? = 0
configure:5956: result: yes
configure:5956: checking for memory.h
configure:5956: g++ -c -g -O2  conftest.cpp >&5
configure:5956: $? = 0
configure:5956: result: yes
configure:5956: checking for strings.h
configure:5956: g++ -c -g -O2  conftest.cpp >&5
configure:5956: $? = 0
configure:5956: result: yes
configure:5956: checking for inttypes.h
configure:5956: g++ -c -g -O2  conftest.cpp >&5
configure:5956: $? = 0
configure:5956: result: yes
configure:5956: checking for stdint.h
configure:5956: g++ -c -g -O2  conftest.cpp >&5
configure:5956: $? = 0
configure:5956: result: yes
configure:5956: checking for unistd.h
configure:5956: g++ -c -g -O2  conftest.cpp >&5
configure:5956: $? = 0
configure:5956: result: yes
configure:5978: checking iostream usability
configure:5978: g++ -c -g -O2  conftest.cpp >&5
configure:5978: $? = 0
configure:5978: result: yes
configure:5978: checking iostream presence
configure:5978: g++ -E  conftest.cpp
configure:5978: $? = 0
configure:5978: result: yes
configure:5978: checking for iostream
configure:5978: result: yes
configure:5988: checking for statically linking C++ runtime library
configure:6021: g++ -o conftest -g -O2   conftest.cpp  -nodefaultlibs -Wl,-Bstatic -lstdc++ -Wl,-Bdynamic -lm -lgcc_eh -lgcc -lc -lgcc_eh -lgcc >&5
configure:6021: $? = 0
configure:6044: result: ok
configure:6047: using -nodefaultlibs -Wl,-Bstatic -lstdc++ -Wl,-Bdynamic -lm -lgcc_eh -lgcc -lc -lgcc_eh -lgcc
configure:6079: checking how to run the C preprocessor
configure:6110: gcc -E  conftest.c
configure:6110: $? = 0
configure:6124: gcc -E  conftest.c
conftest.c:22:28: fatal error: ac_nonexistent.h: No such file or directory
compilation terminated.
configure:6124: $? = 1
configure: failed program was:
| /* confdefs.h */
| #define PACKAGE_NAME "TECkit (TeX Live)"
| #define PACKAGE_TARNAME "teckit--tex-live-"
| #define PACKAGE_VERSION "2.5.4"
| #define PACKAGE_STRING "TECkit (TeX Live) 2.5.4"
| #define PACKAGE_BUGREPORT "tex-k@tug.org"
| #define PACKAGE_URL ""
| #define PACKAGE "teckit--tex-live-"
| #define VERSION "2.5.4"
| #define STDC_HEADERS 1
| #define HAVE_SYS_TYPES_H 1
| #define HAVE_SYS_STAT_H 1
| #define HAVE_STDLIB_H 1
| #define HAVE_STRING_H 1
| #define HAVE_MEMORY_H 1
| #define HAVE_STRINGS_H 1
| #define HAVE_INTTYPES_H 1
| #define HAVE_STDINT_H 1
| #define HAVE_UNISTD_H 1
| #define HAVE_IOSTREAM 1
| /* end confdefs.h.  */
| #include <ac_nonexistent.h>
configure:6149: result: gcc -E
configure:6169: gcc -E  conftest.c
configure:6169: $? = 0
configure:6183: gcc -E  conftest.c
conftest.c:22:28: fatal error: ac_nonexistent.h: No such file or directory
compilation terminated.
configure:6183: $? = 1
configure: failed program was:
| /* confdefs.h */
| #define PACKAGE_NAME "TECkit (TeX Live)"
| #define PACKAGE_TARNAME "teckit--tex-live-"
| #define PACKAGE_VERSION "2.5.4"
| #define PACKAGE_STRING "TECkit (TeX Live) 2.5.4"
| #define PACKAGE_BUGREPORT "tex-k@tug.org"
| #define PACKAGE_URL ""
| #define PACKAGE "teckit--tex-live-"
| #define VERSION "2.5.4"
| #define STDC_HEADERS 1
| #define HAVE_SYS_TYPES_H 1
| #define HAVE_SYS_STAT_H 1
| #define HAVE_STDLIB_H 1
| #define HAVE_STRING_H 1
| #define HAVE_MEMORY_H 1
| #define HAVE_STRINGS_H 1
| #define HAVE_INTTYPES_H 1
| #define HAVE_STDINT_H 1
| #define HAVE_UNISTD_H 1
| #define HAVE_IOSTREAM 1
| /* end confdefs.h.  */
| #include <ac_nonexistent.h>
configure:6212: checking for ANSI C header files
configure:6316: result: yes
configure:6327: checking for stdlib.h
configure:6327: result: yes
configure:6327: checking for string.h
configure:6327: result: yes
configure:6338: checking whether byte ordering is bigendian
configure:6353: gcc -c -g -O2  conftest.c >&5
conftest.c:26:9: error: unknown type name 'not'
         not a universal capable compiler
         ^
conftest.c:26:15: error: expected '=', ',', ';', 'asm' or '__attribute__' before 'universal'
         not a universal capable compiler
               ^
conftest.c:26:15: error: unknown type name 'universal'
configure:6353: $? = 1
configure: failed program was:
| /* confdefs.h */
| #define PACKAGE_NAME "TECkit (TeX Live)"
| #define PACKAGE_TARNAME "teckit--tex-live-"
| #define PACKAGE_VERSION "2.5.4"
| #define PACKAGE_STRING "TECkit (TeX Live) 2.5.4"
| #define PACKAGE_BUGREPORT "tex-k@tug.org"
| #define PACKAGE_URL ""
| #define PACKAGE "teckit--tex-live-"
| #define VERSION "2.5.4"
| #define STDC_HEADERS 1
| #define HAVE_SYS_TYPES_H 1
| #define HAVE_SYS_STAT_H 1
| #define HAVE_STDLIB_H 1
| #define HAVE_STRING_H 1
| #define HAVE_MEMORY_H 1
| #define HAVE_STRINGS_H 1
| #define HAVE_INTTYPES_H 1
| #define HAVE_STDINT_H 1
| #define HAVE_UNISTD_H 1
| #define HAVE_IOSTREAM 1
| #define STDC_HEADERS 1
| #define HAVE_STDLIB_H 1
| #define HAVE_STRING_H 1
| /* end confdefs.h.  */
| #ifndef __APPLE_CC__
| 	       not a universal capable compiler
| 	     #endif
| 	     typedef int dummy;
| 
configure:6398: gcc -c -g -O2  conftest.c >&5
configure:6398: $? = 0
configure:6416: gcc -c -g -O2  conftest.c >&5
conftest.c: In function 'main':
conftest.c:32:4: error: unknown type name 'not'
    not big endian
    ^
conftest.c:32:12: error: expected '=', ',', ';', 'asm' or '__attribute__' before 'endian'
    not big endian
            ^
configure:6416: $? = 1
configure: failed program was:
| /* confdefs.h */
| #define PACKAGE_NAME "TECkit (TeX Live)"
| #define PACKAGE_TARNAME "teckit--tex-live-"
| #define PACKAGE_VERSION "2.5.4"
| #define PACKAGE_STRING "TECkit (TeX Live) 2.5.4"
| #define PACKAGE_BUGREPORT "tex-k@tug.org"
| #define PACKAGE_URL ""
| #define PACKAGE "teckit--tex-live-"
| #define VERSION "2.5.4"
| #define STDC_HEADERS 1
| #define HAVE_SYS_TYPES_H 1
| #define HAVE_SYS_STAT_H 1
| #define HAVE_STDLIB_H 1
| #define HAVE_STRING_H 1
| #define HAVE_MEMORY_H 1
| #define HAVE_STRINGS_H 1
| #define HAVE_INTTYPES_H 1
| #define HAVE_STDINT_H 1
| #define HAVE_UNISTD_H 1
| #define HAVE_IOSTREAM 1
| #define STDC_HEADERS 1
| #define HAVE_STDLIB_H 1
| #define HAVE_STRING_H 1
| /* end confdefs.h.  */
| #include <sys/types.h>
| 		#include <sys/param.h>
| 
| int
| main ()
| {
| #if BYTE_ORDER != BIG_ENDIAN
| 		 not big endian
| 		#endif
| 
|   ;
|   return 0;
| }
configure:6544: result: no
configure:6607: checking if <zlib.h> defines 'z_const'
configure:6626: gcc -c -g -O2 -I/home/maqiyuan/Desktop/texlive-mobile/src/texlive-source/libs/zlib/include  conftest.c >&5
configure:6626: $? = 0
configure:6636: result: yes
configure:6665: checking for compress
configure:6665: gcc -o conftest -g -O2 -I/home/maqiyuan/Desktop/texlive-mobile/src/texlive-source/libs/zlib/include   conftest.c /home/maqiyuan/Desktop/texlive-mobile/src/texlive-source/libs/zlib/libz.a  >&5
configure:6665: $? = 0
configure:6665: result: yes
configure:6674: checking zlib.h usability
configure:6674: gcc -c -g -O2 -I/home/maqiyuan/Desktop/texlive-mobile/src/texlive-source/libs/zlib/include  conftest.c >&5
configure:6674: $? = 0
configure:6674: result: yes
configure:6674: checking zlib.h presence
configure:6674: gcc -E -I/home/maqiyuan/Desktop/texlive-mobile/src/texlive-source/libs/zlib/include  conftest.c
configure:6674: $? = 0
configure:6674: result: yes
configure:6674: checking for zlib.h
configure:6674: result: yes
configure:6813: checking that generated files are newer than configure
configure:6819: result: done
configure:6859: creating ./config.status

## ---------------------- ##
## Running config.status. ##
## ---------------------- ##

This file was extended by TECkit (TeX Live) config.status 2.5.4, which was
generated by GNU Autoconf 2.69.  Invocation command line was

  CONFIG_FILES    = 
  CONFIG_HEADERS  = 
  CONFIG_LINKS    = 
  CONFIG_COMMANDS = 
  $ ./config.status 

on maqiyuan-E430c

config.status:900: creating Makefile
config.status:900: creating include/teckit/Makefile
config.status:900: creating config.h
config.status:1129: executing depfiles commands
config.status:1129: executing CXXLD.sh commands

## ---------------- ##
## Cache variables. ##
## ---------------- ##

ac_cv_build=x86_64-pc-linux-gnu
ac_cv_c_bigendian=no
ac_cv_c_compiler_gnu=yes
ac_cv_cxx_compiler_gnu=yes
ac_cv_env_CCC_set=
ac_cv_env_CCC_value=
ac_cv_env_CC_set=
ac_cv_env_CC_value=
ac_cv_env_CFLAGS_set=
ac_cv_env_CFLAGS_value=
ac_cv_env_CPPFLAGS_set=
ac_cv_env_CPPFLAGS_value=
ac_cv_env_CPP_set=
ac_cv_env_CPP_value=
ac_cv_env_CXXCPP_set=
ac_cv_env_CXXCPP_value=
ac_cv_env_CXXFLAGS_set=
ac_cv_env_CXXFLAGS_value=
ac_cv_env_CXX_set=
ac_cv_env_CXX_value=
ac_cv_env_LDFLAGS_set=
ac_cv_env_LDFLAGS_value=
ac_cv_env_LIBS_set=
ac_cv_env_LIBS_value=
ac_cv_env_build_alias_set=
ac_cv_env_build_alias_value=
ac_cv_env_host_alias_set=
ac_cv_env_host_alias_value=
ac_cv_env_target_alias_set=
ac_cv_env_target_alias_value=
ac_cv_func_compress=yes
ac_cv_header_inttypes_h=yes
ac_cv_header_iostream=yes
ac_cv_header_memory_h=yes
ac_cv_header_stdc=yes
ac_cv_header_stdint_h=yes
ac_cv_header_stdlib_h=yes
ac_cv_header_string_h=yes
ac_cv_header_strings_h=yes
ac_cv_header_sys_stat_h=yes
ac_cv_header_sys_types_h=yes
ac_cv_header_unistd_h=yes
ac_cv_header_zlib_h=yes
ac_cv_host=x86_64-pc-linux-gnu
ac_cv_objext=o
ac_cv_path_EGREP='/bin/grep -E'
ac_cv_path_GREP=/bin/grep
ac_cv_path_install='/usr/bin/install -c'
ac_cv_path_mkdir=/bin/mkdir
ac_cv_prog_AWK=gawk
ac_cv_prog_CPP='gcc -E'
ac_cv_prog_CXXCPP='g++ -E'
ac_cv_prog_ac_ct_CC=gcc
ac_cv_prog_ac_ct_CXX=g++
ac_cv_prog_ac_ct_RANLIB=ranlib
ac_cv_prog_cc_c89=
ac_cv_prog_cc_g=yes
ac_cv_prog_cxx_g=yes
ac_cv_prog_make_make_set=yes
am_cv_CC_dependencies_compiler_type=gcc3
am_cv_CXX_dependencies_compiler_type=gcc3
am_cv_make_support_nested_variables=yes
am_cv_prog_cc_c_o=yes
kb_cv_c_prototypes=yes
kpse_cv_cxx_flags='-nodefaultlibs -Wl,-Bstatic -lstdc++ -Wl,-Bdynamic -lm -lgcc_eh -lgcc -lc -lgcc_eh -lgcc'
kpse_cv_cxx_hack=ok
kpse_cv_have_decl_z_const=yes
kpse_cv_warning_cflags='-Wimplicit -Wreturn-type -Wdeclaration-after-statement -Wno-unknown-pragmas'
kpse_cv_warning_cxxflags='-Wreturn-type -Wno-unknown-pragmas -Wno-write-strings'

## ----------------- ##
## Output variables. ##
## ----------------- ##

	cd ${top_builddir}/../../libs/zlib && $(MAKE) $(AM_MAKEFLAGS) rebuild
	cd ${top_builddir}/../../libs/zlib && $(MAKE) $(AM_MAKEFLAGS) rebuild'
$(ZLIB_DEPEND): ${top_builddir}/../../libs/zlib/include/zconf.h
${top_builddir}/../../libs/zlib/include/zconf.h:
ACLOCAL='${SHELL} /home/maqiyuan/Desktop/texlive-mobile/src/texlive-source/build-aux/missing aclocal-1.15'
AMDEPBACKSLASH='\'
AMDEP_FALSE='#'
AMDEP_TRUE=''
AMTAR='$${TAR-tar}'
AM_BACKSLASH='\'
AM_DEFAULT_V='$(AM_DEFAULT_VERBOSITY)'
AM_DEFAULT_VERBOSITY='1'
AM_V='$(V)'
AUTOCONF='${SHELL} /home/maqiyuan/Desktop/texlive-mobile/src/texlive-source/build-aux/missing autoconf'
AUTOHEADER='${SHELL} /home/maqiyuan/Desktop/texlive-mobile/src/texlive-source/build-aux/missing autoheader'
AUTOMAKE='${SHELL} /home/maqiyuan/Desktop/texlive-mobile/src/texlive-source/build-aux/missing automake-1.15'
AWK='gawk'
CC='gcc'
CCDEPMODE='depmode=gcc3'
CFLAGS='-g -O2'
CPP='gcc -E'
CPPFLAGS=''
CXX='g++'
CXXCPP='g++ -E'
CXXDEPMODE='depmode=gcc3'
CXXFLAGS='-g -O2'
CXXLD='$(top_builddir)/CXXLD.sh'
CYGPATH_W='echo'
DEFS='-DHAVE_CONFIG_H'
DEPDIR='.deps'
ECHO_C=''
ECHO_N='-n'
ECHO_T=''
EGREP='/bin/grep -E'
EXEEXT=''
GREP='/bin/grep'
INSTALL_DATA='${INSTALL} -m 644'
INSTALL_PROGRAM='${INSTALL}'
INSTALL_SCRIPT='${INSTALL}'
INSTALL_STRIP_PROGRAM='$(install_sh) -c -s'
LDFLAGS=''
LIBOBJS=''
LIBS=''
LN_S='ln -s'
LTLIBOBJS=''
MAINT='#'
MAINTAINER_MODE_FALSE=''
MAINTAINER_MODE_TRUE='#'
MAKEINFO='${SHELL} /home/maqiyuan/Desktop/texlive-mobile/src/texlive-source/build-aux/missing makeinfo'
MKDIR_P='/bin/mkdir -p'
OBJEXT='o'
PACKAGE='teckit--tex-live-'
PACKAGE_BUGREPORT='tex-k@tug.org'
PACKAGE_NAME='TECkit (TeX Live)'
PACKAGE_STRING='TECkit (TeX Live) 2.5.4'
PACKAGE_TARNAME='teckit--tex-live-'
PACKAGE_URL=''
PACKAGE_VERSION='2.5.4'
PATH_SEPARATOR=':'
RANLIB='ranlib'
SET_MAKE=''
SHELL='/bin/bash'
STRIP=''
TECKIT_TREE='TECkit-2.5.4'
VERSION='2.5.4'
WARNING_CFLAGS='-Wimplicit -Wreturn-type -Wdeclaration-after-statement -Wno-unknown-pragmas'
WARNING_CXXFLAGS='-Wreturn-type -Wno-unknown-pragmas -Wno-write-strings'
ZLIB_DEPEND='${top_builddir}/../../libs/zlib/libz.a'
ZLIB_INCLUDES='-I/home/maqiyuan/Desktop/texlive-mobile/src/texlive-source/libs/zlib/include'
ZLIB_LIBS='/home/maqiyuan/Desktop/texlive-mobile/src/texlive-source/libs/zlib/libz.a'
ZLIB_RULE='# Rebuild libz
ac_ct_CC='gcc'
ac_ct_CXX='g++'
am__EXEEXT_FALSE=''
am__EXEEXT_TRUE='#'
am__fastdepCC_FALSE='#'
am__fastdepCC_TRUE=''
am__fastdepCXX_FALSE='#'
am__fastdepCXX_TRUE=''
am__include='include'
am__isrc=''
am__leading_dot='.'
am__nodep='_no'
am__quote=''
am__tar='$${TAR-tar} chof - "$$tardir"'
am__untar='$${TAR-tar} xf -'
bindir='${exec_prefix}/bin/x86_64-pc-linux-gnu'
build='x86_64-pc-linux-gnu'
build_FALSE='#'
build_TRUE=''
build_alias=''
build_cpu='x86_64'
build_os='linux-gnu'
build_vendor='pc'
datadir='${datarootdir}'
datarootdir='${prefix}'
docdir='${datarootdir}/doc/${PACKAGE_TARNAME}'
dvidir='${docdir}'
exec_prefix='${prefix}'
host='x86_64-pc-linux-gnu'
host_alias=''
host_cpu='x86_64'
host_os='linux-gnu'
host_vendor='pc'
htmldir='${docdir}'
includedir='${prefix}/include'
infodir='${prefix}/texmf-dist/doc/info'
install_sh='${SHELL} /home/maqiyuan/Desktop/texlive-mobile/src/texlive-source/build-aux/install-sh'
libdir='${exec_prefix}/lib/x86_64-pc-linux-gnu'
libexecdir='${exec_prefix}/libexec'
localedir='${datarootdir}/locale'
localstatedir='${prefix}/var'
mandir='${prefix}/texmf-dist/doc/man'
mkdir_p='$(MKDIR_P)'
oldincludedir='/usr/include'
pdfdir='${docdir}'
prefix='/usr/local'
program_transform_name='s,x,x,'
psdir='${docdir}'
sbindir='${exec_prefix}/sbin'
sharedstatedir='${prefix}/com'
sysconfdir='${prefix}/etc'
target_alias=''

## ----------- ##
## confdefs.h. ##
## ----------- ##

/* confdefs.h */
#define PACKAGE_NAME "TECkit (TeX Live)"
#define PACKAGE_TARNAME "teckit--tex-live-"
#define PACKAGE_VERSION "2.5.4"
#define PACKAGE_STRING "TECkit (TeX Live) 2.5.4"
#define PACKAGE_BUGREPORT "tex-k@tug.org"
#define PACKAGE_URL ""
#define PACKAGE "teckit--tex-live-"
#define VERSION "2.5.4"
#define STDC_HEADERS 1
#define HAVE_SYS_TYPES_H 1
#define HAVE_SYS_STAT_H 1
#define HAVE_STDLIB_H 1
#define HAVE_STRING_H 1
#define HAVE_MEMORY_H 1
#define HAVE_STRINGS_H 1
#define HAVE_INTTYPES_H 1
#define HAVE_STDINT_H 1
#define HAVE_UNISTD_H 1
#define HAVE_IOSTREAM 1
#define STDC_HEADERS 1
#define HAVE_STDLIB_H 1
#define HAVE_STRING_H 1
#define ZLIB_CONST 1
#define HAVE_ZLIB_H 1
#define HAVE_LIBZ 1

configure: exit 0
