This file contains any messages produced by compilers while
running configure, to aid debugging if configure makes a mistake.

It was created by m-tx (TeX Live) configure 0.61, which was
generated by GNU Autoconf 2.69.  Invocation command line was

  $ ./configure --disable-option-checking --prefix=/usr/local --enable-build-in-source-tree --enable-native-texlive-build --enable-largefile --disable-silent-rules --enable-multiplatform=yes --enable-cxx-runtime-hack=yes --enable-libtool-hack=yes --disable-shared --enable-texlive-build --bindir=${exec_prefix}/bin/x86_64-pc-linux-gnu --libdir=${exec_prefix}/lib/x86_64-pc-linux-gnu --with-x --enable-devnag=yes --enable-lacheck=yes --enable-m-tx=yes --enable-pmx=yes --enable-ps2eps=yes --enable-t1utils=yes --enable-texdoctk=yes --enable-tpic2pdftex=yes --enable-vlna=yes --enable-xindy=no --with-clisp-runtime=default --enable-xpdfopen=yes --enable-web2c=yes --enable-afm2pl=yes --enable-bibtex-x=yes --enable-chktex=yes --enable-cjkutils=yes --enable-detex=yes --enable-dtl=yes --enable-dvi2tty=yes --enable-dvidvi=yes --enable-dviljk=yes --enable-dvipdfm-x=yes --enable-dvipng=yes --enable-dvipos=yes --enable-dvipsk=yes --enable-dvisvgm=yes --enable-gregorio=yes --enable-gsftopk=yes --enable-lcdf-typetools=yes --enable-makeindexk=yes --enable-makejvf=yes --enable-mendexk=yes --enable-musixtnt=yes --enable-ps2pk=yes --enable-psutils=yes --enable-seetexk=yes --enable-tex4htk=yes --enable-ttf2pk2=yes --enable-ttfdump=yes --enable-xdvik=yes --enable-texlive=yes --with-system-harfbuzz=no --with-system-icu=no --with-system-teckit=no --with-system-graphite2=no --with-system-zziplib=no --with-system-xpdf=no --with-system-poppler=no --with-system-mpfr=no --with-system-gmp=no --with-system-cairo=no --with-system-pixman=no --with-system-potrace=no --with-system-gd=no --with-system-freetype2=no --with-system-libpng=no --with-system-libpaper=no --with-system-zlib=no --with-system-ptexenc=no --with-system-kpathsea=no --datarootdir=${prefix} --mandir=${prefix}/texmf-dist/doc/man --infodir=${prefix}/texmf-dist/doc/info --cache-file=/dev/null --srcdir=.

## --------- ##
## Platform. ##
## --------- ##

hostname = maqiyuan-E430c
uname -m = x86_64
uname -r = 4.4.0-31-generic
uname -s = Linux
uname -v = #50-Ubuntu SMP Wed Jul 13 00:07:12 UTC 2016

/usr/bin/uname -p = unknown
/bin/uname -X     = unknown

/bin/arch              = unknown
/usr/bin/arch -k       = unknown
/usr/convex/getsysinfo = unknown
/usr/bin/hostinfo      = unknown
/bin/machine           = unknown
/usr/bin/oslevel       = unknown
/bin/universe          = unknown

PATH: /usr/local/sbin
PATH: /usr/local/bin
PATH: /usr/sbin
PATH: /usr/bin
PATH: /sbin
PATH: /bin
PATH: /usr/games
PATH: /usr/local/games
PATH: /snap/bin
PATH: /home/maqiyuan/bin/FDK/Tools/linux


## ----------- ##
## Core tests. ##
## ----------- ##

configure:2261: checking for a BSD-compatible install
configure:2329: result: /usr/bin/install -c
configure:2340: checking whether build environment is sane
configure:2395: result: yes
configure:2546: checking for a thread-safe mkdir -p
configure:2585: result: /bin/mkdir -p
configure:2592: checking for gawk
configure:2608: found /usr/bin/gawk
configure:2619: result: gawk
configure:2630: checking whether make sets $(MAKE)
configure:2652: result: yes
configure:2681: checking whether make supports nested variables
configure:2698: result: yes
configure:2721: checking for style of include used by make
configure:2749: result: GNU
configure:2820: checking for gcc
configure:2836: found /usr/bin/gcc
configure:2847: result: gcc
configure:3076: checking for C compiler version
configure:3085: gcc --version >&5
gcc (Ubuntu 5.4.0-6ubuntu1~16.04.1) 5.4.0 20160609
Copyright (C) 2015 Free Software Foundation, Inc.
This is free software; see the source for copying conditions.  There is NO
warranty; not even for MERCHANTABILITY or FITNESS FOR A PARTICULAR PURPOSE.

configure:3096: $? = 0
configure:3085: gcc -v >&5
Using built-in specs.
COLLECT_GCC=gcc
COLLECT_LTO_WRAPPER=/usr/lib/gcc/x86_64-linux-gnu/5/lto-wrapper
Target: x86_64-linux-gnu
Configured with: ../src/configure -v --with-pkgversion='Ubuntu 5.4.0-6ubuntu1~16.04.1' --with-bugurl=file:///usr/share/doc/gcc-5/README.Bugs --enable-languages=c,ada,c++,java,go,d,fortran,objc,obj-c++ --prefix=/usr --program-suffix=-5 --enable-shared --enable-linker-build-id --libexecdir=/usr/lib --without-included-gettext --enable-threads=posix --libdir=/usr/lib --enable-nls --with-sysroot=/ --enable-clocale=gnu --enable-libstdcxx-debug --enable-libstdcxx-time=yes --with-default-libstdcxx-abi=new --enable-gnu-unique-object --disable-vtable-verify --enable-libmpx --enable-plugin --with-system-zlib --disable-browser-plugin --enable-java-awt=gtk --enable-gtk-cairo --with-java-home=/usr/lib/jvm/java-1.5.0-gcj-5-amd64/jre --enable-java-home --with-jvm-root-dir=/usr/lib/jvm/java-1.5.0-gcj-5-amd64 --with-jvm-jar-dir=/usr/lib/jvm-exports/java-1.5.0-gcj-5-amd64 --with-arch-directory=amd64 --with-ecj-jar=/usr/share/java/eclipse-ecj.jar --enable-objc-gc --enable-multiarch --disable-werror --with-arch-32=i686 --with-abi=m64 --with-multilib-list=m32,m64,mx32 --enable-multilib --with-tune=generic --enable-checking=release --build=x86_64-linux-gnu --host=x86_64-linux-gnu --target=x86_64-linux-gnu
Thread model: posix
gcc version 5.4.0 20160609 (Ubuntu 5.4.0-6ubuntu1~16.04.1) 
configure:3096: $? = 0
configure:3085: gcc -V >&5
gcc: error: unrecognized command line option '-V'
gcc: fatal error: no input files
compilation terminated.
configure:3096: $? = 1
configure:3085: gcc -qversion >&5
gcc: error: unrecognized command line option '-qversion'
gcc: fatal error: no input files
compilation terminated.
configure:3096: $? = 1
configure:3116: checking whether the C compiler works
configure:3138: gcc    conftest.c  >&5
configure:3142: $? = 0
configure:3190: result: yes
configure:3193: checking for C compiler default output file name
configure:3195: result: a.out
configure:3201: checking for suffix of executables
configure:3208: gcc -o conftest    conftest.c  >&5
configure:3212: $? = 0
configure:3234: result: 
configure:3256: checking whether we are cross compiling
configure:3264: gcc -o conftest    conftest.c  >&5
configure:3268: $? = 0
configure:3275: ./conftest
configure:3279: $? = 0
configure:3294: result: no
configure:3299: checking for suffix of object files
configure:3321: gcc -c   conftest.c >&5
configure:3325: $? = 0
configure:3346: result: o
configure:3350: checking whether we are using the GNU C compiler
configure:3369: gcc -c   conftest.c >&5
configure:3369: $? = 0
configure:3378: result: yes
configure:3387: checking whether gcc accepts -g
configure:3407: gcc -c -g  conftest.c >&5
configure:3407: $? = 0
configure:3448: result: yes
configure:3465: checking for gcc option to accept ISO C89
configure:3528: gcc  -c -g -O2  conftest.c >&5
configure:3528: $? = 0
configure:3541: result: none needed
configure:3566: checking whether gcc understands -c and -o together
configure:3588: gcc -c conftest.c -o conftest2.o
configure:3591: $? = 0
configure:3588: gcc -c conftest.c -o conftest2.o
configure:3591: $? = 0
configure:3603: result: yes
configure:3622: checking dependency style of gcc
configure:3733: result: gcc3
configure:3881: checking whether to enable maintainer-specific portions of Makefiles
configure:3890: result: no
configure:3903: checking whether the compiler accepts prototypes
configure:3919: gcc -o conftest -g -O2   conftest.c  >&5
configure:3919: $? = 0
configure:3927: result: yes
configure:3932: checking what warning flags to pass to the C compiler
configure:3977: result: -Wimplicit -Wreturn-type -Wdeclaration-after-statement -Wno-unknown-pragmas
configure:4036: checking for gcc
configure:4063: result: gcc
configure:4292: checking for C compiler version
configure:4301: gcc --version >&5
gcc (Ubuntu 5.4.0-6ubuntu1~16.04.1) 5.4.0 20160609
Copyright (C) 2015 Free Software Foundation, Inc.
This is free software; see the source for copying conditions.  There is NO
warranty; not even for MERCHANTABILITY or FITNESS FOR A PARTICULAR PURPOSE.

configure:4312: $? = 0
configure:4301: gcc -v >&5
Using built-in specs.
COLLECT_GCC=gcc
COLLECT_LTO_WRAPPER=/usr/lib/gcc/x86_64-linux-gnu/5/lto-wrapper
Target: x86_64-linux-gnu
Configured with: ../src/configure -v --with-pkgversion='Ubuntu 5.4.0-6ubuntu1~16.04.1' --with-bugurl=file:///usr/share/doc/gcc-5/README.Bugs --enable-languages=c,ada,c++,java,go,d,fortran,objc,obj-c++ --prefix=/usr --program-suffix=-5 --enable-shared --enable-linker-build-id --libexecdir=/usr/lib --without-included-gettext --enable-threads=posix --libdir=/usr/lib --enable-nls --with-sysroot=/ --enable-clocale=gnu --enable-libstdcxx-debug --enable-libstdcxx-time=yes --with-default-libstdcxx-abi=new --enable-gnu-unique-object --disable-vtable-verify --enable-libmpx --enable-plugin --with-system-zlib --disable-browser-plugin --enable-java-awt=gtk --enable-gtk-cairo --with-java-home=/usr/lib/jvm/java-1.5.0-gcj-5-amd64/jre --enable-java-home --with-jvm-root-dir=/usr/lib/jvm/java-1.5.0-gcj-5-amd64 --with-jvm-jar-dir=/usr/lib/jvm-exports/java-1.5.0-gcj-5-amd64 --with-arch-directory=amd64 --with-ecj-jar=/usr/share/java/eclipse-ecj.jar --enable-objc-gc --enable-multiarch --disable-werror --with-arch-32=i686 --with-abi=m64 --with-multilib-list=m32,m64,mx32 --enable-multilib --with-tune=generic --enable-checking=release --build=x86_64-linux-gnu --host=x86_64-linux-gnu --target=x86_64-linux-gnu
Thread model: posix
gcc version 5.4.0 20160609 (Ubuntu 5.4.0-6ubuntu1~16.04.1) 
configure:4312: $? = 0
configure:4301: gcc -V >&5
gcc: error: unrecognized command line option '-V'
gcc: fatal error: no input files
compilation terminated.
configure:4312: $? = 1
configure:4301: gcc -qversion >&5
gcc: error: unrecognized command line option '-qversion'
gcc: fatal error: no input files
compilation terminated.
configure:4312: $? = 1
configure:4316: checking whether we are using the GNU C compiler
configure:4344: result: yes
configure:4353: checking whether gcc accepts -g
configure:4414: result: yes
configure:4431: checking for gcc option to accept ISO C89
configure:4507: result: none needed
configure:4532: checking whether gcc understands -c and -o together
configure:4569: result: yes
configure:4588: checking dependency style of gcc
configure:4699: result: gcc3
configure:4716: checking whether ln -s works
configure:4720: result: yes
configure:4727: checking whether make sets $(MAKE)
configure:4749: result: yes
configure:4801: checking for ranlib
configure:4817: found /usr/bin/ranlib
configure:4828: result: ranlib
configure:4859: checking how to run the C preprocessor
configure:4890: gcc -E  conftest.c
configure:4890: $? = 0
configure:4904: gcc -E  conftest.c
conftest.c:11:28: fatal error: ac_nonexistent.h: No such file or directory
compilation terminated.
configure:4904: $? = 1
configure: failed program was:
| /* confdefs.h */
| #define PACKAGE_NAME "m-tx (TeX Live)"
| #define PACKAGE_TARNAME "m-tx--tex-live-"
| #define PACKAGE_VERSION "0.61"
| #define PACKAGE_STRING "m-tx (TeX Live) 0.61"
| #define PACKAGE_BUGREPORT "tex-k@tug.org"
| #define PACKAGE_URL ""
| #define PACKAGE "m-tx--tex-live-"
| #define VERSION "0.61"
| /* end confdefs.h.  */
| #include <ac_nonexistent.h>
configure:4929: result: gcc -E
configure:4949: gcc -E  conftest.c
configure:4949: $? = 0
configure:4963: gcc -E  conftest.c
conftest.c:11:28: fatal error: ac_nonexistent.h: No such file or directory
compilation terminated.
configure:4963: $? = 1
configure: failed program was:
| /* confdefs.h */
| #define PACKAGE_NAME "m-tx (TeX Live)"
| #define PACKAGE_TARNAME "m-tx--tex-live-"
| #define PACKAGE_VERSION "0.61"
| #define PACKAGE_STRING "m-tx (TeX Live) 0.61"
| #define PACKAGE_BUGREPORT "tex-k@tug.org"
| #define PACKAGE_URL ""
| #define PACKAGE "m-tx--tex-live-"
| #define VERSION "0.61"
| /* end confdefs.h.  */
| #include <ac_nonexistent.h>
configure:4992: checking for grep that handles long lines and -e
configure:5050: result: /bin/grep
configure:5055: checking for egrep
configure:5117: result: /bin/grep -E
configure:5122: checking for ANSI C header files
configure:5142: gcc -c -g -O2  conftest.c >&5
configure:5142: $? = 0
configure:5215: gcc -o conftest -g -O2   conftest.c  >&5
configure:5215: $? = 0
configure:5215: ./conftest
configure:5215: $? = 0
configure:5226: result: yes
configure:5239: checking for sys/types.h
configure:5239: gcc -c -g -O2  conftest.c >&5
configure:5239: $? = 0
configure:5239: result: yes
configure:5239: checking for sys/stat.h
configure:5239: gcc -c -g -O2  conftest.c >&5
configure:5239: $? = 0
configure:5239: result: yes
configure:5239: checking for stdlib.h
configure:5239: gcc -c -g -O2  conftest.c >&5
configure:5239: $? = 0
configure:5239: result: yes
configure:5239: checking for string.h
configure:5239: gcc -c -g -O2  conftest.c >&5
configure:5239: $? = 0
configure:5239: result: yes
configure:5239: checking for memory.h
configure:5239: gcc -c -g -O2  conftest.c >&5
configure:5239: $? = 0
configure:5239: result: yes
configure:5239: checking for strings.h
configure:5239: gcc -c -g -O2  conftest.c >&5
configure:5239: $? = 0
configure:5239: result: yes
configure:5239: checking for inttypes.h
configure:5239: gcc -c -g -O2  conftest.c >&5
configure:5239: $? = 0
configure:5239: result: yes
configure:5239: checking for stdint.h
configure:5239: gcc -c -g -O2  conftest.c >&5
configure:5239: $? = 0
configure:5239: result: yes
configure:5239: checking for unistd.h
configure:5239: gcc -c -g -O2  conftest.c >&5
configure:5239: $? = 0
configure:5239: result: yes
configure:5254: checking for memory.h
configure:5254: result: yes
configure:5254: checking stddef.h usability
configure:5254: gcc -c -g -O2  conftest.c >&5
configure:5254: $? = 0
configure:5254: result: yes
configure:5254: checking stddef.h presence
configure:5254: gcc -E  conftest.c
configure:5254: $? = 0
configure:5254: result: yes
configure:5254: checking for stddef.h
configure:5254: result: yes
configure:5254: checking for stdlib.h
configure:5254: result: yes
configure:5254: checking for string.h
configure:5254: result: yes
configure:5254: checking for strings.h
configure:5254: result: yes
configure:5266: checking for size_t
configure:5266: gcc -c -g -O2  conftest.c >&5
configure:5266: $? = 0
configure:5266: gcc -c -g -O2  conftest.c >&5
conftest.c: In function 'main':
conftest.c:62:21: error: expected expression before ')' token
 if (sizeof ((size_t)))
                     ^
configure:5266: $? = 1
configure: failed program was:
| /* confdefs.h */
| #define PACKAGE_NAME "m-tx (TeX Live)"
| #define PACKAGE_TARNAME "m-tx--tex-live-"
| #define PACKAGE_VERSION "0.61"
| #define PACKAGE_STRING "m-tx (TeX Live) 0.61"
| #define PACKAGE_BUGREPORT "tex-k@tug.org"
| #define PACKAGE_URL ""
| #define PACKAGE "m-tx--tex-live-"
| #define VERSION "0.61"
| #define STDC_HEADERS 1
| #define HAVE_SYS_TYPES_H 1
| #define HAVE_SYS_STAT_H 1
| #define HAVE_STDLIB_H 1
| #define HAVE_STRING_H 1
| #define HAVE_MEMORY_H 1
| #define HAVE_STRINGS_H 1
| #define HAVE_INTTYPES_H 1
| #define HAVE_STDINT_H 1
| #define HAVE_UNISTD_H 1
| #define HAVE_MEMORY_H 1
| #define HAVE_STDDEF_H 1
| #define HAVE_STDLIB_H 1
| #define HAVE_STRING_H 1
| #define HAVE_STRINGS_H 1
| /* end confdefs.h.  */
| #include <stdio.h>
| #ifdef HAVE_SYS_TYPES_H
| # include <sys/types.h>
| #endif
| #ifdef HAVE_SYS_STAT_H
| # include <sys/stat.h>
| #endif
| #ifdef STDC_HEADERS
| # include <stdlib.h>
| # include <stddef.h>
| #else
| # ifdef HAVE_STDLIB_H
| #  include <stdlib.h>
| # endif
| #endif
| #ifdef HAVE_STRING_H
| # if !defined STDC_HEADERS && defined HAVE_MEMORY_H
| #  include <memory.h>
| # endif
| # include <string.h>
| #endif
| #ifdef HAVE_STRINGS_H
| # include <strings.h>
| #endif
| #ifdef HAVE_INTTYPES_H
| # include <inttypes.h>
| #endif
| #ifdef HAVE_STDINT_H
| # include <stdint.h>
| #endif
| #ifdef HAVE_UNISTD_H
| # include <unistd.h>
| #endif
| int
| main ()
| {
| if (sizeof ((size_t)))
| 	    return 0;
|   ;
|   return 0;
| }
configure:5266: result: yes
configure:5282: checking for memchr
configure:5282: gcc -o conftest -g -O2   conftest.c  >&5
conftest.c:49:6: warning: conflicting types for built-in function 'memchr'
 char memchr ();
      ^
configure:5282: $? = 0
configure:5282: result: yes
configure:5282: checking for memmove
configure:5282: gcc -o conftest -g -O2   conftest.c  >&5
conftest.c:50:6: warning: conflicting types for built-in function 'memmove'
 char memmove ();
      ^
configure:5282: $? = 0
configure:5282: result: yes
configure:5282: checking for memset
configure:5282: gcc -o conftest -g -O2   conftest.c  >&5
conftest.c:51:6: warning: conflicting types for built-in function 'memset'
 char memset ();
      ^
configure:5282: $? = 0
configure:5282: result: yes
configure:5282: checking for strchr
configure:5282: gcc -o conftest -g -O2   conftest.c  >&5
conftest.c:52:6: warning: conflicting types for built-in function 'strchr'
 char strchr ();
      ^
configure:5282: $? = 0
configure:5282: result: yes
configure:5282: checking for strrchr
configure:5282: gcc -o conftest -g -O2   conftest.c  >&5
conftest.c:53:6: warning: conflicting types for built-in function 'strrchr'
 char strrchr ();
      ^
configure:5282: $? = 0
configure:5282: result: yes
configure:5282: checking for strtol
configure:5282: gcc -o conftest -g -O2   conftest.c  >&5
configure:5282: $? = 0
configure:5282: result: yes
configure:5442: checking that generated files are newer than configure
configure:5448: result: done
configure:5479: creating ./config.status

## ---------------------- ##
## Running config.status. ##
## ---------------------- ##

This file was extended by m-tx (TeX Live) config.status 0.61, which was
generated by GNU Autoconf 2.69.  Invocation command line was

  CONFIG_FILES    = 
  CONFIG_HEADERS  = 
  CONFIG_LINKS    = 
  CONFIG_COMMANDS = 
  $ ./config.status 

on maqiyuan-E430c

config.status:785: creating Makefile
config.status:957: executing depfiles commands

## ---------------- ##
## Cache variables. ##
## ---------------- ##

ac_cv_c_compiler_gnu=yes
ac_cv_env_CC_set=
ac_cv_env_CC_value=
ac_cv_env_CFLAGS_set=
ac_cv_env_CFLAGS_value=
ac_cv_env_CPPFLAGS_set=
ac_cv_env_CPPFLAGS_value=
ac_cv_env_CPP_set=
ac_cv_env_CPP_value=
ac_cv_env_LDFLAGS_set=
ac_cv_env_LDFLAGS_value=
ac_cv_env_LIBS_set=
ac_cv_env_LIBS_value=
ac_cv_env_build_alias_set=
ac_cv_env_build_alias_value=
ac_cv_env_host_alias_set=
ac_cv_env_host_alias_value=
ac_cv_env_target_alias_set=
ac_cv_env_target_alias_value=
ac_cv_func_memchr=yes
ac_cv_func_memmove=yes
ac_cv_func_memset=yes
ac_cv_func_strchr=yes
ac_cv_func_strrchr=yes
ac_cv_func_strtol=yes
ac_cv_header_inttypes_h=yes
ac_cv_header_memory_h=yes
ac_cv_header_stdc=yes
ac_cv_header_stddef_h=yes
ac_cv_header_stdint_h=yes
ac_cv_header_stdlib_h=yes
ac_cv_header_string_h=yes
ac_cv_header_strings_h=yes
ac_cv_header_sys_stat_h=yes
ac_cv_header_sys_types_h=yes
ac_cv_header_unistd_h=yes
ac_cv_objext=o
ac_cv_path_EGREP='/bin/grep -E'
ac_cv_path_GREP=/bin/grep
ac_cv_path_install='/usr/bin/install -c'
ac_cv_path_mkdir=/bin/mkdir
ac_cv_prog_AWK=gawk
ac_cv_prog_CPP='gcc -E'
ac_cv_prog_ac_ct_CC=gcc
ac_cv_prog_ac_ct_RANLIB=ranlib
ac_cv_prog_cc_c89=
ac_cv_prog_cc_g=yes
ac_cv_prog_make_make_set=yes
ac_cv_type_size_t=yes
am_cv_CC_dependencies_compiler_type=gcc3
am_cv_make_support_nested_variables=yes
am_cv_prog_cc_c_o=yes
kb_cv_c_prototypes=yes
kpse_cv_warning_cflags='-Wimplicit -Wreturn-type -Wdeclaration-after-statement -Wno-unknown-pragmas'

## ----------------- ##
## Output variables. ##
## ----------------- ##

ACLOCAL='${SHELL} /home/maqiyuan/Desktop/texlive-mobile/src/texlive-source/build-aux/missing aclocal-1.15'
AMDEPBACKSLASH='\'
AMDEP_FALSE='#'
AMDEP_TRUE=''
AMTAR='$${TAR-tar}'
AM_BACKSLASH='\'
AM_DEFAULT_V='$(AM_DEFAULT_VERBOSITY)'
AM_DEFAULT_VERBOSITY='1'
AM_V='$(V)'
AUTOCONF='${SHELL} /home/maqiyuan/Desktop/texlive-mobile/src/texlive-source/build-aux/missing autoconf'
AUTOHEADER='${SHELL} /home/maqiyuan/Desktop/texlive-mobile/src/texlive-source/build-aux/missing autoheader'
AUTOMAKE='${SHELL} /home/maqiyuan/Desktop/texlive-mobile/src/texlive-source/build-aux/missing automake-1.15'
AWK='gawk'
CC='gcc'
CCDEPMODE='depmode=gcc3'
CFLAGS='-g -O2'
CPP='gcc -E'
CPPFLAGS=''
CYGPATH_W='echo'
DEFS='-DPACKAGE_NAME=\"m-tx\ \(TeX\ Live\)\" -DPACKAGE_TARNAME=\"m-tx--tex-live-\" -DPACKAGE_VERSION=\"0.61\" -DPACKAGE_STRING=\"m-tx\ \(TeX\ Live\)\ 0.61\" -DPACKAGE_BUGREPORT=\"tex-k@tug.org\" -DPACKAGE_URL=\"\" -DPACKAGE=\"m-tx--tex-live-\" -DVERSION=\"0.61\" -DSTDC_HEADERS=1 -DHAVE_SYS_TYPES_H=1 -DHAVE_SYS_STAT_H=1 -DHAVE_STDLIB_H=1 -DHAVE_STRING_H=1 -DHAVE_MEMORY_H=1 -DHAVE_STRINGS_H=1 -DHAVE_INTTYPES_H=1 -DHAVE_STDINT_H=1 -DHAVE_UNISTD_H=1 -DHAVE_MEMORY_H=1 -DHAVE_STDDEF_H=1 -DHAVE_STDLIB_H=1 -DHAVE_STRING_H=1 -DHAVE_STRINGS_H=1 -DHAVE_MEMCHR=1 -DHAVE_MEMMOVE=1 -DHAVE_MEMSET=1 -DHAVE_STRCHR=1 -DHAVE_STRRCHR=1 -DHAVE_STRTOL=1'
DEPDIR='.deps'
ECHO_C=''
ECHO_N='-n'
ECHO_T=''
EGREP='/bin/grep -E'
EXEEXT=''
GREP='/bin/grep'
INSTALL_DATA='${INSTALL} -m 644'
INSTALL_PROGRAM='${INSTALL}'
INSTALL_SCRIPT='${INSTALL}'
INSTALL_STRIP_PROGRAM='$(install_sh) -c -s'
LDFLAGS=''
LIBOBJS=''
LIBS=''
LN_S='ln -s'
LTLIBOBJS=''
MAINT='#'
MAINTAINER_MODE_FALSE=''
MAINTAINER_MODE_TRUE='#'
MAKEINFO='${SHELL} /home/maqiyuan/Desktop/texlive-mobile/src/texlive-source/build-aux/missing makeinfo'
MKDIR_P='/bin/mkdir -p'
MTX_TREE='mtx-src'
OBJEXT='o'
PACKAGE='m-tx--tex-live-'
PACKAGE_BUGREPORT='tex-k@tug.org'
PACKAGE_NAME='m-tx (TeX Live)'
PACKAGE_STRING='m-tx (TeX Live) 0.61'
PACKAGE_TARNAME='m-tx--tex-live-'
PACKAGE_URL=''
PACKAGE_VERSION='0.61'
PATH_SEPARATOR=':'
RANLIB='ranlib'
SET_MAKE=''
SHELL='/bin/bash'
STRIP=''
VERSION='0.61'
WARNING_CFLAGS='-Wimplicit -Wreturn-type -Wdeclaration-after-statement -Wno-unknown-pragmas'
ac_ct_CC='gcc'
am__EXEEXT_FALSE=''
am__EXEEXT_TRUE='#'
am__fastdepCC_FALSE='#'
am__fastdepCC_TRUE=''
am__include='include'
am__isrc=''
am__leading_dot='.'
am__nodep='_no'
am__quote=''
am__tar='$${TAR-tar} chof - "$$tardir"'
am__untar='$${TAR-tar} xf -'
bindir='${exec_prefix}/bin/x86_64-pc-linux-gnu'
build_alias=''
datadir='${datarootdir}'
datarootdir='${prefix}'
docdir='${datarootdir}/doc/${PACKAGE_TARNAME}'
dvidir='${docdir}'
exec_prefix='${prefix}'
host_alias=''
htmldir='${docdir}'
includedir='${prefix}/include'
infodir='${prefix}/texmf-dist/doc/info'
install_sh='${SHELL} /home/maqiyuan/Desktop/texlive-mobile/src/texlive-source/build-aux/install-sh'
libdir='${exec_prefix}/lib/x86_64-pc-linux-gnu'
libexecdir='${exec_prefix}/libexec'
localedir='${datarootdir}/locale'
localstatedir='${prefix}/var'
mandir='${prefix}/texmf-dist/doc/man'
mkdir_p='$(MKDIR_P)'
oldincludedir='/usr/include'
pdfdir='${docdir}'
prefix='/usr/local'
program_transform_name='s,x,x,'
psdir='${docdir}'
sbindir='${exec_prefix}/sbin'
sharedstatedir='${prefix}/com'
sysconfdir='${prefix}/etc'
target_alias=''

## ----------- ##
## confdefs.h. ##
## ----------- ##

/* confdefs.h */
#define PACKAGE_NAME "m-tx (TeX Live)"
#define PACKAGE_TARNAME "m-tx--tex-live-"
#define PACKAGE_VERSION "0.61"
#define PACKAGE_STRING "m-tx (TeX Live) 0.61"
#define PACKAGE_BUGREPORT "tex-k@tug.org"
#define PACKAGE_URL ""
#define PACKAGE "m-tx--tex-live-"
#define VERSION "0.61"
#define STDC_HEADERS 1
#define HAVE_SYS_TYPES_H 1
#define HAVE_SYS_STAT_H 1
#define HAVE_STDLIB_H 1
#define HAVE_STRING_H 1
#define HAVE_MEMORY_H 1
#define HAVE_STRINGS_H 1
#define HAVE_INTTYPES_H 1
#define HAVE_STDINT_H 1
#define HAVE_UNISTD_H 1
#define HAVE_MEMORY_H 1
#define HAVE_STDDEF_H 1
#define HAVE_STDLIB_H 1
#define HAVE_STRING_H 1
#define HAVE_STRINGS_H 1
#define HAVE_MEMCHR 1
#define HAVE_MEMMOVE 1
#define HAVE_MEMSET 1
#define HAVE_STRCHR 1
#define HAVE_STRRCHR 1
#define HAVE_STRTOL 1

configure: exit 0
