This file contains any messages produced by compilers while
running configure, to aid debugging if configure makes a mistake.

It was created by harfbuzz (TeX Live) configure 1.1.3, which was
generated by GNU Autoconf 2.69.  Invocation command line was

  $ ./configure --disable-option-checking --prefix=/usr/local --enable-build-in-source-tree --enable-native-texlive-build --enable-largefile --disable-silent-rules --enable-multiplatform=yes --enable-cxx-runtime-hack=yes --enable-libtool-hack=yes --disable-shared --enable-texlive-build --bindir=${exec_prefix}/bin/x86_64-pc-linux-gnu --libdir=${exec_prefix}/lib/x86_64-pc-linux-gnu --with-x --enable-devnag=yes --enable-lacheck=yes --enable-m-tx=yes --enable-pmx=yes --enable-ps2eps=yes --enable-t1utils=yes --enable-texdoctk=yes --enable-tpic2pdftex=yes --enable-vlna=yes --enable-xindy=no --with-clisp-runtime=default --enable-xpdfopen=yes --enable-web2c=yes --enable-afm2pl=yes --enable-bibtex-x=yes --enable-chktex=yes --enable-cjkutils=yes --enable-detex=yes --enable-dtl=yes --enable-dvi2tty=yes --enable-dvidvi=yes --enable-dviljk=yes --enable-dvipdfm-x=yes --enable-dvipng=yes --enable-dvipos=yes --enable-dvipsk=yes --enable-dvisvgm=yes --enable-gregorio=yes --enable-gsftopk=yes --enable-lcdf-typetools=yes --enable-makeindexk=yes --enable-makejvf=yes --enable-mendexk=yes --enable-musixtnt=yes --enable-ps2pk=yes --enable-psutils=yes --enable-seetexk=yes --enable-tex4htk=yes --enable-ttf2pk2=yes --enable-ttfdump=yes --enable-xdvik=yes --enable-texlive=yes --with-system-harfbuzz=no --with-system-icu=no --with-system-teckit=no --with-system-graphite2=no --with-system-zziplib=no --with-system-xpdf=no --with-system-poppler=no --with-system-mpfr=no --with-system-gmp=no --with-system-cairo=no --with-system-pixman=no --with-system-potrace=no --with-system-gd=no --with-system-freetype2=no --with-system-libpng=no --with-system-libpaper=no --with-system-zlib=no --with-system-ptexenc=no --with-system-kpathsea=no --datarootdir=${prefix} --mandir=${prefix}/texmf-dist/doc/man --infodir=${prefix}/texmf-dist/doc/info --cache-file=/dev/null --srcdir=.

## --------- ##
## Platform. ##
## --------- ##

hostname = maqiyuan-E430c
uname -m = x86_64
uname -r = 4.4.0-31-generic
uname -s = Linux
uname -v = #50-Ubuntu SMP Wed Jul 13 00:07:12 UTC 2016

/usr/bin/uname -p = unknown
/bin/uname -X     = unknown

/bin/arch              = unknown
/usr/bin/arch -k       = unknown
/usr/convex/getsysinfo = unknown
/usr/bin/hostinfo      = unknown
/bin/machine           = unknown
/usr/bin/oslevel       = unknown
/bin/universe          = unknown

PATH: /usr/local/sbin
PATH: /usr/local/bin
PATH: /usr/sbin
PATH: /usr/bin
PATH: /sbin
PATH: /bin
PATH: /usr/games
PATH: /usr/local/games
PATH: /snap/bin
PATH: /home/maqiyuan/bin/FDK/Tools/linux


## ----------- ##
## Core tests. ##
## ----------- ##

configure:2480: checking for a BSD-compatible install
configure:2548: result: /usr/bin/install -c
configure:2559: checking whether build environment is sane
configure:2614: result: yes
configure:2765: checking for a thread-safe mkdir -p
configure:2804: result: /bin/mkdir -p
configure:2811: checking for gawk
configure:2827: found /usr/bin/gawk
configure:2838: result: gawk
configure:2849: checking whether make sets $(MAKE)
configure:2871: result: yes
configure:2900: checking whether make supports nested variables
configure:2917: result: yes
configure:2940: checking for style of include used by make
configure:2968: result: GNU
configure:3039: checking for gcc
configure:3055: found /usr/bin/gcc
configure:3066: result: gcc
configure:3295: checking for C compiler version
configure:3304: gcc --version >&5
gcc (Ubuntu 5.4.0-6ubuntu1~16.04.1) 5.4.0 20160609
Copyright (C) 2015 Free Software Foundation, Inc.
This is free software; see the source for copying conditions.  There is NO
warranty; not even for MERCHANTABILITY or FITNESS FOR A PARTICULAR PURPOSE.

configure:3315: $? = 0
configure:3304: gcc -v >&5
Using built-in specs.
COLLECT_GCC=gcc
COLLECT_LTO_WRAPPER=/usr/lib/gcc/x86_64-linux-gnu/5/lto-wrapper
Target: x86_64-linux-gnu
Configured with: ../src/configure -v --with-pkgversion='Ubuntu 5.4.0-6ubuntu1~16.04.1' --with-bugurl=file:///usr/share/doc/gcc-5/README.Bugs --enable-languages=c,ada,c++,java,go,d,fortran,objc,obj-c++ --prefix=/usr --program-suffix=-5 --enable-shared --enable-linker-build-id --libexecdir=/usr/lib --without-included-gettext --enable-threads=posix --libdir=/usr/lib --enable-nls --with-sysroot=/ --enable-clocale=gnu --enable-libstdcxx-debug --enable-libstdcxx-time=yes --with-default-libstdcxx-abi=new --enable-gnu-unique-object --disable-vtable-verify --enable-libmpx --enable-plugin --with-system-zlib --disable-browser-plugin --enable-java-awt=gtk --enable-gtk-cairo --with-java-home=/usr/lib/jvm/java-1.5.0-gcj-5-amd64/jre --enable-java-home --with-jvm-root-dir=/usr/lib/jvm/java-1.5.0-gcj-5-amd64 --with-jvm-jar-dir=/usr/lib/jvm-exports/java-1.5.0-gcj-5-amd64 --with-arch-directory=amd64 --with-ecj-jar=/usr/share/java/eclipse-ecj.jar --enable-objc-gc --enable-multiarch --disable-werror --with-arch-32=i686 --with-abi=m64 --with-multilib-list=m32,m64,mx32 --enable-multilib --with-tune=generic --enable-checking=release --build=x86_64-linux-gnu --host=x86_64-linux-gnu --target=x86_64-linux-gnu
Thread model: posix
gcc version 5.4.0 20160609 (Ubuntu 5.4.0-6ubuntu1~16.04.1) 
configure:3315: $? = 0
configure:3304: gcc -V >&5
gcc: error: unrecognized command line option '-V'
gcc: fatal error: no input files
compilation terminated.
configure:3315: $? = 1
configure:3304: gcc -qversion >&5
gcc: error: unrecognized command line option '-qversion'
gcc: fatal error: no input files
compilation terminated.
configure:3315: $? = 1
configure:3335: checking whether the C compiler works
configure:3357: gcc    conftest.c  >&5
configure:3361: $? = 0
configure:3409: result: yes
configure:3412: checking for C compiler default output file name
configure:3414: result: a.out
configure:3420: checking for suffix of executables
configure:3427: gcc -o conftest    conftest.c  >&5
configure:3431: $? = 0
configure:3453: result: 
configure:3475: checking whether we are cross compiling
configure:3483: gcc -o conftest    conftest.c  >&5
configure:3487: $? = 0
configure:3494: ./conftest
configure:3498: $? = 0
configure:3513: result: no
configure:3518: checking for suffix of object files
configure:3540: gcc -c   conftest.c >&5
configure:3544: $? = 0
configure:3565: result: o
configure:3569: checking whether we are using the GNU C compiler
configure:3588: gcc -c   conftest.c >&5
configure:3588: $? = 0
configure:3597: result: yes
configure:3606: checking whether gcc accepts -g
configure:3626: gcc -c -g  conftest.c >&5
configure:3626: $? = 0
configure:3667: result: yes
configure:3684: checking for gcc option to accept ISO C89
configure:3747: gcc  -c -g -O2  conftest.c >&5
configure:3747: $? = 0
configure:3760: result: none needed
configure:3785: checking whether gcc understands -c and -o together
configure:3807: gcc -c conftest.c -o conftest2.o
configure:3810: $? = 0
configure:3807: gcc -c conftest.c -o conftest2.o
configure:3810: $? = 0
configure:3822: result: yes
configure:3841: checking dependency style of gcc
configure:3952: result: gcc3
configure:4100: checking whether to enable maintainer-specific portions of Makefiles
configure:4109: result: no
configure:4122: checking whether the compiler accepts prototypes
configure:4138: gcc -o conftest -g -O2   conftest.c  >&5
configure:4138: $? = 0
configure:4146: result: yes
configure:4151: checking what warning flags to pass to the C compiler
configure:4196: result: -Wimplicit -Wreturn-type -Wdeclaration-after-statement -Wno-unknown-pragmas
configure:4260: checking for gcc
configure:4287: result: gcc
configure:4516: checking for C compiler version
configure:4525: gcc --version >&5
gcc (Ubuntu 5.4.0-6ubuntu1~16.04.1) 5.4.0 20160609
Copyright (C) 2015 Free Software Foundation, Inc.
This is free software; see the source for copying conditions.  There is NO
warranty; not even for MERCHANTABILITY or FITNESS FOR A PARTICULAR PURPOSE.

configure:4536: $? = 0
configure:4525: gcc -v >&5
Using built-in specs.
COLLECT_GCC=gcc
COLLECT_LTO_WRAPPER=/usr/lib/gcc/x86_64-linux-gnu/5/lto-wrapper
Target: x86_64-linux-gnu
Configured with: ../src/configure -v --with-pkgversion='Ubuntu 5.4.0-6ubuntu1~16.04.1' --with-bugurl=file:///usr/share/doc/gcc-5/README.Bugs --enable-languages=c,ada,c++,java,go,d,fortran,objc,obj-c++ --prefix=/usr --program-suffix=-5 --enable-shared --enable-linker-build-id --libexecdir=/usr/lib --without-included-gettext --enable-threads=posix --libdir=/usr/lib --enable-nls --with-sysroot=/ --enable-clocale=gnu --enable-libstdcxx-debug --enable-libstdcxx-time=yes --with-default-libstdcxx-abi=new --enable-gnu-unique-object --disable-vtable-verify --enable-libmpx --enable-plugin --with-system-zlib --disable-browser-plugin --enable-java-awt=gtk --enable-gtk-cairo --with-java-home=/usr/lib/jvm/java-1.5.0-gcj-5-amd64/jre --enable-java-home --with-jvm-root-dir=/usr/lib/jvm/java-1.5.0-gcj-5-amd64 --with-jvm-jar-dir=/usr/lib/jvm-exports/java-1.5.0-gcj-5-amd64 --with-arch-directory=amd64 --with-ecj-jar=/usr/share/java/eclipse-ecj.jar --enable-objc-gc --enable-multiarch --disable-werror --with-arch-32=i686 --with-abi=m64 --with-multilib-list=m32,m64,mx32 --enable-multilib --with-tune=generic --enable-checking=release --build=x86_64-linux-gnu --host=x86_64-linux-gnu --target=x86_64-linux-gnu
Thread model: posix
gcc version 5.4.0 20160609 (Ubuntu 5.4.0-6ubuntu1~16.04.1) 
configure:4536: $? = 0
configure:4525: gcc -V >&5
gcc: error: unrecognized command line option '-V'
gcc: fatal error: no input files
compilation terminated.
configure:4536: $? = 1
configure:4525: gcc -qversion >&5
gcc: error: unrecognized command line option '-qversion'
gcc: fatal error: no input files
compilation terminated.
configure:4536: $? = 1
configure:4540: checking whether we are using the GNU C compiler
configure:4568: result: yes
configure:4577: checking whether gcc accepts -g
configure:4638: result: yes
configure:4655: checking for gcc option to accept ISO C89
configure:4731: result: none needed
configure:4756: checking whether gcc understands -c and -o together
configure:4793: result: yes
configure:4812: checking dependency style of gcc
configure:4923: result: gcc3
configure:4996: checking for g++
configure:5012: found /usr/bin/g++
configure:5023: result: g++
configure:5050: checking for C++ compiler version
configure:5059: g++ --version >&5
g++ (Ubuntu 5.4.0-6ubuntu1~16.04.1) 5.4.0 20160609
Copyright (C) 2015 Free Software Foundation, Inc.
This is free software; see the source for copying conditions.  There is NO
warranty; not even for MERCHANTABILITY or FITNESS FOR A PARTICULAR PURPOSE.

configure:5070: $? = 0
configure:5059: g++ -v >&5
Using built-in specs.
COLLECT_GCC=g++
COLLECT_LTO_WRAPPER=/usr/lib/gcc/x86_64-linux-gnu/5/lto-wrapper
Target: x86_64-linux-gnu
Configured with: ../src/configure -v --with-pkgversion='Ubuntu 5.4.0-6ubuntu1~16.04.1' --with-bugurl=file:///usr/share/doc/gcc-5/README.Bugs --enable-languages=c,ada,c++,java,go,d,fortran,objc,obj-c++ --prefix=/usr --program-suffix=-5 --enable-shared --enable-linker-build-id --libexecdir=/usr/lib --without-included-gettext --enable-threads=posix --libdir=/usr/lib --enable-nls --with-sysroot=/ --enable-clocale=gnu --enable-libstdcxx-debug --enable-libstdcxx-time=yes --with-default-libstdcxx-abi=new --enable-gnu-unique-object --disable-vtable-verify --enable-libmpx --enable-plugin --with-system-zlib --disable-browser-plugin --enable-java-awt=gtk --enable-gtk-cairo --with-java-home=/usr/lib/jvm/java-1.5.0-gcj-5-amd64/jre --enable-java-home --with-jvm-root-dir=/usr/lib/jvm/java-1.5.0-gcj-5-amd64 --with-jvm-jar-dir=/usr/lib/jvm-exports/java-1.5.0-gcj-5-amd64 --with-arch-directory=amd64 --with-ecj-jar=/usr/share/java/eclipse-ecj.jar --enable-objc-gc --enable-multiarch --disable-werror --with-arch-32=i686 --with-abi=m64 --with-multilib-list=m32,m64,mx32 --enable-multilib --with-tune=generic --enable-checking=release --build=x86_64-linux-gnu --host=x86_64-linux-gnu --target=x86_64-linux-gnu
Thread model: posix
gcc version 5.4.0 20160609 (Ubuntu 5.4.0-6ubuntu1~16.04.1) 
configure:5070: $? = 0
configure:5059: g++ -V >&5
g++: error: unrecognized command line option '-V'
g++: fatal error: no input files
compilation terminated.
configure:5070: $? = 1
configure:5059: g++ -qversion >&5
g++: error: unrecognized command line option '-qversion'
g++: fatal error: no input files
compilation terminated.
configure:5070: $? = 1
configure:5074: checking whether we are using the GNU C++ compiler
configure:5093: g++ -c   conftest.cpp >&5
configure:5093: $? = 0
configure:5102: result: yes
configure:5111: checking whether g++ accepts -g
configure:5131: g++ -c -g  conftest.cpp >&5
configure:5131: $? = 0
configure:5172: result: yes
configure:5197: checking dependency style of g++
configure:5308: result: gcc3
configure:5322: checking what warning flags to pass to the C++ compiler
configure:5363: result: -Wreturn-type -Wno-unknown-pragmas -Wno-write-strings
configure:5412: checking for ranlib
configure:5428: found /usr/bin/ranlib
configure:5439: result: ranlib
configure:5461: checking whether ln -s works
configure:5465: result: yes
configure:5481: checking build system type
configure:5495: result: x86_64-pc-linux-gnu
configure:5515: checking host system type
configure:5528: result: x86_64-pc-linux-gnu
configure:5591: checking for pkg-config
configure:5607: found /usr/bin/pkg-config
configure:5618: result: pkg-config
configure:5784: checking for atexit
configure:5784: gcc -o conftest -g -O2   conftest.c  >&5
configure:5784: $? = 0
configure:5784: result: yes
configure:5784: checking for mprotect
configure:5784: gcc -o conftest -g -O2   conftest.c  >&5
configure:5784: $? = 0
configure:5784: result: yes
configure:5784: checking for sysconf
configure:5784: gcc -o conftest -g -O2   conftest.c  >&5
configure:5784: $? = 0
configure:5784: result: yes
configure:5784: checking for getpagesize
configure:5784: gcc -o conftest -g -O2   conftest.c  >&5
configure:5784: $? = 0
configure:5784: result: yes
configure:5784: checking for sched_yield
configure:5784: gcc -o conftest -g -O2   conftest.c  >&5
configure:5784: $? = 0
configure:5784: result: yes
configure:5784: checking for mmap
configure:5784: gcc -o conftest -g -O2   conftest.c  >&5
configure:5784: $? = 0
configure:5784: result: yes
configure:5784: checking for _setmode
configure:5784: gcc -o conftest -g -O2   conftest.c  >&5
/tmp/ccDjVZU2.o: In function `main':
/home/maqiyuan/Desktop/texlive-mobile/src/texlive-source/libs/harfbuzz/conftest.c:51: undefined reference to `_setmode'
collect2: error: ld returned 1 exit status
configure:5784: $? = 1
configure: failed program was:
| /* confdefs.h */
| #define PACKAGE_NAME "harfbuzz (TeX Live)"
| #define PACKAGE_TARNAME "harfbuzz--tex-live-"
| #define PACKAGE_VERSION "1.1.3"
| #define PACKAGE_STRING "harfbuzz (TeX Live) 1.1.3"
| #define PACKAGE_BUGREPORT "tex-k@tug.org"
| #define PACKAGE_URL ""
| #define PACKAGE "harfbuzz--tex-live-"
| #define VERSION "1.1.3"
| #define HAVE_ATEXIT 1
| #define HAVE_MPROTECT 1
| #define HAVE_SYSCONF 1
| #define HAVE_GETPAGESIZE 1
| #define HAVE_SCHED_YIELD 1
| #define HAVE_MMAP 1
| /* end confdefs.h.  */
| /* Define _setmode to an innocuous variant, in case <limits.h> declares _setmode.
|    For example, HP-UX 11i <limits.h> declares gettimeofday.  */
| #define _setmode innocuous__setmode
| 
| /* System header to define __stub macros and hopefully few prototypes,
|     which can conflict with char _setmode (); below.
|     Prefer <limits.h> to <assert.h> if __STDC__ is defined, since
|     <limits.h> exists even on freestanding compilers.  */
| 
| #ifdef __STDC__
| # include <limits.h>
| #else
| # include <assert.h>
| #endif
| 
| #undef _setmode
| 
| /* Override any GCC internal prototype to avoid an error.
|    Use char because int might match the return type of a GCC
|    builtin and then its argument prototype would still apply.  */
| #ifdef __cplusplus
| extern "C"
| #endif
| char _setmode ();
| /* The GNU C library defines this for functions which it implements
|     to always fail with ENOSYS.  Some functions are actually named
|     something starting with __ and the normal name is an alias.  */
| #if defined __stub__setmode || defined __stub____setmode
| choke me
| #endif
| 
| int
| main ()
| {
| return _setmode ();
|   ;
|   return 0;
| }
configure:5784: result: no
configure:5784: checking for isatty
configure:5784: gcc -o conftest -g -O2   conftest.c  >&5
configure:5784: $? = 0
configure:5784: result: yes
configure:5798: checking how to run the C preprocessor
configure:5829: gcc -E  conftest.c
configure:5829: $? = 0
configure:5843: gcc -E  conftest.c
conftest.c:18:28: fatal error: ac_nonexistent.h: No such file or directory
compilation terminated.
configure:5843: $? = 1
configure: failed program was:
| /* confdefs.h */
| #define PACKAGE_NAME "harfbuzz (TeX Live)"
| #define PACKAGE_TARNAME "harfbuzz--tex-live-"
| #define PACKAGE_VERSION "1.1.3"
| #define PACKAGE_STRING "harfbuzz (TeX Live) 1.1.3"
| #define PACKAGE_BUGREPORT "tex-k@tug.org"
| #define PACKAGE_URL ""
| #define PACKAGE "harfbuzz--tex-live-"
| #define VERSION "1.1.3"
| #define HAVE_ATEXIT 1
| #define HAVE_MPROTECT 1
| #define HAVE_SYSCONF 1
| #define HAVE_GETPAGESIZE 1
| #define HAVE_SCHED_YIELD 1
| #define HAVE_MMAP 1
| #define HAVE_ISATTY 1
| /* end confdefs.h.  */
| #include <ac_nonexistent.h>
configure:5868: result: gcc -E
configure:5888: gcc -E  conftest.c
configure:5888: $? = 0
configure:5902: gcc -E  conftest.c
conftest.c:18:28: fatal error: ac_nonexistent.h: No such file or directory
compilation terminated.
configure:5902: $? = 1
configure: failed program was:
| /* confdefs.h */
| #define PACKAGE_NAME "harfbuzz (TeX Live)"
| #define PACKAGE_TARNAME "harfbuzz--tex-live-"
| #define PACKAGE_VERSION "1.1.3"
| #define PACKAGE_STRING "harfbuzz (TeX Live) 1.1.3"
| #define PACKAGE_BUGREPORT "tex-k@tug.org"
| #define PACKAGE_URL ""
| #define PACKAGE "harfbuzz--tex-live-"
| #define VERSION "1.1.3"
| #define HAVE_ATEXIT 1
| #define HAVE_MPROTECT 1
| #define HAVE_SYSCONF 1
| #define HAVE_GETPAGESIZE 1
| #define HAVE_SCHED_YIELD 1
| #define HAVE_MMAP 1
| #define HAVE_ISATTY 1
| /* end confdefs.h.  */
| #include <ac_nonexistent.h>
configure:5931: checking for grep that handles long lines and -e
configure:5989: result: /bin/grep
configure:5994: checking for egrep
configure:6056: result: /bin/grep -E
configure:6061: checking for ANSI C header files
configure:6081: gcc -c -g -O2  conftest.c >&5
configure:6081: $? = 0
configure:6154: gcc -o conftest -g -O2   conftest.c  >&5
configure:6154: $? = 0
configure:6154: ./conftest
configure:6154: $? = 0
configure:6165: result: yes
configure:6178: checking for sys/types.h
configure:6178: gcc -c -g -O2  conftest.c >&5
configure:6178: $? = 0
configure:6178: result: yes
configure:6178: checking for sys/stat.h
configure:6178: gcc -c -g -O2  conftest.c >&5
configure:6178: $? = 0
configure:6178: result: yes
configure:6178: checking for stdlib.h
configure:6178: gcc -c -g -O2  conftest.c >&5
configure:6178: $? = 0
configure:6178: result: yes
configure:6178: checking for string.h
configure:6178: gcc -c -g -O2  conftest.c >&5
configure:6178: $? = 0
configure:6178: result: yes
configure:6178: checking for memory.h
configure:6178: gcc -c -g -O2  conftest.c >&5
configure:6178: $? = 0
configure:6178: result: yes
configure:6178: checking for strings.h
configure:6178: gcc -c -g -O2  conftest.c >&5
configure:6178: $? = 0
configure:6178: result: yes
configure:6178: checking for inttypes.h
configure:6178: gcc -c -g -O2  conftest.c >&5
configure:6178: $? = 0
configure:6178: result: yes
configure:6178: checking for stdint.h
configure:6178: gcc -c -g -O2  conftest.c >&5
configure:6178: $? = 0
configure:6178: result: yes
configure:6178: checking for unistd.h
configure:6178: gcc -c -g -O2  conftest.c >&5
configure:6178: $? = 0
configure:6178: result: yes
configure:6193: checking for unistd.h
configure:6193: result: yes
configure:6193: checking sys/mman.h usability
configure:6193: gcc -c -g -O2  conftest.c >&5
configure:6193: $? = 0
configure:6193: result: yes
configure:6193: checking sys/mman.h presence
configure:6193: gcc -E  conftest.c
configure:6193: $? = 0
configure:6193: result: yes
configure:6193: checking for sys/mman.h
configure:6193: result: yes
configure:6193: checking sched.h usability
configure:6193: gcc -c -g -O2  conftest.c >&5
configure:6193: $? = 0
configure:6193: result: yes
configure:6193: checking sched.h presence
configure:6193: gcc -E  conftest.c
configure:6193: $? = 0
configure:6193: result: yes
configure:6193: checking for sched.h
configure:6193: result: yes
configure:6193: checking io.h usability
configure:6193: gcc -c -g -O2  conftest.c >&5
conftest.c:64:16: fatal error: io.h: No such file or directory
compilation terminated.
configure:6193: $? = 1
configure: failed program was:
| /* confdefs.h */
| #define PACKAGE_NAME "harfbuzz (TeX Live)"
| #define PACKAGE_TARNAME "harfbuzz--tex-live-"
| #define PACKAGE_VERSION "1.1.3"
| #define PACKAGE_STRING "harfbuzz (TeX Live) 1.1.3"
| #define PACKAGE_BUGREPORT "tex-k@tug.org"
| #define PACKAGE_URL ""
| #define PACKAGE "harfbuzz--tex-live-"
| #define VERSION "1.1.3"
| #define HAVE_ATEXIT 1
| #define HAVE_MPROTECT 1
| #define HAVE_SYSCONF 1
| #define HAVE_GETPAGESIZE 1
| #define HAVE_SCHED_YIELD 1
| #define HAVE_MMAP 1
| #define HAVE_ISATTY 1
| #define STDC_HEADERS 1
| #define HAVE_SYS_TYPES_H 1
| #define HAVE_SYS_STAT_H 1
| #define HAVE_STDLIB_H 1
| #define HAVE_STRING_H 1
| #define HAVE_MEMORY_H 1
| #define HAVE_STRINGS_H 1
| #define HAVE_INTTYPES_H 1
| #define HAVE_STDINT_H 1
| #define HAVE_UNISTD_H 1
| #define HAVE_UNISTD_H 1
| #define HAVE_SYS_MMAN_H 1
| #define HAVE_SCHED_H 1
| /* end confdefs.h.  */
| #include <stdio.h>
| #ifdef HAVE_SYS_TYPES_H
| # include <sys/types.h>
| #endif
| #ifdef HAVE_SYS_STAT_H
| # include <sys/stat.h>
| #endif
| #ifdef STDC_HEADERS
| # include <stdlib.h>
| # include <stddef.h>
| #else
| # ifdef HAVE_STDLIB_H
| #  include <stdlib.h>
| # endif
| #endif
| #ifdef HAVE_STRING_H
| # if !defined STDC_HEADERS && defined HAVE_MEMORY_H
| #  include <memory.h>
| # endif
| # include <string.h>
| #endif
| #ifdef HAVE_STRINGS_H
| # include <strings.h>
| #endif
| #ifdef HAVE_INTTYPES_H
| # include <inttypes.h>
| #endif
| #ifdef HAVE_STDINT_H
| # include <stdint.h>
| #endif
| #ifdef HAVE_UNISTD_H
| # include <unistd.h>
| #endif
| #include <io.h>
configure:6193: result: no
configure:6193: checking io.h presence
configure:6193: gcc -E  conftest.c
conftest.c:31:16: fatal error: io.h: No such file or directory
compilation terminated.
configure:6193: $? = 1
configure: failed program was:
| /* confdefs.h */
| #define PACKAGE_NAME "harfbuzz (TeX Live)"
| #define PACKAGE_TARNAME "harfbuzz--tex-live-"
| #define PACKAGE_VERSION "1.1.3"
| #define PACKAGE_STRING "harfbuzz (TeX Live) 1.1.3"
| #define PACKAGE_BUGREPORT "tex-k@tug.org"
| #define PACKAGE_URL ""
| #define PACKAGE "harfbuzz--tex-live-"
| #define VERSION "1.1.3"
| #define HAVE_ATEXIT 1
| #define HAVE_MPROTECT 1
| #define HAVE_SYSCONF 1
| #define HAVE_GETPAGESIZE 1
| #define HAVE_SCHED_YIELD 1
| #define HAVE_MMAP 1
| #define HAVE_ISATTY 1
| #define STDC_HEADERS 1
| #define HAVE_SYS_TYPES_H 1
| #define HAVE_SYS_STAT_H 1
| #define HAVE_STDLIB_H 1
| #define HAVE_STRING_H 1
| #define HAVE_MEMORY_H 1
| #define HAVE_STRINGS_H 1
| #define HAVE_INTTYPES_H 1
| #define HAVE_STDINT_H 1
| #define HAVE_UNISTD_H 1
| #define HAVE_UNISTD_H 1
| #define HAVE_SYS_MMAN_H 1
| #define HAVE_SCHED_H 1
| /* end confdefs.h.  */
| #include <io.h>
configure:6193: result: no
configure:6193: checking for io.h
configure:6193: result: no
configure:6208: checking alignment of struct{char;}
configure:6213: gcc -o conftest -g -O2   conftest.c  >&5
conftest.c:67:37: warning: declaration does not declare anything
 typedef struct { char x; struct{char;} y; } ac__type_alignof_;
                                     ^
configure:6213: $? = 0
configure:6213: ./conftest
configure:6213: $? = 0
configure:6231: result: 1
configure:6432: checking that generated files are newer than configure
configure:6438: result: done
configure:6477: creating ./config.status

## ---------------------- ##
## Running config.status. ##
## ---------------------- ##

This file was extended by harfbuzz (TeX Live) config.status 1.1.3, which was
generated by GNU Autoconf 2.69.  Invocation command line was

  CONFIG_FILES    = 
  CONFIG_HEADERS  = 
  CONFIG_LINKS    = 
  CONFIG_COMMANDS = 
  $ ./config.status 

on maqiyuan-E430c

config.status:916: creating Makefile
config.status:916: creating include/Makefile
config.status:916: creating hb-version.h
config.status:916: creating config.h
config.status:1145: executing depfiles commands

## ---------------- ##
## Cache variables. ##
## ---------------- ##

ac_cv_alignof_struct_char__=1
ac_cv_build=x86_64-pc-linux-gnu
ac_cv_c_compiler_gnu=yes
ac_cv_cxx_compiler_gnu=yes
ac_cv_env_CCC_set=
ac_cv_env_CCC_value=
ac_cv_env_CC_set=
ac_cv_env_CC_value=
ac_cv_env_CFLAGS_set=
ac_cv_env_CFLAGS_value=
ac_cv_env_CPPFLAGS_set=
ac_cv_env_CPPFLAGS_value=
ac_cv_env_CPP_set=
ac_cv_env_CPP_value=
ac_cv_env_CXXFLAGS_set=
ac_cv_env_CXXFLAGS_value=
ac_cv_env_CXX_set=
ac_cv_env_CXX_value=
ac_cv_env_LDFLAGS_set=
ac_cv_env_LDFLAGS_value=
ac_cv_env_LIBS_set=
ac_cv_env_LIBS_value=
ac_cv_env_build_alias_set=
ac_cv_env_build_alias_value=
ac_cv_env_host_alias_set=
ac_cv_env_host_alias_value=
ac_cv_env_target_alias_set=
ac_cv_env_target_alias_value=
ac_cv_func__setmode=no
ac_cv_func_atexit=yes
ac_cv_func_getpagesize=yes
ac_cv_func_isatty=yes
ac_cv_func_mmap=yes
ac_cv_func_mprotect=yes
ac_cv_func_sched_yield=yes
ac_cv_func_sysconf=yes
ac_cv_header_inttypes_h=yes
ac_cv_header_io_h=no
ac_cv_header_memory_h=yes
ac_cv_header_sched_h=yes
ac_cv_header_stdc=yes
ac_cv_header_stdint_h=yes
ac_cv_header_stdlib_h=yes
ac_cv_header_string_h=yes
ac_cv_header_strings_h=yes
ac_cv_header_sys_mman_h=yes
ac_cv_header_sys_stat_h=yes
ac_cv_header_sys_types_h=yes
ac_cv_header_unistd_h=yes
ac_cv_host=x86_64-pc-linux-gnu
ac_cv_objext=o
ac_cv_path_EGREP='/bin/grep -E'
ac_cv_path_GREP=/bin/grep
ac_cv_path_install='/usr/bin/install -c'
ac_cv_path_mkdir=/bin/mkdir
ac_cv_prog_AWK=gawk
ac_cv_prog_CPP='gcc -E'
ac_cv_prog_ac_ct_CC=gcc
ac_cv_prog_ac_ct_CXX=g++
ac_cv_prog_ac_ct_PKG_CONFIG=pkg-config
ac_cv_prog_ac_ct_RANLIB=ranlib
ac_cv_prog_cc_c89=
ac_cv_prog_cc_g=yes
ac_cv_prog_cxx_g=yes
ac_cv_prog_make_make_set=yes
am_cv_CC_dependencies_compiler_type=gcc3
am_cv_CXX_dependencies_compiler_type=gcc3
am_cv_make_support_nested_variables=yes
am_cv_prog_cc_c_o=yes
kb_cv_c_prototypes=yes
kpse_cv_warning_cflags='-Wimplicit -Wreturn-type -Wdeclaration-after-statement -Wno-unknown-pragmas'
kpse_cv_warning_cxxflags='-Wreturn-type -Wno-unknown-pragmas -Wno-write-strings'

## ----------------- ##
## Output variables. ##
## ----------------- ##

	cd ${top_builddir}/../../libs/graphite2 && $(MAKE) $(AM_MAKEFLAGS) rebuild
	cd ${top_builddir}/../../libs/graphite2 && $(MAKE) $(AM_MAKEFLAGS) rebuild'
	cd ${top_builddir}/../../libs/icu && $(MAKE) $(AM_MAKEFLAGS) rebuild
	cd ${top_builddir}/../../libs/icu && $(MAKE) $(AM_MAKEFLAGS) rebuild'
$(GRAPHITE2_DEPEND): ${top_builddir}/../../libs/graphite2/include/graphite2/Font.h
$(ICU_DEPEND): ${top_builddir}/../../libs/icu/include/unicode/uversion.h
${top_builddir}/../../libs/graphite2/include/graphite2/Font.h:
${top_builddir}/../../libs/icu/include/unicode/uversion.h:
ACLOCAL='${SHELL} /home/maqiyuan/Desktop/texlive-mobile/src/texlive-source/build-aux/missing aclocal-1.15'
AMDEPBACKSLASH='\'
AMDEP_FALSE='#'
AMDEP_TRUE=''
AMTAR='$${TAR-tar}'
AM_BACKSLASH='\'
AM_CXXFLAGS=''
AM_DEFAULT_V='$(AM_DEFAULT_VERBOSITY)'
AM_DEFAULT_VERBOSITY='1'
AM_V='$(V)'
AUTOCONF='${SHELL} /home/maqiyuan/Desktop/texlive-mobile/src/texlive-source/build-aux/missing autoconf'
AUTOHEADER='${SHELL} /home/maqiyuan/Desktop/texlive-mobile/src/texlive-source/build-aux/missing autoheader'
AUTOMAKE='${SHELL} /home/maqiyuan/Desktop/texlive-mobile/src/texlive-source/build-aux/missing automake-1.15'
AWK='gawk'
CC='gcc'
CCDEPMODE='depmode=gcc3'
CFLAGS='-g -O2'
CPP='gcc -E'
CPPFLAGS=''
CXX='g++'
CXXDEPMODE='depmode=gcc3'
CXXFLAGS='-g -O2'
CYGPATH_W='echo'
DEFS='-DHAVE_CONFIG_H'
DEPDIR='.deps'
ECHO_C=''
ECHO_N='-n'
ECHO_T=''
EGREP='/bin/grep -E'
EXEEXT=''
GRAPHITE2_DEPEND='${top_builddir}/../../libs/graphite2/libgraphite2.a'
GRAPHITE2_INCLUDES='-I/home/maqiyuan/Desktop/texlive-mobile/src/texlive-source/libs/graphite2/include -DGRAPHITE2_STATIC'
GRAPHITE2_LIBS='/home/maqiyuan/Desktop/texlive-mobile/src/texlive-source/libs/graphite2/libgraphite2.a'
GRAPHITE2_RULE='# Rebuild libgraphite2
GREP='/bin/grep'
HARFBUZZ_TREE='harfbuzz-src'
HB_VERSION='1.1.3'
HB_VERSION_MAJOR='1'
HB_VERSION_MICRO='3'
HB_VERSION_MINOR='1'
ICU_CONFIG=''
ICU_DEPEND=' ${top_builddir}/../../libs/icu/icu-build/lib/libicuuc.a ${top_builddir}/../../libs/icu/icu-build/lib/libicudata.a'
ICU_INCLUDES='-DU_STATIC_IMPLEMENTATION -I/home/maqiyuan/Desktop/texlive-mobile/src/texlive-source/libs/icu/include'
ICU_LIBS=' /home/maqiyuan/Desktop/texlive-mobile/src/texlive-source/libs/icu/icu-build/lib/libicuuc.a /home/maqiyuan/Desktop/texlive-mobile/src/texlive-source/libs/icu/icu-build/lib/libicudata.a'
ICU_RULE='# Rebuild libicuxxx
INSTALL_DATA='${INSTALL} -m 644'
INSTALL_PROGRAM='${INSTALL}'
INSTALL_SCRIPT='${INSTALL}'
INSTALL_STRIP_PROGRAM='$(install_sh) -c -s'
LDFLAGS=''
LIBOBJS=''
LIBS=''
LN_S='ln -s'
LTLIBOBJS=''
MAINT='#'
MAINTAINER_MODE_FALSE=''
MAINTAINER_MODE_TRUE='#'
MAKEINFO='${SHELL} /home/maqiyuan/Desktop/texlive-mobile/src/texlive-source/build-aux/missing makeinfo'
MKDIR_P='/bin/mkdir -p'
OBJEXT='o'
PACKAGE='harfbuzz--tex-live-'
PACKAGE_BUGREPORT='tex-k@tug.org'
PACKAGE_NAME='harfbuzz (TeX Live)'
PACKAGE_STRING='harfbuzz (TeX Live) 1.1.3'
PACKAGE_TARNAME='harfbuzz--tex-live-'
PACKAGE_URL=''
PACKAGE_VERSION='1.1.3'
PATH_SEPARATOR=':'
PKG_CONFIG='pkg-config'
RANLIB='ranlib'
SET_MAKE=''
SHELL='/bin/bash'
STRIP=''
VERSION='1.1.3'
WARNING_CFLAGS='-Wimplicit -Wreturn-type -Wdeclaration-after-statement -Wno-unknown-pragmas'
WARNING_CXXFLAGS='-Wreturn-type -Wno-unknown-pragmas -Wno-write-strings'
ac_ct_CC='gcc'
ac_ct_CXX='g++'
am__EXEEXT_FALSE=''
am__EXEEXT_TRUE='#'
am__fastdepCC_FALSE='#'
am__fastdepCC_TRUE=''
am__fastdepCXX_FALSE='#'
am__fastdepCXX_TRUE=''
am__include='include'
am__isrc=''
am__leading_dot='.'
am__nodep='_no'
am__quote=''
am__tar='$${TAR-tar} chof - "$$tardir"'
am__untar='$${TAR-tar} xf -'
bindir='${exec_prefix}/bin/x86_64-pc-linux-gnu'
build='x86_64-pc-linux-gnu'
build_FALSE='#'
build_TRUE=''
build_alias=''
build_cpu='x86_64'
build_os='linux-gnu'
build_vendor='pc'
datadir='${datarootdir}'
datarootdir='${prefix}'
docdir='${datarootdir}/doc/${PACKAGE_TARNAME}'
dvidir='${docdir}'
exec_prefix='${prefix}'
host='x86_64-pc-linux-gnu'
host_alias=''
host_cpu='x86_64'
host_os='linux-gnu'
host_vendor='pc'
htmldir='${docdir}'
includedir='${prefix}/include'
infodir='${prefix}/texmf-dist/doc/info'
install_sh='${SHELL} /home/maqiyuan/Desktop/texlive-mobile/src/texlive-source/build-aux/install-sh'
libdir='${exec_prefix}/lib/x86_64-pc-linux-gnu'
libexecdir='${exec_prefix}/libexec'
localedir='${datarootdir}/locale'
localstatedir='${prefix}/var'
mandir='${prefix}/texmf-dist/doc/man'
mkdir_p='$(MKDIR_P)'
oldincludedir='/usr/include'
pdfdir='${docdir}'
prefix='/usr/local'
program_transform_name='s,x,x,'
psdir='${docdir}'
sbindir='${exec_prefix}/sbin'
sharedstatedir='${prefix}/com'
sysconfdir='${prefix}/etc'
target_alias=''

## ----------- ##
## confdefs.h. ##
## ----------- ##

/* confdefs.h */
#define PACKAGE_NAME "harfbuzz (TeX Live)"
#define PACKAGE_TARNAME "harfbuzz--tex-live-"
#define PACKAGE_VERSION "1.1.3"
#define PACKAGE_STRING "harfbuzz (TeX Live) 1.1.3"
#define PACKAGE_BUGREPORT "tex-k@tug.org"
#define PACKAGE_URL ""
#define PACKAGE "harfbuzz--tex-live-"
#define VERSION "1.1.3"
#define HAVE_ATEXIT 1
#define HAVE_MPROTECT 1
#define HAVE_SYSCONF 1
#define HAVE_GETPAGESIZE 1
#define HAVE_SCHED_YIELD 1
#define HAVE_MMAP 1
#define HAVE_ISATTY 1
#define STDC_HEADERS 1
#define HAVE_SYS_TYPES_H 1
#define HAVE_SYS_STAT_H 1
#define HAVE_STDLIB_H 1
#define HAVE_STRING_H 1
#define HAVE_MEMORY_H 1
#define HAVE_STRINGS_H 1
#define HAVE_INTTYPES_H 1
#define HAVE_STDINT_H 1
#define HAVE_UNISTD_H 1
#define HAVE_UNISTD_H 1
#define HAVE_SYS_MMAN_H 1
#define HAVE_SCHED_H 1
#define ALIGNOF_STRUCT_CHAR__ 1
#define HAVE_OT 1
#define HAVE_ICU 1
#define HAVE_GRAPHITE2 1

configure: exit 0
