This file contains any messages produced by compilers while
running configure, to aid debugging if configure makes a mistake.

It was created by dvisvgm (TeX Live) configure 1.14.2, which was
generated by GNU Autoconf 2.69.  Invocation command line was

  $ ./configure --disable-option-checking --prefix=/usr/local --enable-build-in-source-tree --enable-native-texlive-build --enable-largefile --disable-silent-rules --enable-multiplatform=yes --enable-cxx-runtime-hack=yes --enable-libtool-hack=yes --disable-shared --enable-texlive-build --bindir=${exec_prefix}/bin/x86_64-pc-linux-gnu --libdir=${exec_prefix}/lib/x86_64-pc-linux-gnu --with-x --enable-devnag=yes --enable-lacheck=yes --enable-m-tx=yes --enable-pmx=yes --enable-ps2eps=yes --enable-t1utils=yes --enable-texdoctk=yes --enable-tpic2pdftex=yes --enable-vlna=yes --enable-xindy=no --with-clisp-runtime=default --enable-xpdfopen=yes --enable-web2c=yes --enable-afm2pl=yes --enable-bibtex-x=yes --enable-chktex=yes --enable-cjkutils=yes --enable-detex=yes --enable-dtl=yes --enable-dvi2tty=yes --enable-dvidvi=yes --enable-dviljk=yes --enable-dvipdfm-x=yes --enable-dvipng=yes --enable-dvipos=yes --enable-dvipsk=yes --enable-dvisvgm=yes --enable-gregorio=yes --enable-gsftopk=yes --enable-lcdf-typetools=yes --enable-makeindexk=yes --enable-makejvf=yes --enable-mendexk=yes --enable-musixtnt=yes --enable-ps2pk=yes --enable-psutils=yes --enable-seetexk=yes --enable-tex4htk=yes --enable-ttf2pk2=yes --enable-ttfdump=yes --enable-xdvik=yes --enable-texlive=yes --with-system-harfbuzz=no --with-system-icu=no --with-system-teckit=no --with-system-graphite2=no --with-system-zziplib=no --with-system-xpdf=no --with-system-poppler=no --with-system-mpfr=no --with-system-gmp=no --with-system-cairo=no --with-system-pixman=no --with-system-potrace=no --with-system-gd=no --with-system-freetype2=no --with-system-libpng=no --with-system-libpaper=no --with-system-zlib=no --with-system-ptexenc=no --with-system-kpathsea=no --datarootdir=${prefix} --mandir=${prefix}/texmf-dist/doc/man --infodir=${prefix}/texmf-dist/doc/info --cache-file=/dev/null --srcdir=.

## --------- ##
## Platform. ##
## --------- ##

hostname = maqiyuan-E430c
uname -m = x86_64
uname -r = 4.4.0-31-generic
uname -s = Linux
uname -v = #50-Ubuntu SMP Wed Jul 13 00:07:12 UTC 2016

/usr/bin/uname -p = unknown
/bin/uname -X     = unknown

/bin/arch              = unknown
/usr/bin/arch -k       = unknown
/usr/convex/getsysinfo = unknown
/usr/bin/hostinfo      = unknown
/bin/machine           = unknown
/usr/bin/oslevel       = unknown
/bin/universe          = unknown

PATH: /usr/local/sbin
PATH: /usr/local/bin
PATH: /usr/sbin
PATH: /usr/bin
PATH: /sbin
PATH: /bin
PATH: /usr/games
PATH: /usr/local/games
PATH: /snap/bin
PATH: /home/maqiyuan/bin/FDK/Tools/linux


## ----------- ##
## Core tests. ##
## ----------- ##

configure:2852: checking for a BSD-compatible install
configure:2920: result: /usr/bin/install -c
configure:2931: checking whether build environment is sane
configure:2986: result: yes
configure:3137: checking for a thread-safe mkdir -p
configure:3176: result: /bin/mkdir -p
configure:3183: checking for gawk
configure:3199: found /usr/bin/gawk
configure:3210: result: gawk
configure:3221: checking whether make sets $(MAKE)
configure:3243: result: yes
configure:3272: checking whether make supports nested variables
configure:3289: result: yes
configure:3312: checking for style of include used by make
configure:3340: result: GNU
configure:3411: checking for gcc
configure:3427: found /usr/bin/gcc
configure:3438: result: gcc
configure:3667: checking for C compiler version
configure:3676: gcc --version >&5
gcc (Ubuntu 5.4.0-6ubuntu1~16.04.1) 5.4.0 20160609
Copyright (C) 2015 Free Software Foundation, Inc.
This is free software; see the source for copying conditions.  There is NO
warranty; not even for MERCHANTABILITY or FITNESS FOR A PARTICULAR PURPOSE.

configure:3687: $? = 0
configure:3676: gcc -v >&5
Using built-in specs.
COLLECT_GCC=gcc
COLLECT_LTO_WRAPPER=/usr/lib/gcc/x86_64-linux-gnu/5/lto-wrapper
Target: x86_64-linux-gnu
Configured with: ../src/configure -v --with-pkgversion='Ubuntu 5.4.0-6ubuntu1~16.04.1' --with-bugurl=file:///usr/share/doc/gcc-5/README.Bugs --enable-languages=c,ada,c++,java,go,d,fortran,objc,obj-c++ --prefix=/usr --program-suffix=-5 --enable-shared --enable-linker-build-id --libexecdir=/usr/lib --without-included-gettext --enable-threads=posix --libdir=/usr/lib --enable-nls --with-sysroot=/ --enable-clocale=gnu --enable-libstdcxx-debug --enable-libstdcxx-time=yes --with-default-libstdcxx-abi=new --enable-gnu-unique-object --disable-vtable-verify --enable-libmpx --enable-plugin --with-system-zlib --disable-browser-plugin --enable-java-awt=gtk --enable-gtk-cairo --with-java-home=/usr/lib/jvm/java-1.5.0-gcj-5-amd64/jre --enable-java-home --with-jvm-root-dir=/usr/lib/jvm/java-1.5.0-gcj-5-amd64 --with-jvm-jar-dir=/usr/lib/jvm-exports/java-1.5.0-gcj-5-amd64 --with-arch-directory=amd64 --with-ecj-jar=/usr/share/java/eclipse-ecj.jar --enable-objc-gc --enable-multiarch --disable-werror --with-arch-32=i686 --with-abi=m64 --with-multilib-list=m32,m64,mx32 --enable-multilib --with-tune=generic --enable-checking=release --build=x86_64-linux-gnu --host=x86_64-linux-gnu --target=x86_64-linux-gnu
Thread model: posix
gcc version 5.4.0 20160609 (Ubuntu 5.4.0-6ubuntu1~16.04.1) 
configure:3687: $? = 0
configure:3676: gcc -V >&5
gcc: error: unrecognized command line option '-V'
gcc: fatal error: no input files
compilation terminated.
configure:3687: $? = 1
configure:3676: gcc -qversion >&5
gcc: error: unrecognized command line option '-qversion'
gcc: fatal error: no input files
compilation terminated.
configure:3687: $? = 1
configure:3707: checking whether the C compiler works
configure:3729: gcc    conftest.c  >&5
configure:3733: $? = 0
configure:3781: result: yes
configure:3784: checking for C compiler default output file name
configure:3786: result: a.out
configure:3792: checking for suffix of executables
configure:3799: gcc -o conftest    conftest.c  >&5
configure:3803: $? = 0
configure:3825: result: 
configure:3847: checking whether we are cross compiling
configure:3855: gcc -o conftest    conftest.c  >&5
configure:3859: $? = 0
configure:3866: ./conftest
configure:3870: $? = 0
configure:3885: result: no
configure:3890: checking for suffix of object files
configure:3912: gcc -c   conftest.c >&5
configure:3916: $? = 0
configure:3937: result: o
configure:3941: checking whether we are using the GNU C compiler
configure:3960: gcc -c   conftest.c >&5
configure:3960: $? = 0
configure:3969: result: yes
configure:3978: checking whether gcc accepts -g
configure:3998: gcc -c -g  conftest.c >&5
configure:3998: $? = 0
configure:4039: result: yes
configure:4056: checking for gcc option to accept ISO C89
configure:4119: gcc  -c -g -O2  conftest.c >&5
configure:4119: $? = 0
configure:4132: result: none needed
configure:4157: checking whether gcc understands -c and -o together
configure:4179: gcc -c conftest.c -o conftest2.o
configure:4182: $? = 0
configure:4179: gcc -c conftest.c -o conftest2.o
configure:4182: $? = 0
configure:4194: result: yes
configure:4213: checking dependency style of gcc
configure:4324: result: gcc3
configure:4384: checking build system type
configure:4398: result: x86_64-pc-linux-gnu
configure:4418: checking host system type
configure:4431: result: x86_64-pc-linux-gnu
configure:4472: checking how to print strings
configure:4499: result: printf
configure:4520: checking for a sed that does not truncate output
configure:4584: result: /bin/sed
configure:4602: checking for grep that handles long lines and -e
configure:4660: result: /bin/grep
configure:4665: checking for egrep
configure:4727: result: /bin/grep -E
configure:4732: checking for fgrep
configure:4794: result: /bin/grep -F
configure:4829: checking for ld used by gcc
configure:4896: result: /usr/bin/ld
configure:4903: checking if the linker (/usr/bin/ld) is GNU ld
configure:4918: result: yes
configure:4930: checking for BSD- or MS-compatible name lister (nm)
configure:4984: result: /usr/bin/nm -B
configure:5114: checking the name lister (/usr/bin/nm -B) interface
configure:5121: gcc -c -g -O2  conftest.c >&5
configure:5124: /usr/bin/nm -B "conftest.o"
configure:5127: output
0000000000000000 B some_variable
configure:5134: result: BSD nm
configure:5137: checking whether ln -s works
configure:5141: result: yes
configure:5149: checking the maximum length of command line arguments
configure:5280: result: 1572864
configure:5328: checking how to convert x86_64-pc-linux-gnu file names to x86_64-pc-linux-gnu format
configure:5368: result: func_convert_file_noop
configure:5375: checking how to convert x86_64-pc-linux-gnu file names to toolchain format
configure:5395: result: func_convert_file_noop
configure:5402: checking for /usr/bin/ld option to reload object files
configure:5409: result: -r
configure:5483: checking for objdump
configure:5499: found /usr/bin/objdump
configure:5510: result: objdump
configure:5539: checking how to recognize dependent libraries
configure:5739: result: pass_all
configure:5824: checking for dlltool
configure:5854: result: no
configure:5881: checking how to associate runtime and link libraries
configure:5908: result: printf %s\n
configure:5968: checking for ar
configure:5984: found /usr/bin/ar
configure:5995: result: ar
configure:6032: checking for archiver @FILE support
configure:6049: gcc -c -g -O2  conftest.c >&5
configure:6049: $? = 0
configure:6052: ar cru libconftest.a @conftest.lst >&5
ar: `u' modifier ignored since `D' is the default (see `U')
configure:6055: $? = 0
configure:6060: ar cru libconftest.a @conftest.lst >&5
ar: `u' modifier ignored since `D' is the default (see `U')
ar: conftest.o: No such file or directory
configure:6063: $? = 1
configure:6075: result: @
configure:6133: checking for strip
configure:6149: found /usr/bin/strip
configure:6160: result: strip
configure:6232: checking for ranlib
configure:6248: found /usr/bin/ranlib
configure:6259: result: ranlib
configure:6361: checking command to parse /usr/bin/nm -B output from gcc object
configure:6514: gcc -c -g -O2  conftest.c >&5
configure:6517: $? = 0
configure:6521: /usr/bin/nm -B conftest.o \| sed -n -e 's/^.*[ ]\([ABCDGIRSTW][ABCDGIRSTW]*\)[ ][ ]*\([_A-Za-z][_A-Za-z0-9]*\)$/\1 \2 \2/p' | sed '/ __gnu_lto/d' \> conftest.nm
configure:6524: $? = 0
configure:6590: gcc -o conftest -g -O2   conftest.c conftstm.o >&5
configure:6593: $? = 0
configure:6631: result: ok
configure:6678: checking for sysroot
configure:6708: result: no
configure:6715: checking for a working dd
configure:6753: result: /bin/dd
configure:6757: checking how to truncate binary pipes
configure:6772: result: /bin/dd bs=4096 count=1
configure:6908: gcc -c -g -O2  conftest.c >&5
configure:6911: $? = 0
configure:7101: checking for mt
configure:7117: found /bin/mt
configure:7128: result: mt
configure:7151: checking if mt is a manifest tool
configure:7157: mt '-?'
configure:7165: result: no
configure:7842: checking how to run the C preprocessor
configure:7873: gcc -E  conftest.c
configure:7873: $? = 0
configure:7887: gcc -E  conftest.c
conftest.c:9:28: fatal error: ac_nonexistent.h: No such file or directory
compilation terminated.
configure:7887: $? = 1
configure: failed program was:
| /* confdefs.h */
| #define PACKAGE_NAME "dvisvgm (TeX Live)"
| #define PACKAGE_TARNAME "dvisvgm--tex-live-"
| #define PACKAGE_VERSION "1.14.2"
| #define PACKAGE_STRING "dvisvgm (TeX Live) 1.14.2"
| #define PACKAGE_BUGREPORT "tex-k@tug.org"
| #define PACKAGE_URL ""
| /* end confdefs.h.  */
| #include <ac_nonexistent.h>
configure:7912: result: gcc -E
configure:7932: gcc -E  conftest.c
configure:7932: $? = 0
configure:7946: gcc -E  conftest.c
conftest.c:9:28: fatal error: ac_nonexistent.h: No such file or directory
compilation terminated.
configure:7946: $? = 1
configure: failed program was:
| /* confdefs.h */
| #define PACKAGE_NAME "dvisvgm (TeX Live)"
| #define PACKAGE_TARNAME "dvisvgm--tex-live-"
| #define PACKAGE_VERSION "1.14.2"
| #define PACKAGE_STRING "dvisvgm (TeX Live) 1.14.2"
| #define PACKAGE_BUGREPORT "tex-k@tug.org"
| #define PACKAGE_URL ""
| /* end confdefs.h.  */
| #include <ac_nonexistent.h>
configure:7975: checking for ANSI C header files
configure:7995: gcc -c -g -O2  conftest.c >&5
configure:7995: $? = 0
configure:8068: gcc -o conftest -g -O2   conftest.c  >&5
configure:8068: $? = 0
configure:8068: ./conftest
configure:8068: $? = 0
configure:8079: result: yes
configure:8092: checking for sys/types.h
configure:8092: gcc -c -g -O2  conftest.c >&5
configure:8092: $? = 0
configure:8092: result: yes
configure:8092: checking for sys/stat.h
configure:8092: gcc -c -g -O2  conftest.c >&5
configure:8092: $? = 0
configure:8092: result: yes
configure:8092: checking for stdlib.h
configure:8092: gcc -c -g -O2  conftest.c >&5
configure:8092: $? = 0
configure:8092: result: yes
configure:8092: checking for string.h
configure:8092: gcc -c -g -O2  conftest.c >&5
configure:8092: $? = 0
configure:8092: result: yes
configure:8092: checking for memory.h
configure:8092: gcc -c -g -O2  conftest.c >&5
configure:8092: $? = 0
configure:8092: result: yes
configure:8092: checking for strings.h
configure:8092: gcc -c -g -O2  conftest.c >&5
configure:8092: $? = 0
configure:8092: result: yes
configure:8092: checking for inttypes.h
configure:8092: gcc -c -g -O2  conftest.c >&5
configure:8092: $? = 0
configure:8092: result: yes
configure:8092: checking for stdint.h
configure:8092: gcc -c -g -O2  conftest.c >&5
configure:8092: $? = 0
configure:8092: result: yes
configure:8092: checking for unistd.h
configure:8092: gcc -c -g -O2  conftest.c >&5
configure:8092: $? = 0
configure:8092: result: yes
configure:8106: checking for dlfcn.h
configure:8106: gcc -c -g -O2  conftest.c >&5
configure:8106: $? = 0
configure:8106: result: yes
configure:8234: checking whether to enable maintainer-specific portions of Makefiles
configure:8243: result: no
configure:8256: checking whether the compiler accepts prototypes
configure:8272: gcc -o conftest -g -O2   conftest.c  >&5
configure:8272: $? = 0
configure:8280: result: yes
configure:8285: checking what warning flags to pass to the C compiler
configure:8330: result: -Wimplicit -Wreturn-type -Wdeclaration-after-statement -Wno-unknown-pragmas
configure:8884: checking for objdir
configure:8899: result: .libs
configure:9163: checking if gcc supports -fno-rtti -fno-exceptions
configure:9181: gcc -c -g -O2  -fno-rtti -fno-exceptions conftest.c >&5
cc1: warning: command line option '-fno-rtti' is valid for C++/ObjC++ but not for C
configure:9185: $? = 0
configure:9198: result: no
configure:9556: checking for gcc option to produce PIC
configure:9563: result: -fPIC -DPIC
configure:9571: checking if gcc PIC flag -fPIC -DPIC works
configure:9589: gcc -c -g -O2  -fPIC -DPIC -DPIC conftest.c >&5
configure:9593: $? = 0
configure:9606: result: yes
configure:9635: checking if gcc static flag -static works
configure:9663: result: yes
configure:9678: checking if gcc supports -c -o file.o
configure:9699: gcc -c -g -O2  -o out/conftest2.o conftest.c >&5
configure:9703: $? = 0
configure:9725: result: yes
configure:9733: checking if gcc supports -c -o file.o
configure:9780: result: yes
configure:9813: checking whether the gcc linker (/usr/bin/ld -m elf_x86_64) supports shared libraries
configure:11072: result: yes
configure:11312: checking dynamic linker characteristics
configure:11893: gcc -o conftest -g -O2   -Wl,-rpath -Wl,/foo conftest.c  >&5
configure:11893: $? = 0
configure:12130: result: GNU/Linux ld.so
configure:12252: checking how to hardcode library paths into programs
configure:12277: result: immediate
configure:12825: checking whether stripping libraries is possible
configure:12830: result: yes
configure:12865: checking if libtool supports shared libraries
configure:12867: result: yes
configure:12870: checking whether to build shared libraries
configure:12895: result: no
configure:12898: checking whether to build static libraries
configure:12902: result: yes
configure:12946: checking for special C compiler options needed for large files
configure:12991: result: no
configure:12997: checking for _FILE_OFFSET_BITS value needed for large files
configure:13022: gcc -c -g -O2  conftest.c >&5
configure:13022: $? = 0
configure:13054: result: no
configure:13139: checking for _LARGEFILE_SOURCE value needed for large files
configure:13158: gcc -o conftest -g -O2   conftest.c  >&5
configure:13158: $? = 0
configure:13186: result: no
configure:13210: checking for dirent.h that defines DIR
configure:13229: gcc -c -g -O2  conftest.c >&5
configure:13229: $? = 0
configure:13237: result: yes
configure:13250: checking for library containing opendir
configure:13281: gcc -o conftest -g -O2   conftest.c  >&5
configure:13281: $? = 0
configure:13298: result: none required
configure:13365: checking for ANSI C header files
configure:13469: result: yes
configure:13477: checking whether closedir returns void
configure:13501: gcc -o conftest -g -O2   conftest.c  >&5
configure:13501: $? = 0
configure:13501: ./conftest
configure:13501: $? = 0
configure:13511: result: no
configure:13522: checking assert.h usability
configure:13522: gcc -c -g -O2  conftest.c >&5
configure:13522: $? = 0
configure:13522: result: yes
configure:13522: checking assert.h presence
configure:13522: gcc -E  conftest.c
configure:13522: $? = 0
configure:13522: result: yes
configure:13522: checking for assert.h
configure:13522: result: yes
configure:13522: checking float.h usability
configure:13522: gcc -c -g -O2  conftest.c >&5
configure:13522: $? = 0
configure:13522: result: yes
configure:13522: checking float.h presence
configure:13522: gcc -E  conftest.c
configure:13522: $? = 0
configure:13522: result: yes
configure:13522: checking for float.h
configure:13522: result: yes
configure:13522: checking limits.h usability
configure:13522: gcc -c -g -O2  conftest.c >&5
configure:13522: $? = 0
configure:13522: result: yes
configure:13522: checking limits.h presence
configure:13522: gcc -E  conftest.c
configure:13522: $? = 0
configure:13522: result: yes
configure:13522: checking for limits.h
configure:13522: result: yes
configure:13522: checking pwd.h usability
configure:13522: gcc -c -g -O2  conftest.c >&5
configure:13522: $? = 0
configure:13522: result: yes
configure:13522: checking pwd.h presence
configure:13522: gcc -E  conftest.c
configure:13522: $? = 0
configure:13522: result: yes
configure:13522: checking for pwd.h
configure:13522: result: yes
configure:13522: checking for stdlib.h
configure:13522: result: yes
configure:13522: checking sys/param.h usability
configure:13522: gcc -c -g -O2  conftest.c >&5
configure:13522: $? = 0
configure:13522: result: yes
configure:13522: checking sys/param.h presence
configure:13522: gcc -E  conftest.c
configure:13522: $? = 0
configure:13522: result: yes
configure:13522: checking for sys/param.h
configure:13522: result: yes
configure:13534: checking for putenv
configure:13534: gcc -o conftest -g -O2   conftest.c  >&5
configure:13534: $? = 0
configure:13534: result: yes
configure:13546: checking for getcwd
configure:13546: gcc -o conftest -g -O2   conftest.c  >&5
configure:13546: $? = 0
configure:13546: result: yes
configure:13546: checking for getwd
configure:13546: gcc -o conftest -g -O2   conftest.c  >&5
/tmp/cc8cur2F.o: In function `main':
/home/maqiyuan/Desktop/texlive-mobile/src/texlive-source/texk/dvisvgm/conftest.c:68: warning: the `getwd' function is dangerous and should not be used.
configure:13546: $? = 0
configure:13546: result: yes
configure:13546: checking for memcmp
configure:13546: gcc -o conftest -g -O2   conftest.c  >&5
conftest.c:58:6: warning: conflicting types for built-in function 'memcmp'
 char memcmp ();
      ^
configure:13546: $? = 0
configure:13546: result: yes
configure:13546: checking for memcpy
configure:13546: gcc -o conftest -g -O2   conftest.c  >&5
conftest.c:59:6: warning: conflicting types for built-in function 'memcpy'
 char memcpy ();
      ^
configure:13546: $? = 0
configure:13546: result: yes
configure:13546: checking for mkstemp
configure:13546: gcc -o conftest -g -O2   conftest.c  >&5
configure:13546: $? = 0
configure:13546: result: yes
configure:13546: checking for mktemp
configure:13546: gcc -o conftest -g -O2   conftest.c  >&5
/tmp/ccjq2aw3.o: In function `main':
/home/maqiyuan/Desktop/texlive-mobile/src/texlive-source/texk/dvisvgm/conftest.c:72: warning: the use of `mktemp' is dangerous, better use `mkstemp' or `mkdtemp'
configure:13546: $? = 0
configure:13546: result: yes
configure:13546: checking for strchr
configure:13546: gcc -o conftest -g -O2   conftest.c  >&5
conftest.c:62:6: warning: conflicting types for built-in function 'strchr'
 char strchr ();
      ^
configure:13546: $? = 0
configure:13546: result: yes
configure:13546: checking for strrchr
configure:13546: gcc -o conftest -g -O2   conftest.c  >&5
conftest.c:63:6: warning: conflicting types for built-in function 'strrchr'
 char strrchr ();
      ^
configure:13546: $? = 0
configure:13546: result: yes
configure:13555: checking for an ANSI C-conforming const
configure:13621: gcc -c -g -O2  conftest.c >&5
configure:13621: $? = 0
configure:13628: result: yes
configure:13636: checking for inline
configure:13652: gcc -c -g -O2  conftest.c >&5
configure:13652: $? = 0
configure:13660: result: inline
configure:13678: checking for size_t
configure:13678: gcc -c -g -O2  conftest.c >&5
configure:13678: $? = 0
configure:13678: gcc -c -g -O2  conftest.c >&5
conftest.c: In function 'main':
conftest.c:77:21: error: expected expression before ')' token
 if (sizeof ((size_t)))
                     ^
configure:13678: $? = 1
configure: failed program was:
| /* confdefs.h */
| #define PACKAGE_NAME "dvisvgm (TeX Live)"
| #define PACKAGE_TARNAME "dvisvgm--tex-live-"
| #define PACKAGE_VERSION "1.14.2"
| #define PACKAGE_STRING "dvisvgm (TeX Live) 1.14.2"
| #define PACKAGE_BUGREPORT "tex-k@tug.org"
| #define PACKAGE_URL ""
| #define STDC_HEADERS 1
| #define HAVE_SYS_TYPES_H 1
| #define HAVE_SYS_STAT_H 1
| #define HAVE_STDLIB_H 1
| #define HAVE_STRING_H 1
| #define HAVE_MEMORY_H 1
| #define HAVE_STRINGS_H 1
| #define HAVE_INTTYPES_H 1
| #define HAVE_STDINT_H 1
| #define HAVE_UNISTD_H 1
| #define HAVE_DLFCN_H 1
| #define PACKAGE "dvisvgm--tex-live-"
| #define VERSION "1.14.2"
| #define LT_OBJDIR ".libs/"
| #define HAVE_FSEEKO 1
| #define HAVE_DIRENT_H 1
| #define STDC_HEADERS 1
| #define HAVE_ASSERT_H 1
| #define HAVE_FLOAT_H 1
| #define HAVE_LIMITS_H 1
| #define HAVE_PWD_H 1
| #define HAVE_STDLIB_H 1
| #define HAVE_SYS_PARAM_H 1
| #define HAVE_PUTENV 1
| #define HAVE_GETCWD 1
| #define HAVE_GETWD 1
| #define HAVE_MEMCMP 1
| #define HAVE_MEMCPY 1
| #define HAVE_MKSTEMP 1
| #define HAVE_MKTEMP 1
| #define HAVE_STRCHR 1
| #define HAVE_STRRCHR 1
| /* end confdefs.h.  */
| #include <stdio.h>
| #ifdef HAVE_SYS_TYPES_H
| # include <sys/types.h>
| #endif
| #ifdef HAVE_SYS_STAT_H
| # include <sys/stat.h>
| #endif
| #ifdef STDC_HEADERS
| # include <stdlib.h>
| # include <stddef.h>
| #else
| # ifdef HAVE_STDLIB_H
| #  include <stdlib.h>
| # endif
| #endif
| #ifdef HAVE_STRING_H
| # if !defined STDC_HEADERS && defined HAVE_MEMORY_H
| #  include <memory.h>
| # endif
| # include <string.h>
| #endif
| #ifdef HAVE_STRINGS_H
| # include <strings.h>
| #endif
| #ifdef HAVE_INTTYPES_H
| # include <inttypes.h>
| #endif
| #ifdef HAVE_STDINT_H
| # include <stdint.h>
| #endif
| #ifdef HAVE_UNISTD_H
| # include <unistd.h>
| #endif
| int
| main ()
| {
| if (sizeof ((size_t)))
| 	    return 0;
|   ;
|   return 0;
| }
configure:13678: result: yes
configure:13689: checking for int64_t
configure:13689: gcc -c -g -O2  conftest.c >&5
configure:13689: $? = 0
configure:13689: gcc -c -g -O2  conftest.c >&5
conftest.c: In function 'main':
conftest.c:79:53: warning: integer overflow in expression [-Woverflow]
    < (int64_t) (((((int64_t) 1 << N) << N) - 1) * 2 + 2))];
                                                     ^
conftest.c:78:12: error: storage size of 'test_array' isn't constant
 static int test_array [1 - 2 * !((int64_t) (((((int64_t) 1 << N) << N) - 1) * 2 + 1)
            ^
configure:13689: $? = 1
configure: failed program was:
| /* confdefs.h */
| #define PACKAGE_NAME "dvisvgm (TeX Live)"
| #define PACKAGE_TARNAME "dvisvgm--tex-live-"
| #define PACKAGE_VERSION "1.14.2"
| #define PACKAGE_STRING "dvisvgm (TeX Live) 1.14.2"
| #define PACKAGE_BUGREPORT "tex-k@tug.org"
| #define PACKAGE_URL ""
| #define STDC_HEADERS 1
| #define HAVE_SYS_TYPES_H 1
| #define HAVE_SYS_STAT_H 1
| #define HAVE_STDLIB_H 1
| #define HAVE_STRING_H 1
| #define HAVE_MEMORY_H 1
| #define HAVE_STRINGS_H 1
| #define HAVE_INTTYPES_H 1
| #define HAVE_STDINT_H 1
| #define HAVE_UNISTD_H 1
| #define HAVE_DLFCN_H 1
| #define PACKAGE "dvisvgm--tex-live-"
| #define VERSION "1.14.2"
| #define LT_OBJDIR ".libs/"
| #define HAVE_FSEEKO 1
| #define HAVE_DIRENT_H 1
| #define STDC_HEADERS 1
| #define HAVE_ASSERT_H 1
| #define HAVE_FLOAT_H 1
| #define HAVE_LIMITS_H 1
| #define HAVE_PWD_H 1
| #define HAVE_STDLIB_H 1
| #define HAVE_SYS_PARAM_H 1
| #define HAVE_PUTENV 1
| #define HAVE_GETCWD 1
| #define HAVE_GETWD 1
| #define HAVE_MEMCMP 1
| #define HAVE_MEMCPY 1
| #define HAVE_MKSTEMP 1
| #define HAVE_MKTEMP 1
| #define HAVE_STRCHR 1
| #define HAVE_STRRCHR 1
| /* end confdefs.h.  */
| #include <stdio.h>
| #ifdef HAVE_SYS_TYPES_H
| # include <sys/types.h>
| #endif
| #ifdef HAVE_SYS_STAT_H
| # include <sys/stat.h>
| #endif
| #ifdef STDC_HEADERS
| # include <stdlib.h>
| # include <stddef.h>
| #else
| # ifdef HAVE_STDLIB_H
| #  include <stdlib.h>
| # endif
| #endif
| #ifdef HAVE_STRING_H
| # if !defined STDC_HEADERS && defined HAVE_MEMORY_H
| #  include <memory.h>
| # endif
| # include <string.h>
| #endif
| #ifdef HAVE_STRINGS_H
| # include <strings.h>
| #endif
| #ifdef HAVE_INTTYPES_H
| # include <inttypes.h>
| #endif
| #ifdef HAVE_STDINT_H
| # include <stdint.h>
| #endif
| #ifdef HAVE_UNISTD_H
| # include <unistd.h>
| #endif
| 	        enum { N = 64 / 2 - 1 };
| int
| main ()
| {
| static int test_array [1 - 2 * !((int64_t) (((((int64_t) 1 << N) << N) - 1) * 2 + 1)
| 		 < (int64_t) (((((int64_t) 1 << N) << N) - 1) * 2 + 2))];
| test_array [0] = 0;
| return test_array [0];
| 
|   ;
|   return 0;
| }
configure:13689: result: yes
configure:13700: checking for uint64_t
configure:13700: gcc -c -g -O2  conftest.c >&5
configure:13700: $? = 0
configure:13700: result: yes
configure:13720: checking whether isascii is declared
configure:13720: gcc -c -g -O2  conftest.c >&5
configure:13720: $? = 0
configure:13720: result: yes
configure:13732: checking for struct stat.st_mtim
configure:13732: gcc -c -g -O2  conftest.c >&5
conftest.c: In function 'main':
conftest.c:79:5: error: used struct type value where scalar is required
 if (ac_aggr.st_mtim)
     ^
configure:13732: $? = 1
configure: failed program was:
| /* confdefs.h */
| #define PACKAGE_NAME "dvisvgm (TeX Live)"
| #define PACKAGE_TARNAME "dvisvgm--tex-live-"
| #define PACKAGE_VERSION "1.14.2"
| #define PACKAGE_STRING "dvisvgm (TeX Live) 1.14.2"
| #define PACKAGE_BUGREPORT "tex-k@tug.org"
| #define PACKAGE_URL ""
| #define STDC_HEADERS 1
| #define HAVE_SYS_TYPES_H 1
| #define HAVE_SYS_STAT_H 1
| #define HAVE_STDLIB_H 1
| #define HAVE_STRING_H 1
| #define HAVE_MEMORY_H 1
| #define HAVE_STRINGS_H 1
| #define HAVE_INTTYPES_H 1
| #define HAVE_STDINT_H 1
| #define HAVE_UNISTD_H 1
| #define HAVE_DLFCN_H 1
| #define PACKAGE "dvisvgm--tex-live-"
| #define VERSION "1.14.2"
| #define LT_OBJDIR ".libs/"
| #define HAVE_FSEEKO 1
| #define HAVE_DIRENT_H 1
| #define STDC_HEADERS 1
| #define HAVE_ASSERT_H 1
| #define HAVE_FLOAT_H 1
| #define HAVE_LIMITS_H 1
| #define HAVE_PWD_H 1
| #define HAVE_STDLIB_H 1
| #define HAVE_SYS_PARAM_H 1
| #define HAVE_PUTENV 1
| #define HAVE_GETCWD 1
| #define HAVE_GETWD 1
| #define HAVE_MEMCMP 1
| #define HAVE_MEMCPY 1
| #define HAVE_MKSTEMP 1
| #define HAVE_MKTEMP 1
| #define HAVE_STRCHR 1
| #define HAVE_STRRCHR 1
| #define HAVE_DECL_ISASCII 1
| /* end confdefs.h.  */
| #include <stdio.h>
| #ifdef HAVE_SYS_TYPES_H
| # include <sys/types.h>
| #endif
| #ifdef HAVE_SYS_STAT_H
| # include <sys/stat.h>
| #endif
| #ifdef STDC_HEADERS
| # include <stdlib.h>
| # include <stddef.h>
| #else
| # ifdef HAVE_STDLIB_H
| #  include <stdlib.h>
| # endif
| #endif
| #ifdef HAVE_STRING_H
| # if !defined STDC_HEADERS && defined HAVE_MEMORY_H
| #  include <memory.h>
| # endif
| # include <string.h>
| #endif
| #ifdef HAVE_STRINGS_H
| # include <strings.h>
| #endif
| #ifdef HAVE_INTTYPES_H
| # include <inttypes.h>
| #endif
| #ifdef HAVE_STDINT_H
| # include <stdint.h>
| #endif
| #ifdef HAVE_UNISTD_H
| # include <unistd.h>
| #endif
| int
| main ()
| {
| static struct stat ac_aggr;
| if (ac_aggr.st_mtim)
| return 0;
|   ;
|   return 0;
| }
configure:13732: gcc -c -g -O2  conftest.c >&5
configure:13732: $? = 0
configure:13732: result: yes
configure:13833: checking for g++
configure:13849: found /usr/bin/g++
configure:13860: result: g++
configure:13887: checking for C++ compiler version
configure:13896: g++ --version >&5
g++ (Ubuntu 5.4.0-6ubuntu1~16.04.1) 5.4.0 20160609
Copyright (C) 2015 Free Software Foundation, Inc.
This is free software; see the source for copying conditions.  There is NO
warranty; not even for MERCHANTABILITY or FITNESS FOR A PARTICULAR PURPOSE.

configure:13907: $? = 0
configure:13896: g++ -v >&5
Using built-in specs.
COLLECT_GCC=g++
COLLECT_LTO_WRAPPER=/usr/lib/gcc/x86_64-linux-gnu/5/lto-wrapper
Target: x86_64-linux-gnu
Configured with: ../src/configure -v --with-pkgversion='Ubuntu 5.4.0-6ubuntu1~16.04.1' --with-bugurl=file:///usr/share/doc/gcc-5/README.Bugs --enable-languages=c,ada,c++,java,go,d,fortran,objc,obj-c++ --prefix=/usr --program-suffix=-5 --enable-shared --enable-linker-build-id --libexecdir=/usr/lib --without-included-gettext --enable-threads=posix --libdir=/usr/lib --enable-nls --with-sysroot=/ --enable-clocale=gnu --enable-libstdcxx-debug --enable-libstdcxx-time=yes --with-default-libstdcxx-abi=new --enable-gnu-unique-object --disable-vtable-verify --enable-libmpx --enable-plugin --with-system-zlib --disable-browser-plugin --enable-java-awt=gtk --enable-gtk-cairo --with-java-home=/usr/lib/jvm/java-1.5.0-gcj-5-amd64/jre --enable-java-home --with-jvm-root-dir=/usr/lib/jvm/java-1.5.0-gcj-5-amd64 --with-jvm-jar-dir=/usr/lib/jvm-exports/java-1.5.0-gcj-5-amd64 --with-arch-directory=amd64 --with-ecj-jar=/usr/share/java/eclipse-ecj.jar --enable-objc-gc --enable-multiarch --disable-werror --with-arch-32=i686 --with-abi=m64 --with-multilib-list=m32,m64,mx32 --enable-multilib --with-tune=generic --enable-checking=release --build=x86_64-linux-gnu --host=x86_64-linux-gnu --target=x86_64-linux-gnu
Thread model: posix
gcc version 5.4.0 20160609 (Ubuntu 5.4.0-6ubuntu1~16.04.1) 
configure:13907: $? = 0
configure:13896: g++ -V >&5
g++: error: unrecognized command line option '-V'
g++: fatal error: no input files
compilation terminated.
configure:13907: $? = 1
configure:13896: g++ -qversion >&5
g++: error: unrecognized command line option '-qversion'
g++: fatal error: no input files
compilation terminated.
configure:13907: $? = 1
configure:13911: checking whether we are using the GNU C++ compiler
configure:13930: g++ -c   conftest.cpp >&5
configure:13930: $? = 0
configure:13939: result: yes
configure:13948: checking whether g++ accepts -g
configure:13968: g++ -c -g  conftest.cpp >&5
configure:13968: $? = 0
configure:14009: result: yes
configure:14034: checking dependency style of g++
configure:14145: result: gcc3
configure:14159: checking what warning flags to pass to the C++ compiler
configure:14200: result: -Wreturn-type -Wno-unknown-pragmas -Wno-write-strings
configure:14224: checking how to run the C++ preprocessor
configure:14251: g++ -E  conftest.cpp
configure:14251: $? = 0
configure:14265: g++ -E  conftest.cpp
conftest.cpp:43:28: fatal error: ac_nonexistent.h: No such file or directory
compilation terminated.
configure:14265: $? = 1
configure: failed program was:
| /* confdefs.h */
| #define PACKAGE_NAME "dvisvgm (TeX Live)"
| #define PACKAGE_TARNAME "dvisvgm--tex-live-"
| #define PACKAGE_VERSION "1.14.2"
| #define PACKAGE_STRING "dvisvgm (TeX Live) 1.14.2"
| #define PACKAGE_BUGREPORT "tex-k@tug.org"
| #define PACKAGE_URL ""
| #define STDC_HEADERS 1
| #define HAVE_SYS_TYPES_H 1
| #define HAVE_SYS_STAT_H 1
| #define HAVE_STDLIB_H 1
| #define HAVE_STRING_H 1
| #define HAVE_MEMORY_H 1
| #define HAVE_STRINGS_H 1
| #define HAVE_INTTYPES_H 1
| #define HAVE_STDINT_H 1
| #define HAVE_UNISTD_H 1
| #define HAVE_DLFCN_H 1
| #define PACKAGE "dvisvgm--tex-live-"
| #define VERSION "1.14.2"
| #define LT_OBJDIR ".libs/"
| #define HAVE_FSEEKO 1
| #define HAVE_DIRENT_H 1
| #define STDC_HEADERS 1
| #define HAVE_ASSERT_H 1
| #define HAVE_FLOAT_H 1
| #define HAVE_LIMITS_H 1
| #define HAVE_PWD_H 1
| #define HAVE_STDLIB_H 1
| #define HAVE_SYS_PARAM_H 1
| #define HAVE_PUTENV 1
| #define HAVE_GETCWD 1
| #define HAVE_GETWD 1
| #define HAVE_MEMCMP 1
| #define HAVE_MEMCPY 1
| #define HAVE_MKSTEMP 1
| #define HAVE_MKTEMP 1
| #define HAVE_STRCHR 1
| #define HAVE_STRRCHR 1
| #define HAVE_DECL_ISASCII 1
| #define HAVE_STRUCT_STAT_ST_MTIM 1
| /* end confdefs.h.  */
| #include <ac_nonexistent.h>
configure:14290: result: g++ -E
configure:14310: g++ -E  conftest.cpp
configure:14310: $? = 0
configure:14324: g++ -E  conftest.cpp
conftest.cpp:43:28: fatal error: ac_nonexistent.h: No such file or directory
compilation terminated.
configure:14324: $? = 1
configure: failed program was:
| /* confdefs.h */
| #define PACKAGE_NAME "dvisvgm (TeX Live)"
| #define PACKAGE_TARNAME "dvisvgm--tex-live-"
| #define PACKAGE_VERSION "1.14.2"
| #define PACKAGE_STRING "dvisvgm (TeX Live) 1.14.2"
| #define PACKAGE_BUGREPORT "tex-k@tug.org"
| #define PACKAGE_URL ""
| #define STDC_HEADERS 1
| #define HAVE_SYS_TYPES_H 1
| #define HAVE_SYS_STAT_H 1
| #define HAVE_STDLIB_H 1
| #define HAVE_STRING_H 1
| #define HAVE_MEMORY_H 1
| #define HAVE_STRINGS_H 1
| #define HAVE_INTTYPES_H 1
| #define HAVE_STDINT_H 1
| #define HAVE_UNISTD_H 1
| #define HAVE_DLFCN_H 1
| #define PACKAGE "dvisvgm--tex-live-"
| #define VERSION "1.14.2"
| #define LT_OBJDIR ".libs/"
| #define HAVE_FSEEKO 1
| #define HAVE_DIRENT_H 1
| #define STDC_HEADERS 1
| #define HAVE_ASSERT_H 1
| #define HAVE_FLOAT_H 1
| #define HAVE_LIMITS_H 1
| #define HAVE_PWD_H 1
| #define HAVE_STDLIB_H 1
| #define HAVE_SYS_PARAM_H 1
| #define HAVE_PUTENV 1
| #define HAVE_GETCWD 1
| #define HAVE_GETWD 1
| #define HAVE_MEMCMP 1
| #define HAVE_MEMCPY 1
| #define HAVE_MKSTEMP 1
| #define HAVE_MKTEMP 1
| #define HAVE_STRCHR 1
| #define HAVE_STRRCHR 1
| #define HAVE_DECL_ISASCII 1
| #define HAVE_STRUCT_STAT_ST_MTIM 1
| /* end confdefs.h.  */
| #include <ac_nonexistent.h>
configure:14486: checking for ld used by g++
configure:14553: result: /usr/bin/ld -m elf_x86_64
configure:14560: checking if the linker (/usr/bin/ld -m elf_x86_64) is GNU ld
configure:14575: result: yes
configure:14630: checking whether the g++ linker (/usr/bin/ld -m elf_x86_64) supports shared libraries
configure:15703: result: yes
configure:15739: g++ -c -g -O2  conftest.cpp >&5
configure:15742: $? = 0
configure:16223: checking for g++ option to produce PIC
configure:16230: result: -fPIC -DPIC
configure:16238: checking if g++ PIC flag -fPIC -DPIC works
configure:16256: g++ -c -g -O2  -fPIC -DPIC -DPIC conftest.cpp >&5
configure:16260: $? = 0
configure:16273: result: yes
configure:16296: checking if g++ static flag -static works
configure:16324: result: yes
configure:16336: checking if g++ supports -c -o file.o
configure:16357: g++ -c -g -O2  -o out/conftest2.o conftest.cpp >&5
configure:16361: $? = 0
configure:16383: result: yes
configure:16388: checking if g++ supports -c -o file.o
configure:16435: result: yes
configure:16465: checking whether the g++ linker (/usr/bin/ld -m elf_x86_64) supports shared libraries
configure:16505: result: yes
configure:16646: checking dynamic linker characteristics
configure:17391: result: GNU/Linux ld.so
configure:17456: checking how to hardcode library paths into programs
configure:17481: result: immediate
configure:17526: checking how to run the C++ preprocessor
configure:17592: result: g++ -E
configure:17612: g++ -E  conftest.cpp
configure:17612: $? = 0
configure:17626: g++ -E  conftest.cpp
conftest.cpp:43:28: fatal error: ac_nonexistent.h: No such file or directory
compilation terminated.
configure:17626: $? = 1
configure: failed program was:
| /* confdefs.h */
| #define PACKAGE_NAME "dvisvgm (TeX Live)"
| #define PACKAGE_TARNAME "dvisvgm--tex-live-"
| #define PACKAGE_VERSION "1.14.2"
| #define PACKAGE_STRING "dvisvgm (TeX Live) 1.14.2"
| #define PACKAGE_BUGREPORT "tex-k@tug.org"
| #define PACKAGE_URL ""
| #define STDC_HEADERS 1
| #define HAVE_SYS_TYPES_H 1
| #define HAVE_SYS_STAT_H 1
| #define HAVE_STDLIB_H 1
| #define HAVE_STRING_H 1
| #define HAVE_MEMORY_H 1
| #define HAVE_STRINGS_H 1
| #define HAVE_INTTYPES_H 1
| #define HAVE_STDINT_H 1
| #define HAVE_UNISTD_H 1
| #define HAVE_DLFCN_H 1
| #define PACKAGE "dvisvgm--tex-live-"
| #define VERSION "1.14.2"
| #define LT_OBJDIR ".libs/"
| #define HAVE_FSEEKO 1
| #define HAVE_DIRENT_H 1
| #define STDC_HEADERS 1
| #define HAVE_ASSERT_H 1
| #define HAVE_FLOAT_H 1
| #define HAVE_LIMITS_H 1
| #define HAVE_PWD_H 1
| #define HAVE_STDLIB_H 1
| #define HAVE_SYS_PARAM_H 1
| #define HAVE_PUTENV 1
| #define HAVE_GETCWD 1
| #define HAVE_GETWD 1
| #define HAVE_MEMCMP 1
| #define HAVE_MEMCPY 1
| #define HAVE_MKSTEMP 1
| #define HAVE_MKTEMP 1
| #define HAVE_STRCHR 1
| #define HAVE_STRRCHR 1
| #define HAVE_DECL_ISASCII 1
| #define HAVE_STRUCT_STAT_ST_MTIM 1
| /* end confdefs.h.  */
| #include <ac_nonexistent.h>
configure:17670: checking iostream usability
configure:17670: g++ -c -g -O2  conftest.cpp >&5
configure:17670: $? = 0
configure:17670: result: yes
configure:17670: checking iostream presence
configure:17670: g++ -E  conftest.cpp
configure:17670: $? = 0
configure:17670: result: yes
configure:17670: checking for iostream
configure:17670: result: yes
configure:17680: checking for statically linking C++ runtime library
configure:17713: g++ -o conftest -g -O2   conftest.cpp  -nodefaultlibs -Wl,-Bstatic -lstdc++ -Wl,-Bdynamic -lm -lgcc_eh -lgcc -lc -lgcc_eh -lgcc >&5
configure:17713: $? = 0
configure:17736: result: ok
configure:17739: using -nodefaultlibs -Wl,-Bstatic -lstdc++ -Wl,-Bdynamic -lm -lgcc_eh -lgcc -lc -lgcc_eh -lgcc
configure:17771: checking for library containing sqrt
configure:17802: gcc -o conftest -g -O2   conftest.c  >&5
conftest.c:52:6: warning: conflicting types for built-in function 'sqrt'
 char sqrt ();
      ^
/tmp/cclAEMwB.o: In function `main':
/home/maqiyuan/Desktop/texlive-mobile/src/texlive-source/texk/dvisvgm/conftest.c:56: undefined reference to `sqrt'
collect2: error: ld returned 1 exit status
configure:17802: $? = 1
configure: failed program was:
| /* confdefs.h */
| #define PACKAGE_NAME "dvisvgm (TeX Live)"
| #define PACKAGE_TARNAME "dvisvgm--tex-live-"
| #define PACKAGE_VERSION "1.14.2"
| #define PACKAGE_STRING "dvisvgm (TeX Live) 1.14.2"
| #define PACKAGE_BUGREPORT "tex-k@tug.org"
| #define PACKAGE_URL ""
| #define STDC_HEADERS 1
| #define HAVE_SYS_TYPES_H 1
| #define HAVE_SYS_STAT_H 1
| #define HAVE_STDLIB_H 1
| #define HAVE_STRING_H 1
| #define HAVE_MEMORY_H 1
| #define HAVE_STRINGS_H 1
| #define HAVE_INTTYPES_H 1
| #define HAVE_STDINT_H 1
| #define HAVE_UNISTD_H 1
| #define HAVE_DLFCN_H 1
| #define PACKAGE "dvisvgm--tex-live-"
| #define VERSION "1.14.2"
| #define LT_OBJDIR ".libs/"
| #define HAVE_FSEEKO 1
| #define HAVE_DIRENT_H 1
| #define STDC_HEADERS 1
| #define HAVE_ASSERT_H 1
| #define HAVE_FLOAT_H 1
| #define HAVE_LIMITS_H 1
| #define HAVE_PWD_H 1
| #define HAVE_STDLIB_H 1
| #define HAVE_SYS_PARAM_H 1
| #define HAVE_PUTENV 1
| #define HAVE_GETCWD 1
| #define HAVE_GETWD 1
| #define HAVE_MEMCMP 1
| #define HAVE_MEMCPY 1
| #define HAVE_MKSTEMP 1
| #define HAVE_MKTEMP 1
| #define HAVE_STRCHR 1
| #define HAVE_STRRCHR 1
| #define HAVE_DECL_ISASCII 1
| #define HAVE_STRUCT_STAT_ST_MTIM 1
| #define HAVE_IOSTREAM 1
| #define TARGET_SYSTEM "x86_64-pc-linux-gnu"
| /* end confdefs.h.  */
| 
| /* Override any GCC internal prototype to avoid an error.
|    Use char because int might match the return type of a GCC
|    builtin and then its argument prototype would still apply.  */
| #ifdef __cplusplus
| extern "C"
| #endif
| char sqrt ();
| int
| main ()
| {
| return sqrt ();
|   ;
|   return 0;
| }
configure:17802: gcc -o conftest -g -O2   conftest.c -lm   >&5
conftest.c:52:6: warning: conflicting types for built-in function 'sqrt'
 char sqrt ();
      ^
configure:17802: $? = 0
configure:17819: result: -lm
configure:17831: checking for ftime
configure:17831: gcc -o conftest -g -O2   conftest.c -lm  >&5
configure:17831: $? = 0
configure:17831: result: yes
configure:17831: checking for gettimeofday
configure:17831: gcc -o conftest -g -O2   conftest.c -lm  >&5
configure:17831: $? = 0
configure:17831: result: yes
configure:17843: checking sys/time.h usability
configure:17843: gcc -c -g -O2  conftest.c >&5
configure:17843: $? = 0
configure:17843: result: yes
configure:17843: checking sys/time.h presence
configure:17843: gcc -E  conftest.c
configure:17843: $? = 0
configure:17843: result: yes
configure:17843: checking for sys/time.h
configure:17843: result: yes
configure:17843: checking sys/timeb.h usability
configure:17843: gcc -c -g -O2  conftest.c >&5
configure:17843: $? = 0
configure:17843: result: yes
configure:17843: checking sys/timeb.h presence
configure:17843: gcc -E  conftest.c
configure:17843: $? = 0
configure:17843: result: yes
configure:17843: checking for sys/timeb.h
configure:17843: result: yes
configure:17854: checking for native WIN32 or MINGW32
configure:17872: gcc -c -g -O2  conftest.c >&5
conftest.c:50:3: error: unknown type name 'choke'
   choke me
   ^
conftest.c:52:1: error: expected '=', ',', ';', 'asm' or '__attribute__' before 'int'
 int
 ^
configure:17872: $? = 1
configure: failed program was:
| /* confdefs.h */
| #define PACKAGE_NAME "dvisvgm (TeX Live)"
| #define PACKAGE_TARNAME "dvisvgm--tex-live-"
| #define PACKAGE_VERSION "1.14.2"
| #define PACKAGE_STRING "dvisvgm (TeX Live) 1.14.2"
| #define PACKAGE_BUGREPORT "tex-k@tug.org"
| #define PACKAGE_URL ""
| #define STDC_HEADERS 1
| #define HAVE_SYS_TYPES_H 1
| #define HAVE_SYS_STAT_H 1
| #define HAVE_STDLIB_H 1
| #define HAVE_STRING_H 1
| #define HAVE_MEMORY_H 1
| #define HAVE_STRINGS_H 1
| #define HAVE_INTTYPES_H 1
| #define HAVE_STDINT_H 1
| #define HAVE_UNISTD_H 1
| #define HAVE_DLFCN_H 1
| #define PACKAGE "dvisvgm--tex-live-"
| #define VERSION "1.14.2"
| #define LT_OBJDIR ".libs/"
| #define HAVE_FSEEKO 1
| #define HAVE_DIRENT_H 1
| #define STDC_HEADERS 1
| #define HAVE_ASSERT_H 1
| #define HAVE_FLOAT_H 1
| #define HAVE_LIMITS_H 1
| #define HAVE_PWD_H 1
| #define HAVE_STDLIB_H 1
| #define HAVE_SYS_PARAM_H 1
| #define HAVE_PUTENV 1
| #define HAVE_GETCWD 1
| #define HAVE_GETWD 1
| #define HAVE_MEMCMP 1
| #define HAVE_MEMCPY 1
| #define HAVE_MKSTEMP 1
| #define HAVE_MKTEMP 1
| #define HAVE_STRCHR 1
| #define HAVE_STRRCHR 1
| #define HAVE_DECL_ISASCII 1
| #define HAVE_STRUCT_STAT_ST_MTIM 1
| #define HAVE_IOSTREAM 1
| #define TARGET_SYSTEM "x86_64-pc-linux-gnu"
| #define HAVE_FTIME 1
| #define HAVE_GETTIMEOFDAY 1
| #define HAVE_SYS_TIME_H 1
| #define HAVE_SYS_TIMEB_H 1
| /* end confdefs.h.  */
| #ifndef WIN32
|   choke me
| #endif
| int
| main ()
| {
| 
|   ;
|   return 0;
| }
configure:17897: result: no
configure:17919: creating ./config.lt

## ------------------ ##
## Running config.lt. ##
## ------------------ ##
config.lt:684: creating libtool
configure:19525: checking for pkg-config
configure:19541: found /usr/bin/pkg-config
configure:19552: result: pkg-config
configure:19598: checking if libkpathsea supports debugging
configure:19617: ./libtool --mode=link --tag=CC gcc -o conftest -g -O2 -I/home/maqiyuan/Desktop/texlive-mobile/src/texlive-source/texk -I/home/maqiyuan/Desktop/texlive-mobile/src/texlive-source/texk   conftest.c /home/maqiyuan/Desktop/texlive-mobile/src/texlive-source/texk/kpathsea/libkpathsea.la -lm  >&5
libtool: link: gcc -o conftest -g -O2 -I/home/maqiyuan/Desktop/texlive-mobile/src/texlive-source/texk -I/home/maqiyuan/Desktop/texlive-mobile/src/texlive-source/texk conftest.c  /home/maqiyuan/Desktop/texlive-mobile/src/texlive-source/texk/kpathsea/.libs/libkpathsea.a -lm
configure:19617: $? = 0
configure:19628: result: yes
configure:19668: checking if <zlib.h> defines 'z_const'
configure:19687: gcc -c -g -O2 -I/home/maqiyuan/Desktop/texlive-mobile/src/texlive-source/libs/zlib/include  conftest.c >&5
configure:19687: $? = 0
configure:19697: result: yes
configure:19937: checking for library containing dlopen
configure:19968: ./libtool --mode=link --tag=CC gcc -o conftest -g -O2   conftest.c -lm  >&5
libtool: link: gcc -o conftest -g -O2 conftest.c  -lm
/tmp/ccdzgo2E.o: In function `main':
/home/maqiyuan/Desktop/texlive-mobile/src/texlive-source/texk/dvisvgm/conftest.c:61: undefined reference to `dlopen'
collect2: error: ld returned 1 exit status
configure:19968: $? = 1
configure: failed program was:
| /* confdefs.h */
| #define PACKAGE_NAME "dvisvgm (TeX Live)"
| #define PACKAGE_TARNAME "dvisvgm--tex-live-"
| #define PACKAGE_VERSION "1.14.2"
| #define PACKAGE_STRING "dvisvgm (TeX Live) 1.14.2"
| #define PACKAGE_BUGREPORT "tex-k@tug.org"
| #define PACKAGE_URL ""
| #define STDC_HEADERS 1
| #define HAVE_SYS_TYPES_H 1
| #define HAVE_SYS_STAT_H 1
| #define HAVE_STDLIB_H 1
| #define HAVE_STRING_H 1
| #define HAVE_MEMORY_H 1
| #define HAVE_STRINGS_H 1
| #define HAVE_INTTYPES_H 1
| #define HAVE_STDINT_H 1
| #define HAVE_UNISTD_H 1
| #define HAVE_DLFCN_H 1
| #define PACKAGE "dvisvgm--tex-live-"
| #define VERSION "1.14.2"
| #define LT_OBJDIR ".libs/"
| #define HAVE_FSEEKO 1
| #define HAVE_DIRENT_H 1
| #define STDC_HEADERS 1
| #define HAVE_ASSERT_H 1
| #define HAVE_FLOAT_H 1
| #define HAVE_LIMITS_H 1
| #define HAVE_PWD_H 1
| #define HAVE_STDLIB_H 1
| #define HAVE_SYS_PARAM_H 1
| #define HAVE_PUTENV 1
| #define HAVE_GETCWD 1
| #define HAVE_GETWD 1
| #define HAVE_MEMCMP 1
| #define HAVE_MEMCPY 1
| #define HAVE_MKSTEMP 1
| #define HAVE_MKTEMP 1
| #define HAVE_STRCHR 1
| #define HAVE_STRRCHR 1
| #define HAVE_DECL_ISASCII 1
| #define HAVE_STRUCT_STAT_ST_MTIM 1
| #define HAVE_IOSTREAM 1
| #define TARGET_SYSTEM "x86_64-pc-linux-gnu"
| #define HAVE_FTIME 1
| #define HAVE_GETTIMEOFDAY 1
| #define HAVE_SYS_TIME_H 1
| #define HAVE_SYS_TIMEB_H 1
| #define ZLIB_CONST 1
| /* end confdefs.h.  */
| 
| /* Override any GCC internal prototype to avoid an error.
|    Use char because int might match the return type of a GCC
|    builtin and then its argument prototype would still apply.  */
| #ifdef __cplusplus
| extern "C"
| #endif
| char dlopen ();
| int
| main ()
| {
| return dlopen ();
|   ;
|   return 0;
| }
configure:19968: ./libtool --mode=link --tag=CC gcc -o conftest -g -O2   conftest.c -ldl  -lm  >&5
libtool: link: gcc -o conftest -g -O2 conftest.c  -ldl -lm
configure:19968: $? = 0
configure:19985: result: -ldl
configure:19999: checking for dlfcn.h
configure:19999: result: yes
configure:20005: checking for dlopen
configure:20005: ./libtool --mode=link --tag=CC gcc -o conftest -g -O2   conftest.c -ldl -lm  >&5
libtool: link: gcc -o conftest -g -O2 conftest.c  -ldl -lm
configure:20005: $? = 0
configure:20005: result: yes
configure:20046: checking for gzopen
configure:20046: ./libtool --mode=link --tag=CC gcc -o conftest -g -O2 -I/home/maqiyuan/Desktop/texlive-mobile/src/texlive-source/libs/zlib/include   conftest.c /home/maqiyuan/Desktop/texlive-mobile/src/texlive-source/libs/zlib/libz.a -ldl -lm  >&5
libtool: link: gcc -o conftest -g -O2 -I/home/maqiyuan/Desktop/texlive-mobile/src/texlive-source/libs/zlib/include conftest.c  /home/maqiyuan/Desktop/texlive-mobile/src/texlive-source/libs/zlib/libz.a -ldl -lm
configure:20046: $? = 0
configure:20046: result: yes
configure:20057: checking for FT_Init_FreeType
configure:20057: ./libtool --mode=link --tag=CC gcc -o conftest -g -O2 -I/home/maqiyuan/Desktop/texlive-mobile/src/texlive-source/libs/freetype2/freetype2 -I/home/maqiyuan/Desktop/texlive-mobile/src/texlive-source/libs/zlib/include   conftest.c /home/maqiyuan/Desktop/texlive-mobile/src/texlive-source/libs/freetype2/libfreetype.a /home/maqiyuan/Desktop/texlive-mobile/src/texlive-source/libs/zlib/libz.a -ldl -lm  >&5
libtool: link: gcc -o conftest -g -O2 -I/home/maqiyuan/Desktop/texlive-mobile/src/texlive-source/libs/freetype2/freetype2 -I/home/maqiyuan/Desktop/texlive-mobile/src/texlive-source/libs/zlib/include conftest.c  /home/maqiyuan/Desktop/texlive-mobile/src/texlive-source/libs/freetype2/libfreetype.a /home/maqiyuan/Desktop/texlive-mobile/src/texlive-source/libs/zlib/libz.a -ldl -lm
configure:20057: $? = 0
configure:20057: result: yes
configure:20068: checking for kpse_set_program_name
configure:20068: ./libtool --mode=link --tag=CC gcc -o conftest -g -O2 -I/home/maqiyuan/Desktop/texlive-mobile/src/texlive-source/texk -I/home/maqiyuan/Desktop/texlive-mobile/src/texlive-source/texk -I/home/maqiyuan/Desktop/texlive-mobile/src/texlive-source/libs/freetype2/freetype2 -I/home/maqiyuan/Desktop/texlive-mobile/src/texlive-source/libs/zlib/include   conftest.c /home/maqiyuan/Desktop/texlive-mobile/src/texlive-source/texk/kpathsea/libkpathsea.la /home/maqiyuan/Desktop/texlive-mobile/src/texlive-source/libs/freetype2/libfreetype.a /home/maqiyuan/Desktop/texlive-mobile/src/texlive-source/libs/zlib/libz.a -ldl -lm  >&5
libtool: link: gcc -o conftest -g -O2 -I/home/maqiyuan/Desktop/texlive-mobile/src/texlive-source/texk -I/home/maqiyuan/Desktop/texlive-mobile/src/texlive-source/texk -I/home/maqiyuan/Desktop/texlive-mobile/src/texlive-source/libs/freetype2/freetype2 -I/home/maqiyuan/Desktop/texlive-mobile/src/texlive-source/libs/zlib/include conftest.c  /home/maqiyuan/Desktop/texlive-mobile/src/texlive-source/texk/kpathsea/.libs/libkpathsea.a /home/maqiyuan/Desktop/texlive-mobile/src/texlive-source/libs/freetype2/libfreetype.a /home/maqiyuan/Desktop/texlive-mobile/src/texlive-source/libs/zlib/libz.a -ldl -lm
configure:20068: $? = 0
configure:20068: result: yes
configure:20095: ./libtool --mode=link --tag=CXX g++ -o conftest -g -O2 -I/home/maqiyuan/Desktop/texlive-mobile/src/texlive-source/texk -I/home/maqiyuan/Desktop/texlive-mobile/src/texlive-source/texk -I/home/maqiyuan/Desktop/texlive-mobile/src/texlive-source/libs/freetype2/freetype2 -I/home/maqiyuan/Desktop/texlive-mobile/src/texlive-source/libs/zlib/include   conftest.cpp /home/maqiyuan/Desktop/texlive-mobile/src/texlive-source/texk/kpathsea/libkpathsea.la /home/maqiyuan/Desktop/texlive-mobile/src/texlive-source/libs/freetype2/libfreetype.a /home/maqiyuan/Desktop/texlive-mobile/src/texlive-source/libs/zlib/libz.a -ldl -lm  >&5
libtool: link: g++ -o conftest -g -O2 -I/home/maqiyuan/Desktop/texlive-mobile/src/texlive-source/texk -I/home/maqiyuan/Desktop/texlive-mobile/src/texlive-source/texk -I/home/maqiyuan/Desktop/texlive-mobile/src/texlive-source/libs/freetype2/freetype2 -I/home/maqiyuan/Desktop/texlive-mobile/src/texlive-source/libs/zlib/include conftest.cpp  /home/maqiyuan/Desktop/texlive-mobile/src/texlive-source/texk/kpathsea/.libs/libkpathsea.a /home/maqiyuan/Desktop/texlive-mobile/src/texlive-source/libs/freetype2/libfreetype.a /home/maqiyuan/Desktop/texlive-mobile/src/texlive-source/libs/zlib/libz.a -ldl -lm
configure:20095: $? = 0
configure:20250: checking that generated files are newer than configure
configure:20256: result: done
configure:20295: creating ./config.status

## ---------------------- ##
## Running config.status. ##
## ---------------------- ##

This file was extended by dvisvgm (TeX Live) config.status 1.14.2, which was
generated by GNU Autoconf 2.69.  Invocation command line was

  CONFIG_FILES    = 
  CONFIG_HEADERS  = 
  CONFIG_LINKS    = 
  CONFIG_COMMANDS = 
  $ ./config.status 

on maqiyuan-E430c

config.status:1232: creating Makefile
config.status:1232: creating config.h
config.status:1461: executing depfiles commands
config.status:1461: executing libtool commands
config.status:1461: executing CXXLD.sh commands

## ---------------- ##
## Cache variables. ##
## ---------------- ##

ac_cv_build=x86_64-pc-linux-gnu
ac_cv_c_compiler_gnu=yes
ac_cv_c_const=yes
ac_cv_c_inline=inline
ac_cv_c_int64_t=yes
ac_cv_c_uint64_t=yes
ac_cv_cxx_compiler_gnu=yes
ac_cv_env_CCC_set=
ac_cv_env_CCC_value=
ac_cv_env_CC_set=
ac_cv_env_CC_value=
ac_cv_env_CFLAGS_set=
ac_cv_env_CFLAGS_value=
ac_cv_env_CPPFLAGS_set=
ac_cv_env_CPPFLAGS_value=
ac_cv_env_CPP_set=
ac_cv_env_CPP_value=
ac_cv_env_CXXCPP_set=
ac_cv_env_CXXCPP_value=
ac_cv_env_CXXFLAGS_set=
ac_cv_env_CXXFLAGS_value=
ac_cv_env_CXX_set=
ac_cv_env_CXX_value=
ac_cv_env_LDFLAGS_set=
ac_cv_env_LDFLAGS_value=
ac_cv_env_LIBS_set=
ac_cv_env_LIBS_value=
ac_cv_env_LT_SYS_LIBRARY_PATH_set=
ac_cv_env_LT_SYS_LIBRARY_PATH_value=
ac_cv_env_build_alias_set=
ac_cv_env_build_alias_value=
ac_cv_env_host_alias_set=
ac_cv_env_host_alias_value=
ac_cv_env_target_alias_set=
ac_cv_env_target_alias_value=
ac_cv_func_FT_Init_FreeType=yes
ac_cv_func_closedir_void=no
ac_cv_func_dlopen=yes
ac_cv_func_ftime=yes
ac_cv_func_getcwd=yes
ac_cv_func_gettimeofday=yes
ac_cv_func_getwd=yes
ac_cv_func_gzopen=yes
ac_cv_func_kpse_set_program_name=yes
ac_cv_func_memcmp=yes
ac_cv_func_memcpy=yes
ac_cv_func_mkstemp=yes
ac_cv_func_mktemp=yes
ac_cv_func_putenv=yes
ac_cv_func_strchr=yes
ac_cv_func_strrchr=yes
ac_cv_have_decl_isascii=yes
ac_cv_header_assert_h=yes
ac_cv_header_dirent_dirent_h=yes
ac_cv_header_dlfcn_h=yes
ac_cv_header_float_h=yes
ac_cv_header_inttypes_h=yes
ac_cv_header_iostream=yes
ac_cv_header_limits_h=yes
ac_cv_header_memory_h=yes
ac_cv_header_pwd_h=yes
ac_cv_header_stdc=yes
ac_cv_header_stdint_h=yes
ac_cv_header_stdlib_h=yes
ac_cv_header_string_h=yes
ac_cv_header_strings_h=yes
ac_cv_header_sys_param_h=yes
ac_cv_header_sys_stat_h=yes
ac_cv_header_sys_time_h=yes
ac_cv_header_sys_timeb_h=yes
ac_cv_header_sys_types_h=yes
ac_cv_header_unistd_h=yes
ac_cv_host=x86_64-pc-linux-gnu
ac_cv_member_struct_stat_st_mtim=yes
ac_cv_objext=o
ac_cv_path_EGREP='/bin/grep -E'
ac_cv_path_FGREP='/bin/grep -F'
ac_cv_path_GREP=/bin/grep
ac_cv_path_SED=/bin/sed
ac_cv_path_install='/usr/bin/install -c'
ac_cv_path_lt_DD=/bin/dd
ac_cv_path_mkdir=/bin/mkdir
ac_cv_prog_AWK=gawk
ac_cv_prog_CPP='gcc -E'
ac_cv_prog_CXXCPP='g++ -E'
ac_cv_prog_ac_ct_AR=ar
ac_cv_prog_ac_ct_CC=gcc
ac_cv_prog_ac_ct_CXX=g++
ac_cv_prog_ac_ct_MANIFEST_TOOL=mt
ac_cv_prog_ac_ct_OBJDUMP=objdump
ac_cv_prog_ac_ct_PKG_CONFIG=pkg-config
ac_cv_prog_ac_ct_RANLIB=ranlib
ac_cv_prog_ac_ct_STRIP=strip
ac_cv_prog_cc_c89=
ac_cv_prog_cc_g=yes
ac_cv_prog_cxx_g=yes
ac_cv_prog_make_make_set=yes
ac_cv_search_dlopen=-ldl
ac_cv_search_opendir='none required'
ac_cv_search_sqrt=-lm
ac_cv_sys_file_offset_bits=no
ac_cv_sys_largefile_CC=no
ac_cv_sys_largefile_source=no
ac_cv_type_size_t=yes
am_cv_CC_dependencies_compiler_type=gcc3
am_cv_CXX_dependencies_compiler_type=gcc3
am_cv_make_support_nested_variables=yes
am_cv_prog_cc_c_o=yes
kb_cv_c_prototypes=yes
kpse_cv_cxx_flags='-nodefaultlibs -Wl,-Bstatic -lstdc++ -Wl,-Bdynamic -lm -lgcc_eh -lgcc -lc -lgcc_eh -lgcc'
kpse_cv_cxx_hack=ok
kpse_cv_have_decl_z_const=yes
kpse_cv_have_win32=no
kpse_cv_kpse_debug=yes
kpse_cv_warning_cflags='-Wimplicit -Wreturn-type -Wdeclaration-after-statement -Wno-unknown-pragmas'
kpse_cv_warning_cxxflags='-Wreturn-type -Wno-unknown-pragmas -Wno-write-strings'
lt_cv_ar_at_file=@
lt_cv_deplibs_check_method=pass_all
lt_cv_file_magic_cmd='$MAGIC_CMD'
lt_cv_file_magic_test_file=
lt_cv_ld_reload_flag=-r
lt_cv_nm_interface='BSD nm'
lt_cv_objdir=.libs
lt_cv_path_LD=/usr/bin/ld
lt_cv_path_LDCXX='/usr/bin/ld -m elf_x86_64'
lt_cv_path_NM='/usr/bin/nm -B'
lt_cv_path_mainfest_tool=no
lt_cv_prog_compiler_c_o=yes
lt_cv_prog_compiler_c_o_CXX=yes
lt_cv_prog_compiler_pic='-fPIC -DPIC'
lt_cv_prog_compiler_pic_CXX='-fPIC -DPIC'
lt_cv_prog_compiler_pic_works=yes
lt_cv_prog_compiler_pic_works_CXX=yes
lt_cv_prog_compiler_rtti_exceptions=no
lt_cv_prog_compiler_static_works=yes
lt_cv_prog_compiler_static_works_CXX=yes
lt_cv_prog_gnu_ld=yes
lt_cv_prog_gnu_ldcxx=yes
lt_cv_sharedlib_from_linklib_cmd='printf %s\n'
lt_cv_shlibpath_overrides_runpath=no
lt_cv_sys_global_symbol_pipe='sed -n -e '\''s/^.*[	 ]\([ABCDGIRSTW][ABCDGIRSTW]*\)[	 ][	 ]*\([_A-Za-z][_A-Za-z0-9]*\)$/\1 \2 \2/p'\'' | sed '\''/ __gnu_lto/d'\'''
lt_cv_sys_global_symbol_to_c_name_address='sed -n -e '\''s/^: \(.*\) .*$/  {"\1", (void *) 0},/p'\'' -e '\''s/^[ABCDGIRSTW][ABCDGIRSTW]* .* \(.*\)$/  {"\1", (void *) \&\1},/p'\'''
lt_cv_sys_global_symbol_to_c_name_address_lib_prefix='sed -n -e '\''s/^: \(.*\) .*$/  {"\1", (void *) 0},/p'\'' -e '\''s/^[ABCDGIRSTW][ABCDGIRSTW]* .* \(lib.*\)$/  {"\1", (void *) \&\1},/p'\'' -e '\''s/^[ABCDGIRSTW][ABCDGIRSTW]* .* \(.*\)$/  {"lib\1", (void *) \&\1},/p'\'''
lt_cv_sys_global_symbol_to_cdecl='sed -n -e '\''s/^T .* \(.*\)$/extern int \1();/p'\'' -e '\''s/^[ABCDGIRSTW][ABCDGIRSTW]* .* \(.*\)$/extern char \1;/p'\'''
lt_cv_sys_global_symbol_to_import=
lt_cv_sys_max_cmd_len=1572864
lt_cv_to_host_file_cmd=func_convert_file_noop
lt_cv_to_tool_file_cmd=func_convert_file_noop
lt_cv_truncate_bin='/bin/dd bs=4096 count=1'

## ----------------- ##
## Output variables. ##
## ----------------- ##

	cd ${top_builddir}/../../libs/freetype2 && $(MAKE) $(AM_MAKEFLAGS) rebuild
	cd ${top_builddir}/../../libs/freetype2 && $(MAKE) $(AM_MAKEFLAGS) rebuild'
	cd ${top_builddir}/../../libs/potrace && $(MAKE) $(AM_MAKEFLAGS) rebuild
	cd ${top_builddir}/../../libs/potrace && $(MAKE) $(AM_MAKEFLAGS) rebuild'
	cd ${top_builddir}/../../libs/zlib && $(MAKE) $(AM_MAKEFLAGS) rebuild
	cd ${top_builddir}/../../libs/zlib && $(MAKE) $(AM_MAKEFLAGS) rebuild'
	cd ${top_builddir}/../kpathsea && $(MAKE) $(AM_MAKEFLAGS) rebuild
	cd ${top_builddir}/../kpathsea && $(MAKE) $(AM_MAKEFLAGS) rebuild'
$(FREETYPE2_DEPEND): ${top_builddir}/../../libs/freetype2/freetype2/ft2build.h
$(KPATHSEA_DEPEND): ${top_srcdir}/../kpathsea/*.[ch] ${top_builddir}/../kpathsea/paths.h
$(POTRACE_DEPEND): ${top_builddir}/../../libs/potrace/include/potracelib.h
$(ZLIB_DEPEND): ${top_builddir}/../../libs/zlib/include/zconf.h
${top_builddir}/../../libs/freetype2/freetype2/ft2build.h:
${top_builddir}/../../libs/potrace/include/potracelib.h:
${top_builddir}/../../libs/zlib/include/zconf.h:
${top_builddir}/../kpathsea/paths.h:
ACLOCAL='${SHELL} /home/maqiyuan/Desktop/texlive-mobile/src/texlive-source/build-aux/missing aclocal-1.15'
AMDEPBACKSLASH='\'
AMDEP_FALSE='#'
AMDEP_TRUE=''
AMTAR='$${TAR-tar}'
AM_BACKSLASH='\'
AM_DEFAULT_V='$(AM_DEFAULT_VERBOSITY)'
AM_DEFAULT_VERBOSITY='1'
AM_V='$(V)'
AR='ar'
AS='as'
AUTOCONF='${SHELL} /home/maqiyuan/Desktop/texlive-mobile/src/texlive-source/build-aux/missing autoconf'
AUTOHEADER='${SHELL} /home/maqiyuan/Desktop/texlive-mobile/src/texlive-source/build-aux/missing autoheader'
AUTOMAKE='${SHELL} /home/maqiyuan/Desktop/texlive-mobile/src/texlive-source/build-aux/missing automake-1.15'
AWK='gawk'
CC='gcc'
CCDEPMODE='depmode=gcc3'
CFLAGS='-g -O2'
CPP='gcc -E'
CPPFLAGS=''
CXX='g++'
CXXCPP='g++ -E'
CXXDEPMODE='depmode=gcc3'
CXXFLAGS='-g -O2'
CXXLD='$(top_builddir)/CXXLD.sh'
CYGPATH_W='echo'
DEFS='-DHAVE_CONFIG_H'
DEPDIR='.deps'
DLLTOOL='false'
DSYMUTIL=''
DUMPBIN=''
DVISVGM_TREE='dvisvgm-src'
ECHO_C=''
ECHO_N='-n'
ECHO_T=''
EGREP='/bin/grep -E'
EXEEXT=''
FGREP='/bin/grep -F'
FREETYPE2_DEPEND='${top_builddir}/../../libs/freetype2/libfreetype.a'
FREETYPE2_INCLUDES='-I/home/maqiyuan/Desktop/texlive-mobile/src/texlive-source/libs/freetype2/freetype2'
FREETYPE2_LIBS='/home/maqiyuan/Desktop/texlive-mobile/src/texlive-source/libs/freetype2/libfreetype.a'
FREETYPE2_RULE='# Rebuild libfreetype
FT2_CONFIG=''
GREP='/bin/grep'
INSTALL_DATA='${INSTALL} -m 644'
INSTALL_PROGRAM='${INSTALL}'
INSTALL_SCRIPT='${INSTALL}'
INSTALL_STRIP_PROGRAM='$(install_sh) -c -s'
KPATHSEA_DEPEND='${top_builddir}/../kpathsea/libkpathsea.la'
KPATHSEA_INCLUDES='-I/home/maqiyuan/Desktop/texlive-mobile/src/texlive-source/texk -I/home/maqiyuan/Desktop/texlive-mobile/src/texlive-source/texk'
KPATHSEA_LIBS='/home/maqiyuan/Desktop/texlive-mobile/src/texlive-source/texk/kpathsea/libkpathsea.la'
KPATHSEA_RULE='# Rebuild libkpathsea
LD='/usr/bin/ld -m elf_x86_64'
LDFLAGS=''
LIBGS_INCLUDES=''
LIBGS_LIBS='-ldl'
LIBOBJS=''
LIBS='-ldl -lm '
LIBTOOL='$(SHELL) $(top_builddir)/libtool'
LIPO=''
LN_S='ln -s'
LTLIBOBJS=''
LT_SYS_LIBRARY_PATH=''
MAINT='#'
MAINTAINER_MODE_FALSE=''
MAINTAINER_MODE_TRUE='#'
MAKEINFO='${SHELL} /home/maqiyuan/Desktop/texlive-mobile/src/texlive-source/build-aux/missing makeinfo'
MANIFEST_TOOL=':'
MKDIR_P='/bin/mkdir -p'
NM='/usr/bin/nm -B'
NMEDIT=''
OBJDUMP='objdump'
OBJEXT='o'
OTOOL64=''
OTOOL=''
PACKAGE='dvisvgm--tex-live-'
PACKAGE_BUGREPORT='tex-k@tug.org'
PACKAGE_NAME='dvisvgm (TeX Live)'
PACKAGE_STRING='dvisvgm (TeX Live) 1.14.2'
PACKAGE_TARNAME='dvisvgm--tex-live-'
PACKAGE_URL=''
PACKAGE_VERSION='1.14.2'
PATH_SEPARATOR=':'
PKG_CONFIG='pkg-config'
POTRACE_DEPEND='${top_builddir}/../../libs/potrace/libpotrace.a'
POTRACE_INCLUDES='-I/home/maqiyuan/Desktop/texlive-mobile/src/texlive-source/libs/potrace/include'
POTRACE_LIBS='/home/maqiyuan/Desktop/texlive-mobile/src/texlive-source/libs/potrace/libpotrace.a'
POTRACE_RULE='# Rebuild libpotrace
RANLIB='ranlib'
SED='/bin/sed'
SET_MAKE=''
SHELL='/bin/bash'
STRIP='strip'
VERSION='1.14.2'
WARNING_CFLAGS='-Wimplicit -Wreturn-type -Wdeclaration-after-statement -Wno-unknown-pragmas'
WARNING_CXXFLAGS='-Wreturn-type -Wno-unknown-pragmas -Wno-write-strings'
WIN32_FALSE=''
WIN32_TRUE='#'
ZLIB_DEPEND='${top_builddir}/../../libs/zlib/libz.a'
ZLIB_INCLUDES='-I/home/maqiyuan/Desktop/texlive-mobile/src/texlive-source/libs/zlib/include'
ZLIB_LIBS='/home/maqiyuan/Desktop/texlive-mobile/src/texlive-source/libs/zlib/libz.a'
ZLIB_RULE='# Rebuild libz
ac_ct_AR='ar'
ac_ct_CC='gcc'
ac_ct_CXX='g++'
ac_ct_DUMPBIN=''
am__EXEEXT_FALSE=''
am__EXEEXT_TRUE='#'
am__fastdepCC_FALSE='#'
am__fastdepCC_TRUE=''
am__fastdepCXX_FALSE='#'
am__fastdepCXX_TRUE=''
am__include='include'
am__isrc=''
am__leading_dot='.'
am__nodep='_no'
am__quote=''
am__tar='$${TAR-tar} chof - "$$tardir"'
am__untar='$${TAR-tar} xf -'
bindir='${exec_prefix}/bin/x86_64-pc-linux-gnu'
build='x86_64-pc-linux-gnu'
build_alias=''
build_cpu='x86_64'
build_os='linux-gnu'
build_vendor='pc'
datadir='${datarootdir}'
datarootdir='${prefix}'
dlloader_FALSE='#'
dlloader_TRUE=''
docdir='${datarootdir}/doc/${PACKAGE_TARNAME}'
dvidir='${docdir}'
exec_prefix='${prefix}'
host='x86_64-pc-linux-gnu'
host_alias=''
host_cpu='x86_64'
host_os='linux-gnu'
host_vendor='pc'
htmldir='${docdir}'
includedir='${prefix}/include'
infodir='${prefix}/texmf-dist/doc/info'
install_sh='${SHELL} /home/maqiyuan/Desktop/texlive-mobile/src/texlive-source/build-aux/install-sh'
libdir='${exec_prefix}/lib/x86_64-pc-linux-gnu'
libexecdir='${exec_prefix}/libexec'
localedir='${datarootdir}/locale'
localstatedir='${prefix}/var'
mandir='${prefix}/texmf-dist/doc/man'
mkdir_p='$(MKDIR_P)'
oldincludedir='/usr/include'
pdfdir='${docdir}'
prefix='/usr/local'
program_transform_name='s,x,x,'
psdir='${docdir}'
sbindir='${exec_prefix}/sbin'
sharedstatedir='${prefix}/com'
sysconfdir='${prefix}/etc'
target_alias=''

## ----------- ##
## confdefs.h. ##
## ----------- ##

/* confdefs.h */
#define PACKAGE_NAME "dvisvgm (TeX Live)"
#define PACKAGE_TARNAME "dvisvgm--tex-live-"
#define PACKAGE_VERSION "1.14.2"
#define PACKAGE_STRING "dvisvgm (TeX Live) 1.14.2"
#define PACKAGE_BUGREPORT "tex-k@tug.org"
#define PACKAGE_URL ""
#define STDC_HEADERS 1
#define HAVE_SYS_TYPES_H 1
#define HAVE_SYS_STAT_H 1
#define HAVE_STDLIB_H 1
#define HAVE_STRING_H 1
#define HAVE_MEMORY_H 1
#define HAVE_STRINGS_H 1
#define HAVE_INTTYPES_H 1
#define HAVE_STDINT_H 1
#define HAVE_UNISTD_H 1
#define HAVE_DLFCN_H 1
#define PACKAGE "dvisvgm--tex-live-"
#define VERSION "1.14.2"
#define LT_OBJDIR ".libs/"
#define HAVE_FSEEKO 1
#define HAVE_DIRENT_H 1
#define STDC_HEADERS 1
#define HAVE_ASSERT_H 1
#define HAVE_FLOAT_H 1
#define HAVE_LIMITS_H 1
#define HAVE_PWD_H 1
#define HAVE_STDLIB_H 1
#define HAVE_SYS_PARAM_H 1
#define HAVE_PUTENV 1
#define HAVE_GETCWD 1
#define HAVE_GETWD 1
#define HAVE_MEMCMP 1
#define HAVE_MEMCPY 1
#define HAVE_MKSTEMP 1
#define HAVE_MKTEMP 1
#define HAVE_STRCHR 1
#define HAVE_STRRCHR 1
#define HAVE_DECL_ISASCII 1
#define HAVE_STRUCT_STAT_ST_MTIM 1
#define HAVE_IOSTREAM 1
#define TARGET_SYSTEM "x86_64-pc-linux-gnu"
#define HAVE_FTIME 1
#define HAVE_GETTIMEOFDAY 1
#define HAVE_SYS_TIME_H 1
#define HAVE_SYS_TIMEB_H 1
#define ZLIB_CONST 1
#define HAVE_LIBZ 1
#define HAVE_LIBFREETYPE 1
#define HAVE_LIBKPATHSEA 1

configure: exit 0
