This file contains any messages produced by compilers while
running configure, to aid debugging if configure makes a mistake.

It was created by cairo (TeX Live) configure 1.14.6, which was
generated by GNU Autoconf 2.69.  Invocation command line was

  $ ./configure --disable-option-checking --prefix=/usr/local --enable-build-in-source-tree --enable-native-texlive-build --enable-largefile --disable-silent-rules --enable-multiplatform=yes --enable-cxx-runtime-hack=yes --enable-libtool-hack=yes --disable-shared --enable-texlive-build --bindir=${exec_prefix}/bin/x86_64-pc-linux-gnu --libdir=${exec_prefix}/lib/x86_64-pc-linux-gnu --with-x --enable-autosp=yes --enable-devnag=yes --enable-lacheck=yes --enable-m-tx=yes --enable-pmx=yes --enable-ps2eps=yes --enable-t1utils=yes --enable-texdoctk=yes --enable-tpic2pdftex=yes --enable-vlna=yes --enable-xindy=no --with-clisp-runtime=default --enable-xpdfopen=yes --enable-web2c=yes --enable-afm2pl=yes --enable-bibtex-x=yes --enable-chktex=yes --enable-cjkutils=yes --enable-detex=yes --enable-dtl=yes --enable-dvi2tty=yes --enable-dvidvi=yes --enable-dviljk=yes --enable-dvipdfm-x=yes --enable-dvipng=yes --enable-dvipos=yes --enable-dvipsk=yes --enable-dvisvgm=yes --enable-gregorio=yes --enable-gsftopk=yes --enable-lcdf-typetools=yes --enable-makeindexk=yes --enable-makejvf=yes --enable-mendexk=yes --enable-musixtnt=yes --enable-ps2pk=yes --enable-psutils=yes --enable-seetexk=yes --enable-tex4htk=yes --enable-ttf2pk2=yes --enable-ttfdump=yes --enable-upmendex=yes --enable-xdvik=yes --enable-texlive=yes --with-system-harfbuzz=no --with-system-icu=no --with-system-teckit=no --with-system-graphite2=no --with-system-zziplib=no --with-system-xpdf=no --with-system-poppler=no --with-system-mpfr=no --with-system-gmp=no --with-system-cairo=no --with-system-pixman=no --with-system-potrace=no --with-system-gd=no --with-system-freetype2=no --with-system-libpng=no --with-system-libpaper=no --with-system-zlib=no --with-system-ptexenc=no --with-system-kpathsea=no --datarootdir=${prefix} --mandir=${prefix}/texmf-dist/doc/man --infodir=${prefix}/texmf-dist/doc/info --cache-file=/dev/null --srcdir=.

## --------- ##
## Platform. ##
## --------- ##

hostname = maqiyuan-E430c
uname -m = x86_64
uname -r = 4.4.0-34-generic
uname -s = Linux
uname -v = #53-Ubuntu SMP Wed Jul 27 16:06:39 UTC 2016

/usr/bin/uname -p = unknown
/bin/uname -X     = unknown

/bin/arch              = unknown
/usr/bin/arch -k       = unknown
/usr/convex/getsysinfo = unknown
/usr/bin/hostinfo      = unknown
/bin/machine           = unknown
/usr/bin/oslevel       = unknown
/bin/universe          = unknown

PATH: /usr/local/sbin
PATH: /usr/local/bin
PATH: /usr/sbin
PATH: /usr/bin
PATH: /sbin
PATH: /bin
PATH: /usr/games
PATH: /usr/local/games
PATH: /snap/bin
PATH: /home/maqiyuan/bin/FDK/Tools/linux


## ----------- ##
## Core tests. ##
## ----------- ##

configure:2564: checking for gcc
configure:2580: found /usr/bin/gcc
configure:2591: result: gcc
configure:2820: checking for C compiler version
configure:2829: gcc --version >&5
gcc (Ubuntu 5.4.0-6ubuntu1~16.04.1) 5.4.0 20160609
Copyright (C) 2015 Free Software Foundation, Inc.
This is free software; see the source for copying conditions.  There is NO
warranty; not even for MERCHANTABILITY or FITNESS FOR A PARTICULAR PURPOSE.

configure:2840: $? = 0
configure:2829: gcc -v >&5
Using built-in specs.
COLLECT_GCC=gcc
COLLECT_LTO_WRAPPER=/usr/lib/gcc/x86_64-linux-gnu/5/lto-wrapper
Target: x86_64-linux-gnu
Configured with: ../src/configure -v --with-pkgversion='Ubuntu 5.4.0-6ubuntu1~16.04.1' --with-bugurl=file:///usr/share/doc/gcc-5/README.Bugs --enable-languages=c,ada,c++,java,go,d,fortran,objc,obj-c++ --prefix=/usr --program-suffix=-5 --enable-shared --enable-linker-build-id --libexecdir=/usr/lib --without-included-gettext --enable-threads=posix --libdir=/usr/lib --enable-nls --with-sysroot=/ --enable-clocale=gnu --enable-libstdcxx-debug --enable-libstdcxx-time=yes --with-default-libstdcxx-abi=new --enable-gnu-unique-object --disable-vtable-verify --enable-libmpx --enable-plugin --with-system-zlib --disable-browser-plugin --enable-java-awt=gtk --enable-gtk-cairo --with-java-home=/usr/lib/jvm/java-1.5.0-gcj-5-amd64/jre --enable-java-home --with-jvm-root-dir=/usr/lib/jvm/java-1.5.0-gcj-5-amd64 --with-jvm-jar-dir=/usr/lib/jvm-exports/java-1.5.0-gcj-5-amd64 --with-arch-directory=amd64 --with-ecj-jar=/usr/share/java/eclipse-ecj.jar --enable-objc-gc --enable-multiarch --disable-werror --with-arch-32=i686 --with-abi=m64 --with-multilib-list=m32,m64,mx32 --enable-multilib --with-tune=generic --enable-checking=release --build=x86_64-linux-gnu --host=x86_64-linux-gnu --target=x86_64-linux-gnu
Thread model: posix
gcc version 5.4.0 20160609 (Ubuntu 5.4.0-6ubuntu1~16.04.1) 
configure:2840: $? = 0
configure:2829: gcc -V >&5
gcc: error: unrecognized command line option '-V'
gcc: fatal error: no input files
compilation terminated.
configure:2840: $? = 1
configure:2829: gcc -qversion >&5
gcc: error: unrecognized command line option '-qversion'
gcc: fatal error: no input files
compilation terminated.
configure:2840: $? = 1
configure:2860: checking whether the C compiler works
configure:2882: gcc    conftest.c  >&5
configure:2886: $? = 0
configure:2934: result: yes
configure:2937: checking for C compiler default output file name
configure:2939: result: a.out
configure:2945: checking for suffix of executables
configure:2952: gcc -o conftest    conftest.c  >&5
configure:2956: $? = 0
configure:2978: result: 
configure:3000: checking whether we are cross compiling
configure:3008: gcc -o conftest    conftest.c  >&5
configure:3012: $? = 0
configure:3019: ./conftest
configure:3023: $? = 0
configure:3038: result: no
configure:3043: checking for suffix of object files
configure:3065: gcc -c   conftest.c >&5
configure:3069: $? = 0
configure:3090: result: o
configure:3094: checking whether we are using the GNU C compiler
configure:3113: gcc -c   conftest.c >&5
configure:3113: $? = 0
configure:3122: result: yes
configure:3131: checking whether gcc accepts -g
configure:3151: gcc -c -g  conftest.c >&5
configure:3151: $? = 0
configure:3192: result: yes
configure:3209: checking for gcc option to accept ISO C89
configure:3272: gcc  -c -g -O2  conftest.c >&5
configure:3272: $? = 0
configure:3285: result: none needed
configure:3310: checking whether gcc understands -c and -o together
configure:3332: gcc -c conftest.c -o conftest2.o
configure:3335: $? = 0
configure:3332: gcc -c conftest.c -o conftest2.o
configure:3335: $? = 0
configure:3347: result: yes
configure:3370: checking how to run the C preprocessor
configure:3401: gcc -E  conftest.c
configure:3401: $? = 0
configure:3415: gcc -E  conftest.c
conftest.c:9:28: fatal error: ac_nonexistent.h: No such file or directory
compilation terminated.
configure:3415: $? = 1
configure: failed program was:
| /* confdefs.h */
| #define PACKAGE_NAME "cairo (TeX Live)"
| #define PACKAGE_TARNAME "cairo--tex-live-"
| #define PACKAGE_VERSION "1.14.6"
| #define PACKAGE_STRING "cairo (TeX Live) 1.14.6"
| #define PACKAGE_BUGREPORT "tex-k@tug.org"
| #define PACKAGE_URL ""
| /* end confdefs.h.  */
| #include <ac_nonexistent.h>
configure:3440: result: gcc -E
configure:3460: gcc -E  conftest.c
configure:3460: $? = 0
configure:3474: gcc -E  conftest.c
conftest.c:9:28: fatal error: ac_nonexistent.h: No such file or directory
compilation terminated.
configure:3474: $? = 1
configure: failed program was:
| /* confdefs.h */
| #define PACKAGE_NAME "cairo (TeX Live)"
| #define PACKAGE_TARNAME "cairo--tex-live-"
| #define PACKAGE_VERSION "1.14.6"
| #define PACKAGE_STRING "cairo (TeX Live) 1.14.6"
| #define PACKAGE_BUGREPORT "tex-k@tug.org"
| #define PACKAGE_URL ""
| /* end confdefs.h.  */
| #include <ac_nonexistent.h>
configure:3503: checking for grep that handles long lines and -e
configure:3561: result: /bin/grep
configure:3566: checking for egrep
configure:3628: result: /bin/grep -E
configure:3633: checking for ANSI C header files
configure:3653: gcc -c -g -O2  conftest.c >&5
configure:3653: $? = 0
configure:3726: gcc -o conftest -g -O2   conftest.c  >&5
configure:3726: $? = 0
configure:3726: ./conftest
configure:3726: $? = 0
configure:3737: result: yes
configure:3750: checking for sys/types.h
configure:3750: gcc -c -g -O2  conftest.c >&5
configure:3750: $? = 0
configure:3750: result: yes
configure:3750: checking for sys/stat.h
configure:3750: gcc -c -g -O2  conftest.c >&5
configure:3750: $? = 0
configure:3750: result: yes
configure:3750: checking for stdlib.h
configure:3750: gcc -c -g -O2  conftest.c >&5
configure:3750: $? = 0
configure:3750: result: yes
configure:3750: checking for string.h
configure:3750: gcc -c -g -O2  conftest.c >&5
configure:3750: $? = 0
configure:3750: result: yes
configure:3750: checking for memory.h
configure:3750: gcc -c -g -O2  conftest.c >&5
configure:3750: $? = 0
configure:3750: result: yes
configure:3750: checking for strings.h
configure:3750: gcc -c -g -O2  conftest.c >&5
configure:3750: $? = 0
configure:3750: result: yes
configure:3750: checking for inttypes.h
configure:3750: gcc -c -g -O2  conftest.c >&5
configure:3750: $? = 0
configure:3750: result: yes
configure:3750: checking for stdint.h
configure:3750: gcc -c -g -O2  conftest.c >&5
configure:3750: $? = 0
configure:3750: result: yes
configure:3750: checking for unistd.h
configure:3750: gcc -c -g -O2  conftest.c >&5
configure:3750: $? = 0
configure:3750: result: yes
configure:3763: checking minix/config.h usability
configure:3763: gcc -c -g -O2  conftest.c >&5
conftest.c:52:26: fatal error: minix/config.h: No such file or directory
compilation terminated.
configure:3763: $? = 1
configure: failed program was:
| /* confdefs.h */
| #define PACKAGE_NAME "cairo (TeX Live)"
| #define PACKAGE_TARNAME "cairo--tex-live-"
| #define PACKAGE_VERSION "1.14.6"
| #define PACKAGE_STRING "cairo (TeX Live) 1.14.6"
| #define PACKAGE_BUGREPORT "tex-k@tug.org"
| #define PACKAGE_URL ""
| #define STDC_HEADERS 1
| #define HAVE_SYS_TYPES_H 1
| #define HAVE_SYS_STAT_H 1
| #define HAVE_STDLIB_H 1
| #define HAVE_STRING_H 1
| #define HAVE_MEMORY_H 1
| #define HAVE_STRINGS_H 1
| #define HAVE_INTTYPES_H 1
| #define HAVE_STDINT_H 1
| #define HAVE_UNISTD_H 1
| /* end confdefs.h.  */
| #include <stdio.h>
| #ifdef HAVE_SYS_TYPES_H
| # include <sys/types.h>
| #endif
| #ifdef HAVE_SYS_STAT_H
| # include <sys/stat.h>
| #endif
| #ifdef STDC_HEADERS
| # include <stdlib.h>
| # include <stddef.h>
| #else
| # ifdef HAVE_STDLIB_H
| #  include <stdlib.h>
| # endif
| #endif
| #ifdef HAVE_STRING_H
| # if !defined STDC_HEADERS && defined HAVE_MEMORY_H
| #  include <memory.h>
| # endif
| # include <string.h>
| #endif
| #ifdef HAVE_STRINGS_H
| # include <strings.h>
| #endif
| #ifdef HAVE_INTTYPES_H
| # include <inttypes.h>
| #endif
| #ifdef HAVE_STDINT_H
| # include <stdint.h>
| #endif
| #ifdef HAVE_UNISTD_H
| # include <unistd.h>
| #endif
| #include <minix/config.h>
configure:3763: result: no
configure:3763: checking minix/config.h presence
configure:3763: gcc -E  conftest.c
conftest.c:19:26: fatal error: minix/config.h: No such file or directory
compilation terminated.
configure:3763: $? = 1
configure: failed program was:
| /* confdefs.h */
| #define PACKAGE_NAME "cairo (TeX Live)"
| #define PACKAGE_TARNAME "cairo--tex-live-"
| #define PACKAGE_VERSION "1.14.6"
| #define PACKAGE_STRING "cairo (TeX Live) 1.14.6"
| #define PACKAGE_BUGREPORT "tex-k@tug.org"
| #define PACKAGE_URL ""
| #define STDC_HEADERS 1
| #define HAVE_SYS_TYPES_H 1
| #define HAVE_SYS_STAT_H 1
| #define HAVE_STDLIB_H 1
| #define HAVE_STRING_H 1
| #define HAVE_MEMORY_H 1
| #define HAVE_STRINGS_H 1
| #define HAVE_INTTYPES_H 1
| #define HAVE_STDINT_H 1
| #define HAVE_UNISTD_H 1
| /* end confdefs.h.  */
| #include <minix/config.h>
configure:3763: result: no
configure:3763: checking for minix/config.h
configure:3763: result: no
configure:3784: checking whether it is safe to define __EXTENSIONS__
configure:3802: gcc -c -g -O2  conftest.c >&5
configure:3802: $? = 0
configure:3809: result: yes
configure:3840: checking for a BSD-compatible install
configure:3908: result: /usr/bin/install -c
configure:3919: checking whether build environment is sane
configure:3974: result: yes
configure:4122: checking for a thread-safe mkdir -p
configure:4161: result: /bin/mkdir -p
configure:4168: checking for gawk
configure:4184: found /usr/bin/gawk
configure:4195: result: gawk
configure:4206: checking whether make sets $(MAKE)
configure:4228: result: yes
configure:4258: checking for style of include used by make
configure:4286: result: GNU
configure:4320: checking whether make supports nested variables
configure:4337: result: yes
configure:4438: checking dependency style of gcc
configure:4549: result: gcc3
configure:4608: checking whether to enable maintainer-specific portions of Makefiles
configure:4617: result: no
configure:4630: checking whether the compiler accepts prototypes
configure:4646: gcc -o conftest -g -O2   conftest.c  >&5
configure:4646: $? = 0
configure:4654: result: yes
configure:4659: checking what warning flags to pass to the C compiler
configure:4704: result: -Wimplicit -Wreturn-type -Wdeclaration-after-statement -Wno-unknown-pragmas
configure:4763: checking for gcc
configure:4790: result: gcc
configure:5019: checking for C compiler version
configure:5028: gcc --version >&5
gcc (Ubuntu 5.4.0-6ubuntu1~16.04.1) 5.4.0 20160609
Copyright (C) 2015 Free Software Foundation, Inc.
This is free software; see the source for copying conditions.  There is NO
warranty; not even for MERCHANTABILITY or FITNESS FOR A PARTICULAR PURPOSE.

configure:5039: $? = 0
configure:5028: gcc -v >&5
Using built-in specs.
COLLECT_GCC=gcc
COLLECT_LTO_WRAPPER=/usr/lib/gcc/x86_64-linux-gnu/5/lto-wrapper
Target: x86_64-linux-gnu
Configured with: ../src/configure -v --with-pkgversion='Ubuntu 5.4.0-6ubuntu1~16.04.1' --with-bugurl=file:///usr/share/doc/gcc-5/README.Bugs --enable-languages=c,ada,c++,java,go,d,fortran,objc,obj-c++ --prefix=/usr --program-suffix=-5 --enable-shared --enable-linker-build-id --libexecdir=/usr/lib --without-included-gettext --enable-threads=posix --libdir=/usr/lib --enable-nls --with-sysroot=/ --enable-clocale=gnu --enable-libstdcxx-debug --enable-libstdcxx-time=yes --with-default-libstdcxx-abi=new --enable-gnu-unique-object --disable-vtable-verify --enable-libmpx --enable-plugin --with-system-zlib --disable-browser-plugin --enable-java-awt=gtk --enable-gtk-cairo --with-java-home=/usr/lib/jvm/java-1.5.0-gcj-5-amd64/jre --enable-java-home --with-jvm-root-dir=/usr/lib/jvm/java-1.5.0-gcj-5-amd64 --with-jvm-jar-dir=/usr/lib/jvm-exports/java-1.5.0-gcj-5-amd64 --with-arch-directory=amd64 --with-ecj-jar=/usr/share/java/eclipse-ecj.jar --enable-objc-gc --enable-multiarch --disable-werror --with-arch-32=i686 --with-abi=m64 --with-multilib-list=m32,m64,mx32 --enable-multilib --with-tune=generic --enable-checking=release --build=x86_64-linux-gnu --host=x86_64-linux-gnu --target=x86_64-linux-gnu
Thread model: posix
gcc version 5.4.0 20160609 (Ubuntu 5.4.0-6ubuntu1~16.04.1) 
configure:5039: $? = 0
configure:5028: gcc -V >&5
gcc: error: unrecognized command line option '-V'
gcc: fatal error: no input files
compilation terminated.
configure:5039: $? = 1
configure:5028: gcc -qversion >&5
gcc: error: unrecognized command line option '-qversion'
gcc: fatal error: no input files
compilation terminated.
configure:5039: $? = 1
configure:5043: checking whether we are using the GNU C compiler
configure:5071: result: yes
configure:5080: checking whether gcc accepts -g
configure:5141: result: yes
configure:5158: checking for gcc option to accept ISO C89
configure:5234: result: none needed
configure:5259: checking whether gcc understands -c and -o together
configure:5296: result: yes
configure:5356: checking for ranlib
configure:5372: found /usr/bin/ranlib
configure:5383: result: ranlib
configure:5405: checking whether ln -s works
configure:5409: result: yes
configure:5421: checking whether byte ordering is bigendian
configure:5436: gcc -c -g -O2  conftest.c >&5
conftest.c:27:9: error: unknown type name 'not'
         not a universal capable compiler
         ^
conftest.c:27:15: error: expected '=', ',', ';', 'asm' or '__attribute__' before 'universal'
         not a universal capable compiler
               ^
conftest.c:27:15: error: unknown type name 'universal'
configure:5436: $? = 1
configure: failed program was:
| /* confdefs.h */
| #define PACKAGE_NAME "cairo (TeX Live)"
| #define PACKAGE_TARNAME "cairo--tex-live-"
| #define PACKAGE_VERSION "1.14.6"
| #define PACKAGE_STRING "cairo (TeX Live) 1.14.6"
| #define PACKAGE_BUGREPORT "tex-k@tug.org"
| #define PACKAGE_URL ""
| #define STDC_HEADERS 1
| #define HAVE_SYS_TYPES_H 1
| #define HAVE_SYS_STAT_H 1
| #define HAVE_STDLIB_H 1
| #define HAVE_STRING_H 1
| #define HAVE_MEMORY_H 1
| #define HAVE_STRINGS_H 1
| #define HAVE_INTTYPES_H 1
| #define HAVE_STDINT_H 1
| #define HAVE_UNISTD_H 1
| #define __EXTENSIONS__ 1
| #define _ALL_SOURCE 1
| #define _GNU_SOURCE 1
| #define _POSIX_PTHREAD_SEMANTICS 1
| #define _TANDEM_SOURCE 1
| #define PACKAGE "cairo--tex-live-"
| #define VERSION "1.14.6"
| /* end confdefs.h.  */
| #ifndef __APPLE_CC__
| 	       not a universal capable compiler
| 	     #endif
| 	     typedef int dummy;
| 
configure:5481: gcc -c -g -O2  conftest.c >&5
configure:5481: $? = 0
configure:5499: gcc -c -g -O2  conftest.c >&5
conftest.c: In function 'main':
conftest.c:33:4: error: unknown type name 'not'
    not big endian
    ^
conftest.c:33:12: error: expected '=', ',', ';', 'asm' or '__attribute__' before 'endian'
    not big endian
            ^
configure:5499: $? = 1
configure: failed program was:
| /* confdefs.h */
| #define PACKAGE_NAME "cairo (TeX Live)"
| #define PACKAGE_TARNAME "cairo--tex-live-"
| #define PACKAGE_VERSION "1.14.6"
| #define PACKAGE_STRING "cairo (TeX Live) 1.14.6"
| #define PACKAGE_BUGREPORT "tex-k@tug.org"
| #define PACKAGE_URL ""
| #define STDC_HEADERS 1
| #define HAVE_SYS_TYPES_H 1
| #define HAVE_SYS_STAT_H 1
| #define HAVE_STDLIB_H 1
| #define HAVE_STRING_H 1
| #define HAVE_MEMORY_H 1
| #define HAVE_STRINGS_H 1
| #define HAVE_INTTYPES_H 1
| #define HAVE_STDINT_H 1
| #define HAVE_UNISTD_H 1
| #define __EXTENSIONS__ 1
| #define _ALL_SOURCE 1
| #define _GNU_SOURCE 1
| #define _POSIX_PTHREAD_SEMANTICS 1
| #define _TANDEM_SOURCE 1
| #define PACKAGE "cairo--tex-live-"
| #define VERSION "1.14.6"
| /* end confdefs.h.  */
| #include <sys/types.h>
| 		#include <sys/param.h>
| 
| int
| main ()
| {
| #if BYTE_ORDER != BIG_ENDIAN
| 		 not big endian
| 		#endif
| 
|   ;
|   return 0;
| }
configure:5627: result: no
configure:5645: checking whether float word ordering is bigendian
configure:5672: gcc -c -g -O2  conftest.c >&5
configure:5672: $? = 0
configure:5690: result: no
configure:5714: checking CFLAGS for C to hide external symbols
configure:5736: gcc -c -g -O2 -Werror -fvisibility=hidden -fvisibility-inlines-hidden  conftest.c >&5
cc1: error: command line option '-fvisibility-inlines-hidden' is valid for C++/ObjC++ but not for C [-Werror]
cc1: all warnings being treated as errors
configure:5736: $? = 1
configure: failed program was:
| /* confdefs.h */
| #define PACKAGE_NAME "cairo (TeX Live)"
| #define PACKAGE_TARNAME "cairo--tex-live-"
| #define PACKAGE_VERSION "1.14.6"
| #define PACKAGE_STRING "cairo (TeX Live) 1.14.6"
| #define PACKAGE_BUGREPORT "tex-k@tug.org"
| #define PACKAGE_URL ""
| #define STDC_HEADERS 1
| #define HAVE_SYS_TYPES_H 1
| #define HAVE_SYS_STAT_H 1
| #define HAVE_STDLIB_H 1
| #define HAVE_STRING_H 1
| #define HAVE_MEMORY_H 1
| #define HAVE_STRINGS_H 1
| #define HAVE_INTTYPES_H 1
| #define HAVE_STDINT_H 1
| #define HAVE_UNISTD_H 1
| #define __EXTENSIONS__ 1
| #define _ALL_SOURCE 1
| #define _GNU_SOURCE 1
| #define _POSIX_PTHREAD_SEMANTICS 1
| #define _TANDEM_SOURCE 1
| #define PACKAGE "cairo--tex-live-"
| #define VERSION "1.14.6"
| /* end confdefs.h.  */
| #include <stdio.h>
|                                    extern void foo(void);
|                                    void foo(void){printf("foo\n");}
configure:5736: gcc -c -g -O2 -Werror -fvisibility=hidden  conftest.c >&5
configure:5736: $? = 0
configure:5749: result: -fvisibility=hidden
configure:5782: checking size of void *
configure:5787: gcc -o conftest -g -O2   conftest.c  >&5
configure:5787: $? = 0
configure:5787: ./conftest
configure:5787: $? = 0
configure:5801: result: 8
configure:5815: checking size of int
configure:5820: gcc -o conftest -g -O2   conftest.c  >&5
configure:5820: $? = 0
configure:5820: ./conftest
configure:5820: $? = 0
configure:5834: result: 4
configure:5848: checking size of long
configure:5853: gcc -o conftest -g -O2   conftest.c  >&5
configure:5853: $? = 0
configure:5853: ./conftest
configure:5853: $? = 0
configure:5867: result: 8
configure:5881: checking size of long long
configure:5886: gcc -o conftest -g -O2   conftest.c  >&5
configure:5886: $? = 0
configure:5886: ./conftest
configure:5886: $? = 0
configure:5900: result: 8
configure:5914: checking size of size_t
configure:5919: gcc -o conftest -g -O2   conftest.c  >&5
configure:5919: $? = 0
configure:5919: ./conftest
configure:5919: $? = 0
configure:5933: result: 8
configure:5946: checking sys/int_types.h usability
configure:5946: gcc -c -g -O2  conftest.c >&5
conftest.c:64:27: fatal error: sys/int_types.h: No such file or directory
compilation terminated.
configure:5946: $? = 1
configure: failed program was:
| /* confdefs.h */
| #define PACKAGE_NAME "cairo (TeX Live)"
| #define PACKAGE_TARNAME "cairo--tex-live-"
| #define PACKAGE_VERSION "1.14.6"
| #define PACKAGE_STRING "cairo (TeX Live) 1.14.6"
| #define PACKAGE_BUGREPORT "tex-k@tug.org"
| #define PACKAGE_URL ""
| #define STDC_HEADERS 1
| #define HAVE_SYS_TYPES_H 1
| #define HAVE_SYS_STAT_H 1
| #define HAVE_STDLIB_H 1
| #define HAVE_STRING_H 1
| #define HAVE_MEMORY_H 1
| #define HAVE_STRINGS_H 1
| #define HAVE_INTTYPES_H 1
| #define HAVE_STDINT_H 1
| #define HAVE_UNISTD_H 1
| #define __EXTENSIONS__ 1
| #define _ALL_SOURCE 1
| #define _GNU_SOURCE 1
| #define _POSIX_PTHREAD_SEMANTICS 1
| #define _TANDEM_SOURCE 1
| #define PACKAGE "cairo--tex-live-"
| #define VERSION "1.14.6"
| #define SIZEOF_VOID_P 8
| #define SIZEOF_INT 4
| #define SIZEOF_LONG 8
| #define SIZEOF_LONG_LONG 8
| #define SIZEOF_SIZE_T 8
| /* end confdefs.h.  */
| #include <stdio.h>
| #ifdef HAVE_SYS_TYPES_H
| # include <sys/types.h>
| #endif
| #ifdef HAVE_SYS_STAT_H
| # include <sys/stat.h>
| #endif
| #ifdef STDC_HEADERS
| # include <stdlib.h>
| # include <stddef.h>
| #else
| # ifdef HAVE_STDLIB_H
| #  include <stdlib.h>
| # endif
| #endif
| #ifdef HAVE_STRING_H
| # if !defined STDC_HEADERS && defined HAVE_MEMORY_H
| #  include <memory.h>
| # endif
| # include <string.h>
| #endif
| #ifdef HAVE_STRINGS_H
| # include <strings.h>
| #endif
| #ifdef HAVE_INTTYPES_H
| # include <inttypes.h>
| #endif
| #ifdef HAVE_STDINT_H
| # include <stdint.h>
| #endif
| #ifdef HAVE_UNISTD_H
| # include <unistd.h>
| #endif
| #include <sys/int_types.h>
configure:5946: result: no
configure:5946: checking sys/int_types.h presence
configure:5946: gcc -E  conftest.c
conftest.c:31:27: fatal error: sys/int_types.h: No such file or directory
compilation terminated.
configure:5946: $? = 1
configure: failed program was:
| /* confdefs.h */
| #define PACKAGE_NAME "cairo (TeX Live)"
| #define PACKAGE_TARNAME "cairo--tex-live-"
| #define PACKAGE_VERSION "1.14.6"
| #define PACKAGE_STRING "cairo (TeX Live) 1.14.6"
| #define PACKAGE_BUGREPORT "tex-k@tug.org"
| #define PACKAGE_URL ""
| #define STDC_HEADERS 1
| #define HAVE_SYS_TYPES_H 1
| #define HAVE_SYS_STAT_H 1
| #define HAVE_STDLIB_H 1
| #define HAVE_STRING_H 1
| #define HAVE_MEMORY_H 1
| #define HAVE_STRINGS_H 1
| #define HAVE_INTTYPES_H 1
| #define HAVE_STDINT_H 1
| #define HAVE_UNISTD_H 1
| #define __EXTENSIONS__ 1
| #define _ALL_SOURCE 1
| #define _GNU_SOURCE 1
| #define _POSIX_PTHREAD_SEMANTICS 1
| #define _TANDEM_SOURCE 1
| #define PACKAGE "cairo--tex-live-"
| #define VERSION "1.14.6"
| #define SIZEOF_VOID_P 8
| #define SIZEOF_INT 4
| #define SIZEOF_LONG 8
| #define SIZEOF_LONG_LONG 8
| #define SIZEOF_SIZE_T 8
| /* end confdefs.h.  */
| #include <sys/int_types.h>
configure:5946: result: no
configure:5946: checking for sys/int_types.h
configure:5946: result: no
configure:5956: checking for uint64_t
configure:5956: gcc -c -g -O2  conftest.c >&5
configure:5956: $? = 0
configure:5956: gcc -c -g -O2  conftest.c >&5
conftest.c: In function 'main':
conftest.c:67:23: error: expected expression before ')' token
 if (sizeof ((uint64_t)))
                       ^
configure:5956: $? = 1
configure: failed program was:
| /* confdefs.h */
| #define PACKAGE_NAME "cairo (TeX Live)"
| #define PACKAGE_TARNAME "cairo--tex-live-"
| #define PACKAGE_VERSION "1.14.6"
| #define PACKAGE_STRING "cairo (TeX Live) 1.14.6"
| #define PACKAGE_BUGREPORT "tex-k@tug.org"
| #define PACKAGE_URL ""
| #define STDC_HEADERS 1
| #define HAVE_SYS_TYPES_H 1
| #define HAVE_SYS_STAT_H 1
| #define HAVE_STDLIB_H 1
| #define HAVE_STRING_H 1
| #define HAVE_MEMORY_H 1
| #define HAVE_STRINGS_H 1
| #define HAVE_INTTYPES_H 1
| #define HAVE_STDINT_H 1
| #define HAVE_UNISTD_H 1
| #define __EXTENSIONS__ 1
| #define _ALL_SOURCE 1
| #define _GNU_SOURCE 1
| #define _POSIX_PTHREAD_SEMANTICS 1
| #define _TANDEM_SOURCE 1
| #define PACKAGE "cairo--tex-live-"
| #define VERSION "1.14.6"
| #define SIZEOF_VOID_P 8
| #define SIZEOF_INT 4
| #define SIZEOF_LONG 8
| #define SIZEOF_LONG_LONG 8
| #define SIZEOF_SIZE_T 8
| /* end confdefs.h.  */
| #include <stdio.h>
| #ifdef HAVE_SYS_TYPES_H
| # include <sys/types.h>
| #endif
| #ifdef HAVE_SYS_STAT_H
| # include <sys/stat.h>
| #endif
| #ifdef STDC_HEADERS
| # include <stdlib.h>
| # include <stddef.h>
| #else
| # ifdef HAVE_STDLIB_H
| #  include <stdlib.h>
| # endif
| #endif
| #ifdef HAVE_STRING_H
| # if !defined STDC_HEADERS && defined HAVE_MEMORY_H
| #  include <memory.h>
| # endif
| # include <string.h>
| #endif
| #ifdef HAVE_STRINGS_H
| # include <strings.h>
| #endif
| #ifdef HAVE_INTTYPES_H
| # include <inttypes.h>
| #endif
| #ifdef HAVE_STDINT_H
| # include <stdint.h>
| #endif
| #ifdef HAVE_UNISTD_H
| # include <unistd.h>
| #endif
| int
| main ()
| {
| if (sizeof ((uint64_t)))
| 	    return 0;
|   ;
|   return 0;
| }
configure:5956: result: yes
configure:5965: checking for uint128_t
configure:5965: gcc -c -g -O2  conftest.c >&5
conftest.c: In function 'main':
conftest.c:68:13: error: 'uint128_t' undeclared (first use in this function)
 if (sizeof (uint128_t))
             ^
conftest.c:68:13: note: each undeclared identifier is reported only once for each function it appears in
configure:5965: $? = 1
configure: failed program was:
| /* confdefs.h */
| #define PACKAGE_NAME "cairo (TeX Live)"
| #define PACKAGE_TARNAME "cairo--tex-live-"
| #define PACKAGE_VERSION "1.14.6"
| #define PACKAGE_STRING "cairo (TeX Live) 1.14.6"
| #define PACKAGE_BUGREPORT "tex-k@tug.org"
| #define PACKAGE_URL ""
| #define STDC_HEADERS 1
| #define HAVE_SYS_TYPES_H 1
| #define HAVE_SYS_STAT_H 1
| #define HAVE_STDLIB_H 1
| #define HAVE_STRING_H 1
| #define HAVE_MEMORY_H 1
| #define HAVE_STRINGS_H 1
| #define HAVE_INTTYPES_H 1
| #define HAVE_STDINT_H 1
| #define HAVE_UNISTD_H 1
| #define __EXTENSIONS__ 1
| #define _ALL_SOURCE 1
| #define _GNU_SOURCE 1
| #define _POSIX_PTHREAD_SEMANTICS 1
| #define _TANDEM_SOURCE 1
| #define PACKAGE "cairo--tex-live-"
| #define VERSION "1.14.6"
| #define SIZEOF_VOID_P 8
| #define SIZEOF_INT 4
| #define SIZEOF_LONG 8
| #define SIZEOF_LONG_LONG 8
| #define SIZEOF_SIZE_T 8
| #define HAVE_UINT64_T 1
| /* end confdefs.h.  */
| #include <stdio.h>
| #ifdef HAVE_SYS_TYPES_H
| # include <sys/types.h>
| #endif
| #ifdef HAVE_SYS_STAT_H
| # include <sys/stat.h>
| #endif
| #ifdef STDC_HEADERS
| # include <stdlib.h>
| # include <stddef.h>
| #else
| # ifdef HAVE_STDLIB_H
| #  include <stdlib.h>
| # endif
| #endif
| #ifdef HAVE_STRING_H
| # if !defined STDC_HEADERS && defined HAVE_MEMORY_H
| #  include <memory.h>
| # endif
| # include <string.h>
| #endif
| #ifdef HAVE_STRINGS_H
| # include <strings.h>
| #endif
| #ifdef HAVE_INTTYPES_H
| # include <inttypes.h>
| #endif
| #ifdef HAVE_STDINT_H
| # include <stdint.h>
| #endif
| #ifdef HAVE_UNISTD_H
| # include <unistd.h>
| #endif
| int
| main ()
| {
| if (sizeof (uint128_t))
| 	 return 0;
|   ;
|   return 0;
| }
configure:5965: result: no
configure:5974: checking for __uint128_t
configure:5974: gcc -c -g -O2  conftest.c >&5
configure:5974: $? = 0
configure:5974: gcc -c -g -O2  conftest.c >&5
conftest.c: In function 'main':
conftest.c:68:26: error: expected expression before ')' token
 if (sizeof ((__uint128_t)))
                          ^
configure:5974: $? = 1
configure: failed program was:
| /* confdefs.h */
| #define PACKAGE_NAME "cairo (TeX Live)"
| #define PACKAGE_TARNAME "cairo--tex-live-"
| #define PACKAGE_VERSION "1.14.6"
| #define PACKAGE_STRING "cairo (TeX Live) 1.14.6"
| #define PACKAGE_BUGREPORT "tex-k@tug.org"
| #define PACKAGE_URL ""
| #define STDC_HEADERS 1
| #define HAVE_SYS_TYPES_H 1
| #define HAVE_SYS_STAT_H 1
| #define HAVE_STDLIB_H 1
| #define HAVE_STRING_H 1
| #define HAVE_MEMORY_H 1
| #define HAVE_STRINGS_H 1
| #define HAVE_INTTYPES_H 1
| #define HAVE_STDINT_H 1
| #define HAVE_UNISTD_H 1
| #define __EXTENSIONS__ 1
| #define _ALL_SOURCE 1
| #define _GNU_SOURCE 1
| #define _POSIX_PTHREAD_SEMANTICS 1
| #define _TANDEM_SOURCE 1
| #define PACKAGE "cairo--tex-live-"
| #define VERSION "1.14.6"
| #define SIZEOF_VOID_P 8
| #define SIZEOF_INT 4
| #define SIZEOF_LONG 8
| #define SIZEOF_LONG_LONG 8
| #define SIZEOF_SIZE_T 8
| #define HAVE_UINT64_T 1
| /* end confdefs.h.  */
| #include <stdio.h>
| #ifdef HAVE_SYS_TYPES_H
| # include <sys/types.h>
| #endif
| #ifdef HAVE_SYS_STAT_H
| # include <sys/stat.h>
| #endif
| #ifdef STDC_HEADERS
| # include <stdlib.h>
| # include <stddef.h>
| #else
| # ifdef HAVE_STDLIB_H
| #  include <stdlib.h>
| # endif
| #endif
| #ifdef HAVE_STRING_H
| # if !defined STDC_HEADERS && defined HAVE_MEMORY_H
| #  include <memory.h>
| # endif
| # include <string.h>
| #endif
| #ifdef HAVE_STRINGS_H
| # include <strings.h>
| #endif
| #ifdef HAVE_INTTYPES_H
| # include <inttypes.h>
| #endif
| #ifdef HAVE_STDINT_H
| # include <stdint.h>
| #endif
| #ifdef HAVE_UNISTD_H
| # include <unistd.h>
| #endif
| int
| main ()
| {
| if (sizeof ((__uint128_t)))
| 	    return 0;
|   ;
|   return 0;
| }
configure:5974: result: yes
configure:5996: checking for library containing sqrt
configure:6027: gcc -o conftest -g -O2   conftest.c  >&5
conftest.c:40:6: warning: conflicting types for built-in function 'sqrt'
 char sqrt ();
      ^
/tmp/ccn8irbh.o: In function `main':
/home/maqiyuan/Desktop/texlive-upstream/libs/cairo/conftest.c:44: undefined reference to `sqrt'
collect2: error: ld returned 1 exit status
configure:6027: $? = 1
configure: failed program was:
| /* confdefs.h */
| #define PACKAGE_NAME "cairo (TeX Live)"
| #define PACKAGE_TARNAME "cairo--tex-live-"
| #define PACKAGE_VERSION "1.14.6"
| #define PACKAGE_STRING "cairo (TeX Live) 1.14.6"
| #define PACKAGE_BUGREPORT "tex-k@tug.org"
| #define PACKAGE_URL ""
| #define STDC_HEADERS 1
| #define HAVE_SYS_TYPES_H 1
| #define HAVE_SYS_STAT_H 1
| #define HAVE_STDLIB_H 1
| #define HAVE_STRING_H 1
| #define HAVE_MEMORY_H 1
| #define HAVE_STRINGS_H 1
| #define HAVE_INTTYPES_H 1
| #define HAVE_STDINT_H 1
| #define HAVE_UNISTD_H 1
| #define __EXTENSIONS__ 1
| #define _ALL_SOURCE 1
| #define _GNU_SOURCE 1
| #define _POSIX_PTHREAD_SEMANTICS 1
| #define _TANDEM_SOURCE 1
| #define PACKAGE "cairo--tex-live-"
| #define VERSION "1.14.6"
| #define SIZEOF_VOID_P 8
| #define SIZEOF_INT 4
| #define SIZEOF_LONG 8
| #define SIZEOF_LONG_LONG 8
| #define SIZEOF_SIZE_T 8
| #define HAVE_UINT64_T 1
| #define HAVE___UINT128_T 1
| /* end confdefs.h.  */
| 
| /* Override any GCC internal prototype to avoid an error.
|    Use char because int might match the return type of a GCC
|    builtin and then its argument prototype would still apply.  */
| #ifdef __cplusplus
| extern "C"
| #endif
| char sqrt ();
| int
| main ()
| {
| return sqrt ();
|   ;
|   return 0;
| }
configure:6027: gcc -o conftest -g -O2   conftest.c -lm   >&5
conftest.c:40:6: warning: conflicting types for built-in function 'sqrt'
 char sqrt ();
      ^
configure:6027: $? = 0
configure:6044: result: -lm
configure:6413: checking build system type
configure:6427: result: x86_64-pc-linux-gnu
configure:6447: checking host system type
configure:6460: result: x86_64-pc-linux-gnu
configure:6523: checking for pkg-config
configure:6539: found /usr/bin/pkg-config
configure:6550: result: pkg-config
configure:6605: checking for pixman_version_string
configure:6605: gcc -o conftest -g -O2 -I/home/maqiyuan/Desktop/texlive-upstream/libs/pixman/include   conftest.c /home/maqiyuan/Desktop/texlive-upstream/libs/pixman/libpixman.a -lm  >&5
configure:6605: $? = 0
configure:6605: result: yes
configure:6734: checking that generated files are newer than configure
configure:6740: result: done
configure:6884: creating ./config.status

## ---------------------- ##
## Running config.status. ##
## ---------------------- ##

This file was extended by cairo (TeX Live) config.status 1.14.6, which was
generated by GNU Autoconf 2.69.  Invocation command line was

  CONFIG_FILES    = 
  CONFIG_HEADERS  = 
  CONFIG_LINKS    = 
  CONFIG_COMMANDS = 
  $ ./config.status 

on maqiyuan-E430c

config.status:955: creating Makefile
config.status:955: creating cairo/Makefile
config.status:955: creating config.h
config.status:955: creating cairo-features.h
config.status:1184: executing depfiles commands

## ---------------- ##
## Cache variables. ##
## ---------------- ##

ac_cv_build=x86_64-pc-linux-gnu
ac_cv_c_bigendian=no
ac_cv_c_compiler_gnu=yes
ac_cv_env_CC_set=
ac_cv_env_CC_value=
ac_cv_env_CFLAGS_set=
ac_cv_env_CFLAGS_value=
ac_cv_env_CPPFLAGS_set=
ac_cv_env_CPPFLAGS_value=
ac_cv_env_CPP_set=
ac_cv_env_CPP_value=
ac_cv_env_LDFLAGS_set=
ac_cv_env_LDFLAGS_value=
ac_cv_env_LIBS_set=
ac_cv_env_LIBS_value=
ac_cv_env_build_alias_set=
ac_cv_env_build_alias_value=
ac_cv_env_host_alias_set=
ac_cv_env_host_alias_value=
ac_cv_env_target_alias_set=
ac_cv_env_target_alias_value=
ac_cv_func_pixman_version_string=yes
ac_cv_header_inttypes_h=yes
ac_cv_header_memory_h=yes
ac_cv_header_minix_config_h=no
ac_cv_header_stdc=yes
ac_cv_header_stdint_h=yes
ac_cv_header_stdlib_h=yes
ac_cv_header_string_h=yes
ac_cv_header_strings_h=yes
ac_cv_header_sys_int_types_h=no
ac_cv_header_sys_stat_h=yes
ac_cv_header_sys_types_h=yes
ac_cv_header_unistd_h=yes
ac_cv_host=x86_64-pc-linux-gnu
ac_cv_objext=o
ac_cv_path_EGREP='/bin/grep -E'
ac_cv_path_GREP=/bin/grep
ac_cv_path_install='/usr/bin/install -c'
ac_cv_path_mkdir=/bin/mkdir
ac_cv_prog_AWK=gawk
ac_cv_prog_CPP='gcc -E'
ac_cv_prog_ac_ct_CC=gcc
ac_cv_prog_ac_ct_PKG_CONFIG=pkg-config
ac_cv_prog_ac_ct_RANLIB=ranlib
ac_cv_prog_cc_c89=
ac_cv_prog_cc_g=yes
ac_cv_prog_make_make_set=yes
ac_cv_safe_to_define___extensions__=yes
ac_cv_search_sqrt=-lm
ac_cv_sizeof_int=4
ac_cv_sizeof_long=8
ac_cv_sizeof_long_long=8
ac_cv_sizeof_size_t=8
ac_cv_sizeof_void_p=8
ac_cv_type___uint128_t=yes
ac_cv_type_uint128_t=no
ac_cv_type_uint64_t=yes
am_cv_CC_dependencies_compiler_type=gcc3
am_cv_make_support_nested_variables=yes
am_cv_prog_cc_c_o=yes
ax_cv_c_float_words_bigendian=no
kb_cv_c_prototypes=yes
kpse_cv_visibility_cflags=-fvisibility=hidden
kpse_cv_warning_cflags='-Wimplicit -Wreturn-type -Wdeclaration-after-statement -Wno-unknown-pragmas'

## ----------------- ##
## Output variables. ##
## ----------------- ##

	cd ${top_builddir}/../../libs/pixman && $(MAKE) $(AM_MAKEFLAGS) rebuild
	cd ${top_builddir}/../../libs/pixman && $(MAKE) $(AM_MAKEFLAGS) rebuild'
$(PIXMAN_DEPEND): ${top_builddir}/../../libs/pixman/include/pixman.h
${top_builddir}/../../libs/pixman/include/pixman.h:
ACLOCAL='${SHELL} /home/maqiyuan/Desktop/texlive-upstream/build-aux/missing aclocal-1.15'
AMDEPBACKSLASH='\'
AMDEP_FALSE='#'
AMDEP_TRUE=''
AMTAR='$${TAR-tar}'
AM_BACKSLASH='\'
AM_DEFAULT_V='$(AM_DEFAULT_VERBOSITY)'
AM_DEFAULT_VERBOSITY='1'
AM_V='$(V)'
AUTOCONF='${SHELL} /home/maqiyuan/Desktop/texlive-upstream/build-aux/missing autoconf'
AUTOHEADER='${SHELL} /home/maqiyuan/Desktop/texlive-upstream/build-aux/missing autoheader'
AUTOMAKE='${SHELL} /home/maqiyuan/Desktop/texlive-upstream/build-aux/missing automake-1.15'
AWK='gawk'
CAIRO_ATTRIBUTE_FLAG='-Wno-attributes'
CAIRO_HAS_EGL_FUNCTIONS_FALSE=''
CAIRO_HAS_EGL_FUNCTIONS_TRUE='#'
CAIRO_HAS_FC_FONT_FALSE=''
CAIRO_HAS_FC_FONT_TRUE='#'
CAIRO_HAS_FT_FONT_FALSE=''
CAIRO_HAS_FT_FONT_TRUE='#'
CAIRO_HAS_GLX_FUNCTIONS_FALSE=''
CAIRO_HAS_GLX_FUNCTIONS_TRUE='#'
CAIRO_HAS_GL_SURFACE_FALSE=''
CAIRO_HAS_GL_SURFACE_TRUE='#'
CAIRO_HAS_GOBJECT_FUNCTIONS_FALSE=''
CAIRO_HAS_GOBJECT_FUNCTIONS_TRUE='#'
CAIRO_HAS_IMAGE_SURFACE_FALSE='#'
CAIRO_HAS_IMAGE_SURFACE_TRUE=''
CAIRO_HAS_MIME_SURFACE_FALSE='#'
CAIRO_HAS_MIME_SURFACE_TRUE=''
CAIRO_HAS_OBSERVER_SURFACE_FALSE='#'
CAIRO_HAS_OBSERVER_SURFACE_TRUE=''
CAIRO_HAS_OS2_SURFACE_FALSE=''
CAIRO_HAS_OS2_SURFACE_TRUE='#'
CAIRO_HAS_PDF_SURFACE_FALSE=''
CAIRO_HAS_PDF_SURFACE_TRUE='#'
CAIRO_HAS_PNG_FUNCTIONS_FALSE=''
CAIRO_HAS_PNG_FUNCTIONS_TRUE='#'
CAIRO_HAS_PS_SURFACE_FALSE=''
CAIRO_HAS_PS_SURFACE_TRUE='#'
CAIRO_HAS_QUARTZ_FONT_FALSE=''
CAIRO_HAS_QUARTZ_FONT_TRUE='#'
CAIRO_HAS_QUARTZ_IMAGE_SURFACE_FALSE=''
CAIRO_HAS_QUARTZ_IMAGE_SURFACE_TRUE='#'
CAIRO_HAS_QUARTZ_SURFACE_FALSE=''
CAIRO_HAS_QUARTZ_SURFACE_TRUE='#'
CAIRO_HAS_RECORDING_SURFACE_FALSE='#'
CAIRO_HAS_RECORDING_SURFACE_TRUE=''
CAIRO_HAS_SCRIPT_SURFACE_FALSE=''
CAIRO_HAS_SCRIPT_SURFACE_TRUE='#'
CAIRO_HAS_SVG_SURFACE_FALSE=''
CAIRO_HAS_SVG_SURFACE_TRUE='#'
CAIRO_HAS_USER_FONT_FALSE='#'
CAIRO_HAS_USER_FONT_TRUE=''
CAIRO_HAS_WGL_FUNCTIONS_FALSE=''
CAIRO_HAS_WGL_FUNCTIONS_TRUE='#'
CAIRO_HAS_WIN32_FONT_FALSE=''
CAIRO_HAS_WIN32_FONT_TRUE='#'
CAIRO_HAS_WIN32_FUNCTIONS_FALSE=''
CAIRO_HAS_WIN32_FUNCTIONS_TRUE='#'
CAIRO_HAS_WIN32_SURFACE_FALSE=''
CAIRO_HAS_WIN32_SURFACE_TRUE='#'
CAIRO_HAS_XCB_SHM_FUNCTIONS_FALSE=''
CAIRO_HAS_XCB_SHM_FUNCTIONS_TRUE='#'
CAIRO_HAS_XCB_SURFACE_FALSE=''
CAIRO_HAS_XCB_SURFACE_TRUE='#'
CAIRO_HAS_XLIB_SURFACE_FALSE=''
CAIRO_HAS_XLIB_SURFACE_TRUE='#'
CAIRO_HAS_XLIB_XRENDER_SURFACE_FALSE=''
CAIRO_HAS_XLIB_XRENDER_SURFACE_TRUE='#'
CAIRO_TREE='cairo-src'
CC='gcc'
CCDEPMODE='depmode=gcc3'
CFLAGS='-g -O2'
CPP='gcc -E'
CPPFLAGS=''
CYGPATH_W='echo'
DEFS='-DHAVE_CONFIG_H'
DEPDIR='.deps'
ECHO_C=''
ECHO_N='-n'
ECHO_T=''
EGREP='/bin/grep -E'
EXEEXT=''
GREP='/bin/grep'
INSTALL_DATA='${INSTALL} -m 644'
INSTALL_PROGRAM='${INSTALL}'
INSTALL_SCRIPT='${INSTALL}'
INSTALL_STRIP_PROGRAM='$(install_sh) -c -s'
LDFLAGS=''
LIBOBJS=''
LIBS='-lm '
LN_S='ln -s'
LTLIBOBJS=''
MAINT='#'
MAINTAINER_MODE_FALSE=''
MAINTAINER_MODE_TRUE='#'
MAKEINFO='${SHELL} /home/maqiyuan/Desktop/texlive-upstream/build-aux/missing makeinfo'
MKDIR_P='/bin/mkdir -p'
OBJEXT='o'
PACKAGE='cairo--tex-live-'
PACKAGE_BUGREPORT='tex-k@tug.org'
PACKAGE_NAME='cairo (TeX Live)'
PACKAGE_STRING='cairo (TeX Live) 1.14.6'
PACKAGE_TARNAME='cairo--tex-live-'
PACKAGE_URL=''
PACKAGE_VERSION='1.14.6'
PATH_SEPARATOR=':'
PIXMAN_DEPEND='${top_builddir}/../../libs/pixman/libpixman.a'
PIXMAN_INCLUDES='-I/home/maqiyuan/Desktop/texlive-upstream/libs/pixman/include'
PIXMAN_LIBS='/home/maqiyuan/Desktop/texlive-upstream/libs/pixman/libpixman.a'
PIXMAN_RULE='# Rebuild libpixman
PKG_CONFIG='pkg-config'
RANLIB='ranlib'
SET_MAKE=''
SHELL='/bin/bash'
STRIP=''
VERSION='1.14.6'
VISIBILITY_CFLAGS='-fvisibility=hidden'
WARNING_CFLAGS='-Wimplicit -Wreturn-type -Wdeclaration-after-statement -Wno-unknown-pragmas'
ac_ct_CC='gcc'
am__EXEEXT_FALSE=''
am__EXEEXT_TRUE='#'
am__fastdepCC_FALSE='#'
am__fastdepCC_TRUE=''
am__include='include'
am__isrc=''
am__leading_dot='.'
am__nodep='_no'
am__quote=''
am__tar='$${TAR-tar} chof - "$$tardir"'
am__untar='$${TAR-tar} xf -'
bindir='${exec_prefix}/bin/x86_64-pc-linux-gnu'
build='x86_64-pc-linux-gnu'
build_FALSE='#'
build_TRUE=''
build_alias=''
build_cpu='x86_64'
build_os='linux-gnu'
build_vendor='pc'
datadir='${datarootdir}'
datarootdir='${prefix}'
docdir='${datarootdir}/doc/${PACKAGE_TARNAME}'
dvidir='${docdir}'
exec_prefix='${prefix}'
host='x86_64-pc-linux-gnu'
host_alias=''
host_cpu='x86_64'
host_os='linux-gnu'
host_vendor='pc'
htmldir='${docdir}'
includedir='${prefix}/include'
infodir='${prefix}/texmf-dist/doc/info'
install_sh='${SHELL} /home/maqiyuan/Desktop/texlive-upstream/build-aux/install-sh'
libdir='${exec_prefix}/lib/x86_64-pc-linux-gnu'
libexecdir='${exec_prefix}/libexec'
localedir='${datarootdir}/locale'
localstatedir='${prefix}/var'
mandir='${prefix}/texmf-dist/doc/man'
mkdir_p='$(MKDIR_P)'
oldincludedir='/usr/include'
pdfdir='${docdir}'
prefix='/usr/local'
program_transform_name='s,x,x,'
psdir='${docdir}'
sbindir='${exec_prefix}/sbin'
sharedstatedir='${prefix}/com'
sysconfdir='${prefix}/etc'
target_alias=''

## ----------- ##
## confdefs.h. ##
## ----------- ##

/* confdefs.h */
#define PACKAGE_NAME "cairo (TeX Live)"
#define PACKAGE_TARNAME "cairo--tex-live-"
#define PACKAGE_VERSION "1.14.6"
#define PACKAGE_STRING "cairo (TeX Live) 1.14.6"
#define PACKAGE_BUGREPORT "tex-k@tug.org"
#define PACKAGE_URL ""
#define STDC_HEADERS 1
#define HAVE_SYS_TYPES_H 1
#define HAVE_SYS_STAT_H 1
#define HAVE_STDLIB_H 1
#define HAVE_STRING_H 1
#define HAVE_MEMORY_H 1
#define HAVE_STRINGS_H 1
#define HAVE_INTTYPES_H 1
#define HAVE_STDINT_H 1
#define HAVE_UNISTD_H 1
#define __EXTENSIONS__ 1
#define _ALL_SOURCE 1
#define _GNU_SOURCE 1
#define _POSIX_PTHREAD_SEMANTICS 1
#define _TANDEM_SOURCE 1
#define PACKAGE "cairo--tex-live-"
#define VERSION "1.14.6"
#define SIZEOF_VOID_P 8
#define SIZEOF_INT 4
#define SIZEOF_LONG 8
#define SIZEOF_LONG_LONG 8
#define SIZEOF_SIZE_T 8
#define HAVE_UINT64_T 1
#define HAVE___UINT128_T 1
#define CAIRO_HAS_USER_FONT 1
#define CAIRO_HAS_IMAGE_SURFACE 1
#define CAIRO_HAS_MIME_SURFACE 1
#define CAIRO_HAS_OBSERVER_SURFACE 1
#define CAIRO_HAS_RECORDING_SURFACE 1

configure: exit 0
