This file contains any messages produced by compilers while
running configure, to aid debugging if configure makes a mistake.

It was created by t1utils (TeX Live) configure 1.39, which was
generated by GNU Autoconf 2.69.  Invocation command line was

  $ ./configure --disable-option-checking --prefix=/usr/local --enable-build-in-source-tree --enable-native-texlive-build --enable-largefile --disable-silent-rules --enable-multiplatform=yes --enable-cxx-runtime-hack=yes --enable-libtool-hack=yes --disable-shared --enable-texlive-build --bindir=${exec_prefix}/bin/x86_64-pc-linux-gnu --libdir=${exec_prefix}/lib/x86_64-pc-linux-gnu --with-x --enable-autosp=yes --enable-devnag=yes --enable-lacheck=yes --enable-m-tx=yes --enable-pmx=yes --enable-ps2eps=yes --enable-t1utils=yes --enable-texdoctk=yes --enable-tpic2pdftex=yes --enable-vlna=yes --enable-xindy=no --with-clisp-runtime=default --enable-xpdfopen=yes --enable-web2c=yes --enable-afm2pl=yes --enable-bibtex-x=yes --enable-chktex=yes --enable-cjkutils=yes --enable-detex=yes --enable-dtl=yes --enable-dvi2tty=yes --enable-dvidvi=yes --enable-dviljk=yes --enable-dvipdfm-x=yes --enable-dvipng=yes --enable-dvipos=yes --enable-dvipsk=yes --enable-dvisvgm=yes --enable-gregorio=yes --enable-gsftopk=yes --enable-lcdf-typetools=yes --enable-makeindexk=yes --enable-makejvf=yes --enable-mendexk=yes --enable-musixtnt=yes --enable-ps2pk=yes --enable-psutils=yes --enable-seetexk=yes --enable-tex4htk=yes --enable-ttf2pk2=yes --enable-ttfdump=yes --enable-upmendex=yes --enable-xdvik=yes --enable-texlive=yes --with-system-harfbuzz=no --with-system-icu=no --with-system-teckit=no --with-system-graphite2=no --with-system-zziplib=no --with-system-xpdf=no --with-system-poppler=no --with-system-mpfr=no --with-system-gmp=no --with-system-cairo=no --with-system-pixman=no --with-system-potrace=no --with-system-gd=no --with-system-freetype2=no --with-system-libpng=no --with-system-libpaper=no --with-system-zlib=no --with-system-ptexenc=no --with-system-kpathsea=no --datarootdir=${prefix} --mandir=${prefix}/texmf-dist/doc/man --infodir=${prefix}/texmf-dist/doc/info --cache-file=/dev/null --srcdir=.

## --------- ##
## Platform. ##
## --------- ##

hostname = maqiyuan-E430c
uname -m = x86_64
uname -r = 4.4.0-34-generic
uname -s = Linux
uname -v = #53-Ubuntu SMP Wed Jul 27 16:06:39 UTC 2016

/usr/bin/uname -p = unknown
/bin/uname -X     = unknown

/bin/arch              = unknown
/usr/bin/arch -k       = unknown
/usr/convex/getsysinfo = unknown
/usr/bin/hostinfo      = unknown
/bin/machine           = unknown
/usr/bin/oslevel       = unknown
/bin/universe          = unknown

PATH: /usr/local/sbin
PATH: /usr/local/bin
PATH: /usr/sbin
PATH: /usr/bin
PATH: /sbin
PATH: /bin
PATH: /usr/games
PATH: /usr/local/games
PATH: /snap/bin
PATH: /home/maqiyuan/bin/FDK/Tools/linux


## ----------- ##
## Core tests. ##
## ----------- ##

configure:2443: checking for a BSD-compatible install
configure:2511: result: /usr/bin/install -c
configure:2522: checking whether build environment is sane
configure:2577: result: yes
configure:2728: checking for a thread-safe mkdir -p
configure:2767: result: /bin/mkdir -p
configure:2774: checking for gawk
configure:2790: found /usr/bin/gawk
configure:2801: result: gawk
configure:2812: checking whether make sets $(MAKE)
configure:2834: result: yes
configure:2863: checking whether make supports nested variables
configure:2880: result: yes
configure:2903: checking for style of include used by make
configure:2931: result: GNU
configure:3002: checking for gcc
configure:3018: found /usr/bin/gcc
configure:3029: result: gcc
configure:3258: checking for C compiler version
configure:3267: gcc --version >&5
gcc (Ubuntu 5.4.0-6ubuntu1~16.04.1) 5.4.0 20160609
Copyright (C) 2015 Free Software Foundation, Inc.
This is free software; see the source for copying conditions.  There is NO
warranty; not even for MERCHANTABILITY or FITNESS FOR A PARTICULAR PURPOSE.

configure:3278: $? = 0
configure:3267: gcc -v >&5
Using built-in specs.
COLLECT_GCC=gcc
COLLECT_LTO_WRAPPER=/usr/lib/gcc/x86_64-linux-gnu/5/lto-wrapper
Target: x86_64-linux-gnu
Configured with: ../src/configure -v --with-pkgversion='Ubuntu 5.4.0-6ubuntu1~16.04.1' --with-bugurl=file:///usr/share/doc/gcc-5/README.Bugs --enable-languages=c,ada,c++,java,go,d,fortran,objc,obj-c++ --prefix=/usr --program-suffix=-5 --enable-shared --enable-linker-build-id --libexecdir=/usr/lib --without-included-gettext --enable-threads=posix --libdir=/usr/lib --enable-nls --with-sysroot=/ --enable-clocale=gnu --enable-libstdcxx-debug --enable-libstdcxx-time=yes --with-default-libstdcxx-abi=new --enable-gnu-unique-object --disable-vtable-verify --enable-libmpx --enable-plugin --with-system-zlib --disable-browser-plugin --enable-java-awt=gtk --enable-gtk-cairo --with-java-home=/usr/lib/jvm/java-1.5.0-gcj-5-amd64/jre --enable-java-home --with-jvm-root-dir=/usr/lib/jvm/java-1.5.0-gcj-5-amd64 --with-jvm-jar-dir=/usr/lib/jvm-exports/java-1.5.0-gcj-5-amd64 --with-arch-directory=amd64 --with-ecj-jar=/usr/share/java/eclipse-ecj.jar --enable-objc-gc --enable-multiarch --disable-werror --with-arch-32=i686 --with-abi=m64 --with-multilib-list=m32,m64,mx32 --enable-multilib --with-tune=generic --enable-checking=release --build=x86_64-linux-gnu --host=x86_64-linux-gnu --target=x86_64-linux-gnu
Thread model: posix
gcc version 5.4.0 20160609 (Ubuntu 5.4.0-6ubuntu1~16.04.1) 
configure:3278: $? = 0
configure:3267: gcc -V >&5
gcc: error: unrecognized command line option '-V'
gcc: fatal error: no input files
compilation terminated.
configure:3278: $? = 1
configure:3267: gcc -qversion >&5
gcc: error: unrecognized command line option '-qversion'
gcc: fatal error: no input files
compilation terminated.
configure:3278: $? = 1
configure:3298: checking whether the C compiler works
configure:3320: gcc    conftest.c  >&5
configure:3324: $? = 0
configure:3372: result: yes
configure:3375: checking for C compiler default output file name
configure:3377: result: a.out
configure:3383: checking for suffix of executables
configure:3390: gcc -o conftest    conftest.c  >&5
configure:3394: $? = 0
configure:3416: result: 
configure:3438: checking whether we are cross compiling
configure:3446: gcc -o conftest    conftest.c  >&5
configure:3450: $? = 0
configure:3457: ./conftest
configure:3461: $? = 0
configure:3476: result: no
configure:3481: checking for suffix of object files
configure:3503: gcc -c   conftest.c >&5
configure:3507: $? = 0
configure:3528: result: o
configure:3532: checking whether we are using the GNU C compiler
configure:3551: gcc -c   conftest.c >&5
configure:3551: $? = 0
configure:3560: result: yes
configure:3569: checking whether gcc accepts -g
configure:3589: gcc -c -g  conftest.c >&5
configure:3589: $? = 0
configure:3630: result: yes
configure:3647: checking for gcc option to accept ISO C89
configure:3710: gcc  -c -g -O2  conftest.c >&5
configure:3710: $? = 0
configure:3723: result: none needed
configure:3748: checking whether gcc understands -c and -o together
configure:3770: gcc -c conftest.c -o conftest2.o
configure:3773: $? = 0
configure:3770: gcc -c conftest.c -o conftest2.o
configure:3773: $? = 0
configure:3785: result: yes
configure:3804: checking dependency style of gcc
configure:3915: result: gcc3
configure:4063: checking whether to enable maintainer-specific portions of Makefiles
configure:4072: result: no
configure:4085: checking whether the compiler accepts prototypes
configure:4101: gcc -o conftest -g -O2   conftest.c  >&5
configure:4101: $? = 0
configure:4109: result: yes
configure:4114: checking what warning flags to pass to the C compiler
configure:4159: result: -Wimplicit -Wreturn-type -Wdeclaration-after-statement -Wno-unknown-pragmas
configure:4218: checking for gcc
configure:4245: result: gcc
configure:4474: checking for C compiler version
configure:4483: gcc --version >&5
gcc (Ubuntu 5.4.0-6ubuntu1~16.04.1) 5.4.0 20160609
Copyright (C) 2015 Free Software Foundation, Inc.
This is free software; see the source for copying conditions.  There is NO
warranty; not even for MERCHANTABILITY or FITNESS FOR A PARTICULAR PURPOSE.

configure:4494: $? = 0
configure:4483: gcc -v >&5
Using built-in specs.
COLLECT_GCC=gcc
COLLECT_LTO_WRAPPER=/usr/lib/gcc/x86_64-linux-gnu/5/lto-wrapper
Target: x86_64-linux-gnu
Configured with: ../src/configure -v --with-pkgversion='Ubuntu 5.4.0-6ubuntu1~16.04.1' --with-bugurl=file:///usr/share/doc/gcc-5/README.Bugs --enable-languages=c,ada,c++,java,go,d,fortran,objc,obj-c++ --prefix=/usr --program-suffix=-5 --enable-shared --enable-linker-build-id --libexecdir=/usr/lib --without-included-gettext --enable-threads=posix --libdir=/usr/lib --enable-nls --with-sysroot=/ --enable-clocale=gnu --enable-libstdcxx-debug --enable-libstdcxx-time=yes --with-default-libstdcxx-abi=new --enable-gnu-unique-object --disable-vtable-verify --enable-libmpx --enable-plugin --with-system-zlib --disable-browser-plugin --enable-java-awt=gtk --enable-gtk-cairo --with-java-home=/usr/lib/jvm/java-1.5.0-gcj-5-amd64/jre --enable-java-home --with-jvm-root-dir=/usr/lib/jvm/java-1.5.0-gcj-5-amd64 --with-jvm-jar-dir=/usr/lib/jvm-exports/java-1.5.0-gcj-5-amd64 --with-arch-directory=amd64 --with-ecj-jar=/usr/share/java/eclipse-ecj.jar --enable-objc-gc --enable-multiarch --disable-werror --with-arch-32=i686 --with-abi=m64 --with-multilib-list=m32,m64,mx32 --enable-multilib --with-tune=generic --enable-checking=release --build=x86_64-linux-gnu --host=x86_64-linux-gnu --target=x86_64-linux-gnu
Thread model: posix
gcc version 5.4.0 20160609 (Ubuntu 5.4.0-6ubuntu1~16.04.1) 
configure:4494: $? = 0
configure:4483: gcc -V >&5
gcc: error: unrecognized command line option '-V'
gcc: fatal error: no input files
compilation terminated.
configure:4494: $? = 1
configure:4483: gcc -qversion >&5
gcc: error: unrecognized command line option '-qversion'
gcc: fatal error: no input files
compilation terminated.
configure:4494: $? = 1
configure:4498: checking whether we are using the GNU C compiler
configure:4526: result: yes
configure:4535: checking whether gcc accepts -g
configure:4596: result: yes
configure:4613: checking for gcc option to accept ISO C89
configure:4689: result: none needed
configure:4714: checking whether gcc understands -c and -o together
configure:4751: result: yes
configure:4770: checking dependency style of gcc
configure:4881: result: gcc3
configure:4896: checking for an ANSI C-conforming const
configure:4962: gcc -c -g -O2  conftest.c >&5
configure:4962: $? = 0
configure:4969: result: yes
configure:4979: checking for strerror
configure:4979: gcc -o conftest -g -O2   conftest.c  >&5
configure:4979: $? = 0
configure:4979: result: yes
configure:4996: checking for strtoul
configure:4996: gcc -o conftest -g -O2   conftest.c  >&5
configure:4996: $? = 0
configure:4996: result: yes
configure:5012: checking how to run the C preprocessor
configure:5043: gcc -E  conftest.c
configure:5043: $? = 0
configure:5057: gcc -E  conftest.c
conftest.c:13:28: fatal error: ac_nonexistent.h: No such file or directory
compilation terminated.
configure:5057: $? = 1
configure: failed program was:
| /* confdefs.h */
| #define PACKAGE_NAME "t1utils (TeX Live)"
| #define PACKAGE_TARNAME "t1utils--tex-live-"
| #define PACKAGE_VERSION "1.39"
| #define PACKAGE_STRING "t1utils (TeX Live) 1.39"
| #define PACKAGE_BUGREPORT "tex-k@tug.org"
| #define PACKAGE_URL ""
| #define PACKAGE "t1utils--tex-live-"
| #define VERSION "1.39"
| #define HAVE_STRERROR 1
| #define HAVE_STRTOUL 1
| /* end confdefs.h.  */
| #include <ac_nonexistent.h>
configure:5082: result: gcc -E
configure:5102: gcc -E  conftest.c
configure:5102: $? = 0
configure:5116: gcc -E  conftest.c
conftest.c:13:28: fatal error: ac_nonexistent.h: No such file or directory
compilation terminated.
configure:5116: $? = 1
configure: failed program was:
| /* confdefs.h */
| #define PACKAGE_NAME "t1utils (TeX Live)"
| #define PACKAGE_TARNAME "t1utils--tex-live-"
| #define PACKAGE_VERSION "1.39"
| #define PACKAGE_STRING "t1utils (TeX Live) 1.39"
| #define PACKAGE_BUGREPORT "tex-k@tug.org"
| #define PACKAGE_URL ""
| #define PACKAGE "t1utils--tex-live-"
| #define VERSION "1.39"
| #define HAVE_STRERROR 1
| #define HAVE_STRTOUL 1
| /* end confdefs.h.  */
| #include <ac_nonexistent.h>
configure:5145: checking for grep that handles long lines and -e
configure:5203: result: /bin/grep
configure:5208: checking for egrep
configure:5270: result: /bin/grep -E
configure:5275: checking for ANSI C header files
configure:5295: gcc -c -g -O2  conftest.c >&5
configure:5295: $? = 0
configure:5368: gcc -o conftest -g -O2   conftest.c  >&5
configure:5368: $? = 0
configure:5368: ./conftest
configure:5368: $? = 0
configure:5379: result: yes
configure:5392: checking for sys/types.h
configure:5392: gcc -c -g -O2  conftest.c >&5
configure:5392: $? = 0
configure:5392: result: yes
configure:5392: checking for sys/stat.h
configure:5392: gcc -c -g -O2  conftest.c >&5
configure:5392: $? = 0
configure:5392: result: yes
configure:5392: checking for stdlib.h
configure:5392: gcc -c -g -O2  conftest.c >&5
configure:5392: $? = 0
configure:5392: result: yes
configure:5392: checking for string.h
configure:5392: gcc -c -g -O2  conftest.c >&5
configure:5392: $? = 0
configure:5392: result: yes
configure:5392: checking for memory.h
configure:5392: gcc -c -g -O2  conftest.c >&5
configure:5392: $? = 0
configure:5392: result: yes
configure:5392: checking for strings.h
configure:5392: gcc -c -g -O2  conftest.c >&5
configure:5392: $? = 0
configure:5392: result: yes
configure:5392: checking for inttypes.h
configure:5392: gcc -c -g -O2  conftest.c >&5
configure:5392: $? = 0
configure:5392: result: yes
configure:5392: checking for stdint.h
configure:5392: gcc -c -g -O2  conftest.c >&5
configure:5392: $? = 0
configure:5392: result: yes
configure:5392: checking for unistd.h
configure:5392: gcc -c -g -O2  conftest.c >&5
configure:5392: $? = 0
configure:5392: result: yes
configure:5407: checking for inttypes.h
configure:5407: result: yes
configure:5407: checking for sys/types.h
configure:5407: result: yes
configure:5490: checking for uintptr_t
configure:5490: gcc -c -g -O2  conftest.c >&5
configure:5490: $? = 0
configure:5490: gcc -c -g -O2  conftest.c >&5
conftest.c: In function 'main':
conftest.c:36:24: error: expected expression before ')' token
 if (sizeof ((uintptr_t)))
                        ^
configure:5490: $? = 1
configure: failed program was:
| /* confdefs.h */
| #define PACKAGE_NAME "t1utils (TeX Live)"
| #define PACKAGE_TARNAME "t1utils--tex-live-"
| #define PACKAGE_VERSION "1.39"
| #define PACKAGE_STRING "t1utils (TeX Live) 1.39"
| #define PACKAGE_BUGREPORT "tex-k@tug.org"
| #define PACKAGE_URL ""
| #define PACKAGE "t1utils--tex-live-"
| #define VERSION "1.39"
| #define HAVE_STRERROR 1
| #define HAVE_STRTOUL 1
| #define STDC_HEADERS 1
| #define HAVE_SYS_TYPES_H 1
| #define HAVE_SYS_STAT_H 1
| #define HAVE_STDLIB_H 1
| #define HAVE_STRING_H 1
| #define HAVE_MEMORY_H 1
| #define HAVE_STRINGS_H 1
| #define HAVE_INTTYPES_H 1
| #define HAVE_STDINT_H 1
| #define HAVE_UNISTD_H 1
| #define HAVE_INTTYPES_H 1
| #define HAVE_SYS_TYPES_H 1
| /* end confdefs.h.  */
| #if HAVE_INTTYPES_H
| # include <inttypes.h>
| #endif
| #if HAVE_SYS_TYPES_H
| # include <sys/types.h>
| #endif
| 
| 
| int
| main ()
| {
| if (sizeof ((uintptr_t)))
| 	    return 0;
|   ;
|   return 0;
| }
configure:5490: result: yes
configure:5512: checking size of void *
configure:5517: gcc -o conftest -g -O2   conftest.c  >&5
configure:5517: $? = 0
configure:5517: ./conftest
configure:5517: $? = 0
configure:5531: result: 8
configure:5545: checking size of unsigned long
configure:5550: gcc -o conftest -g -O2   conftest.c  >&5
configure:5550: $? = 0
configure:5550: ./conftest
configure:5550: $? = 0
configure:5564: result: 8
configure:5578: checking size of unsigned int
configure:5583: gcc -o conftest -g -O2   conftest.c  >&5
configure:5583: $? = 0
configure:5583: ./conftest
configure:5583: $? = 0
configure:5597: result: 4
configure:5732: checking that generated files are newer than configure
configure:5738: result: done
configure:5769: creating ./config.status

## ---------------------- ##
## Running config.status. ##
## ---------------------- ##

This file was extended by t1utils (TeX Live) config.status 1.39, which was
generated by GNU Autoconf 2.69.  Invocation command line was

  CONFIG_FILES    = 
  CONFIG_HEADERS  = 
  CONFIG_LINKS    = 
  CONFIG_COMMANDS = 
  $ ./config.status 

on maqiyuan-E430c

config.status:865: creating Makefile
config.status:865: creating config.h
config.status:1094: executing depfiles commands

## ---------------- ##
## Cache variables. ##
## ---------------- ##

ac_cv_c_compiler_gnu=yes
ac_cv_c_const=yes
ac_cv_env_CC_set=
ac_cv_env_CC_value=
ac_cv_env_CFLAGS_set=
ac_cv_env_CFLAGS_value=
ac_cv_env_CPPFLAGS_set=
ac_cv_env_CPPFLAGS_value=
ac_cv_env_CPP_set=
ac_cv_env_CPP_value=
ac_cv_env_LDFLAGS_set=
ac_cv_env_LDFLAGS_value=
ac_cv_env_LIBS_set=
ac_cv_env_LIBS_value=
ac_cv_env_build_alias_set=
ac_cv_env_build_alias_value=
ac_cv_env_host_alias_set=
ac_cv_env_host_alias_value=
ac_cv_env_target_alias_set=
ac_cv_env_target_alias_value=
ac_cv_func_strerror=yes
ac_cv_func_strtoul=yes
ac_cv_header_inttypes_h=yes
ac_cv_header_memory_h=yes
ac_cv_header_stdc=yes
ac_cv_header_stdint_h=yes
ac_cv_header_stdlib_h=yes
ac_cv_header_string_h=yes
ac_cv_header_strings_h=yes
ac_cv_header_sys_stat_h=yes
ac_cv_header_sys_types_h=yes
ac_cv_header_unistd_h=yes
ac_cv_objext=o
ac_cv_path_EGREP='/bin/grep -E'
ac_cv_path_GREP=/bin/grep
ac_cv_path_install='/usr/bin/install -c'
ac_cv_path_mkdir=/bin/mkdir
ac_cv_prog_AWK=gawk
ac_cv_prog_CPP='gcc -E'
ac_cv_prog_ac_ct_CC=gcc
ac_cv_prog_cc_c89=
ac_cv_prog_cc_g=yes
ac_cv_prog_make_make_set=yes
ac_cv_sizeof_unsigned_int=4
ac_cv_sizeof_unsigned_long=8
ac_cv_sizeof_void_p=8
ac_cv_type_uintptr_t=yes
am_cv_CC_dependencies_compiler_type=gcc3
am_cv_make_support_nested_variables=yes
am_cv_prog_cc_c_o=yes
kb_cv_c_prototypes=yes
kpse_cv_warning_cflags='-Wimplicit -Wreturn-type -Wdeclaration-after-statement -Wno-unknown-pragmas'

## ----------------- ##
## Output variables. ##
## ----------------- ##

ACLOCAL='${SHELL} /home/maqiyuan/Desktop/texlive-upstream/build-aux/missing aclocal-1.15'
AMDEPBACKSLASH='\'
AMDEP_FALSE='#'
AMDEP_TRUE=''
AMTAR='$${TAR-tar}'
AM_BACKSLASH='\'
AM_DEFAULT_V='$(AM_DEFAULT_VERBOSITY)'
AM_DEFAULT_VERBOSITY='1'
AM_V='$(V)'
AUTOCONF='${SHELL} /home/maqiyuan/Desktop/texlive-upstream/build-aux/missing autoconf'
AUTOHEADER='${SHELL} /home/maqiyuan/Desktop/texlive-upstream/build-aux/missing autoheader'
AUTOMAKE='${SHELL} /home/maqiyuan/Desktop/texlive-upstream/build-aux/missing automake-1.15'
AWK='gawk'
CC='gcc'
CCDEPMODE='depmode=gcc3'
CFLAGS='-g -O2'
CPP='gcc -E'
CPPFLAGS=''
CYGPATH_W='echo'
DEFS='-DHAVE_CONFIG_H'
DEPDIR='.deps'
ECHO_C=''
ECHO_N='-n'
ECHO_T=''
EGREP='/bin/grep -E'
EXEEXT=''
GREP='/bin/grep'
INSTALL_DATA='${INSTALL} -m 644'
INSTALL_PROGRAM='${INSTALL}'
INSTALL_SCRIPT='${INSTALL}'
INSTALL_STRIP_PROGRAM='$(install_sh) -c -s'
LDFLAGS=''
LIBOBJS=''
LIBS=''
LTLIBOBJS=''
MAINT='#'
MAINTAINER_MODE_FALSE=''
MAINTAINER_MODE_TRUE='#'
MAKEINFO='${SHELL} /home/maqiyuan/Desktop/texlive-upstream/build-aux/missing makeinfo'
MKDIR_P='/bin/mkdir -p'
OBJEXT='o'
PACKAGE='t1utils--tex-live-'
PACKAGE_BUGREPORT='tex-k@tug.org'
PACKAGE_NAME='t1utils (TeX Live)'
PACKAGE_STRING='t1utils (TeX Live) 1.39'
PACKAGE_TARNAME='t1utils--tex-live-'
PACKAGE_URL=''
PACKAGE_VERSION='1.39'
PATH_SEPARATOR=':'
SET_MAKE=''
SHELL='/bin/bash'
STRIP=''
T1UTILS_TREE='t1utils-src'
VERSION='1.39'
WARNING_CFLAGS='-Wimplicit -Wreturn-type -Wdeclaration-after-statement -Wno-unknown-pragmas'
ac_ct_CC='gcc'
am__EXEEXT_FALSE=''
am__EXEEXT_TRUE='#'
am__fastdepCC_FALSE='#'
am__fastdepCC_TRUE=''
am__include='include'
am__isrc=''
am__leading_dot='.'
am__nodep='_no'
am__quote=''
am__tar='$${TAR-tar} chof - "$$tardir"'
am__untar='$${TAR-tar} xf -'
bindir='${exec_prefix}/bin/x86_64-pc-linux-gnu'
build_alias=''
datadir='${datarootdir}'
datarootdir='${prefix}'
docdir='${datarootdir}/doc/${PACKAGE_TARNAME}'
dvidir='${docdir}'
exec_prefix='${prefix}'
host_alias=''
htmldir='${docdir}'
includedir='${prefix}/include'
infodir='${prefix}/texmf-dist/doc/info'
install_sh='${SHELL} /home/maqiyuan/Desktop/texlive-upstream/build-aux/install-sh'
libdir='${exec_prefix}/lib/x86_64-pc-linux-gnu'
libexecdir='${exec_prefix}/libexec'
localedir='${datarootdir}/locale'
localstatedir='${prefix}/var'
mandir='${prefix}/texmf-dist/doc/man'
mkdir_p='$(MKDIR_P)'
oldincludedir='/usr/include'
pdfdir='${docdir}'
prefix='/usr/local'
program_transform_name='s,x,x,'
psdir='${docdir}'
sbindir='${exec_prefix}/sbin'
sharedstatedir='${prefix}/com'
sysconfdir='${prefix}/etc'
target_alias=''

## ----------- ##
## confdefs.h. ##
## ----------- ##

/* confdefs.h */
#define PACKAGE_NAME "t1utils (TeX Live)"
#define PACKAGE_TARNAME "t1utils--tex-live-"
#define PACKAGE_VERSION "1.39"
#define PACKAGE_STRING "t1utils (TeX Live) 1.39"
#define PACKAGE_BUGREPORT "tex-k@tug.org"
#define PACKAGE_URL ""
#define PACKAGE "t1utils--tex-live-"
#define VERSION "1.39"
#define HAVE_STRERROR 1
#define HAVE_STRTOUL 1
#define STDC_HEADERS 1
#define HAVE_SYS_TYPES_H 1
#define HAVE_SYS_STAT_H 1
#define HAVE_STDLIB_H 1
#define HAVE_STRING_H 1
#define HAVE_MEMORY_H 1
#define HAVE_STRINGS_H 1
#define HAVE_INTTYPES_H 1
#define HAVE_STDINT_H 1
#define HAVE_UNISTD_H 1
#define HAVE_INTTYPES_H 1
#define HAVE_SYS_TYPES_H 1
#define HAVE_UINTPTR_T 1
#define SIZEOF_VOID_P 8
#define SIZEOF_UNSIGNED_LONG 8
#define SIZEOF_UNSIGNED_INT 4

configure: exit 0
