This file contains any messages produced by compilers while
running configure, to aid debugging if configure makes a mistake.

It was created by TeX Live configure 2016-05-23, which was
generated by GNU Autoconf 2.69.  Invocation command line was

  $ ./configure --enable-build-in-source-tree

## --------- ##
## Platform. ##
## --------- ##

hostname = maqiyuan-E430c
uname -m = x86_64
uname -r = 4.4.0-34-generic
uname -s = Linux
uname -v = #53-Ubuntu SMP Wed Jul 27 16:06:39 UTC 2016

/usr/bin/uname -p = unknown
/bin/uname -X     = unknown

/bin/arch              = unknown
/usr/bin/arch -k       = unknown
/usr/convex/getsysinfo = unknown
/usr/bin/hostinfo      = unknown
/bin/machine           = unknown
/usr/bin/oslevel       = unknown
/bin/universe          = unknown

PATH: /usr/local/sbin
PATH: /usr/local/bin
PATH: /usr/sbin
PATH: /usr/bin
PATH: /sbin
PATH: /bin
PATH: /usr/games
PATH: /usr/local/games
PATH: /snap/bin
PATH: /home/maqiyuan/bin/FDK/Tools/linux


## ----------- ##
## Core tests. ##
## ----------- ##

configure:3074: checking build system type
configure:3088: result: x86_64-pc-linux-gnu
configure:3108: checking host system type
configure:3121: result: x86_64-pc-linux-gnu
configure:3197: checking for gcc
configure:3213: found /usr/bin/gcc
configure:3224: result: gcc
configure:3453: checking for C compiler version
configure:3462: gcc --version >&5
gcc (Ubuntu 5.4.0-6ubuntu1~16.04.1) 5.4.0 20160609
Copyright (C) 2015 Free Software Foundation, Inc.
This is free software; see the source for copying conditions.  There is NO
warranty; not even for MERCHANTABILITY or FITNESS FOR A PARTICULAR PURPOSE.

configure:3473: $? = 0
configure:3462: gcc -v >&5
Using built-in specs.
COLLECT_GCC=gcc
COLLECT_LTO_WRAPPER=/usr/lib/gcc/x86_64-linux-gnu/5/lto-wrapper
Target: x86_64-linux-gnu
Configured with: ../src/configure -v --with-pkgversion='Ubuntu 5.4.0-6ubuntu1~16.04.1' --with-bugurl=file:///usr/share/doc/gcc-5/README.Bugs --enable-languages=c,ada,c++,java,go,d,fortran,objc,obj-c++ --prefix=/usr --program-suffix=-5 --enable-shared --enable-linker-build-id --libexecdir=/usr/lib --without-included-gettext --enable-threads=posix --libdir=/usr/lib --enable-nls --with-sysroot=/ --enable-clocale=gnu --enable-libstdcxx-debug --enable-libstdcxx-time=yes --with-default-libstdcxx-abi=new --enable-gnu-unique-object --disable-vtable-verify --enable-libmpx --enable-plugin --with-system-zlib --disable-browser-plugin --enable-java-awt=gtk --enable-gtk-cairo --with-java-home=/usr/lib/jvm/java-1.5.0-gcj-5-amd64/jre --enable-java-home --with-jvm-root-dir=/usr/lib/jvm/java-1.5.0-gcj-5-amd64 --with-jvm-jar-dir=/usr/lib/jvm-exports/java-1.5.0-gcj-5-amd64 --with-arch-directory=amd64 --with-ecj-jar=/usr/share/java/eclipse-ecj.jar --enable-objc-gc --enable-multiarch --disable-werror --with-arch-32=i686 --with-abi=m64 --with-multilib-list=m32,m64,mx32 --enable-multilib --with-tune=generic --enable-checking=release --build=x86_64-linux-gnu --host=x86_64-linux-gnu --target=x86_64-linux-gnu
Thread model: posix
gcc version 5.4.0 20160609 (Ubuntu 5.4.0-6ubuntu1~16.04.1) 
configure:3473: $? = 0
configure:3462: gcc -V >&5
gcc: error: unrecognized command line option '-V'
gcc: fatal error: no input files
compilation terminated.
configure:3473: $? = 1
configure:3462: gcc -qversion >&5
gcc: error: unrecognized command line option '-qversion'
gcc: fatal error: no input files
compilation terminated.
configure:3473: $? = 1
configure:3493: checking whether the C compiler works
configure:3515: gcc    conftest.c  >&5
configure:3519: $? = 0
configure:3567: result: yes
configure:3570: checking for C compiler default output file name
configure:3572: result: a.out
configure:3578: checking for suffix of executables
configure:3585: gcc -o conftest    conftest.c  >&5
configure:3589: $? = 0
configure:3611: result: 
configure:3633: checking whether we are cross compiling
configure:3641: gcc -o conftest    conftest.c  >&5
configure:3645: $? = 0
configure:3652: ./conftest
configure:3656: $? = 0
configure:3671: result: no
configure:3676: checking for suffix of object files
configure:3698: gcc -c   conftest.c >&5
configure:3702: $? = 0
configure:3723: result: o
configure:3727: checking whether we are using the GNU C compiler
configure:3746: gcc -c   conftest.c >&5
configure:3746: $? = 0
configure:3755: result: yes
configure:3764: checking whether gcc accepts -g
configure:3784: gcc -c -g  conftest.c >&5
configure:3784: $? = 0
configure:3825: result: yes
configure:3842: checking for gcc option to accept ISO C89
configure:3905: gcc  -c -g -O2  conftest.c >&5
configure:3905: $? = 0
configure:3918: result: none needed
configure:3943: checking whether gcc understands -c and -o together
configure:3965: gcc -c conftest.c -o conftest2.o
configure:3968: $? = 0
configure:3965: gcc -c conftest.c -o conftest2.o
configure:3968: $? = 0
configure:3980: result: yes
configure:4105: checking for native WIN32 or MINGW32
configure:4123: gcc -c -g -O2  conftest.c >&5
conftest.c:10:3: error: unknown type name 'choke'
   choke me
   ^
conftest.c:12:1: error: expected '=', ',', ';', 'asm' or '__attribute__' before 'int'
 int
 ^
configure:4123: $? = 1
configure: failed program was:
| /* confdefs.h */
| #define PACKAGE_NAME "TeX Live"
| #define PACKAGE_TARNAME "tex-live"
| #define PACKAGE_VERSION "2016-05-23"
| #define PACKAGE_STRING "TeX Live 2016-05-23"
| #define PACKAGE_BUGREPORT "tex-k@tug.org"
| #define PACKAGE_URL ""
| /* end confdefs.h.  */
| #ifndef WIN32
|   choke me
| #endif
| int
| main ()
| {
| 
|   ;
|   return 0;
| }
configure:4148: result: no
configure:4158: Assuming `--with-x'
configure:4206: Assuming `--enable-autosp=yes'
configure:4224: Assuming `--enable-devnag=yes'
configure:4242: Assuming `--enable-lacheck=yes'
configure:4260: Assuming `--enable-m-tx=yes'
configure:4278: Assuming `--enable-pmx=yes'
configure:4296: Assuming `--enable-ps2eps=yes'
configure:4314: Assuming `--enable-t1utils=yes'
configure:4332: Assuming `--enable-texdoctk=yes'
configure:4350: Assuming `--enable-tpic2pdftex=yes'
configure:4368: Assuming `--enable-vlna=yes'
configure:4395: Assuming `--enable-xindy=no'
configure:4432: Assuming `--with-clisp-runtime=default'
configure:4466: Assuming `--enable-xpdfopen=yes'
configure:4485: Assuming `--enable-web2c=yes'
configure:4901: Assuming `--enable-afm2pl=yes'
configure:4923: Assuming `--enable-bibtex-x=yes'
configure:4972: Assuming `--enable-chktex=yes'
configure:4994: Assuming `--enable-cjkutils=yes'
configure:5016: Assuming `--enable-detex=yes'
configure:5038: Assuming `--enable-dtl=yes'
configure:5060: Assuming `--enable-dvi2tty=yes'
configure:5082: Assuming `--enable-dvidvi=yes'
configure:5104: Assuming `--enable-dviljk=yes'
configure:5126: Assuming `--enable-dvipdfm-x=yes'
configure:5150: Assuming `--enable-dvipng=yes'
configure:5192: Assuming `--enable-dvipos=yes'
configure:5214: Assuming `--enable-dvipsk=yes'
configure:5236: Assuming `--enable-dvisvgm=yes'
configure:5294: Assuming `--enable-gregorio=yes'
configure:5316: Assuming `--enable-gsftopk=yes'
configure:5338: Assuming `--enable-lcdf-typetools=yes'
configure:5425: Assuming `--enable-makeindexk=yes'
configure:5447: Assuming `--enable-makejvf=yes'
configure:5469: Assuming `--enable-mendexk=yes'
configure:5491: Assuming `--enable-musixtnt=yes'
configure:5513: Assuming `--enable-ps2pk=yes'
configure:5535: Assuming `--enable-psutils=yes'
configure:5558: Assuming `--enable-seetexk=yes'
configure:5580: Assuming `--enable-tex4htk=yes'
configure:5602: Assuming `--enable-ttf2pk2=yes'
configure:5625: Assuming `--enable-ttfdump=yes'
configure:5647: Assuming `--enable-upmendex=yes'
configure:5683: Assuming `--enable-xdvik=yes'
configure:5715: Assuming `--enable-texlive=yes'
configure:5738: Assuming `harfbuzz' headers and library from TL tree
configure:5791: Assuming `icu' headers and library from TL tree
configure:5821: Assuming `teckit' headers and library from TL tree
configure:5865: Assuming `graphite2' headers and library from TL tree
configure:5895: Assuming `zziplib' headers and library from TL tree
configure:5939: Assuming `xpdf' headers and library from TL tree
configure:5969: Assuming `poppler' headers and library from TL tree
configure:6023: Assuming `mpfr' headers and library from TL tree
configure:6077: Assuming `gmp' headers and library from TL tree
configure:6107: Assuming `cairo' headers and library from TL tree
configure:6151: Assuming `pixman' headers and library from TL tree
configure:6191: Assuming `potrace' headers and library from TL tree
configure:6231: Assuming `gd' headers and library from TL tree
configure:6284: Assuming `freetype2' headers and library from TL tree
configure:6328: Assuming `libpng' headers and library from TL tree
configure:6382: Assuming `libpaper' headers and library from TL tree
configure:6428: Assuming `zlib' headers and library from TL tree
configure:6459: Assuming `ptexenc' headers and library from TL tree
configure:6503: Assuming `kpathsea' headers and library from TL tree
configure:6575: checking for a BSD-compatible install
configure:6643: result: /usr/bin/install -c
configure:6654: checking whether build environment is sane
configure:6709: result: yes
configure:6857: checking for a thread-safe mkdir -p
configure:6896: result: /bin/mkdir -p
configure:6903: checking for gawk
configure:6919: found /usr/bin/gawk
configure:6930: result: gawk
configure:6941: checking whether make sets $(MAKE)
configure:6963: result: yes
configure:6993: checking for style of include used by make
configure:7021: result: GNU
configure:7055: checking whether make supports nested variables
configure:7072: result: yes
configure:7144: checking how to print strings
configure:7171: result: printf
configure:7192: checking for a sed that does not truncate output
configure:7256: result: /bin/sed
configure:7274: checking for grep that handles long lines and -e
configure:7332: result: /bin/grep
configure:7337: checking for egrep
configure:7399: result: /bin/grep -E
configure:7404: checking for fgrep
configure:7466: result: /bin/grep -F
configure:7501: checking for ld used by gcc
configure:7568: result: /usr/bin/ld
configure:7575: checking if the linker (/usr/bin/ld) is GNU ld
configure:7590: result: yes
configure:7602: checking for BSD- or MS-compatible name lister (nm)
configure:7656: result: /usr/bin/nm -B
configure:7786: checking the name lister (/usr/bin/nm -B) interface
configure:7793: gcc -c -g -O2  conftest.c >&5
configure:7796: /usr/bin/nm -B "conftest.o"
configure:7799: output
0000000000000000 B some_variable
configure:7806: result: BSD nm
configure:7809: checking whether ln -s works
configure:7813: result: yes
configure:7821: checking the maximum length of command line arguments
configure:7952: result: 1572864
configure:8000: checking how to convert x86_64-pc-linux-gnu file names to x86_64-pc-linux-gnu format
configure:8040: result: func_convert_file_noop
configure:8047: checking how to convert x86_64-pc-linux-gnu file names to toolchain format
configure:8067: result: func_convert_file_noop
configure:8074: checking for /usr/bin/ld option to reload object files
configure:8081: result: -r
configure:8155: checking for objdump
configure:8171: found /usr/bin/objdump
configure:8182: result: objdump
configure:8211: checking how to recognize dependent libraries
configure:8411: result: pass_all
configure:8496: checking for dlltool
configure:8526: result: no
configure:8553: checking how to associate runtime and link libraries
configure:8580: result: printf %s\n
configure:8640: checking for ar
configure:8656: found /usr/bin/ar
configure:8667: result: ar
configure:8704: checking for archiver @FILE support
configure:8721: gcc -c -g -O2  conftest.c >&5
configure:8721: $? = 0
configure:8724: ar cru libconftest.a @conftest.lst >&5
ar: `u' modifier ignored since `D' is the default (see `U')
configure:8727: $? = 0
configure:8732: ar cru libconftest.a @conftest.lst >&5
ar: `u' modifier ignored since `D' is the default (see `U')
ar: conftest.o: No such file or directory
configure:8735: $? = 1
configure:8747: result: @
configure:8805: checking for strip
configure:8821: found /usr/bin/strip
configure:8832: result: strip
configure:8904: checking for ranlib
configure:8920: found /usr/bin/ranlib
configure:8931: result: ranlib
configure:9033: checking command to parse /usr/bin/nm -B output from gcc object
configure:9186: gcc -c -g -O2  conftest.c >&5
configure:9189: $? = 0
configure:9193: /usr/bin/nm -B conftest.o \| sed -n -e 's/^.*[ ]\([ABCDGIRSTW][ABCDGIRSTW]*\)[ ][ ]*\([_A-Za-z][_A-Za-z0-9]*\)$/\1 \2 \2/p' | sed '/ __gnu_lto/d' \> conftest.nm
configure:9196: $? = 0
configure:9262: gcc -o conftest -g -O2   conftest.c conftstm.o >&5
configure:9265: $? = 0
configure:9303: result: ok
configure:9350: checking for sysroot
configure:9380: result: no
configure:9387: checking for a working dd
configure:9425: result: /bin/dd
configure:9429: checking how to truncate binary pipes
configure:9444: result: /bin/dd bs=4096 count=1
configure:9580: gcc -c -g -O2  conftest.c >&5
configure:9583: $? = 0
configure:9773: checking for mt
configure:9789: found /bin/mt
configure:9800: result: mt
configure:9823: checking if mt is a manifest tool
configure:9829: mt '-?'
configure:9837: result: no
configure:10514: checking how to run the C preprocessor
configure:10545: gcc -E  conftest.c
configure:10545: $? = 0
configure:10559: gcc -E  conftest.c
conftest.c:9:28: fatal error: ac_nonexistent.h: No such file or directory
compilation terminated.
configure:10559: $? = 1
configure: failed program was:
| /* confdefs.h */
| #define PACKAGE_NAME "TeX Live"
| #define PACKAGE_TARNAME "tex-live"
| #define PACKAGE_VERSION "2016-05-23"
| #define PACKAGE_STRING "TeX Live 2016-05-23"
| #define PACKAGE_BUGREPORT "tex-k@tug.org"
| #define PACKAGE_URL ""
| /* end confdefs.h.  */
| #include <ac_nonexistent.h>
configure:10584: result: gcc -E
configure:10604: gcc -E  conftest.c
configure:10604: $? = 0
configure:10618: gcc -E  conftest.c
conftest.c:9:28: fatal error: ac_nonexistent.h: No such file or directory
compilation terminated.
configure:10618: $? = 1
configure: failed program was:
| /* confdefs.h */
| #define PACKAGE_NAME "TeX Live"
| #define PACKAGE_TARNAME "tex-live"
| #define PACKAGE_VERSION "2016-05-23"
| #define PACKAGE_STRING "TeX Live 2016-05-23"
| #define PACKAGE_BUGREPORT "tex-k@tug.org"
| #define PACKAGE_URL ""
| /* end confdefs.h.  */
| #include <ac_nonexistent.h>
configure:10647: checking for ANSI C header files
configure:10667: gcc -c -g -O2  conftest.c >&5
configure:10667: $? = 0
configure:10740: gcc -o conftest -g -O2   conftest.c  >&5
configure:10740: $? = 0
configure:10740: ./conftest
configure:10740: $? = 0
configure:10751: result: yes
configure:10764: checking for sys/types.h
configure:10764: gcc -c -g -O2  conftest.c >&5
configure:10764: $? = 0
configure:10764: result: yes
configure:10764: checking for sys/stat.h
configure:10764: gcc -c -g -O2  conftest.c >&5
configure:10764: $? = 0
configure:10764: result: yes
configure:10764: checking for stdlib.h
configure:10764: gcc -c -g -O2  conftest.c >&5
configure:10764: $? = 0
configure:10764: result: yes
configure:10764: checking for string.h
configure:10764: gcc -c -g -O2  conftest.c >&5
configure:10764: $? = 0
configure:10764: result: yes
configure:10764: checking for memory.h
configure:10764: gcc -c -g -O2  conftest.c >&5
configure:10764: $? = 0
configure:10764: result: yes
configure:10764: checking for strings.h
configure:10764: gcc -c -g -O2  conftest.c >&5
configure:10764: $? = 0
configure:10764: result: yes
configure:10764: checking for inttypes.h
configure:10764: gcc -c -g -O2  conftest.c >&5
configure:10764: $? = 0
configure:10764: result: yes
configure:10764: checking for stdint.h
configure:10764: gcc -c -g -O2  conftest.c >&5
configure:10764: $? = 0
configure:10764: result: yes
configure:10764: checking for unistd.h
configure:10764: gcc -c -g -O2  conftest.c >&5
configure:10764: $? = 0
configure:10764: result: yes
configure:10778: checking for dlfcn.h
configure:10778: gcc -c -g -O2  conftest.c >&5
configure:10778: $? = 0
configure:10778: result: yes
configure:10858: checking how to create a pax tar archive
configure:10869: tar --version
tar (GNU tar) 1.28
Copyright (C) 2014 Free Software Foundation, Inc.
License GPLv3+: GNU GPL version 3 or later <http://gnu.org/licenses/gpl.html>.
This is free software: you are free to change and redistribute it.
There is NO WARRANTY, to the extent permitted by law.

Written by John Gilmore and Jay Fenlason.
configure:10872: $? = 0
configure:10912: tardir=conftest.dir && eval tar --format=posix -chf - "$tardir" >conftest.tar
configure:10915: $? = 0
configure:10919: tar -xf - <conftest.tar
configure:10922: $? = 0
configure:10924: cat conftest.dir/file
GrepMe
configure:10927: $? = 0
configure:10940: result: gnutar
configure:10949: checking dependency style of gcc
configure:11060: result: gcc3
configure:11119: checking whether to enable maintainer-specific portions of Makefiles
configure:11128: result: no
configure:11141: checking whether the compiler accepts prototypes
configure:11157: gcc -o conftest -g -O2   conftest.c  >&5
configure:11157: $? = 0
configure:11165: result: yes
configure:11170: checking what warning flags to pass to the C compiler
configure:11215: result: -Wimplicit -Wreturn-type -Wdeclaration-after-statement -Wno-unknown-pragmas
configure:11769: checking for objdir
configure:11784: result: .libs
configure:12048: checking if gcc supports -fno-rtti -fno-exceptions
configure:12066: gcc -c -g -O2  -fno-rtti -fno-exceptions conftest.c >&5
cc1: warning: command line option '-fno-rtti' is valid for C++/ObjC++ but not for C
configure:12070: $? = 0
configure:12083: result: no
configure:12441: checking for gcc option to produce PIC
configure:12448: result: -fPIC -DPIC
configure:12456: checking if gcc PIC flag -fPIC -DPIC works
configure:12474: gcc -c -g -O2  -fPIC -DPIC -DPIC conftest.c >&5
configure:12478: $? = 0
configure:12491: result: yes
configure:12520: checking if gcc static flag -static works
configure:12548: result: yes
configure:12563: checking if gcc supports -c -o file.o
configure:12584: gcc -c -g -O2  -o out/conftest2.o conftest.c >&5
configure:12588: $? = 0
configure:12610: result: yes
configure:12618: checking if gcc supports -c -o file.o
configure:12665: result: yes
configure:12698: checking whether the gcc linker (/usr/bin/ld -m elf_x86_64) supports shared libraries
configure:13957: result: yes
configure:14197: checking dynamic linker characteristics
configure:14778: gcc -o conftest -g -O2   -Wl,-rpath -Wl,/foo conftest.c  >&5
configure:14778: $? = 0
configure:15015: result: GNU/Linux ld.so
configure:15137: checking how to hardcode library paths into programs
configure:15162: result: immediate
configure:15710: checking whether stripping libraries is possible
configure:15715: result: yes
configure:15750: checking if libtool supports shared libraries
configure:15752: result: yes
configure:15755: checking whether to build shared libraries
configure:15780: result: no
configure:15783: checking whether to build static libraries
configure:15787: result: yes
configure:15831: checking for special C compiler options needed for large files
configure:15876: result: no
configure:15882: checking for _FILE_OFFSET_BITS value needed for large files
configure:15907: gcc -c -g -O2  conftest.c >&5
configure:15907: $? = 0
configure:15939: result: no
configure:16024: checking for _LARGEFILE_SOURCE value needed for large files
configure:16043: gcc -o conftest -g -O2   conftest.c  >&5
configure:16043: $? = 0
configure:16071: result: no
configure:16095: checking for dirent.h that defines DIR
configure:16114: gcc -c -g -O2  conftest.c >&5
configure:16114: $? = 0
configure:16122: result: yes
configure:16135: checking for library containing opendir
configure:16166: gcc -o conftest -g -O2   conftest.c  >&5
configure:16166: $? = 0
configure:16183: result: none required
configure:16250: checking for ANSI C header files
configure:16354: result: yes
configure:16362: checking whether closedir returns void
configure:16386: gcc -o conftest -g -O2   conftest.c  >&5
configure:16386: $? = 0
configure:16386: ./conftest
configure:16386: $? = 0
configure:16396: result: no
configure:16407: checking assert.h usability
configure:16407: gcc -c -g -O2  conftest.c >&5
configure:16407: $? = 0
configure:16407: result: yes
configure:16407: checking assert.h presence
configure:16407: gcc -E  conftest.c
configure:16407: $? = 0
configure:16407: result: yes
configure:16407: checking for assert.h
configure:16407: result: yes
configure:16407: checking float.h usability
configure:16407: gcc -c -g -O2  conftest.c >&5
configure:16407: $? = 0
configure:16407: result: yes
configure:16407: checking float.h presence
configure:16407: gcc -E  conftest.c
configure:16407: $? = 0
configure:16407: result: yes
configure:16407: checking for float.h
configure:16407: result: yes
configure:16407: checking limits.h usability
configure:16407: gcc -c -g -O2  conftest.c >&5
configure:16407: $? = 0
configure:16407: result: yes
configure:16407: checking limits.h presence
configure:16407: gcc -E  conftest.c
configure:16407: $? = 0
configure:16407: result: yes
configure:16407: checking for limits.h
configure:16407: result: yes
configure:16407: checking pwd.h usability
configure:16407: gcc -c -g -O2  conftest.c >&5
configure:16407: $? = 0
configure:16407: result: yes
configure:16407: checking pwd.h presence
configure:16407: gcc -E  conftest.c
configure:16407: $? = 0
configure:16407: result: yes
configure:16407: checking for pwd.h
configure:16407: result: yes
configure:16407: checking for stdlib.h
configure:16407: result: yes
configure:16407: checking sys/param.h usability
configure:16407: gcc -c -g -O2  conftest.c >&5
configure:16407: $? = 0
configure:16407: result: yes
configure:16407: checking sys/param.h presence
configure:16407: gcc -E  conftest.c
configure:16407: $? = 0
configure:16407: result: yes
configure:16407: checking for sys/param.h
configure:16407: result: yes
configure:16419: checking for putenv
configure:16419: gcc -o conftest -g -O2   conftest.c  >&5
configure:16419: $? = 0
configure:16419: result: yes
configure:16431: checking for getcwd
configure:16431: gcc -o conftest -g -O2   conftest.c  >&5
configure:16431: $? = 0
configure:16431: result: yes
configure:16431: checking for getwd
configure:16431: gcc -o conftest -g -O2   conftest.c  >&5
/tmp/ccMTMflM.o: In function `main':
/home/maqiyuan/Desktop/texlive-upstream/conftest.c:68: warning: the `getwd' function is dangerous and should not be used.
configure:16431: $? = 0
configure:16431: result: yes
configure:16431: checking for memcmp
configure:16431: gcc -o conftest -g -O2   conftest.c  >&5
conftest.c:58:6: warning: conflicting types for built-in function 'memcmp'
 char memcmp ();
      ^
configure:16431: $? = 0
configure:16431: result: yes
configure:16431: checking for memcpy
configure:16431: gcc -o conftest -g -O2   conftest.c  >&5
conftest.c:59:6: warning: conflicting types for built-in function 'memcpy'
 char memcpy ();
      ^
configure:16431: $? = 0
configure:16431: result: yes
configure:16431: checking for mkstemp
configure:16431: gcc -o conftest -g -O2   conftest.c  >&5
configure:16431: $? = 0
configure:16431: result: yes
configure:16431: checking for mktemp
configure:16431: gcc -o conftest -g -O2   conftest.c  >&5
/tmp/ccgdJzs9.o: In function `main':
/home/maqiyuan/Desktop/texlive-upstream/conftest.c:72: warning: the use of `mktemp' is dangerous, better use `mkstemp' or `mkdtemp'
configure:16431: $? = 0
configure:16431: result: yes
configure:16431: checking for strchr
configure:16431: gcc -o conftest -g -O2   conftest.c  >&5
conftest.c:62:6: warning: conflicting types for built-in function 'strchr'
 char strchr ();
      ^
configure:16431: $? = 0
configure:16431: result: yes
configure:16431: checking for strrchr
configure:16431: gcc -o conftest -g -O2   conftest.c  >&5
conftest.c:63:6: warning: conflicting types for built-in function 'strrchr'
 char strrchr ();
      ^
configure:16431: $? = 0
configure:16431: result: yes
configure:16440: checking for an ANSI C-conforming const
configure:16506: gcc -c -g -O2  conftest.c >&5
configure:16506: $? = 0
configure:16513: result: yes
configure:16521: checking for inline
configure:16537: gcc -c -g -O2  conftest.c >&5
configure:16537: $? = 0
configure:16545: result: inline
configure:16563: checking for size_t
configure:16563: gcc -c -g -O2  conftest.c >&5
configure:16563: $? = 0
configure:16563: gcc -c -g -O2  conftest.c >&5
conftest.c: In function 'main':
conftest.c:77:21: error: expected expression before ')' token
 if (sizeof ((size_t)))
                     ^
configure:16563: $? = 1
configure: failed program was:
| /* confdefs.h */
| #define PACKAGE_NAME "TeX Live"
| #define PACKAGE_TARNAME "tex-live"
| #define PACKAGE_VERSION "2016-05-23"
| #define PACKAGE_STRING "TeX Live 2016-05-23"
| #define PACKAGE_BUGREPORT "tex-k@tug.org"
| #define PACKAGE_URL ""
| #define STDC_HEADERS 1
| #define HAVE_SYS_TYPES_H 1
| #define HAVE_SYS_STAT_H 1
| #define HAVE_STDLIB_H 1
| #define HAVE_STRING_H 1
| #define HAVE_MEMORY_H 1
| #define HAVE_STRINGS_H 1
| #define HAVE_INTTYPES_H 1
| #define HAVE_STDINT_H 1
| #define HAVE_UNISTD_H 1
| #define HAVE_DLFCN_H 1
| #define PACKAGE "tex-live"
| #define VERSION "2016-05-23"
| #define LT_OBJDIR ".libs/"
| #define HAVE_FSEEKO 1
| #define HAVE_DIRENT_H 1
| #define STDC_HEADERS 1
| #define HAVE_ASSERT_H 1
| #define HAVE_FLOAT_H 1
| #define HAVE_LIMITS_H 1
| #define HAVE_PWD_H 1
| #define HAVE_STDLIB_H 1
| #define HAVE_SYS_PARAM_H 1
| #define HAVE_PUTENV 1
| #define HAVE_GETCWD 1
| #define HAVE_GETWD 1
| #define HAVE_MEMCMP 1
| #define HAVE_MEMCPY 1
| #define HAVE_MKSTEMP 1
| #define HAVE_MKTEMP 1
| #define HAVE_STRCHR 1
| #define HAVE_STRRCHR 1
| /* end confdefs.h.  */
| #include <stdio.h>
| #ifdef HAVE_SYS_TYPES_H
| # include <sys/types.h>
| #endif
| #ifdef HAVE_SYS_STAT_H
| # include <sys/stat.h>
| #endif
| #ifdef STDC_HEADERS
| # include <stdlib.h>
| # include <stddef.h>
| #else
| # ifdef HAVE_STDLIB_H
| #  include <stdlib.h>
| # endif
| #endif
| #ifdef HAVE_STRING_H
| # if !defined STDC_HEADERS && defined HAVE_MEMORY_H
| #  include <memory.h>
| # endif
| # include <string.h>
| #endif
| #ifdef HAVE_STRINGS_H
| # include <strings.h>
| #endif
| #ifdef HAVE_INTTYPES_H
| # include <inttypes.h>
| #endif
| #ifdef HAVE_STDINT_H
| # include <stdint.h>
| #endif
| #ifdef HAVE_UNISTD_H
| # include <unistd.h>
| #endif
| int
| main ()
| {
| if (sizeof ((size_t)))
| 	    return 0;
|   ;
|   return 0;
| }
configure:16563: result: yes
configure:16574: checking for int64_t
configure:16574: gcc -c -g -O2  conftest.c >&5
configure:16574: $? = 0
configure:16574: gcc -c -g -O2  conftest.c >&5
conftest.c: In function 'main':
conftest.c:79:53: warning: integer overflow in expression [-Woverflow]
    < (int64_t) (((((int64_t) 1 << N) << N) - 1) * 2 + 2))];
                                                     ^
conftest.c:78:12: error: storage size of 'test_array' isn't constant
 static int test_array [1 - 2 * !((int64_t) (((((int64_t) 1 << N) << N) - 1) * 2 + 1)
            ^
configure:16574: $? = 1
configure: failed program was:
| /* confdefs.h */
| #define PACKAGE_NAME "TeX Live"
| #define PACKAGE_TARNAME "tex-live"
| #define PACKAGE_VERSION "2016-05-23"
| #define PACKAGE_STRING "TeX Live 2016-05-23"
| #define PACKAGE_BUGREPORT "tex-k@tug.org"
| #define PACKAGE_URL ""
| #define STDC_HEADERS 1
| #define HAVE_SYS_TYPES_H 1
| #define HAVE_SYS_STAT_H 1
| #define HAVE_STDLIB_H 1
| #define HAVE_STRING_H 1
| #define HAVE_MEMORY_H 1
| #define HAVE_STRINGS_H 1
| #define HAVE_INTTYPES_H 1
| #define HAVE_STDINT_H 1
| #define HAVE_UNISTD_H 1
| #define HAVE_DLFCN_H 1
| #define PACKAGE "tex-live"
| #define VERSION "2016-05-23"
| #define LT_OBJDIR ".libs/"
| #define HAVE_FSEEKO 1
| #define HAVE_DIRENT_H 1
| #define STDC_HEADERS 1
| #define HAVE_ASSERT_H 1
| #define HAVE_FLOAT_H 1
| #define HAVE_LIMITS_H 1
| #define HAVE_PWD_H 1
| #define HAVE_STDLIB_H 1
| #define HAVE_SYS_PARAM_H 1
| #define HAVE_PUTENV 1
| #define HAVE_GETCWD 1
| #define HAVE_GETWD 1
| #define HAVE_MEMCMP 1
| #define HAVE_MEMCPY 1
| #define HAVE_MKSTEMP 1
| #define HAVE_MKTEMP 1
| #define HAVE_STRCHR 1
| #define HAVE_STRRCHR 1
| /* end confdefs.h.  */
| #include <stdio.h>
| #ifdef HAVE_SYS_TYPES_H
| # include <sys/types.h>
| #endif
| #ifdef HAVE_SYS_STAT_H
| # include <sys/stat.h>
| #endif
| #ifdef STDC_HEADERS
| # include <stdlib.h>
| # include <stddef.h>
| #else
| # ifdef HAVE_STDLIB_H
| #  include <stdlib.h>
| # endif
| #endif
| #ifdef HAVE_STRING_H
| # if !defined STDC_HEADERS && defined HAVE_MEMORY_H
| #  include <memory.h>
| # endif
| # include <string.h>
| #endif
| #ifdef HAVE_STRINGS_H
| # include <strings.h>
| #endif
| #ifdef HAVE_INTTYPES_H
| # include <inttypes.h>
| #endif
| #ifdef HAVE_STDINT_H
| # include <stdint.h>
| #endif
| #ifdef HAVE_UNISTD_H
| # include <unistd.h>
| #endif
| 	        enum { N = 64 / 2 - 1 };
| int
| main ()
| {
| static int test_array [1 - 2 * !((int64_t) (((((int64_t) 1 << N) << N) - 1) * 2 + 1)
| 		 < (int64_t) (((((int64_t) 1 << N) << N) - 1) * 2 + 2))];
| test_array [0] = 0;
| return test_array [0];
| 
|   ;
|   return 0;
| }
configure:16574: result: yes
configure:16585: checking for uint64_t
configure:16585: gcc -c -g -O2  conftest.c >&5
configure:16585: $? = 0
configure:16585: result: yes
configure:16605: checking whether isascii is declared
configure:16605: gcc -c -g -O2  conftest.c >&5
configure:16605: $? = 0
configure:16605: result: yes
configure:16617: checking for struct stat.st_mtim
configure:16617: gcc -c -g -O2  conftest.c >&5
conftest.c: In function 'main':
conftest.c:79:5: error: used struct type value where scalar is required
 if (ac_aggr.st_mtim)
     ^
configure:16617: $? = 1
configure: failed program was:
| /* confdefs.h */
| #define PACKAGE_NAME "TeX Live"
| #define PACKAGE_TARNAME "tex-live"
| #define PACKAGE_VERSION "2016-05-23"
| #define PACKAGE_STRING "TeX Live 2016-05-23"
| #define PACKAGE_BUGREPORT "tex-k@tug.org"
| #define PACKAGE_URL ""
| #define STDC_HEADERS 1
| #define HAVE_SYS_TYPES_H 1
| #define HAVE_SYS_STAT_H 1
| #define HAVE_STDLIB_H 1
| #define HAVE_STRING_H 1
| #define HAVE_MEMORY_H 1
| #define HAVE_STRINGS_H 1
| #define HAVE_INTTYPES_H 1
| #define HAVE_STDINT_H 1
| #define HAVE_UNISTD_H 1
| #define HAVE_DLFCN_H 1
| #define PACKAGE "tex-live"
| #define VERSION "2016-05-23"
| #define LT_OBJDIR ".libs/"
| #define HAVE_FSEEKO 1
| #define HAVE_DIRENT_H 1
| #define STDC_HEADERS 1
| #define HAVE_ASSERT_H 1
| #define HAVE_FLOAT_H 1
| #define HAVE_LIMITS_H 1
| #define HAVE_PWD_H 1
| #define HAVE_STDLIB_H 1
| #define HAVE_SYS_PARAM_H 1
| #define HAVE_PUTENV 1
| #define HAVE_GETCWD 1
| #define HAVE_GETWD 1
| #define HAVE_MEMCMP 1
| #define HAVE_MEMCPY 1
| #define HAVE_MKSTEMP 1
| #define HAVE_MKTEMP 1
| #define HAVE_STRCHR 1
| #define HAVE_STRRCHR 1
| #define HAVE_DECL_ISASCII 1
| /* end confdefs.h.  */
| #include <stdio.h>
| #ifdef HAVE_SYS_TYPES_H
| # include <sys/types.h>
| #endif
| #ifdef HAVE_SYS_STAT_H
| # include <sys/stat.h>
| #endif
| #ifdef STDC_HEADERS
| # include <stdlib.h>
| # include <stddef.h>
| #else
| # ifdef HAVE_STDLIB_H
| #  include <stdlib.h>
| # endif
| #endif
| #ifdef HAVE_STRING_H
| # if !defined STDC_HEADERS && defined HAVE_MEMORY_H
| #  include <memory.h>
| # endif
| # include <string.h>
| #endif
| #ifdef HAVE_STRINGS_H
| # include <strings.h>
| #endif
| #ifdef HAVE_INTTYPES_H
| # include <inttypes.h>
| #endif
| #ifdef HAVE_STDINT_H
| # include <stdint.h>
| #endif
| #ifdef HAVE_UNISTD_H
| # include <unistd.h>
| #endif
| int
| main ()
| {
| static struct stat ac_aggr;
| if (ac_aggr.st_mtim)
| return 0;
|   ;
|   return 0;
| }
configure:16617: gcc -c -g -O2  conftest.c >&5
configure:16617: $? = 0
configure:16617: result: yes
configure:16636: checking for X
configure:16744: gcc -E  conftest.c
configure:16744: $? = 0
configure:16775: gcc -o conftest -g -O2   conftest.c -lX11  >&5
configure:16775: $? = 0
configure:16825: result: libraries , headers 
configure:16924: gcc -o conftest -g -O2   conftest.c   -lX11 >&5
configure:16924: $? = 0
configure:17022: checking for gethostbyname
configure:17022: gcc -o conftest -g -O2   conftest.c  >&5
configure:17022: $? = 0
configure:17022: result: yes
configure:17119: checking for connect
configure:17119: gcc -o conftest -g -O2   conftest.c  >&5
configure:17119: $? = 0
configure:17119: result: yes
configure:17168: checking for remove
configure:17168: gcc -o conftest -g -O2   conftest.c  >&5
configure:17168: $? = 0
configure:17168: result: yes
configure:17217: checking for shmat
configure:17217: gcc -o conftest -g -O2   conftest.c  >&5
configure:17217: $? = 0
configure:17217: result: yes
configure:17275: checking for IceConnectionNumber in -lICE
configure:17300: gcc -o conftest -g -O2   conftest.c -lICE   >&5
configure:17300: $? = 0
configure:17309: result: yes
configure:17378: checking for g++
configure:17394: found /usr/bin/g++
configure:17405: result: g++
configure:17432: checking for C++ compiler version
configure:17441: g++ --version >&5
g++ (Ubuntu 5.4.0-6ubuntu1~16.04.1) 5.4.0 20160609
Copyright (C) 2015 Free Software Foundation, Inc.
This is free software; see the source for copying conditions.  There is NO
warranty; not even for MERCHANTABILITY or FITNESS FOR A PARTICULAR PURPOSE.

configure:17452: $? = 0
configure:17441: g++ -v >&5
Using built-in specs.
COLLECT_GCC=g++
COLLECT_LTO_WRAPPER=/usr/lib/gcc/x86_64-linux-gnu/5/lto-wrapper
Target: x86_64-linux-gnu
Configured with: ../src/configure -v --with-pkgversion='Ubuntu 5.4.0-6ubuntu1~16.04.1' --with-bugurl=file:///usr/share/doc/gcc-5/README.Bugs --enable-languages=c,ada,c++,java,go,d,fortran,objc,obj-c++ --prefix=/usr --program-suffix=-5 --enable-shared --enable-linker-build-id --libexecdir=/usr/lib --without-included-gettext --enable-threads=posix --libdir=/usr/lib --enable-nls --with-sysroot=/ --enable-clocale=gnu --enable-libstdcxx-debug --enable-libstdcxx-time=yes --with-default-libstdcxx-abi=new --enable-gnu-unique-object --disable-vtable-verify --enable-libmpx --enable-plugin --with-system-zlib --disable-browser-plugin --enable-java-awt=gtk --enable-gtk-cairo --with-java-home=/usr/lib/jvm/java-1.5.0-gcj-5-amd64/jre --enable-java-home --with-jvm-root-dir=/usr/lib/jvm/java-1.5.0-gcj-5-amd64 --with-jvm-jar-dir=/usr/lib/jvm-exports/java-1.5.0-gcj-5-amd64 --with-arch-directory=amd64 --with-ecj-jar=/usr/share/java/eclipse-ecj.jar --enable-objc-gc --enable-multiarch --disable-werror --with-arch-32=i686 --with-abi=m64 --with-multilib-list=m32,m64,mx32 --enable-multilib --with-tune=generic --enable-checking=release --build=x86_64-linux-gnu --host=x86_64-linux-gnu --target=x86_64-linux-gnu
Thread model: posix
gcc version 5.4.0 20160609 (Ubuntu 5.4.0-6ubuntu1~16.04.1) 
configure:17452: $? = 0
configure:17441: g++ -V >&5
g++: error: unrecognized command line option '-V'
g++: fatal error: no input files
compilation terminated.
configure:17452: $? = 1
configure:17441: g++ -qversion >&5
g++: error: unrecognized command line option '-qversion'
g++: fatal error: no input files
compilation terminated.
configure:17452: $? = 1
configure:17456: checking whether we are using the GNU C++ compiler
configure:17475: g++ -c   conftest.cpp >&5
configure:17475: $? = 0
configure:17484: result: yes
configure:17493: checking whether g++ accepts -g
configure:17513: g++ -c -g  conftest.cpp >&5
configure:17513: $? = 0
configure:17554: result: yes
configure:17579: checking dependency style of g++
configure:17690: result: gcc3
configure:17704: checking what warning flags to pass to the C++ compiler
configure:17745: result: -Wreturn-type -Wno-unknown-pragmas -Wno-write-strings
configure:17769: checking how to run the C++ preprocessor
configure:17796: g++ -E  conftest.cpp
configure:17796: $? = 0
configure:17810: g++ -E  conftest.cpp
conftest.cpp:43:28: fatal error: ac_nonexistent.h: No such file or directory
compilation terminated.
configure:17810: $? = 1
configure: failed program was:
| /* confdefs.h */
| #define PACKAGE_NAME "TeX Live"
| #define PACKAGE_TARNAME "tex-live"
| #define PACKAGE_VERSION "2016-05-23"
| #define PACKAGE_STRING "TeX Live 2016-05-23"
| #define PACKAGE_BUGREPORT "tex-k@tug.org"
| #define PACKAGE_URL ""
| #define STDC_HEADERS 1
| #define HAVE_SYS_TYPES_H 1
| #define HAVE_SYS_STAT_H 1
| #define HAVE_STDLIB_H 1
| #define HAVE_STRING_H 1
| #define HAVE_MEMORY_H 1
| #define HAVE_STRINGS_H 1
| #define HAVE_INTTYPES_H 1
| #define HAVE_STDINT_H 1
| #define HAVE_UNISTD_H 1
| #define HAVE_DLFCN_H 1
| #define PACKAGE "tex-live"
| #define VERSION "2016-05-23"
| #define LT_OBJDIR ".libs/"
| #define HAVE_FSEEKO 1
| #define HAVE_DIRENT_H 1
| #define STDC_HEADERS 1
| #define HAVE_ASSERT_H 1
| #define HAVE_FLOAT_H 1
| #define HAVE_LIMITS_H 1
| #define HAVE_PWD_H 1
| #define HAVE_STDLIB_H 1
| #define HAVE_SYS_PARAM_H 1
| #define HAVE_PUTENV 1
| #define HAVE_GETCWD 1
| #define HAVE_GETWD 1
| #define HAVE_MEMCMP 1
| #define HAVE_MEMCPY 1
| #define HAVE_MKSTEMP 1
| #define HAVE_MKTEMP 1
| #define HAVE_STRCHR 1
| #define HAVE_STRRCHR 1
| #define HAVE_DECL_ISASCII 1
| #define HAVE_STRUCT_STAT_ST_MTIM 1
| /* end confdefs.h.  */
| #include <ac_nonexistent.h>
configure:17835: result: g++ -E
configure:17855: g++ -E  conftest.cpp
configure:17855: $? = 0
configure:17869: g++ -E  conftest.cpp
conftest.cpp:43:28: fatal error: ac_nonexistent.h: No such file or directory
compilation terminated.
configure:17869: $? = 1
configure: failed program was:
| /* confdefs.h */
| #define PACKAGE_NAME "TeX Live"
| #define PACKAGE_TARNAME "tex-live"
| #define PACKAGE_VERSION "2016-05-23"
| #define PACKAGE_STRING "TeX Live 2016-05-23"
| #define PACKAGE_BUGREPORT "tex-k@tug.org"
| #define PACKAGE_URL ""
| #define STDC_HEADERS 1
| #define HAVE_SYS_TYPES_H 1
| #define HAVE_SYS_STAT_H 1
| #define HAVE_STDLIB_H 1
| #define HAVE_STRING_H 1
| #define HAVE_MEMORY_H 1
| #define HAVE_STRINGS_H 1
| #define HAVE_INTTYPES_H 1
| #define HAVE_STDINT_H 1
| #define HAVE_UNISTD_H 1
| #define HAVE_DLFCN_H 1
| #define PACKAGE "tex-live"
| #define VERSION "2016-05-23"
| #define LT_OBJDIR ".libs/"
| #define HAVE_FSEEKO 1
| #define HAVE_DIRENT_H 1
| #define STDC_HEADERS 1
| #define HAVE_ASSERT_H 1
| #define HAVE_FLOAT_H 1
| #define HAVE_LIMITS_H 1
| #define HAVE_PWD_H 1
| #define HAVE_STDLIB_H 1
| #define HAVE_SYS_PARAM_H 1
| #define HAVE_PUTENV 1
| #define HAVE_GETCWD 1
| #define HAVE_GETWD 1
| #define HAVE_MEMCMP 1
| #define HAVE_MEMCPY 1
| #define HAVE_MKSTEMP 1
| #define HAVE_MKTEMP 1
| #define HAVE_STRCHR 1
| #define HAVE_STRRCHR 1
| #define HAVE_DECL_ISASCII 1
| #define HAVE_STRUCT_STAT_ST_MTIM 1
| /* end confdefs.h.  */
| #include <ac_nonexistent.h>
configure:18031: checking for ld used by g++
configure:18098: result: /usr/bin/ld -m elf_x86_64
configure:18105: checking if the linker (/usr/bin/ld -m elf_x86_64) is GNU ld
configure:18120: result: yes
configure:18175: checking whether the g++ linker (/usr/bin/ld -m elf_x86_64) supports shared libraries
configure:19248: result: yes
configure:19284: g++ -c -g -O2  conftest.cpp >&5
configure:19287: $? = 0
configure:19768: checking for g++ option to produce PIC
configure:19775: result: -fPIC -DPIC
configure:19783: checking if g++ PIC flag -fPIC -DPIC works
configure:19801: g++ -c -g -O2  -fPIC -DPIC -DPIC conftest.cpp >&5
configure:19805: $? = 0
configure:19818: result: yes
configure:19841: checking if g++ static flag -static works
configure:19869: result: yes
configure:19881: checking if g++ supports -c -o file.o
configure:19902: g++ -c -g -O2  -o out/conftest2.o conftest.cpp >&5
configure:19906: $? = 0
configure:19928: result: yes
configure:19933: checking if g++ supports -c -o file.o
configure:19980: result: yes
configure:20010: checking whether the g++ linker (/usr/bin/ld -m elf_x86_64) supports shared libraries
configure:20050: result: yes
configure:20191: checking dynamic linker characteristics
configure:20936: result: GNU/Linux ld.so
configure:21001: checking how to hardcode library paths into programs
configure:21026: result: immediate
configure:21067: checking whether ln -s works
configure:21071: result: yes
configure:21126: checking for TeX specific libraries to build
configure:21147: result: texk/kpathsea texk/ptexenc 
configure:21198: checking for pkg-config
configure:21214: found /usr/bin/pkg-config
configure:21225: result: pkg-config
configure:21327: checking for freetype-config
configure:21343: found /usr/bin/freetype-config
configure:21354: result: freetype-config
configure:21512: checking for icu-config
configure:21528: found /usr/bin/icu-config
configure:21539: result: icu-config
configure:22354: checking that generated files are newer than configure
configure:22360: result: done
configure:22395: creating ./config.status

## ---------------------- ##
## Running config.status. ##
## ---------------------- ##

This file was extended by TeX Live config.status 2016-05-23, which was
generated by GNU Autoconf 2.69.  Invocation command line was

  CONFIG_FILES    = 
  CONFIG_HEADERS  = 
  CONFIG_LINKS    = 
  CONFIG_COMMANDS = 
  $ ./config.status 

on maqiyuan-E430c

config.status:1093: creating Makefile
config.status:1093: creating doc/Makefile
config.status:1265: executing depfiles commands
config.status:1265: executing libtool commands
configure:24699: === configuring in auxdir/auxsub (/home/maqiyuan/Desktop/texlive-upstream/auxdir/auxsub)
configure:24762: running /bin/bash ./configure --disable-option-checking '--prefix=/usr/local'  '--enable-build-in-source-tree' '--enable-native-texlive-build' '--enable-largefile' '--disable-silent-rules' '--enable-multiplatform=yes' '--enable-cxx-runtime-hack=yes' '--enable-libtool-hack=yes' '--disable-shared' '--enable-texlive-build' '--bindir=${exec_prefix}/bin/x86_64-pc-linux-gnu' '--libdir=${exec_prefix}/lib/x86_64-pc-linux-gnu' '--with-x' '--enable-autosp=yes' '--enable-devnag=yes' '--enable-lacheck=yes' '--enable-m-tx=yes' '--enable-pmx=yes' '--enable-ps2eps=yes' '--enable-t1utils=yes' '--enable-texdoctk=yes' '--enable-tpic2pdftex=yes' '--enable-vlna=yes' '--enable-xindy=no' '--with-clisp-runtime=default' '--enable-xpdfopen=yes' '--enable-web2c=yes' '--enable-afm2pl=yes' '--enable-bibtex-x=yes' '--enable-chktex=yes' '--enable-cjkutils=yes' '--enable-detex=yes' '--enable-dtl=yes' '--enable-dvi2tty=yes' '--enable-dvidvi=yes' '--enable-dviljk=yes' '--enable-dvipdfm-x=yes' '--enable-dvipng=yes' '--enable-dvipos=yes' '--enable-dvipsk=yes' '--enable-dvisvgm=yes' '--enable-gregorio=yes' '--enable-gsftopk=yes' '--enable-lcdf-typetools=yes' '--enable-makeindexk=yes' '--enable-makejvf=yes' '--enable-mendexk=yes' '--enable-musixtnt=yes' '--enable-ps2pk=yes' '--enable-psutils=yes' '--enable-seetexk=yes' '--enable-tex4htk=yes' '--enable-ttf2pk2=yes' '--enable-ttfdump=yes' '--enable-upmendex=yes' '--enable-xdvik=yes' '--enable-texlive=yes' '--with-system-harfbuzz=no' '--with-system-icu=no' '--with-system-teckit=no' '--with-system-graphite2=no' '--with-system-zziplib=no' '--with-system-xpdf=no' '--with-system-poppler=no' '--with-system-mpfr=no' '--with-system-gmp=no' '--with-system-cairo=no' '--with-system-pixman=no' '--with-system-potrace=no' '--with-system-gd=no' '--with-system-freetype2=no' '--with-system-libpng=no' '--with-system-libpaper=no' '--with-system-zlib=no' '--with-system-ptexenc=no' '--with-system-kpathsea=no' '--datarootdir=${prefix}' '--mandir=${prefix}/texmf-dist/doc/man' '--infodir=${prefix}/texmf-dist/doc/info' --cache-file=/dev/null --srcdir=.
configure:24699: === configuring in libs (/home/maqiyuan/Desktop/texlive-upstream/libs)
configure:24762: running /bin/bash ./configure --disable-option-checking '--prefix=/usr/local'  '--enable-build-in-source-tree' '--enable-native-texlive-build' '--enable-largefile' '--disable-silent-rules' '--enable-multiplatform=yes' '--enable-cxx-runtime-hack=yes' '--enable-libtool-hack=yes' '--disable-shared' '--enable-texlive-build' '--bindir=${exec_prefix}/bin/x86_64-pc-linux-gnu' '--libdir=${exec_prefix}/lib/x86_64-pc-linux-gnu' '--with-x' '--enable-autosp=yes' '--enable-devnag=yes' '--enable-lacheck=yes' '--enable-m-tx=yes' '--enable-pmx=yes' '--enable-ps2eps=yes' '--enable-t1utils=yes' '--enable-texdoctk=yes' '--enable-tpic2pdftex=yes' '--enable-vlna=yes' '--enable-xindy=no' '--with-clisp-runtime=default' '--enable-xpdfopen=yes' '--enable-web2c=yes' '--enable-afm2pl=yes' '--enable-bibtex-x=yes' '--enable-chktex=yes' '--enable-cjkutils=yes' '--enable-detex=yes' '--enable-dtl=yes' '--enable-dvi2tty=yes' '--enable-dvidvi=yes' '--enable-dviljk=yes' '--enable-dvipdfm-x=yes' '--enable-dvipng=yes' '--enable-dvipos=yes' '--enable-dvipsk=yes' '--enable-dvisvgm=yes' '--enable-gregorio=yes' '--enable-gsftopk=yes' '--enable-lcdf-typetools=yes' '--enable-makeindexk=yes' '--enable-makejvf=yes' '--enable-mendexk=yes' '--enable-musixtnt=yes' '--enable-ps2pk=yes' '--enable-psutils=yes' '--enable-seetexk=yes' '--enable-tex4htk=yes' '--enable-ttf2pk2=yes' '--enable-ttfdump=yes' '--enable-upmendex=yes' '--enable-xdvik=yes' '--enable-texlive=yes' '--with-system-harfbuzz=no' '--with-system-icu=no' '--with-system-teckit=no' '--with-system-graphite2=no' '--with-system-zziplib=no' '--with-system-xpdf=no' '--with-system-poppler=no' '--with-system-mpfr=no' '--with-system-gmp=no' '--with-system-cairo=no' '--with-system-pixman=no' '--with-system-potrace=no' '--with-system-gd=no' '--with-system-freetype2=no' '--with-system-libpng=no' '--with-system-libpaper=no' '--with-system-zlib=no' '--with-system-ptexenc=no' '--with-system-kpathsea=no' '--datarootdir=${prefix}' '--mandir=${prefix}/texmf-dist/doc/man' '--infodir=${prefix}/texmf-dist/doc/info' --cache-file=/dev/null --srcdir=.
configure:24699: === configuring in utils (/home/maqiyuan/Desktop/texlive-upstream/utils)
configure:24762: running /bin/bash ./configure --disable-option-checking '--prefix=/usr/local'  '--enable-build-in-source-tree' '--enable-native-texlive-build' '--enable-largefile' '--disable-silent-rules' '--enable-multiplatform=yes' '--enable-cxx-runtime-hack=yes' '--enable-libtool-hack=yes' '--disable-shared' '--enable-texlive-build' '--bindir=${exec_prefix}/bin/x86_64-pc-linux-gnu' '--libdir=${exec_prefix}/lib/x86_64-pc-linux-gnu' '--with-x' '--enable-autosp=yes' '--enable-devnag=yes' '--enable-lacheck=yes' '--enable-m-tx=yes' '--enable-pmx=yes' '--enable-ps2eps=yes' '--enable-t1utils=yes' '--enable-texdoctk=yes' '--enable-tpic2pdftex=yes' '--enable-vlna=yes' '--enable-xindy=no' '--with-clisp-runtime=default' '--enable-xpdfopen=yes' '--enable-web2c=yes' '--enable-afm2pl=yes' '--enable-bibtex-x=yes' '--enable-chktex=yes' '--enable-cjkutils=yes' '--enable-detex=yes' '--enable-dtl=yes' '--enable-dvi2tty=yes' '--enable-dvidvi=yes' '--enable-dviljk=yes' '--enable-dvipdfm-x=yes' '--enable-dvipng=yes' '--enable-dvipos=yes' '--enable-dvipsk=yes' '--enable-dvisvgm=yes' '--enable-gregorio=yes' '--enable-gsftopk=yes' '--enable-lcdf-typetools=yes' '--enable-makeindexk=yes' '--enable-makejvf=yes' '--enable-mendexk=yes' '--enable-musixtnt=yes' '--enable-ps2pk=yes' '--enable-psutils=yes' '--enable-seetexk=yes' '--enable-tex4htk=yes' '--enable-ttf2pk2=yes' '--enable-ttfdump=yes' '--enable-upmendex=yes' '--enable-xdvik=yes' '--enable-texlive=yes' '--with-system-harfbuzz=no' '--with-system-icu=no' '--with-system-teckit=no' '--with-system-graphite2=no' '--with-system-zziplib=no' '--with-system-xpdf=no' '--with-system-poppler=no' '--with-system-mpfr=no' '--with-system-gmp=no' '--with-system-cairo=no' '--with-system-pixman=no' '--with-system-potrace=no' '--with-system-gd=no' '--with-system-freetype2=no' '--with-system-libpng=no' '--with-system-libpaper=no' '--with-system-zlib=no' '--with-system-ptexenc=no' '--with-system-kpathsea=no' '--datarootdir=${prefix}' '--mandir=${prefix}/texmf-dist/doc/man' '--infodir=${prefix}/texmf-dist/doc/info' --cache-file=/dev/null --srcdir=.
configure:24699: === configuring in texk (/home/maqiyuan/Desktop/texlive-upstream/texk)
configure:24762: running /bin/bash ./configure --disable-option-checking '--prefix=/usr/local'  '--enable-build-in-source-tree' '--enable-native-texlive-build' '--enable-largefile' '--disable-silent-rules' '--enable-multiplatform=yes' '--enable-cxx-runtime-hack=yes' '--enable-libtool-hack=yes' '--disable-shared' '--enable-texlive-build' '--bindir=${exec_prefix}/bin/x86_64-pc-linux-gnu' '--libdir=${exec_prefix}/lib/x86_64-pc-linux-gnu' '--with-x' '--enable-autosp=yes' '--enable-devnag=yes' '--enable-lacheck=yes' '--enable-m-tx=yes' '--enable-pmx=yes' '--enable-ps2eps=yes' '--enable-t1utils=yes' '--enable-texdoctk=yes' '--enable-tpic2pdftex=yes' '--enable-vlna=yes' '--enable-xindy=no' '--with-clisp-runtime=default' '--enable-xpdfopen=yes' '--enable-web2c=yes' '--enable-afm2pl=yes' '--enable-bibtex-x=yes' '--enable-chktex=yes' '--enable-cjkutils=yes' '--enable-detex=yes' '--enable-dtl=yes' '--enable-dvi2tty=yes' '--enable-dvidvi=yes' '--enable-dviljk=yes' '--enable-dvipdfm-x=yes' '--enable-dvipng=yes' '--enable-dvipos=yes' '--enable-dvipsk=yes' '--enable-dvisvgm=yes' '--enable-gregorio=yes' '--enable-gsftopk=yes' '--enable-lcdf-typetools=yes' '--enable-makeindexk=yes' '--enable-makejvf=yes' '--enable-mendexk=yes' '--enable-musixtnt=yes' '--enable-ps2pk=yes' '--enable-psutils=yes' '--enable-seetexk=yes' '--enable-tex4htk=yes' '--enable-ttf2pk2=yes' '--enable-ttfdump=yes' '--enable-upmendex=yes' '--enable-xdvik=yes' '--enable-texlive=yes' '--with-system-harfbuzz=no' '--with-system-icu=no' '--with-system-teckit=no' '--with-system-graphite2=no' '--with-system-zziplib=no' '--with-system-xpdf=no' '--with-system-poppler=no' '--with-system-mpfr=no' '--with-system-gmp=no' '--with-system-cairo=no' '--with-system-pixman=no' '--with-system-potrace=no' '--with-system-gd=no' '--with-system-freetype2=no' '--with-system-libpng=no' '--with-system-libpaper=no' '--with-system-zlib=no' '--with-system-ptexenc=no' '--with-system-kpathsea=no' '--datarootdir=${prefix}' '--mandir=${prefix}/texmf-dist/doc/man' '--infodir=${prefix}/texmf-dist/doc/info' --cache-file=/dev/null --srcdir=.
configure:24802: result:
** Configuration summary for TeX Live 2016-05-23 (2017/dev):

   compiling for x86_64-pc-linux-gnu
      in /home/maqiyuan/Desktop/texlive-upstream
configure:24840: result:
   C compiler (CC):              gcc (gcc (Ubuntu 5.4.0-6ubuntu1~16.04.1) 5.4.0 20160609)
   C++ compiler (CXX):           g++ (g++ (Ubuntu 5.4.0-6ubuntu1~16.04.1) 5.4.0 20160609)
   PATH:                         /usr/local/sbin:/usr/local/bin:/usr/sbin:/usr/bin:/sbin:/bin:/usr/games:/usr/local/games:/snap/bin:/home/maqiyuan/bin/FDK/Tools/linux

   enable_native_texlive_build:  yes
   enable_largefile:             yes
   enable_shared:                no
   enable_multiplatform:         yes
   enable_cxx_runtime_hack:      yes
   enable_libtool_hack:          yes
   enable_compiler_warnings:     min

   prefix:                       /usr/local
   includedir:                   ${prefix}/include
   datarootdir:                  ${prefix}
   mandir:                       ${prefix}/texmf-dist/doc/man
   infodir:                      ${prefix}/texmf-dist/doc/info
   exec_prefix:                  ${prefix}
   bindir:                       ${exec_prefix}/bin/x86_64-pc-linux-gnu
   libdir:                       ${exec_prefix}/lib/x86_64-pc-linux-gnu

** Next run `make' to configure and build each library and program.


## ---------------- ##
## Cache variables. ##
## ---------------- ##

ac_cv_build=x86_64-pc-linux-gnu
ac_cv_c_compiler_gnu=yes
ac_cv_c_const=yes
ac_cv_c_inline=inline
ac_cv_c_int64_t=yes
ac_cv_c_uint64_t=yes
ac_cv_cxx_compiler_gnu=yes
ac_cv_env_CCC_set=
ac_cv_env_CCC_value=
ac_cv_env_CC_set=
ac_cv_env_CC_value=
ac_cv_env_CFLAGS_set=
ac_cv_env_CFLAGS_value=
ac_cv_env_CPPFLAGS_set=
ac_cv_env_CPPFLAGS_value=
ac_cv_env_CPP_set=
ac_cv_env_CPP_value=
ac_cv_env_CXXCPP_set=
ac_cv_env_CXXCPP_value=
ac_cv_env_CXXFLAGS_set=
ac_cv_env_CXXFLAGS_value=
ac_cv_env_CXX_set=
ac_cv_env_CXX_value=
ac_cv_env_LDFLAGS_set=
ac_cv_env_LDFLAGS_value=
ac_cv_env_LIBS_set=
ac_cv_env_LIBS_value=
ac_cv_env_LT_SYS_LIBRARY_PATH_set=
ac_cv_env_LT_SYS_LIBRARY_PATH_value=
ac_cv_env_XMKMF_set=
ac_cv_env_XMKMF_value=
ac_cv_env_build_alias_set=
ac_cv_env_build_alias_value=
ac_cv_env_host_alias_set=
ac_cv_env_host_alias_value=
ac_cv_env_target_alias_set=
ac_cv_env_target_alias_value=
ac_cv_func_closedir_void=no
ac_cv_func_connect=yes
ac_cv_func_getcwd=yes
ac_cv_func_gethostbyname=yes
ac_cv_func_getwd=yes
ac_cv_func_memcmp=yes
ac_cv_func_memcpy=yes
ac_cv_func_mkstemp=yes
ac_cv_func_mktemp=yes
ac_cv_func_putenv=yes
ac_cv_func_remove=yes
ac_cv_func_shmat=yes
ac_cv_func_strchr=yes
ac_cv_func_strrchr=yes
ac_cv_have_decl_isascii=yes
ac_cv_have_x='have_x=yes	ac_x_includes='\'''\''	ac_x_libraries='\'''\'''
ac_cv_header_assert_h=yes
ac_cv_header_dirent_dirent_h=yes
ac_cv_header_dlfcn_h=yes
ac_cv_header_float_h=yes
ac_cv_header_inttypes_h=yes
ac_cv_header_limits_h=yes
ac_cv_header_memory_h=yes
ac_cv_header_pwd_h=yes
ac_cv_header_stdc=yes
ac_cv_header_stdint_h=yes
ac_cv_header_stdlib_h=yes
ac_cv_header_string_h=yes
ac_cv_header_strings_h=yes
ac_cv_header_sys_param_h=yes
ac_cv_header_sys_stat_h=yes
ac_cv_header_sys_types_h=yes
ac_cv_header_unistd_h=yes
ac_cv_host=x86_64-pc-linux-gnu
ac_cv_lib_ICE_IceConnectionNumber=yes
ac_cv_member_struct_stat_st_mtim=yes
ac_cv_objext=o
ac_cv_path_EGREP='/bin/grep -E'
ac_cv_path_FGREP='/bin/grep -F'
ac_cv_path_GREP=/bin/grep
ac_cv_path_SED=/bin/sed
ac_cv_path_install='/usr/bin/install -c'
ac_cv_path_lt_DD=/bin/dd
ac_cv_path_mkdir=/bin/mkdir
ac_cv_prog_AWK=gawk
ac_cv_prog_CPP='gcc -E'
ac_cv_prog_CXXCPP='g++ -E'
ac_cv_prog_ac_ct_AR=ar
ac_cv_prog_ac_ct_CC=gcc
ac_cv_prog_ac_ct_CXX=g++
ac_cv_prog_ac_ct_FT2_CONFIG=freetype-config
ac_cv_prog_ac_ct_ICU_CONFIG=icu-config
ac_cv_prog_ac_ct_MANIFEST_TOOL=mt
ac_cv_prog_ac_ct_OBJDUMP=objdump
ac_cv_prog_ac_ct_PKG_CONFIG=pkg-config
ac_cv_prog_ac_ct_RANLIB=ranlib
ac_cv_prog_ac_ct_STRIP=strip
ac_cv_prog_cc_c89=
ac_cv_prog_cc_g=yes
ac_cv_prog_cxx_g=yes
ac_cv_prog_make_make_set=yes
ac_cv_search_opendir='none required'
ac_cv_sys_file_offset_bits=no
ac_cv_sys_largefile_CC=no
ac_cv_sys_largefile_source=no
ac_cv_type_size_t=yes
am_cv_CC_dependencies_compiler_type=gcc3
am_cv_CXX_dependencies_compiler_type=gcc3
am_cv_make_support_nested_variables=yes
am_cv_prog_cc_c_o=yes
am_cv_prog_tar_pax=gnutar
kb_cv_c_prototypes=yes
kpse_cv_have_win32=no
kpse_cv_warning_cflags='-Wimplicit -Wreturn-type -Wdeclaration-after-statement -Wno-unknown-pragmas'
kpse_cv_warning_cxxflags='-Wreturn-type -Wno-unknown-pragmas -Wno-write-strings'
lt_cv_ar_at_file=@
lt_cv_deplibs_check_method=pass_all
lt_cv_file_magic_cmd='$MAGIC_CMD'
lt_cv_file_magic_test_file=
lt_cv_ld_reload_flag=-r
lt_cv_nm_interface='BSD nm'
lt_cv_objdir=.libs
lt_cv_path_LD=/usr/bin/ld
lt_cv_path_LDCXX='/usr/bin/ld -m elf_x86_64'
lt_cv_path_NM='/usr/bin/nm -B'
lt_cv_path_mainfest_tool=no
lt_cv_prog_compiler_c_o=yes
lt_cv_prog_compiler_c_o_CXX=yes
lt_cv_prog_compiler_pic='-fPIC -DPIC'
lt_cv_prog_compiler_pic_CXX='-fPIC -DPIC'
lt_cv_prog_compiler_pic_works=yes
lt_cv_prog_compiler_pic_works_CXX=yes
lt_cv_prog_compiler_rtti_exceptions=no
lt_cv_prog_compiler_static_works=yes
lt_cv_prog_compiler_static_works_CXX=yes
lt_cv_prog_gnu_ld=yes
lt_cv_prog_gnu_ldcxx=yes
lt_cv_sharedlib_from_linklib_cmd='printf %s\n'
lt_cv_shlibpath_overrides_runpath=no
lt_cv_sys_global_symbol_pipe='sed -n -e '\''s/^.*[	 ]\([ABCDGIRSTW][ABCDGIRSTW]*\)[	 ][	 ]*\([_A-Za-z][_A-Za-z0-9]*\)$/\1 \2 \2/p'\'' | sed '\''/ __gnu_lto/d'\'''
lt_cv_sys_global_symbol_to_c_name_address='sed -n -e '\''s/^: \(.*\) .*$/  {"\1", (void *) 0},/p'\'' -e '\''s/^[ABCDGIRSTW][ABCDGIRSTW]* .* \(.*\)$/  {"\1", (void *) \&\1},/p'\'''
lt_cv_sys_global_symbol_to_c_name_address_lib_prefix='sed -n -e '\''s/^: \(.*\) .*$/  {"\1", (void *) 0},/p'\'' -e '\''s/^[ABCDGIRSTW][ABCDGIRSTW]* .* \(lib.*\)$/  {"\1", (void *) \&\1},/p'\'' -e '\''s/^[ABCDGIRSTW][ABCDGIRSTW]* .* \(.*\)$/  {"lib\1", (void *) \&\1},/p'\'''
lt_cv_sys_global_symbol_to_cdecl='sed -n -e '\''s/^T .* \(.*\)$/extern int \1();/p'\'' -e '\''s/^[ABCDGIRSTW][ABCDGIRSTW]* .* \(.*\)$/extern char \1;/p'\'''
lt_cv_sys_global_symbol_to_import=
lt_cv_sys_max_cmd_len=1572864
lt_cv_to_host_file_cmd=func_convert_file_noop
lt_cv_to_tool_file_cmd=func_convert_file_noop
lt_cv_truncate_bin='/bin/dd bs=4096 count=1'

## ----------------- ##
## Output variables. ##
## ----------------- ##

ACLOCAL='${SHELL} /home/maqiyuan/Desktop/texlive-upstream/build-aux/missing aclocal-1.15'
AMDEPBACKSLASH='\'
AMDEP_FALSE='#'
AMDEP_TRUE=''
AMTAR='$${TAR-tar}'
AM_BACKSLASH='\'
AM_DEFAULT_V='$(AM_DEFAULT_VERBOSITY)'
AM_DEFAULT_VERBOSITY='1'
AM_V='$(V)'
AR='ar'
AS='as'
AUTOCONF='${SHELL} /home/maqiyuan/Desktop/texlive-upstream/build-aux/missing autoconf'
AUTOHEADER='${SHELL} /home/maqiyuan/Desktop/texlive-upstream/build-aux/missing autoheader'
AUTOMAKE='${SHELL} /home/maqiyuan/Desktop/texlive-upstream/build-aux/missing automake-1.15'
AWK='gawk'
CC='gcc'
CCDEPMODE='depmode=gcc3'
CFLAGS='-g -O2'
CONF_SUBDIRS='texk/kpathsea texk/ptexenc '
CPP='gcc -E'
CPPFLAGS=''
CXX='g++'
CXXCPP='g++ -E'
CXXDEPMODE='depmode=gcc3'
CXXFLAGS='-g -O2'
CYGPATH_W='echo'
DEFS='-DPACKAGE_NAME=\"TeX\ Live\" -DPACKAGE_TARNAME=\"tex-live\" -DPACKAGE_VERSION=\"2016-05-23\" -DPACKAGE_STRING=\"TeX\ Live\ 2016-05-23\" -DPACKAGE_BUGREPORT=\"tex-k@tug.org\" -DPACKAGE_URL=\"\" -DSTDC_HEADERS=1 -DHAVE_SYS_TYPES_H=1 -DHAVE_SYS_STAT_H=1 -DHAVE_STDLIB_H=1 -DHAVE_STRING_H=1 -DHAVE_MEMORY_H=1 -DHAVE_STRINGS_H=1 -DHAVE_INTTYPES_H=1 -DHAVE_STDINT_H=1 -DHAVE_UNISTD_H=1 -DHAVE_DLFCN_H=1 -DPACKAGE=\"tex-live\" -DVERSION=\"2016-05-23\" -DLT_OBJDIR=\".libs/\" -DHAVE_FSEEKO=1 -DHAVE_DIRENT_H=1 -DSTDC_HEADERS=1 -DHAVE_ASSERT_H=1 -DHAVE_FLOAT_H=1 -DHAVE_LIMITS_H=1 -DHAVE_PWD_H=1 -DHAVE_STDLIB_H=1 -DHAVE_SYS_PARAM_H=1 -DHAVE_PUTENV=1 -DHAVE_GETCWD=1 -DHAVE_GETWD=1 -DHAVE_MEMCMP=1 -DHAVE_MEMCPY=1 -DHAVE_MKSTEMP=1 -DHAVE_MKTEMP=1 -DHAVE_STRCHR=1 -DHAVE_STRRCHR=1 -DHAVE_DECL_ISASCII=1 -DHAVE_STRUCT_STAT_ST_MTIM=1'
DEPDIR='.deps'
DLLTOOL='false'
DSYMUTIL=''
DUMPBIN=''
ECHO_C=''
ECHO_N='-n'
ECHO_T=''
EGREP='/bin/grep -E'
EXEEXT=''
FGREP='/bin/grep -F'
FT2_CONFIG='freetype-config'
GREP='/bin/grep'
ICU_CONFIG='icu-config'
INSTALL_DATA='${INSTALL} -m 644'
INSTALL_PROGRAM='${INSTALL}'
INSTALL_SCRIPT='${INSTALL}'
INSTALL_STRIP_PROGRAM='$(install_sh) -c -s'
LD='/usr/bin/ld -m elf_x86_64'
LDFLAGS=''
LIBOBJS=''
LIBS=''
LIBTOOL='$(SHELL) $(top_builddir)/libtool'
LIPO=''
LN_S='ln -s'
LTLIBOBJS=''
LT_SYS_LIBRARY_PATH=''
MAINT='#'
MAINTAINER_MODE_FALSE=''
MAINTAINER_MODE_TRUE='#'
MAKEINFO='${SHELL} /home/maqiyuan/Desktop/texlive-upstream/build-aux/missing makeinfo'
MAKE_SUBDIRS='texk/kpathsea texk/ptexenc '
MANIFEST_TOOL=':'
MKDIR_P='/bin/mkdir -p'
NM='/usr/bin/nm -B'
NMEDIT=''
OBJDUMP='objdump'
OBJEXT='o'
OTOOL64=''
OTOOL=''
PACKAGE='tex-live'
PACKAGE_BUGREPORT='tex-k@tug.org'
PACKAGE_NAME='TeX Live'
PACKAGE_STRING='TeX Live 2016-05-23'
PACKAGE_TARNAME='tex-live'
PACKAGE_URL=''
PACKAGE_VERSION='2016-05-23'
PATH_SEPARATOR=':'
PKG_CONFIG='pkg-config'
RANLIB='ranlib'
SED='/bin/sed'
SET_MAKE=''
SHELL='/bin/bash'
STRIP='strip'
VERSION='2016-05-23'
WARNING_CFLAGS='-Wimplicit -Wreturn-type -Wdeclaration-after-statement -Wno-unknown-pragmas'
WARNING_CXXFLAGS='-Wreturn-type -Wno-unknown-pragmas -Wno-write-strings'
XMKMF=''
X_CFLAGS=''
X_EXTRA_LIBS=''
X_LIBS=''
X_PRE_LIBS=' -lSM -lICE'
ac_ct_AR='ar'
ac_ct_CC='gcc'
ac_ct_CXX='g++'
ac_ct_DUMPBIN=''
am__EXEEXT_FALSE=''
am__EXEEXT_TRUE='#'
am__fastdepCC_FALSE='#'
am__fastdepCC_TRUE=''
am__fastdepCXX_FALSE='#'
am__fastdepCXX_TRUE=''
am__include='include'
am__isrc=''
am__leading_dot='.'
am__nodep='_no'
am__quote=''
am__tar='tar --format=posix -chf - "$$tardir"'
am__untar='tar -xf -'
bindir='${exec_prefix}/bin/x86_64-pc-linux-gnu'
build='x86_64-pc-linux-gnu'
build_alias=''
build_cpu='x86_64'
build_os='linux-gnu'
build_vendor='pc'
cross_FALSE=''
cross_TRUE='#'
datadir='${datarootdir}'
datarootdir='${prefix}'
docdir='${datarootdir}/doc/${PACKAGE_TARNAME}'
dvidir='${docdir}'
exec_prefix='${prefix}'
host='x86_64-pc-linux-gnu'
host_alias=''
host_cpu='x86_64'
host_os='linux-gnu'
host_vendor='pc'
htmldir='${docdir}'
includedir='${prefix}/include'
infodir='${prefix}/texmf-dist/doc/info'
install_sh='${SHELL} /home/maqiyuan/Desktop/texlive-upstream/build-aux/install-sh'
libdir='${exec_prefix}/lib/x86_64-pc-linux-gnu'
libexecdir='${exec_prefix}/libexec'
localedir='${datarootdir}/locale'
localstatedir='${prefix}/var'
mandir='${prefix}/texmf-dist/doc/man'
mkdir_p='$(MKDIR_P)'
oldincludedir='/usr/include'
pdfdir='${docdir}'
prefix='/usr/local'
program_transform_name='s,x,x,'
psdir='${docdir}'
sbindir='${exec_prefix}/sbin'
sharedstatedir='${prefix}/com'
subdirs=' auxdir/auxsub libs utils texk'
sysconfdir='${prefix}/etc'
target_alias=''

## ----------- ##
## confdefs.h. ##
## ----------- ##

/* confdefs.h */
#define PACKAGE_NAME "TeX Live"
#define PACKAGE_TARNAME "tex-live"
#define PACKAGE_VERSION "2016-05-23"
#define PACKAGE_STRING "TeX Live 2016-05-23"
#define PACKAGE_BUGREPORT "tex-k@tug.org"
#define PACKAGE_URL ""
#define STDC_HEADERS 1
#define HAVE_SYS_TYPES_H 1
#define HAVE_SYS_STAT_H 1
#define HAVE_STDLIB_H 1
#define HAVE_STRING_H 1
#define HAVE_MEMORY_H 1
#define HAVE_STRINGS_H 1
#define HAVE_INTTYPES_H 1
#define HAVE_STDINT_H 1
#define HAVE_UNISTD_H 1
#define HAVE_DLFCN_H 1
#define PACKAGE "tex-live"
#define VERSION "2016-05-23"
#define LT_OBJDIR ".libs/"
#define HAVE_FSEEKO 1
#define HAVE_DIRENT_H 1
#define STDC_HEADERS 1
#define HAVE_ASSERT_H 1
#define HAVE_FLOAT_H 1
#define HAVE_LIMITS_H 1
#define HAVE_PWD_H 1
#define HAVE_STDLIB_H 1
#define HAVE_SYS_PARAM_H 1
#define HAVE_PUTENV 1
#define HAVE_GETCWD 1
#define HAVE_GETWD 1
#define HAVE_MEMCMP 1
#define HAVE_MEMCPY 1
#define HAVE_MKSTEMP 1
#define HAVE_MKTEMP 1
#define HAVE_STRCHR 1
#define HAVE_STRRCHR 1
#define HAVE_DECL_ISASCII 1
#define HAVE_STRUCT_STAT_ST_MTIM 1

configure: exit 0
