This file contains any messages produced by compilers while
running configure, to aid debugging if configure makes a mistake.

It was created by ttf2pk2 (TeX Live) configure 2.0, which was
generated by GNU Autoconf 2.69.  Invocation command line was

  $ ./configure --disable-option-checking --prefix=/usr/local --enable-build-in-source-tree --enable-native-texlive-build --enable-largefile --disable-silent-rules --enable-multiplatform=yes --enable-cxx-runtime-hack=yes --enable-libtool-hack=yes --disable-shared --enable-texlive-build --bindir=${exec_prefix}/bin/x86_64-pc-linux-gnu --libdir=${exec_prefix}/lib/x86_64-pc-linux-gnu --with-x --enable-autosp=yes --enable-devnag=yes --enable-lacheck=yes --enable-m-tx=yes --enable-pmx=yes --enable-ps2eps=yes --enable-t1utils=yes --enable-texdoctk=yes --enable-tpic2pdftex=yes --enable-vlna=yes --enable-xindy=no --with-clisp-runtime=default --enable-xpdfopen=yes --enable-web2c=yes --enable-afm2pl=yes --enable-bibtex-x=yes --enable-chktex=yes --enable-cjkutils=yes --enable-detex=yes --enable-dtl=yes --enable-dvi2tty=yes --enable-dvidvi=yes --enable-dviljk=yes --enable-dvipdfm-x=yes --enable-dvipng=yes --enable-dvipos=yes --enable-dvipsk=yes --enable-dvisvgm=yes --enable-gregorio=yes --enable-gsftopk=yes --enable-lcdf-typetools=yes --enable-makeindexk=yes --enable-makejvf=yes --enable-mendexk=yes --enable-musixtnt=yes --enable-ps2pk=yes --enable-psutils=yes --enable-seetexk=yes --enable-tex4htk=yes --enable-ttf2pk2=yes --enable-ttfdump=yes --enable-upmendex=yes --enable-xdvik=yes --enable-texlive=yes --with-system-harfbuzz=no --with-system-icu=no --with-system-teckit=no --with-system-graphite2=no --with-system-zziplib=no --with-system-xpdf=no --with-system-poppler=no --with-system-mpfr=no --with-system-gmp=no --with-system-cairo=no --with-system-pixman=no --with-system-potrace=no --with-system-gd=no --with-system-freetype2=no --with-system-libpng=no --with-system-libpaper=no --with-system-zlib=no --with-system-ptexenc=no --with-system-kpathsea=no --datarootdir=${prefix} --mandir=${prefix}/texmf-dist/doc/man --infodir=${prefix}/texmf-dist/doc/info --cache-file=/dev/null --srcdir=.

## --------- ##
## Platform. ##
## --------- ##

hostname = maqiyuan-E430c
uname -m = x86_64
uname -r = 4.4.0-34-generic
uname -s = Linux
uname -v = #53-Ubuntu SMP Wed Jul 27 16:06:39 UTC 2016

/usr/bin/uname -p = unknown
/bin/uname -X     = unknown

/bin/arch              = unknown
/usr/bin/arch -k       = unknown
/usr/convex/getsysinfo = unknown
/usr/bin/hostinfo      = unknown
/bin/machine           = unknown
/usr/bin/oslevel       = unknown
/bin/universe          = unknown

PATH: /usr/local/sbin
PATH: /usr/local/bin
PATH: /usr/sbin
PATH: /usr/bin
PATH: /sbin
PATH: /bin
PATH: /usr/games
PATH: /usr/local/games
PATH: /snap/bin
PATH: /home/maqiyuan/bin/FDK/Tools/linux


## ----------- ##
## Core tests. ##
## ----------- ##

configure:2592: checking for a BSD-compatible install
configure:2660: result: /usr/bin/install -c
configure:2671: checking whether build environment is sane
configure:2726: result: yes
configure:2877: checking for a thread-safe mkdir -p
configure:2916: result: /bin/mkdir -p
configure:2923: checking for gawk
configure:2939: found /usr/bin/gawk
configure:2950: result: gawk
configure:2961: checking whether make sets $(MAKE)
configure:2983: result: yes
configure:3012: checking whether make supports nested variables
configure:3029: result: yes
configure:3052: checking for style of include used by make
configure:3080: result: GNU
configure:3151: checking for gcc
configure:3167: found /usr/bin/gcc
configure:3178: result: gcc
configure:3407: checking for C compiler version
configure:3416: gcc --version >&5
gcc (Ubuntu 5.4.0-6ubuntu1~16.04.1) 5.4.0 20160609
Copyright (C) 2015 Free Software Foundation, Inc.
This is free software; see the source for copying conditions.  There is NO
warranty; not even for MERCHANTABILITY or FITNESS FOR A PARTICULAR PURPOSE.

configure:3427: $? = 0
configure:3416: gcc -v >&5
Using built-in specs.
COLLECT_GCC=gcc
COLLECT_LTO_WRAPPER=/usr/lib/gcc/x86_64-linux-gnu/5/lto-wrapper
Target: x86_64-linux-gnu
Configured with: ../src/configure -v --with-pkgversion='Ubuntu 5.4.0-6ubuntu1~16.04.1' --with-bugurl=file:///usr/share/doc/gcc-5/README.Bugs --enable-languages=c,ada,c++,java,go,d,fortran,objc,obj-c++ --prefix=/usr --program-suffix=-5 --enable-shared --enable-linker-build-id --libexecdir=/usr/lib --without-included-gettext --enable-threads=posix --libdir=/usr/lib --enable-nls --with-sysroot=/ --enable-clocale=gnu --enable-libstdcxx-debug --enable-libstdcxx-time=yes --with-default-libstdcxx-abi=new --enable-gnu-unique-object --disable-vtable-verify --enable-libmpx --enable-plugin --with-system-zlib --disable-browser-plugin --enable-java-awt=gtk --enable-gtk-cairo --with-java-home=/usr/lib/jvm/java-1.5.0-gcj-5-amd64/jre --enable-java-home --with-jvm-root-dir=/usr/lib/jvm/java-1.5.0-gcj-5-amd64 --with-jvm-jar-dir=/usr/lib/jvm-exports/java-1.5.0-gcj-5-amd64 --with-arch-directory=amd64 --with-ecj-jar=/usr/share/java/eclipse-ecj.jar --enable-objc-gc --enable-multiarch --disable-werror --with-arch-32=i686 --with-abi=m64 --with-multilib-list=m32,m64,mx32 --enable-multilib --with-tune=generic --enable-checking=release --build=x86_64-linux-gnu --host=x86_64-linux-gnu --target=x86_64-linux-gnu
Thread model: posix
gcc version 5.4.0 20160609 (Ubuntu 5.4.0-6ubuntu1~16.04.1) 
configure:3427: $? = 0
configure:3416: gcc -V >&5
gcc: error: unrecognized command line option '-V'
gcc: fatal error: no input files
compilation terminated.
configure:3427: $? = 1
configure:3416: gcc -qversion >&5
gcc: error: unrecognized command line option '-qversion'
gcc: fatal error: no input files
compilation terminated.
configure:3427: $? = 1
configure:3447: checking whether the C compiler works
configure:3469: gcc    conftest.c  >&5
configure:3473: $? = 0
configure:3521: result: yes
configure:3524: checking for C compiler default output file name
configure:3526: result: a.out
configure:3532: checking for suffix of executables
configure:3539: gcc -o conftest    conftest.c  >&5
configure:3543: $? = 0
configure:3565: result: 
configure:3587: checking whether we are cross compiling
configure:3595: gcc -o conftest    conftest.c  >&5
configure:3599: $? = 0
configure:3606: ./conftest
configure:3610: $? = 0
configure:3625: result: no
configure:3630: checking for suffix of object files
configure:3652: gcc -c   conftest.c >&5
configure:3656: $? = 0
configure:3677: result: o
configure:3681: checking whether we are using the GNU C compiler
configure:3700: gcc -c   conftest.c >&5
configure:3700: $? = 0
configure:3709: result: yes
configure:3718: checking whether gcc accepts -g
configure:3738: gcc -c -g  conftest.c >&5
configure:3738: $? = 0
configure:3779: result: yes
configure:3796: checking for gcc option to accept ISO C89
configure:3859: gcc  -c -g -O2  conftest.c >&5
configure:3859: $? = 0
configure:3872: result: none needed
configure:3897: checking whether gcc understands -c and -o together
configure:3919: gcc -c conftest.c -o conftest2.o
configure:3922: $? = 0
configure:3919: gcc -c conftest.c -o conftest2.o
configure:3922: $? = 0
configure:3934: result: yes
configure:3953: checking dependency style of gcc
configure:4064: result: gcc3
configure:4124: checking build system type
configure:4138: result: x86_64-pc-linux-gnu
configure:4158: checking host system type
configure:4171: result: x86_64-pc-linux-gnu
configure:4212: checking how to print strings
configure:4239: result: printf
configure:4260: checking for a sed that does not truncate output
configure:4324: result: /bin/sed
configure:4342: checking for grep that handles long lines and -e
configure:4400: result: /bin/grep
configure:4405: checking for egrep
configure:4467: result: /bin/grep -E
configure:4472: checking for fgrep
configure:4534: result: /bin/grep -F
configure:4569: checking for ld used by gcc
configure:4636: result: /usr/bin/ld
configure:4643: checking if the linker (/usr/bin/ld) is GNU ld
configure:4658: result: yes
configure:4670: checking for BSD- or MS-compatible name lister (nm)
configure:4724: result: /usr/bin/nm -B
configure:4854: checking the name lister (/usr/bin/nm -B) interface
configure:4861: gcc -c -g -O2  conftest.c >&5
configure:4864: /usr/bin/nm -B "conftest.o"
configure:4867: output
0000000000000000 B some_variable
configure:4874: result: BSD nm
configure:4877: checking whether ln -s works
configure:4881: result: yes
configure:4889: checking the maximum length of command line arguments
configure:5020: result: 1572864
configure:5068: checking how to convert x86_64-pc-linux-gnu file names to x86_64-pc-linux-gnu format
configure:5108: result: func_convert_file_noop
configure:5115: checking how to convert x86_64-pc-linux-gnu file names to toolchain format
configure:5135: result: func_convert_file_noop
configure:5142: checking for /usr/bin/ld option to reload object files
configure:5149: result: -r
configure:5223: checking for objdump
configure:5239: found /usr/bin/objdump
configure:5250: result: objdump
configure:5279: checking how to recognize dependent libraries
configure:5479: result: pass_all
configure:5564: checking for dlltool
configure:5594: result: no
configure:5621: checking how to associate runtime and link libraries
configure:5648: result: printf %s\n
configure:5708: checking for ar
configure:5724: found /usr/bin/ar
configure:5735: result: ar
configure:5772: checking for archiver @FILE support
configure:5789: gcc -c -g -O2  conftest.c >&5
configure:5789: $? = 0
configure:5792: ar cru libconftest.a @conftest.lst >&5
ar: `u' modifier ignored since `D' is the default (see `U')
configure:5795: $? = 0
configure:5800: ar cru libconftest.a @conftest.lst >&5
ar: `u' modifier ignored since `D' is the default (see `U')
ar: conftest.o: No such file or directory
configure:5803: $? = 1
configure:5815: result: @
configure:5873: checking for strip
configure:5889: found /usr/bin/strip
configure:5900: result: strip
configure:5972: checking for ranlib
configure:5988: found /usr/bin/ranlib
configure:5999: result: ranlib
configure:6101: checking command to parse /usr/bin/nm -B output from gcc object
configure:6254: gcc -c -g -O2  conftest.c >&5
configure:6257: $? = 0
configure:6261: /usr/bin/nm -B conftest.o \| sed -n -e 's/^.*[ ]\([ABCDGIRSTW][ABCDGIRSTW]*\)[ ][ ]*\([_A-Za-z][_A-Za-z0-9]*\)$/\1 \2 \2/p' | sed '/ __gnu_lto/d' \> conftest.nm
configure:6264: $? = 0
configure:6330: gcc -o conftest -g -O2   conftest.c conftstm.o >&5
configure:6333: $? = 0
configure:6371: result: ok
configure:6418: checking for sysroot
configure:6448: result: no
configure:6455: checking for a working dd
configure:6493: result: /bin/dd
configure:6497: checking how to truncate binary pipes
configure:6512: result: /bin/dd bs=4096 count=1
configure:6648: gcc -c -g -O2  conftest.c >&5
configure:6651: $? = 0
configure:6841: checking for mt
configure:6857: found /bin/mt
configure:6868: result: mt
configure:6891: checking if mt is a manifest tool
configure:6897: mt '-?'
configure:6905: result: no
configure:7582: checking how to run the C preprocessor
configure:7613: gcc -E  conftest.c
configure:7613: $? = 0
configure:7627: gcc -E  conftest.c
conftest.c:9:28: fatal error: ac_nonexistent.h: No such file or directory
compilation terminated.
configure:7627: $? = 1
configure: failed program was:
| /* confdefs.h */
| #define PACKAGE_NAME "ttf2pk2 (TeX Live)"
| #define PACKAGE_TARNAME "ttf2pk2--tex-live-"
| #define PACKAGE_VERSION "2.0"
| #define PACKAGE_STRING "ttf2pk2 (TeX Live) 2.0"
| #define PACKAGE_BUGREPORT "tex-k@tug.org"
| #define PACKAGE_URL ""
| /* end confdefs.h.  */
| #include <ac_nonexistent.h>
configure:7652: result: gcc -E
configure:7672: gcc -E  conftest.c
configure:7672: $? = 0
configure:7686: gcc -E  conftest.c
conftest.c:9:28: fatal error: ac_nonexistent.h: No such file or directory
compilation terminated.
configure:7686: $? = 1
configure: failed program was:
| /* confdefs.h */
| #define PACKAGE_NAME "ttf2pk2 (TeX Live)"
| #define PACKAGE_TARNAME "ttf2pk2--tex-live-"
| #define PACKAGE_VERSION "2.0"
| #define PACKAGE_STRING "ttf2pk2 (TeX Live) 2.0"
| #define PACKAGE_BUGREPORT "tex-k@tug.org"
| #define PACKAGE_URL ""
| /* end confdefs.h.  */
| #include <ac_nonexistent.h>
configure:7715: checking for ANSI C header files
configure:7735: gcc -c -g -O2  conftest.c >&5
configure:7735: $? = 0
configure:7808: gcc -o conftest -g -O2   conftest.c  >&5
configure:7808: $? = 0
configure:7808: ./conftest
configure:7808: $? = 0
configure:7819: result: yes
configure:7832: checking for sys/types.h
configure:7832: gcc -c -g -O2  conftest.c >&5
configure:7832: $? = 0
configure:7832: result: yes
configure:7832: checking for sys/stat.h
configure:7832: gcc -c -g -O2  conftest.c >&5
configure:7832: $? = 0
configure:7832: result: yes
configure:7832: checking for stdlib.h
configure:7832: gcc -c -g -O2  conftest.c >&5
configure:7832: $? = 0
configure:7832: result: yes
configure:7832: checking for string.h
configure:7832: gcc -c -g -O2  conftest.c >&5
configure:7832: $? = 0
configure:7832: result: yes
configure:7832: checking for memory.h
configure:7832: gcc -c -g -O2  conftest.c >&5
configure:7832: $? = 0
configure:7832: result: yes
configure:7832: checking for strings.h
configure:7832: gcc -c -g -O2  conftest.c >&5
configure:7832: $? = 0
configure:7832: result: yes
configure:7832: checking for inttypes.h
configure:7832: gcc -c -g -O2  conftest.c >&5
configure:7832: $? = 0
configure:7832: result: yes
configure:7832: checking for stdint.h
configure:7832: gcc -c -g -O2  conftest.c >&5
configure:7832: $? = 0
configure:7832: result: yes
configure:7832: checking for unistd.h
configure:7832: gcc -c -g -O2  conftest.c >&5
configure:7832: $? = 0
configure:7832: result: yes
configure:7846: checking for dlfcn.h
configure:7846: gcc -c -g -O2  conftest.c >&5
configure:7846: $? = 0
configure:7846: result: yes
configure:7965: checking whether to enable maintainer-specific portions of Makefiles
configure:7974: result: no
configure:7987: checking whether the compiler accepts prototypes
configure:8003: gcc -o conftest -g -O2   conftest.c  >&5
configure:8003: $? = 0
configure:8011: result: yes
configure:8016: checking what warning flags to pass to the C compiler
configure:8061: result: -Wimplicit -Wreturn-type -Wdeclaration-after-statement -Wno-unknown-pragmas
configure:8615: checking for objdir
configure:8630: result: .libs
configure:8894: checking if gcc supports -fno-rtti -fno-exceptions
configure:8912: gcc -c -g -O2  -fno-rtti -fno-exceptions conftest.c >&5
cc1: warning: command line option '-fno-rtti' is valid for C++/ObjC++ but not for C
configure:8916: $? = 0
configure:8929: result: no
configure:9287: checking for gcc option to produce PIC
configure:9294: result: -fPIC -DPIC
configure:9302: checking if gcc PIC flag -fPIC -DPIC works
configure:9320: gcc -c -g -O2  -fPIC -DPIC -DPIC conftest.c >&5
configure:9324: $? = 0
configure:9337: result: yes
configure:9366: checking if gcc static flag -static works
configure:9394: result: yes
configure:9409: checking if gcc supports -c -o file.o
configure:9430: gcc -c -g -O2  -o out/conftest2.o conftest.c >&5
configure:9434: $? = 0
configure:9456: result: yes
configure:9464: checking if gcc supports -c -o file.o
configure:9511: result: yes
configure:9544: checking whether the gcc linker (/usr/bin/ld -m elf_x86_64) supports shared libraries
configure:10803: result: yes
configure:11043: checking dynamic linker characteristics
configure:11624: gcc -o conftest -g -O2   -Wl,-rpath -Wl,/foo conftest.c  >&5
configure:11624: $? = 0
configure:11861: result: GNU/Linux ld.so
configure:11983: checking how to hardcode library paths into programs
configure:12008: result: immediate
configure:12556: checking whether stripping libraries is possible
configure:12561: result: yes
configure:12596: checking if libtool supports shared libraries
configure:12598: result: yes
configure:12601: checking whether to build shared libraries
configure:12626: result: no
configure:12629: checking whether to build static libraries
configure:12633: result: yes
configure:12677: checking for special C compiler options needed for large files
configure:12722: result: no
configure:12728: checking for _FILE_OFFSET_BITS value needed for large files
configure:12753: gcc -c -g -O2  conftest.c >&5
configure:12753: $? = 0
configure:12785: result: no
configure:12870: checking for _LARGEFILE_SOURCE value needed for large files
configure:12889: gcc -o conftest -g -O2   conftest.c  >&5
configure:12889: $? = 0
configure:12917: result: no
configure:12941: checking for dirent.h that defines DIR
configure:12960: gcc -c -g -O2  conftest.c >&5
configure:12960: $? = 0
configure:12968: result: yes
configure:12981: checking for library containing opendir
configure:13012: gcc -o conftest -g -O2   conftest.c  >&5
configure:13012: $? = 0
configure:13029: result: none required
configure:13096: checking for ANSI C header files
configure:13200: result: yes
configure:13208: checking whether closedir returns void
configure:13232: gcc -o conftest -g -O2   conftest.c  >&5
configure:13232: $? = 0
configure:13232: ./conftest
configure:13232: $? = 0
configure:13242: result: no
configure:13253: checking assert.h usability
configure:13253: gcc -c -g -O2  conftest.c >&5
configure:13253: $? = 0
configure:13253: result: yes
configure:13253: checking assert.h presence
configure:13253: gcc -E  conftest.c
configure:13253: $? = 0
configure:13253: result: yes
configure:13253: checking for assert.h
configure:13253: result: yes
configure:13253: checking float.h usability
configure:13253: gcc -c -g -O2  conftest.c >&5
configure:13253: $? = 0
configure:13253: result: yes
configure:13253: checking float.h presence
configure:13253: gcc -E  conftest.c
configure:13253: $? = 0
configure:13253: result: yes
configure:13253: checking for float.h
configure:13253: result: yes
configure:13253: checking limits.h usability
configure:13253: gcc -c -g -O2  conftest.c >&5
configure:13253: $? = 0
configure:13253: result: yes
configure:13253: checking limits.h presence
configure:13253: gcc -E  conftest.c
configure:13253: $? = 0
configure:13253: result: yes
configure:13253: checking for limits.h
configure:13253: result: yes
configure:13253: checking pwd.h usability
configure:13253: gcc -c -g -O2  conftest.c >&5
configure:13253: $? = 0
configure:13253: result: yes
configure:13253: checking pwd.h presence
configure:13253: gcc -E  conftest.c
configure:13253: $? = 0
configure:13253: result: yes
configure:13253: checking for pwd.h
configure:13253: result: yes
configure:13253: checking for stdlib.h
configure:13253: result: yes
configure:13253: checking sys/param.h usability
configure:13253: gcc -c -g -O2  conftest.c >&5
configure:13253: $? = 0
configure:13253: result: yes
configure:13253: checking sys/param.h presence
configure:13253: gcc -E  conftest.c
configure:13253: $? = 0
configure:13253: result: yes
configure:13253: checking for sys/param.h
configure:13253: result: yes
configure:13265: checking for putenv
configure:13265: gcc -o conftest -g -O2   conftest.c  >&5
configure:13265: $? = 0
configure:13265: result: yes
configure:13277: checking for getcwd
configure:13277: gcc -o conftest -g -O2   conftest.c  >&5
configure:13277: $? = 0
configure:13277: result: yes
configure:13277: checking for getwd
configure:13277: gcc -o conftest -g -O2   conftest.c  >&5
/tmp/cczm1loB.o: In function `main':
/home/maqiyuan/Desktop/texlive-upstream/texk/ttf2pk2/conftest.c:66: warning: the `getwd' function is dangerous and should not be used.
configure:13277: $? = 0
configure:13277: result: yes
configure:13277: checking for memcmp
configure:13277: gcc -o conftest -g -O2   conftest.c  >&5
conftest.c:56:6: warning: conflicting types for built-in function 'memcmp'
 char memcmp ();
      ^
configure:13277: $? = 0
configure:13277: result: yes
configure:13277: checking for memcpy
configure:13277: gcc -o conftest -g -O2   conftest.c  >&5
conftest.c:57:6: warning: conflicting types for built-in function 'memcpy'
 char memcpy ();
      ^
configure:13277: $? = 0
configure:13277: result: yes
configure:13277: checking for mkstemp
configure:13277: gcc -o conftest -g -O2   conftest.c  >&5
configure:13277: $? = 0
configure:13277: result: yes
configure:13277: checking for mktemp
configure:13277: gcc -o conftest -g -O2   conftest.c  >&5
/tmp/ccI4MYKQ.o: In function `main':
/home/maqiyuan/Desktop/texlive-upstream/texk/ttf2pk2/conftest.c:70: warning: the use of `mktemp' is dangerous, better use `mkstemp' or `mkdtemp'
configure:13277: $? = 0
configure:13277: result: yes
configure:13277: checking for strchr
configure:13277: gcc -o conftest -g -O2   conftest.c  >&5
conftest.c:60:6: warning: conflicting types for built-in function 'strchr'
 char strchr ();
      ^
configure:13277: $? = 0
configure:13277: result: yes
configure:13277: checking for strrchr
configure:13277: gcc -o conftest -g -O2   conftest.c  >&5
conftest.c:61:6: warning: conflicting types for built-in function 'strrchr'
 char strrchr ();
      ^
configure:13277: $? = 0
configure:13277: result: yes
configure:13286: checking for an ANSI C-conforming const
configure:13352: gcc -c -g -O2  conftest.c >&5
configure:13352: $? = 0
configure:13359: result: yes
configure:13367: checking for inline
configure:13383: gcc -c -g -O2  conftest.c >&5
configure:13383: $? = 0
configure:13391: result: inline
configure:13409: checking for size_t
configure:13409: gcc -c -g -O2  conftest.c >&5
configure:13409: $? = 0
configure:13409: gcc -c -g -O2  conftest.c >&5
conftest.c: In function 'main':
conftest.c:75:21: error: expected expression before ')' token
 if (sizeof ((size_t)))
                     ^
configure:13409: $? = 1
configure: failed program was:
| /* confdefs.h */
| #define PACKAGE_NAME "ttf2pk2 (TeX Live)"
| #define PACKAGE_TARNAME "ttf2pk2--tex-live-"
| #define PACKAGE_VERSION "2.0"
| #define PACKAGE_STRING "ttf2pk2 (TeX Live) 2.0"
| #define PACKAGE_BUGREPORT "tex-k@tug.org"
| #define PACKAGE_URL ""
| #define STDC_HEADERS 1
| #define HAVE_SYS_TYPES_H 1
| #define HAVE_SYS_STAT_H 1
| #define HAVE_STDLIB_H 1
| #define HAVE_STRING_H 1
| #define HAVE_MEMORY_H 1
| #define HAVE_STRINGS_H 1
| #define HAVE_INTTYPES_H 1
| #define HAVE_STDINT_H 1
| #define HAVE_UNISTD_H 1
| #define HAVE_DLFCN_H 1
| #define LT_OBJDIR ".libs/"
| #define HAVE_FSEEKO 1
| #define HAVE_DIRENT_H 1
| #define STDC_HEADERS 1
| #define HAVE_ASSERT_H 1
| #define HAVE_FLOAT_H 1
| #define HAVE_LIMITS_H 1
| #define HAVE_PWD_H 1
| #define HAVE_STDLIB_H 1
| #define HAVE_SYS_PARAM_H 1
| #define HAVE_PUTENV 1
| #define HAVE_GETCWD 1
| #define HAVE_GETWD 1
| #define HAVE_MEMCMP 1
| #define HAVE_MEMCPY 1
| #define HAVE_MKSTEMP 1
| #define HAVE_MKTEMP 1
| #define HAVE_STRCHR 1
| #define HAVE_STRRCHR 1
| /* end confdefs.h.  */
| #include <stdio.h>
| #ifdef HAVE_SYS_TYPES_H
| # include <sys/types.h>
| #endif
| #ifdef HAVE_SYS_STAT_H
| # include <sys/stat.h>
| #endif
| #ifdef STDC_HEADERS
| # include <stdlib.h>
| # include <stddef.h>
| #else
| # ifdef HAVE_STDLIB_H
| #  include <stdlib.h>
| # endif
| #endif
| #ifdef HAVE_STRING_H
| # if !defined STDC_HEADERS && defined HAVE_MEMORY_H
| #  include <memory.h>
| # endif
| # include <string.h>
| #endif
| #ifdef HAVE_STRINGS_H
| # include <strings.h>
| #endif
| #ifdef HAVE_INTTYPES_H
| # include <inttypes.h>
| #endif
| #ifdef HAVE_STDINT_H
| # include <stdint.h>
| #endif
| #ifdef HAVE_UNISTD_H
| # include <unistd.h>
| #endif
| int
| main ()
| {
| if (sizeof ((size_t)))
| 	    return 0;
|   ;
|   return 0;
| }
configure:13409: result: yes
configure:13420: checking for int64_t
configure:13420: gcc -c -g -O2  conftest.c >&5
configure:13420: $? = 0
configure:13420: gcc -c -g -O2  conftest.c >&5
conftest.c: In function 'main':
conftest.c:77:53: warning: integer overflow in expression [-Woverflow]
    < (int64_t) (((((int64_t) 1 << N) << N) - 1) * 2 + 2))];
                                                     ^
conftest.c:76:12: error: storage size of 'test_array' isn't constant
 static int test_array [1 - 2 * !((int64_t) (((((int64_t) 1 << N) << N) - 1) * 2 + 1)
            ^
configure:13420: $? = 1
configure: failed program was:
| /* confdefs.h */
| #define PACKAGE_NAME "ttf2pk2 (TeX Live)"
| #define PACKAGE_TARNAME "ttf2pk2--tex-live-"
| #define PACKAGE_VERSION "2.0"
| #define PACKAGE_STRING "ttf2pk2 (TeX Live) 2.0"
| #define PACKAGE_BUGREPORT "tex-k@tug.org"
| #define PACKAGE_URL ""
| #define STDC_HEADERS 1
| #define HAVE_SYS_TYPES_H 1
| #define HAVE_SYS_STAT_H 1
| #define HAVE_STDLIB_H 1
| #define HAVE_STRING_H 1
| #define HAVE_MEMORY_H 1
| #define HAVE_STRINGS_H 1
| #define HAVE_INTTYPES_H 1
| #define HAVE_STDINT_H 1
| #define HAVE_UNISTD_H 1
| #define HAVE_DLFCN_H 1
| #define LT_OBJDIR ".libs/"
| #define HAVE_FSEEKO 1
| #define HAVE_DIRENT_H 1
| #define STDC_HEADERS 1
| #define HAVE_ASSERT_H 1
| #define HAVE_FLOAT_H 1
| #define HAVE_LIMITS_H 1
| #define HAVE_PWD_H 1
| #define HAVE_STDLIB_H 1
| #define HAVE_SYS_PARAM_H 1
| #define HAVE_PUTENV 1
| #define HAVE_GETCWD 1
| #define HAVE_GETWD 1
| #define HAVE_MEMCMP 1
| #define HAVE_MEMCPY 1
| #define HAVE_MKSTEMP 1
| #define HAVE_MKTEMP 1
| #define HAVE_STRCHR 1
| #define HAVE_STRRCHR 1
| /* end confdefs.h.  */
| #include <stdio.h>
| #ifdef HAVE_SYS_TYPES_H
| # include <sys/types.h>
| #endif
| #ifdef HAVE_SYS_STAT_H
| # include <sys/stat.h>
| #endif
| #ifdef STDC_HEADERS
| # include <stdlib.h>
| # include <stddef.h>
| #else
| # ifdef HAVE_STDLIB_H
| #  include <stdlib.h>
| # endif
| #endif
| #ifdef HAVE_STRING_H
| # if !defined STDC_HEADERS && defined HAVE_MEMORY_H
| #  include <memory.h>
| # endif
| # include <string.h>
| #endif
| #ifdef HAVE_STRINGS_H
| # include <strings.h>
| #endif
| #ifdef HAVE_INTTYPES_H
| # include <inttypes.h>
| #endif
| #ifdef HAVE_STDINT_H
| # include <stdint.h>
| #endif
| #ifdef HAVE_UNISTD_H
| # include <unistd.h>
| #endif
| 	        enum { N = 64 / 2 - 1 };
| int
| main ()
| {
| static int test_array [1 - 2 * !((int64_t) (((((int64_t) 1 << N) << N) - 1) * 2 + 1)
| 		 < (int64_t) (((((int64_t) 1 << N) << N) - 1) * 2 + 2))];
| test_array [0] = 0;
| return test_array [0];
| 
|   ;
|   return 0;
| }
configure:13420: result: yes
configure:13431: checking for uint64_t
configure:13431: gcc -c -g -O2  conftest.c >&5
configure:13431: $? = 0
configure:13431: result: yes
configure:13451: checking whether isascii is declared
configure:13451: gcc -c -g -O2  conftest.c >&5
configure:13451: $? = 0
configure:13451: result: yes
configure:13463: checking for struct stat.st_mtim
configure:13463: gcc -c -g -O2  conftest.c >&5
conftest.c: In function 'main':
conftest.c:77:5: error: used struct type value where scalar is required
 if (ac_aggr.st_mtim)
     ^
configure:13463: $? = 1
configure: failed program was:
| /* confdefs.h */
| #define PACKAGE_NAME "ttf2pk2 (TeX Live)"
| #define PACKAGE_TARNAME "ttf2pk2--tex-live-"
| #define PACKAGE_VERSION "2.0"
| #define PACKAGE_STRING "ttf2pk2 (TeX Live) 2.0"
| #define PACKAGE_BUGREPORT "tex-k@tug.org"
| #define PACKAGE_URL ""
| #define STDC_HEADERS 1
| #define HAVE_SYS_TYPES_H 1
| #define HAVE_SYS_STAT_H 1
| #define HAVE_STDLIB_H 1
| #define HAVE_STRING_H 1
| #define HAVE_MEMORY_H 1
| #define HAVE_STRINGS_H 1
| #define HAVE_INTTYPES_H 1
| #define HAVE_STDINT_H 1
| #define HAVE_UNISTD_H 1
| #define HAVE_DLFCN_H 1
| #define LT_OBJDIR ".libs/"
| #define HAVE_FSEEKO 1
| #define HAVE_DIRENT_H 1
| #define STDC_HEADERS 1
| #define HAVE_ASSERT_H 1
| #define HAVE_FLOAT_H 1
| #define HAVE_LIMITS_H 1
| #define HAVE_PWD_H 1
| #define HAVE_STDLIB_H 1
| #define HAVE_SYS_PARAM_H 1
| #define HAVE_PUTENV 1
| #define HAVE_GETCWD 1
| #define HAVE_GETWD 1
| #define HAVE_MEMCMP 1
| #define HAVE_MEMCPY 1
| #define HAVE_MKSTEMP 1
| #define HAVE_MKTEMP 1
| #define HAVE_STRCHR 1
| #define HAVE_STRRCHR 1
| #define HAVE_DECL_ISASCII 1
| /* end confdefs.h.  */
| #include <stdio.h>
| #ifdef HAVE_SYS_TYPES_H
| # include <sys/types.h>
| #endif
| #ifdef HAVE_SYS_STAT_H
| # include <sys/stat.h>
| #endif
| #ifdef STDC_HEADERS
| # include <stdlib.h>
| # include <stddef.h>
| #else
| # ifdef HAVE_STDLIB_H
| #  include <stdlib.h>
| # endif
| #endif
| #ifdef HAVE_STRING_H
| # if !defined STDC_HEADERS && defined HAVE_MEMORY_H
| #  include <memory.h>
| # endif
| # include <string.h>
| #endif
| #ifdef HAVE_STRINGS_H
| # include <strings.h>
| #endif
| #ifdef HAVE_INTTYPES_H
| # include <inttypes.h>
| #endif
| #ifdef HAVE_STDINT_H
| # include <stdint.h>
| #endif
| #ifdef HAVE_UNISTD_H
| # include <unistd.h>
| #endif
| int
| main ()
| {
| static struct stat ac_aggr;
| if (ac_aggr.st_mtim)
| return 0;
|   ;
|   return 0;
| }
configure:13463: gcc -c -g -O2  conftest.c >&5
configure:13463: $? = 0
configure:13463: result: yes
configure:13478: checking for library containing floor
configure:13509: gcc -o conftest -g -O2   conftest.c  >&5
conftest.c:48:6: warning: conflicting types for built-in function 'floor'
 char floor ();
      ^
/tmp/ccVe1XYQ.o: In function `main':
/home/maqiyuan/Desktop/texlive-upstream/texk/ttf2pk2/conftest.c:52: undefined reference to `floor'
collect2: error: ld returned 1 exit status
configure:13509: $? = 1
configure: failed program was:
| /* confdefs.h */
| #define PACKAGE_NAME "ttf2pk2 (TeX Live)"
| #define PACKAGE_TARNAME "ttf2pk2--tex-live-"
| #define PACKAGE_VERSION "2.0"
| #define PACKAGE_STRING "ttf2pk2 (TeX Live) 2.0"
| #define PACKAGE_BUGREPORT "tex-k@tug.org"
| #define PACKAGE_URL ""
| #define STDC_HEADERS 1
| #define HAVE_SYS_TYPES_H 1
| #define HAVE_SYS_STAT_H 1
| #define HAVE_STDLIB_H 1
| #define HAVE_STRING_H 1
| #define HAVE_MEMORY_H 1
| #define HAVE_STRINGS_H 1
| #define HAVE_INTTYPES_H 1
| #define HAVE_STDINT_H 1
| #define HAVE_UNISTD_H 1
| #define HAVE_DLFCN_H 1
| #define LT_OBJDIR ".libs/"
| #define HAVE_FSEEKO 1
| #define HAVE_DIRENT_H 1
| #define STDC_HEADERS 1
| #define HAVE_ASSERT_H 1
| #define HAVE_FLOAT_H 1
| #define HAVE_LIMITS_H 1
| #define HAVE_PWD_H 1
| #define HAVE_STDLIB_H 1
| #define HAVE_SYS_PARAM_H 1
| #define HAVE_PUTENV 1
| #define HAVE_GETCWD 1
| #define HAVE_GETWD 1
| #define HAVE_MEMCMP 1
| #define HAVE_MEMCPY 1
| #define HAVE_MKSTEMP 1
| #define HAVE_MKTEMP 1
| #define HAVE_STRCHR 1
| #define HAVE_STRRCHR 1
| #define HAVE_DECL_ISASCII 1
| #define HAVE_STRUCT_STAT_ST_MTIM 1
| /* end confdefs.h.  */
| 
| /* Override any GCC internal prototype to avoid an error.
|    Use char because int might match the return type of a GCC
|    builtin and then its argument prototype would still apply.  */
| #ifdef __cplusplus
| extern "C"
| #endif
| char floor ();
| int
| main ()
| {
| return floor ();
|   ;
|   return 0;
| }
configure:13509: gcc -o conftest -g -O2   conftest.c -lm   >&5
conftest.c:48:6: warning: conflicting types for built-in function 'floor'
 char floor ();
      ^
configure:13509: $? = 0
configure:13526: result: -lm
configure:13544: creating ./config.lt

## ------------------ ##
## Running config.lt. ##
## ------------------ ##
config.lt:628: creating libtool
configure:14885: checking for pkg-config
configure:14901: found /usr/bin/pkg-config
configure:14912: result: pkg-config
configure:14958: checking if libkpathsea supports debugging
configure:14977: ./libtool --mode=link --tag=CC gcc -o conftest -g -O2 -I/home/maqiyuan/Desktop/texlive-upstream/texk -I/home/maqiyuan/Desktop/texlive-upstream/texk   conftest.c /home/maqiyuan/Desktop/texlive-upstream/texk/kpathsea/libkpathsea.la -lm  >&5
libtool: link: gcc -o conftest -g -O2 -I/home/maqiyuan/Desktop/texlive-upstream/texk -I/home/maqiyuan/Desktop/texlive-upstream/texk conftest.c  /home/maqiyuan/Desktop/texlive-upstream/texk/kpathsea/.libs/libkpathsea.a -lm
configure:14977: $? = 0
configure:14988: result: yes
configure:15028: checking if <zlib.h> defines 'z_const'
configure:15047: gcc -c -g -O2 -I/home/maqiyuan/Desktop/texlive-upstream/libs/zlib/include  conftest.c >&5
configure:15047: $? = 0
configure:15057: result: yes
configure:15191: checking kpathsea/version.h usability
configure:15191: gcc -c -g -O2 -I/home/maqiyuan/Desktop/texlive-upstream/texk -I/home/maqiyuan/Desktop/texlive-upstream/texk  conftest.c >&5
configure:15191: $? = 0
configure:15191: result: yes
configure:15191: checking kpathsea/version.h presence
configure:15191: gcc -E -I/home/maqiyuan/Desktop/texlive-upstream/texk -I/home/maqiyuan/Desktop/texlive-upstream/texk  conftest.c
configure:15191: $? = 0
configure:15191: result: yes
configure:15191: checking for kpathsea/version.h
configure:15191: result: yes
configure:15318: checking that generated files are newer than configure
configure:15324: result: done
configure:15351: creating ./config.status

## ---------------------- ##
## Running config.status. ##
## ---------------------- ##

This file was extended by ttf2pk2 (TeX Live) config.status 2.0, which was
generated by GNU Autoconf 2.69.  Invocation command line was

  CONFIG_FILES    = 
  CONFIG_HEADERS  = 
  CONFIG_LINKS    = 
  CONFIG_COMMANDS = 
  $ ./config.status 

on maqiyuan-E430c

config.status:1135: creating Makefile
config.status:1135: creating config.h
config.status:1364: executing depfiles commands
config.status:1364: executing libtool commands

## ---------------- ##
## Cache variables. ##
## ---------------- ##

ac_cv_build=x86_64-pc-linux-gnu
ac_cv_c_compiler_gnu=yes
ac_cv_c_const=yes
ac_cv_c_inline=inline
ac_cv_c_int64_t=yes
ac_cv_c_uint64_t=yes
ac_cv_env_CC_set=
ac_cv_env_CC_value=
ac_cv_env_CFLAGS_set=
ac_cv_env_CFLAGS_value=
ac_cv_env_CPPFLAGS_set=
ac_cv_env_CPPFLAGS_value=
ac_cv_env_CPP_set=
ac_cv_env_CPP_value=
ac_cv_env_LDFLAGS_set=
ac_cv_env_LDFLAGS_value=
ac_cv_env_LIBS_set=
ac_cv_env_LIBS_value=
ac_cv_env_LT_SYS_LIBRARY_PATH_set=
ac_cv_env_LT_SYS_LIBRARY_PATH_value=
ac_cv_env_build_alias_set=
ac_cv_env_build_alias_value=
ac_cv_env_host_alias_set=
ac_cv_env_host_alias_value=
ac_cv_env_target_alias_set=
ac_cv_env_target_alias_value=
ac_cv_func_closedir_void=no
ac_cv_func_getcwd=yes
ac_cv_func_getwd=yes
ac_cv_func_memcmp=yes
ac_cv_func_memcpy=yes
ac_cv_func_mkstemp=yes
ac_cv_func_mktemp=yes
ac_cv_func_putenv=yes
ac_cv_func_strchr=yes
ac_cv_func_strrchr=yes
ac_cv_have_decl_isascii=yes
ac_cv_header_assert_h=yes
ac_cv_header_dirent_dirent_h=yes
ac_cv_header_dlfcn_h=yes
ac_cv_header_float_h=yes
ac_cv_header_inttypes_h=yes
ac_cv_header_kpathsea_version_h=yes
ac_cv_header_limits_h=yes
ac_cv_header_memory_h=yes
ac_cv_header_pwd_h=yes
ac_cv_header_stdc=yes
ac_cv_header_stdint_h=yes
ac_cv_header_stdlib_h=yes
ac_cv_header_string_h=yes
ac_cv_header_strings_h=yes
ac_cv_header_sys_param_h=yes
ac_cv_header_sys_stat_h=yes
ac_cv_header_sys_types_h=yes
ac_cv_header_unistd_h=yes
ac_cv_host=x86_64-pc-linux-gnu
ac_cv_member_struct_stat_st_mtim=yes
ac_cv_objext=o
ac_cv_path_EGREP='/bin/grep -E'
ac_cv_path_FGREP='/bin/grep -F'
ac_cv_path_GREP=/bin/grep
ac_cv_path_SED=/bin/sed
ac_cv_path_install='/usr/bin/install -c'
ac_cv_path_lt_DD=/bin/dd
ac_cv_path_mkdir=/bin/mkdir
ac_cv_prog_AWK=gawk
ac_cv_prog_CPP='gcc -E'
ac_cv_prog_ac_ct_AR=ar
ac_cv_prog_ac_ct_CC=gcc
ac_cv_prog_ac_ct_MANIFEST_TOOL=mt
ac_cv_prog_ac_ct_OBJDUMP=objdump
ac_cv_prog_ac_ct_PKG_CONFIG=pkg-config
ac_cv_prog_ac_ct_RANLIB=ranlib
ac_cv_prog_ac_ct_STRIP=strip
ac_cv_prog_cc_c89=
ac_cv_prog_cc_g=yes
ac_cv_prog_make_make_set=yes
ac_cv_search_floor=-lm
ac_cv_search_opendir='none required'
ac_cv_sys_file_offset_bits=no
ac_cv_sys_largefile_CC=no
ac_cv_sys_largefile_source=no
ac_cv_type_size_t=yes
am_cv_CC_dependencies_compiler_type=gcc3
am_cv_make_support_nested_variables=yes
am_cv_prog_cc_c_o=yes
kb_cv_c_prototypes=yes
kpse_cv_have_decl_z_const=yes
kpse_cv_kpse_debug=yes
kpse_cv_warning_cflags='-Wimplicit -Wreturn-type -Wdeclaration-after-statement -Wno-unknown-pragmas'
lt_cv_ar_at_file=@
lt_cv_deplibs_check_method=pass_all
lt_cv_file_magic_cmd='$MAGIC_CMD'
lt_cv_file_magic_test_file=
lt_cv_ld_reload_flag=-r
lt_cv_nm_interface='BSD nm'
lt_cv_objdir=.libs
lt_cv_path_LD=/usr/bin/ld
lt_cv_path_NM='/usr/bin/nm -B'
lt_cv_path_mainfest_tool=no
lt_cv_prog_compiler_c_o=yes
lt_cv_prog_compiler_pic='-fPIC -DPIC'
lt_cv_prog_compiler_pic_works=yes
lt_cv_prog_compiler_rtti_exceptions=no
lt_cv_prog_compiler_static_works=yes
lt_cv_prog_gnu_ld=yes
lt_cv_sharedlib_from_linklib_cmd='printf %s\n'
lt_cv_shlibpath_overrides_runpath=no
lt_cv_sys_global_symbol_pipe='sed -n -e '\''s/^.*[	 ]\([ABCDGIRSTW][ABCDGIRSTW]*\)[	 ][	 ]*\([_A-Za-z][_A-Za-z0-9]*\)$/\1 \2 \2/p'\'' | sed '\''/ __gnu_lto/d'\'''
lt_cv_sys_global_symbol_to_c_name_address='sed -n -e '\''s/^: \(.*\) .*$/  {"\1", (void *) 0},/p'\'' -e '\''s/^[ABCDGIRSTW][ABCDGIRSTW]* .* \(.*\)$/  {"\1", (void *) \&\1},/p'\'''
lt_cv_sys_global_symbol_to_c_name_address_lib_prefix='sed -n -e '\''s/^: \(.*\) .*$/  {"\1", (void *) 0},/p'\'' -e '\''s/^[ABCDGIRSTW][ABCDGIRSTW]* .* \(lib.*\)$/  {"\1", (void *) \&\1},/p'\'' -e '\''s/^[ABCDGIRSTW][ABCDGIRSTW]* .* \(.*\)$/  {"lib\1", (void *) \&\1},/p'\'''
lt_cv_sys_global_symbol_to_cdecl='sed -n -e '\''s/^T .* \(.*\)$/extern int \1();/p'\'' -e '\''s/^[ABCDGIRSTW][ABCDGIRSTW]* .* \(.*\)$/extern char \1;/p'\'''
lt_cv_sys_global_symbol_to_import=
lt_cv_sys_max_cmd_len=1572864
lt_cv_to_host_file_cmd=func_convert_file_noop
lt_cv_to_tool_file_cmd=func_convert_file_noop
lt_cv_truncate_bin='/bin/dd bs=4096 count=1'

## ----------------- ##
## Output variables. ##
## ----------------- ##

	cd ${top_builddir}/../../libs/freetype2 && $(MAKE) $(AM_MAKEFLAGS) rebuild
	cd ${top_builddir}/../../libs/freetype2 && $(MAKE) $(AM_MAKEFLAGS) rebuild'
	cd ${top_builddir}/../../libs/zlib && $(MAKE) $(AM_MAKEFLAGS) rebuild
	cd ${top_builddir}/../../libs/zlib && $(MAKE) $(AM_MAKEFLAGS) rebuild'
	cd ${top_builddir}/../kpathsea && $(MAKE) $(AM_MAKEFLAGS) rebuild
	cd ${top_builddir}/../kpathsea && $(MAKE) $(AM_MAKEFLAGS) rebuild'
$(FREETYPE2_DEPEND): ${top_builddir}/../../libs/freetype2/freetype2/ft2build.h
$(KPATHSEA_DEPEND): ${top_srcdir}/../kpathsea/*.[ch] ${top_builddir}/../kpathsea/paths.h
$(ZLIB_DEPEND): ${top_builddir}/../../libs/zlib/include/zconf.h
${top_builddir}/../../libs/freetype2/freetype2/ft2build.h:
${top_builddir}/../../libs/zlib/include/zconf.h:
${top_builddir}/../kpathsea/paths.h:
ACLOCAL='${SHELL} /home/maqiyuan/Desktop/texlive-upstream/build-aux/missing aclocal-1.15'
AMDEPBACKSLASH='\'
AMDEP_FALSE='#'
AMDEP_TRUE=''
AMTAR='$${TAR-tar}'
AM_BACKSLASH='\'
AM_DEFAULT_V='$(AM_DEFAULT_VERBOSITY)'
AM_DEFAULT_VERBOSITY='1'
AM_V='$(V)'
AR='ar'
AS='as'
AUTOCONF='${SHELL} /home/maqiyuan/Desktop/texlive-upstream/build-aux/missing autoconf'
AUTOHEADER='${SHELL} /home/maqiyuan/Desktop/texlive-upstream/build-aux/missing autoheader'
AUTOMAKE='${SHELL} /home/maqiyuan/Desktop/texlive-upstream/build-aux/missing automake-1.15'
AWK='gawk'
CC='gcc'
CCDEPMODE='depmode=gcc3'
CFLAGS='-g -O2'
CPP='gcc -E'
CPPFLAGS=''
CYGPATH_W='echo'
DEFS='-DHAVE_CONFIG_H'
DEPDIR='.deps'
DLLTOOL='false'
DSYMUTIL=''
DUMPBIN=''
ECHO_C=''
ECHO_N='-n'
ECHO_T=''
EGREP='/bin/grep -E'
EXEEXT=''
FGREP='/bin/grep -F'
FREETYPE2_DEPEND='${top_builddir}/../../libs/freetype2/libfreetype.a'
FREETYPE2_INCLUDES='-I/home/maqiyuan/Desktop/texlive-upstream/libs/freetype2/freetype2'
FREETYPE2_LIBS='/home/maqiyuan/Desktop/texlive-upstream/libs/freetype2/libfreetype.a'
FREETYPE2_RULE='# Rebuild libfreetype
FT2_CONFIG=''
GREP='/bin/grep'
INSTALL_DATA='${INSTALL} -m 644'
INSTALL_PROGRAM='${INSTALL}'
INSTALL_SCRIPT='${INSTALL}'
INSTALL_STRIP_PROGRAM='$(install_sh) -c -s'
KPATHSEA_DEPEND='${top_builddir}/../kpathsea/libkpathsea.la'
KPATHSEA_INCLUDES='-I/home/maqiyuan/Desktop/texlive-upstream/texk -I/home/maqiyuan/Desktop/texlive-upstream/texk'
KPATHSEA_LIBS='/home/maqiyuan/Desktop/texlive-upstream/texk/kpathsea/libkpathsea.la'
KPATHSEA_RULE='# Rebuild libkpathsea
LD='/usr/bin/ld -m elf_x86_64'
LDFLAGS=''
LIBOBJS=''
LIBS='-lm '
LIBTOOL='$(SHELL) $(top_builddir)/libtool'
LIPO=''
LN_S='ln -s'
LTLIBOBJS=''
LT_SYS_LIBRARY_PATH=''
MAINT='#'
MAINTAINER_MODE_FALSE=''
MAINTAINER_MODE_TRUE='#'
MAKEINFO='${SHELL} /home/maqiyuan/Desktop/texlive-upstream/build-aux/missing makeinfo'
MANIFEST_TOOL=':'
MKDIR_P='/bin/mkdir -p'
NM='/usr/bin/nm -B'
NMEDIT=''
OBJDUMP='objdump'
OBJEXT='o'
OTOOL64=''
OTOOL=''
PACKAGE='ttf2pk2--tex-live-'
PACKAGE_BUGREPORT='tex-k@tug.org'
PACKAGE_NAME='ttf2pk2 (TeX Live)'
PACKAGE_STRING='ttf2pk2 (TeX Live) 2.0'
PACKAGE_TARNAME='ttf2pk2--tex-live-'
PACKAGE_URL=''
PACKAGE_VERSION='2.0'
PATH_SEPARATOR=':'
PKG_CONFIG='pkg-config'
RANLIB='ranlib'
SED='/bin/sed'
SET_MAKE=''
SHELL='/bin/bash'
STRIP='strip'
VERSION='2.0'
WARNING_CFLAGS='-Wimplicit -Wreturn-type -Wdeclaration-after-statement -Wno-unknown-pragmas'
ZLIB_DEPEND='${top_builddir}/../../libs/zlib/libz.a'
ZLIB_INCLUDES='-I/home/maqiyuan/Desktop/texlive-upstream/libs/zlib/include'
ZLIB_LIBS='/home/maqiyuan/Desktop/texlive-upstream/libs/zlib/libz.a'
ZLIB_RULE='# Rebuild libz
ac_ct_AR='ar'
ac_ct_CC='gcc'
ac_ct_DUMPBIN=''
am__EXEEXT_FALSE=''
am__EXEEXT_TRUE='#'
am__fastdepCC_FALSE='#'
am__fastdepCC_TRUE=''
am__include='include'
am__isrc=''
am__leading_dot='.'
am__nodep='_no'
am__quote=''
am__tar='$${TAR-tar} chof - "$$tardir"'
am__untar='$${TAR-tar} xf -'
bindir='${exec_prefix}/bin/x86_64-pc-linux-gnu'
build='x86_64-pc-linux-gnu'
build_alias=''
build_cpu='x86_64'
build_os='linux-gnu'
build_vendor='pc'
datadir='${datarootdir}'
datarootdir='${prefix}'
docdir='${datarootdir}/doc/${PACKAGE_TARNAME}'
dvidir='${docdir}'
exec_prefix='${prefix}'
host='x86_64-pc-linux-gnu'
host_alias=''
host_cpu='x86_64'
host_os='linux-gnu'
host_vendor='pc'
htmldir='${docdir}'
includedir='${prefix}/include'
infodir='${prefix}/texmf-dist/doc/info'
install_sh='${SHELL} /home/maqiyuan/Desktop/texlive-upstream/build-aux/install-sh'
libdir='${exec_prefix}/lib/x86_64-pc-linux-gnu'
libexecdir='${exec_prefix}/libexec'
localedir='${datarootdir}/locale'
localstatedir='${prefix}/var'
mandir='${prefix}/texmf-dist/doc/man'
mkdir_p='$(MKDIR_P)'
oldincludedir='/usr/include'
pdfdir='${docdir}'
prefix='/usr/local'
program_transform_name='s,x,x,'
psdir='${docdir}'
sbindir='${exec_prefix}/sbin'
sharedstatedir='${prefix}/com'
sysconfdir='${prefix}/etc'
target_alias=''

## ----------- ##
## confdefs.h. ##
## ----------- ##

/* confdefs.h */
#define PACKAGE_NAME "ttf2pk2 (TeX Live)"
#define PACKAGE_TARNAME "ttf2pk2--tex-live-"
#define PACKAGE_VERSION "2.0"
#define PACKAGE_STRING "ttf2pk2 (TeX Live) 2.0"
#define PACKAGE_BUGREPORT "tex-k@tug.org"
#define PACKAGE_URL ""
#define STDC_HEADERS 1
#define HAVE_SYS_TYPES_H 1
#define HAVE_SYS_STAT_H 1
#define HAVE_STDLIB_H 1
#define HAVE_STRING_H 1
#define HAVE_MEMORY_H 1
#define HAVE_STRINGS_H 1
#define HAVE_INTTYPES_H 1
#define HAVE_STDINT_H 1
#define HAVE_UNISTD_H 1
#define HAVE_DLFCN_H 1
#define LT_OBJDIR ".libs/"
#define HAVE_FSEEKO 1
#define HAVE_DIRENT_H 1
#define STDC_HEADERS 1
#define HAVE_ASSERT_H 1
#define HAVE_FLOAT_H 1
#define HAVE_LIMITS_H 1
#define HAVE_PWD_H 1
#define HAVE_STDLIB_H 1
#define HAVE_SYS_PARAM_H 1
#define HAVE_PUTENV 1
#define HAVE_GETCWD 1
#define HAVE_GETWD 1
#define HAVE_MEMCMP 1
#define HAVE_MEMCPY 1
#define HAVE_MKSTEMP 1
#define HAVE_MKTEMP 1
#define HAVE_STRCHR 1
#define HAVE_STRRCHR 1
#define HAVE_DECL_ISASCII 1
#define HAVE_STRUCT_STAT_ST_MTIM 1
#define ZLIB_CONST 1

configure: exit 0
