This is pdfTeX, Version 3.14159265-2.6-1.40.17 (TeX Live 2016) (INITEX)  15 AUG 2016 18:55
 restricted \write18 enabled.
 %&-line parsing enabled.
 (/home/maqiyuan/texlive-portable/2016/texmf-dist/web2c/cp227.tcx)
**mptopdf.tex

(/home/maqiyuan/texlive-portable/2016/texmf-dist/tex/generic/context/mptopdf/mp
topdf.tex
(/home/maqiyuan/texlive-portable/2016/texmf-dist/tex/context/base/mkii/syst-tex
.mkii (/home/maqiyuan/texlive-portable/2016/texmf-dist/tex/plain/base/plain.tex
Preloading the plain format: codes, registers,
\maxdimen=\dimen10
\hideskip=\skip10
\centering=\skip11
\p@=\dimen11
\z@=\dimen12
\z@skip=\skip12
\voidb@x=\box10
 parameters,
\smallskipamount=\skip13
\medskipamount=\skip14
\bigskipamount=\skip15
\normalbaselineskip=\skip16
\normallineskip=\skip17
\normallineskiplimit=\dimen13
\jot=\dimen14
\interdisplaylinepenalty=\count23
\interfootnotelinepenalty=\count24
 fonts,
skipping \font in plain
skipping \font in plain
skipping \font in plain
skipping \font in plain
skipping \font in plain
skipping \font in plain
skipping \font in plain
skipping \font in plain
skipping \font in plain
skipping \font in plain
skipping \font in plain
skipping \font in plain
skipping \font in plain
skipping \font in plain
skipping \font in plain
skipping \font in plain
skipping \font in plain
skipping \font in plain
skipping \font in plain
skipping \font in plain
skipping \font in plain
skipping \font in plain
skipping \font in plain
skipping \font in plain
skipping \font in plain
skipping \font in plain
skipping \font in plain
skipping \font in plain
skipping \font in plain
skipping \font in plain
skipping \font in plain
skipping \font in plain
skipping \font in plain
skipping \font in plain
skipping \font in plain
skipping \font in plain
skipping \font in plain
skipping \font in plain
skipping \font in plain
skipping \font in plain
more fonts,
skipping \font in plain
skipping \font in plain
skipping \font in plain
skipping \font in plain
skipping \font in plain
skipping \font in plain
skipping scaled \font in plain
skipping scaled \font in plain
skipping scaled \font in plain
skipping \font in plain
skipping \skewchar in plain
skipping \skewchar in plain
skipping \skewchar in plain
skipping \skewchar in plain
skipping \skewchar in plain
skipping \skewchar in plain
skipping \textfont in plain
skipping \scriptfont in plain
skipping \scriptscriptfont in plain
skipping \textfont in plain
skipping \scriptfont in plain
skipping \scriptscriptfont in plain
skipping \textfont in plain
skipping \scriptfont in plain
skipping \scriptscriptfont in plain
skipping \textfont in plain
skipping \scriptfont in plain
skipping \scriptscriptfont in plain
\itfam=\fam4
skipping \textfont in plain
\slfam=\fam5
skipping \textfont in plain
\bffam=\fam6
skipping \textfont in plain
skipping \scriptfont in plain
skipping \scriptscriptfont in plain
\ttfam=\fam7
skipping \textfont in plain
macros,
\strutbox=\box11
\mscount=\count25
\tabs=\box12
\tabsyet=\box13
\tabsdone=\box14
 math definitions,
\rootbox=\box15
\p@renwd=\dimen15

skipping used \tenex in plain
output routines,
\headline=\toks10
\footline=\toks11
\footins=\insert254
\topins=\insert253
 hyphenation
skipping \input in plain
skipping \tenrm in plain
))
(/home/maqiyuan/texlive-portable/2016/texmf-dist/tex/context/base/mkii/supp-mis
.mkii
loading : ConTeXt Support Macros / Miscellaneous (2004.10.26)
)
(/home/maqiyuan/texlive-portable/2016/texmf-dist/tex/context/base/mkii/supp-pdf
.mkii
loading : ConTeXt Support Macros / PDF
)
(/home/maqiyuan/texlive-portable/2016/texmf-dist/tex/context/base/mkii/supp-mpe
.mkii
loading : ConTeXt Support Macros / MPS extensions
) )
Beginning to dump on file mptopdf.fmt
 (preloaded format=mptopdf 2016.8.15)
3291 strings of total length 49199
13893 memory locations dumped; current usage is 116&13746
1664 multiletter control sequences
\font\nullfont=nullfont
0 words of font info for 0 preloaded fonts
0 hyphenation exceptions
Hyphenation trie of length 256 has 0 ops out of 35111
0 words of pdfTeX memory
0 indirect objects
No pages of output.
