This file contains any messages produced by compilers while
running configure, to aid debugging if configure makes a mistake.

It was created by ChkTeX (TeX Live) configure 1.7.4, which was
generated by GNU Autoconf 2.69.  Invocation command line was

  $ ./configure --disable-option-checking --prefix=/usr/local --enable-build-in-source-tree --enable-native-texlive-build --enable-largefile --disable-silent-rules --enable-multiplatform=yes --enable-cxx-runtime-hack=yes --enable-libtool-hack=yes --disable-shared --enable-texlive-build --bindir=${exec_prefix}/bin/x86_64-pc-linux-gnu --libdir=${exec_prefix}/lib/x86_64-pc-linux-gnu --with-x --enable-autosp=yes --enable-devnag=yes --enable-lacheck=yes --enable-m-tx=yes --enable-pmx=yes --enable-ps2eps=yes --enable-t1utils=yes --enable-texdoctk=yes --enable-tpic2pdftex=yes --enable-vlna=yes --enable-xindy=no --with-clisp-runtime=default --enable-xpdfopen=yes --enable-web2c=yes --enable-afm2pl=yes --enable-bibtex-x=yes --enable-chktex=yes --enable-cjkutils=yes --enable-detex=yes --enable-dtl=yes --enable-dvi2tty=yes --enable-dvidvi=yes --enable-dviljk=yes --enable-dvipdfm-x=yes --enable-dvipng=yes --enable-dvipos=yes --enable-dvipsk=yes --enable-dvisvgm=yes --enable-gregorio=yes --enable-gsftopk=yes --enable-lcdf-typetools=yes --enable-makeindexk=yes --enable-makejvf=yes --enable-mendexk=yes --enable-musixtnt=yes --enable-ps2pk=yes --enable-psutils=yes --enable-seetexk=yes --enable-tex4htk=yes --enable-ttf2pk2=yes --enable-ttfdump=yes --enable-upmendex=yes --enable-xdvik=yes --enable-texlive=yes --with-system-harfbuzz=no --with-system-icu=no --with-system-teckit=no --with-system-graphite2=no --with-system-zziplib=no --with-system-xpdf=no --with-system-poppler=no --with-system-mpfr=no --with-system-gmp=no --with-system-cairo=no --with-system-pixman=no --with-system-potrace=no --with-system-gd=no --with-system-freetype2=no --with-system-libpng=no --with-system-libpaper=no --with-system-zlib=no --with-system-ptexenc=no --with-system-kpathsea=no --datarootdir=${prefix} --mandir=${prefix}/texmf-dist/doc/man --infodir=${prefix}/texmf-dist/doc/info --cache-file=/dev/null --srcdir=.

## --------- ##
## Platform. ##
## --------- ##

hostname = maqiyuan-E430c
uname -m = x86_64
uname -r = 4.4.0-34-generic
uname -s = Linux
uname -v = #53-Ubuntu SMP Wed Jul 27 16:06:39 UTC 2016

/usr/bin/uname -p = unknown
/bin/uname -X     = unknown

/bin/arch              = unknown
/usr/bin/arch -k       = unknown
/usr/convex/getsysinfo = unknown
/usr/bin/hostinfo      = unknown
/bin/machine           = unknown
/usr/bin/oslevel       = unknown
/bin/universe          = unknown

PATH: /usr/local/sbin
PATH: /usr/local/bin
PATH: /usr/sbin
PATH: /usr/bin
PATH: /sbin
PATH: /bin
PATH: /usr/games
PATH: /usr/local/games
PATH: /snap/bin
PATH: /home/maqiyuan/bin/FDK/Tools/linux


## ----------- ##
## Core tests. ##
## ----------- ##

configure:2587: checking for a BSD-compatible install
configure:2655: result: /usr/bin/install -c
configure:2666: checking whether build environment is sane
configure:2721: result: yes
configure:2872: checking for a thread-safe mkdir -p
configure:2911: result: /bin/mkdir -p
configure:2918: checking for gawk
configure:2934: found /usr/bin/gawk
configure:2945: result: gawk
configure:2956: checking whether make sets $(MAKE)
configure:2978: result: yes
configure:3007: checking whether make supports nested variables
configure:3024: result: yes
configure:3047: checking for style of include used by make
configure:3075: result: GNU
configure:3146: checking for gcc
configure:3162: found /usr/bin/gcc
configure:3173: result: gcc
configure:3402: checking for C compiler version
configure:3411: gcc --version >&5
gcc (Ubuntu 5.4.0-6ubuntu1~16.04.1) 5.4.0 20160609
Copyright (C) 2015 Free Software Foundation, Inc.
This is free software; see the source for copying conditions.  There is NO
warranty; not even for MERCHANTABILITY or FITNESS FOR A PARTICULAR PURPOSE.

configure:3422: $? = 0
configure:3411: gcc -v >&5
Using built-in specs.
COLLECT_GCC=gcc
COLLECT_LTO_WRAPPER=/usr/lib/gcc/x86_64-linux-gnu/5/lto-wrapper
Target: x86_64-linux-gnu
Configured with: ../src/configure -v --with-pkgversion='Ubuntu 5.4.0-6ubuntu1~16.04.1' --with-bugurl=file:///usr/share/doc/gcc-5/README.Bugs --enable-languages=c,ada,c++,java,go,d,fortran,objc,obj-c++ --prefix=/usr --program-suffix=-5 --enable-shared --enable-linker-build-id --libexecdir=/usr/lib --without-included-gettext --enable-threads=posix --libdir=/usr/lib --enable-nls --with-sysroot=/ --enable-clocale=gnu --enable-libstdcxx-debug --enable-libstdcxx-time=yes --with-default-libstdcxx-abi=new --enable-gnu-unique-object --disable-vtable-verify --enable-libmpx --enable-plugin --with-system-zlib --disable-browser-plugin --enable-java-awt=gtk --enable-gtk-cairo --with-java-home=/usr/lib/jvm/java-1.5.0-gcj-5-amd64/jre --enable-java-home --with-jvm-root-dir=/usr/lib/jvm/java-1.5.0-gcj-5-amd64 --with-jvm-jar-dir=/usr/lib/jvm-exports/java-1.5.0-gcj-5-amd64 --with-arch-directory=amd64 --with-ecj-jar=/usr/share/java/eclipse-ecj.jar --enable-objc-gc --enable-multiarch --disable-werror --with-arch-32=i686 --with-abi=m64 --with-multilib-list=m32,m64,mx32 --enable-multilib --with-tune=generic --enable-checking=release --build=x86_64-linux-gnu --host=x86_64-linux-gnu --target=x86_64-linux-gnu
Thread model: posix
gcc version 5.4.0 20160609 (Ubuntu 5.4.0-6ubuntu1~16.04.1) 
configure:3422: $? = 0
configure:3411: gcc -V >&5
gcc: error: unrecognized command line option '-V'
gcc: fatal error: no input files
compilation terminated.
configure:3422: $? = 1
configure:3411: gcc -qversion >&5
gcc: error: unrecognized command line option '-qversion'
gcc: fatal error: no input files
compilation terminated.
configure:3422: $? = 1
configure:3442: checking whether the C compiler works
configure:3464: gcc    conftest.c  >&5
configure:3468: $? = 0
configure:3516: result: yes
configure:3519: checking for C compiler default output file name
configure:3521: result: a.out
configure:3527: checking for suffix of executables
configure:3534: gcc -o conftest    conftest.c  >&5
configure:3538: $? = 0
configure:3560: result: 
configure:3582: checking whether we are cross compiling
configure:3590: gcc -o conftest    conftest.c  >&5
configure:3594: $? = 0
configure:3601: ./conftest
configure:3605: $? = 0
configure:3620: result: no
configure:3625: checking for suffix of object files
configure:3647: gcc -c   conftest.c >&5
configure:3651: $? = 0
configure:3672: result: o
configure:3676: checking whether we are using the GNU C compiler
configure:3695: gcc -c   conftest.c >&5
configure:3695: $? = 0
configure:3704: result: yes
configure:3713: checking whether gcc accepts -g
configure:3733: gcc -c -g  conftest.c >&5
configure:3733: $? = 0
configure:3774: result: yes
configure:3791: checking for gcc option to accept ISO C89
configure:3854: gcc  -c -g -O2  conftest.c >&5
configure:3854: $? = 0
configure:3867: result: none needed
configure:3892: checking whether gcc understands -c and -o together
configure:3914: gcc -c conftest.c -o conftest2.o
configure:3917: $? = 0
configure:3914: gcc -c conftest.c -o conftest2.o
configure:3917: $? = 0
configure:3929: result: yes
configure:3948: checking dependency style of gcc
configure:4059: result: gcc3
configure:4119: checking build system type
configure:4133: result: x86_64-pc-linux-gnu
configure:4153: checking host system type
configure:4166: result: x86_64-pc-linux-gnu
configure:4207: checking how to print strings
configure:4234: result: printf
configure:4255: checking for a sed that does not truncate output
configure:4319: result: /bin/sed
configure:4337: checking for grep that handles long lines and -e
configure:4395: result: /bin/grep
configure:4400: checking for egrep
configure:4462: result: /bin/grep -E
configure:4467: checking for fgrep
configure:4529: result: /bin/grep -F
configure:4564: checking for ld used by gcc
configure:4631: result: /usr/bin/ld
configure:4638: checking if the linker (/usr/bin/ld) is GNU ld
configure:4653: result: yes
configure:4665: checking for BSD- or MS-compatible name lister (nm)
configure:4719: result: /usr/bin/nm -B
configure:4849: checking the name lister (/usr/bin/nm -B) interface
configure:4856: gcc -c -g -O2  conftest.c >&5
configure:4859: /usr/bin/nm -B "conftest.o"
configure:4862: output
0000000000000000 B some_variable
configure:4869: result: BSD nm
configure:4872: checking whether ln -s works
configure:4876: result: yes
configure:4884: checking the maximum length of command line arguments
configure:5015: result: 1572864
configure:5063: checking how to convert x86_64-pc-linux-gnu file names to x86_64-pc-linux-gnu format
configure:5103: result: func_convert_file_noop
configure:5110: checking how to convert x86_64-pc-linux-gnu file names to toolchain format
configure:5130: result: func_convert_file_noop
configure:5137: checking for /usr/bin/ld option to reload object files
configure:5144: result: -r
configure:5218: checking for objdump
configure:5234: found /usr/bin/objdump
configure:5245: result: objdump
configure:5274: checking how to recognize dependent libraries
configure:5474: result: pass_all
configure:5559: checking for dlltool
configure:5589: result: no
configure:5616: checking how to associate runtime and link libraries
configure:5643: result: printf %s\n
configure:5703: checking for ar
configure:5719: found /usr/bin/ar
configure:5730: result: ar
configure:5767: checking for archiver @FILE support
configure:5784: gcc -c -g -O2  conftest.c >&5
configure:5784: $? = 0
configure:5787: ar cru libconftest.a @conftest.lst >&5
ar: `u' modifier ignored since `D' is the default (see `U')
configure:5790: $? = 0
configure:5795: ar cru libconftest.a @conftest.lst >&5
ar: `u' modifier ignored since `D' is the default (see `U')
ar: conftest.o: No such file or directory
configure:5798: $? = 1
configure:5810: result: @
configure:5868: checking for strip
configure:5884: found /usr/bin/strip
configure:5895: result: strip
configure:5967: checking for ranlib
configure:5983: found /usr/bin/ranlib
configure:5994: result: ranlib
configure:6096: checking command to parse /usr/bin/nm -B output from gcc object
configure:6249: gcc -c -g -O2  conftest.c >&5
configure:6252: $? = 0
configure:6256: /usr/bin/nm -B conftest.o \| sed -n -e 's/^.*[ ]\([ABCDGIRSTW][ABCDGIRSTW]*\)[ ][ ]*\([_A-Za-z][_A-Za-z0-9]*\)$/\1 \2 \2/p' | sed '/ __gnu_lto/d' \> conftest.nm
configure:6259: $? = 0
configure:6325: gcc -o conftest -g -O2   conftest.c conftstm.o >&5
configure:6328: $? = 0
configure:6366: result: ok
configure:6413: checking for sysroot
configure:6443: result: no
configure:6450: checking for a working dd
configure:6488: result: /bin/dd
configure:6492: checking how to truncate binary pipes
configure:6507: result: /bin/dd bs=4096 count=1
configure:6643: gcc -c -g -O2  conftest.c >&5
configure:6646: $? = 0
configure:6836: checking for mt
configure:6852: found /bin/mt
configure:6863: result: mt
configure:6886: checking if mt is a manifest tool
configure:6892: mt '-?'
configure:6900: result: no
configure:7577: checking how to run the C preprocessor
configure:7608: gcc -E  conftest.c
configure:7608: $? = 0
configure:7622: gcc -E  conftest.c
conftest.c:9:28: fatal error: ac_nonexistent.h: No such file or directory
compilation terminated.
configure:7622: $? = 1
configure: failed program was:
| /* confdefs.h */
| #define PACKAGE_NAME "ChkTeX (TeX Live)"
| #define PACKAGE_TARNAME "chktex--tex-live-"
| #define PACKAGE_VERSION "1.7.4"
| #define PACKAGE_STRING "ChkTeX (TeX Live) 1.7.4"
| #define PACKAGE_BUGREPORT "tex-k@tug.org"
| #define PACKAGE_URL ""
| /* end confdefs.h.  */
| #include <ac_nonexistent.h>
configure:7647: result: gcc -E
configure:7667: gcc -E  conftest.c
configure:7667: $? = 0
configure:7681: gcc -E  conftest.c
conftest.c:9:28: fatal error: ac_nonexistent.h: No such file or directory
compilation terminated.
configure:7681: $? = 1
configure: failed program was:
| /* confdefs.h */
| #define PACKAGE_NAME "ChkTeX (TeX Live)"
| #define PACKAGE_TARNAME "chktex--tex-live-"
| #define PACKAGE_VERSION "1.7.4"
| #define PACKAGE_STRING "ChkTeX (TeX Live) 1.7.4"
| #define PACKAGE_BUGREPORT "tex-k@tug.org"
| #define PACKAGE_URL ""
| /* end confdefs.h.  */
| #include <ac_nonexistent.h>
configure:7710: checking for ANSI C header files
configure:7730: gcc -c -g -O2  conftest.c >&5
configure:7730: $? = 0
configure:7803: gcc -o conftest -g -O2   conftest.c  >&5
configure:7803: $? = 0
configure:7803: ./conftest
configure:7803: $? = 0
configure:7814: result: yes
configure:7827: checking for sys/types.h
configure:7827: gcc -c -g -O2  conftest.c >&5
configure:7827: $? = 0
configure:7827: result: yes
configure:7827: checking for sys/stat.h
configure:7827: gcc -c -g -O2  conftest.c >&5
configure:7827: $? = 0
configure:7827: result: yes
configure:7827: checking for stdlib.h
configure:7827: gcc -c -g -O2  conftest.c >&5
configure:7827: $? = 0
configure:7827: result: yes
configure:7827: checking for string.h
configure:7827: gcc -c -g -O2  conftest.c >&5
configure:7827: $? = 0
configure:7827: result: yes
configure:7827: checking for memory.h
configure:7827: gcc -c -g -O2  conftest.c >&5
configure:7827: $? = 0
configure:7827: result: yes
configure:7827: checking for strings.h
configure:7827: gcc -c -g -O2  conftest.c >&5
configure:7827: $? = 0
configure:7827: result: yes
configure:7827: checking for inttypes.h
configure:7827: gcc -c -g -O2  conftest.c >&5
configure:7827: $? = 0
configure:7827: result: yes
configure:7827: checking for stdint.h
configure:7827: gcc -c -g -O2  conftest.c >&5
configure:7827: $? = 0
configure:7827: result: yes
configure:7827: checking for unistd.h
configure:7827: gcc -c -g -O2  conftest.c >&5
configure:7827: $? = 0
configure:7827: result: yes
configure:7841: checking for dlfcn.h
configure:7841: gcc -c -g -O2  conftest.c >&5
configure:7841: $? = 0
configure:7841: result: yes
configure:7969: checking whether to enable maintainer-specific portions of Makefiles
configure:7978: result: no
configure:7991: checking whether the compiler accepts prototypes
configure:8007: gcc -o conftest -g -O2   conftest.c  >&5
configure:8007: $? = 0
configure:8015: result: yes
configure:8020: checking what warning flags to pass to the C compiler
configure:8065: result: -Wimplicit -Wreturn-type -Wdeclaration-after-statement -Wno-unknown-pragmas
configure:8619: checking for objdir
configure:8634: result: .libs
configure:8898: checking if gcc supports -fno-rtti -fno-exceptions
configure:8916: gcc -c -g -O2  -fno-rtti -fno-exceptions conftest.c >&5
cc1: warning: command line option '-fno-rtti' is valid for C++/ObjC++ but not for C
configure:8920: $? = 0
configure:8933: result: no
configure:9291: checking for gcc option to produce PIC
configure:9298: result: -fPIC -DPIC
configure:9306: checking if gcc PIC flag -fPIC -DPIC works
configure:9324: gcc -c -g -O2  -fPIC -DPIC -DPIC conftest.c >&5
configure:9328: $? = 0
configure:9341: result: yes
configure:9370: checking if gcc static flag -static works
configure:9398: result: yes
configure:9413: checking if gcc supports -c -o file.o
configure:9434: gcc -c -g -O2  -o out/conftest2.o conftest.c >&5
configure:9438: $? = 0
configure:9460: result: yes
configure:9468: checking if gcc supports -c -o file.o
configure:9515: result: yes
configure:9548: checking whether the gcc linker (/usr/bin/ld -m elf_x86_64) supports shared libraries
configure:10807: result: yes
configure:11047: checking dynamic linker characteristics
configure:11628: gcc -o conftest -g -O2   -Wl,-rpath -Wl,/foo conftest.c  >&5
configure:11628: $? = 0
configure:11865: result: GNU/Linux ld.so
configure:11987: checking how to hardcode library paths into programs
configure:12012: result: immediate
configure:12560: checking whether stripping libraries is possible
configure:12565: result: yes
configure:12600: checking if libtool supports shared libraries
configure:12602: result: yes
configure:12605: checking whether to build shared libraries
configure:12630: result: no
configure:12633: checking whether to build static libraries
configure:12637: result: yes
configure:12681: checking for special C compiler options needed for large files
configure:12726: result: no
configure:12732: checking for _FILE_OFFSET_BITS value needed for large files
configure:12757: gcc -c -g -O2  conftest.c >&5
configure:12757: $? = 0
configure:12789: result: no
configure:12874: checking for _LARGEFILE_SOURCE value needed for large files
configure:12893: gcc -o conftest -g -O2   conftest.c  >&5
configure:12893: $? = 0
configure:12921: result: no
configure:12945: checking for dirent.h that defines DIR
configure:12964: gcc -c -g -O2  conftest.c >&5
configure:12964: $? = 0
configure:12972: result: yes
configure:12985: checking for library containing opendir
configure:13016: gcc -o conftest -g -O2   conftest.c  >&5
configure:13016: $? = 0
configure:13033: result: none required
configure:13100: checking for ANSI C header files
configure:13204: result: yes
configure:13212: checking whether closedir returns void
configure:13236: gcc -o conftest -g -O2   conftest.c  >&5
configure:13236: $? = 0
configure:13236: ./conftest
configure:13236: $? = 0
configure:13246: result: no
configure:13257: checking assert.h usability
configure:13257: gcc -c -g -O2  conftest.c >&5
configure:13257: $? = 0
configure:13257: result: yes
configure:13257: checking assert.h presence
configure:13257: gcc -E  conftest.c
configure:13257: $? = 0
configure:13257: result: yes
configure:13257: checking for assert.h
configure:13257: result: yes
configure:13257: checking float.h usability
configure:13257: gcc -c -g -O2  conftest.c >&5
configure:13257: $? = 0
configure:13257: result: yes
configure:13257: checking float.h presence
configure:13257: gcc -E  conftest.c
configure:13257: $? = 0
configure:13257: result: yes
configure:13257: checking for float.h
configure:13257: result: yes
configure:13257: checking limits.h usability
configure:13257: gcc -c -g -O2  conftest.c >&5
configure:13257: $? = 0
configure:13257: result: yes
configure:13257: checking limits.h presence
configure:13257: gcc -E  conftest.c
configure:13257: $? = 0
configure:13257: result: yes
configure:13257: checking for limits.h
configure:13257: result: yes
configure:13257: checking pwd.h usability
configure:13257: gcc -c -g -O2  conftest.c >&5
configure:13257: $? = 0
configure:13257: result: yes
configure:13257: checking pwd.h presence
configure:13257: gcc -E  conftest.c
configure:13257: $? = 0
configure:13257: result: yes
configure:13257: checking for pwd.h
configure:13257: result: yes
configure:13257: checking for stdlib.h
configure:13257: result: yes
configure:13257: checking sys/param.h usability
configure:13257: gcc -c -g -O2  conftest.c >&5
configure:13257: $? = 0
configure:13257: result: yes
configure:13257: checking sys/param.h presence
configure:13257: gcc -E  conftest.c
configure:13257: $? = 0
configure:13257: result: yes
configure:13257: checking for sys/param.h
configure:13257: result: yes
configure:13269: checking for putenv
configure:13269: gcc -o conftest -g -O2   conftest.c  >&5
configure:13269: $? = 0
configure:13269: result: yes
configure:13281: checking for getcwd
configure:13281: gcc -o conftest -g -O2   conftest.c  >&5
configure:13281: $? = 0
configure:13281: result: yes
configure:13281: checking for getwd
configure:13281: gcc -o conftest -g -O2   conftest.c  >&5
/tmp/ccWTzrxF.o: In function `main':
/home/maqiyuan/Desktop/texlive-upstream/texk/chktex/conftest.c:68: warning: the `getwd' function is dangerous and should not be used.
configure:13281: $? = 0
configure:13281: result: yes
configure:13281: checking for memcmp
configure:13281: gcc -o conftest -g -O2   conftest.c  >&5
conftest.c:58:6: warning: conflicting types for built-in function 'memcmp'
 char memcmp ();
      ^
configure:13281: $? = 0
configure:13281: result: yes
configure:13281: checking for memcpy
configure:13281: gcc -o conftest -g -O2   conftest.c  >&5
conftest.c:59:6: warning: conflicting types for built-in function 'memcpy'
 char memcpy ();
      ^
configure:13281: $? = 0
configure:13281: result: yes
configure:13281: checking for mkstemp
configure:13281: gcc -o conftest -g -O2   conftest.c  >&5
configure:13281: $? = 0
configure:13281: result: yes
configure:13281: checking for mktemp
configure:13281: gcc -o conftest -g -O2   conftest.c  >&5
/tmp/ccQBeVc0.o: In function `main':
/home/maqiyuan/Desktop/texlive-upstream/texk/chktex/conftest.c:72: warning: the use of `mktemp' is dangerous, better use `mkstemp' or `mkdtemp'
configure:13281: $? = 0
configure:13281: result: yes
configure:13281: checking for strchr
configure:13281: gcc -o conftest -g -O2   conftest.c  >&5
conftest.c:62:6: warning: conflicting types for built-in function 'strchr'
 char strchr ();
      ^
configure:13281: $? = 0
configure:13281: result: yes
configure:13281: checking for strrchr
configure:13281: gcc -o conftest -g -O2   conftest.c  >&5
conftest.c:63:6: warning: conflicting types for built-in function 'strrchr'
 char strrchr ();
      ^
configure:13281: $? = 0
configure:13281: result: yes
configure:13290: checking for an ANSI C-conforming const
configure:13356: gcc -c -g -O2  conftest.c >&5
configure:13356: $? = 0
configure:13363: result: yes
configure:13371: checking for inline
configure:13387: gcc -c -g -O2  conftest.c >&5
configure:13387: $? = 0
configure:13395: result: inline
configure:13413: checking for size_t
configure:13413: gcc -c -g -O2  conftest.c >&5
configure:13413: $? = 0
configure:13413: gcc -c -g -O2  conftest.c >&5
conftest.c: In function 'main':
conftest.c:77:21: error: expected expression before ')' token
 if (sizeof ((size_t)))
                     ^
configure:13413: $? = 1
configure: failed program was:
| /* confdefs.h */
| #define PACKAGE_NAME "ChkTeX (TeX Live)"
| #define PACKAGE_TARNAME "chktex--tex-live-"
| #define PACKAGE_VERSION "1.7.4"
| #define PACKAGE_STRING "ChkTeX (TeX Live) 1.7.4"
| #define PACKAGE_BUGREPORT "tex-k@tug.org"
| #define PACKAGE_URL ""
| #define STDC_HEADERS 1
| #define HAVE_SYS_TYPES_H 1
| #define HAVE_SYS_STAT_H 1
| #define HAVE_STDLIB_H 1
| #define HAVE_STRING_H 1
| #define HAVE_MEMORY_H 1
| #define HAVE_STRINGS_H 1
| #define HAVE_INTTYPES_H 1
| #define HAVE_STDINT_H 1
| #define HAVE_UNISTD_H 1
| #define HAVE_DLFCN_H 1
| #define PACKAGE "chktex--tex-live-"
| #define VERSION "1.7.4"
| #define LT_OBJDIR ".libs/"
| #define HAVE_FSEEKO 1
| #define HAVE_DIRENT_H 1
| #define STDC_HEADERS 1
| #define HAVE_ASSERT_H 1
| #define HAVE_FLOAT_H 1
| #define HAVE_LIMITS_H 1
| #define HAVE_PWD_H 1
| #define HAVE_STDLIB_H 1
| #define HAVE_SYS_PARAM_H 1
| #define HAVE_PUTENV 1
| #define HAVE_GETCWD 1
| #define HAVE_GETWD 1
| #define HAVE_MEMCMP 1
| #define HAVE_MEMCPY 1
| #define HAVE_MKSTEMP 1
| #define HAVE_MKTEMP 1
| #define HAVE_STRCHR 1
| #define HAVE_STRRCHR 1
| /* end confdefs.h.  */
| #include <stdio.h>
| #ifdef HAVE_SYS_TYPES_H
| # include <sys/types.h>
| #endif
| #ifdef HAVE_SYS_STAT_H
| # include <sys/stat.h>
| #endif
| #ifdef STDC_HEADERS
| # include <stdlib.h>
| # include <stddef.h>
| #else
| # ifdef HAVE_STDLIB_H
| #  include <stdlib.h>
| # endif
| #endif
| #ifdef HAVE_STRING_H
| # if !defined STDC_HEADERS && defined HAVE_MEMORY_H
| #  include <memory.h>
| # endif
| # include <string.h>
| #endif
| #ifdef HAVE_STRINGS_H
| # include <strings.h>
| #endif
| #ifdef HAVE_INTTYPES_H
| # include <inttypes.h>
| #endif
| #ifdef HAVE_STDINT_H
| # include <stdint.h>
| #endif
| #ifdef HAVE_UNISTD_H
| # include <unistd.h>
| #endif
| int
| main ()
| {
| if (sizeof ((size_t)))
| 	    return 0;
|   ;
|   return 0;
| }
configure:13413: result: yes
configure:13424: checking for int64_t
configure:13424: gcc -c -g -O2  conftest.c >&5
configure:13424: $? = 0
configure:13424: gcc -c -g -O2  conftest.c >&5
conftest.c: In function 'main':
conftest.c:79:53: warning: integer overflow in expression [-Woverflow]
    < (int64_t) (((((int64_t) 1 << N) << N) - 1) * 2 + 2))];
                                                     ^
conftest.c:78:12: error: storage size of 'test_array' isn't constant
 static int test_array [1 - 2 * !((int64_t) (((((int64_t) 1 << N) << N) - 1) * 2 + 1)
            ^
configure:13424: $? = 1
configure: failed program was:
| /* confdefs.h */
| #define PACKAGE_NAME "ChkTeX (TeX Live)"
| #define PACKAGE_TARNAME "chktex--tex-live-"
| #define PACKAGE_VERSION "1.7.4"
| #define PACKAGE_STRING "ChkTeX (TeX Live) 1.7.4"
| #define PACKAGE_BUGREPORT "tex-k@tug.org"
| #define PACKAGE_URL ""
| #define STDC_HEADERS 1
| #define HAVE_SYS_TYPES_H 1
| #define HAVE_SYS_STAT_H 1
| #define HAVE_STDLIB_H 1
| #define HAVE_STRING_H 1
| #define HAVE_MEMORY_H 1
| #define HAVE_STRINGS_H 1
| #define HAVE_INTTYPES_H 1
| #define HAVE_STDINT_H 1
| #define HAVE_UNISTD_H 1
| #define HAVE_DLFCN_H 1
| #define PACKAGE "chktex--tex-live-"
| #define VERSION "1.7.4"
| #define LT_OBJDIR ".libs/"
| #define HAVE_FSEEKO 1
| #define HAVE_DIRENT_H 1
| #define STDC_HEADERS 1
| #define HAVE_ASSERT_H 1
| #define HAVE_FLOAT_H 1
| #define HAVE_LIMITS_H 1
| #define HAVE_PWD_H 1
| #define HAVE_STDLIB_H 1
| #define HAVE_SYS_PARAM_H 1
| #define HAVE_PUTENV 1
| #define HAVE_GETCWD 1
| #define HAVE_GETWD 1
| #define HAVE_MEMCMP 1
| #define HAVE_MEMCPY 1
| #define HAVE_MKSTEMP 1
| #define HAVE_MKTEMP 1
| #define HAVE_STRCHR 1
| #define HAVE_STRRCHR 1
| /* end confdefs.h.  */
| #include <stdio.h>
| #ifdef HAVE_SYS_TYPES_H
| # include <sys/types.h>
| #endif
| #ifdef HAVE_SYS_STAT_H
| # include <sys/stat.h>
| #endif
| #ifdef STDC_HEADERS
| # include <stdlib.h>
| # include <stddef.h>
| #else
| # ifdef HAVE_STDLIB_H
| #  include <stdlib.h>
| # endif
| #endif
| #ifdef HAVE_STRING_H
| # if !defined STDC_HEADERS && defined HAVE_MEMORY_H
| #  include <memory.h>
| # endif
| # include <string.h>
| #endif
| #ifdef HAVE_STRINGS_H
| # include <strings.h>
| #endif
| #ifdef HAVE_INTTYPES_H
| # include <inttypes.h>
| #endif
| #ifdef HAVE_STDINT_H
| # include <stdint.h>
| #endif
| #ifdef HAVE_UNISTD_H
| # include <unistd.h>
| #endif
| 	        enum { N = 64 / 2 - 1 };
| int
| main ()
| {
| static int test_array [1 - 2 * !((int64_t) (((((int64_t) 1 << N) << N) - 1) * 2 + 1)
| 		 < (int64_t) (((((int64_t) 1 << N) << N) - 1) * 2 + 2))];
| test_array [0] = 0;
| return test_array [0];
| 
|   ;
|   return 0;
| }
configure:13424: result: yes
configure:13435: checking for uint64_t
configure:13435: gcc -c -g -O2  conftest.c >&5
configure:13435: $? = 0
configure:13435: result: yes
configure:13455: checking whether isascii is declared
configure:13455: gcc -c -g -O2  conftest.c >&5
configure:13455: $? = 0
configure:13455: result: yes
configure:13467: checking for struct stat.st_mtim
configure:13467: gcc -c -g -O2  conftest.c >&5
conftest.c: In function 'main':
conftest.c:79:5: error: used struct type value where scalar is required
 if (ac_aggr.st_mtim)
     ^
configure:13467: $? = 1
configure: failed program was:
| /* confdefs.h */
| #define PACKAGE_NAME "ChkTeX (TeX Live)"
| #define PACKAGE_TARNAME "chktex--tex-live-"
| #define PACKAGE_VERSION "1.7.4"
| #define PACKAGE_STRING "ChkTeX (TeX Live) 1.7.4"
| #define PACKAGE_BUGREPORT "tex-k@tug.org"
| #define PACKAGE_URL ""
| #define STDC_HEADERS 1
| #define HAVE_SYS_TYPES_H 1
| #define HAVE_SYS_STAT_H 1
| #define HAVE_STDLIB_H 1
| #define HAVE_STRING_H 1
| #define HAVE_MEMORY_H 1
| #define HAVE_STRINGS_H 1
| #define HAVE_INTTYPES_H 1
| #define HAVE_STDINT_H 1
| #define HAVE_UNISTD_H 1
| #define HAVE_DLFCN_H 1
| #define PACKAGE "chktex--tex-live-"
| #define VERSION "1.7.4"
| #define LT_OBJDIR ".libs/"
| #define HAVE_FSEEKO 1
| #define HAVE_DIRENT_H 1
| #define STDC_HEADERS 1
| #define HAVE_ASSERT_H 1
| #define HAVE_FLOAT_H 1
| #define HAVE_LIMITS_H 1
| #define HAVE_PWD_H 1
| #define HAVE_STDLIB_H 1
| #define HAVE_SYS_PARAM_H 1
| #define HAVE_PUTENV 1
| #define HAVE_GETCWD 1
| #define HAVE_GETWD 1
| #define HAVE_MEMCMP 1
| #define HAVE_MEMCPY 1
| #define HAVE_MKSTEMP 1
| #define HAVE_MKTEMP 1
| #define HAVE_STRCHR 1
| #define HAVE_STRRCHR 1
| #define HAVE_DECL_ISASCII 1
| /* end confdefs.h.  */
| #include <stdio.h>
| #ifdef HAVE_SYS_TYPES_H
| # include <sys/types.h>
| #endif
| #ifdef HAVE_SYS_STAT_H
| # include <sys/stat.h>
| #endif
| #ifdef STDC_HEADERS
| # include <stdlib.h>
| # include <stddef.h>
| #else
| # ifdef HAVE_STDLIB_H
| #  include <stdlib.h>
| # endif
| #endif
| #ifdef HAVE_STRING_H
| # if !defined STDC_HEADERS && defined HAVE_MEMORY_H
| #  include <memory.h>
| # endif
| # include <string.h>
| #endif
| #ifdef HAVE_STRINGS_H
| # include <strings.h>
| #endif
| #ifdef HAVE_INTTYPES_H
| # include <inttypes.h>
| #endif
| #ifdef HAVE_STDINT_H
| # include <stdint.h>
| #endif
| #ifdef HAVE_UNISTD_H
| # include <unistd.h>
| #endif
| int
| main ()
| {
| static struct stat ac_aggr;
| if (ac_aggr.st_mtim)
| return 0;
|   ;
|   return 0;
| }
configure:13467: gcc -c -g -O2  conftest.c >&5
configure:13467: $? = 0
configure:13467: result: yes
configure:13484: checking for latex
configure:13500: found /usr/bin/latex
configure:13511: result: latex
configure:13527: checking for dvips
configure:13543: found /usr/bin/dvips
configure:13554: result: dvips
configure:13570: checking for ps2pdf
configure:13586: found /usr/bin/ps2pdf
configure:13597: result: ps2pdf
configure:13613: checking stat.h usability
configure:13613: gcc -c -g -O2  conftest.c >&5
conftest.c:76:18: fatal error: stat.h: No such file or directory
compilation terminated.
configure:13613: $? = 1
configure: failed program was:
| /* confdefs.h */
| #define PACKAGE_NAME "ChkTeX (TeX Live)"
| #define PACKAGE_TARNAME "chktex--tex-live-"
| #define PACKAGE_VERSION "1.7.4"
| #define PACKAGE_STRING "ChkTeX (TeX Live) 1.7.4"
| #define PACKAGE_BUGREPORT "tex-k@tug.org"
| #define PACKAGE_URL ""
| #define STDC_HEADERS 1
| #define HAVE_SYS_TYPES_H 1
| #define HAVE_SYS_STAT_H 1
| #define HAVE_STDLIB_H 1
| #define HAVE_STRING_H 1
| #define HAVE_MEMORY_H 1
| #define HAVE_STRINGS_H 1
| #define HAVE_INTTYPES_H 1
| #define HAVE_STDINT_H 1
| #define HAVE_UNISTD_H 1
| #define HAVE_DLFCN_H 1
| #define PACKAGE "chktex--tex-live-"
| #define VERSION "1.7.4"
| #define LT_OBJDIR ".libs/"
| #define HAVE_FSEEKO 1
| #define HAVE_DIRENT_H 1
| #define STDC_HEADERS 1
| #define HAVE_ASSERT_H 1
| #define HAVE_FLOAT_H 1
| #define HAVE_LIMITS_H 1
| #define HAVE_PWD_H 1
| #define HAVE_STDLIB_H 1
| #define HAVE_SYS_PARAM_H 1
| #define HAVE_PUTENV 1
| #define HAVE_GETCWD 1
| #define HAVE_GETWD 1
| #define HAVE_MEMCMP 1
| #define HAVE_MEMCPY 1
| #define HAVE_MKSTEMP 1
| #define HAVE_MKTEMP 1
| #define HAVE_STRCHR 1
| #define HAVE_STRRCHR 1
| #define HAVE_DECL_ISASCII 1
| #define HAVE_STRUCT_STAT_ST_MTIM 1
| /* end confdefs.h.  */
| #include <stdio.h>
| #ifdef HAVE_SYS_TYPES_H
| # include <sys/types.h>
| #endif
| #ifdef HAVE_SYS_STAT_H
| # include <sys/stat.h>
| #endif
| #ifdef STDC_HEADERS
| # include <stdlib.h>
| # include <stddef.h>
| #else
| # ifdef HAVE_STDLIB_H
| #  include <stdlib.h>
| # endif
| #endif
| #ifdef HAVE_STRING_H
| # if !defined STDC_HEADERS && defined HAVE_MEMORY_H
| #  include <memory.h>
| # endif
| # include <string.h>
| #endif
| #ifdef HAVE_STRINGS_H
| # include <strings.h>
| #endif
| #ifdef HAVE_INTTYPES_H
| # include <inttypes.h>
| #endif
| #ifdef HAVE_STDINT_H
| # include <stdint.h>
| #endif
| #ifdef HAVE_UNISTD_H
| # include <unistd.h>
| #endif
| #include <stat.h>
configure:13613: result: no
configure:13613: checking stat.h presence
configure:13613: gcc -E  conftest.c
conftest.c:43:18: fatal error: stat.h: No such file or directory
compilation terminated.
configure:13613: $? = 1
configure: failed program was:
| /* confdefs.h */
| #define PACKAGE_NAME "ChkTeX (TeX Live)"
| #define PACKAGE_TARNAME "chktex--tex-live-"
| #define PACKAGE_VERSION "1.7.4"
| #define PACKAGE_STRING "ChkTeX (TeX Live) 1.7.4"
| #define PACKAGE_BUGREPORT "tex-k@tug.org"
| #define PACKAGE_URL ""
| #define STDC_HEADERS 1
| #define HAVE_SYS_TYPES_H 1
| #define HAVE_SYS_STAT_H 1
| #define HAVE_STDLIB_H 1
| #define HAVE_STRING_H 1
| #define HAVE_MEMORY_H 1
| #define HAVE_STRINGS_H 1
| #define HAVE_INTTYPES_H 1
| #define HAVE_STDINT_H 1
| #define HAVE_UNISTD_H 1
| #define HAVE_DLFCN_H 1
| #define PACKAGE "chktex--tex-live-"
| #define VERSION "1.7.4"
| #define LT_OBJDIR ".libs/"
| #define HAVE_FSEEKO 1
| #define HAVE_DIRENT_H 1
| #define STDC_HEADERS 1
| #define HAVE_ASSERT_H 1
| #define HAVE_FLOAT_H 1
| #define HAVE_LIMITS_H 1
| #define HAVE_PWD_H 1
| #define HAVE_STDLIB_H 1
| #define HAVE_SYS_PARAM_H 1
| #define HAVE_PUTENV 1
| #define HAVE_GETCWD 1
| #define HAVE_GETWD 1
| #define HAVE_MEMCMP 1
| #define HAVE_MEMCPY 1
| #define HAVE_MKSTEMP 1
| #define HAVE_MKTEMP 1
| #define HAVE_STRCHR 1
| #define HAVE_STRRCHR 1
| #define HAVE_DECL_ISASCII 1
| #define HAVE_STRUCT_STAT_ST_MTIM 1
| /* end confdefs.h.  */
| #include <stat.h>
configure:13613: result: no
configure:13613: checking for stat.h
configure:13613: result: no
configure:13613: checking stdarg.h usability
configure:13613: gcc -c -g -O2  conftest.c >&5
configure:13613: $? = 0
configure:13613: result: yes
configure:13613: checking stdarg.h presence
configure:13613: gcc -E  conftest.c
configure:13613: $? = 0
configure:13613: result: yes
configure:13613: checking for stdarg.h
configure:13613: result: yes
configure:13613: checking for sys/stat.h
configure:13613: result: yes
configure:13626: checking for vprintf
configure:13626: gcc -o conftest -g -O2   conftest.c  >&5
conftest.c:68:6: warning: conflicting types for built-in function 'vprintf'
 char vprintf ();
      ^
configure:13626: $? = 0
configure:13626: result: yes
configure:13632: checking for _doprnt
configure:13632: gcc -o conftest -g -O2   conftest.c  >&5
/tmp/ccaA7lYX.o: In function `main':
/home/maqiyuan/Desktop/texlive-upstream/texk/chktex/conftest.c:80: undefined reference to `_doprnt'
collect2: error: ld returned 1 exit status
configure:13632: $? = 1
configure: failed program was:
| /* confdefs.h */
| #define PACKAGE_NAME "ChkTeX (TeX Live)"
| #define PACKAGE_TARNAME "chktex--tex-live-"
| #define PACKAGE_VERSION "1.7.4"
| #define PACKAGE_STRING "ChkTeX (TeX Live) 1.7.4"
| #define PACKAGE_BUGREPORT "tex-k@tug.org"
| #define PACKAGE_URL ""
| #define STDC_HEADERS 1
| #define HAVE_SYS_TYPES_H 1
| #define HAVE_SYS_STAT_H 1
| #define HAVE_STDLIB_H 1
| #define HAVE_STRING_H 1
| #define HAVE_MEMORY_H 1
| #define HAVE_STRINGS_H 1
| #define HAVE_INTTYPES_H 1
| #define HAVE_STDINT_H 1
| #define HAVE_UNISTD_H 1
| #define HAVE_DLFCN_H 1
| #define PACKAGE "chktex--tex-live-"
| #define VERSION "1.7.4"
| #define LT_OBJDIR ".libs/"
| #define HAVE_FSEEKO 1
| #define HAVE_DIRENT_H 1
| #define STDC_HEADERS 1
| #define HAVE_ASSERT_H 1
| #define HAVE_FLOAT_H 1
| #define HAVE_LIMITS_H 1
| #define HAVE_PWD_H 1
| #define HAVE_STDLIB_H 1
| #define HAVE_SYS_PARAM_H 1
| #define HAVE_PUTENV 1
| #define HAVE_GETCWD 1
| #define HAVE_GETWD 1
| #define HAVE_MEMCMP 1
| #define HAVE_MEMCPY 1
| #define HAVE_MKSTEMP 1
| #define HAVE_MKTEMP 1
| #define HAVE_STRCHR 1
| #define HAVE_STRRCHR 1
| #define HAVE_DECL_ISASCII 1
| #define HAVE_STRUCT_STAT_ST_MTIM 1
| #define HAVE_STDARG_H 1
| #define HAVE_SYS_STAT_H 1
| #define HAVE_VPRINTF 1
| /* end confdefs.h.  */
| /* Define _doprnt to an innocuous variant, in case <limits.h> declares _doprnt.
|    For example, HP-UX 11i <limits.h> declares gettimeofday.  */
| #define _doprnt innocuous__doprnt
| 
| /* System header to define __stub macros and hopefully few prototypes,
|     which can conflict with char _doprnt (); below.
|     Prefer <limits.h> to <assert.h> if __STDC__ is defined, since
|     <limits.h> exists even on freestanding compilers.  */
| 
| #ifdef __STDC__
| # include <limits.h>
| #else
| # include <assert.h>
| #endif
| 
| #undef _doprnt
| 
| /* Override any GCC internal prototype to avoid an error.
|    Use char because int might match the return type of a GCC
|    builtin and then its argument prototype would still apply.  */
| #ifdef __cplusplus
| extern "C"
| #endif
| char _doprnt ();
| /* The GNU C library defines this for functions which it implements
|     to always fail with ENOSYS.  Some functions are actually named
|     something starting with __ and the normal name is an alias.  */
| #if defined __stub__doprnt || defined __stub____doprnt
| choke me
| #endif
| 
| int
| main ()
| {
| return _doprnt ();
|   ;
|   return 0;
| }
configure:13632: result: no
configure:13646: checking for access
configure:13646: gcc -o conftest -g -O2   conftest.c  >&5
configure:13646: $? = 0
configure:13646: result: yes
configure:13646: checking for closedir
configure:13646: gcc -o conftest -g -O2   conftest.c  >&5
configure:13646: $? = 0
configure:13646: result: yes
configure:13646: checking for fileno
configure:13646: gcc -o conftest -g -O2   conftest.c  >&5
configure:13646: $? = 0
configure:13646: result: yes
configure:13646: checking for isatty
configure:13646: gcc -o conftest -g -O2   conftest.c  >&5
configure:13646: $? = 0
configure:13646: result: yes
configure:13646: checking for opendir
configure:13646: gcc -o conftest -g -O2   conftest.c  >&5
configure:13646: $? = 0
configure:13646: result: yes
configure:13646: checking for readdir
configure:13646: gcc -o conftest -g -O2   conftest.c  >&5
configure:13646: $? = 0
configure:13646: result: yes
configure:13646: checking for stat
configure:13646: gcc -o conftest -g -O2   conftest.c  >&5
configure:13646: $? = 0
configure:13646: result: yes
configure:13646: checking for strcasecmp
configure:13646: gcc -o conftest -g -O2   conftest.c  >&5
conftest.c:76:6: warning: conflicting types for built-in function 'strcasecmp'
 char strcasecmp ();
      ^
configure:13646: $? = 0
configure:13646: result: yes
configure:13646: checking for strdup
configure:13646: gcc -o conftest -g -O2   conftest.c  >&5
conftest.c:77:6: warning: conflicting types for built-in function 'strdup'
 char strdup ();
      ^
configure:13646: $? = 0
configure:13646: result: yes
configure:13646: checking for strlwr
configure:13646: gcc -o conftest -g -O2   conftest.c  >&5
/tmp/ccdynvTM.o: In function `main':
/home/maqiyuan/Desktop/texlive-upstream/texk/chktex/conftest.c:89: undefined reference to `strlwr'
collect2: error: ld returned 1 exit status
configure:13646: $? = 1
configure: failed program was:
| /* confdefs.h */
| #define PACKAGE_NAME "ChkTeX (TeX Live)"
| #define PACKAGE_TARNAME "chktex--tex-live-"
| #define PACKAGE_VERSION "1.7.4"
| #define PACKAGE_STRING "ChkTeX (TeX Live) 1.7.4"
| #define PACKAGE_BUGREPORT "tex-k@tug.org"
| #define PACKAGE_URL ""
| #define STDC_HEADERS 1
| #define HAVE_SYS_TYPES_H 1
| #define HAVE_SYS_STAT_H 1
| #define HAVE_STDLIB_H 1
| #define HAVE_STRING_H 1
| #define HAVE_MEMORY_H 1
| #define HAVE_STRINGS_H 1
| #define HAVE_INTTYPES_H 1
| #define HAVE_STDINT_H 1
| #define HAVE_UNISTD_H 1
| #define HAVE_DLFCN_H 1
| #define PACKAGE "chktex--tex-live-"
| #define VERSION "1.7.4"
| #define LT_OBJDIR ".libs/"
| #define HAVE_FSEEKO 1
| #define HAVE_DIRENT_H 1
| #define STDC_HEADERS 1
| #define HAVE_ASSERT_H 1
| #define HAVE_FLOAT_H 1
| #define HAVE_LIMITS_H 1
| #define HAVE_PWD_H 1
| #define HAVE_STDLIB_H 1
| #define HAVE_SYS_PARAM_H 1
| #define HAVE_PUTENV 1
| #define HAVE_GETCWD 1
| #define HAVE_GETWD 1
| #define HAVE_MEMCMP 1
| #define HAVE_MEMCPY 1
| #define HAVE_MKSTEMP 1
| #define HAVE_MKTEMP 1
| #define HAVE_STRCHR 1
| #define HAVE_STRRCHR 1
| #define HAVE_DECL_ISASCII 1
| #define HAVE_STRUCT_STAT_ST_MTIM 1
| #define HAVE_STDARG_H 1
| #define HAVE_SYS_STAT_H 1
| #define HAVE_VPRINTF 1
| #define HAVE_ACCESS 1
| #define HAVE_CLOSEDIR 1
| #define HAVE_FILENO 1
| #define HAVE_ISATTY 1
| #define HAVE_OPENDIR 1
| #define HAVE_READDIR 1
| #define HAVE_STAT 1
| #define HAVE_STRCASECMP 1
| #define HAVE_STRDUP 1
| /* end confdefs.h.  */
| /* Define strlwr to an innocuous variant, in case <limits.h> declares strlwr.
|    For example, HP-UX 11i <limits.h> declares gettimeofday.  */
| #define strlwr innocuous_strlwr
| 
| /* System header to define __stub macros and hopefully few prototypes,
|     which can conflict with char strlwr (); below.
|     Prefer <limits.h> to <assert.h> if __STDC__ is defined, since
|     <limits.h> exists even on freestanding compilers.  */
| 
| #ifdef __STDC__
| # include <limits.h>
| #else
| # include <assert.h>
| #endif
| 
| #undef strlwr
| 
| /* Override any GCC internal prototype to avoid an error.
|    Use char because int might match the return type of a GCC
|    builtin and then its argument prototype would still apply.  */
| #ifdef __cplusplus
| extern "C"
| #endif
| char strlwr ();
| /* The GNU C library defines this for functions which it implements
|     to always fail with ENOSYS.  Some functions are actually named
|     something starting with __ and the normal name is an alias.  */
| #if defined __stub_strlwr || defined __stub___strlwr
| choke me
| #endif
| 
| int
| main ()
| {
| return strlwr ();
|   ;
|   return 0;
| }
configure:13646: result: no
configure:13656: checking whether stpcpy is declared
configure:13656: gcc -c -g -O2  conftest.c >&5
configure:13656: $? = 0
configure:13656: result: yes
configure:13681: checking for native WIN32 or MINGW32
configure:13699: gcc -c -g -O2  conftest.c >&5
conftest.c:60:3: error: unknown type name 'choke'
   choke me
   ^
conftest.c:62:1: error: expected '=', ',', ';', 'asm' or '__attribute__' before 'int'
 int
 ^
configure:13699: $? = 1
configure: failed program was:
| /* confdefs.h */
| #define PACKAGE_NAME "ChkTeX (TeX Live)"
| #define PACKAGE_TARNAME "chktex--tex-live-"
| #define PACKAGE_VERSION "1.7.4"
| #define PACKAGE_STRING "ChkTeX (TeX Live) 1.7.4"
| #define PACKAGE_BUGREPORT "tex-k@tug.org"
| #define PACKAGE_URL ""
| #define STDC_HEADERS 1
| #define HAVE_SYS_TYPES_H 1
| #define HAVE_SYS_STAT_H 1
| #define HAVE_STDLIB_H 1
| #define HAVE_STRING_H 1
| #define HAVE_MEMORY_H 1
| #define HAVE_STRINGS_H 1
| #define HAVE_INTTYPES_H 1
| #define HAVE_STDINT_H 1
| #define HAVE_UNISTD_H 1
| #define HAVE_DLFCN_H 1
| #define PACKAGE "chktex--tex-live-"
| #define VERSION "1.7.4"
| #define LT_OBJDIR ".libs/"
| #define HAVE_FSEEKO 1
| #define HAVE_DIRENT_H 1
| #define STDC_HEADERS 1
| #define HAVE_ASSERT_H 1
| #define HAVE_FLOAT_H 1
| #define HAVE_LIMITS_H 1
| #define HAVE_PWD_H 1
| #define HAVE_STDLIB_H 1
| #define HAVE_SYS_PARAM_H 1
| #define HAVE_PUTENV 1
| #define HAVE_GETCWD 1
| #define HAVE_GETWD 1
| #define HAVE_MEMCMP 1
| #define HAVE_MEMCPY 1
| #define HAVE_MKSTEMP 1
| #define HAVE_MKTEMP 1
| #define HAVE_STRCHR 1
| #define HAVE_STRRCHR 1
| #define HAVE_DECL_ISASCII 1
| #define HAVE_STRUCT_STAT_ST_MTIM 1
| #define HAVE_STDARG_H 1
| #define HAVE_SYS_STAT_H 1
| #define HAVE_VPRINTF 1
| #define HAVE_ACCESS 1
| #define HAVE_CLOSEDIR 1
| #define HAVE_FILENO 1
| #define HAVE_ISATTY 1
| #define HAVE_OPENDIR 1
| #define HAVE_READDIR 1
| #define HAVE_STAT 1
| #define HAVE_STRCASECMP 1
| #define HAVE_STRDUP 1
| #define HAVE_DECL_STPCPY 1
| #define TEX_LIVE 1
| #define HAVE_PCRE 0
| #define HAVE_POSIX_ERE 1
| /* end confdefs.h.  */
| #ifndef WIN32
|   choke me
| #endif
| int
| main ()
| {
| 
|   ;
|   return 0;
| }
configure:13724: result: no
configure:13745: checking for WIN64
configure:13763: gcc -c -g -O2  conftest.c >&5
conftest.c:60:3: error: unknown type name 'choke'
   choke me
   ^
conftest.c:62:1: error: expected '=', ',', ';', 'asm' or '__attribute__' before 'int'
 int
 ^
configure:13763: $? = 1
configure: failed program was:
| /* confdefs.h */
| #define PACKAGE_NAME "ChkTeX (TeX Live)"
| #define PACKAGE_TARNAME "chktex--tex-live-"
| #define PACKAGE_VERSION "1.7.4"
| #define PACKAGE_STRING "ChkTeX (TeX Live) 1.7.4"
| #define PACKAGE_BUGREPORT "tex-k@tug.org"
| #define PACKAGE_URL ""
| #define STDC_HEADERS 1
| #define HAVE_SYS_TYPES_H 1
| #define HAVE_SYS_STAT_H 1
| #define HAVE_STDLIB_H 1
| #define HAVE_STRING_H 1
| #define HAVE_MEMORY_H 1
| #define HAVE_STRINGS_H 1
| #define HAVE_INTTYPES_H 1
| #define HAVE_STDINT_H 1
| #define HAVE_UNISTD_H 1
| #define HAVE_DLFCN_H 1
| #define PACKAGE "chktex--tex-live-"
| #define VERSION "1.7.4"
| #define LT_OBJDIR ".libs/"
| #define HAVE_FSEEKO 1
| #define HAVE_DIRENT_H 1
| #define STDC_HEADERS 1
| #define HAVE_ASSERT_H 1
| #define HAVE_FLOAT_H 1
| #define HAVE_LIMITS_H 1
| #define HAVE_PWD_H 1
| #define HAVE_STDLIB_H 1
| #define HAVE_SYS_PARAM_H 1
| #define HAVE_PUTENV 1
| #define HAVE_GETCWD 1
| #define HAVE_GETWD 1
| #define HAVE_MEMCMP 1
| #define HAVE_MEMCPY 1
| #define HAVE_MKSTEMP 1
| #define HAVE_MKTEMP 1
| #define HAVE_STRCHR 1
| #define HAVE_STRRCHR 1
| #define HAVE_DECL_ISASCII 1
| #define HAVE_STRUCT_STAT_ST_MTIM 1
| #define HAVE_STDARG_H 1
| #define HAVE_SYS_STAT_H 1
| #define HAVE_VPRINTF 1
| #define HAVE_ACCESS 1
| #define HAVE_CLOSEDIR 1
| #define HAVE_FILENO 1
| #define HAVE_ISATTY 1
| #define HAVE_OPENDIR 1
| #define HAVE_READDIR 1
| #define HAVE_STAT 1
| #define HAVE_STRCASECMP 1
| #define HAVE_STRDUP 1
| #define HAVE_DECL_STPCPY 1
| #define TEX_LIVE 1
| #define HAVE_PCRE 0
| #define HAVE_POSIX_ERE 1
| /* end confdefs.h.  */
| #ifndef _WIN64
|   choke me
| #endif
| int
| main ()
| {
| 
|   ;
|   return 0;
| }
configure:13770: result: no
configure:13803: creating ./config.lt

## ------------------ ##
## Running config.lt. ##
## ------------------ ##
config.lt:628: creating libtool
configure:15144: checking for pkg-config
configure:15160: found /usr/bin/pkg-config
configure:15171: result: pkg-config
configure:15217: checking if libkpathsea supports debugging
configure:15236: ./libtool --mode=link --tag=CC gcc -o conftest -g -O2 -I/home/maqiyuan/Desktop/texlive-upstream/texk -I/home/maqiyuan/Desktop/texlive-upstream/texk   conftest.c /home/maqiyuan/Desktop/texlive-upstream/texk/kpathsea/libkpathsea.la  >&5
libtool: link: gcc -o conftest -g -O2 -I/home/maqiyuan/Desktop/texlive-upstream/texk -I/home/maqiyuan/Desktop/texlive-upstream/texk conftest.c  /home/maqiyuan/Desktop/texlive-upstream/texk/kpathsea/.libs/libkpathsea.a
configure:15236: $? = 0
configure:15247: result: yes
configure:15368: checking that generated files are newer than configure
configure:15374: result: done
configure:15413: creating ./config.status

## ---------------------- ##
## Running config.status. ##
## ---------------------- ##

This file was extended by ChkTeX (TeX Live) config.status 1.7.4, which was
generated by GNU Autoconf 2.69.  Invocation command line was

  CONFIG_FILES    = 
  CONFIG_HEADERS  = 
  CONFIG_LINKS    = 
  CONFIG_COMMANDS = 
  $ ./config.status 

on maqiyuan-E430c

config.status:1149: creating Makefile
config.status:1149: creating ChkTeX.t
config.status:1149: creating deweb.pl
config.status:1149: creating config.h
config.status:1378: executing depfiles commands
config.status:1378: executing libtool commands

## ---------------- ##
## Cache variables. ##
## ---------------- ##

ac_cv_build=x86_64-pc-linux-gnu
ac_cv_c_compiler_gnu=yes
ac_cv_c_const=yes
ac_cv_c_inline=inline
ac_cv_c_int64_t=yes
ac_cv_c_uint64_t=yes
ac_cv_env_CC_set=
ac_cv_env_CC_value=
ac_cv_env_CFLAGS_set=
ac_cv_env_CFLAGS_value=
ac_cv_env_CPPFLAGS_set=
ac_cv_env_CPPFLAGS_value=
ac_cv_env_CPP_set=
ac_cv_env_CPP_value=
ac_cv_env_LATEX_set=
ac_cv_env_LATEX_value=
ac_cv_env_LDFLAGS_set=
ac_cv_env_LDFLAGS_value=
ac_cv_env_LIBS_set=
ac_cv_env_LIBS_value=
ac_cv_env_LT_SYS_LIBRARY_PATH_set=
ac_cv_env_LT_SYS_LIBRARY_PATH_value=
ac_cv_env_build_alias_set=
ac_cv_env_build_alias_value=
ac_cv_env_host_alias_set=
ac_cv_env_host_alias_value=
ac_cv_env_target_alias_set=
ac_cv_env_target_alias_value=
ac_cv_func__doprnt=no
ac_cv_func_access=yes
ac_cv_func_closedir=yes
ac_cv_func_closedir_void=no
ac_cv_func_fileno=yes
ac_cv_func_getcwd=yes
ac_cv_func_getwd=yes
ac_cv_func_isatty=yes
ac_cv_func_memcmp=yes
ac_cv_func_memcpy=yes
ac_cv_func_mkstemp=yes
ac_cv_func_mktemp=yes
ac_cv_func_opendir=yes
ac_cv_func_putenv=yes
ac_cv_func_readdir=yes
ac_cv_func_stat=yes
ac_cv_func_strcasecmp=yes
ac_cv_func_strchr=yes
ac_cv_func_strdup=yes
ac_cv_func_strlwr=no
ac_cv_func_strrchr=yes
ac_cv_func_vprintf=yes
ac_cv_have_decl_isascii=yes
ac_cv_have_decl_stpcpy=yes
ac_cv_header_assert_h=yes
ac_cv_header_dirent_dirent_h=yes
ac_cv_header_dlfcn_h=yes
ac_cv_header_float_h=yes
ac_cv_header_inttypes_h=yes
ac_cv_header_limits_h=yes
ac_cv_header_memory_h=yes
ac_cv_header_pwd_h=yes
ac_cv_header_stat_h=no
ac_cv_header_stdarg_h=yes
ac_cv_header_stdc=yes
ac_cv_header_stdint_h=yes
ac_cv_header_stdlib_h=yes
ac_cv_header_string_h=yes
ac_cv_header_strings_h=yes
ac_cv_header_sys_param_h=yes
ac_cv_header_sys_stat_h=yes
ac_cv_header_sys_types_h=yes
ac_cv_header_unistd_h=yes
ac_cv_host=x86_64-pc-linux-gnu
ac_cv_member_struct_stat_st_mtim=yes
ac_cv_objext=o
ac_cv_path_EGREP='/bin/grep -E'
ac_cv_path_FGREP='/bin/grep -F'
ac_cv_path_GREP=/bin/grep
ac_cv_path_SED=/bin/sed
ac_cv_path_install='/usr/bin/install -c'
ac_cv_path_lt_DD=/bin/dd
ac_cv_path_mkdir=/bin/mkdir
ac_cv_prog_AWK=gawk
ac_cv_prog_CPP='gcc -E'
ac_cv_prog_DVIPS=dvips
ac_cv_prog_LATEX=latex
ac_cv_prog_PS2PDF=ps2pdf
ac_cv_prog_ac_ct_AR=ar
ac_cv_prog_ac_ct_CC=gcc
ac_cv_prog_ac_ct_MANIFEST_TOOL=mt
ac_cv_prog_ac_ct_OBJDUMP=objdump
ac_cv_prog_ac_ct_PKG_CONFIG=pkg-config
ac_cv_prog_ac_ct_RANLIB=ranlib
ac_cv_prog_ac_ct_STRIP=strip
ac_cv_prog_cc_c89=
ac_cv_prog_cc_g=yes
ac_cv_prog_make_make_set=yes
ac_cv_search_opendir='none required'
ac_cv_sys_file_offset_bits=no
ac_cv_sys_largefile_CC=no
ac_cv_sys_largefile_source=no
ac_cv_type_size_t=yes
am_cv_CC_dependencies_compiler_type=gcc3
am_cv_make_support_nested_variables=yes
am_cv_prog_cc_c_o=yes
kb_cv_c_prototypes=yes
kpse_cv_have_win32=no
kpse_cv_have_win64=no
kpse_cv_kpse_debug=yes
kpse_cv_warning_cflags='-Wimplicit -Wreturn-type -Wdeclaration-after-statement -Wno-unknown-pragmas'
lt_cv_ar_at_file=@
lt_cv_deplibs_check_method=pass_all
lt_cv_file_magic_cmd='$MAGIC_CMD'
lt_cv_file_magic_test_file=
lt_cv_ld_reload_flag=-r
lt_cv_nm_interface='BSD nm'
lt_cv_objdir=.libs
lt_cv_path_LD=/usr/bin/ld
lt_cv_path_NM='/usr/bin/nm -B'
lt_cv_path_mainfest_tool=no
lt_cv_prog_compiler_c_o=yes
lt_cv_prog_compiler_pic='-fPIC -DPIC'
lt_cv_prog_compiler_pic_works=yes
lt_cv_prog_compiler_rtti_exceptions=no
lt_cv_prog_compiler_static_works=yes
lt_cv_prog_gnu_ld=yes
lt_cv_sharedlib_from_linklib_cmd='printf %s\n'
lt_cv_shlibpath_overrides_runpath=no
lt_cv_sys_global_symbol_pipe='sed -n -e '\''s/^.*[	 ]\([ABCDGIRSTW][ABCDGIRSTW]*\)[	 ][	 ]*\([_A-Za-z][_A-Za-z0-9]*\)$/\1 \2 \2/p'\'' | sed '\''/ __gnu_lto/d'\'''
lt_cv_sys_global_symbol_to_c_name_address='sed -n -e '\''s/^: \(.*\) .*$/  {"\1", (void *) 0},/p'\'' -e '\''s/^[ABCDGIRSTW][ABCDGIRSTW]* .* \(.*\)$/  {"\1", (void *) \&\1},/p'\'''
lt_cv_sys_global_symbol_to_c_name_address_lib_prefix='sed -n -e '\''s/^: \(.*\) .*$/  {"\1", (void *) 0},/p'\'' -e '\''s/^[ABCDGIRSTW][ABCDGIRSTW]* .* \(lib.*\)$/  {"\1", (void *) \&\1},/p'\'' -e '\''s/^[ABCDGIRSTW][ABCDGIRSTW]* .* \(.*\)$/  {"lib\1", (void *) \&\1},/p'\'''
lt_cv_sys_global_symbol_to_cdecl='sed -n -e '\''s/^T .* \(.*\)$/extern int \1();/p'\'' -e '\''s/^[ABCDGIRSTW][ABCDGIRSTW]* .* \(.*\)$/extern char \1;/p'\'''
lt_cv_sys_global_symbol_to_import=
lt_cv_sys_max_cmd_len=1572864
lt_cv_to_host_file_cmd=func_convert_file_noop
lt_cv_to_tool_file_cmd=func_convert_file_noop
lt_cv_truncate_bin='/bin/dd bs=4096 count=1'

## ----------------- ##
## Output variables. ##
## ----------------- ##

	cd ${top_builddir}/../kpathsea && $(MAKE) $(AM_MAKEFLAGS) rebuild
	cd ${top_builddir}/../kpathsea && $(MAKE) $(AM_MAKEFLAGS) rebuild'
$(KPATHSEA_DEPEND): ${top_srcdir}/../kpathsea/*.[ch] ${top_builddir}/../kpathsea/paths.h
${top_builddir}/../kpathsea/paths.h:
ACLOCAL='${SHELL} /home/maqiyuan/Desktop/texlive-upstream/build-aux/missing aclocal-1.15'
AMDEPBACKSLASH='\'
AMDEP_FALSE='#'
AMDEP_TRUE=''
AMTAR='$${TAR-tar}'
AM_BACKSLASH='\'
AM_DEFAULT_V='$(AM_DEFAULT_VERBOSITY)'
AM_DEFAULT_VERBOSITY='1'
AM_V='$(V)'
AR='ar'
AS='as'
AUTOCONF='${SHELL} /home/maqiyuan/Desktop/texlive-upstream/build-aux/missing autoconf'
AUTOHEADER='${SHELL} /home/maqiyuan/Desktop/texlive-upstream/build-aux/missing autoheader'
AUTOMAKE='${SHELL} /home/maqiyuan/Desktop/texlive-upstream/build-aux/missing automake-1.15'
AWK='gawk'
CC='gcc'
CCDEPMODE='depmode=gcc3'
CFLAGS='-g -O2'
CHKTEX_TREE='chktex-src'
CPP='gcc -E'
CPPFLAGS=''
CYGPATH_W='echo'
DEFS='-DHAVE_CONFIG_H'
DEPDIR='.deps'
DLLTOOL='false'
DSYMUTIL=''
DUMPBIN=''
DVIPS='dvips'
ECHO_C=''
ECHO_N='-n'
ECHO_T=''
EGREP='/bin/grep -E'
EXEEXT=''
FGREP='/bin/grep -F'
GREP='/bin/grep'
INSTALL_DATA='${INSTALL} -m 644'
INSTALL_PROGRAM='${INSTALL}'
INSTALL_SCRIPT='${INSTALL}'
INSTALL_STRIP_PROGRAM='$(install_sh) -c -s'
KPATHSEA_DEPEND='${top_builddir}/../kpathsea/libkpathsea.la'
KPATHSEA_INCLUDES='-I/home/maqiyuan/Desktop/texlive-upstream/texk -I/home/maqiyuan/Desktop/texlive-upstream/texk'
KPATHSEA_LIBS='/home/maqiyuan/Desktop/texlive-upstream/texk/kpathsea/libkpathsea.la'
KPATHSEA_RULE='# Rebuild libkpathsea
LATEX='latex'
LD='/usr/bin/ld -m elf_x86_64'
LDFLAGS=''
LIBOBJS=''
LIBS=''
LIBTOOL='$(SHELL) $(top_builddir)/libtool'
LIPO=''
LN_S='ln -s'
LTLIBOBJS=''
LT_SYS_LIBRARY_PATH=''
MAINT='#'
MAINTAINER_MODE_FALSE=''
MAINTAINER_MODE_TRUE='#'
MAKEINFO='${SHELL} /home/maqiyuan/Desktop/texlive-upstream/build-aux/missing makeinfo'
MANIFEST_TOOL=':'
MINGW32_FALSE=''
MINGW32_TRUE='#'
MKDIR_P='/bin/mkdir -p'
NM='/usr/bin/nm -B'
NMEDIT=''
OBJDUMP='objdump'
OBJEXT='o'
OTOOL64=''
OTOOL=''
PACKAGE='chktex--tex-live-'
PACKAGE_BUGREPORT='tex-k@tug.org'
PACKAGE_NAME='ChkTeX (TeX Live)'
PACKAGE_STRING='ChkTeX (TeX Live) 1.7.4'
PACKAGE_TARNAME='chktex--tex-live-'
PACKAGE_URL=''
PACKAGE_VERSION='1.7.4'
PATH_SEPARATOR=':'
PERL5='/usr/bin/env perl'
PKG_CONFIG='pkg-config'
PS2PDF='ps2pdf'
RANLIB='ranlib'
SED='/bin/sed'
SET_MAKE=''
SHELL='/bin/bash'
STRIP='strip'
VERSION='1.7.4'
WARNING_CFLAGS='-Wimplicit -Wreturn-type -Wdeclaration-after-statement -Wno-unknown-pragmas'
WIN32_FALSE=''
WIN32_TRUE='#'
WIN32_WRAP_FALSE='#'
WIN32_WRAP_TRUE=''
WIN_WRAPPER='w32_wrapper'
ac_ct_AR='ar'
ac_ct_CC='gcc'
ac_ct_DUMPBIN=''
am__EXEEXT_FALSE=''
am__EXEEXT_TRUE='#'
am__fastdepCC_FALSE='#'
am__fastdepCC_TRUE=''
am__include='include'
am__isrc=''
am__leading_dot='.'
am__nodep='_no'
am__quote=''
am__tar='$${TAR-tar} chof - "$$tardir"'
am__untar='$${TAR-tar} xf -'
bindir='${exec_prefix}/bin/x86_64-pc-linux-gnu'
build='x86_64-pc-linux-gnu'
build_alias=''
build_cpu='x86_64'
build_os='linux-gnu'
build_vendor='pc'
datadir='${datarootdir}'
datarootdir='${prefix}'
docdir='${datarootdir}/doc/${PACKAGE_TARNAME}'
dvidir='${docdir}'
exec_prefix='${prefix}'
host='x86_64-pc-linux-gnu'
host_alias=''
host_cpu='x86_64'
host_os='linux-gnu'
host_vendor='pc'
htmldir='${docdir}'
includedir='${prefix}/include'
infodir='${prefix}/texmf-dist/doc/info'
install_sh='${SHELL} /home/maqiyuan/Desktop/texlive-upstream/build-aux/install-sh'
libdir='${exec_prefix}/lib/x86_64-pc-linux-gnu'
libexecdir='${exec_prefix}/libexec'
localedir='${datarootdir}/locale'
localstatedir='${prefix}/var'
mandir='${prefix}/texmf-dist/doc/man'
mkdir_p='$(MKDIR_P)'
oldincludedir='/usr/include'
pdfdir='${docdir}'
prefix='/usr/local'
program_transform_name='s,x,x,'
psdir='${docdir}'
sbindir='${exec_prefix}/sbin'
sharedstatedir='${prefix}/com'
sysconfdir='${prefix}/etc'
target_alias=''

## ----------- ##
## confdefs.h. ##
## ----------- ##

/* confdefs.h */
#define PACKAGE_NAME "ChkTeX (TeX Live)"
#define PACKAGE_TARNAME "chktex--tex-live-"
#define PACKAGE_VERSION "1.7.4"
#define PACKAGE_STRING "ChkTeX (TeX Live) 1.7.4"
#define PACKAGE_BUGREPORT "tex-k@tug.org"
#define PACKAGE_URL ""
#define STDC_HEADERS 1
#define HAVE_SYS_TYPES_H 1
#define HAVE_SYS_STAT_H 1
#define HAVE_STDLIB_H 1
#define HAVE_STRING_H 1
#define HAVE_MEMORY_H 1
#define HAVE_STRINGS_H 1
#define HAVE_INTTYPES_H 1
#define HAVE_STDINT_H 1
#define HAVE_UNISTD_H 1
#define HAVE_DLFCN_H 1
#define PACKAGE "chktex--tex-live-"
#define VERSION "1.7.4"
#define LT_OBJDIR ".libs/"
#define HAVE_FSEEKO 1
#define HAVE_DIRENT_H 1
#define STDC_HEADERS 1
#define HAVE_ASSERT_H 1
#define HAVE_FLOAT_H 1
#define HAVE_LIMITS_H 1
#define HAVE_PWD_H 1
#define HAVE_STDLIB_H 1
#define HAVE_SYS_PARAM_H 1
#define HAVE_PUTENV 1
#define HAVE_GETCWD 1
#define HAVE_GETWD 1
#define HAVE_MEMCMP 1
#define HAVE_MEMCPY 1
#define HAVE_MKSTEMP 1
#define HAVE_MKTEMP 1
#define HAVE_STRCHR 1
#define HAVE_STRRCHR 1
#define HAVE_DECL_ISASCII 1
#define HAVE_STRUCT_STAT_ST_MTIM 1
#define HAVE_STDARG_H 1
#define HAVE_SYS_STAT_H 1
#define HAVE_VPRINTF 1
#define HAVE_ACCESS 1
#define HAVE_CLOSEDIR 1
#define HAVE_FILENO 1
#define HAVE_ISATTY 1
#define HAVE_OPENDIR 1
#define HAVE_READDIR 1
#define HAVE_STAT 1
#define HAVE_STRCASECMP 1
#define HAVE_STRDUP 1
#define HAVE_DECL_STPCPY 1
#define TEX_LIVE 1
#define HAVE_PCRE 0
#define HAVE_POSIX_ERE 1

configure: exit 0
