This file contains any messages produced by compilers while
running configure, to aid debugging if configure makes a mistake.

It was created by gmp (TeX Live) configure 6.1.0, which was
generated by GNU Autoconf 2.69.  Invocation command line was

  $ ./configure --disable-option-checking --prefix=/usr/local --enable-build-in-source-tree --enable-native-texlive-build --enable-largefile --disable-silent-rules --enable-multiplatform=yes --enable-cxx-runtime-hack=yes --enable-libtool-hack=yes --disable-shared --enable-texlive-build --bindir=${exec_prefix}/bin/x86_64-pc-linux-gnu --libdir=${exec_prefix}/lib/x86_64-pc-linux-gnu --with-x --enable-devnag=yes --enable-lacheck=yes --enable-m-tx=yes --enable-pmx=yes --enable-ps2eps=yes --enable-t1utils=yes --enable-texdoctk=yes --enable-tpic2pdftex=yes --enable-vlna=yes --enable-xindy=no --with-clisp-runtime=default --enable-xpdfopen=yes --enable-web2c=yes --enable-afm2pl=yes --enable-bibtex-x=yes --enable-chktex=yes --enable-cjkutils=yes --enable-detex=yes --enable-dtl=yes --enable-dvi2tty=yes --enable-dvidvi=yes --enable-dviljk=yes --enable-dvipdfm-x=yes --enable-dvipng=yes --enable-dvipos=yes --enable-dvipsk=yes --enable-dvisvgm=yes --enable-gregorio=yes --enable-gsftopk=yes --enable-lcdf-typetools=yes --enable-makeindexk=yes --enable-makejvf=yes --enable-mendexk=yes --enable-musixtnt=yes --enable-ps2pk=yes --enable-psutils=yes --enable-seetexk=yes --enable-tex4htk=yes --enable-ttf2pk2=yes --enable-ttfdump=yes --enable-xdvik=yes --enable-texlive=yes --with-system-harfbuzz=no --with-system-icu=no --with-system-teckit=no --with-system-graphite2=no --with-system-zziplib=no --with-system-xpdf=no --with-system-poppler=no --with-system-mpfr=no --with-system-gmp=no --with-system-cairo=no --with-system-pixman=no --with-system-potrace=no --with-system-gd=no --with-system-freetype2=no --with-system-libpng=no --with-system-libpaper=no --with-system-zlib=no --with-system-ptexenc=no --with-system-kpathsea=no --datarootdir=${prefix} --mandir=${prefix}/texmf-dist/doc/man --infodir=${prefix}/texmf-dist/doc/info --cache-file=/dev/null --srcdir=.

## --------- ##
## Platform. ##
## --------- ##

hostname = maqiyuan-E430c
uname -m = x86_64
uname -r = 4.4.0-31-generic
uname -s = Linux
uname -v = #50-Ubuntu SMP Wed Jul 13 00:07:12 UTC 2016

/usr/bin/uname -p = unknown
/bin/uname -X     = unknown

/bin/arch              = unknown
/usr/bin/arch -k       = unknown
/usr/convex/getsysinfo = unknown
/usr/bin/hostinfo      = unknown
/bin/machine           = unknown
/usr/bin/oslevel       = unknown
/bin/universe          = unknown

PATH: /usr/local/sbin
PATH: /usr/local/bin
PATH: /usr/sbin
PATH: /usr/bin
PATH: /sbin
PATH: /bin
PATH: /usr/games
PATH: /usr/local/games
PATH: /snap/bin
PATH: /home/maqiyuan/bin/FDK/Tools/linux


## ----------- ##
## Core tests. ##
## ----------- ##

configure:2376: checking for a BSD-compatible install
configure:2444: result: /usr/bin/install -c
configure:2455: checking whether build environment is sane
configure:2510: result: yes
configure:2661: checking for a thread-safe mkdir -p
configure:2700: result: /bin/mkdir -p
configure:2707: checking for gawk
configure:2723: found /usr/bin/gawk
configure:2734: result: gawk
configure:2745: checking whether make sets $(MAKE)
configure:2767: result: yes
configure:2796: checking whether make supports nested variables
configure:2813: result: yes
configure:2836: checking for style of include used by make
configure:2864: result: GNU
configure:2935: checking for gcc
configure:2951: found /usr/bin/gcc
configure:2962: result: gcc
configure:3191: checking for C compiler version
configure:3200: gcc --version >&5
gcc (Ubuntu 5.4.0-6ubuntu1~16.04.1) 5.4.0 20160609
Copyright (C) 2015 Free Software Foundation, Inc.
This is free software; see the source for copying conditions.  There is NO
warranty; not even for MERCHANTABILITY or FITNESS FOR A PARTICULAR PURPOSE.

configure:3211: $? = 0
configure:3200: gcc -v >&5
Using built-in specs.
COLLECT_GCC=gcc
COLLECT_LTO_WRAPPER=/usr/lib/gcc/x86_64-linux-gnu/5/lto-wrapper
Target: x86_64-linux-gnu
Configured with: ../src/configure -v --with-pkgversion='Ubuntu 5.4.0-6ubuntu1~16.04.1' --with-bugurl=file:///usr/share/doc/gcc-5/README.Bugs --enable-languages=c,ada,c++,java,go,d,fortran,objc,obj-c++ --prefix=/usr --program-suffix=-5 --enable-shared --enable-linker-build-id --libexecdir=/usr/lib --without-included-gettext --enable-threads=posix --libdir=/usr/lib --enable-nls --with-sysroot=/ --enable-clocale=gnu --enable-libstdcxx-debug --enable-libstdcxx-time=yes --with-default-libstdcxx-abi=new --enable-gnu-unique-object --disable-vtable-verify --enable-libmpx --enable-plugin --with-system-zlib --disable-browser-plugin --enable-java-awt=gtk --enable-gtk-cairo --with-java-home=/usr/lib/jvm/java-1.5.0-gcj-5-amd64/jre --enable-java-home --with-jvm-root-dir=/usr/lib/jvm/java-1.5.0-gcj-5-amd64 --with-jvm-jar-dir=/usr/lib/jvm-exports/java-1.5.0-gcj-5-amd64 --with-arch-directory=amd64 --with-ecj-jar=/usr/share/java/eclipse-ecj.jar --enable-objc-gc --enable-multiarch --disable-werror --with-arch-32=i686 --with-abi=m64 --with-multilib-list=m32,m64,mx32 --enable-multilib --with-tune=generic --enable-checking=release --build=x86_64-linux-gnu --host=x86_64-linux-gnu --target=x86_64-linux-gnu
Thread model: posix
gcc version 5.4.0 20160609 (Ubuntu 5.4.0-6ubuntu1~16.04.1) 
configure:3211: $? = 0
configure:3200: gcc -V >&5
gcc: error: unrecognized command line option '-V'
gcc: fatal error: no input files
compilation terminated.
configure:3211: $? = 1
configure:3200: gcc -qversion >&5
gcc: error: unrecognized command line option '-qversion'
gcc: fatal error: no input files
compilation terminated.
configure:3211: $? = 1
configure:3231: checking whether the C compiler works
configure:3253: gcc    conftest.c  >&5
configure:3257: $? = 0
configure:3305: result: yes
configure:3308: checking for C compiler default output file name
configure:3310: result: a.out
configure:3316: checking for suffix of executables
configure:3323: gcc -o conftest    conftest.c  >&5
configure:3327: $? = 0
configure:3349: result: 
configure:3371: checking whether we are cross compiling
configure:3379: gcc -o conftest    conftest.c  >&5
configure:3383: $? = 0
configure:3390: ./conftest
configure:3394: $? = 0
configure:3409: result: no
configure:3414: checking for suffix of object files
configure:3436: gcc -c   conftest.c >&5
configure:3440: $? = 0
configure:3461: result: o
configure:3465: checking whether we are using the GNU C compiler
configure:3484: gcc -c   conftest.c >&5
configure:3484: $? = 0
configure:3493: result: yes
configure:3502: checking whether gcc accepts -g
configure:3522: gcc -c -g  conftest.c >&5
configure:3522: $? = 0
configure:3563: result: yes
configure:3580: checking for gcc option to accept ISO C89
configure:3643: gcc  -c -g -O2  conftest.c >&5
configure:3643: $? = 0
configure:3656: result: none needed
configure:3681: checking whether gcc understands -c and -o together
configure:3703: gcc -c conftest.c -o conftest2.o
configure:3706: $? = 0
configure:3703: gcc -c conftest.c -o conftest2.o
configure:3706: $? = 0
configure:3718: result: yes
configure:3737: checking dependency style of gcc
configure:3848: result: gcc3
configure:3996: checking whether to enable maintainer-specific portions of Makefiles
configure:4005: result: no
configure:4018: checking whether the compiler accepts prototypes
configure:4034: gcc -o conftest -g -O2   conftest.c  >&5
configure:4034: $? = 0
configure:4042: result: yes
configure:4047: checking what warning flags to pass to the C compiler
configure:4092: result: -Wimplicit -Wreturn-type -Wdeclaration-after-statement -Wno-unknown-pragmas
configure:4151: checking for gcc
configure:4178: result: gcc
configure:4407: checking for C compiler version
configure:4416: gcc --version >&5
gcc (Ubuntu 5.4.0-6ubuntu1~16.04.1) 5.4.0 20160609
Copyright (C) 2015 Free Software Foundation, Inc.
This is free software; see the source for copying conditions.  There is NO
warranty; not even for MERCHANTABILITY or FITNESS FOR A PARTICULAR PURPOSE.

configure:4427: $? = 0
configure:4416: gcc -v >&5
Using built-in specs.
COLLECT_GCC=gcc
COLLECT_LTO_WRAPPER=/usr/lib/gcc/x86_64-linux-gnu/5/lto-wrapper
Target: x86_64-linux-gnu
Configured with: ../src/configure -v --with-pkgversion='Ubuntu 5.4.0-6ubuntu1~16.04.1' --with-bugurl=file:///usr/share/doc/gcc-5/README.Bugs --enable-languages=c,ada,c++,java,go,d,fortran,objc,obj-c++ --prefix=/usr --program-suffix=-5 --enable-shared --enable-linker-build-id --libexecdir=/usr/lib --without-included-gettext --enable-threads=posix --libdir=/usr/lib --enable-nls --with-sysroot=/ --enable-clocale=gnu --enable-libstdcxx-debug --enable-libstdcxx-time=yes --with-default-libstdcxx-abi=new --enable-gnu-unique-object --disable-vtable-verify --enable-libmpx --enable-plugin --with-system-zlib --disable-browser-plugin --enable-java-awt=gtk --enable-gtk-cairo --with-java-home=/usr/lib/jvm/java-1.5.0-gcj-5-amd64/jre --enable-java-home --with-jvm-root-dir=/usr/lib/jvm/java-1.5.0-gcj-5-amd64 --with-jvm-jar-dir=/usr/lib/jvm-exports/java-1.5.0-gcj-5-amd64 --with-arch-directory=amd64 --with-ecj-jar=/usr/share/java/eclipse-ecj.jar --enable-objc-gc --enable-multiarch --disable-werror --with-arch-32=i686 --with-abi=m64 --with-multilib-list=m32,m64,mx32 --enable-multilib --with-tune=generic --enable-checking=release --build=x86_64-linux-gnu --host=x86_64-linux-gnu --target=x86_64-linux-gnu
Thread model: posix
gcc version 5.4.0 20160609 (Ubuntu 5.4.0-6ubuntu1~16.04.1) 
configure:4427: $? = 0
configure:4416: gcc -V >&5
gcc: error: unrecognized command line option '-V'
gcc: fatal error: no input files
compilation terminated.
configure:4427: $? = 1
configure:4416: gcc -qversion >&5
gcc: error: unrecognized command line option '-qversion'
gcc: fatal error: no input files
compilation terminated.
configure:4427: $? = 1
configure:4431: checking whether we are using the GNU C compiler
configure:4459: result: yes
configure:4468: checking whether gcc accepts -g
configure:4529: result: yes
configure:4546: checking for gcc option to accept ISO C89
configure:4622: result: none needed
configure:4647: checking whether gcc understands -c and -o together
configure:4684: result: yes
configure:4703: checking dependency style of gcc
configure:4814: result: gcc3
configure:4872: checking for ranlib
configure:4888: found /usr/bin/ranlib
configure:4899: result: ranlib
configure:4921: checking whether ln -s works
configure:4925: result: yes
configure:4933: checking CFLAGS for C to hide external symbols
configure:4955: gcc -c -g -O2 -Werror -fvisibility=hidden -fvisibility-inlines-hidden  conftest.c >&5
cc1: error: command line option '-fvisibility-inlines-hidden' is valid for C++/ObjC++ but not for C [-Werror]
cc1: all warnings being treated as errors
configure:4955: $? = 1
configure: failed program was:
| /* confdefs.h */
| #define PACKAGE_NAME "gmp (TeX Live)"
| #define PACKAGE_TARNAME "gmp--tex-live-"
| #define PACKAGE_VERSION "6.1.0"
| #define PACKAGE_STRING "gmp (TeX Live) 6.1.0"
| #define PACKAGE_BUGREPORT "tex-k@tug.org"
| #define PACKAGE_URL ""
| #define PACKAGE "gmp--tex-live-"
| #define VERSION "6.1.0"
| /* end confdefs.h.  */
| #include <stdio.h>
|                                    extern void foo(void);
|                                    void foo(void){printf("foo\n");}
configure:4955: gcc -c -g -O2 -Werror -fvisibility=hidden  conftest.c >&5
configure:4955: $? = 0
configure:4968: result: -fvisibility=hidden
configure:4983: checking for gcc option to accept ISO C99
configure:5132: gcc  -c -g -O2  conftest.c >&5
configure:5132: $? = 0
configure:5145: result: none needed
configure:5169: checking build system type
configure:5183: result: x86_64-pc-linux-gnu
configure:5203: checking host system type
configure:5216: result: x86_64-pc-linux-gnu
configure:5245: checking for memset
configure:5245: gcc -o conftest -g -O2 -DNO_ASM   conftest.c  >&5
conftest.c:34:6: warning: conflicting types for built-in function 'memset'
 char memset ();
      ^
configure:5245: $? = 0
configure:5245: result: yes
configure:5245: checking for raise
configure:5245: gcc -o conftest -g -O2 -DNO_ASM   conftest.c  >&5
configure:5245: $? = 0
configure:5245: result: yes
configure:5245: checking for strchr
configure:5245: gcc -o conftest -g -O2 -DNO_ASM   conftest.c  >&5
conftest.c:36:6: warning: conflicting types for built-in function 'strchr'
 char strchr ();
      ^
configure:5245: $? = 0
configure:5245: result: yes
configure:5255: checking whether gcc __attribute__ ((const)) works
configure:5271: gcc -c -g -O2 -DNO_ASM  conftest.c >&5
configure:5271: $? = 0
configure:5279: result: yes
configure:5287: checking whether gcc __attribute__ ((malloc)) works
configure:5304: gcc -c -g -O2 -DNO_ASM  conftest.c >&5
configure:5304: $? = 0
configure:5314: result: yes
configure:5322: checking whether gcc __attribute__ ((mode (XX))) works
configure:5338: gcc -c -g -O2 -DNO_ASM  conftest.c >&5
configure:5338: $? = 0
configure:5346: result: yes
configure:5354: checking whether gcc __attribute__ ((noreturn)) works
configure:5370: gcc -c -g -O2 -DNO_ASM  conftest.c >&5
configure:5370: $? = 0
configure:5378: result: yes
configure:5392: checking how to run the C preprocessor
configure:5423: gcc -E  conftest.c
configure:5423: $? = 0
configure:5437: gcc -E  conftest.c
conftest.c:18:28: fatal error: ac_nonexistent.h: No such file or directory
compilation terminated.
configure:5437: $? = 1
configure: failed program was:
| /* confdefs.h */
| #define PACKAGE_NAME "gmp (TeX Live)"
| #define PACKAGE_TARNAME "gmp--tex-live-"
| #define PACKAGE_VERSION "6.1.0"
| #define PACKAGE_STRING "gmp (TeX Live) 6.1.0"
| #define PACKAGE_BUGREPORT "tex-k@tug.org"
| #define PACKAGE_URL ""
| #define PACKAGE "gmp--tex-live-"
| #define VERSION "6.1.0"
| #define HAVE_MEMSET 1
| #define HAVE_RAISE 1
| #define HAVE_STRCHR 1
| #define HAVE_ATTRIBUTE_CONST 1
| #define HAVE_ATTRIBUTE_MALLOC 1
| #define HAVE_ATTRIBUTE_MODE 1
| #define HAVE_ATTRIBUTE_NORETURN 1
| /* end confdefs.h.  */
| #include <ac_nonexistent.h>
configure:5462: result: gcc -E
configure:5482: gcc -E  conftest.c
configure:5482: $? = 0
configure:5496: gcc -E  conftest.c
conftest.c:18:28: fatal error: ac_nonexistent.h: No such file or directory
compilation terminated.
configure:5496: $? = 1
configure: failed program was:
| /* confdefs.h */
| #define PACKAGE_NAME "gmp (TeX Live)"
| #define PACKAGE_TARNAME "gmp--tex-live-"
| #define PACKAGE_VERSION "6.1.0"
| #define PACKAGE_STRING "gmp (TeX Live) 6.1.0"
| #define PACKAGE_BUGREPORT "tex-k@tug.org"
| #define PACKAGE_URL ""
| #define PACKAGE "gmp--tex-live-"
| #define VERSION "6.1.0"
| #define HAVE_MEMSET 1
| #define HAVE_RAISE 1
| #define HAVE_STRCHR 1
| #define HAVE_ATTRIBUTE_CONST 1
| #define HAVE_ATTRIBUTE_MALLOC 1
| #define HAVE_ATTRIBUTE_MODE 1
| #define HAVE_ATTRIBUTE_NORETURN 1
| /* end confdefs.h.  */
| #include <ac_nonexistent.h>
configure:5525: checking for grep that handles long lines and -e
configure:5583: result: /bin/grep
configure:5588: checking for egrep
configure:5650: result: /bin/grep -E
configure:5655: checking for ANSI C header files
configure:5675: gcc -c -g -O2 -DNO_ASM  conftest.c >&5
configure:5675: $? = 0
configure:5748: gcc -o conftest -g -O2 -DNO_ASM   conftest.c  >&5
configure:5748: $? = 0
configure:5748: ./conftest
configure:5748: $? = 0
configure:5759: result: yes
configure:5772: checking for sys/types.h
configure:5772: gcc -c -g -O2 -DNO_ASM  conftest.c >&5
configure:5772: $? = 0
configure:5772: result: yes
configure:5772: checking for sys/stat.h
configure:5772: gcc -c -g -O2 -DNO_ASM  conftest.c >&5
configure:5772: $? = 0
configure:5772: result: yes
configure:5772: checking for stdlib.h
configure:5772: gcc -c -g -O2 -DNO_ASM  conftest.c >&5
configure:5772: $? = 0
configure:5772: result: yes
configure:5772: checking for string.h
configure:5772: gcc -c -g -O2 -DNO_ASM  conftest.c >&5
configure:5772: $? = 0
configure:5772: result: yes
configure:5772: checking for memory.h
configure:5772: gcc -c -g -O2 -DNO_ASM  conftest.c >&5
configure:5772: $? = 0
configure:5772: result: yes
configure:5772: checking for strings.h
configure:5772: gcc -c -g -O2 -DNO_ASM  conftest.c >&5
configure:5772: $? = 0
configure:5772: result: yes
configure:5772: checking for inttypes.h
configure:5772: gcc -c -g -O2 -DNO_ASM  conftest.c >&5
configure:5772: $? = 0
configure:5772: result: yes
configure:5772: checking for stdint.h
configure:5772: gcc -c -g -O2 -DNO_ASM  conftest.c >&5
configure:5772: $? = 0
configure:5772: result: yes
configure:5772: checking for unistd.h
configure:5772: gcc -c -g -O2 -DNO_ASM  conftest.c >&5
configure:5772: $? = 0
configure:5772: result: yes
configure:5784: checking for long long
configure:5784: gcc -c -g -O2 -DNO_ASM  conftest.c >&5
configure:5784: $? = 0
configure:5784: gcc -c -g -O2 -DNO_ASM  conftest.c >&5
conftest.c: In function 'main':
conftest.c:64:24: error: expected expression before ')' token
 if (sizeof ((long long)))
                        ^
configure:5784: $? = 1
configure: failed program was:
| /* confdefs.h */
| #define PACKAGE_NAME "gmp (TeX Live)"
| #define PACKAGE_TARNAME "gmp--tex-live-"
| #define PACKAGE_VERSION "6.1.0"
| #define PACKAGE_STRING "gmp (TeX Live) 6.1.0"
| #define PACKAGE_BUGREPORT "tex-k@tug.org"
| #define PACKAGE_URL ""
| #define PACKAGE "gmp--tex-live-"
| #define VERSION "6.1.0"
| #define HAVE_MEMSET 1
| #define HAVE_RAISE 1
| #define HAVE_STRCHR 1
| #define HAVE_ATTRIBUTE_CONST 1
| #define HAVE_ATTRIBUTE_MALLOC 1
| #define HAVE_ATTRIBUTE_MODE 1
| #define HAVE_ATTRIBUTE_NORETURN 1
| #define STDC_HEADERS 1
| #define HAVE_SYS_TYPES_H 1
| #define HAVE_SYS_STAT_H 1
| #define HAVE_STDLIB_H 1
| #define HAVE_STRING_H 1
| #define HAVE_MEMORY_H 1
| #define HAVE_STRINGS_H 1
| #define HAVE_INTTYPES_H 1
| #define HAVE_STDINT_H 1
| #define HAVE_UNISTD_H 1
| /* end confdefs.h.  */
| #include <stdio.h>
| #ifdef HAVE_SYS_TYPES_H
| # include <sys/types.h>
| #endif
| #ifdef HAVE_SYS_STAT_H
| # include <sys/stat.h>
| #endif
| #ifdef STDC_HEADERS
| # include <stdlib.h>
| # include <stddef.h>
| #else
| # ifdef HAVE_STDLIB_H
| #  include <stdlib.h>
| # endif
| #endif
| #ifdef HAVE_STRING_H
| # if !defined STDC_HEADERS && defined HAVE_MEMORY_H
| #  include <memory.h>
| # endif
| # include <string.h>
| #endif
| #ifdef HAVE_STRINGS_H
| # include <strings.h>
| #endif
| #ifdef HAVE_INTTYPES_H
| # include <inttypes.h>
| #endif
| #ifdef HAVE_STDINT_H
| # include <stdint.h>
| #endif
| #ifdef HAVE_UNISTD_H
| # include <unistd.h>
| #endif
| int
| main ()
| {
| if (sizeof ((long long)))
| 	    return 0;
|   ;
|   return 0;
| }
configure:5784: result: yes
configure:5794: checking size of void *
configure:5799: gcc -o conftest -g -O2 -DNO_ASM   conftest.c  >&5
configure:5799: $? = 0
configure:5799: ./conftest
configure:5799: $? = 0
configure:5813: result: 8
configure:5827: checking size of unsigned short
configure:5832: gcc -o conftest -g -O2 -DNO_ASM   conftest.c  >&5
configure:5832: $? = 0
configure:5832: ./conftest
configure:5832: $? = 0
configure:5846: result: 2
configure:5860: checking size of unsigned
configure:5865: gcc -o conftest -g -O2 -DNO_ASM   conftest.c  >&5
configure:5865: $? = 0
configure:5865: ./conftest
configure:5865: $? = 0
configure:5879: result: 4
configure:5893: checking size of unsigned long
configure:5898: gcc -o conftest -g -O2 -DNO_ASM   conftest.c  >&5
configure:5898: $? = 0
configure:5898: ./conftest
configure:5898: $? = 0
configure:5912: result: 8
configure:5926: checking size of unsigned long long
configure:5931: gcc -o conftest -g -O2 -DNO_ASM   conftest.c  >&5
configure:5931: $? = 0
configure:5931: ./conftest
configure:5931: $? = 0
configure:5945: result: 8
configure:6000: checking size of mp_limb_t
configure:6005: gcc -o conftest -g -O2 -DNO_ASM   conftest.c  >&5
configure:6005: $? = 0
configure:6005: ./conftest
configure:6005: $? = 0
configure:6020: result: 8
configure:6031: checking for inline
configure:6047: gcc -c -g -O2 -DNO_ASM  conftest.c >&5
configure:6047: $? = 0
configure:6055: result: inline
configure:6093: gcc -c -g -O2 -DNO_ASM  conftest.c >&5
configure:6093: $? = 0
configure:6112: checking for working alloca.h
configure:6128: gcc -c -g -O2 -DNO_ASM  conftest.c >&5
configure:6128: $? = 0
configure:6135: result: yes
configure:6143: checking for alloca (via gmp-impl.h)
configure:6160: gcc -c -g -O2 -DNO_ASM  conftest.c >&5
conftest.c:36:34: fatal error: ./gmp-6.1.0/gmp-impl.h: No such file or directory
compilation terminated.
configure:6160: $? = 1
configure: failed program was:
| /* confdefs.h */
| #define PACKAGE_NAME "gmp (TeX Live)"
| #define PACKAGE_TARNAME "gmp--tex-live-"
| #define PACKAGE_VERSION "6.1.0"
| #define PACKAGE_STRING "gmp (TeX Live) 6.1.0"
| #define PACKAGE_BUGREPORT "tex-k@tug.org"
| #define PACKAGE_URL ""
| #define PACKAGE "gmp--tex-live-"
| #define VERSION "6.1.0"
| #define HAVE_MEMSET 1
| #define HAVE_RAISE 1
| #define HAVE_STRCHR 1
| #define HAVE_ATTRIBUTE_CONST 1
| #define HAVE_ATTRIBUTE_MALLOC 1
| #define HAVE_ATTRIBUTE_MODE 1
| #define HAVE_ATTRIBUTE_NORETURN 1
| #define STDC_HEADERS 1
| #define HAVE_SYS_TYPES_H 1
| #define HAVE_SYS_STAT_H 1
| #define HAVE_STDLIB_H 1
| #define HAVE_STRING_H 1
| #define HAVE_MEMORY_H 1
| #define HAVE_STRINGS_H 1
| #define HAVE_INTTYPES_H 1
| #define HAVE_STDINT_H 1
| #define HAVE_UNISTD_H 1
| #define SIZEOF_VOID_P 8
| #define SIZEOF_UNSIGNED_SHORT 2
| #define SIZEOF_UNSIGNED 4
| #define SIZEOF_UNSIGNED_LONG 8
| #define SIZEOF_UNSIGNED_LONG_LONG 8
| #define SIZEOF_MP_LIMB_T 8
| #define HAVE_ALLOCA_H 1
| /* end confdefs.h.  */
| #include "gmp-tmp.h"
| #include "./gmp-6.1.0/gmp-impl.h"
| int
| main ()
| {
| char *p = (char *) alloca (1);
|   ;
|   return 0;
| }
configure:6167: result: no
configure:6184: checking format of `double' floating point
configure:6213: gcc -c -g -O2 -DNO_ASM  conftest.c >&5
configure:6213: $? = 0
configure:6380: result: IEEE little endian
configure:6572: checking that generated files are newer than configure
configure:6578: result: done
configure:6613: creating ./config.status

## ---------------------- ##
## Running config.status. ##
## ---------------------- ##

This file was extended by gmp (TeX Live) config.status 6.1.0, which was
generated by GNU Autoconf 2.69.  Invocation command line was

  CONFIG_FILES    = 
  CONFIG_HEADERS  = 
  CONFIG_LINKS    = 
  CONFIG_COMMANDS = 
  $ ./config.status 

on maqiyuan-E430c

config.status:895: creating Makefile
config.status:895: creating include/Makefile
config.status:895: creating gmp.h
config.status:895: creating config.h
config.status:1124: executing depfiles commands
configure:8006: === configuring in native (/home/maqiyuan/Desktop/texlive-mobile/src/texlive-source/libs/gmp/native)
configure:8069: running /bin/bash ./configure --disable-option-checking '--prefix=/usr/local'  '--enable-build-in-source-tree' '--enable-native-texlive-build' '--enable-largefile' '--disable-silent-rules' '--enable-multiplatform=yes' '--enable-cxx-runtime-hack=yes' '--enable-libtool-hack=yes' '--disable-shared' '--enable-texlive-build' '--bindir=${exec_prefix}/bin/x86_64-pc-linux-gnu' '--libdir=${exec_prefix}/lib/x86_64-pc-linux-gnu' '--with-x' '--enable-devnag=yes' '--enable-lacheck=yes' '--enable-m-tx=yes' '--enable-pmx=yes' '--enable-ps2eps=yes' '--enable-t1utils=yes' '--enable-texdoctk=yes' '--enable-tpic2pdftex=yes' '--enable-vlna=yes' '--enable-xindy=no' '--with-clisp-runtime=default' '--enable-xpdfopen=yes' '--enable-web2c=yes' '--enable-afm2pl=yes' '--enable-bibtex-x=yes' '--enable-chktex=yes' '--enable-cjkutils=yes' '--enable-detex=yes' '--enable-dtl=yes' '--enable-dvi2tty=yes' '--enable-dvidvi=yes' '--enable-dviljk=yes' '--enable-dvipdfm-x=yes' '--enable-dvipng=yes' '--enable-dvipos=yes' '--enable-dvipsk=yes' '--enable-dvisvgm=yes' '--enable-gregorio=yes' '--enable-gsftopk=yes' '--enable-lcdf-typetools=yes' '--enable-makeindexk=yes' '--enable-makejvf=yes' '--enable-mendexk=yes' '--enable-musixtnt=yes' '--enable-ps2pk=yes' '--enable-psutils=yes' '--enable-seetexk=yes' '--enable-tex4htk=yes' '--enable-ttf2pk2=yes' '--enable-ttfdump=yes' '--enable-xdvik=yes' '--enable-texlive=yes' '--with-system-harfbuzz=no' '--with-system-icu=no' '--with-system-teckit=no' '--with-system-graphite2=no' '--with-system-zziplib=no' '--with-system-xpdf=no' '--with-system-poppler=no' '--with-system-mpfr=no' '--with-system-gmp=no' '--with-system-cairo=no' '--with-system-pixman=no' '--with-system-potrace=no' '--with-system-gd=no' '--with-system-freetype2=no' '--with-system-libpng=no' '--with-system-libpaper=no' '--with-system-zlib=no' '--with-system-ptexenc=no' '--with-system-kpathsea=no' '--datarootdir=${prefix}' '--mandir=${prefix}/texmf-dist/doc/man' '--infodir=${prefix}/texmf-dist/doc/info' --cache-file=/dev/null --srcdir=.

## ---------------- ##
## Cache variables. ##
## ---------------- ##

ac_cv_build=x86_64-pc-linux-gnu
ac_cv_c_compiler_gnu=yes
ac_cv_c_inline=inline
ac_cv_env_CC_set=
ac_cv_env_CC_value=
ac_cv_env_CFLAGS_set=
ac_cv_env_CFLAGS_value=
ac_cv_env_CPPFLAGS_set=
ac_cv_env_CPPFLAGS_value=
ac_cv_env_CPP_set=
ac_cv_env_CPP_value=
ac_cv_env_LDFLAGS_set=
ac_cv_env_LDFLAGS_value=
ac_cv_env_LIBS_set=
ac_cv_env_LIBS_value=
ac_cv_env_build_alias_set=
ac_cv_env_build_alias_value=
ac_cv_env_host_alias_set=
ac_cv_env_host_alias_value=
ac_cv_env_target_alias_set=
ac_cv_env_target_alias_value=
ac_cv_func_memset=yes
ac_cv_func_raise=yes
ac_cv_func_strchr=yes
ac_cv_header_inttypes_h=yes
ac_cv_header_memory_h=yes
ac_cv_header_stdc=yes
ac_cv_header_stdint_h=yes
ac_cv_header_stdlib_h=yes
ac_cv_header_string_h=yes
ac_cv_header_strings_h=yes
ac_cv_header_sys_stat_h=yes
ac_cv_header_sys_types_h=yes
ac_cv_header_unistd_h=yes
ac_cv_host=x86_64-pc-linux-gnu
ac_cv_objext=o
ac_cv_path_EGREP='/bin/grep -E'
ac_cv_path_GREP=/bin/grep
ac_cv_path_install='/usr/bin/install -c'
ac_cv_path_mkdir=/bin/mkdir
ac_cv_prog_AWK=gawk
ac_cv_prog_CPP='gcc -E'
ac_cv_prog_ac_ct_CC=gcc
ac_cv_prog_ac_ct_RANLIB=ranlib
ac_cv_prog_cc_c89=
ac_cv_prog_cc_c99=
ac_cv_prog_cc_g=yes
ac_cv_prog_make_make_set=yes
ac_cv_sizeof_mp_limb_t=8
ac_cv_sizeof_unsigned=4
ac_cv_sizeof_unsigned_long=8
ac_cv_sizeof_unsigned_long_long=8
ac_cv_sizeof_unsigned_short=2
ac_cv_sizeof_void_p=8
ac_cv_type_long_long=yes
am_cv_CC_dependencies_compiler_type=gcc3
am_cv_make_support_nested_variables=yes
am_cv_prog_cc_c_o=yes
gmp_cv_c_attribute_const=yes
gmp_cv_c_attribute_malloc=yes
gmp_cv_c_attribute_mode=yes
gmp_cv_c_attribute_noreturn=yes
gmp_cv_c_double_format='IEEE little endian'
gmp_cv_func_alloca=no
gmp_cv_header_alloca=yes
kb_cv_c_prototypes=yes
kpse_cv_visibility_cflags=-fvisibility=hidden
kpse_cv_warning_cflags='-Wimplicit -Wreturn-type -Wdeclaration-after-statement -Wno-unknown-pragmas'

## ----------------- ##
## Output variables. ##
## ----------------- ##

ACLOCAL='${SHELL} /home/maqiyuan/Desktop/texlive-mobile/src/texlive-source/build-aux/missing aclocal-1.15'
AMDEPBACKSLASH='\'
AMDEP_FALSE='#'
AMDEP_TRUE=''
AMTAR='$${TAR-tar}'
AM_BACKSLASH='\'
AM_DEFAULT_V='$(AM_DEFAULT_VERBOSITY)'
AM_DEFAULT_VERBOSITY='1'
AM_V='$(V)'
AUTOCONF='${SHELL} /home/maqiyuan/Desktop/texlive-mobile/src/texlive-source/build-aux/missing autoconf'
AUTOHEADER='${SHELL} /home/maqiyuan/Desktop/texlive-mobile/src/texlive-source/build-aux/missing autoheader'
AUTOMAKE='${SHELL} /home/maqiyuan/Desktop/texlive-mobile/src/texlive-source/build-aux/missing automake-1.15'
AWK='gawk'
CC='gcc'
CCDEPMODE='depmode=gcc3'
CFLAGS='-g -O2 -DNO_ASM'
CPP='gcc -E'
CPPFLAGS=''
CYGPATH_W='echo'
DEFN_LONG_LONG_LIMB='/* #undef _LONG_LONG_LIMB */'
DEFS='-DHAVE_CONFIG_H'
DEPDIR='.deps'
ECHO_C=''
ECHO_N='-n'
ECHO_T=''
EGREP='/bin/grep -E'
EXEEXT=''
GMP_LIMB_BITS='64'
GMP_NAIL_BITS='0'
GMP_TREE='gmp-src'
GREP='/bin/grep'
HAVE_HOST_CPU_FAMILY_power='0'
HAVE_HOST_CPU_FAMILY_powerpc='0'
INSTALL_DATA='${INSTALL} -m 644'
INSTALL_PROGRAM='${INSTALL}'
INSTALL_SCRIPT='${INSTALL}'
INSTALL_STRIP_PROGRAM='$(install_sh) -c -s'
LDFLAGS=''
LIBGMP_DLL='0'
LIBOBJS=''
LIBS=''
LN_S='ln -s'
LTLIBOBJS=''
MAINT='#'
MAINTAINER_MODE_FALSE=''
MAINTAINER_MODE_TRUE='#'
MAKEINFO='${SHELL} /home/maqiyuan/Desktop/texlive-mobile/src/texlive-source/build-aux/missing makeinfo'
MKDIR_P='/bin/mkdir -p'
OBJEXT='o'
PACKAGE='gmp--tex-live-'
PACKAGE_BUGREPORT='tex-k@tug.org'
PACKAGE_NAME='gmp (TeX Live)'
PACKAGE_STRING='gmp (TeX Live) 6.1.0'
PACKAGE_TARNAME='gmp--tex-live-'
PACKAGE_URL=''
PACKAGE_VERSION='6.1.0'
PATH_SEPARATOR=':'
RANLIB='ranlib'
SET_MAKE=''
SHELL='/bin/bash'
STRIP=''
VERSION='6.1.0'
VISIBILITY_CFLAGS='-fvisibility=hidden'
WARNING_CFLAGS='-Wimplicit -Wreturn-type -Wdeclaration-after-statement -Wno-unknown-pragmas'
ac_ct_CC='gcc'
am__EXEEXT_FALSE=''
am__EXEEXT_TRUE='#'
am__fastdepCC_FALSE='#'
am__fastdepCC_TRUE=''
am__include='include'
am__isrc=''
am__leading_dot='.'
am__nodep='_no'
am__quote=''
am__tar='$${TAR-tar} chof - "$$tardir"'
am__untar='$${TAR-tar} xf -'
bindir='${exec_prefix}/bin/x86_64-pc-linux-gnu'
build='x86_64-pc-linux-gnu'
build_FALSE='#'
build_TRUE=''
build_alias=''
build_cpu='x86_64'
build_os='linux-gnu'
build_vendor='pc'
datadir='${datarootdir}'
datarootdir='${prefix}'
docdir='${datarootdir}/doc/${PACKAGE_TARNAME}'
dvidir='${docdir}'
exec_prefix='${prefix}'
host='x86_64-pc-linux-gnu'
host_alias=''
host_cpu='x86_64'
host_os='linux-gnu'
host_vendor='pc'
htmldir='${docdir}'
includedir='${prefix}/include'
infodir='${prefix}/texmf-dist/doc/info'
install_sh='${SHELL} /home/maqiyuan/Desktop/texlive-mobile/src/texlive-source/build-aux/install-sh'
libdir='${exec_prefix}/lib/x86_64-pc-linux-gnu'
libexecdir='${exec_prefix}/libexec'
localedir='${datarootdir}/locale'
localstatedir='${prefix}/var'
mandir='${prefix}/texmf-dist/doc/man'
mkdir_p='$(MKDIR_P)'
oldincludedir='/usr/include'
pdfdir='${docdir}'
prefix='/usr/local'
program_transform_name='s,x,x,'
psdir='${docdir}'
sbindir='${exec_prefix}/sbin'
sharedstatedir='${prefix}/com'
subdirs=' native'
sysconfdir='${prefix}/etc'
target_alias=''

## ----------- ##
## confdefs.h. ##
## ----------- ##

/* confdefs.h */
#define PACKAGE_NAME "gmp (TeX Live)"
#define PACKAGE_TARNAME "gmp--tex-live-"
#define PACKAGE_VERSION "6.1.0"
#define PACKAGE_STRING "gmp (TeX Live) 6.1.0"
#define PACKAGE_BUGREPORT "tex-k@tug.org"
#define PACKAGE_URL ""
#define PACKAGE "gmp--tex-live-"
#define VERSION "6.1.0"
#define HAVE_MEMSET 1
#define HAVE_RAISE 1
#define HAVE_STRCHR 1
#define HAVE_ATTRIBUTE_CONST 1
#define HAVE_ATTRIBUTE_MALLOC 1
#define HAVE_ATTRIBUTE_MODE 1
#define HAVE_ATTRIBUTE_NORETURN 1
#define STDC_HEADERS 1
#define HAVE_SYS_TYPES_H 1
#define HAVE_SYS_STAT_H 1
#define HAVE_STDLIB_H 1
#define HAVE_STRING_H 1
#define HAVE_MEMORY_H 1
#define HAVE_STRINGS_H 1
#define HAVE_INTTYPES_H 1
#define HAVE_STDINT_H 1
#define HAVE_UNISTD_H 1
#define SIZEOF_VOID_P 8
#define SIZEOF_UNSIGNED_SHORT 2
#define SIZEOF_UNSIGNED 4
#define SIZEOF_UNSIGNED_LONG 8
#define SIZEOF_UNSIGNED_LONG_LONG 8
#define SIZEOF_MP_LIMB_T 8
#define HAVE_ALLOCA_H 1
#define WANT_TMP_REENTRANT 1
#define HAVE_DOUBLE_IEEE_LITTLE_ENDIAN 1

configure: exit 0
