This file contains any messages produced by compilers while
running configure, to aid debugging if configure makes a mistake.

It was created by lua52 (TeX Live) configure 5.2.4, which was
generated by GNU Autoconf 2.69.  Invocation command line was

  $ ./configure --disable-option-checking --prefix=/usr/local --enable-build-in-source-tree --enable-native-texlive-build --enable-largefile --disable-silent-rules --enable-multiplatform=yes --enable-cxx-runtime-hack=yes --enable-libtool-hack=yes --disable-shared --enable-texlive-build --bindir=${exec_prefix}/bin/x86_64-pc-linux-gnu --libdir=${exec_prefix}/lib/x86_64-pc-linux-gnu --with-x --enable-autosp=yes --enable-devnag=yes --enable-lacheck=yes --enable-m-tx=yes --enable-pmx=yes --enable-ps2eps=yes --enable-t1utils=yes --enable-texdoctk=yes --enable-tpic2pdftex=yes --enable-vlna=yes --enable-xindy=no --with-clisp-runtime=default --enable-xpdfopen=yes --enable-web2c=yes --enable-afm2pl=yes --enable-bibtex-x=yes --enable-chktex=yes --enable-cjkutils=yes --enable-detex=yes --enable-dtl=yes --enable-dvi2tty=yes --enable-dvidvi=yes --enable-dviljk=yes --enable-dvipdfm-x=yes --enable-dvipng=yes --enable-dvipos=yes --enable-dvipsk=yes --enable-dvisvgm=yes --enable-gregorio=yes --enable-gsftopk=yes --enable-lcdf-typetools=yes --enable-makeindexk=yes --enable-makejvf=yes --enable-mendexk=yes --enable-musixtnt=yes --enable-ps2pk=yes --enable-psutils=yes --enable-seetexk=yes --enable-tex4htk=yes --enable-ttf2pk2=yes --enable-ttfdump=yes --enable-upmendex=yes --enable-xdvik=yes --enable-texlive=yes --with-system-harfbuzz=no --with-system-icu=no --with-system-teckit=no --with-system-graphite2=no --with-system-zziplib=no --with-system-xpdf=no --with-system-poppler=no --with-system-mpfr=no --with-system-gmp=no --with-system-cairo=no --with-system-pixman=no --with-system-potrace=no --with-system-gd=no --with-system-freetype2=no --with-system-libpng=no --with-system-libpaper=no --with-system-zlib=no --with-system-ptexenc=no --with-system-kpathsea=no --datarootdir=${prefix} --mandir=${prefix}/texmf-dist/doc/man --infodir=${prefix}/texmf-dist/doc/info --cache-file=/dev/null --srcdir=.

## --------- ##
## Platform. ##
## --------- ##

hostname = maqiyuan-E430c
uname -m = x86_64
uname -r = 4.4.0-34-generic
uname -s = Linux
uname -v = #53-Ubuntu SMP Wed Jul 27 16:06:39 UTC 2016

/usr/bin/uname -p = unknown
/bin/uname -X     = unknown

/bin/arch              = unknown
/usr/bin/arch -k       = unknown
/usr/convex/getsysinfo = unknown
/usr/bin/hostinfo      = unknown
/bin/machine           = unknown
/usr/bin/oslevel       = unknown
/bin/universe          = unknown

PATH: /usr/local/sbin
PATH: /usr/local/bin
PATH: /usr/sbin
PATH: /usr/bin
PATH: /sbin
PATH: /bin
PATH: /usr/games
PATH: /usr/local/games
PATH: /snap/bin
PATH: /home/maqiyuan/bin/FDK/Tools/linux


## ----------- ##
## Core tests. ##
## ----------- ##

configure:2376: checking for a BSD-compatible install
configure:2444: result: /usr/bin/install -c
configure:2455: checking whether build environment is sane
configure:2510: result: yes
configure:2661: checking for a thread-safe mkdir -p
configure:2700: result: /bin/mkdir -p
configure:2707: checking for gawk
configure:2723: found /usr/bin/gawk
configure:2734: result: gawk
configure:2745: checking whether make sets $(MAKE)
configure:2767: result: yes
configure:2796: checking whether make supports nested variables
configure:2813: result: yes
configure:2836: checking for style of include used by make
configure:2864: result: GNU
configure:2935: checking for gcc
configure:2951: found /usr/bin/gcc
configure:2962: result: gcc
configure:3191: checking for C compiler version
configure:3200: gcc --version >&5
gcc (Ubuntu 5.4.0-6ubuntu1~16.04.1) 5.4.0 20160609
Copyright (C) 2015 Free Software Foundation, Inc.
This is free software; see the source for copying conditions.  There is NO
warranty; not even for MERCHANTABILITY or FITNESS FOR A PARTICULAR PURPOSE.

configure:3211: $? = 0
configure:3200: gcc -v >&5
Using built-in specs.
COLLECT_GCC=gcc
COLLECT_LTO_WRAPPER=/usr/lib/gcc/x86_64-linux-gnu/5/lto-wrapper
Target: x86_64-linux-gnu
Configured with: ../src/configure -v --with-pkgversion='Ubuntu 5.4.0-6ubuntu1~16.04.1' --with-bugurl=file:///usr/share/doc/gcc-5/README.Bugs --enable-languages=c,ada,c++,java,go,d,fortran,objc,obj-c++ --prefix=/usr --program-suffix=-5 --enable-shared --enable-linker-build-id --libexecdir=/usr/lib --without-included-gettext --enable-threads=posix --libdir=/usr/lib --enable-nls --with-sysroot=/ --enable-clocale=gnu --enable-libstdcxx-debug --enable-libstdcxx-time=yes --with-default-libstdcxx-abi=new --enable-gnu-unique-object --disable-vtable-verify --enable-libmpx --enable-plugin --with-system-zlib --disable-browser-plugin --enable-java-awt=gtk --enable-gtk-cairo --with-java-home=/usr/lib/jvm/java-1.5.0-gcj-5-amd64/jre --enable-java-home --with-jvm-root-dir=/usr/lib/jvm/java-1.5.0-gcj-5-amd64 --with-jvm-jar-dir=/usr/lib/jvm-exports/java-1.5.0-gcj-5-amd64 --with-arch-directory=amd64 --with-ecj-jar=/usr/share/java/eclipse-ecj.jar --enable-objc-gc --enable-multiarch --disable-werror --with-arch-32=i686 --with-abi=m64 --with-multilib-list=m32,m64,mx32 --enable-multilib --with-tune=generic --enable-checking=release --build=x86_64-linux-gnu --host=x86_64-linux-gnu --target=x86_64-linux-gnu
Thread model: posix
gcc version 5.4.0 20160609 (Ubuntu 5.4.0-6ubuntu1~16.04.1) 
configure:3211: $? = 0
configure:3200: gcc -V >&5
gcc: error: unrecognized command line option '-V'
gcc: fatal error: no input files
compilation terminated.
configure:3211: $? = 1
configure:3200: gcc -qversion >&5
gcc: error: unrecognized command line option '-qversion'
gcc: fatal error: no input files
compilation terminated.
configure:3211: $? = 1
configure:3231: checking whether the C compiler works
configure:3253: gcc    conftest.c  >&5
configure:3257: $? = 0
configure:3305: result: yes
configure:3308: checking for C compiler default output file name
configure:3310: result: a.out
configure:3316: checking for suffix of executables
configure:3323: gcc -o conftest    conftest.c  >&5
configure:3327: $? = 0
configure:3349: result: 
configure:3371: checking whether we are cross compiling
configure:3379: gcc -o conftest    conftest.c  >&5
configure:3383: $? = 0
configure:3390: ./conftest
configure:3394: $? = 0
configure:3409: result: no
configure:3414: checking for suffix of object files
configure:3436: gcc -c   conftest.c >&5
configure:3440: $? = 0
configure:3461: result: o
configure:3465: checking whether we are using the GNU C compiler
configure:3484: gcc -c   conftest.c >&5
configure:3484: $? = 0
configure:3493: result: yes
configure:3502: checking whether gcc accepts -g
configure:3522: gcc -c -g  conftest.c >&5
configure:3522: $? = 0
configure:3563: result: yes
configure:3580: checking for gcc option to accept ISO C89
configure:3643: gcc  -c -g -O2  conftest.c >&5
configure:3643: $? = 0
configure:3656: result: none needed
configure:3681: checking whether gcc understands -c and -o together
configure:3703: gcc -c conftest.c -o conftest2.o
configure:3706: $? = 0
configure:3703: gcc -c conftest.c -o conftest2.o
configure:3706: $? = 0
configure:3718: result: yes
configure:3737: checking dependency style of gcc
configure:3848: result: gcc3
configure:3996: checking whether to enable maintainer-specific portions of Makefiles
configure:4005: result: no
configure:4018: checking whether the compiler accepts prototypes
configure:4034: gcc -o conftest -g -O2   conftest.c  >&5
configure:4034: $? = 0
configure:4042: result: yes
configure:4047: checking what warning flags to pass to the C compiler
configure:4092: result: -Wimplicit -Wreturn-type -Wdeclaration-after-statement -Wno-unknown-pragmas
configure:4151: checking for gcc
configure:4178: result: gcc
configure:4407: checking for C compiler version
configure:4416: gcc --version >&5
gcc (Ubuntu 5.4.0-6ubuntu1~16.04.1) 5.4.0 20160609
Copyright (C) 2015 Free Software Foundation, Inc.
This is free software; see the source for copying conditions.  There is NO
warranty; not even for MERCHANTABILITY or FITNESS FOR A PARTICULAR PURPOSE.

configure:4427: $? = 0
configure:4416: gcc -v >&5
Using built-in specs.
COLLECT_GCC=gcc
COLLECT_LTO_WRAPPER=/usr/lib/gcc/x86_64-linux-gnu/5/lto-wrapper
Target: x86_64-linux-gnu
Configured with: ../src/configure -v --with-pkgversion='Ubuntu 5.4.0-6ubuntu1~16.04.1' --with-bugurl=file:///usr/share/doc/gcc-5/README.Bugs --enable-languages=c,ada,c++,java,go,d,fortran,objc,obj-c++ --prefix=/usr --program-suffix=-5 --enable-shared --enable-linker-build-id --libexecdir=/usr/lib --without-included-gettext --enable-threads=posix --libdir=/usr/lib --enable-nls --with-sysroot=/ --enable-clocale=gnu --enable-libstdcxx-debug --enable-libstdcxx-time=yes --with-default-libstdcxx-abi=new --enable-gnu-unique-object --disable-vtable-verify --enable-libmpx --enable-plugin --with-system-zlib --disable-browser-plugin --enable-java-awt=gtk --enable-gtk-cairo --with-java-home=/usr/lib/jvm/java-1.5.0-gcj-5-amd64/jre --enable-java-home --with-jvm-root-dir=/usr/lib/jvm/java-1.5.0-gcj-5-amd64 --with-jvm-jar-dir=/usr/lib/jvm-exports/java-1.5.0-gcj-5-amd64 --with-arch-directory=amd64 --with-ecj-jar=/usr/share/java/eclipse-ecj.jar --enable-objc-gc --enable-multiarch --disable-werror --with-arch-32=i686 --with-abi=m64 --with-multilib-list=m32,m64,mx32 --enable-multilib --with-tune=generic --enable-checking=release --build=x86_64-linux-gnu --host=x86_64-linux-gnu --target=x86_64-linux-gnu
Thread model: posix
gcc version 5.4.0 20160609 (Ubuntu 5.4.0-6ubuntu1~16.04.1) 
configure:4427: $? = 0
configure:4416: gcc -V >&5
gcc: error: unrecognized command line option '-V'
gcc: fatal error: no input files
compilation terminated.
configure:4427: $? = 1
configure:4416: gcc -qversion >&5
gcc: error: unrecognized command line option '-qversion'
gcc: fatal error: no input files
compilation terminated.
configure:4427: $? = 1
configure:4431: checking whether we are using the GNU C compiler
configure:4459: result: yes
configure:4468: checking whether gcc accepts -g
configure:4529: result: yes
configure:4546: checking for gcc option to accept ISO C89
configure:4622: result: none needed
configure:4647: checking whether gcc understands -c and -o together
configure:4684: result: yes
configure:4703: checking dependency style of gcc
configure:4814: result: gcc3
configure:4872: checking for ranlib
configure:4888: found /usr/bin/ranlib
configure:4899: result: ranlib
configure:4921: checking whether ln -s works
configure:4925: result: yes
configure:4968: checking build system type
configure:4982: result: x86_64-pc-linux-gnu
configure:5002: checking host system type
configure:5015: result: x86_64-pc-linux-gnu
configure:5056: checking how to print strings
configure:5083: result: printf
configure:5104: checking for a sed that does not truncate output
configure:5168: result: /bin/sed
configure:5186: checking for grep that handles long lines and -e
configure:5244: result: /bin/grep
configure:5249: checking for egrep
configure:5311: result: /bin/grep -E
configure:5316: checking for fgrep
configure:5378: result: /bin/grep -F
configure:5413: checking for ld used by gcc
configure:5480: result: /usr/bin/ld
configure:5487: checking if the linker (/usr/bin/ld) is GNU ld
configure:5502: result: yes
configure:5514: checking for BSD- or MS-compatible name lister (nm)
configure:5568: result: /usr/bin/nm -B
configure:5698: checking the name lister (/usr/bin/nm -B) interface
configure:5705: gcc -c -g -O2  conftest.c >&5
configure:5708: /usr/bin/nm -B "conftest.o"
configure:5711: output
0000000000000000 B some_variable
configure:5718: result: BSD nm
configure:5722: checking the maximum length of command line arguments
configure:5853: result: 1572864
configure:5901: checking how to convert x86_64-pc-linux-gnu file names to x86_64-pc-linux-gnu format
configure:5941: result: func_convert_file_noop
configure:5948: checking how to convert x86_64-pc-linux-gnu file names to toolchain format
configure:5968: result: func_convert_file_noop
configure:5975: checking for /usr/bin/ld option to reload object files
configure:5982: result: -r
configure:6056: checking for objdump
configure:6072: found /usr/bin/objdump
configure:6083: result: objdump
configure:6112: checking how to recognize dependent libraries
configure:6312: result: pass_all
configure:6397: checking for dlltool
configure:6427: result: no
configure:6454: checking how to associate runtime and link libraries
configure:6481: result: printf %s\n
configure:6541: checking for ar
configure:6557: found /usr/bin/ar
configure:6568: result: ar
configure:6605: checking for archiver @FILE support
configure:6622: gcc -c -g -O2  conftest.c >&5
configure:6622: $? = 0
configure:6625: ar cru libconftest.a @conftest.lst >&5
ar: `u' modifier ignored since `D' is the default (see `U')
configure:6628: $? = 0
configure:6633: ar cru libconftest.a @conftest.lst >&5
ar: `u' modifier ignored since `D' is the default (see `U')
ar: conftest.o: No such file or directory
configure:6636: $? = 1
configure:6648: result: @
configure:6706: checking for strip
configure:6722: found /usr/bin/strip
configure:6733: result: strip
configure:6805: checking for ranlib
configure:6832: result: ranlib
configure:6934: checking command to parse /usr/bin/nm -B output from gcc object
configure:7087: gcc -c -g -O2  conftest.c >&5
configure:7090: $? = 0
configure:7094: /usr/bin/nm -B conftest.o \| sed -n -e 's/^.*[ ]\([ABCDGIRSTW][ABCDGIRSTW]*\)[ ][ ]*\([_A-Za-z][_A-Za-z0-9]*\)$/\1 \2 \2/p' | sed '/ __gnu_lto/d' \> conftest.nm
configure:7097: $? = 0
configure:7163: gcc -o conftest -g -O2   conftest.c conftstm.o >&5
configure:7166: $? = 0
configure:7204: result: ok
configure:7251: checking for sysroot
configure:7281: result: no
configure:7288: checking for a working dd
configure:7326: result: /bin/dd
configure:7330: checking how to truncate binary pipes
configure:7345: result: /bin/dd bs=4096 count=1
configure:7481: gcc -c -g -O2  conftest.c >&5
configure:7484: $? = 0
configure:7674: checking for mt
configure:7690: found /bin/mt
configure:7701: result: mt
configure:7724: checking if mt is a manifest tool
configure:7730: mt '-?'
configure:7738: result: no
configure:8415: checking how to run the C preprocessor
configure:8446: gcc -E  conftest.c
configure:8446: $? = 0
configure:8460: gcc -E  conftest.c
conftest.c:11:28: fatal error: ac_nonexistent.h: No such file or directory
compilation terminated.
configure:8460: $? = 1
configure: failed program was:
| /* confdefs.h */
| #define PACKAGE_NAME "lua52 (TeX Live)"
| #define PACKAGE_TARNAME "lua52--tex-live-"
| #define PACKAGE_VERSION "5.2.4"
| #define PACKAGE_STRING "lua52 (TeX Live) 5.2.4"
| #define PACKAGE_BUGREPORT "tex-k@tug.org"
| #define PACKAGE_URL ""
| #define PACKAGE "lua52--tex-live-"
| #define VERSION "5.2.4"
| /* end confdefs.h.  */
| #include <ac_nonexistent.h>
configure:8485: result: gcc -E
configure:8505: gcc -E  conftest.c
configure:8505: $? = 0
configure:8519: gcc -E  conftest.c
conftest.c:11:28: fatal error: ac_nonexistent.h: No such file or directory
compilation terminated.
configure:8519: $? = 1
configure: failed program was:
| /* confdefs.h */
| #define PACKAGE_NAME "lua52 (TeX Live)"
| #define PACKAGE_TARNAME "lua52--tex-live-"
| #define PACKAGE_VERSION "5.2.4"
| #define PACKAGE_STRING "lua52 (TeX Live) 5.2.4"
| #define PACKAGE_BUGREPORT "tex-k@tug.org"
| #define PACKAGE_URL ""
| #define PACKAGE "lua52--tex-live-"
| #define VERSION "5.2.4"
| /* end confdefs.h.  */
| #include <ac_nonexistent.h>
configure:8548: checking for ANSI C header files
configure:8568: gcc -c -g -O2  conftest.c >&5
configure:8568: $? = 0
configure:8641: gcc -o conftest -g -O2   conftest.c  >&5
configure:8641: $? = 0
configure:8641: ./conftest
configure:8641: $? = 0
configure:8652: result: yes
configure:8665: checking for sys/types.h
configure:8665: gcc -c -g -O2  conftest.c >&5
configure:8665: $? = 0
configure:8665: result: yes
configure:8665: checking for sys/stat.h
configure:8665: gcc -c -g -O2  conftest.c >&5
configure:8665: $? = 0
configure:8665: result: yes
configure:8665: checking for stdlib.h
configure:8665: gcc -c -g -O2  conftest.c >&5
configure:8665: $? = 0
configure:8665: result: yes
configure:8665: checking for string.h
configure:8665: gcc -c -g -O2  conftest.c >&5
configure:8665: $? = 0
configure:8665: result: yes
configure:8665: checking for memory.h
configure:8665: gcc -c -g -O2  conftest.c >&5
configure:8665: $? = 0
configure:8665: result: yes
configure:8665: checking for strings.h
configure:8665: gcc -c -g -O2  conftest.c >&5
configure:8665: $? = 0
configure:8665: result: yes
configure:8665: checking for inttypes.h
configure:8665: gcc -c -g -O2  conftest.c >&5
configure:8665: $? = 0
configure:8665: result: yes
configure:8665: checking for stdint.h
configure:8665: gcc -c -g -O2  conftest.c >&5
configure:8665: $? = 0
configure:8665: result: yes
configure:8665: checking for unistd.h
configure:8665: gcc -c -g -O2  conftest.c >&5
configure:8665: $? = 0
configure:8665: result: yes
configure:8679: checking for dlfcn.h
configure:8679: gcc -c -g -O2  conftest.c >&5
configure:8679: $? = 0
configure:8679: result: yes
configure:9233: checking for objdir
configure:9248: result: .libs
configure:9512: checking if gcc supports -fno-rtti -fno-exceptions
configure:9530: gcc -c -g -O2  -fno-rtti -fno-exceptions conftest.c >&5
cc1: warning: command line option '-fno-rtti' is valid for C++/ObjC++ but not for C
configure:9534: $? = 0
configure:9547: result: no
configure:9905: checking for gcc option to produce PIC
configure:9912: result: -fPIC -DPIC
configure:9920: checking if gcc PIC flag -fPIC -DPIC works
configure:9938: gcc -c -g -O2  -fPIC -DPIC -DPIC conftest.c >&5
configure:9942: $? = 0
configure:9955: result: yes
configure:9984: checking if gcc static flag -static works
configure:10012: result: yes
configure:10027: checking if gcc supports -c -o file.o
configure:10048: gcc -c -g -O2  -o out/conftest2.o conftest.c >&5
configure:10052: $? = 0
configure:10074: result: yes
configure:10082: checking if gcc supports -c -o file.o
configure:10129: result: yes
configure:10162: checking whether the gcc linker (/usr/bin/ld -m elf_x86_64) supports shared libraries
configure:11421: result: yes
configure:11661: checking dynamic linker characteristics
configure:12242: gcc -o conftest -g -O2   -Wl,-rpath -Wl,/foo conftest.c  >&5
configure:12242: $? = 0
configure:12479: result: GNU/Linux ld.so
configure:12601: checking how to hardcode library paths into programs
configure:12626: result: immediate
configure:13174: checking whether stripping libraries is possible
configure:13179: result: yes
configure:13214: checking if libtool supports shared libraries
configure:13216: result: yes
configure:13219: checking whether to build shared libraries
configure:13244: result: no
configure:13247: checking whether to build static libraries
configure:13251: result: yes
configure:13293: checking size of void *
configure:13298: gcc -o conftest -g -O2   conftest.c  >&5
configure:13298: $? = 0
configure:13298: ./conftest
configure:13298: $? = 0
configure:13312: result: 8
configure:13350: checking for library containing sqrt
configure:13381: gcc -o conftest -g -O2   conftest.c  >&5
conftest.c:31:6: warning: conflicting types for built-in function 'sqrt'
 char sqrt ();
      ^
/tmp/cc2HMEcn.o: In function `main':
/home/maqiyuan/Desktop/texlive-upstream/libs/lua52/conftest.c:35: undefined reference to `sqrt'
collect2: error: ld returned 1 exit status
configure:13381: $? = 1
configure: failed program was:
| /* confdefs.h */
| #define PACKAGE_NAME "lua52 (TeX Live)"
| #define PACKAGE_TARNAME "lua52--tex-live-"
| #define PACKAGE_VERSION "5.2.4"
| #define PACKAGE_STRING "lua52 (TeX Live) 5.2.4"
| #define PACKAGE_BUGREPORT "tex-k@tug.org"
| #define PACKAGE_URL ""
| #define PACKAGE "lua52--tex-live-"
| #define VERSION "5.2.4"
| #define STDC_HEADERS 1
| #define HAVE_SYS_TYPES_H 1
| #define HAVE_SYS_STAT_H 1
| #define HAVE_STDLIB_H 1
| #define HAVE_STRING_H 1
| #define HAVE_MEMORY_H 1
| #define HAVE_STRINGS_H 1
| #define HAVE_INTTYPES_H 1
| #define HAVE_STDINT_H 1
| #define HAVE_UNISTD_H 1
| #define HAVE_DLFCN_H 1
| #define LT_OBJDIR ".libs/"
| #define SIZEOF_VOID_P 8
| /* end confdefs.h.  */
| 
| /* Override any GCC internal prototype to avoid an error.
|    Use char because int might match the return type of a GCC
|    builtin and then its argument prototype would still apply.  */
| #ifdef __cplusplus
| extern "C"
| #endif
| char sqrt ();
| int
| main ()
| {
| return sqrt ();
|   ;
|   return 0;
| }
configure:13381: gcc -o conftest -g -O2   conftest.c -lm   >&5
conftest.c:31:6: warning: conflicting types for built-in function 'sqrt'
 char sqrt ();
      ^
configure:13381: $? = 0
configure:13398: result: -lm
configure:13407: checking for native WIN32 or MINGW32
configure:13425: gcc -c -g -O2  conftest.c >&5
conftest.c:25:3: error: unknown type name 'choke'
   choke me
   ^
conftest.c:27:1: error: expected '=', ',', ';', 'asm' or '__attribute__' before 'int'
 int
 ^
configure:13425: $? = 1
configure: failed program was:
| /* confdefs.h */
| #define PACKAGE_NAME "lua52 (TeX Live)"
| #define PACKAGE_TARNAME "lua52--tex-live-"
| #define PACKAGE_VERSION "5.2.4"
| #define PACKAGE_STRING "lua52 (TeX Live) 5.2.4"
| #define PACKAGE_BUGREPORT "tex-k@tug.org"
| #define PACKAGE_URL ""
| #define PACKAGE "lua52--tex-live-"
| #define VERSION "5.2.4"
| #define STDC_HEADERS 1
| #define HAVE_SYS_TYPES_H 1
| #define HAVE_SYS_STAT_H 1
| #define HAVE_STDLIB_H 1
| #define HAVE_STRING_H 1
| #define HAVE_MEMORY_H 1
| #define HAVE_STRINGS_H 1
| #define HAVE_INTTYPES_H 1
| #define HAVE_STDINT_H 1
| #define HAVE_UNISTD_H 1
| #define HAVE_DLFCN_H 1
| #define LT_OBJDIR ".libs/"
| #define SIZEOF_VOID_P 8
| /* end confdefs.h.  */
| #ifndef WIN32
|   choke me
| #endif
| int
| main ()
| {
| 
|   ;
|   return 0;
| }
configure:13450: result: no
configure:13457: checking for library containing dlopen
configure:13488: gcc -o conftest -g -O2   conftest.c -lm  >&5
/tmp/ccT9iUsB.o: In function `main':
/home/maqiyuan/Desktop/texlive-upstream/libs/lua52/conftest.c:35: undefined reference to `dlopen'
collect2: error: ld returned 1 exit status
configure:13488: $? = 1
configure: failed program was:
| /* confdefs.h */
| #define PACKAGE_NAME "lua52 (TeX Live)"
| #define PACKAGE_TARNAME "lua52--tex-live-"
| #define PACKAGE_VERSION "5.2.4"
| #define PACKAGE_STRING "lua52 (TeX Live) 5.2.4"
| #define PACKAGE_BUGREPORT "tex-k@tug.org"
| #define PACKAGE_URL ""
| #define PACKAGE "lua52--tex-live-"
| #define VERSION "5.2.4"
| #define STDC_HEADERS 1
| #define HAVE_SYS_TYPES_H 1
| #define HAVE_SYS_STAT_H 1
| #define HAVE_STDLIB_H 1
| #define HAVE_STRING_H 1
| #define HAVE_MEMORY_H 1
| #define HAVE_STRINGS_H 1
| #define HAVE_INTTYPES_H 1
| #define HAVE_STDINT_H 1
| #define HAVE_UNISTD_H 1
| #define HAVE_DLFCN_H 1
| #define LT_OBJDIR ".libs/"
| #define SIZEOF_VOID_P 8
| /* end confdefs.h.  */
| 
| /* Override any GCC internal prototype to avoid an error.
|    Use char because int might match the return type of a GCC
|    builtin and then its argument prototype would still apply.  */
| #ifdef __cplusplus
| extern "C"
| #endif
| char dlopen ();
| int
| main ()
| {
| return dlopen ();
|   ;
|   return 0;
| }
configure:13488: gcc -o conftest -g -O2   conftest.c -ldl  -lm  >&5
configure:13488: $? = 0
configure:13505: result: -ldl
configure:13514: checking for dlfcn.h
configure:13514: result: yes
configure:13531: checking for special C compiler options needed for large files
configure:13576: result: no
configure:13582: checking for _FILE_OFFSET_BITS value needed for large files
configure:13607: gcc -c -g -O2  conftest.c >&5
configure:13607: $? = 0
configure:13639: result: no
configure:13724: checking for _LARGEFILE_SOURCE value needed for large files
configure:13743: gcc -o conftest -g -O2   conftest.c -ldl -lm  >&5
configure:13743: $? = 0
configure:13771: result: no
configure:13934: checking that generated files are newer than configure
configure:13940: result: done
configure:13975: creating ./config.status

## ---------------------- ##
## Running config.status. ##
## ---------------------- ##

This file was extended by lua52 (TeX Live) config.status 5.2.4, which was
generated by GNU Autoconf 2.69.  Invocation command line was

  CONFIG_FILES    = 
  CONFIG_HEADERS  = 
  CONFIG_LINKS    = 
  CONFIG_COMMANDS = 
  $ ./config.status 

on maqiyuan-E430c

config.status:1100: creating Makefile
config.status:1100: creating include/Makefile
config.status:1100: creating texlua52.pc
config.status:1100: creating config.h
config.status:1329: executing depfiles commands
config.status:1329: executing libtool commands

## ---------------- ##
## Cache variables. ##
## ---------------- ##

ac_cv_build=x86_64-pc-linux-gnu
ac_cv_c_compiler_gnu=yes
ac_cv_env_CC_set=
ac_cv_env_CC_value=
ac_cv_env_CFLAGS_set=
ac_cv_env_CFLAGS_value=
ac_cv_env_CPPFLAGS_set=
ac_cv_env_CPPFLAGS_value=
ac_cv_env_CPP_set=
ac_cv_env_CPP_value=
ac_cv_env_LDFLAGS_set=
ac_cv_env_LDFLAGS_value=
ac_cv_env_LIBS_set=
ac_cv_env_LIBS_value=
ac_cv_env_LT_SYS_LIBRARY_PATH_set=
ac_cv_env_LT_SYS_LIBRARY_PATH_value=
ac_cv_env_build_alias_set=
ac_cv_env_build_alias_value=
ac_cv_env_host_alias_set=
ac_cv_env_host_alias_value=
ac_cv_env_target_alias_set=
ac_cv_env_target_alias_value=
ac_cv_header_dlfcn_h=yes
ac_cv_header_inttypes_h=yes
ac_cv_header_memory_h=yes
ac_cv_header_stdc=yes
ac_cv_header_stdint_h=yes
ac_cv_header_stdlib_h=yes
ac_cv_header_string_h=yes
ac_cv_header_strings_h=yes
ac_cv_header_sys_stat_h=yes
ac_cv_header_sys_types_h=yes
ac_cv_header_unistd_h=yes
ac_cv_host=x86_64-pc-linux-gnu
ac_cv_objext=o
ac_cv_path_EGREP='/bin/grep -E'
ac_cv_path_FGREP='/bin/grep -F'
ac_cv_path_GREP=/bin/grep
ac_cv_path_SED=/bin/sed
ac_cv_path_install='/usr/bin/install -c'
ac_cv_path_lt_DD=/bin/dd
ac_cv_path_mkdir=/bin/mkdir
ac_cv_prog_AWK=gawk
ac_cv_prog_CPP='gcc -E'
ac_cv_prog_ac_ct_AR=ar
ac_cv_prog_ac_ct_CC=gcc
ac_cv_prog_ac_ct_MANIFEST_TOOL=mt
ac_cv_prog_ac_ct_OBJDUMP=objdump
ac_cv_prog_ac_ct_RANLIB=ranlib
ac_cv_prog_ac_ct_STRIP=strip
ac_cv_prog_cc_c89=
ac_cv_prog_cc_g=yes
ac_cv_prog_make_make_set=yes
ac_cv_search_dlopen=-ldl
ac_cv_search_sqrt=-lm
ac_cv_sizeof_void_p=8
ac_cv_sys_file_offset_bits=no
ac_cv_sys_largefile_CC=no
ac_cv_sys_largefile_source=no
am_cv_CC_dependencies_compiler_type=gcc3
am_cv_make_support_nested_variables=yes
am_cv_prog_cc_c_o=yes
kb_cv_c_prototypes=yes
kpse_cv_have_win32=no
kpse_cv_warning_cflags='-Wimplicit -Wreturn-type -Wdeclaration-after-statement -Wno-unknown-pragmas'
lt_cv_ar_at_file=@
lt_cv_deplibs_check_method=pass_all
lt_cv_file_magic_cmd='$MAGIC_CMD'
lt_cv_file_magic_test_file=
lt_cv_ld_reload_flag=-r
lt_cv_nm_interface='BSD nm'
lt_cv_objdir=.libs
lt_cv_path_LD=/usr/bin/ld
lt_cv_path_NM='/usr/bin/nm -B'
lt_cv_path_mainfest_tool=no
lt_cv_prog_compiler_c_o=yes
lt_cv_prog_compiler_pic='-fPIC -DPIC'
lt_cv_prog_compiler_pic_works=yes
lt_cv_prog_compiler_rtti_exceptions=no
lt_cv_prog_compiler_static_works=yes
lt_cv_prog_gnu_ld=yes
lt_cv_sharedlib_from_linklib_cmd='printf %s\n'
lt_cv_shlibpath_overrides_runpath=no
lt_cv_sys_global_symbol_pipe='sed -n -e '\''s/^.*[	 ]\([ABCDGIRSTW][ABCDGIRSTW]*\)[	 ][	 ]*\([_A-Za-z][_A-Za-z0-9]*\)$/\1 \2 \2/p'\'' | sed '\''/ __gnu_lto/d'\'''
lt_cv_sys_global_symbol_to_c_name_address='sed -n -e '\''s/^: \(.*\) .*$/  {"\1", (void *) 0},/p'\'' -e '\''s/^[ABCDGIRSTW][ABCDGIRSTW]* .* \(.*\)$/  {"\1", (void *) \&\1},/p'\'''
lt_cv_sys_global_symbol_to_c_name_address_lib_prefix='sed -n -e '\''s/^: \(.*\) .*$/  {"\1", (void *) 0},/p'\'' -e '\''s/^[ABCDGIRSTW][ABCDGIRSTW]* .* \(lib.*\)$/  {"\1", (void *) \&\1},/p'\'' -e '\''s/^[ABCDGIRSTW][ABCDGIRSTW]* .* \(.*\)$/  {"lib\1", (void *) \&\1},/p'\'''
lt_cv_sys_global_symbol_to_cdecl='sed -n -e '\''s/^T .* \(.*\)$/extern int \1();/p'\'' -e '\''s/^[ABCDGIRSTW][ABCDGIRSTW]* .* \(.*\)$/extern char \1;/p'\'''
lt_cv_sys_global_symbol_to_import=
lt_cv_sys_max_cmd_len=1572864
lt_cv_to_host_file_cmd=func_convert_file_noop
lt_cv_to_tool_file_cmd=func_convert_file_noop
lt_cv_truncate_bin='/bin/dd bs=4096 count=1'

## ----------------- ##
## Output variables. ##
## ----------------- ##

ACLOCAL='${SHELL} /home/maqiyuan/Desktop/texlive-upstream/build-aux/missing aclocal-1.15'
AMDEPBACKSLASH='\'
AMDEP_FALSE='#'
AMDEP_TRUE=''
AMTAR='$${TAR-tar}'
AM_BACKSLASH='\'
AM_DEFAULT_V='$(AM_DEFAULT_VERBOSITY)'
AM_DEFAULT_VERBOSITY='1'
AM_V='$(V)'
AR='ar'
AS='as'
AUTOCONF='${SHELL} /home/maqiyuan/Desktop/texlive-upstream/build-aux/missing autoconf'
AUTOHEADER='${SHELL} /home/maqiyuan/Desktop/texlive-upstream/build-aux/missing autoheader'
AUTOMAKE='${SHELL} /home/maqiyuan/Desktop/texlive-upstream/build-aux/missing automake-1.15'
AWK='gawk'
CC='gcc'
CCDEPMODE='depmode=gcc3'
CFLAGS='-g -O2'
CPP='gcc -E'
CPPFLAGS=''
CYGPATH_W='echo'
DEFS='-DHAVE_CONFIG_H'
DEPDIR='.deps'
DLLTOOL='false'
DSYMUTIL=''
DUMPBIN=''
ECHO_C=''
ECHO_N='-n'
ECHO_T=''
EGREP='/bin/grep -E'
EXEEXT=''
FGREP='/bin/grep -F'
GREP='/bin/grep'
INSTALL_DATA='${INSTALL} -m 644'
INSTALL_PROGRAM='${INSTALL}'
INSTALL_SCRIPT='${INSTALL}'
INSTALL_STRIP_PROGRAM='$(install_sh) -c -s'
LD='/usr/bin/ld -m elf_x86_64'
LDFLAGS=''
LIBOBJS=''
LIBS='-ldl -lm '
LIBTOOL='$(SHELL) $(top_builddir)/libtool'
LIPO=''
LN_S='ln -s'
LTLIBOBJS=''
LT_SYS_LIBRARY_PATH=''
LUA52VERSION='5.2.4'
LUA52_DEFINES='-DLUA_COMPAT_MODULE -DLUAI_HASHLIMIT=6 -DLUA_USE_POSIX -DLUA_USE_DLOPEN -DHAVE_UNISTD_H'
LUA52_LT_VERSINFO='7:4:2'
LUA52_TREE='lua52-src'
MAINT='#'
MAINTAINER_MODE_FALSE=''
MAINTAINER_MODE_TRUE='#'
MAKEINFO='${SHELL} /home/maqiyuan/Desktop/texlive-upstream/build-aux/missing makeinfo'
MANIFEST_TOOL=':'
MKDIR_P='/bin/mkdir -p'
NM='/usr/bin/nm -B'
NMEDIT=''
OBJDUMP='objdump'
OBJEXT='o'
OTOOL64=''
OTOOL=''
PACKAGE='lua52--tex-live-'
PACKAGE_BUGREPORT='tex-k@tug.org'
PACKAGE_NAME='lua52 (TeX Live)'
PACKAGE_STRING='lua52 (TeX Live) 5.2.4'
PACKAGE_TARNAME='lua52--tex-live-'
PACKAGE_URL=''
PACKAGE_VERSION='5.2.4'
PATH_SEPARATOR=':'
RANLIB='ranlib'
SED='/bin/sed'
SET_MAKE=''
SHELL='/bin/bash'
STRIP='strip'
VERSION='5.2.4'
WARNING_CFLAGS='-Wimplicit -Wreturn-type -Wdeclaration-after-statement -Wno-unknown-pragmas'
ac_ct_AR='ar'
ac_ct_CC='gcc'
ac_ct_DUMPBIN=''
am__EXEEXT_FALSE=''
am__EXEEXT_TRUE='#'
am__fastdepCC_FALSE='#'
am__fastdepCC_TRUE=''
am__include='include'
am__isrc=''
am__leading_dot='.'
am__nodep='_no'
am__quote=''
am__tar='$${TAR-tar} chof - "$$tardir"'
am__untar='$${TAR-tar} xf -'
bindir='${exec_prefix}/bin/x86_64-pc-linux-gnu'
build='x86_64-pc-linux-gnu'
build_FALSE='#'
build_TRUE=''
build_alias=''
build_cpu='x86_64'
build_os='linux-gnu'
build_vendor='pc'
datadir='${datarootdir}'
datarootdir='${prefix}'
docdir='${datarootdir}/doc/${PACKAGE_TARNAME}'
dvidir='${docdir}'
exec_prefix='${prefix}'
host='x86_64-pc-linux-gnu'
host_alias=''
host_cpu='x86_64'
host_os='linux-gnu'
host_vendor='pc'
htmldir='${docdir}'
includedir='${prefix}/include'
infodir='${prefix}/texmf-dist/doc/info'
install_sh='${SHELL} /home/maqiyuan/Desktop/texlive-upstream/build-aux/install-sh'
libdir='${exec_prefix}/lib/x86_64-pc-linux-gnu'
libexecdir='${exec_prefix}/libexec'
localedir='${datarootdir}/locale'
localstatedir='${prefix}/var'
mandir='${prefix}/texmf-dist/doc/man'
mkdir_p='$(MKDIR_P)'
oldincludedir='/usr/include'
pdfdir='${docdir}'
prefix='/usr/local'
program_transform_name='s,x,x,'
psdir='${docdir}'
sbindir='${exec_prefix}/sbin'
sharedstatedir='${prefix}/com'
sysconfdir='${prefix}/etc'
target_alias=''

## ----------- ##
## confdefs.h. ##
## ----------- ##

/* confdefs.h */
#define PACKAGE_NAME "lua52 (TeX Live)"
#define PACKAGE_TARNAME "lua52--tex-live-"
#define PACKAGE_VERSION "5.2.4"
#define PACKAGE_STRING "lua52 (TeX Live) 5.2.4"
#define PACKAGE_BUGREPORT "tex-k@tug.org"
#define PACKAGE_URL ""
#define PACKAGE "lua52--tex-live-"
#define VERSION "5.2.4"
#define STDC_HEADERS 1
#define HAVE_SYS_TYPES_H 1
#define HAVE_SYS_STAT_H 1
#define HAVE_STDLIB_H 1
#define HAVE_STRING_H 1
#define HAVE_MEMORY_H 1
#define HAVE_STRINGS_H 1
#define HAVE_INTTYPES_H 1
#define HAVE_STDINT_H 1
#define HAVE_UNISTD_H 1
#define HAVE_DLFCN_H 1
#define LT_OBJDIR ".libs/"
#define SIZEOF_VOID_P 8
#define HAVE_FSEEKO 1

configure: exit 0
