This file contains any messages produced by compilers while
running configure, to aid debugging if configure makes a mistake.

It was created by LCDF typetools (TeX Live) configure 2.106, which was
generated by GNU Autoconf 2.69.  Invocation command line was

  $ ./configure --disable-option-checking --prefix=/usr/local --enable-build-in-source-tree --enable-native-texlive-build --enable-largefile --disable-silent-rules --enable-multiplatform=yes --enable-cxx-runtime-hack=yes --enable-libtool-hack=yes --disable-shared --enable-texlive-build --bindir=${exec_prefix}/bin/x86_64-pc-linux-gnu --libdir=${exec_prefix}/lib/x86_64-pc-linux-gnu --with-x --enable-autosp=yes --enable-devnag=yes --enable-lacheck=yes --enable-m-tx=yes --enable-pmx=yes --enable-ps2eps=yes --enable-t1utils=yes --enable-texdoctk=yes --enable-tpic2pdftex=yes --enable-vlna=yes --enable-xindy=no --with-clisp-runtime=default --enable-xpdfopen=yes --enable-web2c=yes --enable-afm2pl=yes --enable-bibtex-x=yes --enable-chktex=yes --enable-cjkutils=yes --enable-detex=yes --enable-dtl=yes --enable-dvi2tty=yes --enable-dvidvi=yes --enable-dviljk=yes --enable-dvipdfm-x=yes --enable-dvipng=yes --enable-dvipos=yes --enable-dvipsk=yes --enable-dvisvgm=yes --enable-gregorio=yes --enable-gsftopk=yes --enable-lcdf-typetools=yes --enable-makeindexk=yes --enable-makejvf=yes --enable-mendexk=yes --enable-musixtnt=yes --enable-ps2pk=yes --enable-psutils=yes --enable-seetexk=yes --enable-tex4htk=yes --enable-ttf2pk2=yes --enable-ttfdump=yes --enable-upmendex=yes --enable-xdvik=yes --enable-texlive=yes --with-system-harfbuzz=no --with-system-icu=no --with-system-teckit=no --with-system-graphite2=no --with-system-zziplib=no --with-system-xpdf=no --with-system-poppler=no --with-system-mpfr=no --with-system-gmp=no --with-system-cairo=no --with-system-pixman=no --with-system-potrace=no --with-system-gd=no --with-system-freetype2=no --with-system-libpng=no --with-system-libpaper=no --with-system-zlib=no --with-system-ptexenc=no --with-system-kpathsea=no --datarootdir=${prefix} --mandir=${prefix}/texmf-dist/doc/man --infodir=${prefix}/texmf-dist/doc/info --cache-file=/dev/null --srcdir=.

## --------- ##
## Platform. ##
## --------- ##

hostname = maqiyuan-E430c
uname -m = x86_64
uname -r = 4.4.0-34-generic
uname -s = Linux
uname -v = #53-Ubuntu SMP Wed Jul 27 16:06:39 UTC 2016

/usr/bin/uname -p = unknown
/bin/uname -X     = unknown

/bin/arch              = unknown
/usr/bin/arch -k       = unknown
/usr/convex/getsysinfo = unknown
/usr/bin/hostinfo      = unknown
/bin/machine           = unknown
/usr/bin/oslevel       = unknown
/bin/universe          = unknown

PATH: /usr/local/sbin
PATH: /usr/local/bin
PATH: /usr/sbin
PATH: /usr/bin
PATH: /sbin
PATH: /bin
PATH: /usr/games
PATH: /usr/local/games
PATH: /snap/bin
PATH: /home/maqiyuan/bin/FDK/Tools/linux


## ----------- ##
## Core tests. ##
## ----------- ##

configure:3191: checking for a BSD-compatible install
configure:3259: result: /usr/bin/install -c
configure:3270: checking whether build environment is sane
configure:3325: result: yes
configure:3476: checking for a thread-safe mkdir -p
configure:3515: result: /bin/mkdir -p
configure:3522: checking for gawk
configure:3538: found /usr/bin/gawk
configure:3549: result: gawk
configure:3560: checking whether make sets $(MAKE)
configure:3582: result: yes
configure:3611: checking whether make supports nested variables
configure:3628: result: yes
configure:3651: checking for style of include used by make
configure:3679: result: GNU
configure:3750: checking for gcc
configure:3766: found /usr/bin/gcc
configure:3777: result: gcc
configure:4006: checking for C compiler version
configure:4015: gcc --version >&5
gcc (Ubuntu 5.4.0-6ubuntu1~16.04.1) 5.4.0 20160609
Copyright (C) 2015 Free Software Foundation, Inc.
This is free software; see the source for copying conditions.  There is NO
warranty; not even for MERCHANTABILITY or FITNESS FOR A PARTICULAR PURPOSE.

configure:4026: $? = 0
configure:4015: gcc -v >&5
Using built-in specs.
COLLECT_GCC=gcc
COLLECT_LTO_WRAPPER=/usr/lib/gcc/x86_64-linux-gnu/5/lto-wrapper
Target: x86_64-linux-gnu
Configured with: ../src/configure -v --with-pkgversion='Ubuntu 5.4.0-6ubuntu1~16.04.1' --with-bugurl=file:///usr/share/doc/gcc-5/README.Bugs --enable-languages=c,ada,c++,java,go,d,fortran,objc,obj-c++ --prefix=/usr --program-suffix=-5 --enable-shared --enable-linker-build-id --libexecdir=/usr/lib --without-included-gettext --enable-threads=posix --libdir=/usr/lib --enable-nls --with-sysroot=/ --enable-clocale=gnu --enable-libstdcxx-debug --enable-libstdcxx-time=yes --with-default-libstdcxx-abi=new --enable-gnu-unique-object --disable-vtable-verify --enable-libmpx --enable-plugin --with-system-zlib --disable-browser-plugin --enable-java-awt=gtk --enable-gtk-cairo --with-java-home=/usr/lib/jvm/java-1.5.0-gcj-5-amd64/jre --enable-java-home --with-jvm-root-dir=/usr/lib/jvm/java-1.5.0-gcj-5-amd64 --with-jvm-jar-dir=/usr/lib/jvm-exports/java-1.5.0-gcj-5-amd64 --with-arch-directory=amd64 --with-ecj-jar=/usr/share/java/eclipse-ecj.jar --enable-objc-gc --enable-multiarch --disable-werror --with-arch-32=i686 --with-abi=m64 --with-multilib-list=m32,m64,mx32 --enable-multilib --with-tune=generic --enable-checking=release --build=x86_64-linux-gnu --host=x86_64-linux-gnu --target=x86_64-linux-gnu
Thread model: posix
gcc version 5.4.0 20160609 (Ubuntu 5.4.0-6ubuntu1~16.04.1) 
configure:4026: $? = 0
configure:4015: gcc -V >&5
gcc: error: unrecognized command line option '-V'
gcc: fatal error: no input files
compilation terminated.
configure:4026: $? = 1
configure:4015: gcc -qversion >&5
gcc: error: unrecognized command line option '-qversion'
gcc: fatal error: no input files
compilation terminated.
configure:4026: $? = 1
configure:4046: checking whether the C compiler works
configure:4068: gcc    conftest.c  >&5
configure:4072: $? = 0
configure:4120: result: yes
configure:4123: checking for C compiler default output file name
configure:4125: result: a.out
configure:4131: checking for suffix of executables
configure:4138: gcc -o conftest    conftest.c  >&5
configure:4142: $? = 0
configure:4164: result: 
configure:4186: checking whether we are cross compiling
configure:4194: gcc -o conftest    conftest.c  >&5
configure:4198: $? = 0
configure:4205: ./conftest
configure:4209: $? = 0
configure:4224: result: no
configure:4229: checking for suffix of object files
configure:4251: gcc -c   conftest.c >&5
configure:4255: $? = 0
configure:4276: result: o
configure:4280: checking whether we are using the GNU C compiler
configure:4299: gcc -c   conftest.c >&5
configure:4299: $? = 0
configure:4308: result: yes
configure:4317: checking whether gcc accepts -g
configure:4337: gcc -c -g  conftest.c >&5
configure:4337: $? = 0
configure:4378: result: yes
configure:4395: checking for gcc option to accept ISO C89
configure:4458: gcc  -c -g -O2  conftest.c >&5
configure:4458: $? = 0
configure:4471: result: none needed
configure:4496: checking whether gcc understands -c and -o together
configure:4518: gcc -c conftest.c -o conftest2.o
configure:4521: $? = 0
configure:4518: gcc -c conftest.c -o conftest2.o
configure:4521: $? = 0
configure:4533: result: yes
configure:4552: checking dependency style of gcc
configure:4663: result: gcc3
configure:4723: checking build system type
configure:4737: result: x86_64-pc-linux-gnu
configure:4757: checking host system type
configure:4770: result: x86_64-pc-linux-gnu
configure:4811: checking how to print strings
configure:4838: result: printf
configure:4859: checking for a sed that does not truncate output
configure:4923: result: /bin/sed
configure:4941: checking for grep that handles long lines and -e
configure:4999: result: /bin/grep
configure:5004: checking for egrep
configure:5066: result: /bin/grep -E
configure:5071: checking for fgrep
configure:5133: result: /bin/grep -F
configure:5168: checking for ld used by gcc
configure:5235: result: /usr/bin/ld
configure:5242: checking if the linker (/usr/bin/ld) is GNU ld
configure:5257: result: yes
configure:5269: checking for BSD- or MS-compatible name lister (nm)
configure:5323: result: /usr/bin/nm -B
configure:5453: checking the name lister (/usr/bin/nm -B) interface
configure:5460: gcc -c -g -O2  conftest.c >&5
configure:5463: /usr/bin/nm -B "conftest.o"
configure:5466: output
0000000000000000 B some_variable
configure:5473: result: BSD nm
configure:5476: checking whether ln -s works
configure:5480: result: yes
configure:5488: checking the maximum length of command line arguments
configure:5619: result: 1572864
configure:5667: checking how to convert x86_64-pc-linux-gnu file names to x86_64-pc-linux-gnu format
configure:5707: result: func_convert_file_noop
configure:5714: checking how to convert x86_64-pc-linux-gnu file names to toolchain format
configure:5734: result: func_convert_file_noop
configure:5741: checking for /usr/bin/ld option to reload object files
configure:5748: result: -r
configure:5822: checking for objdump
configure:5838: found /usr/bin/objdump
configure:5849: result: objdump
configure:5878: checking how to recognize dependent libraries
configure:6078: result: pass_all
configure:6163: checking for dlltool
configure:6193: result: no
configure:6220: checking how to associate runtime and link libraries
configure:6247: result: printf %s\n
configure:6307: checking for ar
configure:6323: found /usr/bin/ar
configure:6334: result: ar
configure:6371: checking for archiver @FILE support
configure:6388: gcc -c -g -O2  conftest.c >&5
configure:6388: $? = 0
configure:6391: ar cru libconftest.a @conftest.lst >&5
ar: `u' modifier ignored since `D' is the default (see `U')
configure:6394: $? = 0
configure:6399: ar cru libconftest.a @conftest.lst >&5
ar: `u' modifier ignored since `D' is the default (see `U')
ar: conftest.o: No such file or directory
configure:6402: $? = 1
configure:6414: result: @
configure:6472: checking for strip
configure:6488: found /usr/bin/strip
configure:6499: result: strip
configure:6571: checking for ranlib
configure:6587: found /usr/bin/ranlib
configure:6598: result: ranlib
configure:6700: checking command to parse /usr/bin/nm -B output from gcc object
configure:6853: gcc -c -g -O2  conftest.c >&5
configure:6856: $? = 0
configure:6860: /usr/bin/nm -B conftest.o \| sed -n -e 's/^.*[ ]\([ABCDGIRSTW][ABCDGIRSTW]*\)[ ][ ]*\([_A-Za-z][_A-Za-z0-9]*\)$/\1 \2 \2/p' | sed '/ __gnu_lto/d' \> conftest.nm
configure:6863: $? = 0
configure:6929: gcc -o conftest -g -O2   conftest.c conftstm.o >&5
configure:6932: $? = 0
configure:6970: result: ok
configure:7017: checking for sysroot
configure:7047: result: no
configure:7054: checking for a working dd
configure:7092: result: /bin/dd
configure:7096: checking how to truncate binary pipes
configure:7111: result: /bin/dd bs=4096 count=1
configure:7247: gcc -c -g -O2  conftest.c >&5
configure:7250: $? = 0
configure:7440: checking for mt
configure:7456: found /bin/mt
configure:7467: result: mt
configure:7490: checking if mt is a manifest tool
configure:7496: mt '-?'
configure:7504: result: no
configure:8181: checking how to run the C preprocessor
configure:8212: gcc -E  conftest.c
configure:8212: $? = 0
configure:8226: gcc -E  conftest.c
conftest.c:9:28: fatal error: ac_nonexistent.h: No such file or directory
compilation terminated.
configure:8226: $? = 1
configure: failed program was:
| /* confdefs.h */
| #define PACKAGE_NAME "LCDF typetools (TeX Live)"
| #define PACKAGE_TARNAME "lcdf-typetools--tex-live-"
| #define PACKAGE_VERSION "2.106"
| #define PACKAGE_STRING "LCDF typetools (TeX Live) 2.106"
| #define PACKAGE_BUGREPORT "tex-k@tug.org"
| #define PACKAGE_URL ""
| /* end confdefs.h.  */
| #include <ac_nonexistent.h>
configure:8251: result: gcc -E
configure:8271: gcc -E  conftest.c
configure:8271: $? = 0
configure:8285: gcc -E  conftest.c
conftest.c:9:28: fatal error: ac_nonexistent.h: No such file or directory
compilation terminated.
configure:8285: $? = 1
configure: failed program was:
| /* confdefs.h */
| #define PACKAGE_NAME "LCDF typetools (TeX Live)"
| #define PACKAGE_TARNAME "lcdf-typetools--tex-live-"
| #define PACKAGE_VERSION "2.106"
| #define PACKAGE_STRING "LCDF typetools (TeX Live) 2.106"
| #define PACKAGE_BUGREPORT "tex-k@tug.org"
| #define PACKAGE_URL ""
| /* end confdefs.h.  */
| #include <ac_nonexistent.h>
configure:8314: checking for ANSI C header files
configure:8334: gcc -c -g -O2  conftest.c >&5
configure:8334: $? = 0
configure:8407: gcc -o conftest -g -O2   conftest.c  >&5
configure:8407: $? = 0
configure:8407: ./conftest
configure:8407: $? = 0
configure:8418: result: yes
configure:8431: checking for sys/types.h
configure:8431: gcc -c -g -O2  conftest.c >&5
configure:8431: $? = 0
configure:8431: result: yes
configure:8431: checking for sys/stat.h
configure:8431: gcc -c -g -O2  conftest.c >&5
configure:8431: $? = 0
configure:8431: result: yes
configure:8431: checking for stdlib.h
configure:8431: gcc -c -g -O2  conftest.c >&5
configure:8431: $? = 0
configure:8431: result: yes
configure:8431: checking for string.h
configure:8431: gcc -c -g -O2  conftest.c >&5
configure:8431: $? = 0
configure:8431: result: yes
configure:8431: checking for memory.h
configure:8431: gcc -c -g -O2  conftest.c >&5
configure:8431: $? = 0
configure:8431: result: yes
configure:8431: checking for strings.h
configure:8431: gcc -c -g -O2  conftest.c >&5
configure:8431: $? = 0
configure:8431: result: yes
configure:8431: checking for inttypes.h
configure:8431: gcc -c -g -O2  conftest.c >&5
configure:8431: $? = 0
configure:8431: result: yes
configure:8431: checking for stdint.h
configure:8431: gcc -c -g -O2  conftest.c >&5
configure:8431: $? = 0
configure:8431: result: yes
configure:8431: checking for unistd.h
configure:8431: gcc -c -g -O2  conftest.c >&5
configure:8431: $? = 0
configure:8431: result: yes
configure:8445: checking for dlfcn.h
configure:8445: gcc -c -g -O2  conftest.c >&5
configure:8445: $? = 0
configure:8445: result: yes
configure:8573: checking whether to enable maintainer-specific portions of Makefiles
configure:8582: result: no
configure:8595: checking whether the compiler accepts prototypes
configure:8611: gcc -o conftest -g -O2   conftest.c  >&5
configure:8611: $? = 0
configure:8619: result: yes
configure:8624: checking what warning flags to pass to the C compiler
configure:8669: result: -Wimplicit -Wreturn-type -Wdeclaration-after-statement -Wno-unknown-pragmas
configure:9223: checking for objdir
configure:9238: result: .libs
configure:9502: checking if gcc supports -fno-rtti -fno-exceptions
configure:9520: gcc -c -g -O2  -fno-rtti -fno-exceptions conftest.c >&5
cc1: warning: command line option '-fno-rtti' is valid for C++/ObjC++ but not for C
configure:9524: $? = 0
configure:9537: result: no
configure:9895: checking for gcc option to produce PIC
configure:9902: result: -fPIC -DPIC
configure:9910: checking if gcc PIC flag -fPIC -DPIC works
configure:9928: gcc -c -g -O2  -fPIC -DPIC -DPIC conftest.c >&5
configure:9932: $? = 0
configure:9945: result: yes
configure:9974: checking if gcc static flag -static works
configure:10002: result: yes
configure:10017: checking if gcc supports -c -o file.o
configure:10038: gcc -c -g -O2  -o out/conftest2.o conftest.c >&5
configure:10042: $? = 0
configure:10064: result: yes
configure:10072: checking if gcc supports -c -o file.o
configure:10119: result: yes
configure:10152: checking whether the gcc linker (/usr/bin/ld -m elf_x86_64) supports shared libraries
configure:11411: result: yes
configure:11651: checking dynamic linker characteristics
configure:12232: gcc -o conftest -g -O2   -Wl,-rpath -Wl,/foo conftest.c  >&5
configure:12232: $? = 0
configure:12469: result: GNU/Linux ld.so
configure:12591: checking how to hardcode library paths into programs
configure:12616: result: immediate
configure:13164: checking whether stripping libraries is possible
configure:13169: result: yes
configure:13204: checking if libtool supports shared libraries
configure:13206: result: yes
configure:13209: checking whether to build shared libraries
configure:13234: result: no
configure:13237: checking whether to build static libraries
configure:13241: result: yes
configure:13285: checking for special C compiler options needed for large files
configure:13330: result: no
configure:13336: checking for _FILE_OFFSET_BITS value needed for large files
configure:13361: gcc -c -g -O2  conftest.c >&5
configure:13361: $? = 0
configure:13393: result: no
configure:13478: checking for _LARGEFILE_SOURCE value needed for large files
configure:13497: gcc -o conftest -g -O2   conftest.c  >&5
configure:13497: $? = 0
configure:13525: result: no
configure:13549: checking for dirent.h that defines DIR
configure:13568: gcc -c -g -O2  conftest.c >&5
configure:13568: $? = 0
configure:13576: result: yes
configure:13589: checking for library containing opendir
configure:13620: gcc -o conftest -g -O2   conftest.c  >&5
configure:13620: $? = 0
configure:13637: result: none required
configure:13704: checking for ANSI C header files
configure:13808: result: yes
configure:13816: checking whether closedir returns void
configure:13840: gcc -o conftest -g -O2   conftest.c  >&5
configure:13840: $? = 0
configure:13840: ./conftest
configure:13840: $? = 0
configure:13850: result: no
configure:13861: checking assert.h usability
configure:13861: gcc -c -g -O2  conftest.c >&5
configure:13861: $? = 0
configure:13861: result: yes
configure:13861: checking assert.h presence
configure:13861: gcc -E  conftest.c
configure:13861: $? = 0
configure:13861: result: yes
configure:13861: checking for assert.h
configure:13861: result: yes
configure:13861: checking float.h usability
configure:13861: gcc -c -g -O2  conftest.c >&5
configure:13861: $? = 0
configure:13861: result: yes
configure:13861: checking float.h presence
configure:13861: gcc -E  conftest.c
configure:13861: $? = 0
configure:13861: result: yes
configure:13861: checking for float.h
configure:13861: result: yes
configure:13861: checking limits.h usability
configure:13861: gcc -c -g -O2  conftest.c >&5
configure:13861: $? = 0
configure:13861: result: yes
configure:13861: checking limits.h presence
configure:13861: gcc -E  conftest.c
configure:13861: $? = 0
configure:13861: result: yes
configure:13861: checking for limits.h
configure:13861: result: yes
configure:13861: checking pwd.h usability
configure:13861: gcc -c -g -O2  conftest.c >&5
configure:13861: $? = 0
configure:13861: result: yes
configure:13861: checking pwd.h presence
configure:13861: gcc -E  conftest.c
configure:13861: $? = 0
configure:13861: result: yes
configure:13861: checking for pwd.h
configure:13861: result: yes
configure:13861: checking for stdlib.h
configure:13861: result: yes
configure:13861: checking sys/param.h usability
configure:13861: gcc -c -g -O2  conftest.c >&5
configure:13861: $? = 0
configure:13861: result: yes
configure:13861: checking sys/param.h presence
configure:13861: gcc -E  conftest.c
configure:13861: $? = 0
configure:13861: result: yes
configure:13861: checking for sys/param.h
configure:13861: result: yes
configure:13873: checking for putenv
configure:13873: gcc -o conftest -g -O2   conftest.c  >&5
configure:13873: $? = 0
configure:13873: result: yes
configure:13885: checking for getcwd
configure:13885: gcc -o conftest -g -O2   conftest.c  >&5
configure:13885: $? = 0
configure:13885: result: yes
configure:13885: checking for getwd
configure:13885: gcc -o conftest -g -O2   conftest.c  >&5
/tmp/ccStipWm.o: In function `main':
/home/maqiyuan/Desktop/texlive-upstream/texk/lcdf-typetools/conftest.c:68: warning: the `getwd' function is dangerous and should not be used.
configure:13885: $? = 0
configure:13885: result: yes
configure:13885: checking for memcmp
configure:13885: gcc -o conftest -g -O2   conftest.c  >&5
conftest.c:58:6: warning: conflicting types for built-in function 'memcmp'
 char memcmp ();
      ^
configure:13885: $? = 0
configure:13885: result: yes
configure:13885: checking for memcpy
configure:13885: gcc -o conftest -g -O2   conftest.c  >&5
conftest.c:59:6: warning: conflicting types for built-in function 'memcpy'
 char memcpy ();
      ^
configure:13885: $? = 0
configure:13885: result: yes
configure:13885: checking for mkstemp
configure:13885: gcc -o conftest -g -O2   conftest.c  >&5
configure:13885: $? = 0
configure:13885: result: yes
configure:13885: checking for mktemp
configure:13885: gcc -o conftest -g -O2   conftest.c  >&5
/tmp/cceZnnHO.o: In function `main':
/home/maqiyuan/Desktop/texlive-upstream/texk/lcdf-typetools/conftest.c:72: warning: the use of `mktemp' is dangerous, better use `mkstemp' or `mkdtemp'
configure:13885: $? = 0
configure:13885: result: yes
configure:13885: checking for strchr
configure:13885: gcc -o conftest -g -O2   conftest.c  >&5
conftest.c:62:6: warning: conflicting types for built-in function 'strchr'
 char strchr ();
      ^
configure:13885: $? = 0
configure:13885: result: yes
configure:13885: checking for strrchr
configure:13885: gcc -o conftest -g -O2   conftest.c  >&5
conftest.c:63:6: warning: conflicting types for built-in function 'strrchr'
 char strrchr ();
      ^
configure:13885: $? = 0
configure:13885: result: yes
configure:13894: checking for an ANSI C-conforming const
configure:13960: gcc -c -g -O2  conftest.c >&5
configure:13960: $? = 0
configure:13967: result: yes
configure:13975: checking for inline
configure:13991: gcc -c -g -O2  conftest.c >&5
configure:13991: $? = 0
configure:13999: result: inline
configure:14017: checking for size_t
configure:14017: gcc -c -g -O2  conftest.c >&5
configure:14017: $? = 0
configure:14017: gcc -c -g -O2  conftest.c >&5
conftest.c: In function 'main':
conftest.c:77:21: error: expected expression before ')' token
 if (sizeof ((size_t)))
                     ^
configure:14017: $? = 1
configure: failed program was:
| /* confdefs.h */
| #define PACKAGE_NAME "LCDF typetools (TeX Live)"
| #define PACKAGE_TARNAME "lcdf-typetools--tex-live-"
| #define PACKAGE_VERSION "2.106"
| #define PACKAGE_STRING "LCDF typetools (TeX Live) 2.106"
| #define PACKAGE_BUGREPORT "tex-k@tug.org"
| #define PACKAGE_URL ""
| #define STDC_HEADERS 1
| #define HAVE_SYS_TYPES_H 1
| #define HAVE_SYS_STAT_H 1
| #define HAVE_STDLIB_H 1
| #define HAVE_STRING_H 1
| #define HAVE_MEMORY_H 1
| #define HAVE_STRINGS_H 1
| #define HAVE_INTTYPES_H 1
| #define HAVE_STDINT_H 1
| #define HAVE_UNISTD_H 1
| #define HAVE_DLFCN_H 1
| #define PACKAGE "lcdf-typetools--tex-live-"
| #define VERSION "2.106"
| #define LT_OBJDIR ".libs/"
| #define HAVE_FSEEKO 1
| #define HAVE_DIRENT_H 1
| #define STDC_HEADERS 1
| #define HAVE_ASSERT_H 1
| #define HAVE_FLOAT_H 1
| #define HAVE_LIMITS_H 1
| #define HAVE_PWD_H 1
| #define HAVE_STDLIB_H 1
| #define HAVE_SYS_PARAM_H 1
| #define HAVE_PUTENV 1
| #define HAVE_GETCWD 1
| #define HAVE_GETWD 1
| #define HAVE_MEMCMP 1
| #define HAVE_MEMCPY 1
| #define HAVE_MKSTEMP 1
| #define HAVE_MKTEMP 1
| #define HAVE_STRCHR 1
| #define HAVE_STRRCHR 1
| /* end confdefs.h.  */
| #include <stdio.h>
| #ifdef HAVE_SYS_TYPES_H
| # include <sys/types.h>
| #endif
| #ifdef HAVE_SYS_STAT_H
| # include <sys/stat.h>
| #endif
| #ifdef STDC_HEADERS
| # include <stdlib.h>
| # include <stddef.h>
| #else
| # ifdef HAVE_STDLIB_H
| #  include <stdlib.h>
| # endif
| #endif
| #ifdef HAVE_STRING_H
| # if !defined STDC_HEADERS && defined HAVE_MEMORY_H
| #  include <memory.h>
| # endif
| # include <string.h>
| #endif
| #ifdef HAVE_STRINGS_H
| # include <strings.h>
| #endif
| #ifdef HAVE_INTTYPES_H
| # include <inttypes.h>
| #endif
| #ifdef HAVE_STDINT_H
| # include <stdint.h>
| #endif
| #ifdef HAVE_UNISTD_H
| # include <unistd.h>
| #endif
| int
| main ()
| {
| if (sizeof ((size_t)))
| 	    return 0;
|   ;
|   return 0;
| }
configure:14017: result: yes
configure:14028: checking for int64_t
configure:14028: gcc -c -g -O2  conftest.c >&5
configure:14028: $? = 0
configure:14028: gcc -c -g -O2  conftest.c >&5
conftest.c: In function 'main':
conftest.c:79:53: warning: integer overflow in expression [-Woverflow]
    < (int64_t) (((((int64_t) 1 << N) << N) - 1) * 2 + 2))];
                                                     ^
conftest.c:78:12: error: storage size of 'test_array' isn't constant
 static int test_array [1 - 2 * !((int64_t) (((((int64_t) 1 << N) << N) - 1) * 2 + 1)
            ^
configure:14028: $? = 1
configure: failed program was:
| /* confdefs.h */
| #define PACKAGE_NAME "LCDF typetools (TeX Live)"
| #define PACKAGE_TARNAME "lcdf-typetools--tex-live-"
| #define PACKAGE_VERSION "2.106"
| #define PACKAGE_STRING "LCDF typetools (TeX Live) 2.106"
| #define PACKAGE_BUGREPORT "tex-k@tug.org"
| #define PACKAGE_URL ""
| #define STDC_HEADERS 1
| #define HAVE_SYS_TYPES_H 1
| #define HAVE_SYS_STAT_H 1
| #define HAVE_STDLIB_H 1
| #define HAVE_STRING_H 1
| #define HAVE_MEMORY_H 1
| #define HAVE_STRINGS_H 1
| #define HAVE_INTTYPES_H 1
| #define HAVE_STDINT_H 1
| #define HAVE_UNISTD_H 1
| #define HAVE_DLFCN_H 1
| #define PACKAGE "lcdf-typetools--tex-live-"
| #define VERSION "2.106"
| #define LT_OBJDIR ".libs/"
| #define HAVE_FSEEKO 1
| #define HAVE_DIRENT_H 1
| #define STDC_HEADERS 1
| #define HAVE_ASSERT_H 1
| #define HAVE_FLOAT_H 1
| #define HAVE_LIMITS_H 1
| #define HAVE_PWD_H 1
| #define HAVE_STDLIB_H 1
| #define HAVE_SYS_PARAM_H 1
| #define HAVE_PUTENV 1
| #define HAVE_GETCWD 1
| #define HAVE_GETWD 1
| #define HAVE_MEMCMP 1
| #define HAVE_MEMCPY 1
| #define HAVE_MKSTEMP 1
| #define HAVE_MKTEMP 1
| #define HAVE_STRCHR 1
| #define HAVE_STRRCHR 1
| /* end confdefs.h.  */
| #include <stdio.h>
| #ifdef HAVE_SYS_TYPES_H
| # include <sys/types.h>
| #endif
| #ifdef HAVE_SYS_STAT_H
| # include <sys/stat.h>
| #endif
| #ifdef STDC_HEADERS
| # include <stdlib.h>
| # include <stddef.h>
| #else
| # ifdef HAVE_STDLIB_H
| #  include <stdlib.h>
| # endif
| #endif
| #ifdef HAVE_STRING_H
| # if !defined STDC_HEADERS && defined HAVE_MEMORY_H
| #  include <memory.h>
| # endif
| # include <string.h>
| #endif
| #ifdef HAVE_STRINGS_H
| # include <strings.h>
| #endif
| #ifdef HAVE_INTTYPES_H
| # include <inttypes.h>
| #endif
| #ifdef HAVE_STDINT_H
| # include <stdint.h>
| #endif
| #ifdef HAVE_UNISTD_H
| # include <unistd.h>
| #endif
| 	        enum { N = 64 / 2 - 1 };
| int
| main ()
| {
| static int test_array [1 - 2 * !((int64_t) (((((int64_t) 1 << N) << N) - 1) * 2 + 1)
| 		 < (int64_t) (((((int64_t) 1 << N) << N) - 1) * 2 + 2))];
| test_array [0] = 0;
| return test_array [0];
| 
|   ;
|   return 0;
| }
configure:14028: result: yes
configure:14039: checking for uint64_t
configure:14039: gcc -c -g -O2  conftest.c >&5
configure:14039: $? = 0
configure:14039: result: yes
configure:14059: checking whether isascii is declared
configure:14059: gcc -c -g -O2  conftest.c >&5
configure:14059: $? = 0
configure:14059: result: yes
configure:14071: checking for struct stat.st_mtim
configure:14071: gcc -c -g -O2  conftest.c >&5
conftest.c: In function 'main':
conftest.c:79:5: error: used struct type value where scalar is required
 if (ac_aggr.st_mtim)
     ^
configure:14071: $? = 1
configure: failed program was:
| /* confdefs.h */
| #define PACKAGE_NAME "LCDF typetools (TeX Live)"
| #define PACKAGE_TARNAME "lcdf-typetools--tex-live-"
| #define PACKAGE_VERSION "2.106"
| #define PACKAGE_STRING "LCDF typetools (TeX Live) 2.106"
| #define PACKAGE_BUGREPORT "tex-k@tug.org"
| #define PACKAGE_URL ""
| #define STDC_HEADERS 1
| #define HAVE_SYS_TYPES_H 1
| #define HAVE_SYS_STAT_H 1
| #define HAVE_STDLIB_H 1
| #define HAVE_STRING_H 1
| #define HAVE_MEMORY_H 1
| #define HAVE_STRINGS_H 1
| #define HAVE_INTTYPES_H 1
| #define HAVE_STDINT_H 1
| #define HAVE_UNISTD_H 1
| #define HAVE_DLFCN_H 1
| #define PACKAGE "lcdf-typetools--tex-live-"
| #define VERSION "2.106"
| #define LT_OBJDIR ".libs/"
| #define HAVE_FSEEKO 1
| #define HAVE_DIRENT_H 1
| #define STDC_HEADERS 1
| #define HAVE_ASSERT_H 1
| #define HAVE_FLOAT_H 1
| #define HAVE_LIMITS_H 1
| #define HAVE_PWD_H 1
| #define HAVE_STDLIB_H 1
| #define HAVE_SYS_PARAM_H 1
| #define HAVE_PUTENV 1
| #define HAVE_GETCWD 1
| #define HAVE_GETWD 1
| #define HAVE_MEMCMP 1
| #define HAVE_MEMCPY 1
| #define HAVE_MKSTEMP 1
| #define HAVE_MKTEMP 1
| #define HAVE_STRCHR 1
| #define HAVE_STRRCHR 1
| #define HAVE_DECL_ISASCII 1
| /* end confdefs.h.  */
| #include <stdio.h>
| #ifdef HAVE_SYS_TYPES_H
| # include <sys/types.h>
| #endif
| #ifdef HAVE_SYS_STAT_H
| # include <sys/stat.h>
| #endif
| #ifdef STDC_HEADERS
| # include <stdlib.h>
| # include <stddef.h>
| #else
| # ifdef HAVE_STDLIB_H
| #  include <stdlib.h>
| # endif
| #endif
| #ifdef HAVE_STRING_H
| # if !defined STDC_HEADERS && defined HAVE_MEMORY_H
| #  include <memory.h>
| # endif
| # include <string.h>
| #endif
| #ifdef HAVE_STRINGS_H
| # include <strings.h>
| #endif
| #ifdef HAVE_INTTYPES_H
| # include <inttypes.h>
| #endif
| #ifdef HAVE_STDINT_H
| # include <stdint.h>
| #endif
| #ifdef HAVE_UNISTD_H
| # include <unistd.h>
| #endif
| int
| main ()
| {
| static struct stat ac_aggr;
| if (ac_aggr.st_mtim)
| return 0;
|   ;
|   return 0;
| }
configure:14071: gcc -c -g -O2  conftest.c >&5
configure:14071: $? = 0
configure:14071: result: yes
configure:14147: checking for g++
configure:14163: found /usr/bin/g++
configure:14174: result: g++
configure:14201: checking for C++ compiler version
configure:14210: g++ --version >&5
g++ (Ubuntu 5.4.0-6ubuntu1~16.04.1) 5.4.0 20160609
Copyright (C) 2015 Free Software Foundation, Inc.
This is free software; see the source for copying conditions.  There is NO
warranty; not even for MERCHANTABILITY or FITNESS FOR A PARTICULAR PURPOSE.

configure:14221: $? = 0
configure:14210: g++ -v >&5
Using built-in specs.
COLLECT_GCC=g++
COLLECT_LTO_WRAPPER=/usr/lib/gcc/x86_64-linux-gnu/5/lto-wrapper
Target: x86_64-linux-gnu
Configured with: ../src/configure -v --with-pkgversion='Ubuntu 5.4.0-6ubuntu1~16.04.1' --with-bugurl=file:///usr/share/doc/gcc-5/README.Bugs --enable-languages=c,ada,c++,java,go,d,fortran,objc,obj-c++ --prefix=/usr --program-suffix=-5 --enable-shared --enable-linker-build-id --libexecdir=/usr/lib --without-included-gettext --enable-threads=posix --libdir=/usr/lib --enable-nls --with-sysroot=/ --enable-clocale=gnu --enable-libstdcxx-debug --enable-libstdcxx-time=yes --with-default-libstdcxx-abi=new --enable-gnu-unique-object --disable-vtable-verify --enable-libmpx --enable-plugin --with-system-zlib --disable-browser-plugin --enable-java-awt=gtk --enable-gtk-cairo --with-java-home=/usr/lib/jvm/java-1.5.0-gcj-5-amd64/jre --enable-java-home --with-jvm-root-dir=/usr/lib/jvm/java-1.5.0-gcj-5-amd64 --with-jvm-jar-dir=/usr/lib/jvm-exports/java-1.5.0-gcj-5-amd64 --with-arch-directory=amd64 --with-ecj-jar=/usr/share/java/eclipse-ecj.jar --enable-objc-gc --enable-multiarch --disable-werror --with-arch-32=i686 --with-abi=m64 --with-multilib-list=m32,m64,mx32 --enable-multilib --with-tune=generic --enable-checking=release --build=x86_64-linux-gnu --host=x86_64-linux-gnu --target=x86_64-linux-gnu
Thread model: posix
gcc version 5.4.0 20160609 (Ubuntu 5.4.0-6ubuntu1~16.04.1) 
configure:14221: $? = 0
configure:14210: g++ -V >&5
g++: error: unrecognized command line option '-V'
g++: fatal error: no input files
compilation terminated.
configure:14221: $? = 1
configure:14210: g++ -qversion >&5
g++: error: unrecognized command line option '-qversion'
g++: fatal error: no input files
compilation terminated.
configure:14221: $? = 1
configure:14225: checking whether we are using the GNU C++ compiler
configure:14244: g++ -c   conftest.cpp >&5
configure:14244: $? = 0
configure:14253: result: yes
configure:14262: checking whether g++ accepts -g
configure:14282: g++ -c -g  conftest.cpp >&5
configure:14282: $? = 0
configure:14323: result: yes
configure:14348: checking dependency style of g++
configure:14459: result: gcc3
configure:14473: checking what warning flags to pass to the C++ compiler
configure:14514: result: -Wreturn-type -Wno-unknown-pragmas -Wno-write-strings
configure:14538: checking how to run the C++ preprocessor
configure:14565: g++ -E  conftest.cpp
configure:14565: $? = 0
configure:14579: g++ -E  conftest.cpp
conftest.cpp:43:28: fatal error: ac_nonexistent.h: No such file or directory
compilation terminated.
configure:14579: $? = 1
configure: failed program was:
| /* confdefs.h */
| #define PACKAGE_NAME "LCDF typetools (TeX Live)"
| #define PACKAGE_TARNAME "lcdf-typetools--tex-live-"
| #define PACKAGE_VERSION "2.106"
| #define PACKAGE_STRING "LCDF typetools (TeX Live) 2.106"
| #define PACKAGE_BUGREPORT "tex-k@tug.org"
| #define PACKAGE_URL ""
| #define STDC_HEADERS 1
| #define HAVE_SYS_TYPES_H 1
| #define HAVE_SYS_STAT_H 1
| #define HAVE_STDLIB_H 1
| #define HAVE_STRING_H 1
| #define HAVE_MEMORY_H 1
| #define HAVE_STRINGS_H 1
| #define HAVE_INTTYPES_H 1
| #define HAVE_STDINT_H 1
| #define HAVE_UNISTD_H 1
| #define HAVE_DLFCN_H 1
| #define PACKAGE "lcdf-typetools--tex-live-"
| #define VERSION "2.106"
| #define LT_OBJDIR ".libs/"
| #define HAVE_FSEEKO 1
| #define HAVE_DIRENT_H 1
| #define STDC_HEADERS 1
| #define HAVE_ASSERT_H 1
| #define HAVE_FLOAT_H 1
| #define HAVE_LIMITS_H 1
| #define HAVE_PWD_H 1
| #define HAVE_STDLIB_H 1
| #define HAVE_SYS_PARAM_H 1
| #define HAVE_PUTENV 1
| #define HAVE_GETCWD 1
| #define HAVE_GETWD 1
| #define HAVE_MEMCMP 1
| #define HAVE_MEMCPY 1
| #define HAVE_MKSTEMP 1
| #define HAVE_MKTEMP 1
| #define HAVE_STRCHR 1
| #define HAVE_STRRCHR 1
| #define HAVE_DECL_ISASCII 1
| #define HAVE_STRUCT_STAT_ST_MTIM 1
| /* end confdefs.h.  */
| #include <ac_nonexistent.h>
configure:14604: result: g++ -E
configure:14624: g++ -E  conftest.cpp
configure:14624: $? = 0
configure:14638: g++ -E  conftest.cpp
conftest.cpp:43:28: fatal error: ac_nonexistent.h: No such file or directory
compilation terminated.
configure:14638: $? = 1
configure: failed program was:
| /* confdefs.h */
| #define PACKAGE_NAME "LCDF typetools (TeX Live)"
| #define PACKAGE_TARNAME "lcdf-typetools--tex-live-"
| #define PACKAGE_VERSION "2.106"
| #define PACKAGE_STRING "LCDF typetools (TeX Live) 2.106"
| #define PACKAGE_BUGREPORT "tex-k@tug.org"
| #define PACKAGE_URL ""
| #define STDC_HEADERS 1
| #define HAVE_SYS_TYPES_H 1
| #define HAVE_SYS_STAT_H 1
| #define HAVE_STDLIB_H 1
| #define HAVE_STRING_H 1
| #define HAVE_MEMORY_H 1
| #define HAVE_STRINGS_H 1
| #define HAVE_INTTYPES_H 1
| #define HAVE_STDINT_H 1
| #define HAVE_UNISTD_H 1
| #define HAVE_DLFCN_H 1
| #define PACKAGE "lcdf-typetools--tex-live-"
| #define VERSION "2.106"
| #define LT_OBJDIR ".libs/"
| #define HAVE_FSEEKO 1
| #define HAVE_DIRENT_H 1
| #define STDC_HEADERS 1
| #define HAVE_ASSERT_H 1
| #define HAVE_FLOAT_H 1
| #define HAVE_LIMITS_H 1
| #define HAVE_PWD_H 1
| #define HAVE_STDLIB_H 1
| #define HAVE_SYS_PARAM_H 1
| #define HAVE_PUTENV 1
| #define HAVE_GETCWD 1
| #define HAVE_GETWD 1
| #define HAVE_MEMCMP 1
| #define HAVE_MEMCPY 1
| #define HAVE_MKSTEMP 1
| #define HAVE_MKTEMP 1
| #define HAVE_STRCHR 1
| #define HAVE_STRRCHR 1
| #define HAVE_DECL_ISASCII 1
| #define HAVE_STRUCT_STAT_ST_MTIM 1
| /* end confdefs.h.  */
| #include <ac_nonexistent.h>
configure:14800: checking for ld used by g++
configure:14867: result: /usr/bin/ld -m elf_x86_64
configure:14874: checking if the linker (/usr/bin/ld -m elf_x86_64) is GNU ld
configure:14889: result: yes
configure:14944: checking whether the g++ linker (/usr/bin/ld -m elf_x86_64) supports shared libraries
configure:16017: result: yes
configure:16053: g++ -c -g -O2  conftest.cpp >&5
configure:16056: $? = 0
configure:16537: checking for g++ option to produce PIC
configure:16544: result: -fPIC -DPIC
configure:16552: checking if g++ PIC flag -fPIC -DPIC works
configure:16570: g++ -c -g -O2  -fPIC -DPIC -DPIC conftest.cpp >&5
configure:16574: $? = 0
configure:16587: result: yes
configure:16610: checking if g++ static flag -static works
configure:16638: result: yes
configure:16650: checking if g++ supports -c -o file.o
configure:16671: g++ -c -g -O2  -o out/conftest2.o conftest.cpp >&5
configure:16675: $? = 0
configure:16697: result: yes
configure:16702: checking if g++ supports -c -o file.o
configure:16749: result: yes
configure:16779: checking whether the g++ linker (/usr/bin/ld -m elf_x86_64) supports shared libraries
configure:16819: result: yes
configure:16960: checking dynamic linker characteristics
configure:17705: result: GNU/Linux ld.so
configure:17770: checking how to hardcode library paths into programs
configure:17795: result: immediate
configure:17840: checking how to run the C++ preprocessor
configure:17906: result: g++ -E
configure:17926: g++ -E  conftest.cpp
configure:17926: $? = 0
configure:17940: g++ -E  conftest.cpp
conftest.cpp:43:28: fatal error: ac_nonexistent.h: No such file or directory
compilation terminated.
configure:17940: $? = 1
configure: failed program was:
| /* confdefs.h */
| #define PACKAGE_NAME "LCDF typetools (TeX Live)"
| #define PACKAGE_TARNAME "lcdf-typetools--tex-live-"
| #define PACKAGE_VERSION "2.106"
| #define PACKAGE_STRING "LCDF typetools (TeX Live) 2.106"
| #define PACKAGE_BUGREPORT "tex-k@tug.org"
| #define PACKAGE_URL ""
| #define STDC_HEADERS 1
| #define HAVE_SYS_TYPES_H 1
| #define HAVE_SYS_STAT_H 1
| #define HAVE_STDLIB_H 1
| #define HAVE_STRING_H 1
| #define HAVE_MEMORY_H 1
| #define HAVE_STRINGS_H 1
| #define HAVE_INTTYPES_H 1
| #define HAVE_STDINT_H 1
| #define HAVE_UNISTD_H 1
| #define HAVE_DLFCN_H 1
| #define PACKAGE "lcdf-typetools--tex-live-"
| #define VERSION "2.106"
| #define LT_OBJDIR ".libs/"
| #define HAVE_FSEEKO 1
| #define HAVE_DIRENT_H 1
| #define STDC_HEADERS 1
| #define HAVE_ASSERT_H 1
| #define HAVE_FLOAT_H 1
| #define HAVE_LIMITS_H 1
| #define HAVE_PWD_H 1
| #define HAVE_STDLIB_H 1
| #define HAVE_SYS_PARAM_H 1
| #define HAVE_PUTENV 1
| #define HAVE_GETCWD 1
| #define HAVE_GETWD 1
| #define HAVE_MEMCMP 1
| #define HAVE_MEMCPY 1
| #define HAVE_MKSTEMP 1
| #define HAVE_MKTEMP 1
| #define HAVE_STRCHR 1
| #define HAVE_STRRCHR 1
| #define HAVE_DECL_ISASCII 1
| #define HAVE_STRUCT_STAT_ST_MTIM 1
| /* end confdefs.h.  */
| #include <ac_nonexistent.h>
configure:17995: checking where template objects are stored
configure:18055: result: nowhere
configure:18081: checking iostream usability
configure:18081: g++ -Wreturn-type -Wno-unknown-pragmas -Wno-write-strings -c -g -O2  conftest.cpp >&5
configure:18081: $? = 0
configure:18081: result: yes
configure:18081: checking iostream presence
configure:18081: g++ -E  conftest.cpp
configure:18081: $? = 0
configure:18081: result: yes
configure:18081: checking for iostream
configure:18081: result: yes
configure:18091: checking for statically linking C++ runtime library
configure:18124: g++ -Wreturn-type -Wno-unknown-pragmas -Wno-write-strings -o conftest -g -O2   conftest.cpp  -nodefaultlibs -Wl,-Bstatic -lstdc++ -Wl,-Bdynamic -lm -lgcc_eh -lgcc -lc -lgcc_eh -lgcc >&5
configure:18124: $? = 0
configure:18147: result: ok
configure:18150: using -nodefaultlibs -Wl,-Bstatic -lstdc++ -Wl,-Bdynamic -lm -lgcc_eh -lgcc -lc -lgcc_eh -lgcc
configure:18187: checking for dirent.h that defines DIR
configure:18214: result: yes
configure:18227: checking for library containing opendir
configure:18275: result: none required
configure:18345: checking fcntl.h usability
configure:18345: gcc -Wimplicit -Wreturn-type -Wdeclaration-after-statement -Wno-unknown-pragmas -c -g -O2  conftest.c >&5
configure:18345: $? = 0
configure:18345: result: yes
configure:18345: checking fcntl.h presence
configure:18345: gcc -E  conftest.c
configure:18345: $? = 0
configure:18345: result: yes
configure:18345: checking for fcntl.h
configure:18345: result: yes
configure:18345: checking for unistd.h
configure:18345: result: yes
configure:18345: checking sys/time.h usability
configure:18345: gcc -Wimplicit -Wreturn-type -Wdeclaration-after-statement -Wno-unknown-pragmas -c -g -O2  conftest.c >&5
configure:18345: $? = 0
configure:18345: result: yes
configure:18345: checking sys/time.h presence
configure:18345: gcc -E  conftest.c
configure:18345: $? = 0
configure:18345: result: yes
configure:18345: checking for sys/time.h
configure:18345: result: yes
configure:18345: checking sys/wait.h usability
configure:18345: gcc -Wimplicit -Wreturn-type -Wdeclaration-after-statement -Wno-unknown-pragmas -c -g -O2  conftest.c >&5
configure:18345: $? = 0
configure:18345: result: yes
configure:18345: checking sys/wait.h presence
configure:18345: gcc -E  conftest.c
configure:18345: $? = 0
configure:18345: result: yes
configure:18345: checking for sys/wait.h
configure:18345: result: yes
configure:18364: checking whether <new> works
configure:18384: g++ -Wreturn-type -Wno-unknown-pragmas -Wno-write-strings -o conftest -g -O2   conftest.cpp  >&5
configure:18384: $? = 0
configure:18392: result: yes
configure:18401: checking new.h usability
configure:18401: g++ -Wreturn-type -Wno-unknown-pragmas -Wno-write-strings -c -g -O2  conftest.cpp >&5
conftest.cpp:84:17: fatal error: new.h: No such file or directory
compilation terminated.
configure:18401: $? = 1
configure: failed program was:
| /* confdefs.h */
| #define PACKAGE_NAME "LCDF typetools (TeX Live)"
| #define PACKAGE_TARNAME "lcdf-typetools--tex-live-"
| #define PACKAGE_VERSION "2.106"
| #define PACKAGE_STRING "LCDF typetools (TeX Live) 2.106"
| #define PACKAGE_BUGREPORT "tex-k@tug.org"
| #define PACKAGE_URL ""
| #define STDC_HEADERS 1
| #define HAVE_SYS_TYPES_H 1
| #define HAVE_SYS_STAT_H 1
| #define HAVE_STDLIB_H 1
| #define HAVE_STRING_H 1
| #define HAVE_MEMORY_H 1
| #define HAVE_STRINGS_H 1
| #define HAVE_INTTYPES_H 1
| #define HAVE_STDINT_H 1
| #define HAVE_UNISTD_H 1
| #define HAVE_DLFCN_H 1
| #define PACKAGE "lcdf-typetools--tex-live-"
| #define VERSION "2.106"
| #define LT_OBJDIR ".libs/"
| #define HAVE_FSEEKO 1
| #define HAVE_DIRENT_H 1
| #define STDC_HEADERS 1
| #define HAVE_ASSERT_H 1
| #define HAVE_FLOAT_H 1
| #define HAVE_LIMITS_H 1
| #define HAVE_PWD_H 1
| #define HAVE_STDLIB_H 1
| #define HAVE_SYS_PARAM_H 1
| #define HAVE_PUTENV 1
| #define HAVE_GETCWD 1
| #define HAVE_GETWD 1
| #define HAVE_MEMCMP 1
| #define HAVE_MEMCPY 1
| #define HAVE_MKSTEMP 1
| #define HAVE_MKTEMP 1
| #define HAVE_STRCHR 1
| #define HAVE_STRRCHR 1
| #define HAVE_DECL_ISASCII 1
| #define HAVE_STRUCT_STAT_ST_MTIM 1
| #define HAVE_ADOBE_CODE 1
| #define HAVE_IOSTREAM 1
| #define HAVE_DIRENT_H 1
| #define HAVE_FCNTL_H 1
| #define HAVE_UNISTD_H 1
| #define HAVE_SYS_TIME_H 1
| #define HAVE_SYS_WAIT_H 1
| #define HAVE_NEW_HDR 1
| /* end confdefs.h.  */
| #include <stdio.h>
| #ifdef HAVE_SYS_TYPES_H
| # include <sys/types.h>
| #endif
| #ifdef HAVE_SYS_STAT_H
| # include <sys/stat.h>
| #endif
| #ifdef STDC_HEADERS
| # include <stdlib.h>
| # include <stddef.h>
| #else
| # ifdef HAVE_STDLIB_H
| #  include <stdlib.h>
| # endif
| #endif
| #ifdef HAVE_STRING_H
| # if !defined STDC_HEADERS && defined HAVE_MEMORY_H
| #  include <memory.h>
| # endif
| # include <string.h>
| #endif
| #ifdef HAVE_STRINGS_H
| # include <strings.h>
| #endif
| #ifdef HAVE_INTTYPES_H
| # include <inttypes.h>
| #endif
| #ifdef HAVE_STDINT_H
| # include <stdint.h>
| #endif
| #ifdef HAVE_UNISTD_H
| # include <unistd.h>
| #endif
| #include <new.h>
configure:18401: result: no
configure:18401: checking new.h presence
configure:18401: g++ -E  conftest.cpp
conftest.cpp:51:17: fatal error: new.h: No such file or directory
compilation terminated.
configure:18401: $? = 1
configure: failed program was:
| /* confdefs.h */
| #define PACKAGE_NAME "LCDF typetools (TeX Live)"
| #define PACKAGE_TARNAME "lcdf-typetools--tex-live-"
| #define PACKAGE_VERSION "2.106"
| #define PACKAGE_STRING "LCDF typetools (TeX Live) 2.106"
| #define PACKAGE_BUGREPORT "tex-k@tug.org"
| #define PACKAGE_URL ""
| #define STDC_HEADERS 1
| #define HAVE_SYS_TYPES_H 1
| #define HAVE_SYS_STAT_H 1
| #define HAVE_STDLIB_H 1
| #define HAVE_STRING_H 1
| #define HAVE_MEMORY_H 1
| #define HAVE_STRINGS_H 1
| #define HAVE_INTTYPES_H 1
| #define HAVE_STDINT_H 1
| #define HAVE_UNISTD_H 1
| #define HAVE_DLFCN_H 1
| #define PACKAGE "lcdf-typetools--tex-live-"
| #define VERSION "2.106"
| #define LT_OBJDIR ".libs/"
| #define HAVE_FSEEKO 1
| #define HAVE_DIRENT_H 1
| #define STDC_HEADERS 1
| #define HAVE_ASSERT_H 1
| #define HAVE_FLOAT_H 1
| #define HAVE_LIMITS_H 1
| #define HAVE_PWD_H 1
| #define HAVE_STDLIB_H 1
| #define HAVE_SYS_PARAM_H 1
| #define HAVE_PUTENV 1
| #define HAVE_GETCWD 1
| #define HAVE_GETWD 1
| #define HAVE_MEMCMP 1
| #define HAVE_MEMCPY 1
| #define HAVE_MKSTEMP 1
| #define HAVE_MKTEMP 1
| #define HAVE_STRCHR 1
| #define HAVE_STRRCHR 1
| #define HAVE_DECL_ISASCII 1
| #define HAVE_STRUCT_STAT_ST_MTIM 1
| #define HAVE_ADOBE_CODE 1
| #define HAVE_IOSTREAM 1
| #define HAVE_DIRENT_H 1
| #define HAVE_FCNTL_H 1
| #define HAVE_UNISTD_H 1
| #define HAVE_SYS_TIME_H 1
| #define HAVE_SYS_WAIT_H 1
| #define HAVE_NEW_HDR 1
| /* end confdefs.h.  */
| #include <new.h>
configure:18401: result: no
configure:18401: checking for new.h
configure:18401: result: no
configure:18417: checking whether byte ordering is bigendian
configure:18432: g++ -Wreturn-type -Wno-unknown-pragmas -Wno-write-strings -c -g -O2  conftest.cpp >&5
conftest.cpp:53:9: error: expected unqualified-id before 'not' token
         not a universal capable compiler
         ^
configure:18432: $? = 1
configure: failed program was:
| /* confdefs.h */
| #define PACKAGE_NAME "LCDF typetools (TeX Live)"
| #define PACKAGE_TARNAME "lcdf-typetools--tex-live-"
| #define PACKAGE_VERSION "2.106"
| #define PACKAGE_STRING "LCDF typetools (TeX Live) 2.106"
| #define PACKAGE_BUGREPORT "tex-k@tug.org"
| #define PACKAGE_URL ""
| #define STDC_HEADERS 1
| #define HAVE_SYS_TYPES_H 1
| #define HAVE_SYS_STAT_H 1
| #define HAVE_STDLIB_H 1
| #define HAVE_STRING_H 1
| #define HAVE_MEMORY_H 1
| #define HAVE_STRINGS_H 1
| #define HAVE_INTTYPES_H 1
| #define HAVE_STDINT_H 1
| #define HAVE_UNISTD_H 1
| #define HAVE_DLFCN_H 1
| #define PACKAGE "lcdf-typetools--tex-live-"
| #define VERSION "2.106"
| #define LT_OBJDIR ".libs/"
| #define HAVE_FSEEKO 1
| #define HAVE_DIRENT_H 1
| #define STDC_HEADERS 1
| #define HAVE_ASSERT_H 1
| #define HAVE_FLOAT_H 1
| #define HAVE_LIMITS_H 1
| #define HAVE_PWD_H 1
| #define HAVE_STDLIB_H 1
| #define HAVE_SYS_PARAM_H 1
| #define HAVE_PUTENV 1
| #define HAVE_GETCWD 1
| #define HAVE_GETWD 1
| #define HAVE_MEMCMP 1
| #define HAVE_MEMCPY 1
| #define HAVE_MKSTEMP 1
| #define HAVE_MKTEMP 1
| #define HAVE_STRCHR 1
| #define HAVE_STRRCHR 1
| #define HAVE_DECL_ISASCII 1
| #define HAVE_STRUCT_STAT_ST_MTIM 1
| #define HAVE_ADOBE_CODE 1
| #define HAVE_IOSTREAM 1
| #define HAVE_DIRENT_H 1
| #define HAVE_FCNTL_H 1
| #define HAVE_UNISTD_H 1
| #define HAVE_SYS_TIME_H 1
| #define HAVE_SYS_WAIT_H 1
| #define HAVE_NEW_HDR 1
| #define WORDS_BIGENDIAN_SET 1
| /* end confdefs.h.  */
| #ifndef __APPLE_CC__
| 	       not a universal capable compiler
| 	     #endif
| 	     typedef int dummy;
| 
configure:18477: g++ -Wreturn-type -Wno-unknown-pragmas -Wno-write-strings -c -g -O2  conftest.cpp >&5
configure:18477: $? = 0
configure:18495: g++ -Wreturn-type -Wno-unknown-pragmas -Wno-write-strings -c -g -O2  conftest.cpp >&5
conftest.cpp: In function 'int main()':
conftest.cpp:59:8: error: 'big' was not declared in this scope
    not big endian
        ^
configure:18495: $? = 1
configure: failed program was:
| /* confdefs.h */
| #define PACKAGE_NAME "LCDF typetools (TeX Live)"
| #define PACKAGE_TARNAME "lcdf-typetools--tex-live-"
| #define PACKAGE_VERSION "2.106"
| #define PACKAGE_STRING "LCDF typetools (TeX Live) 2.106"
| #define PACKAGE_BUGREPORT "tex-k@tug.org"
| #define PACKAGE_URL ""
| #define STDC_HEADERS 1
| #define HAVE_SYS_TYPES_H 1
| #define HAVE_SYS_STAT_H 1
| #define HAVE_STDLIB_H 1
| #define HAVE_STRING_H 1
| #define HAVE_MEMORY_H 1
| #define HAVE_STRINGS_H 1
| #define HAVE_INTTYPES_H 1
| #define HAVE_STDINT_H 1
| #define HAVE_UNISTD_H 1
| #define HAVE_DLFCN_H 1
| #define PACKAGE "lcdf-typetools--tex-live-"
| #define VERSION "2.106"
| #define LT_OBJDIR ".libs/"
| #define HAVE_FSEEKO 1
| #define HAVE_DIRENT_H 1
| #define STDC_HEADERS 1
| #define HAVE_ASSERT_H 1
| #define HAVE_FLOAT_H 1
| #define HAVE_LIMITS_H 1
| #define HAVE_PWD_H 1
| #define HAVE_STDLIB_H 1
| #define HAVE_SYS_PARAM_H 1
| #define HAVE_PUTENV 1
| #define HAVE_GETCWD 1
| #define HAVE_GETWD 1
| #define HAVE_MEMCMP 1
| #define HAVE_MEMCPY 1
| #define HAVE_MKSTEMP 1
| #define HAVE_MKTEMP 1
| #define HAVE_STRCHR 1
| #define HAVE_STRRCHR 1
| #define HAVE_DECL_ISASCII 1
| #define HAVE_STRUCT_STAT_ST_MTIM 1
| #define HAVE_ADOBE_CODE 1
| #define HAVE_IOSTREAM 1
| #define HAVE_DIRENT_H 1
| #define HAVE_FCNTL_H 1
| #define HAVE_UNISTD_H 1
| #define HAVE_SYS_TIME_H 1
| #define HAVE_SYS_WAIT_H 1
| #define HAVE_NEW_HDR 1
| #define WORDS_BIGENDIAN_SET 1
| /* end confdefs.h.  */
| #include <sys/types.h>
| 		#include <sys/param.h>
| 
| int
| main ()
| {
| #if BYTE_ORDER != BIG_ENDIAN
| 		 not big endian
| 		#endif
| 
|   ;
|   return 0;
| }
configure:18623: result: no
configure:18653: checking for strerror
configure:18653: gcc -Wimplicit -Wreturn-type -Wdeclaration-after-statement -Wno-unknown-pragmas -o conftest -g -O2   conftest.c  >&5
configure:18653: $? = 0
configure:18653: result: yes
configure:18665: checking for broken strtod
configure:18684: gcc -Wimplicit -Wreturn-type -Wdeclaration-after-statement -Wno-unknown-pragmas -o conftest -g -O2   conftest.c  >&5
configure:18684: $? = 0
configure:18684: ./conftest
configure:18684: $? = 1
configure: program exited with status 1
configure: failed program was:
| /* confdefs.h */
| #define PACKAGE_NAME "LCDF typetools (TeX Live)"
| #define PACKAGE_TARNAME "lcdf-typetools--tex-live-"
| #define PACKAGE_VERSION "2.106"
| #define PACKAGE_STRING "LCDF typetools (TeX Live) 2.106"
| #define PACKAGE_BUGREPORT "tex-k@tug.org"
| #define PACKAGE_URL ""
| #define STDC_HEADERS 1
| #define HAVE_SYS_TYPES_H 1
| #define HAVE_SYS_STAT_H 1
| #define HAVE_STDLIB_H 1
| #define HAVE_STRING_H 1
| #define HAVE_MEMORY_H 1
| #define HAVE_STRINGS_H 1
| #define HAVE_INTTYPES_H 1
| #define HAVE_STDINT_H 1
| #define HAVE_UNISTD_H 1
| #define HAVE_DLFCN_H 1
| #define PACKAGE "lcdf-typetools--tex-live-"
| #define VERSION "2.106"
| #define LT_OBJDIR ".libs/"
| #define HAVE_FSEEKO 1
| #define HAVE_DIRENT_H 1
| #define STDC_HEADERS 1
| #define HAVE_ASSERT_H 1
| #define HAVE_FLOAT_H 1
| #define HAVE_LIMITS_H 1
| #define HAVE_PWD_H 1
| #define HAVE_STDLIB_H 1
| #define HAVE_SYS_PARAM_H 1
| #define HAVE_PUTENV 1
| #define HAVE_GETCWD 1
| #define HAVE_GETWD 1
| #define HAVE_MEMCMP 1
| #define HAVE_MEMCPY 1
| #define HAVE_MKSTEMP 1
| #define HAVE_MKTEMP 1
| #define HAVE_STRCHR 1
| #define HAVE_STRRCHR 1
| #define HAVE_DECL_ISASCII 1
| #define HAVE_STRUCT_STAT_ST_MTIM 1
| #define HAVE_ADOBE_CODE 1
| #define HAVE_IOSTREAM 1
| #define HAVE_DIRENT_H 1
| #define HAVE_FCNTL_H 1
| #define HAVE_UNISTD_H 1
| #define HAVE_SYS_TIME_H 1
| #define HAVE_SYS_WAIT_H 1
| #define HAVE_NEW_HDR 1
| #define WORDS_BIGENDIAN_SET 1
| #define HAVE_STRERROR 1
| /* end confdefs.h.  */
| #include <stdio.h>
| #include <stdlib.h>
| int main(int c, char **v) {
|   char s[] = "12 ";
|   char *endp;
|   double d = strtod(s, &endp);
|   return (s + 2) == endp;
| }
configure:18694: result: no
configure:18709: checking whether strnlen is declared
configure:18709: g++ -Wreturn-type -Wno-unknown-pragmas -Wno-write-strings -c -g -O2  conftest.cpp >&5
configure:18709: $? = 0
configure:18709: result: yes
configure:18723: checking for strnlen
configure:18723: g++ -Wreturn-type -Wno-unknown-pragmas -Wno-write-strings -o conftest -g -O2   conftest.cpp  >&5
configure:18723: $? = 0
configure:18723: result: yes
configure:18735: checking for broken strnlen
configure:18752: g++ -Wreturn-type -Wno-unknown-pragmas -Wno-write-strings -o conftest -g -O2   conftest.cpp  >&5
configure:18752: $? = 0
configure:18752: ./conftest
configure:18752: $? = 1
configure: program exited with status 1
configure: failed program was:
| /* confdefs.h */
| #define PACKAGE_NAME "LCDF typetools (TeX Live)"
| #define PACKAGE_TARNAME "lcdf-typetools--tex-live-"
| #define PACKAGE_VERSION "2.106"
| #define PACKAGE_STRING "LCDF typetools (TeX Live) 2.106"
| #define PACKAGE_BUGREPORT "tex-k@tug.org"
| #define PACKAGE_URL ""
| #define STDC_HEADERS 1
| #define HAVE_SYS_TYPES_H 1
| #define HAVE_SYS_STAT_H 1
| #define HAVE_STDLIB_H 1
| #define HAVE_STRING_H 1
| #define HAVE_MEMORY_H 1
| #define HAVE_STRINGS_H 1
| #define HAVE_INTTYPES_H 1
| #define HAVE_STDINT_H 1
| #define HAVE_UNISTD_H 1
| #define HAVE_DLFCN_H 1
| #define PACKAGE "lcdf-typetools--tex-live-"
| #define VERSION "2.106"
| #define LT_OBJDIR ".libs/"
| #define HAVE_FSEEKO 1
| #define HAVE_DIRENT_H 1
| #define STDC_HEADERS 1
| #define HAVE_ASSERT_H 1
| #define HAVE_FLOAT_H 1
| #define HAVE_LIMITS_H 1
| #define HAVE_PWD_H 1
| #define HAVE_STDLIB_H 1
| #define HAVE_SYS_PARAM_H 1
| #define HAVE_PUTENV 1
| #define HAVE_GETCWD 1
| #define HAVE_GETWD 1
| #define HAVE_MEMCMP 1
| #define HAVE_MEMCPY 1
| #define HAVE_MKSTEMP 1
| #define HAVE_MKTEMP 1
| #define HAVE_STRCHR 1
| #define HAVE_STRRCHR 1
| #define HAVE_DECL_ISASCII 1
| #define HAVE_STRUCT_STAT_ST_MTIM 1
| #define HAVE_ADOBE_CODE 1
| #define HAVE_IOSTREAM 1
| #define HAVE_DIRENT_H 1
| #define HAVE_FCNTL_H 1
| #define HAVE_UNISTD_H 1
| #define HAVE_SYS_TIME_H 1
| #define HAVE_SYS_WAIT_H 1
| #define HAVE_NEW_HDR 1
| #define WORDS_BIGENDIAN_SET 1
| #define HAVE_STRERROR 1
| #define HAVE_DECL_STRNLEN 1
| #define HAVE_STRNLEN 1
| /* end confdefs.h.  */
| #include <string.h>
| #include <stdio.h>
| int main(int c, char **v) {
|   char s[] = "01234567891";
|   return strnlen(s, 10) == 10;
| }
configure:18762: result: no
configure:18781: checking for ctime
configure:18781: gcc -Wimplicit -Wreturn-type -Wdeclaration-after-statement -Wno-unknown-pragmas -o conftest -g -O2   conftest.c  >&5
configure:18781: $? = 0
configure:18781: result: yes
configure:18781: checking for ftruncate
configure:18781: gcc -Wimplicit -Wreturn-type -Wdeclaration-after-statement -Wno-unknown-pragmas -o conftest -g -O2   conftest.c  >&5
configure:18781: $? = 0
configure:18781: result: yes
configure:18781: checking for mkstemp
configure:18781: result: yes
configure:18781: checking for sigaction
configure:18781: gcc -Wimplicit -Wreturn-type -Wdeclaration-after-statement -Wno-unknown-pragmas -o conftest -g -O2   conftest.c  >&5
configure:18781: $? = 0
configure:18781: result: yes
configure:18781: checking for strdup
configure:18781: gcc -Wimplicit -Wreturn-type -Wdeclaration-after-statement -Wno-unknown-pragmas -o conftest -g -O2   conftest.c  >&5
conftest.c:82:6: warning: conflicting types for built-in function 'strdup'
 char strdup ();
      ^
configure:18781: $? = 0
configure:18781: result: yes
configure:18781: checking for strtoul
configure:18781: gcc -Wimplicit -Wreturn-type -Wdeclaration-after-statement -Wno-unknown-pragmas -o conftest -g -O2   conftest.c  >&5
configure:18781: $? = 0
configure:18781: result: yes
configure:18781: checking for vsnprintf
configure:18781: gcc -Wimplicit -Wreturn-type -Wdeclaration-after-statement -Wno-unknown-pragmas -o conftest -g -O2   conftest.c  >&5
conftest.c:84:6: warning: conflicting types for built-in function 'vsnprintf'
 char vsnprintf ();
      ^
configure:18781: $? = 0
configure:18781: result: yes
configure:18781: checking for waitpid
configure:18781: gcc -Wimplicit -Wreturn-type -Wdeclaration-after-statement -Wno-unknown-pragmas -o conftest -g -O2   conftest.c  >&5
configure:18781: $? = 0
configure:18781: result: yes
configure:18790: checking for floor
configure:18790: gcc -Wimplicit -Wreturn-type -Wdeclaration-after-statement -Wno-unknown-pragmas -o conftest -g -O2   conftest.c  >&5
conftest.c:86:6: warning: conflicting types for built-in function 'floor'
 char floor ();
      ^
/tmp/cciIbRxb.o: In function `main':
/home/maqiyuan/Desktop/texlive-upstream/texk/lcdf-typetools/conftest.c:97: undefined reference to `floor'
collect2: error: ld returned 1 exit status
configure:18790: $? = 1
configure: failed program was:
| /* confdefs.h */
| #define PACKAGE_NAME "LCDF typetools (TeX Live)"
| #define PACKAGE_TARNAME "lcdf-typetools--tex-live-"
| #define PACKAGE_VERSION "2.106"
| #define PACKAGE_STRING "LCDF typetools (TeX Live) 2.106"
| #define PACKAGE_BUGREPORT "tex-k@tug.org"
| #define PACKAGE_URL ""
| #define STDC_HEADERS 1
| #define HAVE_SYS_TYPES_H 1
| #define HAVE_SYS_STAT_H 1
| #define HAVE_STDLIB_H 1
| #define HAVE_STRING_H 1
| #define HAVE_MEMORY_H 1
| #define HAVE_STRINGS_H 1
| #define HAVE_INTTYPES_H 1
| #define HAVE_STDINT_H 1
| #define HAVE_UNISTD_H 1
| #define HAVE_DLFCN_H 1
| #define PACKAGE "lcdf-typetools--tex-live-"
| #define VERSION "2.106"
| #define LT_OBJDIR ".libs/"
| #define HAVE_FSEEKO 1
| #define HAVE_DIRENT_H 1
| #define STDC_HEADERS 1
| #define HAVE_ASSERT_H 1
| #define HAVE_FLOAT_H 1
| #define HAVE_LIMITS_H 1
| #define HAVE_PWD_H 1
| #define HAVE_STDLIB_H 1
| #define HAVE_SYS_PARAM_H 1
| #define HAVE_PUTENV 1
| #define HAVE_GETCWD 1
| #define HAVE_GETWD 1
| #define HAVE_MEMCMP 1
| #define HAVE_MEMCPY 1
| #define HAVE_MKSTEMP 1
| #define HAVE_MKTEMP 1
| #define HAVE_STRCHR 1
| #define HAVE_STRRCHR 1
| #define HAVE_DECL_ISASCII 1
| #define HAVE_STRUCT_STAT_ST_MTIM 1
| #define HAVE_ADOBE_CODE 1
| #define HAVE_IOSTREAM 1
| #define HAVE_DIRENT_H 1
| #define HAVE_FCNTL_H 1
| #define HAVE_UNISTD_H 1
| #define HAVE_SYS_TIME_H 1
| #define HAVE_SYS_WAIT_H 1
| #define HAVE_NEW_HDR 1
| #define WORDS_BIGENDIAN_SET 1
| #define HAVE_STRERROR 1
| #define HAVE_DECL_STRNLEN 1
| #define HAVE_STRNLEN 1
| #define HAVE_CTIME 1
| #define HAVE_FTRUNCATE 1
| #define HAVE_MKSTEMP 1
| #define HAVE_SIGACTION 1
| #define HAVE_STRDUP 1
| #define HAVE_STRTOUL 1
| #define HAVE_VSNPRINTF 1
| #define HAVE_WAITPID 1
| /* end confdefs.h.  */
| /* Define floor to an innocuous variant, in case <limits.h> declares floor.
|    For example, HP-UX 11i <limits.h> declares gettimeofday.  */
| #define floor innocuous_floor
| 
| /* System header to define __stub macros and hopefully few prototypes,
|     which can conflict with char floor (); below.
|     Prefer <limits.h> to <assert.h> if __STDC__ is defined, since
|     <limits.h> exists even on freestanding compilers.  */
| 
| #ifdef __STDC__
| # include <limits.h>
| #else
| # include <assert.h>
| #endif
| 
| #undef floor
| 
| /* Override any GCC internal prototype to avoid an error.
|    Use char because int might match the return type of a GCC
|    builtin and then its argument prototype would still apply.  */
| #ifdef __cplusplus
| extern "C"
| #endif
| char floor ();
| /* The GNU C library defines this for functions which it implements
|     to always fail with ENOSYS.  Some functions are actually named
|     something starting with __ and the normal name is an alias.  */
| #if defined __stub_floor || defined __stub___floor
| choke me
| #endif
| 
| int
| main ()
| {
| return floor ();
|   ;
|   return 0;
| }
configure:18790: result: no
configure:18794: checking for floor in -lm
configure:18819: gcc -Wimplicit -Wreturn-type -Wdeclaration-after-statement -Wno-unknown-pragmas -o conftest -g -O2   conftest.c -lm   >&5
conftest.c:70:6: warning: conflicting types for built-in function 'floor'
 char floor ();
      ^
configure:18819: $? = 0
configure:18828: result: yes
configure:18841: checking for fabs
configure:18841: gcc -Wimplicit -Wreturn-type -Wdeclaration-after-statement -Wno-unknown-pragmas -o conftest -g -O2   conftest.c -lm  >&5
conftest.c:87:6: warning: conflicting types for built-in function 'fabs'
 char fabs ();
      ^
configure:18841: $? = 0
configure:18841: result: yes
configure:18905: checking for inttypes.h
configure:18905: result: yes
configure:18919: checking for sys/types.h
configure:18919: result: yes
configure:19004: checking for uintptr_t
configure:19004: gcc -Wimplicit -Wreturn-type -Wdeclaration-after-statement -Wno-unknown-pragmas -c -g -O2  conftest.c >&5
configure:19004: $? = 0
configure:19004: gcc -Wimplicit -Wreturn-type -Wdeclaration-after-statement -Wno-unknown-pragmas -c -g -O2  conftest.c >&5
conftest.c: In function 'main':
conftest.c:77:24: error: expected expression before ')' token
 if (sizeof ((uintptr_t)))
                        ^
configure:19004: $? = 1
configure: failed program was:
| /* confdefs.h */
| #define PACKAGE_NAME "LCDF typetools (TeX Live)"
| #define PACKAGE_TARNAME "lcdf-typetools--tex-live-"
| #define PACKAGE_VERSION "2.106"
| #define PACKAGE_STRING "LCDF typetools (TeX Live) 2.106"
| #define PACKAGE_BUGREPORT "tex-k@tug.org"
| #define PACKAGE_URL ""
| #define STDC_HEADERS 1
| #define HAVE_SYS_TYPES_H 1
| #define HAVE_SYS_STAT_H 1
| #define HAVE_STDLIB_H 1
| #define HAVE_STRING_H 1
| #define HAVE_MEMORY_H 1
| #define HAVE_STRINGS_H 1
| #define HAVE_INTTYPES_H 1
| #define HAVE_STDINT_H 1
| #define HAVE_UNISTD_H 1
| #define HAVE_DLFCN_H 1
| #define PACKAGE "lcdf-typetools--tex-live-"
| #define VERSION "2.106"
| #define LT_OBJDIR ".libs/"
| #define HAVE_FSEEKO 1
| #define HAVE_DIRENT_H 1
| #define STDC_HEADERS 1
| #define HAVE_ASSERT_H 1
| #define HAVE_FLOAT_H 1
| #define HAVE_LIMITS_H 1
| #define HAVE_PWD_H 1
| #define HAVE_STDLIB_H 1
| #define HAVE_SYS_PARAM_H 1
| #define HAVE_PUTENV 1
| #define HAVE_GETCWD 1
| #define HAVE_GETWD 1
| #define HAVE_MEMCMP 1
| #define HAVE_MEMCPY 1
| #define HAVE_MKSTEMP 1
| #define HAVE_MKTEMP 1
| #define HAVE_STRCHR 1
| #define HAVE_STRRCHR 1
| #define HAVE_DECL_ISASCII 1
| #define HAVE_STRUCT_STAT_ST_MTIM 1
| #define HAVE_ADOBE_CODE 1
| #define HAVE_IOSTREAM 1
| #define HAVE_DIRENT_H 1
| #define HAVE_FCNTL_H 1
| #define HAVE_UNISTD_H 1
| #define HAVE_SYS_TIME_H 1
| #define HAVE_SYS_WAIT_H 1
| #define HAVE_NEW_HDR 1
| #define WORDS_BIGENDIAN_SET 1
| #define HAVE_STRERROR 1
| #define HAVE_DECL_STRNLEN 1
| #define HAVE_STRNLEN 1
| #define HAVE_CTIME 1
| #define HAVE_FTRUNCATE 1
| #define HAVE_MKSTEMP 1
| #define HAVE_SIGACTION 1
| #define HAVE_STRDUP 1
| #define HAVE_STRTOUL 1
| #define HAVE_VSNPRINTF 1
| #define HAVE_WAITPID 1
| #define HAVE_LIBM 1
| #define HAVE_INTTYPES_H 1
| #define HAVE_SYS_TYPES_H 1
| /* end confdefs.h.  */
| #if HAVE_INTTYPES_H
| # include <inttypes.h>
| #endif
| #if HAVE_SYS_TYPES_H
| # include <sys/types.h>
| #endif
| 
| 
| int
| main ()
| {
| if (sizeof ((uintptr_t)))
| 	    return 0;
|   ;
|   return 0;
| }
configure:19004: result: yes
configure:19026: checking size of void *
configure:19031: gcc -Wimplicit -Wreturn-type -Wdeclaration-after-statement -Wno-unknown-pragmas -o conftest -g -O2   conftest.c -lm  >&5
configure:19031: $? = 0
configure:19031: ./conftest
configure:19031: $? = 0
configure:19045: result: 8
configure:19059: checking size of unsigned long
configure:19064: gcc -Wimplicit -Wreturn-type -Wdeclaration-after-statement -Wno-unknown-pragmas -o conftest -g -O2   conftest.c -lm  >&5
configure:19064: $? = 0
configure:19064: ./conftest
configure:19064: $? = 0
configure:19078: result: 8
configure:19092: checking size of unsigned int
configure:19097: gcc -Wimplicit -Wreturn-type -Wdeclaration-after-statement -Wno-unknown-pragmas -o conftest -g -O2   conftest.c -lm  >&5
configure:19097: $? = 0
configure:19097: ./conftest
configure:19097: $? = 0
configure:19111: result: 4
configure:19133: checking byteorder.h usability
configure:19133: g++ -Wreturn-type -Wno-unknown-pragmas -Wno-write-strings -c -g -O2  conftest.cpp >&5
conftest.cpp:103:23: fatal error: byteorder.h: No such file or directory
compilation terminated.
configure:19133: $? = 1
configure: failed program was:
| /* confdefs.h */
| #define PACKAGE_NAME "LCDF typetools (TeX Live)"
| #define PACKAGE_TARNAME "lcdf-typetools--tex-live-"
| #define PACKAGE_VERSION "2.106"
| #define PACKAGE_STRING "LCDF typetools (TeX Live) 2.106"
| #define PACKAGE_BUGREPORT "tex-k@tug.org"
| #define PACKAGE_URL ""
| #define STDC_HEADERS 1
| #define HAVE_SYS_TYPES_H 1
| #define HAVE_SYS_STAT_H 1
| #define HAVE_STDLIB_H 1
| #define HAVE_STRING_H 1
| #define HAVE_MEMORY_H 1
| #define HAVE_STRINGS_H 1
| #define HAVE_INTTYPES_H 1
| #define HAVE_STDINT_H 1
| #define HAVE_UNISTD_H 1
| #define HAVE_DLFCN_H 1
| #define PACKAGE "lcdf-typetools--tex-live-"
| #define VERSION "2.106"
| #define LT_OBJDIR ".libs/"
| #define HAVE_FSEEKO 1
| #define HAVE_DIRENT_H 1
| #define STDC_HEADERS 1
| #define HAVE_ASSERT_H 1
| #define HAVE_FLOAT_H 1
| #define HAVE_LIMITS_H 1
| #define HAVE_PWD_H 1
| #define HAVE_STDLIB_H 1
| #define HAVE_SYS_PARAM_H 1
| #define HAVE_PUTENV 1
| #define HAVE_GETCWD 1
| #define HAVE_GETWD 1
| #define HAVE_MEMCMP 1
| #define HAVE_MEMCPY 1
| #define HAVE_MKSTEMP 1
| #define HAVE_MKTEMP 1
| #define HAVE_STRCHR 1
| #define HAVE_STRRCHR 1
| #define HAVE_DECL_ISASCII 1
| #define HAVE_STRUCT_STAT_ST_MTIM 1
| #define HAVE_ADOBE_CODE 1
| #define HAVE_IOSTREAM 1
| #define HAVE_DIRENT_H 1
| #define HAVE_FCNTL_H 1
| #define HAVE_UNISTD_H 1
| #define HAVE_SYS_TIME_H 1
| #define HAVE_SYS_WAIT_H 1
| #define HAVE_NEW_HDR 1
| #define WORDS_BIGENDIAN_SET 1
| #define HAVE_STRERROR 1
| #define HAVE_DECL_STRNLEN 1
| #define HAVE_STRNLEN 1
| #define HAVE_CTIME 1
| #define HAVE_FTRUNCATE 1
| #define HAVE_MKSTEMP 1
| #define HAVE_SIGACTION 1
| #define HAVE_STRDUP 1
| #define HAVE_STRTOUL 1
| #define HAVE_VSNPRINTF 1
| #define HAVE_WAITPID 1
| #define HAVE_LIBM 1
| #define HAVE_INTTYPES_H 1
| #define HAVE_SYS_TYPES_H 1
| #define HAVE_UINTPTR_T 1
| #define SIZEOF_VOID_P 8
| #define SIZEOF_UNSIGNED_LONG 8
| #define SIZEOF_UNSIGNED_INT 4
| /* end confdefs.h.  */
| #include <stdio.h>
| #ifdef HAVE_SYS_TYPES_H
| # include <sys/types.h>
| #endif
| #ifdef HAVE_SYS_STAT_H
| # include <sys/stat.h>
| #endif
| #ifdef STDC_HEADERS
| # include <stdlib.h>
| # include <stddef.h>
| #else
| # ifdef HAVE_STDLIB_H
| #  include <stdlib.h>
| # endif
| #endif
| #ifdef HAVE_STRING_H
| # if !defined STDC_HEADERS && defined HAVE_MEMORY_H
| #  include <memory.h>
| # endif
| # include <string.h>
| #endif
| #ifdef HAVE_STRINGS_H
| # include <strings.h>
| #endif
| #ifdef HAVE_INTTYPES_H
| # include <inttypes.h>
| #endif
| #ifdef HAVE_STDINT_H
| # include <stdint.h>
| #endif
| #ifdef HAVE_UNISTD_H
| # include <unistd.h>
| #endif
| #include <byteorder.h>
configure:19133: result: no
configure:19133: checking byteorder.h presence
configure:19133: g++ -E  conftest.cpp
conftest.cpp:70:23: fatal error: byteorder.h: No such file or directory
compilation terminated.
configure:19133: $? = 1
configure: failed program was:
| /* confdefs.h */
| #define PACKAGE_NAME "LCDF typetools (TeX Live)"
| #define PACKAGE_TARNAME "lcdf-typetools--tex-live-"
| #define PACKAGE_VERSION "2.106"
| #define PACKAGE_STRING "LCDF typetools (TeX Live) 2.106"
| #define PACKAGE_BUGREPORT "tex-k@tug.org"
| #define PACKAGE_URL ""
| #define STDC_HEADERS 1
| #define HAVE_SYS_TYPES_H 1
| #define HAVE_SYS_STAT_H 1
| #define HAVE_STDLIB_H 1
| #define HAVE_STRING_H 1
| #define HAVE_MEMORY_H 1
| #define HAVE_STRINGS_H 1
| #define HAVE_INTTYPES_H 1
| #define HAVE_STDINT_H 1
| #define HAVE_UNISTD_H 1
| #define HAVE_DLFCN_H 1
| #define PACKAGE "lcdf-typetools--tex-live-"
| #define VERSION "2.106"
| #define LT_OBJDIR ".libs/"
| #define HAVE_FSEEKO 1
| #define HAVE_DIRENT_H 1
| #define STDC_HEADERS 1
| #define HAVE_ASSERT_H 1
| #define HAVE_FLOAT_H 1
| #define HAVE_LIMITS_H 1
| #define HAVE_PWD_H 1
| #define HAVE_STDLIB_H 1
| #define HAVE_SYS_PARAM_H 1
| #define HAVE_PUTENV 1
| #define HAVE_GETCWD 1
| #define HAVE_GETWD 1
| #define HAVE_MEMCMP 1
| #define HAVE_MEMCPY 1
| #define HAVE_MKSTEMP 1
| #define HAVE_MKTEMP 1
| #define HAVE_STRCHR 1
| #define HAVE_STRRCHR 1
| #define HAVE_DECL_ISASCII 1
| #define HAVE_STRUCT_STAT_ST_MTIM 1
| #define HAVE_ADOBE_CODE 1
| #define HAVE_IOSTREAM 1
| #define HAVE_DIRENT_H 1
| #define HAVE_FCNTL_H 1
| #define HAVE_UNISTD_H 1
| #define HAVE_SYS_TIME_H 1
| #define HAVE_SYS_WAIT_H 1
| #define HAVE_NEW_HDR 1
| #define WORDS_BIGENDIAN_SET 1
| #define HAVE_STRERROR 1
| #define HAVE_DECL_STRNLEN 1
| #define HAVE_STRNLEN 1
| #define HAVE_CTIME 1
| #define HAVE_FTRUNCATE 1
| #define HAVE_MKSTEMP 1
| #define HAVE_SIGACTION 1
| #define HAVE_STRDUP 1
| #define HAVE_STRTOUL 1
| #define HAVE_VSNPRINTF 1
| #define HAVE_WAITPID 1
| #define HAVE_LIBM 1
| #define HAVE_INTTYPES_H 1
| #define HAVE_SYS_TYPES_H 1
| #define HAVE_UINTPTR_T 1
| #define SIZEOF_VOID_P 8
| #define SIZEOF_UNSIGNED_LONG 8
| #define SIZEOF_UNSIGNED_INT 4
| /* end confdefs.h.  */
| #include <byteorder.h>
configure:19133: result: no
configure:19133: checking for byteorder.h
configure:19133: result: no
configure:19133: checking netinet/in.h usability
configure:19133: g++ -Wreturn-type -Wno-unknown-pragmas -Wno-write-strings -c -g -O2  conftest.cpp >&5
configure:19133: $? = 0
configure:19133: result: yes
configure:19133: checking netinet/in.h presence
configure:19133: g++ -E  conftest.cpp
configure:19133: $? = 0
configure:19133: result: yes
configure:19133: checking for netinet/in.h
configure:19133: result: yes
configure:19133: checking for sys/param.h
configure:19133: result: yes
configure:19143: checking whether ntohs and ntohl are defined
configure:19173: g++ -Wreturn-type -Wno-unknown-pragmas -Wno-write-strings -c -g -O2  conftest.cpp >&5
configure:19173: $? = 0
configure:19174: result: yes
configure:19252: checking for library containing ntohs
configure:19283: gcc -Wimplicit -Wreturn-type -Wdeclaration-after-statement -Wno-unknown-pragmas -o conftest -g -O2   conftest.c -lm  >&5
configure:19283: $? = 0
configure:19300: result: none required
configure:19309: checking for native WIN32 or MINGW32
configure:19327: gcc -Wimplicit -Wreturn-type -Wdeclaration-after-statement -Wno-unknown-pragmas -c -g -O2  conftest.c >&5
conftest.c:73:3: error: unknown type name 'choke'
   choke me
   ^
conftest.c:75:1: error: expected '=', ',', ';', 'asm' or '__attribute__' before 'int'
 int
 ^
configure:19327: $? = 1
configure: failed program was:
| /* confdefs.h */
| #define PACKAGE_NAME "LCDF typetools (TeX Live)"
| #define PACKAGE_TARNAME "lcdf-typetools--tex-live-"
| #define PACKAGE_VERSION "2.106"
| #define PACKAGE_STRING "LCDF typetools (TeX Live) 2.106"
| #define PACKAGE_BUGREPORT "tex-k@tug.org"
| #define PACKAGE_URL ""
| #define STDC_HEADERS 1
| #define HAVE_SYS_TYPES_H 1
| #define HAVE_SYS_STAT_H 1
| #define HAVE_STDLIB_H 1
| #define HAVE_STRING_H 1
| #define HAVE_MEMORY_H 1
| #define HAVE_STRINGS_H 1
| #define HAVE_INTTYPES_H 1
| #define HAVE_STDINT_H 1
| #define HAVE_UNISTD_H 1
| #define HAVE_DLFCN_H 1
| #define PACKAGE "lcdf-typetools--tex-live-"
| #define VERSION "2.106"
| #define LT_OBJDIR ".libs/"
| #define HAVE_FSEEKO 1
| #define HAVE_DIRENT_H 1
| #define STDC_HEADERS 1
| #define HAVE_ASSERT_H 1
| #define HAVE_FLOAT_H 1
| #define HAVE_LIMITS_H 1
| #define HAVE_PWD_H 1
| #define HAVE_STDLIB_H 1
| #define HAVE_SYS_PARAM_H 1
| #define HAVE_PUTENV 1
| #define HAVE_GETCWD 1
| #define HAVE_GETWD 1
| #define HAVE_MEMCMP 1
| #define HAVE_MEMCPY 1
| #define HAVE_MKSTEMP 1
| #define HAVE_MKTEMP 1
| #define HAVE_STRCHR 1
| #define HAVE_STRRCHR 1
| #define HAVE_DECL_ISASCII 1
| #define HAVE_STRUCT_STAT_ST_MTIM 1
| #define HAVE_ADOBE_CODE 1
| #define HAVE_IOSTREAM 1
| #define HAVE_DIRENT_H 1
| #define HAVE_FCNTL_H 1
| #define HAVE_UNISTD_H 1
| #define HAVE_SYS_TIME_H 1
| #define HAVE_SYS_WAIT_H 1
| #define HAVE_NEW_HDR 1
| #define WORDS_BIGENDIAN_SET 1
| #define HAVE_STRERROR 1
| #define HAVE_DECL_STRNLEN 1
| #define HAVE_STRNLEN 1
| #define HAVE_CTIME 1
| #define HAVE_FTRUNCATE 1
| #define HAVE_MKSTEMP 1
| #define HAVE_SIGACTION 1
| #define HAVE_STRDUP 1
| #define HAVE_STRTOUL 1
| #define HAVE_VSNPRINTF 1
| #define HAVE_WAITPID 1
| #define HAVE_LIBM 1
| #define HAVE_INTTYPES_H 1
| #define HAVE_SYS_TYPES_H 1
| #define HAVE_UINTPTR_T 1
| #define SIZEOF_VOID_P 8
| #define SIZEOF_UNSIGNED_LONG 8
| #define SIZEOF_UNSIGNED_INT 4
| #define HAVE_NETINET_IN_H 1
| #define HAVE_SYS_PARAM_H 1
| /* end confdefs.h.  */
| #ifndef WIN32
|   choke me
| #endif
| int
| main ()
| {
| 
|   ;
|   return 0;
| }
configure:19352: result: no
configure:19366: checking for addressable va_list type
configure:19393: g++ -Wreturn-type -Wno-unknown-pragmas -Wno-write-strings -c -g -O2  conftest.cpp >&5
conftest.cpp: In function 'void g(__va_list_tag*)':
conftest.cpp:76:11: error: cannot convert '__va_list_tag**' to '__va_list_tag (*)[1]' for argument '1' to 'void f(__va_list_tag (*)[1])'
     f(&val);
           ^
configure:19393: $? = 1
configure: failed program was:
| /* confdefs.h */
| #define PACKAGE_NAME "LCDF typetools (TeX Live)"
| #define PACKAGE_TARNAME "lcdf-typetools--tex-live-"
| #define PACKAGE_VERSION "2.106"
| #define PACKAGE_STRING "LCDF typetools (TeX Live) 2.106"
| #define PACKAGE_BUGREPORT "tex-k@tug.org"
| #define PACKAGE_URL ""
| #define STDC_HEADERS 1
| #define HAVE_SYS_TYPES_H 1
| #define HAVE_SYS_STAT_H 1
| #define HAVE_STDLIB_H 1
| #define HAVE_STRING_H 1
| #define HAVE_MEMORY_H 1
| #define HAVE_STRINGS_H 1
| #define HAVE_INTTYPES_H 1
| #define HAVE_STDINT_H 1
| #define HAVE_UNISTD_H 1
| #define HAVE_DLFCN_H 1
| #define PACKAGE "lcdf-typetools--tex-live-"
| #define VERSION "2.106"
| #define LT_OBJDIR ".libs/"
| #define HAVE_FSEEKO 1
| #define HAVE_DIRENT_H 1
| #define STDC_HEADERS 1
| #define HAVE_ASSERT_H 1
| #define HAVE_FLOAT_H 1
| #define HAVE_LIMITS_H 1
| #define HAVE_PWD_H 1
| #define HAVE_STDLIB_H 1
| #define HAVE_SYS_PARAM_H 1
| #define HAVE_PUTENV 1
| #define HAVE_GETCWD 1
| #define HAVE_GETWD 1
| #define HAVE_MEMCMP 1
| #define HAVE_MEMCPY 1
| #define HAVE_MKSTEMP 1
| #define HAVE_MKTEMP 1
| #define HAVE_STRCHR 1
| #define HAVE_STRRCHR 1
| #define HAVE_DECL_ISASCII 1
| #define HAVE_STRUCT_STAT_ST_MTIM 1
| #define HAVE_ADOBE_CODE 1
| #define HAVE_IOSTREAM 1
| #define HAVE_DIRENT_H 1
| #define HAVE_FCNTL_H 1
| #define HAVE_UNISTD_H 1
| #define HAVE_SYS_TIME_H 1
| #define HAVE_SYS_WAIT_H 1
| #define HAVE_NEW_HDR 1
| #define WORDS_BIGENDIAN_SET 1
| #define HAVE_STRERROR 1
| #define HAVE_DECL_STRNLEN 1
| #define HAVE_STRNLEN 1
| #define HAVE_CTIME 1
| #define HAVE_FTRUNCATE 1
| #define HAVE_MKSTEMP 1
| #define HAVE_SIGACTION 1
| #define HAVE_STRDUP 1
| #define HAVE_STRTOUL 1
| #define HAVE_VSNPRINTF 1
| #define HAVE_WAITPID 1
| #define HAVE_LIBM 1
| #define HAVE_INTTYPES_H 1
| #define HAVE_SYS_TYPES_H 1
| #define HAVE_UINTPTR_T 1
| #define SIZEOF_VOID_P 8
| #define SIZEOF_UNSIGNED_LONG 8
| #define SIZEOF_UNSIGNED_INT 4
| #define HAVE_NETINET_IN_H 1
| #define HAVE_SYS_PARAM_H 1
| /* end confdefs.h.  */
| #include <stdarg.h>
| void f(va_list *) {
| }
| void g(va_list val) {
|     f(&val);
| }
| void h(int a, ...) {
|     va_list val;
|     va_start(val, a);
|     g(val);
|     va_end(val);
| }
| int
| main ()
| {
| h(2, 3, 4);
|   ;
|   return 0;
| }
configure:19400: result: no
configure:19541: creating ./config.lt

## ------------------ ##
## Running config.lt. ##
## ------------------ ##
config.lt:684: creating libtool
configure:21147: checking for pkg-config
configure:21163: found /usr/bin/pkg-config
configure:21174: result: pkg-config
configure:21220: checking if libkpathsea supports debugging
configure:21239: ./libtool --mode=link --tag=CXX g++ -Wreturn-type -Wno-unknown-pragmas -Wno-write-strings -o conftest -g -O2 -I/home/maqiyuan/Desktop/texlive-upstream/texk -I/home/maqiyuan/Desktop/texlive-upstream/texk   conftest.cpp /home/maqiyuan/Desktop/texlive-upstream/texk/kpathsea/libkpathsea.la -lm  >&5
libtool: link: g++ -Wreturn-type -Wno-unknown-pragmas -Wno-write-strings -o conftest -g -O2 -I/home/maqiyuan/Desktop/texlive-upstream/texk -I/home/maqiyuan/Desktop/texlive-upstream/texk conftest.cpp  /home/maqiyuan/Desktop/texlive-upstream/texk/kpathsea/.libs/libkpathsea.a -lm
configure:21239: $? = 0
configure:21250: result: yes
configure:21264: checking for kpathsea headers and library
configure:21277: ./libtool --mode=link --tag=CXX g++ -Wreturn-type -Wno-unknown-pragmas -Wno-write-strings -o conftest -g -O2 -I/home/maqiyuan/Desktop/texlive-upstream/texk -I/home/maqiyuan/Desktop/texlive-upstream/texk   conftest.cpp /home/maqiyuan/Desktop/texlive-upstream/texk/kpathsea/libkpathsea.la -lm  >&5
libtool: link: g++ -Wreturn-type -Wno-unknown-pragmas -Wno-write-strings -o conftest -g -O2 -I/home/maqiyuan/Desktop/texlive-upstream/texk -I/home/maqiyuan/Desktop/texlive-upstream/texk conftest.cpp  /home/maqiyuan/Desktop/texlive-upstream/texk/kpathsea/.libs/libkpathsea.a -lm
configure:21277: $? = 0
configure:21278: result: yes
configure:21280: checking whether kpse_opentype_format is declared
configure:21280: g++ -Wreturn-type -Wno-unknown-pragmas -Wno-write-strings -c -g -O2 -I/home/maqiyuan/Desktop/texlive-upstream/texk -I/home/maqiyuan/Desktop/texlive-upstream/texk  conftest.cpp >&5
configure:21280: $? = 0
configure:21280: result: yes
configure:21292: checking whether kpse_enc_format is declared
configure:21292: g++ -Wreturn-type -Wno-unknown-pragmas -Wno-write-strings -c -g -O2 -I/home/maqiyuan/Desktop/texlive-upstream/texk -I/home/maqiyuan/Desktop/texlive-upstream/texk  conftest.cpp >&5
configure:21292: $? = 0
configure:21292: result: yes
configure:21572: checking that generated files are newer than configure
configure:21578: result: done
configure:21622: creating ./config.status

## ---------------------- ##
## Running config.status. ##
## ---------------------- ##

This file was extended by LCDF typetools (TeX Live) config.status 2.106, which was
generated by GNU Autoconf 2.69.  Invocation command line was

  CONFIG_FILES    = 
  CONFIG_HEADERS  = 
  CONFIG_LINKS    = 
  CONFIG_COMMANDS = 
  $ ./config.status 

on maqiyuan-E430c

config.status:1255: creating Makefile
config.status:1255: creating lcdf-typetools-src/Makefile
config.status:1255: creating lcdf-typetools-src/liblcdf/Makefile
config.status:1255: creating lcdf-typetools-src/libefont/Makefile
config.status:1255: creating lcdf-typetools-src/cfftot1/Makefile
config.status:1255: creating lcdf-typetools-src/mmafm/Makefile
config.status:1255: creating lcdf-typetools-src/mmpfb/Makefile
config.status:1255: creating lcdf-typetools-src/otfinfo/Makefile
config.status:1255: creating lcdf-typetools-src/otftotfm/Makefile
config.status:1255: creating lcdf-typetools-src/t1dotlessj/Makefile
config.status:1255: creating lcdf-typetools-src/t1lint/Makefile
config.status:1255: creating lcdf-typetools-src/t1rawafm/Makefile
config.status:1255: creating lcdf-typetools-src/t1reencode/Makefile
config.status:1255: creating lcdf-typetools-src/t1testpage/Makefile
config.status:1255: creating lcdf-typetools-src/ttftotype42/Makefile
config.status:1255: creating autoconf.h
config.status:1484: executing depfiles commands
config.status:1484: executing libtool commands
config.status:1484: executing CXXLD.sh commands

## ---------------- ##
## Cache variables. ##
## ---------------- ##

ac_cv_broken_strnlen=no
ac_cv_broken_strtod=no
ac_cv_build=x86_64-pc-linux-gnu
ac_cv_c_bigendian=no
ac_cv_c_compiler_gnu=yes
ac_cv_c_const=yes
ac_cv_c_inline=inline
ac_cv_c_int64_t=yes
ac_cv_c_uint64_t=yes
ac_cv_cxx_compiler_gnu=yes
ac_cv_cxx_templobjs=nowhere
ac_cv_env_CCC_set=
ac_cv_env_CCC_value=
ac_cv_env_CC_set=
ac_cv_env_CC_value=
ac_cv_env_CFLAGS_set=
ac_cv_env_CFLAGS_value=
ac_cv_env_CPPFLAGS_set=
ac_cv_env_CPPFLAGS_value=
ac_cv_env_CPP_set=
ac_cv_env_CPP_value=
ac_cv_env_CXXCPP_set=
ac_cv_env_CXXCPP_value=
ac_cv_env_CXXFLAGS_set=
ac_cv_env_CXXFLAGS_value=
ac_cv_env_CXX_set=
ac_cv_env_CXX_value=
ac_cv_env_LDFLAGS_set=
ac_cv_env_LDFLAGS_value=
ac_cv_env_LIBS_set=
ac_cv_env_LIBS_value=
ac_cv_env_LT_SYS_LIBRARY_PATH_set=
ac_cv_env_LT_SYS_LIBRARY_PATH_value=
ac_cv_env_build_alias_set=
ac_cv_env_build_alias_value=
ac_cv_env_host_alias_set=
ac_cv_env_host_alias_value=
ac_cv_env_target_alias_set=
ac_cv_env_target_alias_value=
ac_cv_func_closedir_void=no
ac_cv_func_ctime=yes
ac_cv_func_fabs=yes
ac_cv_func_floor=no
ac_cv_func_ftruncate=yes
ac_cv_func_getcwd=yes
ac_cv_func_getwd=yes
ac_cv_func_memcmp=yes
ac_cv_func_memcpy=yes
ac_cv_func_mkstemp=yes
ac_cv_func_mktemp=yes
ac_cv_func_putenv=yes
ac_cv_func_sigaction=yes
ac_cv_func_strchr=yes
ac_cv_func_strdup=yes
ac_cv_func_strerror=yes
ac_cv_func_strnlen=yes
ac_cv_func_strrchr=yes
ac_cv_func_strtoul=yes
ac_cv_func_vsnprintf=yes
ac_cv_func_waitpid=yes
ac_cv_good_new_hdr=yes
ac_cv_have_decl_isascii=yes
ac_cv_have_decl_kpse_enc_format=yes
ac_cv_have_decl_kpse_opentype_format=yes
ac_cv_have_decl_strnlen=yes
ac_cv_header_assert_h=yes
ac_cv_header_byteorder_h=no
ac_cv_header_dirent_dirent_h=yes
ac_cv_header_dlfcn_h=yes
ac_cv_header_fcntl_h=yes
ac_cv_header_float_h=yes
ac_cv_header_inttypes_h=yes
ac_cv_header_iostream=yes
ac_cv_header_limits_h=yes
ac_cv_header_memory_h=yes
ac_cv_header_netinet_in_h=yes
ac_cv_header_new_h=no
ac_cv_header_pwd_h=yes
ac_cv_header_stdc=yes
ac_cv_header_stdint_h=yes
ac_cv_header_stdlib_h=yes
ac_cv_header_string_h=yes
ac_cv_header_strings_h=yes
ac_cv_header_sys_param_h=yes
ac_cv_header_sys_stat_h=yes
ac_cv_header_sys_time_h=yes
ac_cv_header_sys_types_h=yes
ac_cv_header_sys_wait_h=yes
ac_cv_header_unistd_h=yes
ac_cv_host=x86_64-pc-linux-gnu
ac_cv_lib_m_floor=yes
ac_cv_member_struct_stat_st_mtim=yes
ac_cv_objext=o
ac_cv_path_EGREP='/bin/grep -E'
ac_cv_path_FGREP='/bin/grep -F'
ac_cv_path_GREP=/bin/grep
ac_cv_path_SED=/bin/sed
ac_cv_path_install='/usr/bin/install -c'
ac_cv_path_lt_DD=/bin/dd
ac_cv_path_mkdir=/bin/mkdir
ac_cv_prog_AWK=gawk
ac_cv_prog_CPP='gcc -E'
ac_cv_prog_CXXCPP='g++ -E'
ac_cv_prog_ac_ct_AR=ar
ac_cv_prog_ac_ct_CC=gcc
ac_cv_prog_ac_ct_CXX=g++
ac_cv_prog_ac_ct_MANIFEST_TOOL=mt
ac_cv_prog_ac_ct_OBJDUMP=objdump
ac_cv_prog_ac_ct_PKG_CONFIG=pkg-config
ac_cv_prog_ac_ct_RANLIB=ranlib
ac_cv_prog_ac_ct_STRIP=strip
ac_cv_prog_cc_c89=
ac_cv_prog_cc_g=yes
ac_cv_prog_cxx_g=yes
ac_cv_prog_make_make_set=yes
ac_cv_search_ntohs='none required'
ac_cv_search_opendir='none required'
ac_cv_sizeof_unsigned_int=4
ac_cv_sizeof_unsigned_long=8
ac_cv_sizeof_void_p=8
ac_cv_sys_file_offset_bits=no
ac_cv_sys_largefile_CC=no
ac_cv_sys_largefile_source=no
ac_cv_type_size_t=yes
ac_cv_type_uintptr_t=yes
ac_cv_va_list_addr=no
am_cv_CC_dependencies_compiler_type=gcc3
am_cv_CXX_dependencies_compiler_type=gcc3
am_cv_make_support_nested_variables=yes
am_cv_prog_cc_c_o=yes
kb_cv_c_prototypes=yes
kpse_cv_cxx_flags='-nodefaultlibs -Wl,-Bstatic -lstdc++ -Wl,-Bdynamic -lm -lgcc_eh -lgcc -lc -lgcc_eh -lgcc'
kpse_cv_cxx_hack=ok
kpse_cv_have_win32=no
kpse_cv_kpse_debug=yes
kpse_cv_warning_cflags='-Wimplicit -Wreturn-type -Wdeclaration-after-statement -Wno-unknown-pragmas'
kpse_cv_warning_cxxflags='-Wreturn-type -Wno-unknown-pragmas -Wno-write-strings'
lt_cv_ar_at_file=@
lt_cv_deplibs_check_method=pass_all
lt_cv_file_magic_cmd='$MAGIC_CMD'
lt_cv_file_magic_test_file=
lt_cv_ld_reload_flag=-r
lt_cv_nm_interface='BSD nm'
lt_cv_objdir=.libs
lt_cv_path_LD=/usr/bin/ld
lt_cv_path_LDCXX='/usr/bin/ld -m elf_x86_64'
lt_cv_path_NM='/usr/bin/nm -B'
lt_cv_path_mainfest_tool=no
lt_cv_prog_compiler_c_o=yes
lt_cv_prog_compiler_c_o_CXX=yes
lt_cv_prog_compiler_pic='-fPIC -DPIC'
lt_cv_prog_compiler_pic_CXX='-fPIC -DPIC'
lt_cv_prog_compiler_pic_works=yes
lt_cv_prog_compiler_pic_works_CXX=yes
lt_cv_prog_compiler_rtti_exceptions=no
lt_cv_prog_compiler_static_works=yes
lt_cv_prog_compiler_static_works_CXX=yes
lt_cv_prog_gnu_ld=yes
lt_cv_prog_gnu_ldcxx=yes
lt_cv_sharedlib_from_linklib_cmd='printf %s\n'
lt_cv_shlibpath_overrides_runpath=no
lt_cv_sys_global_symbol_pipe='sed -n -e '\''s/^.*[	 ]\([ABCDGIRSTW][ABCDGIRSTW]*\)[	 ][	 ]*\([_A-Za-z][_A-Za-z0-9]*\)$/\1 \2 \2/p'\'' | sed '\''/ __gnu_lto/d'\'''
lt_cv_sys_global_symbol_to_c_name_address='sed -n -e '\''s/^: \(.*\) .*$/  {"\1", (void *) 0},/p'\'' -e '\''s/^[ABCDGIRSTW][ABCDGIRSTW]* .* \(.*\)$/  {"\1", (void *) \&\1},/p'\'''
lt_cv_sys_global_symbol_to_c_name_address_lib_prefix='sed -n -e '\''s/^: \(.*\) .*$/  {"\1", (void *) 0},/p'\'' -e '\''s/^[ABCDGIRSTW][ABCDGIRSTW]* .* \(lib.*\)$/  {"\1", (void *) \&\1},/p'\'' -e '\''s/^[ABCDGIRSTW][ABCDGIRSTW]* .* \(.*\)$/  {"lib\1", (void *) \&\1},/p'\'''
lt_cv_sys_global_symbol_to_cdecl='sed -n -e '\''s/^T .* \(.*\)$/extern int \1();/p'\'' -e '\''s/^[ABCDGIRSTW][ABCDGIRSTW]* .* \(.*\)$/extern char \1;/p'\'''
lt_cv_sys_global_symbol_to_import=
lt_cv_sys_max_cmd_len=1572864
lt_cv_to_host_file_cmd=func_convert_file_noop
lt_cv_to_tool_file_cmd=func_convert_file_noop
lt_cv_truncate_bin='/bin/dd bs=4096 count=1'

## ----------------- ##
## Output variables. ##
## ----------------- ##

	cd ${top_builddir}/../kpathsea && $(MAKE) $(AM_MAKEFLAGS) rebuild
	cd ${top_builddir}/../kpathsea && $(MAKE) $(AM_MAKEFLAGS) rebuild'
$(KPATHSEA_DEPEND): ${top_srcdir}/../kpathsea/*.[ch] ${top_builddir}/../kpathsea/paths.h
${top_builddir}/../kpathsea/paths.h:
ACLOCAL='${SHELL} /home/maqiyuan/Desktop/texlive-upstream/build-aux/missing aclocal-1.15'
AMDEPBACKSLASH='\'
AMDEP_FALSE='#'
AMDEP_TRUE=''
AMTAR='$${TAR-tar}'
AM_BACKSLASH='\'
AM_DEFAULT_V='$(AM_DEFAULT_VERBOSITY)'
AM_DEFAULT_VERBOSITY='1'
AM_V='$(V)'
AR='ar'
AS='as'
AUTOCONF='${SHELL} /home/maqiyuan/Desktop/texlive-upstream/build-aux/missing autoconf'
AUTOHEADER='${SHELL} /home/maqiyuan/Desktop/texlive-upstream/build-aux/missing autoheader'
AUTOMAKE='${SHELL} /home/maqiyuan/Desktop/texlive-upstream/build-aux/missing automake-1.15'
AWK='gawk'
CC='gcc -Wimplicit -Wreturn-type -Wdeclaration-after-statement -Wno-unknown-pragmas'
CCDEPMODE='depmode=gcc3'
CFLAGS='-g -O2'
CPP='gcc -E'
CPPFLAGS=''
CXX='g++ -Wreturn-type -Wno-unknown-pragmas -Wno-write-strings'
CXXCPP='g++ -E'
CXXDEPMODE='depmode=gcc3'
CXXFLAGS='-g -O2'
CXXLD='$(top_builddir)/CXXLD.sh'
CYGPATH_W='echo'
DEFS='-DHAVE_CONFIG_H'
DEPDIR='.deps'
DLLTOOL='false'
DSYMUTIL=''
DUMPBIN=''
ECHO_C=''
ECHO_N='-n'
ECHO_T=''
EGREP='/bin/grep -E'
EXEEXT=''
FGREP='/bin/grep -F'
FIXLIBC_FALSE=''
FIXLIBC_TRUE='#'
GREP='/bin/grep'
INSTALL_DATA='${INSTALL} -m 644'
INSTALL_PROGRAM='${INSTALL}'
INSTALL_SCRIPT='${INSTALL}'
INSTALL_STRIP_PROGRAM='$(install_sh) -c -s'
KPATHSEA_DEPEND='${top_builddir}/../kpathsea/libkpathsea.la'
KPATHSEA_INCLUDES='-I/home/maqiyuan/Desktop/texlive-upstream/texk -I/home/maqiyuan/Desktop/texlive-upstream/texk'
KPATHSEA_LIBS='/home/maqiyuan/Desktop/texlive-upstream/texk/kpathsea/libkpathsea.la'
KPATHSEA_RULE='# Rebuild libkpathsea
LCDF_TYPETOOLS_TREE='lcdf-typetools-src'
LCDF_TYPETOOLS_VERSION='2.106'
LD='/usr/bin/ld -m elf_x86_64'
LDFLAGS=''
LIBOBJS=''
LIBS='-lm '
LIBTOOL='$(SHELL) $(top_builddir)/libtool'
LIPO=''
LN_S='ln -s'
LTLIBOBJS=''
LT_SYS_LIBRARY_PATH=''
MAINT='#'
MAINTAINER_MODE_FALSE=''
MAINTAINER_MODE_TRUE='#'
MAKEINFO='${SHELL} /home/maqiyuan/Desktop/texlive-upstream/build-aux/missing makeinfo'
MANIFEST_TOOL=':'
MKDIR_P='/bin/mkdir -p'
NM='/usr/bin/nm -B'
NMEDIT=''
OBJDUMP='objdump'
OBJEXT='o'
OTOOL64=''
OTOOL=''
PACKAGE='lcdf-typetools--tex-live-'
PACKAGE_BUGREPORT='tex-k@tug.org'
PACKAGE_NAME='LCDF typetools (TeX Live)'
PACKAGE_STRING='LCDF typetools (TeX Live) 2.106'
PACKAGE_TARNAME='lcdf-typetools--tex-live-'
PACKAGE_URL=''
PACKAGE_VERSION='2.106'
PATH_SEPARATOR=':'
PKG_CONFIG='pkg-config'
RANLIB='ranlib'
SED='/bin/sed'
SELECTED_SUBDIRS=' cfftot1 mmafm mmpfb otfinfo otftotfm t1dotlessj t1lint t1rawafm t1reencode t1testpage ttftotype42'
SET_MAKE=''
SHELL='/bin/bash'
STRIP='strip'
TEMPLATE_OBJS=''
VERSION='2.106'
WARNING_CFLAGS='-Wimplicit -Wreturn-type -Wdeclaration-after-statement -Wno-unknown-pragmas'
WARNING_CXXFLAGS='-Wreturn-type -Wno-unknown-pragmas -Wno-write-strings'
ac_ct_AR='ar'
ac_ct_CC='gcc'
ac_ct_CXX='g++'
ac_ct_DUMPBIN=''
am__EXEEXT_FALSE=''
am__EXEEXT_TRUE='#'
am__fastdepCC_FALSE='#'
am__fastdepCC_TRUE=''
am__fastdepCXX_FALSE='#'
am__fastdepCXX_TRUE=''
am__include='include'
am__isrc=''
am__leading_dot='.'
am__nodep='_no'
am__quote=''
am__tar='$${TAR-tar} chof - "$$tardir"'
am__untar='$${TAR-tar} xf -'
bindir='${exec_prefix}/bin/x86_64-pc-linux-gnu'
build='x86_64-pc-linux-gnu'
build_alias=''
build_cpu='x86_64'
build_os='linux-gnu'
build_vendor='pc'
datadir='/usr/local'
datarootdir='${prefix}'
docdir='${datarootdir}/doc/${PACKAGE_TARNAME}'
dvidir='${docdir}'
encdir='${datarootdir}/texmf-dist/fonts/enc/dvips/base'
exec_prefix='${prefix}'
glyphlistdir='${datarootdir}/texmf-dist/fonts/map/glyphlist'
have_kpathsea_FALSE='#'
have_kpathsea_TRUE=''
host='x86_64-pc-linux-gnu'
host_alias=''
host_cpu='x86_64'
host_os='linux-gnu'
host_vendor='pc'
htmldir='${docdir}'
includedir='${prefix}/include'
infodir='${prefix}/texmf-dist/doc/info'
install_sh='${SHELL} /home/maqiyuan/Desktop/texlive-upstream/build-aux/install-sh'
libdir='${exec_prefix}/lib/x86_64-pc-linux-gnu'
libexecdir='${exec_prefix}/libexec'
localedir='${datarootdir}/locale'
localstatedir='${prefix}/var'
mandir='${prefix}/texmf-dist/doc/man'
mkdir_p='$(MKDIR_P)'
oldincludedir='/usr/include'
pdfdir='${docdir}'
prefix='/usr/local'
program_transform_name='s,x,x,'
psdir='${docdir}'
sbindir='${exec_prefix}/sbin'
sharedstatedir='${prefix}/com'
sysconfdir='${prefix}/etc'
target_alias=''
texlive_build_FALSE='#'
texlive_build_TRUE=''

## ----------- ##
## confdefs.h. ##
## ----------- ##

/* confdefs.h */
#define PACKAGE_NAME "LCDF typetools (TeX Live)"
#define PACKAGE_TARNAME "lcdf-typetools--tex-live-"
#define PACKAGE_VERSION "2.106"
#define PACKAGE_STRING "LCDF typetools (TeX Live) 2.106"
#define PACKAGE_BUGREPORT "tex-k@tug.org"
#define PACKAGE_URL ""
#define STDC_HEADERS 1
#define HAVE_SYS_TYPES_H 1
#define HAVE_SYS_STAT_H 1
#define HAVE_STDLIB_H 1
#define HAVE_STRING_H 1
#define HAVE_MEMORY_H 1
#define HAVE_STRINGS_H 1
#define HAVE_INTTYPES_H 1
#define HAVE_STDINT_H 1
#define HAVE_UNISTD_H 1
#define HAVE_DLFCN_H 1
#define PACKAGE "lcdf-typetools--tex-live-"
#define VERSION "2.106"
#define LT_OBJDIR ".libs/"
#define HAVE_FSEEKO 1
#define HAVE_DIRENT_H 1
#define STDC_HEADERS 1
#define HAVE_ASSERT_H 1
#define HAVE_FLOAT_H 1
#define HAVE_LIMITS_H 1
#define HAVE_PWD_H 1
#define HAVE_STDLIB_H 1
#define HAVE_SYS_PARAM_H 1
#define HAVE_PUTENV 1
#define HAVE_GETCWD 1
#define HAVE_GETWD 1
#define HAVE_MEMCMP 1
#define HAVE_MEMCPY 1
#define HAVE_MKSTEMP 1
#define HAVE_MKTEMP 1
#define HAVE_STRCHR 1
#define HAVE_STRRCHR 1
#define HAVE_DECL_ISASCII 1
#define HAVE_STRUCT_STAT_ST_MTIM 1
#define HAVE_ADOBE_CODE 1
#define HAVE_IOSTREAM 1
#define HAVE_DIRENT_H 1
#define HAVE_FCNTL_H 1
#define HAVE_UNISTD_H 1
#define HAVE_SYS_TIME_H 1
#define HAVE_SYS_WAIT_H 1
#define HAVE_NEW_HDR 1
#define WORDS_BIGENDIAN_SET 1
#define HAVE_STRERROR 1
#define HAVE_DECL_STRNLEN 1
#define HAVE_STRNLEN 1
#define HAVE_CTIME 1
#define HAVE_FTRUNCATE 1
#define HAVE_MKSTEMP 1
#define HAVE_SIGACTION 1
#define HAVE_STRDUP 1
#define HAVE_STRTOUL 1
#define HAVE_VSNPRINTF 1
#define HAVE_WAITPID 1
#define HAVE_LIBM 1
#define HAVE_INTTYPES_H 1
#define HAVE_SYS_TYPES_H 1
#define HAVE_UINTPTR_T 1
#define SIZEOF_VOID_P 8
#define SIZEOF_UNSIGNED_LONG 8
#define SIZEOF_UNSIGNED_INT 4
#define HAVE_NETINET_IN_H 1
#define HAVE_SYS_PARAM_H 1
#define HAVE_AUTO_CFFTOT1 1
#define HAVE_AUTO_T1DOTLESSJ 1
#define HAVE_AUTO_TTFTOTYPE42 1
#define HAVE_AUTO_UPDMAP 1
#define HAVE_DECL_KPSE_OPENTYPE_FORMAT 1
#define HAVE_DECL_KPSE_ENC_FORMAT 1
#define HAVE_KPATHSEA 1
#define HAVE_PERMSTRING 1
#define MMAFM_RUN_MMPFB 1
#define GLYPHLISTDIR "/nonesuch"

configure: exit 0
