This file contains any messages produced by compilers while
running configure, to aid debugging if configure makes a mistake.

It was created by TeX Live Scripts configure 2017/dev, which was
generated by GNU Autoconf 2.69.  Invocation command line was

  $ ./configure --disable-option-checking --prefix=/usr/local --enable-build-in-source-tree --enable-native-texlive-build --enable-largefile --disable-silent-rules --enable-multiplatform=yes --enable-cxx-runtime-hack=yes --enable-libtool-hack=yes --disable-shared --enable-texlive-build --bindir=${exec_prefix}/bin/x86_64-pc-linux-gnu --libdir=${exec_prefix}/lib/x86_64-pc-linux-gnu --with-x --enable-autosp=yes --enable-devnag=yes --enable-lacheck=yes --enable-m-tx=yes --enable-pmx=yes --enable-ps2eps=yes --enable-t1utils=yes --enable-texdoctk=yes --enable-tpic2pdftex=yes --enable-vlna=yes --enable-xindy=no --with-clisp-runtime=default --enable-xpdfopen=yes --enable-web2c=yes --enable-afm2pl=yes --enable-bibtex-x=yes --enable-chktex=yes --enable-cjkutils=yes --enable-detex=yes --enable-dtl=yes --enable-dvi2tty=yes --enable-dvidvi=yes --enable-dviljk=yes --enable-dvipdfm-x=yes --enable-dvipng=yes --enable-dvipos=yes --enable-dvipsk=yes --enable-dvisvgm=yes --enable-gregorio=yes --enable-gsftopk=yes --enable-lcdf-typetools=yes --enable-makeindexk=yes --enable-makejvf=yes --enable-mendexk=yes --enable-musixtnt=yes --enable-ps2pk=yes --enable-psutils=yes --enable-seetexk=yes --enable-tex4htk=yes --enable-ttf2pk2=yes --enable-ttfdump=yes --enable-upmendex=yes --enable-xdvik=yes --enable-texlive=yes --with-system-harfbuzz=no --with-system-icu=no --with-system-teckit=no --with-system-graphite2=no --with-system-zziplib=no --with-system-xpdf=no --with-system-poppler=no --with-system-mpfr=no --with-system-gmp=no --with-system-cairo=no --with-system-pixman=no --with-system-potrace=no --with-system-gd=no --with-system-freetype2=no --with-system-libpng=no --with-system-libpaper=no --with-system-zlib=no --with-system-ptexenc=no --with-system-kpathsea=no --datarootdir=${prefix} --mandir=${prefix}/texmf-dist/doc/man --infodir=${prefix}/texmf-dist/doc/info --cache-file=/dev/null --srcdir=.

## --------- ##
## Platform. ##
## --------- ##

hostname = maqiyuan-E430c
uname -m = x86_64
uname -r = 4.4.0-34-generic
uname -s = Linux
uname -v = #53-Ubuntu SMP Wed Jul 27 16:06:39 UTC 2016

/usr/bin/uname -p = unknown
/bin/uname -X     = unknown

/bin/arch              = unknown
/usr/bin/arch -k       = unknown
/usr/convex/getsysinfo = unknown
/usr/bin/hostinfo      = unknown
/bin/machine           = unknown
/usr/bin/oslevel       = unknown
/bin/universe          = unknown

PATH: /usr/local/sbin
PATH: /usr/local/bin
PATH: /usr/sbin
PATH: /usr/bin
PATH: /sbin
PATH: /bin
PATH: /usr/games
PATH: /usr/local/games
PATH: /snap/bin
PATH: /home/maqiyuan/bin/FDK/Tools/linux


## ----------- ##
## Core tests. ##
## ----------- ##

configure:1855: checking for a BSD-compatible install
configure:1923: result: /usr/bin/install -c
configure:1934: checking whether build environment is sane
configure:1989: result: yes
configure:2140: checking for a thread-safe mkdir -p
configure:2179: result: /bin/mkdir -p
configure:2186: checking for gawk
configure:2202: found /usr/bin/gawk
configure:2213: result: gawk
configure:2224: checking whether make sets $(MAKE)
configure:2246: result: yes
configure:2275: checking whether make supports nested variables
configure:2292: result: yes
configure:2419: checking whether to enable maintainer-specific portions of Makefiles
configure:2428: result: no
configure:2507: checking for gcc
configure:2523: found /usr/bin/gcc
configure:2534: result: gcc
configure:2763: checking for C compiler version
configure:2772: gcc --version >&5
gcc (Ubuntu 5.4.0-6ubuntu1~16.04.1) 5.4.0 20160609
Copyright (C) 2015 Free Software Foundation, Inc.
This is free software; see the source for copying conditions.  There is NO
warranty; not even for MERCHANTABILITY or FITNESS FOR A PARTICULAR PURPOSE.

configure:2783: $? = 0
configure:2772: gcc -v >&5
Using built-in specs.
COLLECT_GCC=gcc
COLLECT_LTO_WRAPPER=/usr/lib/gcc/x86_64-linux-gnu/5/lto-wrapper
Target: x86_64-linux-gnu
Configured with: ../src/configure -v --with-pkgversion='Ubuntu 5.4.0-6ubuntu1~16.04.1' --with-bugurl=file:///usr/share/doc/gcc-5/README.Bugs --enable-languages=c,ada,c++,java,go,d,fortran,objc,obj-c++ --prefix=/usr --program-suffix=-5 --enable-shared --enable-linker-build-id --libexecdir=/usr/lib --without-included-gettext --enable-threads=posix --libdir=/usr/lib --enable-nls --with-sysroot=/ --enable-clocale=gnu --enable-libstdcxx-debug --enable-libstdcxx-time=yes --with-default-libstdcxx-abi=new --enable-gnu-unique-object --disable-vtable-verify --enable-libmpx --enable-plugin --with-system-zlib --disable-browser-plugin --enable-java-awt=gtk --enable-gtk-cairo --with-java-home=/usr/lib/jvm/java-1.5.0-gcj-5-amd64/jre --enable-java-home --with-jvm-root-dir=/usr/lib/jvm/java-1.5.0-gcj-5-amd64 --with-jvm-jar-dir=/usr/lib/jvm-exports/java-1.5.0-gcj-5-amd64 --with-arch-directory=amd64 --with-ecj-jar=/usr/share/java/eclipse-ecj.jar --enable-objc-gc --enable-multiarch --disable-werror --with-arch-32=i686 --with-abi=m64 --with-multilib-list=m32,m64,mx32 --enable-multilib --with-tune=generic --enable-checking=release --build=x86_64-linux-gnu --host=x86_64-linux-gnu --target=x86_64-linux-gnu
Thread model: posix
gcc version 5.4.0 20160609 (Ubuntu 5.4.0-6ubuntu1~16.04.1) 
configure:2783: $? = 0
configure:2772: gcc -V >&5
gcc: error: unrecognized command line option '-V'
gcc: fatal error: no input files
compilation terminated.
configure:2783: $? = 1
configure:2772: gcc -qversion >&5
gcc: error: unrecognized command line option '-qversion'
gcc: fatal error: no input files
compilation terminated.
configure:2783: $? = 1
configure:2803: checking whether the C compiler works
configure:2825: gcc    conftest.c  >&5
configure:2829: $? = 0
configure:2877: result: yes
configure:2880: checking for C compiler default output file name
configure:2882: result: a.out
configure:2888: checking for suffix of executables
configure:2895: gcc -o conftest    conftest.c  >&5
configure:2899: $? = 0
configure:2921: result: 
configure:2943: checking whether we are cross compiling
configure:2951: gcc -o conftest    conftest.c  >&5
configure:2955: $? = 0
configure:2962: ./conftest
configure:2966: $? = 0
configure:2981: result: no
configure:2986: checking for suffix of object files
configure:3008: gcc -c   conftest.c >&5
configure:3012: $? = 0
configure:3033: result: o
configure:3037: checking whether we are using the GNU C compiler
configure:3056: gcc -c   conftest.c >&5
configure:3056: $? = 0
configure:3065: result: yes
configure:3074: checking whether gcc accepts -g
configure:3094: gcc -c -g  conftest.c >&5
configure:3094: $? = 0
configure:3135: result: yes
configure:3152: checking for gcc option to accept ISO C89
configure:3215: gcc  -c -g -O2  conftest.c >&5
configure:3215: $? = 0
configure:3228: result: none needed
configure:3253: checking whether gcc understands -c and -o together
configure:3275: gcc -c conftest.c -o conftest2.o
configure:3278: $? = 0
configure:3275: gcc -c conftest.c -o conftest2.o
configure:3278: $? = 0
configure:3290: result: yes
configure:3318: checking for style of include used by make
configure:3346: result: GNU
configure:3372: checking dependency style of gcc
configure:3483: result: gcc3
configure:3499: checking whether ln -s works
configure:3503: result: yes
configure:3510: checking whether make sets $(MAKE)
configure:3532: result: yes
configure:3543: checking for native WIN32 or MINGW32
configure:3561: gcc -c -g -O2  conftest.c >&5
conftest.c:12:3: error: unknown type name 'choke'
   choke me
   ^
conftest.c:14:1: error: expected '=', ',', ';', 'asm' or '__attribute__' before 'int'
 int
 ^
configure:3561: $? = 1
configure: failed program was:
| /* confdefs.h */
| #define PACKAGE_NAME "TeX Live Scripts"
| #define PACKAGE_TARNAME "tex-live-scripts"
| #define PACKAGE_VERSION "2017/dev"
| #define PACKAGE_STRING "TeX Live Scripts 2017/dev"
| #define PACKAGE_BUGREPORT "tex-k@tug.org"
| #define PACKAGE_URL ""
| #define PACKAGE "tex-live-scripts"
| #define VERSION "2017/dev"
| /* end confdefs.h.  */
| #ifndef WIN32
|   choke me
| #endif
| int
| main ()
| {
| 
|   ;
|   return 0;
| }
configure:3586: result: no
configure:3598: checking for WIN64
configure:3616: gcc -c -g -O2  conftest.c >&5
conftest.c:12:3: error: unknown type name 'choke'
   choke me
   ^
conftest.c:14:1: error: expected '=', ',', ';', 'asm' or '__attribute__' before 'int'
 int
 ^
configure:3616: $? = 1
configure: failed program was:
| /* confdefs.h */
| #define PACKAGE_NAME "TeX Live Scripts"
| #define PACKAGE_TARNAME "tex-live-scripts"
| #define PACKAGE_VERSION "2017/dev"
| #define PACKAGE_STRING "TeX Live Scripts 2017/dev"
| #define PACKAGE_BUGREPORT "tex-k@tug.org"
| #define PACKAGE_URL ""
| #define PACKAGE "tex-live-scripts"
| #define VERSION "2017/dev"
| /* end confdefs.h.  */
| #ifndef _WIN64
|   choke me
| #endif
| int
| main ()
| {
| 
|   ;
|   return 0;
| }
configure:3623: result: no
configure:3790: checking that generated files are newer than configure
configure:3796: result: done
configure:3835: creating ./config.status

## ---------------------- ##
## Running config.status. ##
## ---------------------- ##

This file was extended by TeX Live Scripts config.status 2017/dev, which was
generated by GNU Autoconf 2.69.  Invocation command line was

  CONFIG_FILES    = 
  CONFIG_HEADERS  = 
  CONFIG_LINKS    = 
  CONFIG_COMMANDS = 
  $ ./config.status 

on maqiyuan-E430c

config.status:785: creating Makefile
config.status:785: creating linked_scripts/Makefile
config.status:785: creating tl_scripts/Makefile
config.status:957: executing depfiles commands

## ---------------- ##
## Cache variables. ##
## ---------------- ##

ac_cv_c_compiler_gnu=yes
ac_cv_env_CC_set=
ac_cv_env_CC_value=
ac_cv_env_CFLAGS_set=
ac_cv_env_CFLAGS_value=
ac_cv_env_CPPFLAGS_set=
ac_cv_env_CPPFLAGS_value=
ac_cv_env_LDFLAGS_set=
ac_cv_env_LDFLAGS_value=
ac_cv_env_LIBS_set=
ac_cv_env_LIBS_value=
ac_cv_env_build_alias_set=
ac_cv_env_build_alias_value=
ac_cv_env_host_alias_set=
ac_cv_env_host_alias_value=
ac_cv_env_target_alias_set=
ac_cv_env_target_alias_value=
ac_cv_objext=o
ac_cv_path_install='/usr/bin/install -c'
ac_cv_path_mkdir=/bin/mkdir
ac_cv_prog_AWK=gawk
ac_cv_prog_ac_ct_CC=gcc
ac_cv_prog_cc_c89=
ac_cv_prog_cc_g=yes
ac_cv_prog_make_make_set=yes
am_cv_CC_dependencies_compiler_type=gcc3
am_cv_make_support_nested_variables=yes
am_cv_prog_cc_c_o=yes
kpse_cv_have_win32=no
kpse_cv_have_win64=no

## ----------------- ##
## Output variables. ##
## ----------------- ##

ACLOCAL='${SHELL} /home/maqiyuan/Desktop/texlive-upstream/build-aux/missing aclocal-1.15'
AMDEPBACKSLASH='\'
AMDEP_FALSE='#'
AMDEP_TRUE=''
AMTAR='$${TAR-tar}'
AM_BACKSLASH='\'
AM_DEFAULT_V='$(AM_DEFAULT_VERBOSITY)'
AM_DEFAULT_VERBOSITY='1'
AM_V='$(V)'
AUTOCONF='${SHELL} /home/maqiyuan/Desktop/texlive-upstream/build-aux/missing autoconf'
AUTOHEADER='${SHELL} /home/maqiyuan/Desktop/texlive-upstream/build-aux/missing autoheader'
AUTOMAKE='${SHELL} /home/maqiyuan/Desktop/texlive-upstream/build-aux/missing automake-1.15'
AWK='gawk'
CC='gcc'
CCDEPMODE='depmode=gcc3'
CFLAGS='-g -O2'
CPPFLAGS=''
CYGPATH_W='echo'
DEFS='-DPACKAGE_NAME=\"TeX\ Live\ Scripts\" -DPACKAGE_TARNAME=\"tex-live-scripts\" -DPACKAGE_VERSION=\"2017/dev\" -DPACKAGE_STRING=\"TeX\ Live\ Scripts\ 2017/dev\" -DPACKAGE_BUGREPORT=\"tex-k@tug.org\" -DPACKAGE_URL=\"\" -DPACKAGE=\"tex-live-scripts\" -DVERSION=\"2017/dev\"'
DEPDIR='.deps'
ECHO_C=''
ECHO_N='-n'
ECHO_T=''
EXEEXT=''
INSTALL_DATA='${INSTALL} -m 644'
INSTALL_PROGRAM='${INSTALL}'
INSTALL_SCRIPT='${INSTALL}'
INSTALL_STRIP_PROGRAM='$(install_sh) -c -s'
LDFLAGS=''
LIBOBJS=''
LIBS=''
LINKED_SCRIPTS_FALSE='#'
LINKED_SCRIPTS_TRUE=''
LN_S='ln -s'
LTLIBOBJS=''
MAINT='#'
MAINTAINER_MODE_FALSE=''
MAINTAINER_MODE_TRUE='#'
MAKEINFO='${SHELL} /home/maqiyuan/Desktop/texlive-upstream/build-aux/missing makeinfo'
MKDIR_P='/bin/mkdir -p'
OBJEXT='o'
PACKAGE='tex-live-scripts'
PACKAGE_BUGREPORT='tex-k@tug.org'
PACKAGE_NAME='TeX Live Scripts'
PACKAGE_STRING='TeX Live Scripts 2017/dev'
PACKAGE_TARNAME='tex-live-scripts'
PACKAGE_URL=''
PACKAGE_VERSION='2017/dev'
PATH_SEPARATOR=':'
SET_MAKE=''
SHELL='/bin/bash'
STRIP=''
VERSION='2017/dev'
WIN32_FALSE=''
WIN32_TRUE='#'
WIN32_WRAP_FALSE='#'
WIN32_WRAP_TRUE=''
WIN_WRAPPER='w32_wrapper'
ac_ct_CC='gcc'
am__EXEEXT_FALSE=''
am__EXEEXT_TRUE='#'
am__fastdepCC_FALSE='#'
am__fastdepCC_TRUE=''
am__include='include'
am__isrc=''
am__leading_dot='.'
am__nodep='_no'
am__quote=''
am__tar='$${TAR-tar} chof - "$$tardir"'
am__untar='$${TAR-tar} xf -'
bindir='${exec_prefix}/bin/x86_64-pc-linux-gnu'
build_alias=''
datadir='${datarootdir}'
datarootdir='${prefix}'
docdir='${datarootdir}/doc/${PACKAGE_TARNAME}'
dvidir='${docdir}'
exec_prefix='${prefix}'
host_alias=''
htmldir='${docdir}'
includedir='${prefix}/include'
infodir='${prefix}/texmf-dist/doc/info'
install_sh='${SHELL} /home/maqiyuan/Desktop/texlive-upstream/build-aux/install-sh'
libdir='${exec_prefix}/lib/x86_64-pc-linux-gnu'
libexecdir='${exec_prefix}/libexec'
localedir='${datarootdir}/locale'
localstatedir='${prefix}/var'
mandir='${prefix}/texmf-dist/doc/man'
mkdir_p='$(MKDIR_P)'
oldincludedir='/usr/include'
pdfdir='${docdir}'
prefix='/usr/local'
program_transform_name='s,x,x,'
psdir='${docdir}'
sbindir='${exec_prefix}/sbin'
sharedstatedir='${prefix}/com'
sysconfdir='${prefix}/etc'
target_alias=''

## ----------- ##
## confdefs.h. ##
## ----------- ##

/* confdefs.h */
#define PACKAGE_NAME "TeX Live Scripts"
#define PACKAGE_TARNAME "tex-live-scripts"
#define PACKAGE_VERSION "2017/dev"
#define PACKAGE_STRING "TeX Live Scripts 2017/dev"
#define PACKAGE_BUGREPORT "tex-k@tug.org"
#define PACKAGE_URL ""
#define PACKAGE "tex-live-scripts"
#define VERSION "2017/dev"

configure: exit 0
