This file contains any messages produced by compilers while
running configure, to aid debugging if configure makes a mistake.

It was created by dvi2tty (TeX Live) configure 5.3.4, which was
generated by GNU Autoconf 2.69.  Invocation command line was

  $ ./configure --disable-option-checking --prefix=/usr/local --enable-build-in-source-tree --enable-native-texlive-build --enable-largefile --disable-silent-rules --enable-multiplatform=yes --enable-cxx-runtime-hack=yes --enable-libtool-hack=yes --disable-shared --enable-texlive-build --bindir=${exec_prefix}/bin/x86_64-pc-linux-gnu --libdir=${exec_prefix}/lib/x86_64-pc-linux-gnu --with-x --enable-devnag=yes --enable-lacheck=yes --enable-m-tx=yes --enable-pmx=yes --enable-ps2eps=yes --enable-t1utils=yes --enable-texdoctk=yes --enable-tpic2pdftex=yes --enable-vlna=yes --enable-xindy=no --with-clisp-runtime=default --enable-xpdfopen=yes --enable-web2c=yes --enable-afm2pl=yes --enable-bibtex-x=yes --enable-chktex=yes --enable-cjkutils=yes --enable-detex=yes --enable-dtl=yes --enable-dvi2tty=yes --enable-dvidvi=yes --enable-dviljk=yes --enable-dvipdfm-x=yes --enable-dvipng=yes --enable-dvipos=yes --enable-dvipsk=yes --enable-dvisvgm=yes --enable-gregorio=yes --enable-gsftopk=yes --enable-lcdf-typetools=yes --enable-makeindexk=yes --enable-makejvf=yes --enable-mendexk=yes --enable-musixtnt=yes --enable-ps2pk=yes --enable-psutils=yes --enable-seetexk=yes --enable-tex4htk=yes --enable-ttf2pk2=yes --enable-ttfdump=yes --enable-xdvik=yes --enable-texlive=yes --with-system-harfbuzz=no --with-system-icu=no --with-system-teckit=no --with-system-graphite2=no --with-system-zziplib=no --with-system-xpdf=no --with-system-poppler=no --with-system-mpfr=no --with-system-gmp=no --with-system-cairo=no --with-system-pixman=no --with-system-potrace=no --with-system-gd=no --with-system-freetype2=no --with-system-libpng=no --with-system-libpaper=no --with-system-zlib=no --with-system-ptexenc=no --with-system-kpathsea=no --datarootdir=${prefix} --mandir=${prefix}/texmf-dist/doc/man --infodir=${prefix}/texmf-dist/doc/info --cache-file=/dev/null --srcdir=.

## --------- ##
## Platform. ##
## --------- ##

hostname = maqiyuan-E430c
uname -m = x86_64
uname -r = 4.4.0-31-generic
uname -s = Linux
uname -v = #50-Ubuntu SMP Wed Jul 13 00:07:12 UTC 2016

/usr/bin/uname -p = unknown
/bin/uname -X     = unknown

/bin/arch              = unknown
/usr/bin/arch -k       = unknown
/usr/convex/getsysinfo = unknown
/usr/bin/hostinfo      = unknown
/bin/machine           = unknown
/usr/bin/oslevel       = unknown
/bin/universe          = unknown

PATH: /usr/local/sbin
PATH: /usr/local/bin
PATH: /usr/sbin
PATH: /usr/bin
PATH: /sbin
PATH: /bin
PATH: /usr/games
PATH: /usr/local/games
PATH: /snap/bin
PATH: /home/maqiyuan/bin/FDK/Tools/linux


## ----------- ##
## Core tests. ##
## ----------- ##

configure:2581: checking for a BSD-compatible install
configure:2649: result: /usr/bin/install -c
configure:2660: checking whether build environment is sane
configure:2715: result: yes
configure:2866: checking for a thread-safe mkdir -p
configure:2905: result: /bin/mkdir -p
configure:2912: checking for gawk
configure:2928: found /usr/bin/gawk
configure:2939: result: gawk
configure:2950: checking whether make sets $(MAKE)
configure:2972: result: yes
configure:3001: checking whether make supports nested variables
configure:3018: result: yes
configure:3041: checking for style of include used by make
configure:3069: result: GNU
configure:3140: checking for gcc
configure:3156: found /usr/bin/gcc
configure:3167: result: gcc
configure:3396: checking for C compiler version
configure:3405: gcc --version >&5
gcc (Ubuntu 5.4.0-6ubuntu1~16.04.1) 5.4.0 20160609
Copyright (C) 2015 Free Software Foundation, Inc.
This is free software; see the source for copying conditions.  There is NO
warranty; not even for MERCHANTABILITY or FITNESS FOR A PARTICULAR PURPOSE.

configure:3416: $? = 0
configure:3405: gcc -v >&5
Using built-in specs.
COLLECT_GCC=gcc
COLLECT_LTO_WRAPPER=/usr/lib/gcc/x86_64-linux-gnu/5/lto-wrapper
Target: x86_64-linux-gnu
Configured with: ../src/configure -v --with-pkgversion='Ubuntu 5.4.0-6ubuntu1~16.04.1' --with-bugurl=file:///usr/share/doc/gcc-5/README.Bugs --enable-languages=c,ada,c++,java,go,d,fortran,objc,obj-c++ --prefix=/usr --program-suffix=-5 --enable-shared --enable-linker-build-id --libexecdir=/usr/lib --without-included-gettext --enable-threads=posix --libdir=/usr/lib --enable-nls --with-sysroot=/ --enable-clocale=gnu --enable-libstdcxx-debug --enable-libstdcxx-time=yes --with-default-libstdcxx-abi=new --enable-gnu-unique-object --disable-vtable-verify --enable-libmpx --enable-plugin --with-system-zlib --disable-browser-plugin --enable-java-awt=gtk --enable-gtk-cairo --with-java-home=/usr/lib/jvm/java-1.5.0-gcj-5-amd64/jre --enable-java-home --with-jvm-root-dir=/usr/lib/jvm/java-1.5.0-gcj-5-amd64 --with-jvm-jar-dir=/usr/lib/jvm-exports/java-1.5.0-gcj-5-amd64 --with-arch-directory=amd64 --with-ecj-jar=/usr/share/java/eclipse-ecj.jar --enable-objc-gc --enable-multiarch --disable-werror --with-arch-32=i686 --with-abi=m64 --with-multilib-list=m32,m64,mx32 --enable-multilib --with-tune=generic --enable-checking=release --build=x86_64-linux-gnu --host=x86_64-linux-gnu --target=x86_64-linux-gnu
Thread model: posix
gcc version 5.4.0 20160609 (Ubuntu 5.4.0-6ubuntu1~16.04.1) 
configure:3416: $? = 0
configure:3405: gcc -V >&5
gcc: error: unrecognized command line option '-V'
gcc: fatal error: no input files
compilation terminated.
configure:3416: $? = 1
configure:3405: gcc -qversion >&5
gcc: error: unrecognized command line option '-qversion'
gcc: fatal error: no input files
compilation terminated.
configure:3416: $? = 1
configure:3436: checking whether the C compiler works
configure:3458: gcc    conftest.c  >&5
configure:3462: $? = 0
configure:3510: result: yes
configure:3513: checking for C compiler default output file name
configure:3515: result: a.out
configure:3521: checking for suffix of executables
configure:3528: gcc -o conftest    conftest.c  >&5
configure:3532: $? = 0
configure:3554: result: 
configure:3576: checking whether we are cross compiling
configure:3584: gcc -o conftest    conftest.c  >&5
configure:3588: $? = 0
configure:3595: ./conftest
configure:3599: $? = 0
configure:3614: result: no
configure:3619: checking for suffix of object files
configure:3641: gcc -c   conftest.c >&5
configure:3645: $? = 0
configure:3666: result: o
configure:3670: checking whether we are using the GNU C compiler
configure:3689: gcc -c   conftest.c >&5
configure:3689: $? = 0
configure:3698: result: yes
configure:3707: checking whether gcc accepts -g
configure:3727: gcc -c -g  conftest.c >&5
configure:3727: $? = 0
configure:3768: result: yes
configure:3785: checking for gcc option to accept ISO C89
configure:3848: gcc  -c -g -O2  conftest.c >&5
configure:3848: $? = 0
configure:3861: result: none needed
configure:3886: checking whether gcc understands -c and -o together
configure:3908: gcc -c conftest.c -o conftest2.o
configure:3911: $? = 0
configure:3908: gcc -c conftest.c -o conftest2.o
configure:3911: $? = 0
configure:3923: result: yes
configure:3942: checking dependency style of gcc
configure:4053: result: gcc3
configure:4113: checking build system type
configure:4127: result: x86_64-pc-linux-gnu
configure:4147: checking host system type
configure:4160: result: x86_64-pc-linux-gnu
configure:4201: checking how to print strings
configure:4228: result: printf
configure:4249: checking for a sed that does not truncate output
configure:4313: result: /bin/sed
configure:4331: checking for grep that handles long lines and -e
configure:4389: result: /bin/grep
configure:4394: checking for egrep
configure:4456: result: /bin/grep -E
configure:4461: checking for fgrep
configure:4523: result: /bin/grep -F
configure:4558: checking for ld used by gcc
configure:4625: result: /usr/bin/ld
configure:4632: checking if the linker (/usr/bin/ld) is GNU ld
configure:4647: result: yes
configure:4659: checking for BSD- or MS-compatible name lister (nm)
configure:4713: result: /usr/bin/nm -B
configure:4843: checking the name lister (/usr/bin/nm -B) interface
configure:4850: gcc -c -g -O2  conftest.c >&5
configure:4853: /usr/bin/nm -B "conftest.o"
configure:4856: output
0000000000000000 B some_variable
configure:4863: result: BSD nm
configure:4866: checking whether ln -s works
configure:4870: result: yes
configure:4878: checking the maximum length of command line arguments
configure:5009: result: 1572864
configure:5057: checking how to convert x86_64-pc-linux-gnu file names to x86_64-pc-linux-gnu format
configure:5097: result: func_convert_file_noop
configure:5104: checking how to convert x86_64-pc-linux-gnu file names to toolchain format
configure:5124: result: func_convert_file_noop
configure:5131: checking for /usr/bin/ld option to reload object files
configure:5138: result: -r
configure:5212: checking for objdump
configure:5228: found /usr/bin/objdump
configure:5239: result: objdump
configure:5268: checking how to recognize dependent libraries
configure:5468: result: pass_all
configure:5553: checking for dlltool
configure:5583: result: no
configure:5610: checking how to associate runtime and link libraries
configure:5637: result: printf %s\n
configure:5697: checking for ar
configure:5713: found /usr/bin/ar
configure:5724: result: ar
configure:5761: checking for archiver @FILE support
configure:5778: gcc -c -g -O2  conftest.c >&5
configure:5778: $? = 0
configure:5781: ar cru libconftest.a @conftest.lst >&5
ar: `u' modifier ignored since `D' is the default (see `U')
configure:5784: $? = 0
configure:5789: ar cru libconftest.a @conftest.lst >&5
ar: `u' modifier ignored since `D' is the default (see `U')
ar: conftest.o: No such file or directory
configure:5792: $? = 1
configure:5804: result: @
configure:5862: checking for strip
configure:5878: found /usr/bin/strip
configure:5889: result: strip
configure:5961: checking for ranlib
configure:5977: found /usr/bin/ranlib
configure:5988: result: ranlib
configure:6090: checking command to parse /usr/bin/nm -B output from gcc object
configure:6243: gcc -c -g -O2  conftest.c >&5
configure:6246: $? = 0
configure:6250: /usr/bin/nm -B conftest.o \| sed -n -e 's/^.*[ ]\([ABCDGIRSTW][ABCDGIRSTW]*\)[ ][ ]*\([_A-Za-z][_A-Za-z0-9]*\)$/\1 \2 \2/p' | sed '/ __gnu_lto/d' \> conftest.nm
configure:6253: $? = 0
configure:6319: gcc -o conftest -g -O2   conftest.c conftstm.o >&5
configure:6322: $? = 0
configure:6360: result: ok
configure:6407: checking for sysroot
configure:6437: result: no
configure:6444: checking for a working dd
configure:6482: result: /bin/dd
configure:6486: checking how to truncate binary pipes
configure:6501: result: /bin/dd bs=4096 count=1
configure:6637: gcc -c -g -O2  conftest.c >&5
configure:6640: $? = 0
configure:6830: checking for mt
configure:6846: found /bin/mt
configure:6857: result: mt
configure:6880: checking if mt is a manifest tool
configure:6886: mt '-?'
configure:6894: result: no
configure:7571: checking how to run the C preprocessor
configure:7602: gcc -E  conftest.c
configure:7602: $? = 0
configure:7616: gcc -E  conftest.c
conftest.c:9:28: fatal error: ac_nonexistent.h: No such file or directory
compilation terminated.
configure:7616: $? = 1
configure: failed program was:
| /* confdefs.h */
| #define PACKAGE_NAME "dvi2tty (TeX Live)"
| #define PACKAGE_TARNAME "dvi2tty--tex-live-"
| #define PACKAGE_VERSION "5.3.4"
| #define PACKAGE_STRING "dvi2tty (TeX Live) 5.3.4"
| #define PACKAGE_BUGREPORT "tex-k@tug.org"
| #define PACKAGE_URL ""
| /* end confdefs.h.  */
| #include <ac_nonexistent.h>
configure:7641: result: gcc -E
configure:7661: gcc -E  conftest.c
configure:7661: $? = 0
configure:7675: gcc -E  conftest.c
conftest.c:9:28: fatal error: ac_nonexistent.h: No such file or directory
compilation terminated.
configure:7675: $? = 1
configure: failed program was:
| /* confdefs.h */
| #define PACKAGE_NAME "dvi2tty (TeX Live)"
| #define PACKAGE_TARNAME "dvi2tty--tex-live-"
| #define PACKAGE_VERSION "5.3.4"
| #define PACKAGE_STRING "dvi2tty (TeX Live) 5.3.4"
| #define PACKAGE_BUGREPORT "tex-k@tug.org"
| #define PACKAGE_URL ""
| /* end confdefs.h.  */
| #include <ac_nonexistent.h>
configure:7704: checking for ANSI C header files
configure:7724: gcc -c -g -O2  conftest.c >&5
configure:7724: $? = 0
configure:7797: gcc -o conftest -g -O2   conftest.c  >&5
configure:7797: $? = 0
configure:7797: ./conftest
configure:7797: $? = 0
configure:7808: result: yes
configure:7821: checking for sys/types.h
configure:7821: gcc -c -g -O2  conftest.c >&5
configure:7821: $? = 0
configure:7821: result: yes
configure:7821: checking for sys/stat.h
configure:7821: gcc -c -g -O2  conftest.c >&5
configure:7821: $? = 0
configure:7821: result: yes
configure:7821: checking for stdlib.h
configure:7821: gcc -c -g -O2  conftest.c >&5
configure:7821: $? = 0
configure:7821: result: yes
configure:7821: checking for string.h
configure:7821: gcc -c -g -O2  conftest.c >&5
configure:7821: $? = 0
configure:7821: result: yes
configure:7821: checking for memory.h
configure:7821: gcc -c -g -O2  conftest.c >&5
configure:7821: $? = 0
configure:7821: result: yes
configure:7821: checking for strings.h
configure:7821: gcc -c -g -O2  conftest.c >&5
configure:7821: $? = 0
configure:7821: result: yes
configure:7821: checking for inttypes.h
configure:7821: gcc -c -g -O2  conftest.c >&5
configure:7821: $? = 0
configure:7821: result: yes
configure:7821: checking for stdint.h
configure:7821: gcc -c -g -O2  conftest.c >&5
configure:7821: $? = 0
configure:7821: result: yes
configure:7821: checking for unistd.h
configure:7821: gcc -c -g -O2  conftest.c >&5
configure:7821: $? = 0
configure:7821: result: yes
configure:7835: checking for dlfcn.h
configure:7835: gcc -c -g -O2  conftest.c >&5
configure:7835: $? = 0
configure:7835: result: yes
configure:7963: checking whether to enable maintainer-specific portions of Makefiles
configure:7972: result: no
configure:7985: checking whether the compiler accepts prototypes
configure:8001: gcc -o conftest -g -O2   conftest.c  >&5
configure:8001: $? = 0
configure:8009: result: yes
configure:8014: checking what warning flags to pass to the C compiler
configure:8059: result: -Wimplicit -Wreturn-type -Wdeclaration-after-statement -Wno-unknown-pragmas
configure:8613: checking for objdir
configure:8628: result: .libs
configure:8892: checking if gcc supports -fno-rtti -fno-exceptions
configure:8910: gcc -c -g -O2  -fno-rtti -fno-exceptions conftest.c >&5
cc1: warning: command line option '-fno-rtti' is valid for C++/ObjC++ but not for C
configure:8914: $? = 0
configure:8927: result: no
configure:9285: checking for gcc option to produce PIC
configure:9292: result: -fPIC -DPIC
configure:9300: checking if gcc PIC flag -fPIC -DPIC works
configure:9318: gcc -c -g -O2  -fPIC -DPIC -DPIC conftest.c >&5
configure:9322: $? = 0
configure:9335: result: yes
configure:9364: checking if gcc static flag -static works
configure:9392: result: yes
configure:9407: checking if gcc supports -c -o file.o
configure:9428: gcc -c -g -O2  -o out/conftest2.o conftest.c >&5
configure:9432: $? = 0
configure:9454: result: yes
configure:9462: checking if gcc supports -c -o file.o
configure:9509: result: yes
configure:9542: checking whether the gcc linker (/usr/bin/ld -m elf_x86_64) supports shared libraries
configure:10801: result: yes
configure:11041: checking dynamic linker characteristics
configure:11622: gcc -o conftest -g -O2   -Wl,-rpath -Wl,/foo conftest.c  >&5
configure:11622: $? = 0
configure:11859: result: GNU/Linux ld.so
configure:11981: checking how to hardcode library paths into programs
configure:12006: result: immediate
configure:12554: checking whether stripping libraries is possible
configure:12559: result: yes
configure:12594: checking if libtool supports shared libraries
configure:12596: result: yes
configure:12599: checking whether to build shared libraries
configure:12624: result: no
configure:12627: checking whether to build static libraries
configure:12631: result: yes
configure:12675: checking for special C compiler options needed for large files
configure:12720: result: no
configure:12726: checking for _FILE_OFFSET_BITS value needed for large files
configure:12751: gcc -c -g -O2  conftest.c >&5
configure:12751: $? = 0
configure:12783: result: no
configure:12868: checking for _LARGEFILE_SOURCE value needed for large files
configure:12887: gcc -o conftest -g -O2   conftest.c  >&5
configure:12887: $? = 0
configure:12915: result: no
configure:12939: checking for dirent.h that defines DIR
configure:12958: gcc -c -g -O2  conftest.c >&5
configure:12958: $? = 0
configure:12966: result: yes
configure:12979: checking for library containing opendir
configure:13010: gcc -o conftest -g -O2   conftest.c  >&5
configure:13010: $? = 0
configure:13027: result: none required
configure:13094: checking for ANSI C header files
configure:13198: result: yes
configure:13206: checking whether closedir returns void
configure:13230: gcc -o conftest -g -O2   conftest.c  >&5
configure:13230: $? = 0
configure:13230: ./conftest
configure:13230: $? = 0
configure:13240: result: no
configure:13251: checking assert.h usability
configure:13251: gcc -c -g -O2  conftest.c >&5
configure:13251: $? = 0
configure:13251: result: yes
configure:13251: checking assert.h presence
configure:13251: gcc -E  conftest.c
configure:13251: $? = 0
configure:13251: result: yes
configure:13251: checking for assert.h
configure:13251: result: yes
configure:13251: checking float.h usability
configure:13251: gcc -c -g -O2  conftest.c >&5
configure:13251: $? = 0
configure:13251: result: yes
configure:13251: checking float.h presence
configure:13251: gcc -E  conftest.c
configure:13251: $? = 0
configure:13251: result: yes
configure:13251: checking for float.h
configure:13251: result: yes
configure:13251: checking limits.h usability
configure:13251: gcc -c -g -O2  conftest.c >&5
configure:13251: $? = 0
configure:13251: result: yes
configure:13251: checking limits.h presence
configure:13251: gcc -E  conftest.c
configure:13251: $? = 0
configure:13251: result: yes
configure:13251: checking for limits.h
configure:13251: result: yes
configure:13251: checking pwd.h usability
configure:13251: gcc -c -g -O2  conftest.c >&5
configure:13251: $? = 0
configure:13251: result: yes
configure:13251: checking pwd.h presence
configure:13251: gcc -E  conftest.c
configure:13251: $? = 0
configure:13251: result: yes
configure:13251: checking for pwd.h
configure:13251: result: yes
configure:13251: checking for stdlib.h
configure:13251: result: yes
configure:13251: checking sys/param.h usability
configure:13251: gcc -c -g -O2  conftest.c >&5
configure:13251: $? = 0
configure:13251: result: yes
configure:13251: checking sys/param.h presence
configure:13251: gcc -E  conftest.c
configure:13251: $? = 0
configure:13251: result: yes
configure:13251: checking for sys/param.h
configure:13251: result: yes
configure:13263: checking for putenv
configure:13263: gcc -o conftest -g -O2   conftest.c  >&5
configure:13263: $? = 0
configure:13263: result: yes
configure:13275: checking for getcwd
configure:13275: gcc -o conftest -g -O2   conftest.c  >&5
configure:13275: $? = 0
configure:13275: result: yes
configure:13275: checking for getwd
configure:13275: gcc -o conftest -g -O2   conftest.c  >&5
/tmp/ccz0DId9.o: In function `main':
/home/maqiyuan/Desktop/texlive-mobile/src/texlive-source/texk/dvi2tty/conftest.c:68: warning: the `getwd' function is dangerous and should not be used.
configure:13275: $? = 0
configure:13275: result: yes
configure:13275: checking for memcmp
configure:13275: gcc -o conftest -g -O2   conftest.c  >&5
conftest.c:58:6: warning: conflicting types for built-in function 'memcmp'
 char memcmp ();
      ^
configure:13275: $? = 0
configure:13275: result: yes
configure:13275: checking for memcpy
configure:13275: gcc -o conftest -g -O2   conftest.c  >&5
conftest.c:59:6: warning: conflicting types for built-in function 'memcpy'
 char memcpy ();
      ^
configure:13275: $? = 0
configure:13275: result: yes
configure:13275: checking for mkstemp
configure:13275: gcc -o conftest -g -O2   conftest.c  >&5
configure:13275: $? = 0
configure:13275: result: yes
configure:13275: checking for mktemp
configure:13275: gcc -o conftest -g -O2   conftest.c  >&5
/tmp/ccDrPm5v.o: In function `main':
/home/maqiyuan/Desktop/texlive-mobile/src/texlive-source/texk/dvi2tty/conftest.c:72: warning: the use of `mktemp' is dangerous, better use `mkstemp' or `mkdtemp'
configure:13275: $? = 0
configure:13275: result: yes
configure:13275: checking for strchr
configure:13275: gcc -o conftest -g -O2   conftest.c  >&5
conftest.c:62:6: warning: conflicting types for built-in function 'strchr'
 char strchr ();
      ^
configure:13275: $? = 0
configure:13275: result: yes
configure:13275: checking for strrchr
configure:13275: gcc -o conftest -g -O2   conftest.c  >&5
conftest.c:63:6: warning: conflicting types for built-in function 'strrchr'
 char strrchr ();
      ^
configure:13275: $? = 0
configure:13275: result: yes
configure:13284: checking for an ANSI C-conforming const
configure:13350: gcc -c -g -O2  conftest.c >&5
configure:13350: $? = 0
configure:13357: result: yes
configure:13365: checking for inline
configure:13381: gcc -c -g -O2  conftest.c >&5
configure:13381: $? = 0
configure:13389: result: inline
configure:13407: checking for size_t
configure:13407: gcc -c -g -O2  conftest.c >&5
configure:13407: $? = 0
configure:13407: gcc -c -g -O2  conftest.c >&5
conftest.c: In function 'main':
conftest.c:77:21: error: expected expression before ')' token
 if (sizeof ((size_t)))
                     ^
configure:13407: $? = 1
configure: failed program was:
| /* confdefs.h */
| #define PACKAGE_NAME "dvi2tty (TeX Live)"
| #define PACKAGE_TARNAME "dvi2tty--tex-live-"
| #define PACKAGE_VERSION "5.3.4"
| #define PACKAGE_STRING "dvi2tty (TeX Live) 5.3.4"
| #define PACKAGE_BUGREPORT "tex-k@tug.org"
| #define PACKAGE_URL ""
| #define STDC_HEADERS 1
| #define HAVE_SYS_TYPES_H 1
| #define HAVE_SYS_STAT_H 1
| #define HAVE_STDLIB_H 1
| #define HAVE_STRING_H 1
| #define HAVE_MEMORY_H 1
| #define HAVE_STRINGS_H 1
| #define HAVE_INTTYPES_H 1
| #define HAVE_STDINT_H 1
| #define HAVE_UNISTD_H 1
| #define HAVE_DLFCN_H 1
| #define PACKAGE "dvi2tty--tex-live-"
| #define VERSION "5.3.4"
| #define LT_OBJDIR ".libs/"
| #define HAVE_FSEEKO 1
| #define HAVE_DIRENT_H 1
| #define STDC_HEADERS 1
| #define HAVE_ASSERT_H 1
| #define HAVE_FLOAT_H 1
| #define HAVE_LIMITS_H 1
| #define HAVE_PWD_H 1
| #define HAVE_STDLIB_H 1
| #define HAVE_SYS_PARAM_H 1
| #define HAVE_PUTENV 1
| #define HAVE_GETCWD 1
| #define HAVE_GETWD 1
| #define HAVE_MEMCMP 1
| #define HAVE_MEMCPY 1
| #define HAVE_MKSTEMP 1
| #define HAVE_MKTEMP 1
| #define HAVE_STRCHR 1
| #define HAVE_STRRCHR 1
| /* end confdefs.h.  */
| #include <stdio.h>
| #ifdef HAVE_SYS_TYPES_H
| # include <sys/types.h>
| #endif
| #ifdef HAVE_SYS_STAT_H
| # include <sys/stat.h>
| #endif
| #ifdef STDC_HEADERS
| # include <stdlib.h>
| # include <stddef.h>
| #else
| # ifdef HAVE_STDLIB_H
| #  include <stdlib.h>
| # endif
| #endif
| #ifdef HAVE_STRING_H
| # if !defined STDC_HEADERS && defined HAVE_MEMORY_H
| #  include <memory.h>
| # endif
| # include <string.h>
| #endif
| #ifdef HAVE_STRINGS_H
| # include <strings.h>
| #endif
| #ifdef HAVE_INTTYPES_H
| # include <inttypes.h>
| #endif
| #ifdef HAVE_STDINT_H
| # include <stdint.h>
| #endif
| #ifdef HAVE_UNISTD_H
| # include <unistd.h>
| #endif
| int
| main ()
| {
| if (sizeof ((size_t)))
| 	    return 0;
|   ;
|   return 0;
| }
configure:13407: result: yes
configure:13418: checking for int64_t
configure:13418: gcc -c -g -O2  conftest.c >&5
configure:13418: $? = 0
configure:13418: gcc -c -g -O2  conftest.c >&5
conftest.c: In function 'main':
conftest.c:79:53: warning: integer overflow in expression [-Woverflow]
    < (int64_t) (((((int64_t) 1 << N) << N) - 1) * 2 + 2))];
                                                     ^
conftest.c:78:12: error: storage size of 'test_array' isn't constant
 static int test_array [1 - 2 * !((int64_t) (((((int64_t) 1 << N) << N) - 1) * 2 + 1)
            ^
configure:13418: $? = 1
configure: failed program was:
| /* confdefs.h */
| #define PACKAGE_NAME "dvi2tty (TeX Live)"
| #define PACKAGE_TARNAME "dvi2tty--tex-live-"
| #define PACKAGE_VERSION "5.3.4"
| #define PACKAGE_STRING "dvi2tty (TeX Live) 5.3.4"
| #define PACKAGE_BUGREPORT "tex-k@tug.org"
| #define PACKAGE_URL ""
| #define STDC_HEADERS 1
| #define HAVE_SYS_TYPES_H 1
| #define HAVE_SYS_STAT_H 1
| #define HAVE_STDLIB_H 1
| #define HAVE_STRING_H 1
| #define HAVE_MEMORY_H 1
| #define HAVE_STRINGS_H 1
| #define HAVE_INTTYPES_H 1
| #define HAVE_STDINT_H 1
| #define HAVE_UNISTD_H 1
| #define HAVE_DLFCN_H 1
| #define PACKAGE "dvi2tty--tex-live-"
| #define VERSION "5.3.4"
| #define LT_OBJDIR ".libs/"
| #define HAVE_FSEEKO 1
| #define HAVE_DIRENT_H 1
| #define STDC_HEADERS 1
| #define HAVE_ASSERT_H 1
| #define HAVE_FLOAT_H 1
| #define HAVE_LIMITS_H 1
| #define HAVE_PWD_H 1
| #define HAVE_STDLIB_H 1
| #define HAVE_SYS_PARAM_H 1
| #define HAVE_PUTENV 1
| #define HAVE_GETCWD 1
| #define HAVE_GETWD 1
| #define HAVE_MEMCMP 1
| #define HAVE_MEMCPY 1
| #define HAVE_MKSTEMP 1
| #define HAVE_MKTEMP 1
| #define HAVE_STRCHR 1
| #define HAVE_STRRCHR 1
| /* end confdefs.h.  */
| #include <stdio.h>
| #ifdef HAVE_SYS_TYPES_H
| # include <sys/types.h>
| #endif
| #ifdef HAVE_SYS_STAT_H
| # include <sys/stat.h>
| #endif
| #ifdef STDC_HEADERS
| # include <stdlib.h>
| # include <stddef.h>
| #else
| # ifdef HAVE_STDLIB_H
| #  include <stdlib.h>
| # endif
| #endif
| #ifdef HAVE_STRING_H
| # if !defined STDC_HEADERS && defined HAVE_MEMORY_H
| #  include <memory.h>
| # endif
| # include <string.h>
| #endif
| #ifdef HAVE_STRINGS_H
| # include <strings.h>
| #endif
| #ifdef HAVE_INTTYPES_H
| # include <inttypes.h>
| #endif
| #ifdef HAVE_STDINT_H
| # include <stdint.h>
| #endif
| #ifdef HAVE_UNISTD_H
| # include <unistd.h>
| #endif
| 	        enum { N = 64 / 2 - 1 };
| int
| main ()
| {
| static int test_array [1 - 2 * !((int64_t) (((((int64_t) 1 << N) << N) - 1) * 2 + 1)
| 		 < (int64_t) (((((int64_t) 1 << N) << N) - 1) * 2 + 2))];
| test_array [0] = 0;
| return test_array [0];
| 
|   ;
|   return 0;
| }
configure:13418: result: yes
configure:13429: checking for uint64_t
configure:13429: gcc -c -g -O2  conftest.c >&5
configure:13429: $? = 0
configure:13429: result: yes
configure:13449: checking whether isascii is declared
configure:13449: gcc -c -g -O2  conftest.c >&5
configure:13449: $? = 0
configure:13449: result: yes
configure:13461: checking for struct stat.st_mtim
configure:13461: gcc -c -g -O2  conftest.c >&5
conftest.c: In function 'main':
conftest.c:79:5: error: used struct type value where scalar is required
 if (ac_aggr.st_mtim)
     ^
configure:13461: $? = 1
configure: failed program was:
| /* confdefs.h */
| #define PACKAGE_NAME "dvi2tty (TeX Live)"
| #define PACKAGE_TARNAME "dvi2tty--tex-live-"
| #define PACKAGE_VERSION "5.3.4"
| #define PACKAGE_STRING "dvi2tty (TeX Live) 5.3.4"
| #define PACKAGE_BUGREPORT "tex-k@tug.org"
| #define PACKAGE_URL ""
| #define STDC_HEADERS 1
| #define HAVE_SYS_TYPES_H 1
| #define HAVE_SYS_STAT_H 1
| #define HAVE_STDLIB_H 1
| #define HAVE_STRING_H 1
| #define HAVE_MEMORY_H 1
| #define HAVE_STRINGS_H 1
| #define HAVE_INTTYPES_H 1
| #define HAVE_STDINT_H 1
| #define HAVE_UNISTD_H 1
| #define HAVE_DLFCN_H 1
| #define PACKAGE "dvi2tty--tex-live-"
| #define VERSION "5.3.4"
| #define LT_OBJDIR ".libs/"
| #define HAVE_FSEEKO 1
| #define HAVE_DIRENT_H 1
| #define STDC_HEADERS 1
| #define HAVE_ASSERT_H 1
| #define HAVE_FLOAT_H 1
| #define HAVE_LIMITS_H 1
| #define HAVE_PWD_H 1
| #define HAVE_STDLIB_H 1
| #define HAVE_SYS_PARAM_H 1
| #define HAVE_PUTENV 1
| #define HAVE_GETCWD 1
| #define HAVE_GETWD 1
| #define HAVE_MEMCMP 1
| #define HAVE_MEMCPY 1
| #define HAVE_MKSTEMP 1
| #define HAVE_MKTEMP 1
| #define HAVE_STRCHR 1
| #define HAVE_STRRCHR 1
| #define HAVE_DECL_ISASCII 1
| /* end confdefs.h.  */
| #include <stdio.h>
| #ifdef HAVE_SYS_TYPES_H
| # include <sys/types.h>
| #endif
| #ifdef HAVE_SYS_STAT_H
| # include <sys/stat.h>
| #endif
| #ifdef STDC_HEADERS
| # include <stdlib.h>
| # include <stddef.h>
| #else
| # ifdef HAVE_STDLIB_H
| #  include <stdlib.h>
| # endif
| #endif
| #ifdef HAVE_STRING_H
| # if !defined STDC_HEADERS && defined HAVE_MEMORY_H
| #  include <memory.h>
| # endif
| # include <string.h>
| #endif
| #ifdef HAVE_STRINGS_H
| # include <strings.h>
| #endif
| #ifdef HAVE_INTTYPES_H
| # include <inttypes.h>
| #endif
| #ifdef HAVE_STDINT_H
| # include <stdint.h>
| #endif
| #ifdef HAVE_UNISTD_H
| # include <unistd.h>
| #endif
| int
| main ()
| {
| static struct stat ac_aggr;
| if (ac_aggr.st_mtim)
| return 0;
|   ;
|   return 0;
| }
configure:13461: gcc -c -g -O2  conftest.c >&5
configure:13461: $? = 0
configure:13461: result: yes
configure:13485: creating ./config.lt

## ------------------ ##
## Running config.lt. ##
## ------------------ ##
config.lt:628: creating libtool
configure:14826: checking for pkg-config
configure:14842: found /usr/bin/pkg-config
configure:14853: result: pkg-config
configure:14899: checking if libkpathsea supports debugging
configure:14918: ./libtool --mode=link --tag=CC gcc -o conftest -g -O2 -I/home/maqiyuan/Desktop/texlive-mobile/src/texlive-source/texk -I/home/maqiyuan/Desktop/texlive-mobile/src/texlive-source/texk   conftest.c /home/maqiyuan/Desktop/texlive-mobile/src/texlive-source/texk/kpathsea/libkpathsea.la  >&5
libtool: link: gcc -o conftest -g -O2 -I/home/maqiyuan/Desktop/texlive-mobile/src/texlive-source/texk -I/home/maqiyuan/Desktop/texlive-mobile/src/texlive-source/texk conftest.c  /home/maqiyuan/Desktop/texlive-mobile/src/texlive-source/texk/kpathsea/.libs/libkpathsea.a
configure:14918: $? = 0
configure:14929: result: yes
configure:15073: checking that generated files are newer than configure
configure:15079: result: done
configure:15106: creating ./config.status

## ---------------------- ##
## Running config.status. ##
## ---------------------- ##

This file was extended by dvi2tty (TeX Live) config.status 5.3.4, which was
generated by GNU Autoconf 2.69.  Invocation command line was

  CONFIG_FILES    = 
  CONFIG_HEADERS  = 
  CONFIG_LINKS    = 
  CONFIG_COMMANDS = 
  $ ./config.status 

on maqiyuan-E430c

config.status:1126: creating Makefile
config.status:1126: creating c-auto.h
config.status:1355: executing depfiles commands
config.status:1355: executing libtool commands

## ---------------- ##
## Cache variables. ##
## ---------------- ##

ac_cv_build=x86_64-pc-linux-gnu
ac_cv_c_compiler_gnu=yes
ac_cv_c_const=yes
ac_cv_c_inline=inline
ac_cv_c_int64_t=yes
ac_cv_c_uint64_t=yes
ac_cv_env_CC_set=
ac_cv_env_CC_value=
ac_cv_env_CFLAGS_set=
ac_cv_env_CFLAGS_value=
ac_cv_env_CPPFLAGS_set=
ac_cv_env_CPPFLAGS_value=
ac_cv_env_CPP_set=
ac_cv_env_CPP_value=
ac_cv_env_LDFLAGS_set=
ac_cv_env_LDFLAGS_value=
ac_cv_env_LIBS_set=
ac_cv_env_LIBS_value=
ac_cv_env_LT_SYS_LIBRARY_PATH_set=
ac_cv_env_LT_SYS_LIBRARY_PATH_value=
ac_cv_env_build_alias_set=
ac_cv_env_build_alias_value=
ac_cv_env_host_alias_set=
ac_cv_env_host_alias_value=
ac_cv_env_target_alias_set=
ac_cv_env_target_alias_value=
ac_cv_func_closedir_void=no
ac_cv_func_getcwd=yes
ac_cv_func_getwd=yes
ac_cv_func_memcmp=yes
ac_cv_func_memcpy=yes
ac_cv_func_mkstemp=yes
ac_cv_func_mktemp=yes
ac_cv_func_putenv=yes
ac_cv_func_strchr=yes
ac_cv_func_strrchr=yes
ac_cv_have_decl_isascii=yes
ac_cv_header_assert_h=yes
ac_cv_header_dirent_dirent_h=yes
ac_cv_header_dlfcn_h=yes
ac_cv_header_float_h=yes
ac_cv_header_inttypes_h=yes
ac_cv_header_limits_h=yes
ac_cv_header_memory_h=yes
ac_cv_header_pwd_h=yes
ac_cv_header_stdc=yes
ac_cv_header_stdint_h=yes
ac_cv_header_stdlib_h=yes
ac_cv_header_string_h=yes
ac_cv_header_strings_h=yes
ac_cv_header_sys_param_h=yes
ac_cv_header_sys_stat_h=yes
ac_cv_header_sys_types_h=yes
ac_cv_header_unistd_h=yes
ac_cv_host=x86_64-pc-linux-gnu
ac_cv_member_struct_stat_st_mtim=yes
ac_cv_objext=o
ac_cv_path_EGREP='/bin/grep -E'
ac_cv_path_FGREP='/bin/grep -F'
ac_cv_path_GREP=/bin/grep
ac_cv_path_SED=/bin/sed
ac_cv_path_install='/usr/bin/install -c'
ac_cv_path_lt_DD=/bin/dd
ac_cv_path_mkdir=/bin/mkdir
ac_cv_prog_AWK=gawk
ac_cv_prog_CPP='gcc -E'
ac_cv_prog_ac_ct_AR=ar
ac_cv_prog_ac_ct_CC=gcc
ac_cv_prog_ac_ct_MANIFEST_TOOL=mt
ac_cv_prog_ac_ct_OBJDUMP=objdump
ac_cv_prog_ac_ct_PKG_CONFIG=pkg-config
ac_cv_prog_ac_ct_RANLIB=ranlib
ac_cv_prog_ac_ct_STRIP=strip
ac_cv_prog_cc_c89=
ac_cv_prog_cc_g=yes
ac_cv_prog_make_make_set=yes
ac_cv_search_opendir='none required'
ac_cv_sys_file_offset_bits=no
ac_cv_sys_largefile_CC=no
ac_cv_sys_largefile_source=no
ac_cv_type_size_t=yes
am_cv_CC_dependencies_compiler_type=gcc3
am_cv_make_support_nested_variables=yes
am_cv_prog_cc_c_o=yes
kb_cv_c_prototypes=yes
kpse_cv_kpse_debug=yes
kpse_cv_warning_cflags='-Wimplicit -Wreturn-type -Wdeclaration-after-statement -Wno-unknown-pragmas'
lt_cv_ar_at_file=@
lt_cv_deplibs_check_method=pass_all
lt_cv_file_magic_cmd='$MAGIC_CMD'
lt_cv_file_magic_test_file=
lt_cv_ld_reload_flag=-r
lt_cv_nm_interface='BSD nm'
lt_cv_objdir=.libs
lt_cv_path_LD=/usr/bin/ld
lt_cv_path_NM='/usr/bin/nm -B'
lt_cv_path_mainfest_tool=no
lt_cv_prog_compiler_c_o=yes
lt_cv_prog_compiler_pic='-fPIC -DPIC'
lt_cv_prog_compiler_pic_works=yes
lt_cv_prog_compiler_rtti_exceptions=no
lt_cv_prog_compiler_static_works=yes
lt_cv_prog_gnu_ld=yes
lt_cv_sharedlib_from_linklib_cmd='printf %s\n'
lt_cv_shlibpath_overrides_runpath=no
lt_cv_sys_global_symbol_pipe='sed -n -e '\''s/^.*[	 ]\([ABCDGIRSTW][ABCDGIRSTW]*\)[	 ][	 ]*\([_A-Za-z][_A-Za-z0-9]*\)$/\1 \2 \2/p'\'' | sed '\''/ __gnu_lto/d'\'''
lt_cv_sys_global_symbol_to_c_name_address='sed -n -e '\''s/^: \(.*\) .*$/  {"\1", (void *) 0},/p'\'' -e '\''s/^[ABCDGIRSTW][ABCDGIRSTW]* .* \(.*\)$/  {"\1", (void *) \&\1},/p'\'''
lt_cv_sys_global_symbol_to_c_name_address_lib_prefix='sed -n -e '\''s/^: \(.*\) .*$/  {"\1", (void *) 0},/p'\'' -e '\''s/^[ABCDGIRSTW][ABCDGIRSTW]* .* \(lib.*\)$/  {"\1", (void *) \&\1},/p'\'' -e '\''s/^[ABCDGIRSTW][ABCDGIRSTW]* .* \(.*\)$/  {"lib\1", (void *) \&\1},/p'\'''
lt_cv_sys_global_symbol_to_cdecl='sed -n -e '\''s/^T .* \(.*\)$/extern int \1();/p'\'' -e '\''s/^[ABCDGIRSTW][ABCDGIRSTW]* .* \(.*\)$/extern char \1;/p'\'''
lt_cv_sys_global_symbol_to_import=
lt_cv_sys_max_cmd_len=1572864
lt_cv_to_host_file_cmd=func_convert_file_noop
lt_cv_to_tool_file_cmd=func_convert_file_noop
lt_cv_truncate_bin='/bin/dd bs=4096 count=1'

## ----------------- ##
## Output variables. ##
## ----------------- ##

	cd ${top_builddir}/../kpathsea && $(MAKE) $(AM_MAKEFLAGS) rebuild
	cd ${top_builddir}/../kpathsea && $(MAKE) $(AM_MAKEFLAGS) rebuild'
	cd ${top_builddir}/../ptexenc && $(MAKE) $(AM_MAKEFLAGS) rebuild'
$(KPATHSEA_DEPEND): ${top_srcdir}/../kpathsea/*.[ch] ${top_builddir}/../kpathsea/paths.h
$(PTEXENC_DEPEND): ${top_srcdir}/../ptexenc/*.c ${top_srcdir}/../ptexenc/ptexenc/*.h
${top_builddir}/../kpathsea/paths.h:
ACLOCAL='${SHELL} /home/maqiyuan/Desktop/texlive-mobile/src/texlive-source/build-aux/missing aclocal-1.15'
AMDEPBACKSLASH='\'
AMDEP_FALSE='#'
AMDEP_TRUE=''
AMTAR='$${TAR-tar}'
AM_BACKSLASH='\'
AM_DEFAULT_V='$(AM_DEFAULT_VERBOSITY)'
AM_DEFAULT_VERBOSITY='1'
AM_V='$(V)'
AR='ar'
AS='as'
AUTOCONF='${SHELL} /home/maqiyuan/Desktop/texlive-mobile/src/texlive-source/build-aux/missing autoconf'
AUTOHEADER='${SHELL} /home/maqiyuan/Desktop/texlive-mobile/src/texlive-source/build-aux/missing autoheader'
AUTOMAKE='${SHELL} /home/maqiyuan/Desktop/texlive-mobile/src/texlive-source/build-aux/missing automake-1.15'
AWK='gawk'
CC='gcc'
CCDEPMODE='depmode=gcc3'
CFLAGS='-g -O2'
CPP='gcc -E'
CPPFLAGS=''
CYGPATH_W='echo'
DEFS='-DHAVE_CONFIG_H'
DEPDIR='.deps'
DLLTOOL='false'
DSYMUTIL=''
DUMPBIN=''
DVI2TTY_TREE='dvi2tty-5.3.4'
ECHO_C=''
ECHO_N='-n'
ECHO_T=''
EGREP='/bin/grep -E'
EXEEXT=''
FGREP='/bin/grep -F'
GREP='/bin/grep'
INSTALL_DATA='${INSTALL} -m 644'
INSTALL_PROGRAM='${INSTALL}'
INSTALL_SCRIPT='${INSTALL}'
INSTALL_STRIP_PROGRAM='$(install_sh) -c -s'
KPATHSEA_DEPEND='${top_builddir}/../kpathsea/libkpathsea.la'
KPATHSEA_INCLUDES='-I/home/maqiyuan/Desktop/texlive-mobile/src/texlive-source/texk -I/home/maqiyuan/Desktop/texlive-mobile/src/texlive-source/texk'
KPATHSEA_LIBS='/home/maqiyuan/Desktop/texlive-mobile/src/texlive-source/texk/kpathsea/libkpathsea.la'
KPATHSEA_RULE='# Rebuild libkpathsea
LD='/usr/bin/ld -m elf_x86_64'
LDFLAGS=''
LIBOBJS=''
LIBS=''
LIBTOOL='$(SHELL) $(top_builddir)/libtool'
LIPO=''
LN_S='ln -s'
LTLIBOBJS=''
LT_SYS_LIBRARY_PATH=''
MAINT='#'
MAINTAINER_MODE_FALSE=''
MAINTAINER_MODE_TRUE='#'
MAKEINFO='${SHELL} /home/maqiyuan/Desktop/texlive-mobile/src/texlive-source/build-aux/missing makeinfo'
MANIFEST_TOOL=':'
MKDIR_P='/bin/mkdir -p'
NM='/usr/bin/nm -B'
NMEDIT=''
OBJDUMP='objdump'
OBJEXT='o'
OTOOL64=''
OTOOL=''
PACKAGE='dvi2tty--tex-live-'
PACKAGE_BUGREPORT='tex-k@tug.org'
PACKAGE_NAME='dvi2tty (TeX Live)'
PACKAGE_STRING='dvi2tty (TeX Live) 5.3.4'
PACKAGE_TARNAME='dvi2tty--tex-live-'
PACKAGE_URL=''
PACKAGE_VERSION='5.3.4'
PATH_SEPARATOR=':'
PKG_CONFIG='pkg-config'
PTEXENC_DEPEND='${top_builddir}/../ptexenc/libptexenc.la'
PTEXENC_INCLUDES='-I/home/maqiyuan/Desktop/texlive-mobile/src/texlive-source/texk/ptexenc -I/home/maqiyuan/Desktop/texlive-mobile/src/texlive-source/texk/ptexenc'
PTEXENC_LIBS='/home/maqiyuan/Desktop/texlive-mobile/src/texlive-source/texk/ptexenc/libptexenc.la'
PTEXENC_RULE='# Rebuild libptexenc
RANLIB='ranlib'
SED='/bin/sed'
SET_MAKE=''
SHELL='/bin/bash'
STRIP='strip'
VERSION='5.3.4'
WARNING_CFLAGS='-Wimplicit -Wreturn-type -Wdeclaration-after-statement -Wno-unknown-pragmas'
ac_ct_AR='ar'
ac_ct_CC='gcc'
ac_ct_DUMPBIN=''
am__EXEEXT_FALSE=''
am__EXEEXT_TRUE='#'
am__fastdepCC_FALSE='#'
am__fastdepCC_TRUE=''
am__include='include'
am__isrc=''
am__leading_dot='.'
am__nodep='_no'
am__quote=''
am__tar='$${TAR-tar} chof - "$$tardir"'
am__untar='$${TAR-tar} xf -'
bindir='${exec_prefix}/bin/x86_64-pc-linux-gnu'
build='x86_64-pc-linux-gnu'
build_alias=''
build_cpu='x86_64'
build_os='linux-gnu'
build_vendor='pc'
datadir='${datarootdir}'
datarootdir='${prefix}'
docdir='${datarootdir}/doc/${PACKAGE_TARNAME}'
dvidir='${docdir}'
exec_prefix='${prefix}'
host='x86_64-pc-linux-gnu'
host_alias=''
host_cpu='x86_64'
host_os='linux-gnu'
host_vendor='pc'
htmldir='${docdir}'
includedir='${prefix}/include'
infodir='${prefix}/texmf-dist/doc/info'
install_sh='${SHELL} /home/maqiyuan/Desktop/texlive-mobile/src/texlive-source/build-aux/install-sh'
libdir='${exec_prefix}/lib/x86_64-pc-linux-gnu'
libexecdir='${exec_prefix}/libexec'
localedir='${datarootdir}/locale'
localstatedir='${prefix}/var'
mandir='${prefix}/texmf-dist/doc/man'
mkdir_p='$(MKDIR_P)'
oldincludedir='/usr/include'
pdfdir='${docdir}'
prefix='/usr/local'
program_transform_name='s,x,x,'
psdir='${docdir}'
sbindir='${exec_prefix}/sbin'
sharedstatedir='${prefix}/com'
sysconfdir='${prefix}/etc'
target_alias=''

## ----------- ##
## confdefs.h. ##
## ----------- ##

/* confdefs.h */
#define PACKAGE_NAME "dvi2tty (TeX Live)"
#define PACKAGE_TARNAME "dvi2tty--tex-live-"
#define PACKAGE_VERSION "5.3.4"
#define PACKAGE_STRING "dvi2tty (TeX Live) 5.3.4"
#define PACKAGE_BUGREPORT "tex-k@tug.org"
#define PACKAGE_URL ""
#define STDC_HEADERS 1
#define HAVE_SYS_TYPES_H 1
#define HAVE_SYS_STAT_H 1
#define HAVE_STDLIB_H 1
#define HAVE_STRING_H 1
#define HAVE_MEMORY_H 1
#define HAVE_STRINGS_H 1
#define HAVE_INTTYPES_H 1
#define HAVE_STDINT_H 1
#define HAVE_UNISTD_H 1
#define HAVE_DLFCN_H 1
#define PACKAGE "dvi2tty--tex-live-"
#define VERSION "5.3.4"
#define LT_OBJDIR ".libs/"
#define HAVE_FSEEKO 1
#define HAVE_DIRENT_H 1
#define STDC_HEADERS 1
#define HAVE_ASSERT_H 1
#define HAVE_FLOAT_H 1
#define HAVE_LIMITS_H 1
#define HAVE_PWD_H 1
#define HAVE_STDLIB_H 1
#define HAVE_SYS_PARAM_H 1
#define HAVE_PUTENV 1
#define HAVE_GETCWD 1
#define HAVE_GETWD 1
#define HAVE_MEMCMP 1
#define HAVE_MEMCPY 1
#define HAVE_MKSTEMP 1
#define HAVE_MKTEMP 1
#define HAVE_STRCHR 1
#define HAVE_STRRCHR 1
#define HAVE_DECL_ISASCII 1
#define HAVE_STRUCT_STAT_ST_MTIM 1

configure: exit 0
