This file contains any messages produced by compilers while
running configure, to aid debugging if configure makes a mistake.

It was created by TeX Live configure 2015-06-12, which was
generated by GNU Autoconf 2.69.  Invocation command line was

  $ ./configure --enable-build-in-source-tree

## --------- ##
## Platform. ##
## --------- ##

hostname = maqiyuan-E430c
uname -m = x86_64
uname -r = 4.4.0-31-generic
uname -s = Linux
uname -v = #50-Ubuntu SMP Wed Jul 13 00:07:12 UTC 2016

/usr/bin/uname -p = unknown
/bin/uname -X     = unknown

/bin/arch              = unknown
/usr/bin/arch -k       = unknown
/usr/convex/getsysinfo = unknown
/usr/bin/hostinfo      = unknown
/bin/machine           = unknown
/usr/bin/oslevel       = unknown
/bin/universe          = unknown

PATH: /usr/local/sbin
PATH: /usr/local/bin
PATH: /usr/sbin
PATH: /usr/bin
PATH: /sbin
PATH: /bin
PATH: /usr/games
PATH: /usr/local/games
PATH: /snap/bin
PATH: /home/maqiyuan/bin/FDK/Tools/linux


## ----------- ##
## Core tests. ##
## ----------- ##

configure:3070: checking build system type
configure:3084: result: x86_64-pc-linux-gnu
configure:3104: checking host system type
configure:3117: result: x86_64-pc-linux-gnu
configure:3193: checking for gcc
configure:3209: found /usr/bin/gcc
configure:3220: result: gcc
configure:3449: checking for C compiler version
configure:3458: gcc --version >&5
gcc (Ubuntu 5.4.0-6ubuntu1~16.04.1) 5.4.0 20160609
Copyright (C) 2015 Free Software Foundation, Inc.
This is free software; see the source for copying conditions.  There is NO
warranty; not even for MERCHANTABILITY or FITNESS FOR A PARTICULAR PURPOSE.

configure:3469: $? = 0
configure:3458: gcc -v >&5
Using built-in specs.
COLLECT_GCC=gcc
COLLECT_LTO_WRAPPER=/usr/lib/gcc/x86_64-linux-gnu/5/lto-wrapper
Target: x86_64-linux-gnu
Configured with: ../src/configure -v --with-pkgversion='Ubuntu 5.4.0-6ubuntu1~16.04.1' --with-bugurl=file:///usr/share/doc/gcc-5/README.Bugs --enable-languages=c,ada,c++,java,go,d,fortran,objc,obj-c++ --prefix=/usr --program-suffix=-5 --enable-shared --enable-linker-build-id --libexecdir=/usr/lib --without-included-gettext --enable-threads=posix --libdir=/usr/lib --enable-nls --with-sysroot=/ --enable-clocale=gnu --enable-libstdcxx-debug --enable-libstdcxx-time=yes --with-default-libstdcxx-abi=new --enable-gnu-unique-object --disable-vtable-verify --enable-libmpx --enable-plugin --with-system-zlib --disable-browser-plugin --enable-java-awt=gtk --enable-gtk-cairo --with-java-home=/usr/lib/jvm/java-1.5.0-gcj-5-amd64/jre --enable-java-home --with-jvm-root-dir=/usr/lib/jvm/java-1.5.0-gcj-5-amd64 --with-jvm-jar-dir=/usr/lib/jvm-exports/java-1.5.0-gcj-5-amd64 --with-arch-directory=amd64 --with-ecj-jar=/usr/share/java/eclipse-ecj.jar --enable-objc-gc --enable-multiarch --disable-werror --with-arch-32=i686 --with-abi=m64 --with-multilib-list=m32,m64,mx32 --enable-multilib --with-tune=generic --enable-checking=release --build=x86_64-linux-gnu --host=x86_64-linux-gnu --target=x86_64-linux-gnu
Thread model: posix
gcc version 5.4.0 20160609 (Ubuntu 5.4.0-6ubuntu1~16.04.1) 
configure:3469: $? = 0
configure:3458: gcc -V >&5
gcc: error: unrecognized command line option '-V'
gcc: fatal error: no input files
compilation terminated.
configure:3469: $? = 1
configure:3458: gcc -qversion >&5
gcc: error: unrecognized command line option '-qversion'
gcc: fatal error: no input files
compilation terminated.
configure:3469: $? = 1
configure:3489: checking whether the C compiler works
configure:3511: gcc    conftest.c  >&5
configure:3515: $? = 0
configure:3563: result: yes
configure:3566: checking for C compiler default output file name
configure:3568: result: a.out
configure:3574: checking for suffix of executables
configure:3581: gcc -o conftest    conftest.c  >&5
configure:3585: $? = 0
configure:3607: result: 
configure:3629: checking whether we are cross compiling
configure:3637: gcc -o conftest    conftest.c  >&5
configure:3641: $? = 0
configure:3648: ./conftest
configure:3652: $? = 0
configure:3667: result: no
configure:3672: checking for suffix of object files
configure:3694: gcc -c   conftest.c >&5
configure:3698: $? = 0
configure:3719: result: o
configure:3723: checking whether we are using the GNU C compiler
configure:3742: gcc -c   conftest.c >&5
configure:3742: $? = 0
configure:3751: result: yes
configure:3760: checking whether gcc accepts -g
configure:3780: gcc -c -g  conftest.c >&5
configure:3780: $? = 0
configure:3821: result: yes
configure:3838: checking for gcc option to accept ISO C89
configure:3901: gcc  -c -g -O2  conftest.c >&5
configure:3901: $? = 0
configure:3914: result: none needed
configure:3939: checking whether gcc understands -c and -o together
configure:3961: gcc -c conftest.c -o conftest2.o
configure:3964: $? = 0
configure:3961: gcc -c conftest.c -o conftest2.o
configure:3964: $? = 0
configure:3976: result: yes
configure:4101: checking for native WIN32 or MINGW32
configure:4119: gcc -c -g -O2  conftest.c >&5
conftest.c:10:3: error: unknown type name 'choke'
   choke me
   ^
conftest.c:12:1: error: expected '=', ',', ';', 'asm' or '__attribute__' before 'int'
 int
 ^
configure:4119: $? = 1
configure: failed program was:
| /* confdefs.h */
| #define PACKAGE_NAME "TeX Live"
| #define PACKAGE_TARNAME "tex-live"
| #define PACKAGE_VERSION "2015-06-12"
| #define PACKAGE_STRING "TeX Live 2015-06-12"
| #define PACKAGE_BUGREPORT "tex-k@tug.org"
| #define PACKAGE_URL ""
| /* end confdefs.h.  */
| #ifndef WIN32
|   choke me
| #endif
| int
| main ()
| {
| 
|   ;
|   return 0;
| }
configure:4144: result: no
configure:4154: Assuming `--with-x'
configure:4202: Assuming `--enable-devnag=yes'
configure:4220: Assuming `--enable-lacheck=yes'
configure:4238: Assuming `--enable-m-tx=yes'
configure:4256: Assuming `--enable-pmx=yes'
configure:4274: Assuming `--enable-ps2eps=yes'
configure:4292: Assuming `--enable-t1utils=yes'
configure:4310: Assuming `--enable-texdoctk=yes'
configure:4328: Assuming `--enable-tpic2pdftex=yes'
configure:4346: Assuming `--enable-vlna=yes'
configure:4373: Assuming `--enable-xindy=no'
configure:4410: Assuming `--with-clisp-runtime=default'
configure:4444: Assuming `--enable-xpdfopen=yes'
configure:4463: Assuming `--enable-web2c=yes'
configure:4879: Assuming `--enable-afm2pl=yes'
configure:4901: Assuming `--enable-bibtex-x=yes'
configure:4950: Assuming `--enable-chktex=yes'
configure:4972: Assuming `--enable-cjkutils=yes'
configure:4994: Assuming `--enable-detex=yes'
configure:5016: Assuming `--enable-dtl=yes'
configure:5038: Assuming `--enable-dvi2tty=yes'
configure:5060: Assuming `--enable-dvidvi=yes'
configure:5082: Assuming `--enable-dviljk=yes'
configure:5104: Assuming `--enable-dvipdfm-x=yes'
configure:5128: Assuming `--enable-dvipng=yes'
configure:5170: Assuming `--enable-dvipos=yes'
configure:5192: Assuming `--enable-dvipsk=yes'
configure:5214: Assuming `--enable-dvisvgm=yes'
configure:5272: Assuming `--enable-gregorio=yes'
configure:5294: Assuming `--enable-gsftopk=yes'
configure:5316: Assuming `--enable-lcdf-typetools=yes'
configure:5403: Assuming `--enable-makeindexk=yes'
configure:5425: Assuming `--enable-makejvf=yes'
configure:5447: Assuming `--enable-mendexk=yes'
configure:5469: Assuming `--enable-musixtnt=yes'
configure:5491: Assuming `--enable-ps2pk=yes'
configure:5513: Assuming `--enable-psutils=yes'
configure:5536: Assuming `--enable-seetexk=yes'
configure:5558: Assuming `--enable-tex4htk=yes'
configure:5580: Assuming `--enable-ttf2pk2=yes'
configure:5603: Assuming `--enable-ttfdump=yes'
configure:5638: Assuming `--enable-xdvik=yes'
configure:5670: Assuming `--enable-texlive=yes'
configure:5693: Assuming `harfbuzz' headers and library from TL tree
configure:5746: Assuming `icu' headers and library from TL tree
configure:5776: Assuming `teckit' headers and library from TL tree
configure:5820: Assuming `graphite2' headers and library from TL tree
configure:5850: Assuming `zziplib' headers and library from TL tree
configure:5894: Assuming `xpdf' headers and library from TL tree
configure:5924: Assuming `poppler' headers and library from TL tree
configure:5978: Assuming `mpfr' headers and library from TL tree
configure:6032: Assuming `gmp' headers and library from TL tree
configure:6062: Assuming `cairo' headers and library from TL tree
configure:6106: Assuming `pixman' headers and library from TL tree
configure:6146: Assuming `potrace' headers and library from TL tree
configure:6186: Assuming `gd' headers and library from TL tree
configure:6239: Assuming `freetype2' headers and library from TL tree
configure:6283: Assuming `libpng' headers and library from TL tree
configure:6337: Assuming `libpaper' headers and library from TL tree
configure:6383: Assuming `zlib' headers and library from TL tree
configure:6414: Assuming `ptexenc' headers and library from TL tree
configure:6458: Assuming `kpathsea' headers and library from TL tree
configure:6530: checking for a BSD-compatible install
configure:6598: result: /usr/bin/install -c
configure:6609: checking whether build environment is sane
configure:6664: result: yes
configure:6812: checking for a thread-safe mkdir -p
configure:6851: result: /bin/mkdir -p
configure:6858: checking for gawk
configure:6874: found /usr/bin/gawk
configure:6885: result: gawk
configure:6896: checking whether make sets $(MAKE)
configure:6918: result: yes
configure:6948: checking for style of include used by make
configure:6976: result: GNU
configure:7010: checking whether make supports nested variables
configure:7027: result: yes
configure:7099: checking how to print strings
configure:7126: result: printf
configure:7147: checking for a sed that does not truncate output
configure:7211: result: /bin/sed
configure:7229: checking for grep that handles long lines and -e
configure:7287: result: /bin/grep
configure:7292: checking for egrep
configure:7354: result: /bin/grep -E
configure:7359: checking for fgrep
configure:7421: result: /bin/grep -F
configure:7456: checking for ld used by gcc
configure:7523: result: /usr/bin/ld
configure:7530: checking if the linker (/usr/bin/ld) is GNU ld
configure:7545: result: yes
configure:7557: checking for BSD- or MS-compatible name lister (nm)
configure:7611: result: /usr/bin/nm -B
configure:7741: checking the name lister (/usr/bin/nm -B) interface
configure:7748: gcc -c -g -O2  conftest.c >&5
configure:7751: /usr/bin/nm -B "conftest.o"
configure:7754: output
0000000000000000 B some_variable
configure:7761: result: BSD nm
configure:7764: checking whether ln -s works
configure:7768: result: yes
configure:7776: checking the maximum length of command line arguments
configure:7907: result: 1572864
configure:7955: checking how to convert x86_64-pc-linux-gnu file names to x86_64-pc-linux-gnu format
configure:7995: result: func_convert_file_noop
configure:8002: checking how to convert x86_64-pc-linux-gnu file names to toolchain format
configure:8022: result: func_convert_file_noop
configure:8029: checking for /usr/bin/ld option to reload object files
configure:8036: result: -r
configure:8110: checking for objdump
configure:8126: found /usr/bin/objdump
configure:8137: result: objdump
configure:8166: checking how to recognize dependent libraries
configure:8366: result: pass_all
configure:8451: checking for dlltool
configure:8481: result: no
configure:8508: checking how to associate runtime and link libraries
configure:8535: result: printf %s\n
configure:8595: checking for ar
configure:8611: found /usr/bin/ar
configure:8622: result: ar
configure:8659: checking for archiver @FILE support
configure:8676: gcc -c -g -O2  conftest.c >&5
configure:8676: $? = 0
configure:8679: ar cru libconftest.a @conftest.lst >&5
ar: `u' modifier ignored since `D' is the default (see `U')
configure:8682: $? = 0
configure:8687: ar cru libconftest.a @conftest.lst >&5
ar: `u' modifier ignored since `D' is the default (see `U')
ar: conftest.o: No such file or directory
configure:8690: $? = 1
configure:8702: result: @
configure:8760: checking for strip
configure:8776: found /usr/bin/strip
configure:8787: result: strip
configure:8859: checking for ranlib
configure:8875: found /usr/bin/ranlib
configure:8886: result: ranlib
configure:8988: checking command to parse /usr/bin/nm -B output from gcc object
configure:9141: gcc -c -g -O2  conftest.c >&5
configure:9144: $? = 0
configure:9148: /usr/bin/nm -B conftest.o \| sed -n -e 's/^.*[ ]\([ABCDGIRSTW][ABCDGIRSTW]*\)[ ][ ]*\([_A-Za-z][_A-Za-z0-9]*\)$/\1 \2 \2/p' | sed '/ __gnu_lto/d' \> conftest.nm
configure:9151: $? = 0
configure:9217: gcc -o conftest -g -O2   conftest.c conftstm.o >&5
configure:9220: $? = 0
configure:9258: result: ok
configure:9305: checking for sysroot
configure:9335: result: no
configure:9342: checking for a working dd
configure:9380: result: /bin/dd
configure:9384: checking how to truncate binary pipes
configure:9399: result: /bin/dd bs=4096 count=1
configure:9535: gcc -c -g -O2  conftest.c >&5
configure:9538: $? = 0
configure:9728: checking for mt
configure:9744: found /bin/mt
configure:9755: result: mt
configure:9778: checking if mt is a manifest tool
configure:9784: mt '-?'
configure:9792: result: no
configure:10469: checking how to run the C preprocessor
configure:10500: gcc -E  conftest.c
configure:10500: $? = 0
configure:10514: gcc -E  conftest.c
conftest.c:9:28: fatal error: ac_nonexistent.h: No such file or directory
compilation terminated.
configure:10514: $? = 1
configure: failed program was:
| /* confdefs.h */
| #define PACKAGE_NAME "TeX Live"
| #define PACKAGE_TARNAME "tex-live"
| #define PACKAGE_VERSION "2015-06-12"
| #define PACKAGE_STRING "TeX Live 2015-06-12"
| #define PACKAGE_BUGREPORT "tex-k@tug.org"
| #define PACKAGE_URL ""
| /* end confdefs.h.  */
| #include <ac_nonexistent.h>
configure:10539: result: gcc -E
configure:10559: gcc -E  conftest.c
configure:10559: $? = 0
configure:10573: gcc -E  conftest.c
conftest.c:9:28: fatal error: ac_nonexistent.h: No such file or directory
compilation terminated.
configure:10573: $? = 1
configure: failed program was:
| /* confdefs.h */
| #define PACKAGE_NAME "TeX Live"
| #define PACKAGE_TARNAME "tex-live"
| #define PACKAGE_VERSION "2015-06-12"
| #define PACKAGE_STRING "TeX Live 2015-06-12"
| #define PACKAGE_BUGREPORT "tex-k@tug.org"
| #define PACKAGE_URL ""
| /* end confdefs.h.  */
| #include <ac_nonexistent.h>
configure:10602: checking for ANSI C header files
configure:10622: gcc -c -g -O2  conftest.c >&5
configure:10622: $? = 0
configure:10695: gcc -o conftest -g -O2   conftest.c  >&5
configure:10695: $? = 0
configure:10695: ./conftest
configure:10695: $? = 0
configure:10706: result: yes
configure:10719: checking for sys/types.h
configure:10719: gcc -c -g -O2  conftest.c >&5
configure:10719: $? = 0
configure:10719: result: yes
configure:10719: checking for sys/stat.h
configure:10719: gcc -c -g -O2  conftest.c >&5
configure:10719: $? = 0
configure:10719: result: yes
configure:10719: checking for stdlib.h
configure:10719: gcc -c -g -O2  conftest.c >&5
configure:10719: $? = 0
configure:10719: result: yes
configure:10719: checking for string.h
configure:10719: gcc -c -g -O2  conftest.c >&5
configure:10719: $? = 0
configure:10719: result: yes
configure:10719: checking for memory.h
configure:10719: gcc -c -g -O2  conftest.c >&5
configure:10719: $? = 0
configure:10719: result: yes
configure:10719: checking for strings.h
configure:10719: gcc -c -g -O2  conftest.c >&5
configure:10719: $? = 0
configure:10719: result: yes
configure:10719: checking for inttypes.h
configure:10719: gcc -c -g -O2  conftest.c >&5
configure:10719: $? = 0
configure:10719: result: yes
configure:10719: checking for stdint.h
configure:10719: gcc -c -g -O2  conftest.c >&5
configure:10719: $? = 0
configure:10719: result: yes
configure:10719: checking for unistd.h
configure:10719: gcc -c -g -O2  conftest.c >&5
configure:10719: $? = 0
configure:10719: result: yes
configure:10733: checking for dlfcn.h
configure:10733: gcc -c -g -O2  conftest.c >&5
configure:10733: $? = 0
configure:10733: result: yes
configure:10813: checking how to create a pax tar archive
configure:10824: tar --version
tar (GNU tar) 1.28
Copyright (C) 2014 Free Software Foundation, Inc.
License GPLv3+: GNU GPL version 3 or later <http://gnu.org/licenses/gpl.html>.
This is free software: you are free to change and redistribute it.
There is NO WARRANTY, to the extent permitted by law.

Written by John Gilmore and Jay Fenlason.
configure:10827: $? = 0
configure:10867: tardir=conftest.dir && eval tar --format=posix -chf - "$tardir" >conftest.tar
configure:10870: $? = 0
configure:10874: tar -xf - <conftest.tar
configure:10877: $? = 0
configure:10879: cat conftest.dir/file
GrepMe
configure:10882: $? = 0
configure:10895: result: gnutar
configure:10904: checking dependency style of gcc
configure:11015: result: gcc3
configure:11074: checking whether to enable maintainer-specific portions of Makefiles
configure:11083: result: no
configure:11096: checking whether the compiler accepts prototypes
configure:11112: gcc -o conftest -g -O2   conftest.c  >&5
configure:11112: $? = 0
configure:11120: result: yes
configure:11125: checking what warning flags to pass to the C compiler
configure:11170: result: -Wimplicit -Wreturn-type -Wdeclaration-after-statement -Wno-unknown-pragmas
configure:11724: checking for objdir
configure:11739: result: .libs
configure:12003: checking if gcc supports -fno-rtti -fno-exceptions
configure:12021: gcc -c -g -O2  -fno-rtti -fno-exceptions conftest.c >&5
cc1: warning: command line option '-fno-rtti' is valid for C++/ObjC++ but not for C
configure:12025: $? = 0
configure:12038: result: no
configure:12396: checking for gcc option to produce PIC
configure:12403: result: -fPIC -DPIC
configure:12411: checking if gcc PIC flag -fPIC -DPIC works
configure:12429: gcc -c -g -O2  -fPIC -DPIC -DPIC conftest.c >&5
configure:12433: $? = 0
configure:12446: result: yes
configure:12475: checking if gcc static flag -static works
configure:12503: result: yes
configure:12518: checking if gcc supports -c -o file.o
configure:12539: gcc -c -g -O2  -o out/conftest2.o conftest.c >&5
configure:12543: $? = 0
configure:12565: result: yes
configure:12573: checking if gcc supports -c -o file.o
configure:12620: result: yes
configure:12653: checking whether the gcc linker (/usr/bin/ld -m elf_x86_64) supports shared libraries
configure:13912: result: yes
configure:14152: checking dynamic linker characteristics
configure:14733: gcc -o conftest -g -O2   -Wl,-rpath -Wl,/foo conftest.c  >&5
configure:14733: $? = 0
configure:14970: result: GNU/Linux ld.so
configure:15092: checking how to hardcode library paths into programs
configure:15117: result: immediate
configure:15665: checking whether stripping libraries is possible
configure:15670: result: yes
configure:15705: checking if libtool supports shared libraries
configure:15707: result: yes
configure:15710: checking whether to build shared libraries
configure:15735: result: no
configure:15738: checking whether to build static libraries
configure:15742: result: yes
configure:15786: checking for special C compiler options needed for large files
configure:15831: result: no
configure:15837: checking for _FILE_OFFSET_BITS value needed for large files
configure:15862: gcc -c -g -O2  conftest.c >&5
configure:15862: $? = 0
configure:15894: result: no
configure:15979: checking for _LARGEFILE_SOURCE value needed for large files
configure:15998: gcc -o conftest -g -O2   conftest.c  >&5
configure:15998: $? = 0
configure:16026: result: no
configure:16050: checking for dirent.h that defines DIR
configure:16069: gcc -c -g -O2  conftest.c >&5
configure:16069: $? = 0
configure:16077: result: yes
configure:16090: checking for library containing opendir
configure:16121: gcc -o conftest -g -O2   conftest.c  >&5
configure:16121: $? = 0
configure:16138: result: none required
configure:16205: checking for ANSI C header files
configure:16309: result: yes
configure:16317: checking whether closedir returns void
configure:16341: gcc -o conftest -g -O2   conftest.c  >&5
configure:16341: $? = 0
configure:16341: ./conftest
configure:16341: $? = 0
configure:16351: result: no
configure:16362: checking assert.h usability
configure:16362: gcc -c -g -O2  conftest.c >&5
configure:16362: $? = 0
configure:16362: result: yes
configure:16362: checking assert.h presence
configure:16362: gcc -E  conftest.c
configure:16362: $? = 0
configure:16362: result: yes
configure:16362: checking for assert.h
configure:16362: result: yes
configure:16362: checking float.h usability
configure:16362: gcc -c -g -O2  conftest.c >&5
configure:16362: $? = 0
configure:16362: result: yes
configure:16362: checking float.h presence
configure:16362: gcc -E  conftest.c
configure:16362: $? = 0
configure:16362: result: yes
configure:16362: checking for float.h
configure:16362: result: yes
configure:16362: checking limits.h usability
configure:16362: gcc -c -g -O2  conftest.c >&5
configure:16362: $? = 0
configure:16362: result: yes
configure:16362: checking limits.h presence
configure:16362: gcc -E  conftest.c
configure:16362: $? = 0
configure:16362: result: yes
configure:16362: checking for limits.h
configure:16362: result: yes
configure:16362: checking pwd.h usability
configure:16362: gcc -c -g -O2  conftest.c >&5
configure:16362: $? = 0
configure:16362: result: yes
configure:16362: checking pwd.h presence
configure:16362: gcc -E  conftest.c
configure:16362: $? = 0
configure:16362: result: yes
configure:16362: checking for pwd.h
configure:16362: result: yes
configure:16362: checking for stdlib.h
configure:16362: result: yes
configure:16362: checking sys/param.h usability
configure:16362: gcc -c -g -O2  conftest.c >&5
configure:16362: $? = 0
configure:16362: result: yes
configure:16362: checking sys/param.h presence
configure:16362: gcc -E  conftest.c
configure:16362: $? = 0
configure:16362: result: yes
configure:16362: checking for sys/param.h
configure:16362: result: yes
configure:16374: checking for putenv
configure:16374: gcc -o conftest -g -O2   conftest.c  >&5
configure:16374: $? = 0
configure:16374: result: yes
configure:16386: checking for getcwd
configure:16386: gcc -o conftest -g -O2   conftest.c  >&5
configure:16386: $? = 0
configure:16386: result: yes
configure:16386: checking for getwd
configure:16386: gcc -o conftest -g -O2   conftest.c  >&5
/tmp/cc6OnLvU.o: In function `main':
/home/maqiyuan/Desktop/texlive-mobile/src/texlive-source/conftest.c:68: warning: the `getwd' function is dangerous and should not be used.
configure:16386: $? = 0
configure:16386: result: yes
configure:16386: checking for memcmp
configure:16386: gcc -o conftest -g -O2   conftest.c  >&5
conftest.c:58:6: warning: conflicting types for built-in function 'memcmp'
 char memcmp ();
      ^
configure:16386: $? = 0
configure:16386: result: yes
configure:16386: checking for memcpy
configure:16386: gcc -o conftest -g -O2   conftest.c  >&5
conftest.c:59:6: warning: conflicting types for built-in function 'memcpy'
 char memcpy ();
      ^
configure:16386: $? = 0
configure:16386: result: yes
configure:16386: checking for mkstemp
configure:16386: gcc -o conftest -g -O2   conftest.c  >&5
configure:16386: $? = 0
configure:16386: result: yes
configure:16386: checking for mktemp
configure:16386: gcc -o conftest -g -O2   conftest.c  >&5
/tmp/cc3Z6gke.o: In function `main':
/home/maqiyuan/Desktop/texlive-mobile/src/texlive-source/conftest.c:72: warning: the use of `mktemp' is dangerous, better use `mkstemp' or `mkdtemp'
configure:16386: $? = 0
configure:16386: result: yes
configure:16386: checking for strchr
configure:16386: gcc -o conftest -g -O2   conftest.c  >&5
conftest.c:62:6: warning: conflicting types for built-in function 'strchr'
 char strchr ();
      ^
configure:16386: $? = 0
configure:16386: result: yes
configure:16386: checking for strrchr
configure:16386: gcc -o conftest -g -O2   conftest.c  >&5
conftest.c:63:6: warning: conflicting types for built-in function 'strrchr'
 char strrchr ();
      ^
configure:16386: $? = 0
configure:16386: result: yes
configure:16395: checking for an ANSI C-conforming const
configure:16461: gcc -c -g -O2  conftest.c >&5
configure:16461: $? = 0
configure:16468: result: yes
configure:16476: checking for inline
configure:16492: gcc -c -g -O2  conftest.c >&5
configure:16492: $? = 0
configure:16500: result: inline
configure:16518: checking for size_t
configure:16518: gcc -c -g -O2  conftest.c >&5
configure:16518: $? = 0
configure:16518: gcc -c -g -O2  conftest.c >&5
conftest.c: In function 'main':
conftest.c:77:21: error: expected expression before ')' token
 if (sizeof ((size_t)))
                     ^
configure:16518: $? = 1
configure: failed program was:
| /* confdefs.h */
| #define PACKAGE_NAME "TeX Live"
| #define PACKAGE_TARNAME "tex-live"
| #define PACKAGE_VERSION "2015-06-12"
| #define PACKAGE_STRING "TeX Live 2015-06-12"
| #define PACKAGE_BUGREPORT "tex-k@tug.org"
| #define PACKAGE_URL ""
| #define STDC_HEADERS 1
| #define HAVE_SYS_TYPES_H 1
| #define HAVE_SYS_STAT_H 1
| #define HAVE_STDLIB_H 1
| #define HAVE_STRING_H 1
| #define HAVE_MEMORY_H 1
| #define HAVE_STRINGS_H 1
| #define HAVE_INTTYPES_H 1
| #define HAVE_STDINT_H 1
| #define HAVE_UNISTD_H 1
| #define HAVE_DLFCN_H 1
| #define PACKAGE "tex-live"
| #define VERSION "2015-06-12"
| #define LT_OBJDIR ".libs/"
| #define HAVE_FSEEKO 1
| #define HAVE_DIRENT_H 1
| #define STDC_HEADERS 1
| #define HAVE_ASSERT_H 1
| #define HAVE_FLOAT_H 1
| #define HAVE_LIMITS_H 1
| #define HAVE_PWD_H 1
| #define HAVE_STDLIB_H 1
| #define HAVE_SYS_PARAM_H 1
| #define HAVE_PUTENV 1
| #define HAVE_GETCWD 1
| #define HAVE_GETWD 1
| #define HAVE_MEMCMP 1
| #define HAVE_MEMCPY 1
| #define HAVE_MKSTEMP 1
| #define HAVE_MKTEMP 1
| #define HAVE_STRCHR 1
| #define HAVE_STRRCHR 1
| /* end confdefs.h.  */
| #include <stdio.h>
| #ifdef HAVE_SYS_TYPES_H
| # include <sys/types.h>
| #endif
| #ifdef HAVE_SYS_STAT_H
| # include <sys/stat.h>
| #endif
| #ifdef STDC_HEADERS
| # include <stdlib.h>
| # include <stddef.h>
| #else
| # ifdef HAVE_STDLIB_H
| #  include <stdlib.h>
| # endif
| #endif
| #ifdef HAVE_STRING_H
| # if !defined STDC_HEADERS && defined HAVE_MEMORY_H
| #  include <memory.h>
| # endif
| # include <string.h>
| #endif
| #ifdef HAVE_STRINGS_H
| # include <strings.h>
| #endif
| #ifdef HAVE_INTTYPES_H
| # include <inttypes.h>
| #endif
| #ifdef HAVE_STDINT_H
| # include <stdint.h>
| #endif
| #ifdef HAVE_UNISTD_H
| # include <unistd.h>
| #endif
| int
| main ()
| {
| if (sizeof ((size_t)))
| 	    return 0;
|   ;
|   return 0;
| }
configure:16518: result: yes
configure:16529: checking for int64_t
configure:16529: gcc -c -g -O2  conftest.c >&5
configure:16529: $? = 0
configure:16529: gcc -c -g -O2  conftest.c >&5
conftest.c: In function 'main':
conftest.c:79:53: warning: integer overflow in expression [-Woverflow]
    < (int64_t) (((((int64_t) 1 << N) << N) - 1) * 2 + 2))];
                                                     ^
conftest.c:78:12: error: storage size of 'test_array' isn't constant
 static int test_array [1 - 2 * !((int64_t) (((((int64_t) 1 << N) << N) - 1) * 2 + 1)
            ^
configure:16529: $? = 1
configure: failed program was:
| /* confdefs.h */
| #define PACKAGE_NAME "TeX Live"
| #define PACKAGE_TARNAME "tex-live"
| #define PACKAGE_VERSION "2015-06-12"
| #define PACKAGE_STRING "TeX Live 2015-06-12"
| #define PACKAGE_BUGREPORT "tex-k@tug.org"
| #define PACKAGE_URL ""
| #define STDC_HEADERS 1
| #define HAVE_SYS_TYPES_H 1
| #define HAVE_SYS_STAT_H 1
| #define HAVE_STDLIB_H 1
| #define HAVE_STRING_H 1
| #define HAVE_MEMORY_H 1
| #define HAVE_STRINGS_H 1
| #define HAVE_INTTYPES_H 1
| #define HAVE_STDINT_H 1
| #define HAVE_UNISTD_H 1
| #define HAVE_DLFCN_H 1
| #define PACKAGE "tex-live"
| #define VERSION "2015-06-12"
| #define LT_OBJDIR ".libs/"
| #define HAVE_FSEEKO 1
| #define HAVE_DIRENT_H 1
| #define STDC_HEADERS 1
| #define HAVE_ASSERT_H 1
| #define HAVE_FLOAT_H 1
| #define HAVE_LIMITS_H 1
| #define HAVE_PWD_H 1
| #define HAVE_STDLIB_H 1
| #define HAVE_SYS_PARAM_H 1
| #define HAVE_PUTENV 1
| #define HAVE_GETCWD 1
| #define HAVE_GETWD 1
| #define HAVE_MEMCMP 1
| #define HAVE_MEMCPY 1
| #define HAVE_MKSTEMP 1
| #define HAVE_MKTEMP 1
| #define HAVE_STRCHR 1
| #define HAVE_STRRCHR 1
| /* end confdefs.h.  */
| #include <stdio.h>
| #ifdef HAVE_SYS_TYPES_H
| # include <sys/types.h>
| #endif
| #ifdef HAVE_SYS_STAT_H
| # include <sys/stat.h>
| #endif
| #ifdef STDC_HEADERS
| # include <stdlib.h>
| # include <stddef.h>
| #else
| # ifdef HAVE_STDLIB_H
| #  include <stdlib.h>
| # endif
| #endif
| #ifdef HAVE_STRING_H
| # if !defined STDC_HEADERS && defined HAVE_MEMORY_H
| #  include <memory.h>
| # endif
| # include <string.h>
| #endif
| #ifdef HAVE_STRINGS_H
| # include <strings.h>
| #endif
| #ifdef HAVE_INTTYPES_H
| # include <inttypes.h>
| #endif
| #ifdef HAVE_STDINT_H
| # include <stdint.h>
| #endif
| #ifdef HAVE_UNISTD_H
| # include <unistd.h>
| #endif
| 	        enum { N = 64 / 2 - 1 };
| int
| main ()
| {
| static int test_array [1 - 2 * !((int64_t) (((((int64_t) 1 << N) << N) - 1) * 2 + 1)
| 		 < (int64_t) (((((int64_t) 1 << N) << N) - 1) * 2 + 2))];
| test_array [0] = 0;
| return test_array [0];
| 
|   ;
|   return 0;
| }
configure:16529: result: yes
configure:16540: checking for uint64_t
configure:16540: gcc -c -g -O2  conftest.c >&5
configure:16540: $? = 0
configure:16540: result: yes
configure:16560: checking whether isascii is declared
configure:16560: gcc -c -g -O2  conftest.c >&5
configure:16560: $? = 0
configure:16560: result: yes
configure:16572: checking for struct stat.st_mtim
configure:16572: gcc -c -g -O2  conftest.c >&5
conftest.c: In function 'main':
conftest.c:79:5: error: used struct type value where scalar is required
 if (ac_aggr.st_mtim)
     ^
configure:16572: $? = 1
configure: failed program was:
| /* confdefs.h */
| #define PACKAGE_NAME "TeX Live"
| #define PACKAGE_TARNAME "tex-live"
| #define PACKAGE_VERSION "2015-06-12"
| #define PACKAGE_STRING "TeX Live 2015-06-12"
| #define PACKAGE_BUGREPORT "tex-k@tug.org"
| #define PACKAGE_URL ""
| #define STDC_HEADERS 1
| #define HAVE_SYS_TYPES_H 1
| #define HAVE_SYS_STAT_H 1
| #define HAVE_STDLIB_H 1
| #define HAVE_STRING_H 1
| #define HAVE_MEMORY_H 1
| #define HAVE_STRINGS_H 1
| #define HAVE_INTTYPES_H 1
| #define HAVE_STDINT_H 1
| #define HAVE_UNISTD_H 1
| #define HAVE_DLFCN_H 1
| #define PACKAGE "tex-live"
| #define VERSION "2015-06-12"
| #define LT_OBJDIR ".libs/"
| #define HAVE_FSEEKO 1
| #define HAVE_DIRENT_H 1
| #define STDC_HEADERS 1
| #define HAVE_ASSERT_H 1
| #define HAVE_FLOAT_H 1
| #define HAVE_LIMITS_H 1
| #define HAVE_PWD_H 1
| #define HAVE_STDLIB_H 1
| #define HAVE_SYS_PARAM_H 1
| #define HAVE_PUTENV 1
| #define HAVE_GETCWD 1
| #define HAVE_GETWD 1
| #define HAVE_MEMCMP 1
| #define HAVE_MEMCPY 1
| #define HAVE_MKSTEMP 1
| #define HAVE_MKTEMP 1
| #define HAVE_STRCHR 1
| #define HAVE_STRRCHR 1
| #define HAVE_DECL_ISASCII 1
| /* end confdefs.h.  */
| #include <stdio.h>
| #ifdef HAVE_SYS_TYPES_H
| # include <sys/types.h>
| #endif
| #ifdef HAVE_SYS_STAT_H
| # include <sys/stat.h>
| #endif
| #ifdef STDC_HEADERS
| # include <stdlib.h>
| # include <stddef.h>
| #else
| # ifdef HAVE_STDLIB_H
| #  include <stdlib.h>
| # endif
| #endif
| #ifdef HAVE_STRING_H
| # if !defined STDC_HEADERS && defined HAVE_MEMORY_H
| #  include <memory.h>
| # endif
| # include <string.h>
| #endif
| #ifdef HAVE_STRINGS_H
| # include <strings.h>
| #endif
| #ifdef HAVE_INTTYPES_H
| # include <inttypes.h>
| #endif
| #ifdef HAVE_STDINT_H
| # include <stdint.h>
| #endif
| #ifdef HAVE_UNISTD_H
| # include <unistd.h>
| #endif
| int
| main ()
| {
| static struct stat ac_aggr;
| if (ac_aggr.st_mtim)
| return 0;
|   ;
|   return 0;
| }
configure:16572: gcc -c -g -O2  conftest.c >&5
configure:16572: $? = 0
configure:16572: result: yes
configure:16591: checking for X
configure:16699: gcc -E  conftest.c
configure:16699: $? = 0
configure:16730: gcc -o conftest -g -O2   conftest.c -lX11  >&5
configure:16730: $? = 0
configure:16780: result: libraries , headers 
configure:16879: gcc -o conftest -g -O2   conftest.c   -lX11 >&5
configure:16879: $? = 0
configure:16977: checking for gethostbyname
configure:16977: gcc -o conftest -g -O2   conftest.c  >&5
configure:16977: $? = 0
configure:16977: result: yes
configure:17074: checking for connect
configure:17074: gcc -o conftest -g -O2   conftest.c  >&5
configure:17074: $? = 0
configure:17074: result: yes
configure:17123: checking for remove
configure:17123: gcc -o conftest -g -O2   conftest.c  >&5
configure:17123: $? = 0
configure:17123: result: yes
configure:17172: checking for shmat
configure:17172: gcc -o conftest -g -O2   conftest.c  >&5
configure:17172: $? = 0
configure:17172: result: yes
configure:17230: checking for IceConnectionNumber in -lICE
configure:17255: gcc -o conftest -g -O2   conftest.c -lICE   >&5
configure:17255: $? = 0
configure:17264: result: yes
configure:17333: checking for g++
configure:17349: found /usr/bin/g++
configure:17360: result: g++
configure:17387: checking for C++ compiler version
configure:17396: g++ --version >&5
g++ (Ubuntu 5.4.0-6ubuntu1~16.04.1) 5.4.0 20160609
Copyright (C) 2015 Free Software Foundation, Inc.
This is free software; see the source for copying conditions.  There is NO
warranty; not even for MERCHANTABILITY or FITNESS FOR A PARTICULAR PURPOSE.

configure:17407: $? = 0
configure:17396: g++ -v >&5
Using built-in specs.
COLLECT_GCC=g++
COLLECT_LTO_WRAPPER=/usr/lib/gcc/x86_64-linux-gnu/5/lto-wrapper
Target: x86_64-linux-gnu
Configured with: ../src/configure -v --with-pkgversion='Ubuntu 5.4.0-6ubuntu1~16.04.1' --with-bugurl=file:///usr/share/doc/gcc-5/README.Bugs --enable-languages=c,ada,c++,java,go,d,fortran,objc,obj-c++ --prefix=/usr --program-suffix=-5 --enable-shared --enable-linker-build-id --libexecdir=/usr/lib --without-included-gettext --enable-threads=posix --libdir=/usr/lib --enable-nls --with-sysroot=/ --enable-clocale=gnu --enable-libstdcxx-debug --enable-libstdcxx-time=yes --with-default-libstdcxx-abi=new --enable-gnu-unique-object --disable-vtable-verify --enable-libmpx --enable-plugin --with-system-zlib --disable-browser-plugin --enable-java-awt=gtk --enable-gtk-cairo --with-java-home=/usr/lib/jvm/java-1.5.0-gcj-5-amd64/jre --enable-java-home --with-jvm-root-dir=/usr/lib/jvm/java-1.5.0-gcj-5-amd64 --with-jvm-jar-dir=/usr/lib/jvm-exports/java-1.5.0-gcj-5-amd64 --with-arch-directory=amd64 --with-ecj-jar=/usr/share/java/eclipse-ecj.jar --enable-objc-gc --enable-multiarch --disable-werror --with-arch-32=i686 --with-abi=m64 --with-multilib-list=m32,m64,mx32 --enable-multilib --with-tune=generic --enable-checking=release --build=x86_64-linux-gnu --host=x86_64-linux-gnu --target=x86_64-linux-gnu
Thread model: posix
gcc version 5.4.0 20160609 (Ubuntu 5.4.0-6ubuntu1~16.04.1) 
configure:17407: $? = 0
configure:17396: g++ -V >&5
g++: error: unrecognized command line option '-V'
g++: fatal error: no input files
compilation terminated.
configure:17407: $? = 1
configure:17396: g++ -qversion >&5
g++: error: unrecognized command line option '-qversion'
g++: fatal error: no input files
compilation terminated.
configure:17407: $? = 1
configure:17411: checking whether we are using the GNU C++ compiler
configure:17430: g++ -c   conftest.cpp >&5
configure:17430: $? = 0
configure:17439: result: yes
configure:17448: checking whether g++ accepts -g
configure:17468: g++ -c -g  conftest.cpp >&5
configure:17468: $? = 0
configure:17509: result: yes
configure:17534: checking dependency style of g++
configure:17645: result: gcc3
configure:17659: checking what warning flags to pass to the C++ compiler
configure:17700: result: -Wreturn-type -Wno-unknown-pragmas -Wno-write-strings
configure:17724: checking how to run the C++ preprocessor
configure:17751: g++ -E  conftest.cpp
configure:17751: $? = 0
configure:17765: g++ -E  conftest.cpp
conftest.cpp:43:28: fatal error: ac_nonexistent.h: No such file or directory
compilation terminated.
configure:17765: $? = 1
configure: failed program was:
| /* confdefs.h */
| #define PACKAGE_NAME "TeX Live"
| #define PACKAGE_TARNAME "tex-live"
| #define PACKAGE_VERSION "2015-06-12"
| #define PACKAGE_STRING "TeX Live 2015-06-12"
| #define PACKAGE_BUGREPORT "tex-k@tug.org"
| #define PACKAGE_URL ""
| #define STDC_HEADERS 1
| #define HAVE_SYS_TYPES_H 1
| #define HAVE_SYS_STAT_H 1
| #define HAVE_STDLIB_H 1
| #define HAVE_STRING_H 1
| #define HAVE_MEMORY_H 1
| #define HAVE_STRINGS_H 1
| #define HAVE_INTTYPES_H 1
| #define HAVE_STDINT_H 1
| #define HAVE_UNISTD_H 1
| #define HAVE_DLFCN_H 1
| #define PACKAGE "tex-live"
| #define VERSION "2015-06-12"
| #define LT_OBJDIR ".libs/"
| #define HAVE_FSEEKO 1
| #define HAVE_DIRENT_H 1
| #define STDC_HEADERS 1
| #define HAVE_ASSERT_H 1
| #define HAVE_FLOAT_H 1
| #define HAVE_LIMITS_H 1
| #define HAVE_PWD_H 1
| #define HAVE_STDLIB_H 1
| #define HAVE_SYS_PARAM_H 1
| #define HAVE_PUTENV 1
| #define HAVE_GETCWD 1
| #define HAVE_GETWD 1
| #define HAVE_MEMCMP 1
| #define HAVE_MEMCPY 1
| #define HAVE_MKSTEMP 1
| #define HAVE_MKTEMP 1
| #define HAVE_STRCHR 1
| #define HAVE_STRRCHR 1
| #define HAVE_DECL_ISASCII 1
| #define HAVE_STRUCT_STAT_ST_MTIM 1
| /* end confdefs.h.  */
| #include <ac_nonexistent.h>
configure:17790: result: g++ -E
configure:17810: g++ -E  conftest.cpp
configure:17810: $? = 0
configure:17824: g++ -E  conftest.cpp
conftest.cpp:43:28: fatal error: ac_nonexistent.h: No such file or directory
compilation terminated.
configure:17824: $? = 1
configure: failed program was:
| /* confdefs.h */
| #define PACKAGE_NAME "TeX Live"
| #define PACKAGE_TARNAME "tex-live"
| #define PACKAGE_VERSION "2015-06-12"
| #define PACKAGE_STRING "TeX Live 2015-06-12"
| #define PACKAGE_BUGREPORT "tex-k@tug.org"
| #define PACKAGE_URL ""
| #define STDC_HEADERS 1
| #define HAVE_SYS_TYPES_H 1
| #define HAVE_SYS_STAT_H 1
| #define HAVE_STDLIB_H 1
| #define HAVE_STRING_H 1
| #define HAVE_MEMORY_H 1
| #define HAVE_STRINGS_H 1
| #define HAVE_INTTYPES_H 1
| #define HAVE_STDINT_H 1
| #define HAVE_UNISTD_H 1
| #define HAVE_DLFCN_H 1
| #define PACKAGE "tex-live"
| #define VERSION "2015-06-12"
| #define LT_OBJDIR ".libs/"
| #define HAVE_FSEEKO 1
| #define HAVE_DIRENT_H 1
| #define STDC_HEADERS 1
| #define HAVE_ASSERT_H 1
| #define HAVE_FLOAT_H 1
| #define HAVE_LIMITS_H 1
| #define HAVE_PWD_H 1
| #define HAVE_STDLIB_H 1
| #define HAVE_SYS_PARAM_H 1
| #define HAVE_PUTENV 1
| #define HAVE_GETCWD 1
| #define HAVE_GETWD 1
| #define HAVE_MEMCMP 1
| #define HAVE_MEMCPY 1
| #define HAVE_MKSTEMP 1
| #define HAVE_MKTEMP 1
| #define HAVE_STRCHR 1
| #define HAVE_STRRCHR 1
| #define HAVE_DECL_ISASCII 1
| #define HAVE_STRUCT_STAT_ST_MTIM 1
| /* end confdefs.h.  */
| #include <ac_nonexistent.h>
configure:17986: checking for ld used by g++
configure:18053: result: /usr/bin/ld -m elf_x86_64
configure:18060: checking if the linker (/usr/bin/ld -m elf_x86_64) is GNU ld
configure:18075: result: yes
configure:18130: checking whether the g++ linker (/usr/bin/ld -m elf_x86_64) supports shared libraries
configure:19203: result: yes
configure:19239: g++ -c -g -O2  conftest.cpp >&5
configure:19242: $? = 0
configure:19723: checking for g++ option to produce PIC
configure:19730: result: -fPIC -DPIC
configure:19738: checking if g++ PIC flag -fPIC -DPIC works
configure:19756: g++ -c -g -O2  -fPIC -DPIC -DPIC conftest.cpp >&5
configure:19760: $? = 0
configure:19773: result: yes
configure:19796: checking if g++ static flag -static works
configure:19824: result: yes
configure:19836: checking if g++ supports -c -o file.o
configure:19857: g++ -c -g -O2  -o out/conftest2.o conftest.cpp >&5
configure:19861: $? = 0
configure:19883: result: yes
configure:19888: checking if g++ supports -c -o file.o
configure:19935: result: yes
configure:19965: checking whether the g++ linker (/usr/bin/ld -m elf_x86_64) supports shared libraries
configure:20005: result: yes
configure:20146: checking dynamic linker characteristics
configure:20891: result: GNU/Linux ld.so
configure:20956: checking how to hardcode library paths into programs
configure:20981: result: immediate
configure:21022: checking whether ln -s works
configure:21026: result: yes
configure:21081: checking for TeX specific libraries to build
configure:21102: result: texk/kpathsea texk/ptexenc 
configure:21153: checking for pkg-config
configure:21169: found /usr/bin/pkg-config
configure:21180: result: pkg-config
configure:21282: checking for freetype-config
configure:21298: found /usr/bin/freetype-config
configure:21309: result: freetype-config
configure:21467: checking for icu-config
configure:21483: found /usr/bin/icu-config
configure:21494: result: icu-config
configure:22309: checking that generated files are newer than configure
configure:22315: result: done
configure:22350: creating ./config.status

## ---------------------- ##
## Running config.status. ##
## ---------------------- ##

This file was extended by TeX Live config.status 2015-06-12, which was
generated by GNU Autoconf 2.69.  Invocation command line was

  CONFIG_FILES    = 
  CONFIG_HEADERS  = 
  CONFIG_LINKS    = 
  CONFIG_COMMANDS = 
  $ ./config.status 

on maqiyuan-E430c

config.status:1093: creating Makefile
config.status:1093: creating doc/Makefile
config.status:1265: executing depfiles commands
config.status:1265: executing libtool commands
configure:24654: === configuring in auxdir/auxsub (/home/maqiyuan/Desktop/texlive-mobile/src/texlive-source/auxdir/auxsub)
configure:24717: running /bin/bash ./configure --disable-option-checking '--prefix=/usr/local'  '--enable-build-in-source-tree' '--enable-native-texlive-build' '--enable-largefile' '--disable-silent-rules' '--enable-multiplatform=yes' '--enable-cxx-runtime-hack=yes' '--enable-libtool-hack=yes' '--disable-shared' '--enable-texlive-build' '--bindir=${exec_prefix}/bin/x86_64-pc-linux-gnu' '--libdir=${exec_prefix}/lib/x86_64-pc-linux-gnu' '--with-x' '--enable-devnag=yes' '--enable-lacheck=yes' '--enable-m-tx=yes' '--enable-pmx=yes' '--enable-ps2eps=yes' '--enable-t1utils=yes' '--enable-texdoctk=yes' '--enable-tpic2pdftex=yes' '--enable-vlna=yes' '--enable-xindy=no' '--with-clisp-runtime=default' '--enable-xpdfopen=yes' '--enable-web2c=yes' '--enable-afm2pl=yes' '--enable-bibtex-x=yes' '--enable-chktex=yes' '--enable-cjkutils=yes' '--enable-detex=yes' '--enable-dtl=yes' '--enable-dvi2tty=yes' '--enable-dvidvi=yes' '--enable-dviljk=yes' '--enable-dvipdfm-x=yes' '--enable-dvipng=yes' '--enable-dvipos=yes' '--enable-dvipsk=yes' '--enable-dvisvgm=yes' '--enable-gregorio=yes' '--enable-gsftopk=yes' '--enable-lcdf-typetools=yes' '--enable-makeindexk=yes' '--enable-makejvf=yes' '--enable-mendexk=yes' '--enable-musixtnt=yes' '--enable-ps2pk=yes' '--enable-psutils=yes' '--enable-seetexk=yes' '--enable-tex4htk=yes' '--enable-ttf2pk2=yes' '--enable-ttfdump=yes' '--enable-xdvik=yes' '--enable-texlive=yes' '--with-system-harfbuzz=no' '--with-system-icu=no' '--with-system-teckit=no' '--with-system-graphite2=no' '--with-system-zziplib=no' '--with-system-xpdf=no' '--with-system-poppler=no' '--with-system-mpfr=no' '--with-system-gmp=no' '--with-system-cairo=no' '--with-system-pixman=no' '--with-system-potrace=no' '--with-system-gd=no' '--with-system-freetype2=no' '--with-system-libpng=no' '--with-system-libpaper=no' '--with-system-zlib=no' '--with-system-ptexenc=no' '--with-system-kpathsea=no' '--datarootdir=${prefix}' '--mandir=${prefix}/texmf-dist/doc/man' '--infodir=${prefix}/texmf-dist/doc/info' --cache-file=/dev/null --srcdir=.
configure:24654: === configuring in libs (/home/maqiyuan/Desktop/texlive-mobile/src/texlive-source/libs)
configure:24717: running /bin/bash ./configure --disable-option-checking '--prefix=/usr/local'  '--enable-build-in-source-tree' '--enable-native-texlive-build' '--enable-largefile' '--disable-silent-rules' '--enable-multiplatform=yes' '--enable-cxx-runtime-hack=yes' '--enable-libtool-hack=yes' '--disable-shared' '--enable-texlive-build' '--bindir=${exec_prefix}/bin/x86_64-pc-linux-gnu' '--libdir=${exec_prefix}/lib/x86_64-pc-linux-gnu' '--with-x' '--enable-devnag=yes' '--enable-lacheck=yes' '--enable-m-tx=yes' '--enable-pmx=yes' '--enable-ps2eps=yes' '--enable-t1utils=yes' '--enable-texdoctk=yes' '--enable-tpic2pdftex=yes' '--enable-vlna=yes' '--enable-xindy=no' '--with-clisp-runtime=default' '--enable-xpdfopen=yes' '--enable-web2c=yes' '--enable-afm2pl=yes' '--enable-bibtex-x=yes' '--enable-chktex=yes' '--enable-cjkutils=yes' '--enable-detex=yes' '--enable-dtl=yes' '--enable-dvi2tty=yes' '--enable-dvidvi=yes' '--enable-dviljk=yes' '--enable-dvipdfm-x=yes' '--enable-dvipng=yes' '--enable-dvipos=yes' '--enable-dvipsk=yes' '--enable-dvisvgm=yes' '--enable-gregorio=yes' '--enable-gsftopk=yes' '--enable-lcdf-typetools=yes' '--enable-makeindexk=yes' '--enable-makejvf=yes' '--enable-mendexk=yes' '--enable-musixtnt=yes' '--enable-ps2pk=yes' '--enable-psutils=yes' '--enable-seetexk=yes' '--enable-tex4htk=yes' '--enable-ttf2pk2=yes' '--enable-ttfdump=yes' '--enable-xdvik=yes' '--enable-texlive=yes' '--with-system-harfbuzz=no' '--with-system-icu=no' '--with-system-teckit=no' '--with-system-graphite2=no' '--with-system-zziplib=no' '--with-system-xpdf=no' '--with-system-poppler=no' '--with-system-mpfr=no' '--with-system-gmp=no' '--with-system-cairo=no' '--with-system-pixman=no' '--with-system-potrace=no' '--with-system-gd=no' '--with-system-freetype2=no' '--with-system-libpng=no' '--with-system-libpaper=no' '--with-system-zlib=no' '--with-system-ptexenc=no' '--with-system-kpathsea=no' '--datarootdir=${prefix}' '--mandir=${prefix}/texmf-dist/doc/man' '--infodir=${prefix}/texmf-dist/doc/info' --cache-file=/dev/null --srcdir=.
configure:24654: === configuring in utils (/home/maqiyuan/Desktop/texlive-mobile/src/texlive-source/utils)
configure:24717: running /bin/bash ./configure --disable-option-checking '--prefix=/usr/local'  '--enable-build-in-source-tree' '--enable-native-texlive-build' '--enable-largefile' '--disable-silent-rules' '--enable-multiplatform=yes' '--enable-cxx-runtime-hack=yes' '--enable-libtool-hack=yes' '--disable-shared' '--enable-texlive-build' '--bindir=${exec_prefix}/bin/x86_64-pc-linux-gnu' '--libdir=${exec_prefix}/lib/x86_64-pc-linux-gnu' '--with-x' '--enable-devnag=yes' '--enable-lacheck=yes' '--enable-m-tx=yes' '--enable-pmx=yes' '--enable-ps2eps=yes' '--enable-t1utils=yes' '--enable-texdoctk=yes' '--enable-tpic2pdftex=yes' '--enable-vlna=yes' '--enable-xindy=no' '--with-clisp-runtime=default' '--enable-xpdfopen=yes' '--enable-web2c=yes' '--enable-afm2pl=yes' '--enable-bibtex-x=yes' '--enable-chktex=yes' '--enable-cjkutils=yes' '--enable-detex=yes' '--enable-dtl=yes' '--enable-dvi2tty=yes' '--enable-dvidvi=yes' '--enable-dviljk=yes' '--enable-dvipdfm-x=yes' '--enable-dvipng=yes' '--enable-dvipos=yes' '--enable-dvipsk=yes' '--enable-dvisvgm=yes' '--enable-gregorio=yes' '--enable-gsftopk=yes' '--enable-lcdf-typetools=yes' '--enable-makeindexk=yes' '--enable-makejvf=yes' '--enable-mendexk=yes' '--enable-musixtnt=yes' '--enable-ps2pk=yes' '--enable-psutils=yes' '--enable-seetexk=yes' '--enable-tex4htk=yes' '--enable-ttf2pk2=yes' '--enable-ttfdump=yes' '--enable-xdvik=yes' '--enable-texlive=yes' '--with-system-harfbuzz=no' '--with-system-icu=no' '--with-system-teckit=no' '--with-system-graphite2=no' '--with-system-zziplib=no' '--with-system-xpdf=no' '--with-system-poppler=no' '--with-system-mpfr=no' '--with-system-gmp=no' '--with-system-cairo=no' '--with-system-pixman=no' '--with-system-potrace=no' '--with-system-gd=no' '--with-system-freetype2=no' '--with-system-libpng=no' '--with-system-libpaper=no' '--with-system-zlib=no' '--with-system-ptexenc=no' '--with-system-kpathsea=no' '--datarootdir=${prefix}' '--mandir=${prefix}/texmf-dist/doc/man' '--infodir=${prefix}/texmf-dist/doc/info' --cache-file=/dev/null --srcdir=.
configure:24654: === configuring in texk (/home/maqiyuan/Desktop/texlive-mobile/src/texlive-source/texk)
configure:24717: running /bin/bash ./configure --disable-option-checking '--prefix=/usr/local'  '--enable-build-in-source-tree' '--enable-native-texlive-build' '--enable-largefile' '--disable-silent-rules' '--enable-multiplatform=yes' '--enable-cxx-runtime-hack=yes' '--enable-libtool-hack=yes' '--disable-shared' '--enable-texlive-build' '--bindir=${exec_prefix}/bin/x86_64-pc-linux-gnu' '--libdir=${exec_prefix}/lib/x86_64-pc-linux-gnu' '--with-x' '--enable-devnag=yes' '--enable-lacheck=yes' '--enable-m-tx=yes' '--enable-pmx=yes' '--enable-ps2eps=yes' '--enable-t1utils=yes' '--enable-texdoctk=yes' '--enable-tpic2pdftex=yes' '--enable-vlna=yes' '--enable-xindy=no' '--with-clisp-runtime=default' '--enable-xpdfopen=yes' '--enable-web2c=yes' '--enable-afm2pl=yes' '--enable-bibtex-x=yes' '--enable-chktex=yes' '--enable-cjkutils=yes' '--enable-detex=yes' '--enable-dtl=yes' '--enable-dvi2tty=yes' '--enable-dvidvi=yes' '--enable-dviljk=yes' '--enable-dvipdfm-x=yes' '--enable-dvipng=yes' '--enable-dvipos=yes' '--enable-dvipsk=yes' '--enable-dvisvgm=yes' '--enable-gregorio=yes' '--enable-gsftopk=yes' '--enable-lcdf-typetools=yes' '--enable-makeindexk=yes' '--enable-makejvf=yes' '--enable-mendexk=yes' '--enable-musixtnt=yes' '--enable-ps2pk=yes' '--enable-psutils=yes' '--enable-seetexk=yes' '--enable-tex4htk=yes' '--enable-ttf2pk2=yes' '--enable-ttfdump=yes' '--enable-xdvik=yes' '--enable-texlive=yes' '--with-system-harfbuzz=no' '--with-system-icu=no' '--with-system-teckit=no' '--with-system-graphite2=no' '--with-system-zziplib=no' '--with-system-xpdf=no' '--with-system-poppler=no' '--with-system-mpfr=no' '--with-system-gmp=no' '--with-system-cairo=no' '--with-system-pixman=no' '--with-system-potrace=no' '--with-system-gd=no' '--with-system-freetype2=no' '--with-system-libpng=no' '--with-system-libpaper=no' '--with-system-zlib=no' '--with-system-ptexenc=no' '--with-system-kpathsea=no' '--datarootdir=${prefix}' '--mandir=${prefix}/texmf-dist/doc/man' '--infodir=${prefix}/texmf-dist/doc/info' --cache-file=/dev/null --srcdir=.
configure:24757: result:
** Configuration summary for TeX Live 2015-06-12 (2016/dev):

   compiling for x86_64-pc-linux-gnu
      in /home/maqiyuan/Desktop/texlive-mobile/src/texlive-source
configure:24795: result:
   C compiler (CC):              gcc (gcc (Ubuntu 5.4.0-6ubuntu1~16.04.1) 5.4.0 20160609)
   C++ compiler (CXX):           g++ (g++ (Ubuntu 5.4.0-6ubuntu1~16.04.1) 5.4.0 20160609)
   PATH:                         /usr/local/sbin:/usr/local/bin:/usr/sbin:/usr/bin:/sbin:/bin:/usr/games:/usr/local/games:/snap/bin:/home/maqiyuan/bin/FDK/Tools/linux

   enable_native_texlive_build:  yes
   enable_largefile:             yes
   enable_shared:                no
   enable_multiplatform:         yes
   enable_cxx_runtime_hack:      yes
   enable_libtool_hack:          yes
   enable_compiler_warnings:     min

   prefix:                       /usr/local
   includedir:                   ${prefix}/include
   datarootdir:                  ${prefix}
   mandir:                       ${prefix}/texmf-dist/doc/man
   infodir:                      ${prefix}/texmf-dist/doc/info
   exec_prefix:                  ${prefix}
   bindir:                       ${exec_prefix}/bin/x86_64-pc-linux-gnu
   libdir:                       ${exec_prefix}/lib/x86_64-pc-linux-gnu

** Next run `make' to configure and build each library and program.


## ---------------- ##
## Cache variables. ##
## ---------------- ##

ac_cv_build=x86_64-pc-linux-gnu
ac_cv_c_compiler_gnu=yes
ac_cv_c_const=yes
ac_cv_c_inline=inline
ac_cv_c_int64_t=yes
ac_cv_c_uint64_t=yes
ac_cv_cxx_compiler_gnu=yes
ac_cv_env_CCC_set=
ac_cv_env_CCC_value=
ac_cv_env_CC_set=
ac_cv_env_CC_value=
ac_cv_env_CFLAGS_set=
ac_cv_env_CFLAGS_value=
ac_cv_env_CPPFLAGS_set=
ac_cv_env_CPPFLAGS_value=
ac_cv_env_CPP_set=
ac_cv_env_CPP_value=
ac_cv_env_CXXCPP_set=
ac_cv_env_CXXCPP_value=
ac_cv_env_CXXFLAGS_set=
ac_cv_env_CXXFLAGS_value=
ac_cv_env_CXX_set=
ac_cv_env_CXX_value=
ac_cv_env_LDFLAGS_set=
ac_cv_env_LDFLAGS_value=
ac_cv_env_LIBS_set=
ac_cv_env_LIBS_value=
ac_cv_env_LT_SYS_LIBRARY_PATH_set=
ac_cv_env_LT_SYS_LIBRARY_PATH_value=
ac_cv_env_XMKMF_set=
ac_cv_env_XMKMF_value=
ac_cv_env_build_alias_set=
ac_cv_env_build_alias_value=
ac_cv_env_host_alias_set=
ac_cv_env_host_alias_value=
ac_cv_env_target_alias_set=
ac_cv_env_target_alias_value=
ac_cv_func_closedir_void=no
ac_cv_func_connect=yes
ac_cv_func_getcwd=yes
ac_cv_func_gethostbyname=yes
ac_cv_func_getwd=yes
ac_cv_func_memcmp=yes
ac_cv_func_memcpy=yes
ac_cv_func_mkstemp=yes
ac_cv_func_mktemp=yes
ac_cv_func_putenv=yes
ac_cv_func_remove=yes
ac_cv_func_shmat=yes
ac_cv_func_strchr=yes
ac_cv_func_strrchr=yes
ac_cv_have_decl_isascii=yes
ac_cv_have_x='have_x=yes	ac_x_includes='\'''\''	ac_x_libraries='\'''\'''
ac_cv_header_assert_h=yes
ac_cv_header_dirent_dirent_h=yes
ac_cv_header_dlfcn_h=yes
ac_cv_header_float_h=yes
ac_cv_header_inttypes_h=yes
ac_cv_header_limits_h=yes
ac_cv_header_memory_h=yes
ac_cv_header_pwd_h=yes
ac_cv_header_stdc=yes
ac_cv_header_stdint_h=yes
ac_cv_header_stdlib_h=yes
ac_cv_header_string_h=yes
ac_cv_header_strings_h=yes
ac_cv_header_sys_param_h=yes
ac_cv_header_sys_stat_h=yes
ac_cv_header_sys_types_h=yes
ac_cv_header_unistd_h=yes
ac_cv_host=x86_64-pc-linux-gnu
ac_cv_lib_ICE_IceConnectionNumber=yes
ac_cv_member_struct_stat_st_mtim=yes
ac_cv_objext=o
ac_cv_path_EGREP='/bin/grep -E'
ac_cv_path_FGREP='/bin/grep -F'
ac_cv_path_GREP=/bin/grep
ac_cv_path_SED=/bin/sed
ac_cv_path_install='/usr/bin/install -c'
ac_cv_path_lt_DD=/bin/dd
ac_cv_path_mkdir=/bin/mkdir
ac_cv_prog_AWK=gawk
ac_cv_prog_CPP='gcc -E'
ac_cv_prog_CXXCPP='g++ -E'
ac_cv_prog_ac_ct_AR=ar
ac_cv_prog_ac_ct_CC=gcc
ac_cv_prog_ac_ct_CXX=g++
ac_cv_prog_ac_ct_FT2_CONFIG=freetype-config
ac_cv_prog_ac_ct_ICU_CONFIG=icu-config
ac_cv_prog_ac_ct_MANIFEST_TOOL=mt
ac_cv_prog_ac_ct_OBJDUMP=objdump
ac_cv_prog_ac_ct_PKG_CONFIG=pkg-config
ac_cv_prog_ac_ct_RANLIB=ranlib
ac_cv_prog_ac_ct_STRIP=strip
ac_cv_prog_cc_c89=
ac_cv_prog_cc_g=yes
ac_cv_prog_cxx_g=yes
ac_cv_prog_make_make_set=yes
ac_cv_search_opendir='none required'
ac_cv_sys_file_offset_bits=no
ac_cv_sys_largefile_CC=no
ac_cv_sys_largefile_source=no
ac_cv_type_size_t=yes
am_cv_CC_dependencies_compiler_type=gcc3
am_cv_CXX_dependencies_compiler_type=gcc3
am_cv_make_support_nested_variables=yes
am_cv_prog_cc_c_o=yes
am_cv_prog_tar_pax=gnutar
kb_cv_c_prototypes=yes
kpse_cv_have_win32=no
kpse_cv_warning_cflags='-Wimplicit -Wreturn-type -Wdeclaration-after-statement -Wno-unknown-pragmas'
kpse_cv_warning_cxxflags='-Wreturn-type -Wno-unknown-pragmas -Wno-write-strings'
lt_cv_ar_at_file=@
lt_cv_deplibs_check_method=pass_all
lt_cv_file_magic_cmd='$MAGIC_CMD'
lt_cv_file_magic_test_file=
lt_cv_ld_reload_flag=-r
lt_cv_nm_interface='BSD nm'
lt_cv_objdir=.libs
lt_cv_path_LD=/usr/bin/ld
lt_cv_path_LDCXX='/usr/bin/ld -m elf_x86_64'
lt_cv_path_NM='/usr/bin/nm -B'
lt_cv_path_mainfest_tool=no
lt_cv_prog_compiler_c_o=yes
lt_cv_prog_compiler_c_o_CXX=yes
lt_cv_prog_compiler_pic='-fPIC -DPIC'
lt_cv_prog_compiler_pic_CXX='-fPIC -DPIC'
lt_cv_prog_compiler_pic_works=yes
lt_cv_prog_compiler_pic_works_CXX=yes
lt_cv_prog_compiler_rtti_exceptions=no
lt_cv_prog_compiler_static_works=yes
lt_cv_prog_compiler_static_works_CXX=yes
lt_cv_prog_gnu_ld=yes
lt_cv_prog_gnu_ldcxx=yes
lt_cv_sharedlib_from_linklib_cmd='printf %s\n'
lt_cv_shlibpath_overrides_runpath=no
lt_cv_sys_global_symbol_pipe='sed -n -e '\''s/^.*[	 ]\([ABCDGIRSTW][ABCDGIRSTW]*\)[	 ][	 ]*\([_A-Za-z][_A-Za-z0-9]*\)$/\1 \2 \2/p'\'' | sed '\''/ __gnu_lto/d'\'''
lt_cv_sys_global_symbol_to_c_name_address='sed -n -e '\''s/^: \(.*\) .*$/  {"\1", (void *) 0},/p'\'' -e '\''s/^[ABCDGIRSTW][ABCDGIRSTW]* .* \(.*\)$/  {"\1", (void *) \&\1},/p'\'''
lt_cv_sys_global_symbol_to_c_name_address_lib_prefix='sed -n -e '\''s/^: \(.*\) .*$/  {"\1", (void *) 0},/p'\'' -e '\''s/^[ABCDGIRSTW][ABCDGIRSTW]* .* \(lib.*\)$/  {"\1", (void *) \&\1},/p'\'' -e '\''s/^[ABCDGIRSTW][ABCDGIRSTW]* .* \(.*\)$/  {"lib\1", (void *) \&\1},/p'\'''
lt_cv_sys_global_symbol_to_cdecl='sed -n -e '\''s/^T .* \(.*\)$/extern int \1();/p'\'' -e '\''s/^[ABCDGIRSTW][ABCDGIRSTW]* .* \(.*\)$/extern char \1;/p'\'''
lt_cv_sys_global_symbol_to_import=
lt_cv_sys_max_cmd_len=1572864
lt_cv_to_host_file_cmd=func_convert_file_noop
lt_cv_to_tool_file_cmd=func_convert_file_noop
lt_cv_truncate_bin='/bin/dd bs=4096 count=1'

## ----------------- ##
## Output variables. ##
## ----------------- ##

ACLOCAL='${SHELL} /home/maqiyuan/Desktop/texlive-mobile/src/texlive-source/build-aux/missing aclocal-1.15'
AMDEPBACKSLASH='\'
AMDEP_FALSE='#'
AMDEP_TRUE=''
AMTAR='$${TAR-tar}'
AM_BACKSLASH='\'
AM_DEFAULT_V='$(AM_DEFAULT_VERBOSITY)'
AM_DEFAULT_VERBOSITY='1'
AM_V='$(V)'
AR='ar'
AS='as'
AUTOCONF='${SHELL} /home/maqiyuan/Desktop/texlive-mobile/src/texlive-source/build-aux/missing autoconf'
AUTOHEADER='${SHELL} /home/maqiyuan/Desktop/texlive-mobile/src/texlive-source/build-aux/missing autoheader'
AUTOMAKE='${SHELL} /home/maqiyuan/Desktop/texlive-mobile/src/texlive-source/build-aux/missing automake-1.15'
AWK='gawk'
CC='gcc'
CCDEPMODE='depmode=gcc3'
CFLAGS='-g -O2'
CONF_SUBDIRS='texk/kpathsea texk/ptexenc '
CPP='gcc -E'
CPPFLAGS=''
CXX='g++'
CXXCPP='g++ -E'
CXXDEPMODE='depmode=gcc3'
CXXFLAGS='-g -O2'
CYGPATH_W='echo'
DEFS='-DPACKAGE_NAME=\"TeX\ Live\" -DPACKAGE_TARNAME=\"tex-live\" -DPACKAGE_VERSION=\"2015-06-12\" -DPACKAGE_STRING=\"TeX\ Live\ 2015-06-12\" -DPACKAGE_BUGREPORT=\"tex-k@tug.org\" -DPACKAGE_URL=\"\" -DSTDC_HEADERS=1 -DHAVE_SYS_TYPES_H=1 -DHAVE_SYS_STAT_H=1 -DHAVE_STDLIB_H=1 -DHAVE_STRING_H=1 -DHAVE_MEMORY_H=1 -DHAVE_STRINGS_H=1 -DHAVE_INTTYPES_H=1 -DHAVE_STDINT_H=1 -DHAVE_UNISTD_H=1 -DHAVE_DLFCN_H=1 -DPACKAGE=\"tex-live\" -DVERSION=\"2015-06-12\" -DLT_OBJDIR=\".libs/\" -DHAVE_FSEEKO=1 -DHAVE_DIRENT_H=1 -DSTDC_HEADERS=1 -DHAVE_ASSERT_H=1 -DHAVE_FLOAT_H=1 -DHAVE_LIMITS_H=1 -DHAVE_PWD_H=1 -DHAVE_STDLIB_H=1 -DHAVE_SYS_PARAM_H=1 -DHAVE_PUTENV=1 -DHAVE_GETCWD=1 -DHAVE_GETWD=1 -DHAVE_MEMCMP=1 -DHAVE_MEMCPY=1 -DHAVE_MKSTEMP=1 -DHAVE_MKTEMP=1 -DHAVE_STRCHR=1 -DHAVE_STRRCHR=1 -DHAVE_DECL_ISASCII=1 -DHAVE_STRUCT_STAT_ST_MTIM=1'
DEPDIR='.deps'
DLLTOOL='false'
DSYMUTIL=''
DUMPBIN=''
ECHO_C=''
ECHO_N='-n'
ECHO_T=''
EGREP='/bin/grep -E'
EXEEXT=''
FGREP='/bin/grep -F'
FT2_CONFIG='freetype-config'
GREP='/bin/grep'
ICU_CONFIG='icu-config'
INSTALL_DATA='${INSTALL} -m 644'
INSTALL_PROGRAM='${INSTALL}'
INSTALL_SCRIPT='${INSTALL}'
INSTALL_STRIP_PROGRAM='$(install_sh) -c -s'
LD='/usr/bin/ld -m elf_x86_64'
LDFLAGS=''
LIBOBJS=''
LIBS=''
LIBTOOL='$(SHELL) $(top_builddir)/libtool'
LIPO=''
LN_S='ln -s'
LTLIBOBJS=''
LT_SYS_LIBRARY_PATH=''
MAINT='#'
MAINTAINER_MODE_FALSE=''
MAINTAINER_MODE_TRUE='#'
MAKEINFO='${SHELL} /home/maqiyuan/Desktop/texlive-mobile/src/texlive-source/build-aux/missing makeinfo'
MAKE_SUBDIRS='texk/kpathsea texk/ptexenc '
MANIFEST_TOOL=':'
MKDIR_P='/bin/mkdir -p'
NM='/usr/bin/nm -B'
NMEDIT=''
OBJDUMP='objdump'
OBJEXT='o'
OTOOL64=''
OTOOL=''
PACKAGE='tex-live'
PACKAGE_BUGREPORT='tex-k@tug.org'
PACKAGE_NAME='TeX Live'
PACKAGE_STRING='TeX Live 2015-06-12'
PACKAGE_TARNAME='tex-live'
PACKAGE_URL=''
PACKAGE_VERSION='2015-06-12'
PATH_SEPARATOR=':'
PKG_CONFIG='pkg-config'
RANLIB='ranlib'
SED='/bin/sed'
SET_MAKE=''
SHELL='/bin/bash'
STRIP='strip'
VERSION='2015-06-12'
WARNING_CFLAGS='-Wimplicit -Wreturn-type -Wdeclaration-after-statement -Wno-unknown-pragmas'
WARNING_CXXFLAGS='-Wreturn-type -Wno-unknown-pragmas -Wno-write-strings'
XMKMF=''
X_CFLAGS=''
X_EXTRA_LIBS=''
X_LIBS=''
X_PRE_LIBS=' -lSM -lICE'
ac_ct_AR='ar'
ac_ct_CC='gcc'
ac_ct_CXX='g++'
ac_ct_DUMPBIN=''
am__EXEEXT_FALSE=''
am__EXEEXT_TRUE='#'
am__fastdepCC_FALSE='#'
am__fastdepCC_TRUE=''
am__fastdepCXX_FALSE='#'
am__fastdepCXX_TRUE=''
am__include='include'
am__isrc=''
am__leading_dot='.'
am__nodep='_no'
am__quote=''
am__tar='tar --format=posix -chf - "$$tardir"'
am__untar='tar -xf -'
bindir='${exec_prefix}/bin/x86_64-pc-linux-gnu'
build='x86_64-pc-linux-gnu'
build_alias=''
build_cpu='x86_64'
build_os='linux-gnu'
build_vendor='pc'
cross_FALSE=''
cross_TRUE='#'
datadir='${datarootdir}'
datarootdir='${prefix}'
docdir='${datarootdir}/doc/${PACKAGE_TARNAME}'
dvidir='${docdir}'
exec_prefix='${prefix}'
host='x86_64-pc-linux-gnu'
host_alias=''
host_cpu='x86_64'
host_os='linux-gnu'
host_vendor='pc'
htmldir='${docdir}'
includedir='${prefix}/include'
infodir='${prefix}/texmf-dist/doc/info'
install_sh='${SHELL} /home/maqiyuan/Desktop/texlive-mobile/src/texlive-source/build-aux/install-sh'
libdir='${exec_prefix}/lib/x86_64-pc-linux-gnu'
libexecdir='${exec_prefix}/libexec'
localedir='${datarootdir}/locale'
localstatedir='${prefix}/var'
mandir='${prefix}/texmf-dist/doc/man'
mkdir_p='$(MKDIR_P)'
oldincludedir='/usr/include'
pdfdir='${docdir}'
prefix='/usr/local'
program_transform_name='s,x,x,'
psdir='${docdir}'
sbindir='${exec_prefix}/sbin'
sharedstatedir='${prefix}/com'
subdirs=' auxdir/auxsub libs utils texk'
sysconfdir='${prefix}/etc'
target_alias=''

## ----------- ##
## confdefs.h. ##
## ----------- ##

/* confdefs.h */
#define PACKAGE_NAME "TeX Live"
#define PACKAGE_TARNAME "tex-live"
#define PACKAGE_VERSION "2015-06-12"
#define PACKAGE_STRING "TeX Live 2015-06-12"
#define PACKAGE_BUGREPORT "tex-k@tug.org"
#define PACKAGE_URL ""
#define STDC_HEADERS 1
#define HAVE_SYS_TYPES_H 1
#define HAVE_SYS_STAT_H 1
#define HAVE_STDLIB_H 1
#define HAVE_STRING_H 1
#define HAVE_MEMORY_H 1
#define HAVE_STRINGS_H 1
#define HAVE_INTTYPES_H 1
#define HAVE_STDINT_H 1
#define HAVE_UNISTD_H 1
#define HAVE_DLFCN_H 1
#define PACKAGE "tex-live"
#define VERSION "2015-06-12"
#define LT_OBJDIR ".libs/"
#define HAVE_FSEEKO 1
#define HAVE_DIRENT_H 1
#define STDC_HEADERS 1
#define HAVE_ASSERT_H 1
#define HAVE_FLOAT_H 1
#define HAVE_LIMITS_H 1
#define HAVE_PWD_H 1
#define HAVE_STDLIB_H 1
#define HAVE_SYS_PARAM_H 1
#define HAVE_PUTENV 1
#define HAVE_GETCWD 1
#define HAVE_GETWD 1
#define HAVE_MEMCMP 1
#define HAVE_MEMCPY 1
#define HAVE_MKSTEMP 1
#define HAVE_MKTEMP 1
#define HAVE_STRCHR 1
#define HAVE_STRRCHR 1
#define HAVE_DECL_ISASCII 1
#define HAVE_STRUCT_STAT_ST_MTIM 1

configure: exit 0
