af.res
af_NA.res
af_ZA.res
agq.res
agq_CM.res
ak.res
ak_GH.res
am.res
am_ET.res
ar.res
ar_001.res
ar_AE.res
ar_BH.res
ar_DJ.res
ar_DZ.res
ar_EG.res
ar_EH.res
ar_ER.res
ar_IL.res
ar_IQ.res
ar_JO.res
ar_KM.res
ar_KW.res
ar_LB.res
ar_LY.res
ar_MA.res
ar_MR.res
ar_OM.res
ar_PS.res
ar_QA.res
ar_SA.res
ar_SD.res
ar_SO.res
ar_SS.res
ar_SY.res
ar_TD.res
ar_TN.res
ar_YE.res
as.res
as_IN.res
asa.res
asa_TZ.res
ast.res
ast_ES.res
az.res
az_AZ.res
az_Cyrl.res
az_Cyrl_AZ.res
az_Latn.res
az_Latn_AZ.res
bas.res
bas_CM.res
be.res
be_BY.res
bem.res
bem_ZM.res
bez.res
bez_TZ.res
bg.res
bg_BG.res
bm.res
bm_ML.res
bn.res
bn_BD.res
bn_IN.res
bo.res
bo_CN.res
bo_IN.res
br.res
br_FR.res
brkitr/burmesedict.dict
brkitr/char.brk
brkitr/cjdict.dict
brkitr/de.res
brkitr/el.res
brkitr/en.res
brkitr/en_US.res
brkitr/en_US_POSIX.res
brkitr/es.res
brkitr/fi.res
brkitr/fr.res
brkitr/it.res
brkitr/ja.res
brkitr/khmerdict.dict
brkitr/laodict.dict
brkitr/line.brk
brkitr/line_fi.brk
brkitr/line_loose.brk
brkitr/line_loose_cj.brk
brkitr/line_loose_fi.brk
brkitr/line_normal.brk
brkitr/line_normal_cj.brk
brkitr/line_normal_fi.brk
brkitr/pt.res
brkitr/res_index.res
brkitr/root.res
brkitr/ru.res
brkitr/sent.brk
brkitr/sent_el.brk
brkitr/thaidict.dict
brkitr/title.brk
brkitr/word.brk
brkitr/word_POSIX.brk
brkitr/zh.res
brkitr/zh_Hant.res
brx.res
brx_IN.res
bs.res
bs_BA.res
bs_Cyrl.res
bs_Cyrl_BA.res
bs_Latn.res
bs_Latn_BA.res
ca.res
ca_AD.res
ca_ES.res
ca_FR.res
ca_IT.res
ce.res
ce_RU.res
cgg.res
cgg_UG.res
chr.res
chr_US.res
cns-11643-1992.cnv
cnvalias.icu
coll/am.res
coll/ar.res
coll/as.res
coll/az.res
coll/be.res
coll/bg.res
coll/bn.res
coll/bo.res
coll/bs.res
coll/bs_Cyrl.res
coll/ca.res
coll/chr.res
coll/cs.res
coll/cy.res
coll/da.res
coll/de.res
coll/de_.res
coll/de_AT.res
coll/de__PHONEBOOK.res
coll/dsb.res
coll/dz.res
coll/ee.res
coll/el.res
coll/en.res
coll/en_US.res
coll/en_US_POSIX.res
coll/eo.res
coll/es.res
coll/es_.res
coll/es__TRADITIONAL.res
coll/et.res
coll/fa.res
coll/fa_AF.res
coll/fi.res
coll/fil.res
coll/fo.res
coll/fr.res
coll/fr_CA.res
coll/ga.res
coll/gl.res
coll/gu.res
coll/ha.res
coll/haw.res
coll/he.res
coll/he_IL.res
coll/hi.res
coll/hr.res
coll/hsb.res
coll/hu.res
coll/hy.res
coll/id.res
coll/id_ID.res
coll/ig.res
coll/in.res
coll/in_ID.res
coll/is.res
coll/it.res
coll/iw.res
coll/iw_IL.res
coll/ja.res
coll/ka.res
coll/kk.res
coll/kl.res
coll/km.res
coll/kn.res
coll/ko.res
coll/kok.res
coll/ky.res
coll/lb.res
coll/lkt.res
coll/ln.res
coll/lo.res
coll/lt.res
coll/lv.res
coll/mk.res
coll/ml.res
coll/mn.res
coll/mo.res
coll/mr.res
coll/ms.res
coll/mt.res
coll/my.res
coll/nb.res
coll/nb_NO.res
coll/ne.res
coll/nl.res
coll/nn.res
coll/no.res
coll/no_NO.res
coll/om.res
coll/or.res
coll/pa.res
coll/pa_Guru.res
coll/pa_Guru_IN.res
coll/pa_IN.res
coll/pl.res
coll/ps.res
coll/pt.res
coll/res_index.res
coll/ro.res
coll/ro_MD.res
coll/root.res
coll/ru.res
coll/se.res
coll/sh.res
coll/sh_BA.res
coll/sh_CS.res
coll/sh_YU.res
coll/si.res
coll/sk.res
coll/sl.res
coll/smn.res
coll/sq.res
coll/sr.res
coll/sr_BA.res
coll/sr_Cyrl.res
coll/sr_Cyrl_BA.res
coll/sr_Cyrl_ME.res
coll/sr_Cyrl_RS.res
coll/sr_Latn.res
coll/sr_Latn_BA.res
coll/sr_Latn_RS.res
coll/sr_ME.res
coll/sr_RS.res
coll/sv.res
coll/sw.res
coll/ta.res
coll/te.res
coll/th.res
coll/to.res
coll/tr.res
coll/ucadata.icu
coll/ug.res
coll/uk.res
coll/ur.res
coll/vi.res
coll/wae.res
coll/yi.res
coll/yo.res
coll/zh.res
coll/zh_CN.res
coll/zh_HK.res
coll/zh_Hans.res
coll/zh_Hans_CN.res
coll/zh_Hans_SG.res
coll/zh_Hant.res
coll/zh_Hant_HK.res
coll/zh_Hant_MO.res
coll/zh_Hant_TW.res
coll/zh_MO.res
coll/zh_SG.res
coll/zh_TW.res
coll/zu.res
confusables.cfu
cs.res
cs_CZ.res
currencyNumericCodes.res
cy.res
cy_GB.res
da.res
da_DK.res
da_GL.res
dav.res
dav_KE.res
dayPeriods.res
de.res
de_AT.res
de_BE.res
de_CH.res
de_DE.res
de_LI.res
de_LU.res
dje.res
dje_NE.res
dsb.res
dsb_DE.res
dua.res
dua_CM.res
dyo.res
dyo_SN.res
dz.res
dz_BT.res
ebcdic-xml-us.cnv
ebu.res
ebu_KE.res
ee.res
ee_GH.res
ee_TG.res
el.res
el_CY.res
el_GR.res
en.res
en_001.res
en_150.res
en_AG.res
en_AI.res
en_AS.res
en_AT.res
en_AU.res
en_BB.res
en_BE.res
en_BI.res
en_BM.res
en_BS.res
en_BW.res
en_BZ.res
en_CA.res
en_CC.res
en_CH.res
en_CK.res
en_CM.res
en_CX.res
en_CY.res
en_DE.res
en_DG.res
en_DK.res
en_DM.res
en_ER.res
en_FI.res
en_FJ.res
en_FK.res
en_FM.res
en_GB.res
en_GD.res
en_GG.res
en_GH.res
en_GI.res
en_GM.res
en_GU.res
en_GY.res
en_HK.res
en_IE.res
en_IL.res
en_IM.res
en_IN.res
en_IO.res
en_JE.res
en_JM.res
en_KE.res
en_KI.res
en_KN.res
en_KY.res
en_LC.res
en_LR.res
en_LS.res
en_MG.res
en_MH.res
en_MO.res
en_MP.res
en_MS.res
en_MT.res
en_MU.res
en_MW.res
en_MY.res
en_NA.res
en_NF.res
en_NG.res
en_NH.res
en_NL.res
en_NR.res
en_NU.res
en_NZ.res
en_PG.res
en_PH.res
en_PK.res
en_PN.res
en_PR.res
en_PW.res
en_RH.res
en_RW.res
en_SB.res
en_SC.res
en_SD.res
en_SE.res
en_SG.res
en_SH.res
en_SI.res
en_SL.res
en_SS.res
en_SX.res
en_SZ.res
en_TC.res
en_TK.res
en_TO.res
en_TT.res
en_TV.res
en_TZ.res
en_UG.res
en_UM.res
en_US.res
en_US_POSIX.res
en_VC.res
en_VG.res
en_VI.res
en_VU.res
en_WS.res
en_ZA.res
en_ZM.res
en_ZW.res
eo.res
es.res
es_419.res
es_AR.res
es_BO.res
es_CL.res
es_CO.res
es_CR.res
es_CU.res
es_DO.res
es_EA.res
es_EC.res
es_ES.res
es_GQ.res
es_GT.res
es_HN.res
es_IC.res
es_MX.res
es_NI.res
es_PA.res
es_PE.res
es_PH.res
es_PR.res
es_PY.res
es_SV.res
es_US.res
es_UY.res
es_VE.res
et.res
et_EE.res
eu.res
eu_ES.res
euc-jp-2007.cnv
euc-tw-2014.cnv
ewo.res
ewo_CM.res
fa.res
fa_AF.res
fa_IR.res
ff.res
ff_CM.res
ff_GN.res
ff_MR.res
ff_SN.res
fi.res
fi_FI.res
fil.res
fil_PH.res
fo.res
fo_DK.res
fo_FO.res
fr.res
fr_BE.res
fr_BF.res
fr_BI.res
fr_BJ.res
fr_BL.res
fr_CA.res
fr_CD.res
fr_CF.res
fr_CG.res
fr_CH.res
fr_CI.res
fr_CM.res
fr_DJ.res
fr_DZ.res
fr_FR.res
fr_GA.res
fr_GF.res
fr_GN.res
fr_GP.res
fr_GQ.res
fr_HT.res
fr_KM.res
fr_LU.res
fr_MA.res
fr_MC.res
fr_MF.res
fr_MG.res
fr_ML.res
fr_MQ.res
fr_MR.res
fr_MU.res
fr_NC.res
fr_NE.res
fr_PF.res
fr_PM.res
fr_RE.res
fr_RW.res
fr_SC.res
fr_SN.res
fr_SY.res
fr_TD.res
fr_TG.res
fr_TN.res
fr_VU.res
fr_WF.res
fr_YT.res
fur.res
fur_IT.res
fy.res
fy_NL.res
ga.res
ga_IE.res
gb18030.cnv
gd.res
gd_GB.res
genderList.res
gl.res
gl_ES.res
gsw.res
gsw_CH.res
gsw_FR.res
gsw_LI.res
gu.res
gu_IN.res
guz.res
guz_KE.res
gv.res
gv_IM.res
ha.res
ha_GH.res
ha_NE.res
ha_NG.res
haw.res
haw_US.res
he.res
he_IL.res
hi.res
hi_IN.res
hr.res
hr_BA.res
hr_HR.res
hsb.res
hsb_DE.res
hu.res
hu_HU.res
hy.res
hy_AM.res
ibm-1006_P100-1995.cnv
ibm-1025_P100-1995.cnv
ibm-1026_P100-1995.cnv
ibm-1047_P100-1995.cnv
ibm-1051_P100-1995.cnv
ibm-1089_P100-1995.cnv
ibm-1097_P100-1995.cnv
ibm-1098_P100-1995.cnv
ibm-1112_P100-1995.cnv
ibm-1122_P100-1999.cnv
ibm-1123_P100-1995.cnv
ibm-1124_P100-1996.cnv
ibm-1125_P100-1997.cnv
ibm-1129_P100-1997.cnv
ibm-1130_P100-1997.cnv
ibm-1131_P100-1997.cnv
ibm-1132_P100-1998.cnv
ibm-1133_P100-1997.cnv
ibm-1137_P100-1999.cnv
ibm-1140_P100-1997.cnv
ibm-1141_P100-1997.cnv
ibm-1142_P100-1997.cnv
ibm-1143_P100-1997.cnv
ibm-1144_P100-1997.cnv
ibm-1145_P100-1997.cnv
ibm-1146_P100-1997.cnv
ibm-1147_P100-1997.cnv
ibm-1148_P100-1997.cnv
ibm-1149_P100-1997.cnv
ibm-1153_P100-1999.cnv
ibm-1154_P100-1999.cnv
ibm-1155_P100-1999.cnv
ibm-1156_P100-1999.cnv
ibm-1157_P100-1999.cnv
ibm-1158_P100-1999.cnv
ibm-1160_P100-1999.cnv
ibm-1162_P100-1999.cnv
ibm-1164_P100-1999.cnv
ibm-1168_P100-2002.cnv
ibm-1250_P100-1995.cnv
ibm-1251_P100-1995.cnv
ibm-1252_P100-2000.cnv
ibm-1253_P100-1995.cnv
ibm-1254_P100-1995.cnv
ibm-1255_P100-1995.cnv
ibm-1256_P110-1997.cnv
ibm-1257_P100-1995.cnv
ibm-1258_P100-1997.cnv
ibm-12712_P100-1998.cnv
ibm-1276_P100-1995.cnv
ibm-1363_P110-1997.cnv
ibm-1363_P11B-1998.cnv
ibm-1364_P110-2007.cnv
ibm-1371_P100-1999.cnv
ibm-1373_P100-2002.cnv
ibm-1375_P100-2008.cnv
ibm-1383_P110-1999.cnv
ibm-1386_P100-2001.cnv
ibm-1388_P103-2001.cnv
ibm-1390_P110-2003.cnv
ibm-1399_P110-2003.cnv
ibm-16684_P110-2003.cnv
ibm-16804_X110-1999.cnv
ibm-273_P100-1995.cnv
ibm-277_P100-1995.cnv
ibm-278_P100-1995.cnv
ibm-280_P100-1995.cnv
ibm-284_P100-1995.cnv
ibm-285_P100-1995.cnv
ibm-290_P100-1995.cnv
ibm-297_P100-1995.cnv
ibm-33722_P120-1999.cnv
ibm-33722_P12A_P12A-2004_U2.cnv
ibm-33722_P12A_P12A-2009_U2.cnv
ibm-37_P100-1995.cnv
ibm-420_X120-1999.cnv
ibm-424_P100-1995.cnv
ibm-437_P100-1995.cnv
ibm-4517_P100-2005.cnv
ibm-4899_P100-1998.cnv
ibm-4909_P100-1999.cnv
ibm-4971_P100-1999.cnv
ibm-500_P100-1995.cnv
ibm-5012_P100-1999.cnv
ibm-5123_P100-1999.cnv
ibm-5346_P100-1998.cnv
ibm-5347_P100-1998.cnv
ibm-5348_P100-1997.cnv
ibm-5349_P100-1998.cnv
ibm-5350_P100-1998.cnv
ibm-5351_P100-1998.cnv
ibm-5352_P100-1998.cnv
ibm-5353_P100-1998.cnv
ibm-5354_P100-1998.cnv
ibm-5471_P100-2006.cnv
ibm-5478_P100-1995.cnv
ibm-720_P100-1997.cnv
ibm-737_P100-1997.cnv
ibm-775_P100-1996.cnv
ibm-803_P100-1999.cnv
ibm-813_P100-1995.cnv
ibm-838_P100-1995.cnv
ibm-8482_P100-1999.cnv
ibm-850_P100-1995.cnv
ibm-851_P100-1995.cnv
ibm-852_P100-1995.cnv
ibm-855_P100-1995.cnv
ibm-856_P100-1995.cnv
ibm-857_P100-1995.cnv
ibm-858_P100-1997.cnv
ibm-860_P100-1995.cnv
ibm-861_P100-1995.cnv
ibm-862_P100-1995.cnv
ibm-863_P100-1995.cnv
ibm-864_X110-1999.cnv
ibm-865_P100-1995.cnv
ibm-866_P100-1995.cnv
ibm-867_P100-1998.cnv
ibm-868_P100-1995.cnv
ibm-869_P100-1995.cnv
ibm-870_P100-1995.cnv
ibm-871_P100-1995.cnv
ibm-874_P100-1995.cnv
ibm-875_P100-1995.cnv
ibm-878_P100-1996.cnv
ibm-9005_X110-2007.cnv
ibm-901_P100-1999.cnv
ibm-902_P100-1999.cnv
ibm-9067_X100-2005.cnv
ibm-912_P100-1995.cnv
ibm-913_P100-2000.cnv
ibm-914_P100-1995.cnv
ibm-915_P100-1995.cnv
ibm-916_P100-1995.cnv
ibm-918_P100-1995.cnv
ibm-920_P100-1995.cnv
ibm-921_P100-1995.cnv
ibm-922_P100-1999.cnv
ibm-923_P100-1998.cnv
ibm-930_P120-1999.cnv
ibm-933_P110-1995.cnv
ibm-935_P110-1999.cnv
ibm-937_P110-1999.cnv
ibm-939_P120-1999.cnv
ibm-942_P12A-1999.cnv
ibm-943_P130-1999.cnv
ibm-943_P15A-2003.cnv
ibm-9447_P100-2002.cnv
ibm-9448_X100-2005.cnv
ibm-9449_P100-2002.cnv
ibm-949_P110-1999.cnv
ibm-949_P11A-1999.cnv
ibm-950_P110-1999.cnv
ibm-954_P101-2007.cnv
ibm-964_P110-1999.cnv
ibm-970_P110_P110-2006_U2.cnv
ibm-971_P100-1995.cnv
icu-internal-25546.cnv
icu-internal-compound-d1.cnv
icu-internal-compound-d2.cnv
icu-internal-compound-d3.cnv
icu-internal-compound-d4.cnv
icu-internal-compound-d5.cnv
icu-internal-compound-d6.cnv
icu-internal-compound-d7.cnv
icu-internal-compound-s1.cnv
icu-internal-compound-s2.cnv
icu-internal-compound-s3.cnv
icu-internal-compound-t.cnv
icustd.res
icuver.res
id.res
id_ID.res
ig.res
ig_NG.res
ii.res
ii_CN.res
in.res
in_ID.res
is.res
is_IS.res
iso-8859_10-1998.cnv
iso-8859_11-2001.cnv
iso-8859_14-1998.cnv
iso-ir-165.cnv
it.res
it_CH.res
it_IT.res
it_SM.res
iw.res
iw_IL.res
ja.res
ja_JP.res
ja_JP_TRADITIONAL.res
jgo.res
jgo_CM.res
jisx-212.cnv
jmc.res
jmc_TZ.res
ka.res
ka_GE.res
kab.res
kab_DZ.res
kam.res
kam_KE.res
kde.res
kde_TZ.res
kea.res
kea_CV.res
keyTypeData.res
khq.res
khq_ML.res
ki.res
ki_KE.res
kk.res
kk_KZ.res
kkj.res
kkj_CM.res
kl.res
kl_GL.res
kln.res
kln_KE.res
km.res
km_KH.res
kn.res
kn_IN.res
ko.res
ko_KP.res
ko_KR.res
kok.res
kok_IN.res
ks.res
ks_IN.res
ksb.res
ksb_TZ.res
ksf.res
ksf_CM.res
ksh.res
ksh_DE.res
kw.res
kw_GB.res
ky.res
ky_KG.res
lag.res
lag_TZ.res
lb.res
lb_LU.res
lg.res
lg_UG.res
likelySubtags.res
lkt.res
lkt_US.res
lmb-excp.cnv
ln.res
ln_AO.res
ln_CD.res
ln_CF.res
ln_CG.res
lo.res
lo_LA.res
lrc.res
lrc_IQ.res
lrc_IR.res
lt.res
lt_LT.res
lu.res
lu_CD.res
luo.res
luo_KE.res
luy.res
luy_KE.res
lv.res
lv_LV.res
macos-0_2-10.2.cnv
macos-29-10.2.cnv
macos-35-10.2.cnv
macos-6_2-10.4.cnv
macos-7_3-10.2.cnv
mas.res
mas_KE.res
mas_TZ.res
mer.res
mer_KE.res
metaZones.res
metadata.res
mfe.res
mfe_MU.res
mg.res
mg_MG.res
mgh.res
mgh_MZ.res
mgo.res
mgo_CM.res
mk.res
mk_MK.res
ml.res
ml_IN.res
mn.res
mn_MN.res
mo.res
mr.res
mr_IN.res
ms.res
ms_BN.res
ms_MY.res
ms_SG.res
mt.res
mt_MT.res
mua.res
mua_CM.res
my.res
my_MM.res
mzn.res
mzn_IR.res
naq.res
naq_NA.res
nb.res
nb_NO.res
nb_SJ.res
nd.res
nd_ZW.res
ne.res
ne_IN.res
ne_NP.res
nfkc.nrm
nfkc_cf.nrm
nl.res
nl_AW.res
nl_BE.res
nl_BQ.res
nl_CW.res
nl_NL.res
nl_SR.res
nl_SX.res
nmg.res
nmg_CM.res
nn.res
nn_NO.res
nnh.res
nnh_CM.res
no.res
no_NO.res
no_NO_NY.res
numberingSystems.res
nus.res
nus_SS.res
nyn.res
nyn_UG.res
om.res
om_ET.res
om_KE.res
or.res
or_IN.res
os.res
os_GE.res
os_RU.res
pa.res
pa_Arab.res
pa_Arab_PK.res
pa_Guru.res
pa_Guru_IN.res
pa_IN.res
pa_PK.res
pl.res
pl_PL.res
plurals.res
pool.res
ps.res
ps_AF.res
pt.res
pt_AO.res
pt_BR.res
pt_CV.res
pt_GW.res
pt_MO.res
pt_MZ.res
pt_PT.res
pt_ST.res
pt_TL.res
qu.res
qu_BO.res
qu_EC.res
qu_PE.res
rbnf/af.res
rbnf/am.res
rbnf/ar.res
rbnf/az.res
rbnf/be.res
rbnf/bg.res
rbnf/bs.res
rbnf/ca.res
rbnf/cs.res
rbnf/cy.res
rbnf/da.res
rbnf/de.res
rbnf/de_CH.res
rbnf/ee.res
rbnf/el.res
rbnf/en.res
rbnf/eo.res
rbnf/es.res
rbnf/es_419.res
rbnf/es_DO.res
rbnf/es_GT.res
rbnf/es_HN.res
rbnf/es_MX.res
rbnf/es_NI.res
rbnf/es_PA.res
rbnf/es_PR.res
rbnf/es_SV.res
rbnf/es_US.res
rbnf/et.res
rbnf/fa.res
rbnf/fa_AF.res
rbnf/fi.res
rbnf/fil.res
rbnf/fo.res
rbnf/fr.res
rbnf/fr_BE.res
rbnf/fr_CH.res
rbnf/ga.res
rbnf/he.res
rbnf/hi.res
rbnf/hr.res
rbnf/hu.res
rbnf/hy.res
rbnf/id.res
rbnf/in.res
rbnf/is.res
rbnf/it.res
rbnf/iw.res
rbnf/ja.res
rbnf/ka.res
rbnf/kl.res
rbnf/km.res
rbnf/ko.res
rbnf/ky.res
rbnf/lo.res
rbnf/lt.res
rbnf/lv.res
rbnf/mk.res
rbnf/ms.res
rbnf/mt.res
rbnf/my.res
rbnf/nb.res
rbnf/nl.res
rbnf/nn.res
rbnf/no.res
rbnf/pl.res
rbnf/pt.res
rbnf/pt_PT.res
rbnf/res_index.res
rbnf/ro.res
rbnf/root.res
rbnf/ru.res
rbnf/se.res
rbnf/sh.res
rbnf/sk.res
rbnf/sl.res
rbnf/sq.res
rbnf/sr.res
rbnf/sr_Latn.res
rbnf/sv.res
rbnf/ta.res
rbnf/th.res
rbnf/tr.res
rbnf/uk.res
rbnf/vi.res
rbnf/yue.res
rbnf/zh.res
rbnf/zh_HK.res
rbnf/zh_Hant.res
rbnf/zh_Hant_HK.res
rbnf/zh_MO.res
rbnf/zh_TW.res
res_index.res
rm.res
rm_CH.res
rn.res
rn_BI.res
ro.res
ro_MD.res
ro_RO.res
rof.res
rof_TZ.res
root.res
ru.res
ru_BY.res
ru_KG.res
ru_KZ.res
ru_MD.res
ru_RU.res
ru_UA.res
rw.res
rw_RW.res
rwk.res
rwk_TZ.res
sah.res
sah_RU.res
saq.res
saq_KE.res
sbp.res
sbp_TZ.res
se.res
se_FI.res
se_NO.res
se_SE.res
seh.res
seh_MZ.res
ses.res
ses_ML.res
sg.res
sg_CF.res
sh.res
sh_BA.res
sh_CS.res
sh_YU.res
shi.res
shi_Latn.res
shi_Latn_MA.res
shi_MA.res
shi_Tfng.res
shi_Tfng_MA.res
si.res
si_LK.res
sk.res
sk_SK.res
sl.res
sl_SI.res
smn.res
smn_FI.res
sn.res
sn_ZW.res
so.res
so_DJ.res
so_ET.res
so_KE.res
so_SO.res
sq.res
sq_AL.res
sq_MK.res
sq_XK.res
sr.res
sr_BA.res
sr_CS.res
sr_Cyrl.res
sr_Cyrl_BA.res
sr_Cyrl_CS.res
sr_Cyrl_ME.res
sr_Cyrl_RS.res
sr_Cyrl_XK.res
sr_Cyrl_YU.res
sr_Latn.res
sr_Latn_BA.res
sr_Latn_CS.res
sr_Latn_ME.res
sr_Latn_RS.res
sr_Latn_XK.res
sr_Latn_YU.res
sr_ME.res
sr_RS.res
sr_XK.res
sr_YU.res
supplementalData.res
sv.res
sv_AX.res
sv_FI.res
sv_SE.res
sw.res
sw_CD.res
sw_KE.res
sw_TZ.res
sw_UG.res
ta.res
ta_IN.res
ta_LK.res
ta_MY.res
ta_SG.res
te.res
te_IN.res
teo.res
teo_KE.res
teo_UG.res
th.res
th_TH.res
th_TH_TRADITIONAL.res
ti.res
ti_ER.res
ti_ET.res
timezoneTypes.res
tl.res
tl_PH.res
to.res
to_TO.res
tr.res
tr_CY.res
tr_TR.res
translit/el.res
translit/en.res
translit/root.res
twq.res
twq_NE.res
tzm.res
tzm_MA.res
ug.res
ug_CN.res
uk.res
uk_UA.res
unames.icu
unit/af.res
unit/agq.res
unit/ak.res
unit/am.res
unit/ar.res
unit/as.res
unit/asa.res
unit/ast.res
unit/az.res
unit/az_AZ.res
unit/az_Cyrl.res
unit/az_Latn.res
unit/az_Latn_AZ.res
unit/bas.res
unit/be.res
unit/bem.res
unit/bez.res
unit/bg.res
unit/bm.res
unit/bn.res
unit/bo.res
unit/br.res
unit/brx.res
unit/bs.res
unit/bs_BA.res
unit/bs_Cyrl.res
unit/bs_Latn.res
unit/bs_Latn_BA.res
unit/ca.res
unit/ce.res
unit/cgg.res
unit/chr.res
unit/cs.res
unit/cy.res
unit/da.res
unit/dav.res
unit/de.res
unit/de_CH.res
unit/dje.res
unit/dsb.res
unit/dua.res
unit/dyo.res
unit/dz.res
unit/ebu.res
unit/ee.res
unit/el.res
unit/en.res
unit/en_001.res
unit/en_150.res
unit/en_AG.res
unit/en_AI.res
unit/en_AT.res
unit/en_AU.res
unit/en_BB.res
unit/en_BE.res
unit/en_BM.res
unit/en_BS.res
unit/en_BW.res
unit/en_BZ.res
unit/en_CA.res
unit/en_CC.res
unit/en_CH.res
unit/en_CK.res
unit/en_CM.res
unit/en_CX.res
unit/en_CY.res
unit/en_DE.res
unit/en_DG.res
unit/en_DK.res
unit/en_DM.res
unit/en_ER.res
unit/en_FI.res
unit/en_FJ.res
unit/en_FK.res
unit/en_FM.res
unit/en_GB.res
unit/en_GD.res
unit/en_GG.res
unit/en_GH.res
unit/en_GI.res
unit/en_GM.res
unit/en_GY.res
unit/en_HK.res
unit/en_IE.res
unit/en_IL.res
unit/en_IM.res
unit/en_IN.res
unit/en_IO.res
unit/en_JE.res
unit/en_JM.res
unit/en_KE.res
unit/en_KI.res
unit/en_KN.res
unit/en_KY.res
unit/en_LC.res
unit/en_LR.res
unit/en_LS.res
unit/en_MG.res
unit/en_MO.res
unit/en_MS.res
unit/en_MT.res
unit/en_MU.res
unit/en_MW.res
unit/en_MY.res
unit/en_NA.res
unit/en_NF.res
unit/en_NG.res
unit/en_NH.res
unit/en_NL.res
unit/en_NR.res
unit/en_NU.res
unit/en_NZ.res
unit/en_PG.res
unit/en_PH.res
unit/en_PK.res
unit/en_PN.res
unit/en_PW.res
unit/en_RH.res
unit/en_RW.res
unit/en_SB.res
unit/en_SC.res
unit/en_SD.res
unit/en_SE.res
unit/en_SG.res
unit/en_SH.res
unit/en_SI.res
unit/en_SL.res
unit/en_SS.res
unit/en_SX.res
unit/en_SZ.res
unit/en_TC.res
unit/en_TK.res
unit/en_TO.res
unit/en_TT.res
unit/en_TV.res
unit/en_TZ.res
unit/en_UG.res
unit/en_VC.res
unit/en_VG.res
unit/en_VU.res
unit/en_WS.res
unit/en_ZA.res
unit/en_ZM.res
unit/en_ZW.res
unit/eo.res
unit/es.res
unit/es_419.res
unit/es_AR.res
unit/es_BO.res
unit/es_CL.res
unit/es_CO.res
unit/es_CR.res
unit/es_CU.res
unit/es_DO.res
unit/es_EC.res
unit/es_GT.res
unit/es_HN.res
unit/es_MX.res
unit/es_NI.res
unit/es_PA.res
unit/es_PE.res
unit/es_PR.res
unit/es_PY.res
unit/es_SV.res
unit/es_US.res
unit/es_UY.res
unit/es_VE.res
unit/et.res
unit/eu.res
unit/ewo.res
unit/fa.res
unit/ff.res
unit/fi.res
unit/fil.res
unit/fil_PH.res
unit/fo.res
unit/fr.res
unit/fr_CA.res
unit/fr_HT.res
unit/fur.res
unit/fy.res
unit/ga.res
unit/gd.res
unit/gl.res
unit/gsw.res
unit/gu.res
unit/guz.res
unit/gv.res
unit/ha.res
unit/haw.res
unit/he.res
unit/he_IL.res
unit/hi.res
unit/hr.res
unit/hsb.res
unit/hu.res
unit/hy.res
unit/id.res
unit/id_ID.res
unit/ig.res
unit/ii.res
unit/in.res
unit/in_ID.res
unit/is.res
unit/it.res
unit/iw.res
unit/iw_IL.res
unit/ja.res
unit/ja_JP.res
unit/ja_JP_TRADITIONAL.res
unit/jgo.res
unit/jmc.res
unit/ka.res
unit/kab.res
unit/kam.res
unit/kde.res
unit/kea.res
unit/khq.res
unit/ki.res
unit/kk.res
unit/kkj.res
unit/kl.res
unit/kln.res
unit/km.res
unit/kn.res
unit/ko.res
unit/kok.res
unit/ks.res
unit/ksb.res
unit/ksf.res
unit/ksh.res
unit/kw.res
unit/ky.res
unit/lag.res
unit/lb.res
unit/lg.res
unit/lkt.res
unit/ln.res
unit/lo.res
unit/lrc.res
unit/lt.res
unit/lu.res
unit/luo.res
unit/luy.res
unit/lv.res
unit/mas.res
unit/mer.res
unit/mfe.res
unit/mg.res
unit/mgh.res
unit/mgo.res
unit/mk.res
unit/ml.res
unit/mn.res
unit/mo.res
unit/mr.res
unit/ms.res
unit/mt.res
unit/mua.res
unit/my.res
unit/mzn.res
unit/naq.res
unit/nb.res
unit/nb_NO.res
unit/nd.res
unit/ne.res
unit/nl.res
unit/nmg.res
unit/nn.res
unit/nn_NO.res
unit/nnh.res
unit/no.res
unit/no_NO.res
unit/no_NO_NY.res
unit/nus.res
unit/nyn.res
unit/om.res
unit/or.res
unit/os.res
unit/pa.res
unit/pa_Arab.res
unit/pa_Arab_PK.res
unit/pa_Guru.res
unit/pa_Guru_IN.res
unit/pa_IN.res
unit/pa_PK.res
unit/pl.res
unit/pool.res
unit/ps.res
unit/pt.res
unit/pt_AO.res
unit/pt_CV.res
unit/pt_GW.res
unit/pt_MO.res
unit/pt_MZ.res
unit/pt_PT.res
unit/pt_ST.res
unit/pt_TL.res
unit/qu.res
unit/res_index.res
unit/rm.res
unit/rn.res
unit/ro.res
unit/ro_MD.res
unit/rof.res
unit/root.res
unit/ru.res
unit/rw.res
unit/rwk.res
unit/sah.res
unit/saq.res
unit/sbp.res
unit/se.res
unit/seh.res
unit/ses.res
unit/sg.res
unit/sh.res
unit/sh_BA.res
unit/sh_CS.res
unit/sh_YU.res
unit/shi.res
unit/shi_Latn.res
unit/shi_MA.res
unit/shi_Tfng.res
unit/shi_Tfng_MA.res
unit/si.res
unit/sk.res
unit/sl.res
unit/smn.res
unit/sn.res
unit/so.res
unit/sq.res
unit/sr.res
unit/sr_BA.res
unit/sr_CS.res
unit/sr_Cyrl.res
unit/sr_Cyrl_BA.res
unit/sr_Cyrl_CS.res
unit/sr_Cyrl_RS.res
unit/sr_Cyrl_XK.res
unit/sr_Cyrl_YU.res
unit/sr_Latn.res
unit/sr_Latn_BA.res
unit/sr_Latn_CS.res
unit/sr_Latn_ME.res
unit/sr_Latn_RS.res
unit/sr_Latn_YU.res
unit/sr_ME.res
unit/sr_RS.res
unit/sr_XK.res
unit/sr_YU.res
unit/sv.res
unit/sv_FI.res
unit/sw.res
unit/ta.res
unit/te.res
unit/teo.res
unit/th.res
unit/th_TH.res
unit/th_TH_TRADITIONAL.res
unit/ti.res
unit/tl.res
unit/tl_PH.res
unit/to.res
unit/tr.res
unit/twq.res
unit/tzm.res
unit/ug.res
unit/uk.res
unit/ur.res
unit/ur_IN.res
unit/uz.res
unit/uz_AF.res
unit/uz_Arab.res
unit/uz_Arab_AF.res
unit/uz_Cyrl.res
unit/uz_Latn.res
unit/uz_Latn_UZ.res
unit/uz_UZ.res
unit/vai.res
unit/vai_LR.res
unit/vai_Latn.res
unit/vai_Vaii.res
unit/vai_Vaii_LR.res
unit/vi.res
unit/vun.res
unit/wae.res
unit/xog.res
unit/yav.res
unit/yi.res
unit/yo.res
unit/yue.res
unit/zgh.res
unit/zh.res
unit/zh_CN.res
unit/zh_HK.res
unit/zh_Hans.res
unit/zh_Hans_CN.res
unit/zh_Hans_HK.res
unit/zh_Hans_MO.res
unit/zh_Hans_SG.res
unit/zh_Hant.res
unit/zh_Hant_HK.res
unit/zh_Hant_MO.res
unit/zh_Hant_TW.res
unit/zh_MO.res
unit/zh_SG.res
unit/zh_TW.res
unit/zu.res
ur.res
ur_IN.res
ur_PK.res
uts46.nrm
uz.res
uz_AF.res
uz_Arab.res
uz_Arab_AF.res
uz_Cyrl.res
uz_Cyrl_UZ.res
uz_Latn.res
uz_Latn_UZ.res
uz_UZ.res
vai.res
vai_LR.res
vai_Latn.res
vai_Latn_LR.res
vai_Vaii.res
vai_Vaii_LR.res
vi.res
vi_VN.res
vun.res
vun_TZ.res
wae.res
wae_CH.res
windows-874-2000.cnv
windows-936-2000.cnv
windows-949-2000.cnv
windows-950-2000.cnv
windowsZones.res
xog.res
xog_UG.res
yav.res
yav_CM.res
yi.res
yi_001.res
yo.res
yo_BJ.res
yo_NG.res
yue.res
yue_HK.res
zgh.res
zgh_MA.res
zh.res
zh_CN.res
zh_HK.res
zh_Hans.res
zh_Hans_CN.res
zh_Hans_HK.res
zh_Hans_MO.res
zh_Hans_SG.res
zh_Hant.res
zh_Hant_HK.res
zh_Hant_MO.res
zh_Hant_TW.res
zh_MO.res
zh_SG.res
zh_TW.res
zoneinfo64.res
zu.res
zu_ZA.res
